[2024-06-24T03:52:27.654+0000] {processor.py:161} INFO - Started process (PID=45) to work on /opt/airflow/dags/AirflowCSV.py
[2024-06-24T03:52:27.660+0000] {processor.py:830} INFO - Processing file /opt/airflow/dags/AirflowCSV.py for tasks to queue
[2024-06-24T03:52:27.666+0000] {logging_mixin.py:188} INFO - [2024-06-24T03:52:27.665+0000] {dagbag.py:545} INFO - Filling up the DagBag from /opt/airflow/dags/AirflowCSV.py
[2024-06-24T03:52:31.759+0000] {processor.py:840} INFO - DAG(s) 'MyCSVDAG' retrieved from /opt/airflow/dags/AirflowCSV.py
[2024-06-24T03:52:32.792+0000] {logging_mixin.py:188} INFO - [2024-06-24T03:52:32.790+0000] {override.py:1829} INFO - Created Permission View: can delete on DAG:MyCSVDAG
[2024-06-24T03:52:32.847+0000] {logging_mixin.py:188} INFO - [2024-06-24T03:52:32.846+0000] {override.py:1829} INFO - Created Permission View: can edit on DAG:MyCSVDAG
[2024-06-24T03:52:32.883+0000] {logging_mixin.py:188} INFO - [2024-06-24T03:52:32.881+0000] {override.py:1829} INFO - Created Permission View: can read on DAG:MyCSVDAG
[2024-06-24T03:52:32.887+0000] {logging_mixin.py:188} INFO - [2024-06-24T03:52:32.886+0000] {dag.py:3096} INFO - Sync 1 DAGs
[2024-06-24T03:52:32.934+0000] {logging_mixin.py:188} INFO - [2024-06-24T03:52:32.933+0000] {dag.py:3118} INFO - Creating ORM DAG for MyCSVDAG
[2024-06-24T03:52:32.991+0000] {logging_mixin.py:188} INFO - [2024-06-24T03:52:32.990+0000] {dag.py:3954} INFO - Setting next_dagrun for MyCSVDAG to 2020-03-18 00:00:00+00:00, run_after=2020-03-18 00:05:00+00:00
[2024-06-24T03:52:33.080+0000] {processor.py:183} INFO - Processing /opt/airflow/dags/AirflowCSV.py took 5.449 seconds
[2024-06-24T03:53:03.270+0000] {processor.py:161} INFO - Started process (PID=112) to work on /opt/airflow/dags/AirflowCSV.py
[2024-06-24T03:53:03.273+0000] {processor.py:830} INFO - Processing file /opt/airflow/dags/AirflowCSV.py for tasks to queue
[2024-06-24T03:53:03.279+0000] {logging_mixin.py:188} INFO - [2024-06-24T03:53:03.278+0000] {dagbag.py:545} INFO - Filling up the DagBag from /opt/airflow/dags/AirflowCSV.py
[2024-06-24T03:53:04.660+0000] {processor.py:840} INFO - DAG(s) 'MyCSVDAG' retrieved from /opt/airflow/dags/AirflowCSV.py
[2024-06-24T03:53:04.758+0000] {logging_mixin.py:188} INFO - [2024-06-24T03:53:04.757+0000] {dag.py:3096} INFO - Sync 1 DAGs
[2024-06-24T03:53:04.838+0000] {logging_mixin.py:188} INFO - [2024-06-24T03:53:04.837+0000] {dag.py:3954} INFO - Setting next_dagrun for MyCSVDAG to 2020-03-18 00:00:00+00:00, run_after=2020-03-18 00:05:00+00:00
[2024-06-24T03:53:04.931+0000] {processor.py:183} INFO - Processing /opt/airflow/dags/AirflowCSV.py took 1.676 seconds
[2024-06-24T03:53:38.433+0000] {processor.py:161} INFO - Started process (PID=180) to work on /opt/airflow/dags/AirflowCSV.py
[2024-06-24T03:53:38.440+0000] {processor.py:830} INFO - Processing file /opt/airflow/dags/AirflowCSV.py for tasks to queue
[2024-06-24T03:53:38.464+0000] {logging_mixin.py:188} INFO - [2024-06-24T03:53:38.462+0000] {dagbag.py:545} INFO - Filling up the DagBag from /opt/airflow/dags/AirflowCSV.py
[2024-06-24T03:53:57.009+0000] {processor.py:840} INFO - DAG(s) 'MyCSVDAG' retrieved from /opt/airflow/dags/AirflowCSV.py
[2024-06-24T03:53:57.253+0000] {logging_mixin.py:188} INFO - [2024-06-24T03:53:57.252+0000] {dag.py:3096} INFO - Sync 1 DAGs
[2024-06-24T03:53:57.563+0000] {logging_mixin.py:188} INFO - [2024-06-24T03:53:57.562+0000] {dag.py:3954} INFO - Setting next_dagrun for MyCSVDAG to 2020-03-18 00:00:00+00:00, run_after=2020-03-18 00:05:00+00:00
[2024-06-24T03:53:57.780+0000] {processor.py:183} INFO - Processing /opt/airflow/dags/AirflowCSV.py took 19.449 seconds
[2024-06-24T03:54:34.605+0000] {processor.py:161} INFO - Started process (PID=242) to work on /opt/airflow/dags/AirflowCSV.py
[2024-06-24T03:54:34.626+0000] {processor.py:830} INFO - Processing file /opt/airflow/dags/AirflowCSV.py for tasks to queue
[2024-06-24T03:54:34.655+0000] {logging_mixin.py:188} INFO - [2024-06-24T03:54:34.653+0000] {dagbag.py:545} INFO - Filling up the DagBag from /opt/airflow/dags/AirflowCSV.py
[2024-06-24T03:54:38.739+0000] {processor.py:840} INFO - DAG(s) 'MyCSVDAG' retrieved from /opt/airflow/dags/AirflowCSV.py
[2024-06-24T03:54:39.002+0000] {logging_mixin.py:188} INFO - [2024-06-24T03:54:39.000+0000] {dag.py:3096} INFO - Sync 1 DAGs
[2024-06-24T03:54:39.274+0000] {logging_mixin.py:188} INFO - [2024-06-24T03:54:39.269+0000] {dag.py:3954} INFO - Setting next_dagrun for MyCSVDAG to 2020-03-18 00:00:00+00:00, run_after=2020-03-18 00:05:00+00:00
[2024-06-24T03:54:39.407+0000] {processor.py:183} INFO - Processing /opt/airflow/dags/AirflowCSV.py took 4.900 seconds
[2024-06-24T03:55:15.197+0000] {processor.py:161} INFO - Started process (PID=311) to work on /opt/airflow/dags/AirflowCSV.py
[2024-06-24T03:55:15.201+0000] {processor.py:830} INFO - Processing file /opt/airflow/dags/AirflowCSV.py for tasks to queue
[2024-06-24T03:55:15.207+0000] {logging_mixin.py:188} INFO - [2024-06-24T03:55:15.206+0000] {dagbag.py:545} INFO - Filling up the DagBag from /opt/airflow/dags/AirflowCSV.py
[2024-06-24T03:55:16.711+0000] {processor.py:840} INFO - DAG(s) 'MyCSVDAG' retrieved from /opt/airflow/dags/AirflowCSV.py
[2024-06-24T03:55:16.775+0000] {logging_mixin.py:188} INFO - [2024-06-24T03:55:16.774+0000] {dag.py:3096} INFO - Sync 1 DAGs
[2024-06-24T03:55:16.847+0000] {logging_mixin.py:188} INFO - [2024-06-24T03:55:16.846+0000] {dag.py:3954} INFO - Setting next_dagrun for MyCSVDAG to 2020-03-18 00:00:00+00:00, run_after=2020-03-18 00:05:00+00:00
[2024-06-24T03:55:16.921+0000] {processor.py:183} INFO - Processing /opt/airflow/dags/AirflowCSV.py took 1.753 seconds
[2024-06-24T03:55:49.172+0000] {processor.py:161} INFO - Started process (PID=364) to work on /opt/airflow/dags/AirflowCSV.py
[2024-06-24T03:55:49.190+0000] {processor.py:830} INFO - Processing file /opt/airflow/dags/AirflowCSV.py for tasks to queue
[2024-06-24T03:55:49.215+0000] {logging_mixin.py:188} INFO - [2024-06-24T03:55:49.208+0000] {dagbag.py:545} INFO - Filling up the DagBag from /opt/airflow/dags/AirflowCSV.py
[2024-06-24T03:56:01.073+0000] {processor.py:840} INFO - DAG(s) 'MyCSVDAG' retrieved from /opt/airflow/dags/AirflowCSV.py
[2024-06-24T03:56:01.621+0000] {logging_mixin.py:188} INFO - [2024-06-24T03:56:01.619+0000] {dag.py:3096} INFO - Sync 1 DAGs
[2024-06-24T03:56:02.188+0000] {logging_mixin.py:188} INFO - [2024-06-24T03:56:02.187+0000] {dag.py:3954} INFO - Setting next_dagrun for MyCSVDAG to 2020-03-18 00:00:00+00:00, run_after=2020-03-18 00:05:00+00:00
[2024-06-24T03:56:02.397+0000] {processor.py:183} INFO - Processing /opt/airflow/dags/AirflowCSV.py took 13.312 seconds
[2024-06-24T03:56:47.560+0000] {processor.py:161} INFO - Started process (PID=427) to work on /opt/airflow/dags/AirflowCSV.py
[2024-06-24T03:56:47.566+0000] {processor.py:830} INFO - Processing file /opt/airflow/dags/AirflowCSV.py for tasks to queue
[2024-06-24T03:56:47.589+0000] {logging_mixin.py:188} INFO - [2024-06-24T03:56:47.585+0000] {dagbag.py:545} INFO - Filling up the DagBag from /opt/airflow/dags/AirflowCSV.py
[2024-06-24T03:56:56.251+0000] {processor.py:840} INFO - DAG(s) 'MyCSVDAG' retrieved from /opt/airflow/dags/AirflowCSV.py
[2024-06-24T03:56:56.496+0000] {logging_mixin.py:188} INFO - [2024-06-24T03:56:56.495+0000] {dag.py:3096} INFO - Sync 1 DAGs
[2024-06-24T03:56:56.824+0000] {logging_mixin.py:188} INFO - [2024-06-24T03:56:56.823+0000] {dag.py:3954} INFO - Setting next_dagrun for MyCSVDAG to 2020-03-18 00:00:00+00:00, run_after=2020-03-18 00:05:00+00:00
[2024-06-24T03:56:56.988+0000] {processor.py:183} INFO - Processing /opt/airflow/dags/AirflowCSV.py took 9.487 seconds
[2024-06-24T03:57:52.348+0000] {processor.py:161} INFO - Started process (PID=490) to work on /opt/airflow/dags/AirflowCSV.py
[2024-06-24T03:57:52.394+0000] {processor.py:830} INFO - Processing file /opt/airflow/dags/AirflowCSV.py for tasks to queue
[2024-06-24T03:57:52.429+0000] {logging_mixin.py:188} INFO - [2024-06-24T03:57:52.427+0000] {dagbag.py:545} INFO - Filling up the DagBag from /opt/airflow/dags/AirflowCSV.py
[2024-06-24T03:58:02.569+0000] {processor.py:840} INFO - DAG(s) 'MyCSVDAG' retrieved from /opt/airflow/dags/AirflowCSV.py
[2024-06-24T03:58:02.774+0000] {logging_mixin.py:188} INFO - [2024-06-24T03:58:02.773+0000] {dag.py:3096} INFO - Sync 1 DAGs
[2024-06-24T03:58:03.086+0000] {logging_mixin.py:188} INFO - [2024-06-24T03:58:03.085+0000] {dag.py:3954} INFO - Setting next_dagrun for MyCSVDAG to 2020-03-18 00:00:00+00:00, run_after=2020-03-18 00:05:00+00:00
[2024-06-24T03:58:03.348+0000] {processor.py:183} INFO - Processing /opt/airflow/dags/AirflowCSV.py took 11.003 seconds
