[2024-06-24T03:52:37.093+0000] {processor.py:161} INFO - Started process (PID=66) to work on /home/airflow/.local/lib/python3.12/site-packages/airflow/example_dags/example_dag_decorator.py
[2024-06-24T03:52:37.096+0000] {processor.py:830} INFO - Processing file /home/airflow/.local/lib/python3.12/site-packages/airflow/example_dags/example_dag_decorator.py for tasks to queue
[2024-06-24T03:52:37.102+0000] {logging_mixin.py:188} INFO - [2024-06-24T03:52:37.101+0000] {dagbag.py:545} INFO - Filling up the DagBag from /home/airflow/.local/lib/python3.12/site-packages/airflow/example_dags/example_dag_decorator.py
[2024-06-24T03:52:37.978+0000] {processor.py:840} INFO - DAG(s) 'example_dag_decorator' retrieved from /home/airflow/.local/lib/python3.12/site-packages/airflow/example_dags/example_dag_decorator.py
[2024-06-24T03:52:38.334+0000] {logging_mixin.py:188} INFO - [2024-06-24T03:52:38.332+0000] {override.py:1829} INFO - Created Permission View: can delete on DAG:example_dag_decorator
[2024-06-24T03:52:38.375+0000] {logging_mixin.py:188} INFO - [2024-06-24T03:52:38.373+0000] {override.py:1829} INFO - Created Permission View: can edit on DAG:example_dag_decorator
[2024-06-24T03:52:38.405+0000] {logging_mixin.py:188} INFO - [2024-06-24T03:52:38.404+0000] {override.py:1829} INFO - Created Permission View: can read on DAG:example_dag_decorator
[2024-06-24T03:52:38.408+0000] {logging_mixin.py:188} INFO - [2024-06-24T03:52:38.407+0000] {dag.py:3096} INFO - Sync 1 DAGs
[2024-06-24T03:52:38.451+0000] {logging_mixin.py:188} INFO - [2024-06-24T03:52:38.451+0000] {dag.py:3118} INFO - Creating ORM DAG for example_dag_decorator
[2024-06-24T03:52:38.454+0000] {logging_mixin.py:188} INFO - [2024-06-24T03:52:38.454+0000] {dag.py:3954} INFO - Setting next_dagrun for example_dag_decorator to None, run_after=None
[2024-06-24T03:52:38.522+0000] {processor.py:183} INFO - Processing /home/airflow/.local/lib/python3.12/site-packages/airflow/example_dags/example_dag_decorator.py took 1.449 seconds
[2024-06-24T03:53:09.029+0000] {processor.py:161} INFO - Started process (PID=129) to work on /home/airflow/.local/lib/python3.12/site-packages/airflow/example_dags/example_dag_decorator.py
[2024-06-24T03:53:09.032+0000] {processor.py:830} INFO - Processing file /home/airflow/.local/lib/python3.12/site-packages/airflow/example_dags/example_dag_decorator.py for tasks to queue
[2024-06-24T03:53:09.037+0000] {logging_mixin.py:188} INFO - [2024-06-24T03:53:09.036+0000] {dagbag.py:545} INFO - Filling up the DagBag from /home/airflow/.local/lib/python3.12/site-packages/airflow/example_dags/example_dag_decorator.py
[2024-06-24T03:53:09.373+0000] {processor.py:840} INFO - DAG(s) 'example_dag_decorator' retrieved from /home/airflow/.local/lib/python3.12/site-packages/airflow/example_dags/example_dag_decorator.py
[2024-06-24T03:53:09.753+0000] {logging_mixin.py:188} INFO - [2024-06-24T03:53:09.752+0000] {dag.py:3096} INFO - Sync 1 DAGs
[2024-06-24T03:53:09.785+0000] {logging_mixin.py:188} INFO - [2024-06-24T03:53:09.785+0000] {dag.py:3954} INFO - Setting next_dagrun for example_dag_decorator to None, run_after=None
[2024-06-24T03:53:09.869+0000] {processor.py:183} INFO - Processing /home/airflow/.local/lib/python3.12/site-packages/airflow/example_dags/example_dag_decorator.py took 0.853 seconds
[2024-06-24T03:54:03.023+0000] {processor.py:161} INFO - Started process (PID=190) to work on /home/airflow/.local/lib/python3.12/site-packages/airflow/example_dags/example_dag_decorator.py
[2024-06-24T03:54:03.064+0000] {processor.py:830} INFO - Processing file /home/airflow/.local/lib/python3.12/site-packages/airflow/example_dags/example_dag_decorator.py for tasks to queue
[2024-06-24T03:54:03.110+0000] {logging_mixin.py:188} INFO - [2024-06-24T03:54:03.108+0000] {dagbag.py:545} INFO - Filling up the DagBag from /home/airflow/.local/lib/python3.12/site-packages/airflow/example_dags/example_dag_decorator.py
[2024-06-24T03:54:04.200+0000] {processor.py:840} INFO - DAG(s) 'example_dag_decorator' retrieved from /home/airflow/.local/lib/python3.12/site-packages/airflow/example_dags/example_dag_decorator.py
[2024-06-24T03:54:04.843+0000] {logging_mixin.py:188} INFO - [2024-06-24T03:54:04.841+0000] {dag.py:3096} INFO - Sync 1 DAGs
[2024-06-24T03:54:04.958+0000] {logging_mixin.py:188} INFO - [2024-06-24T03:54:04.957+0000] {dag.py:3954} INFO - Setting next_dagrun for example_dag_decorator to None, run_after=None
[2024-06-24T03:54:05.205+0000] {processor.py:183} INFO - Processing /home/airflow/.local/lib/python3.12/site-packages/airflow/example_dags/example_dag_decorator.py took 2.275 seconds
[2024-06-24T03:54:43.060+0000] {processor.py:161} INFO - Started process (PID=258) to work on /home/airflow/.local/lib/python3.12/site-packages/airflow/example_dags/example_dag_decorator.py
[2024-06-24T03:54:43.085+0000] {processor.py:830} INFO - Processing file /home/airflow/.local/lib/python3.12/site-packages/airflow/example_dags/example_dag_decorator.py for tasks to queue
[2024-06-24T03:54:43.108+0000] {logging_mixin.py:188} INFO - [2024-06-24T03:54:43.106+0000] {dagbag.py:545} INFO - Filling up the DagBag from /home/airflow/.local/lib/python3.12/site-packages/airflow/example_dags/example_dag_decorator.py
[2024-06-24T03:54:45.165+0000] {processor.py:840} INFO - DAG(s) 'example_dag_decorator' retrieved from /home/airflow/.local/lib/python3.12/site-packages/airflow/example_dags/example_dag_decorator.py
[2024-06-24T03:54:46.032+0000] {logging_mixin.py:188} INFO - [2024-06-24T03:54:46.031+0000] {dag.py:3096} INFO - Sync 1 DAGs
[2024-06-24T03:54:46.092+0000] {logging_mixin.py:188} INFO - [2024-06-24T03:54:46.091+0000] {dag.py:3954} INFO - Setting next_dagrun for example_dag_decorator to None, run_after=None
[2024-06-24T03:54:46.214+0000] {processor.py:183} INFO - Processing /home/airflow/.local/lib/python3.12/site-packages/airflow/example_dags/example_dag_decorator.py took 3.236 seconds
[2024-06-24T03:55:18.344+0000] {processor.py:161} INFO - Started process (PID=321) to work on /home/airflow/.local/lib/python3.12/site-packages/airflow/example_dags/example_dag_decorator.py
[2024-06-24T03:55:18.348+0000] {processor.py:830} INFO - Processing file /home/airflow/.local/lib/python3.12/site-packages/airflow/example_dags/example_dag_decorator.py for tasks to queue
[2024-06-24T03:55:18.356+0000] {logging_mixin.py:188} INFO - [2024-06-24T03:55:18.355+0000] {dagbag.py:545} INFO - Filling up the DagBag from /home/airflow/.local/lib/python3.12/site-packages/airflow/example_dags/example_dag_decorator.py
[2024-06-24T03:55:18.781+0000] {processor.py:840} INFO - DAG(s) 'example_dag_decorator' retrieved from /home/airflow/.local/lib/python3.12/site-packages/airflow/example_dags/example_dag_decorator.py
[2024-06-24T03:55:19.296+0000] {logging_mixin.py:188} INFO - [2024-06-24T03:55:19.295+0000] {dag.py:3096} INFO - Sync 1 DAGs
[2024-06-24T03:55:19.348+0000] {logging_mixin.py:188} INFO - [2024-06-24T03:55:19.347+0000] {dag.py:3954} INFO - Setting next_dagrun for example_dag_decorator to None, run_after=None
[2024-06-24T03:55:19.435+0000] {processor.py:183} INFO - Processing /home/airflow/.local/lib/python3.12/site-packages/airflow/example_dags/example_dag_decorator.py took 1.110 seconds
[2024-06-24T03:56:13.494+0000] {processor.py:161} INFO - Started process (PID=389) to work on /home/airflow/.local/lib/python3.12/site-packages/airflow/example_dags/example_dag_decorator.py
[2024-06-24T03:56:13.530+0000] {processor.py:830} INFO - Processing file /home/airflow/.local/lib/python3.12/site-packages/airflow/example_dags/example_dag_decorator.py for tasks to queue
[2024-06-24T03:56:13.563+0000] {logging_mixin.py:188} INFO - [2024-06-24T03:56:13.560+0000] {dagbag.py:545} INFO - Filling up the DagBag from /home/airflow/.local/lib/python3.12/site-packages/airflow/example_dags/example_dag_decorator.py
[2024-06-24T03:56:15.968+0000] {processor.py:840} INFO - DAG(s) 'example_dag_decorator' retrieved from /home/airflow/.local/lib/python3.12/site-packages/airflow/example_dags/example_dag_decorator.py
[2024-06-24T03:56:18.020+0000] {logging_mixin.py:188} INFO - [2024-06-24T03:56:18.019+0000] {dag.py:3096} INFO - Sync 1 DAGs
[2024-06-24T03:56:18.240+0000] {logging_mixin.py:188} INFO - [2024-06-24T03:56:18.239+0000] {dag.py:3954} INFO - Setting next_dagrun for example_dag_decorator to None, run_after=None
[2024-06-24T03:56:18.495+0000] {processor.py:183} INFO - Processing /home/airflow/.local/lib/python3.12/site-packages/airflow/example_dags/example_dag_decorator.py took 5.108 seconds
[2024-06-24T03:57:12.745+0000] {processor.py:161} INFO - Started process (PID=455) to work on /home/airflow/.local/lib/python3.12/site-packages/airflow/example_dags/example_dag_decorator.py
[2024-06-24T03:57:12.762+0000] {processor.py:830} INFO - Processing file /home/airflow/.local/lib/python3.12/site-packages/airflow/example_dags/example_dag_decorator.py for tasks to queue
[2024-06-24T03:57:12.818+0000] {logging_mixin.py:188} INFO - [2024-06-24T03:57:12.816+0000] {dagbag.py:545} INFO - Filling up the DagBag from /home/airflow/.local/lib/python3.12/site-packages/airflow/example_dags/example_dag_decorator.py
[2024-06-24T03:57:14.620+0000] {processor.py:840} INFO - DAG(s) 'example_dag_decorator' retrieved from /home/airflow/.local/lib/python3.12/site-packages/airflow/example_dags/example_dag_decorator.py
[2024-06-24T03:57:16.384+0000] {logging_mixin.py:188} INFO - [2024-06-24T03:57:16.373+0000] {dag.py:3096} INFO - Sync 1 DAGs
[2024-06-24T03:57:16.647+0000] {logging_mixin.py:188} INFO - [2024-06-24T03:57:16.646+0000] {dag.py:3954} INFO - Setting next_dagrun for example_dag_decorator to None, run_after=None
[2024-06-24T03:57:16.933+0000] {processor.py:183} INFO - Processing /home/airflow/.local/lib/python3.12/site-packages/airflow/example_dags/example_dag_decorator.py took 4.272 seconds
[2024-06-24T03:58:19.298+0000] {processor.py:161} INFO - Started process (PID=505) to work on /home/airflow/.local/lib/python3.12/site-packages/airflow/example_dags/example_dag_decorator.py
[2024-06-24T03:58:20.225+0000] {processor.py:830} INFO - Processing file /home/airflow/.local/lib/python3.12/site-packages/airflow/example_dags/example_dag_decorator.py for tasks to queue
[2024-06-24T03:58:20.250+0000] {logging_mixin.py:188} INFO - [2024-06-24T03:58:20.239+0000] {dagbag.py:545} INFO - Filling up the DagBag from /home/airflow/.local/lib/python3.12/site-packages/airflow/example_dags/example_dag_decorator.py
[2024-06-24T03:58:22.244+0000] {processor.py:840} INFO - DAG(s) 'example_dag_decorator' retrieved from /home/airflow/.local/lib/python3.12/site-packages/airflow/example_dags/example_dag_decorator.py
[2024-06-24T03:58:24.844+0000] {logging_mixin.py:188} INFO - [2024-06-24T03:58:24.844+0000] {dag.py:3096} INFO - Sync 1 DAGs
[2024-06-24T03:58:25.020+0000] {logging_mixin.py:188} INFO - [2024-06-24T03:58:25.007+0000] {dag.py:3954} INFO - Setting next_dagrun for example_dag_decorator to None, run_after=None
[2024-06-24T03:58:25.498+0000] {processor.py:183} INFO - Processing /home/airflow/.local/lib/python3.12/site-packages/airflow/example_dags/example_dag_decorator.py took 6.274 seconds
