[2024-06-24T03:52:43.559+0000] {processor.py:161} INFO - Started process (PID=82) to work on /home/airflow/.local/lib/python3.12/site-packages/airflow/example_dags/example_local_kubernetes_executor.py
[2024-06-24T03:52:43.568+0000] {processor.py:830} INFO - Processing file /home/airflow/.local/lib/python3.12/site-packages/airflow/example_dags/example_local_kubernetes_executor.py for tasks to queue
[2024-06-24T03:52:43.582+0000] {logging_mixin.py:188} INFO - [2024-06-24T03:52:43.574+0000] {dagbag.py:545} INFO - Filling up the DagBag from /home/airflow/.local/lib/python3.12/site-packages/airflow/example_dags/example_local_kubernetes_executor.py
[2024-06-24T03:52:43.634+0000] {processor.py:840} INFO - DAG(s) 'example_local_kubernetes_executor' retrieved from /home/airflow/.local/lib/python3.12/site-packages/airflow/example_dags/example_local_kubernetes_executor.py
[2024-06-24T03:52:44.240+0000] {logging_mixin.py:188} INFO - [2024-06-24T03:52:44.238+0000] {override.py:1829} INFO - Created Permission View: can delete on DAG:example_local_kubernetes_executor
[2024-06-24T03:52:44.336+0000] {logging_mixin.py:188} INFO - [2024-06-24T03:52:44.334+0000] {override.py:1829} INFO - Created Permission View: can edit on DAG:example_local_kubernetes_executor
[2024-06-24T03:52:44.398+0000] {logging_mixin.py:188} INFO - [2024-06-24T03:52:44.397+0000] {override.py:1829} INFO - Created Permission View: can read on DAG:example_local_kubernetes_executor
[2024-06-24T03:52:44.401+0000] {logging_mixin.py:188} INFO - [2024-06-24T03:52:44.400+0000] {dag.py:3096} INFO - Sync 1 DAGs
[2024-06-24T03:52:44.449+0000] {logging_mixin.py:188} INFO - [2024-06-24T03:52:44.448+0000] {dag.py:3118} INFO - Creating ORM DAG for example_local_kubernetes_executor
[2024-06-24T03:52:44.453+0000] {logging_mixin.py:188} INFO - [2024-06-24T03:52:44.452+0000] {dag.py:3954} INFO - Setting next_dagrun for example_local_kubernetes_executor to None, run_after=None
[2024-06-24T03:52:44.520+0000] {processor.py:183} INFO - Processing /home/airflow/.local/lib/python3.12/site-packages/airflow/example_dags/example_local_kubernetes_executor.py took 0.996 seconds
[2024-06-24T03:53:14.805+0000] {processor.py:161} INFO - Started process (PID=144) to work on /home/airflow/.local/lib/python3.12/site-packages/airflow/example_dags/example_local_kubernetes_executor.py
[2024-06-24T03:53:14.808+0000] {processor.py:830} INFO - Processing file /home/airflow/.local/lib/python3.12/site-packages/airflow/example_dags/example_local_kubernetes_executor.py for tasks to queue
[2024-06-24T03:53:14.813+0000] {logging_mixin.py:188} INFO - [2024-06-24T03:53:14.812+0000] {dagbag.py:545} INFO - Filling up the DagBag from /home/airflow/.local/lib/python3.12/site-packages/airflow/example_dags/example_local_kubernetes_executor.py
[2024-06-24T03:53:14.827+0000] {processor.py:840} INFO - DAG(s) 'example_local_kubernetes_executor' retrieved from /home/airflow/.local/lib/python3.12/site-packages/airflow/example_dags/example_local_kubernetes_executor.py
[2024-06-24T03:53:14.904+0000] {logging_mixin.py:188} INFO - [2024-06-24T03:53:14.903+0000] {dag.py:3096} INFO - Sync 1 DAGs
[2024-06-24T03:53:14.931+0000] {logging_mixin.py:188} INFO - [2024-06-24T03:53:14.930+0000] {dag.py:3954} INFO - Setting next_dagrun for example_local_kubernetes_executor to None, run_after=None
[2024-06-24T03:53:14.972+0000] {processor.py:183} INFO - Processing /home/airflow/.local/lib/python3.12/site-packages/airflow/example_dags/example_local_kubernetes_executor.py took 0.177 seconds
[2024-06-24T03:54:18.626+0000] {processor.py:161} INFO - Started process (PID=212) to work on /home/airflow/.local/lib/python3.12/site-packages/airflow/example_dags/example_local_kubernetes_executor.py
[2024-06-24T03:54:18.640+0000] {processor.py:830} INFO - Processing file /home/airflow/.local/lib/python3.12/site-packages/airflow/example_dags/example_local_kubernetes_executor.py for tasks to queue
[2024-06-24T03:54:18.686+0000] {logging_mixin.py:188} INFO - [2024-06-24T03:54:18.675+0000] {dagbag.py:545} INFO - Filling up the DagBag from /home/airflow/.local/lib/python3.12/site-packages/airflow/example_dags/example_local_kubernetes_executor.py
[2024-06-24T03:54:18.821+0000] {processor.py:840} INFO - DAG(s) 'example_local_kubernetes_executor' retrieved from /home/airflow/.local/lib/python3.12/site-packages/airflow/example_dags/example_local_kubernetes_executor.py
[2024-06-24T03:54:19.403+0000] {logging_mixin.py:188} INFO - [2024-06-24T03:54:19.402+0000] {dag.py:3096} INFO - Sync 1 DAGs
[2024-06-24T03:54:19.660+0000] {logging_mixin.py:188} INFO - [2024-06-24T03:54:19.646+0000] {dag.py:3954} INFO - Setting next_dagrun for example_local_kubernetes_executor to None, run_after=None
[2024-06-24T03:54:19.997+0000] {processor.py:183} INFO - Processing /home/airflow/.local/lib/python3.12/site-packages/airflow/example_dags/example_local_kubernetes_executor.py took 1.460 seconds
[2024-06-24T03:54:50.276+0000] {processor.py:161} INFO - Started process (PID=274) to work on /home/airflow/.local/lib/python3.12/site-packages/airflow/example_dags/example_local_kubernetes_executor.py
[2024-06-24T03:54:50.281+0000] {processor.py:830} INFO - Processing file /home/airflow/.local/lib/python3.12/site-packages/airflow/example_dags/example_local_kubernetes_executor.py for tasks to queue
[2024-06-24T03:54:50.288+0000] {logging_mixin.py:188} INFO - [2024-06-24T03:54:50.287+0000] {dagbag.py:545} INFO - Filling up the DagBag from /home/airflow/.local/lib/python3.12/site-packages/airflow/example_dags/example_local_kubernetes_executor.py
[2024-06-24T03:54:50.319+0000] {processor.py:840} INFO - DAG(s) 'example_local_kubernetes_executor' retrieved from /home/airflow/.local/lib/python3.12/site-packages/airflow/example_dags/example_local_kubernetes_executor.py
[2024-06-24T03:54:50.461+0000] {logging_mixin.py:188} INFO - [2024-06-24T03:54:50.459+0000] {dag.py:3096} INFO - Sync 1 DAGs
[2024-06-24T03:54:50.505+0000] {logging_mixin.py:188} INFO - [2024-06-24T03:54:50.504+0000] {dag.py:3954} INFO - Setting next_dagrun for example_local_kubernetes_executor to None, run_after=None
[2024-06-24T03:54:50.602+0000] {processor.py:183} INFO - Processing /home/airflow/.local/lib/python3.12/site-packages/airflow/example_dags/example_local_kubernetes_executor.py took 0.350 seconds
[2024-06-24T03:55:22.559+0000] {processor.py:161} INFO - Started process (PID=337) to work on /home/airflow/.local/lib/python3.12/site-packages/airflow/example_dags/example_local_kubernetes_executor.py
[2024-06-24T03:55:22.565+0000] {processor.py:830} INFO - Processing file /home/airflow/.local/lib/python3.12/site-packages/airflow/example_dags/example_local_kubernetes_executor.py for tasks to queue
[2024-06-24T03:55:22.573+0000] {logging_mixin.py:188} INFO - [2024-06-24T03:55:22.572+0000] {dagbag.py:545} INFO - Filling up the DagBag from /home/airflow/.local/lib/python3.12/site-packages/airflow/example_dags/example_local_kubernetes_executor.py
[2024-06-24T03:55:22.603+0000] {processor.py:840} INFO - DAG(s) 'example_local_kubernetes_executor' retrieved from /home/airflow/.local/lib/python3.12/site-packages/airflow/example_dags/example_local_kubernetes_executor.py
[2024-06-24T03:55:22.755+0000] {logging_mixin.py:188} INFO - [2024-06-24T03:55:22.754+0000] {dag.py:3096} INFO - Sync 1 DAGs
[2024-06-24T03:55:22.810+0000] {logging_mixin.py:188} INFO - [2024-06-24T03:55:22.809+0000] {dag.py:3954} INFO - Setting next_dagrun for example_local_kubernetes_executor to None, run_after=None
[2024-06-24T03:55:22.893+0000] {processor.py:183} INFO - Processing /home/airflow/.local/lib/python3.12/site-packages/airflow/example_dags/example_local_kubernetes_executor.py took 0.359 seconds
[2024-06-24T03:56:32.269+0000] {processor.py:161} INFO - Started process (PID=405) to work on /home/airflow/.local/lib/python3.12/site-packages/airflow/example_dags/example_local_kubernetes_executor.py
[2024-06-24T03:56:32.286+0000] {processor.py:830} INFO - Processing file /home/airflow/.local/lib/python3.12/site-packages/airflow/example_dags/example_local_kubernetes_executor.py for tasks to queue
[2024-06-24T03:56:32.302+0000] {logging_mixin.py:188} INFO - [2024-06-24T03:56:32.301+0000] {dagbag.py:545} INFO - Filling up the DagBag from /home/airflow/.local/lib/python3.12/site-packages/airflow/example_dags/example_local_kubernetes_executor.py
[2024-06-24T03:56:32.379+0000] {processor.py:840} INFO - DAG(s) 'example_local_kubernetes_executor' retrieved from /home/airflow/.local/lib/python3.12/site-packages/airflow/example_dags/example_local_kubernetes_executor.py
[2024-06-24T03:56:32.833+0000] {logging_mixin.py:188} INFO - [2024-06-24T03:56:32.827+0000] {dag.py:3096} INFO - Sync 1 DAGs
[2024-06-24T03:56:33.059+0000] {logging_mixin.py:188} INFO - [2024-06-24T03:56:33.044+0000] {dag.py:3954} INFO - Setting next_dagrun for example_local_kubernetes_executor to None, run_after=None
[2024-06-24T03:56:33.480+0000] {processor.py:183} INFO - Processing /home/airflow/.local/lib/python3.12/site-packages/airflow/example_dags/example_local_kubernetes_executor.py took 1.272 seconds
[2024-06-24T03:57:37.741+0000] {processor.py:161} INFO - Started process (PID=471) to work on /home/airflow/.local/lib/python3.12/site-packages/airflow/example_dags/example_local_kubernetes_executor.py
[2024-06-24T03:57:37.745+0000] {processor.py:830} INFO - Processing file /home/airflow/.local/lib/python3.12/site-packages/airflow/example_dags/example_local_kubernetes_executor.py for tasks to queue
[2024-06-24T03:57:37.763+0000] {logging_mixin.py:188} INFO - [2024-06-24T03:57:37.752+0000] {dagbag.py:545} INFO - Filling up the DagBag from /home/airflow/.local/lib/python3.12/site-packages/airflow/example_dags/example_local_kubernetes_executor.py
[2024-06-24T03:57:37.876+0000] {processor.py:840} INFO - DAG(s) 'example_local_kubernetes_executor' retrieved from /home/airflow/.local/lib/python3.12/site-packages/airflow/example_dags/example_local_kubernetes_executor.py
[2024-06-24T03:57:38.356+0000] {logging_mixin.py:188} INFO - [2024-06-24T03:57:38.344+0000] {dag.py:3096} INFO - Sync 1 DAGs
[2024-06-24T03:57:38.619+0000] {logging_mixin.py:188} INFO - [2024-06-24T03:57:38.607+0000] {dag.py:3954} INFO - Setting next_dagrun for example_local_kubernetes_executor to None, run_after=None
[2024-06-24T03:57:39.009+0000] {processor.py:183} INFO - Processing /home/airflow/.local/lib/python3.12/site-packages/airflow/example_dags/example_local_kubernetes_executor.py took 1.286 seconds
[2024-06-24T03:59:13.410+0000] {processor.py:161} INFO - Started process (PID=553) to work on /home/airflow/.local/lib/python3.12/site-packages/airflow/example_dags/example_local_kubernetes_executor.py
[2024-06-24T03:59:13.486+0000] {processor.py:830} INFO - Processing file /home/airflow/.local/lib/python3.12/site-packages/airflow/example_dags/example_local_kubernetes_executor.py for tasks to queue
[2024-06-24T03:59:13.526+0000] {logging_mixin.py:188} INFO - [2024-06-24T03:59:13.523+0000] {dagbag.py:545} INFO - Filling up the DagBag from /home/airflow/.local/lib/python3.12/site-packages/airflow/example_dags/example_local_kubernetes_executor.py
[2024-06-24T03:59:13.801+0000] {processor.py:840} INFO - DAG(s) 'example_local_kubernetes_executor' retrieved from /home/airflow/.local/lib/python3.12/site-packages/airflow/example_dags/example_local_kubernetes_executor.py
[2024-06-24T03:59:14.751+0000] {logging_mixin.py:188} INFO - [2024-06-24T03:59:14.749+0000] {dag.py:3096} INFO - Sync 1 DAGs
[2024-06-24T03:59:15.051+0000] {logging_mixin.py:188} INFO - [2024-06-24T03:59:15.050+0000] {dag.py:3954} INFO - Setting next_dagrun for example_local_kubernetes_executor to None, run_after=None
[2024-06-24T03:59:15.365+0000] {processor.py:183} INFO - Processing /home/airflow/.local/lib/python3.12/site-packages/airflow/example_dags/example_local_kubernetes_executor.py took 2.030 seconds
