[2024-06-24T03:52:43.322+0000] {processor.py:161} INFO - Started process (PID=81) to work on /home/airflow/.local/lib/python3.12/site-packages/airflow/example_dags/example_xcomargs.py
[2024-06-24T03:52:43.327+0000] {processor.py:830} INFO - Processing file /home/airflow/.local/lib/python3.12/site-packages/airflow/example_dags/example_xcomargs.py for tasks to queue
[2024-06-24T03:52:43.334+0000] {logging_mixin.py:188} INFO - [2024-06-24T03:52:43.333+0000] {dagbag.py:545} INFO - Filling up the DagBag from /home/airflow/.local/lib/python3.12/site-packages/airflow/example_dags/example_xcomargs.py
[2024-06-24T03:52:43.388+0000] {processor.py:840} INFO - DAG(s) 'example_xcom_args_with_operators', 'example_xcom_args' retrieved from /home/airflow/.local/lib/python3.12/site-packages/airflow/example_dags/example_xcomargs.py
[2024-06-24T03:52:43.933+0000] {logging_mixin.py:188} INFO - [2024-06-24T03:52:43.931+0000] {override.py:1829} INFO - Created Permission View: can delete on DAG:example_xcom_args_with_operators
[2024-06-24T03:52:44.022+0000] {logging_mixin.py:188} INFO - [2024-06-24T03:52:44.017+0000] {override.py:1829} INFO - Created Permission View: can edit on DAG:example_xcom_args_with_operators
[2024-06-24T03:52:44.053+0000] {logging_mixin.py:188} INFO - [2024-06-24T03:52:44.052+0000] {override.py:1829} INFO - Created Permission View: can read on DAG:example_xcom_args_with_operators
[2024-06-24T03:52:44.122+0000] {logging_mixin.py:188} INFO - [2024-06-24T03:52:44.121+0000] {override.py:1829} INFO - Created Permission View: can delete on DAG:example_xcom_args
[2024-06-24T03:52:44.154+0000] {logging_mixin.py:188} INFO - [2024-06-24T03:52:44.153+0000] {override.py:1829} INFO - Created Permission View: can edit on DAG:example_xcom_args
[2024-06-24T03:52:44.206+0000] {logging_mixin.py:188} INFO - [2024-06-24T03:52:44.204+0000] {override.py:1829} INFO - Created Permission View: can read on DAG:example_xcom_args
[2024-06-24T03:52:44.209+0000] {logging_mixin.py:188} INFO - [2024-06-24T03:52:44.208+0000] {dag.py:3096} INFO - Sync 2 DAGs
[2024-06-24T03:52:44.264+0000] {logging_mixin.py:188} INFO - [2024-06-24T03:52:44.263+0000] {dag.py:3118} INFO - Creating ORM DAG for example_xcom_args
[2024-06-24T03:52:44.279+0000] {logging_mixin.py:188} INFO - [2024-06-24T03:52:44.275+0000] {dag.py:3118} INFO - Creating ORM DAG for example_xcom_args_with_operators
[2024-06-24T03:52:44.288+0000] {logging_mixin.py:188} INFO - [2024-06-24T03:52:44.287+0000] {dag.py:3954} INFO - Setting next_dagrun for example_xcom_args to None, run_after=None
[2024-06-24T03:52:44.294+0000] {logging_mixin.py:188} INFO - [2024-06-24T03:52:44.293+0000] {dag.py:3954} INFO - Setting next_dagrun for example_xcom_args_with_operators to None, run_after=None
[2024-06-24T03:52:44.414+0000] {processor.py:183} INFO - Processing /home/airflow/.local/lib/python3.12/site-packages/airflow/example_dags/example_xcomargs.py took 1.117 seconds
[2024-06-24T03:53:14.578+0000] {processor.py:161} INFO - Started process (PID=143) to work on /home/airflow/.local/lib/python3.12/site-packages/airflow/example_dags/example_xcomargs.py
[2024-06-24T03:53:14.581+0000] {processor.py:830} INFO - Processing file /home/airflow/.local/lib/python3.12/site-packages/airflow/example_dags/example_xcomargs.py for tasks to queue
[2024-06-24T03:53:14.585+0000] {logging_mixin.py:188} INFO - [2024-06-24T03:53:14.584+0000] {dagbag.py:545} INFO - Filling up the DagBag from /home/airflow/.local/lib/python3.12/site-packages/airflow/example_dags/example_xcomargs.py
[2024-06-24T03:53:14.601+0000] {processor.py:840} INFO - DAG(s) 'example_xcom_args', 'example_xcom_args_with_operators' retrieved from /home/airflow/.local/lib/python3.12/site-packages/airflow/example_dags/example_xcomargs.py
[2024-06-24T03:53:14.650+0000] {logging_mixin.py:188} INFO - [2024-06-24T03:53:14.649+0000] {dag.py:3096} INFO - Sync 2 DAGs
[2024-06-24T03:53:14.676+0000] {logging_mixin.py:188} INFO - [2024-06-24T03:53:14.675+0000] {dag.py:3954} INFO - Setting next_dagrun for example_xcom_args to None, run_after=None
[2024-06-24T03:53:14.690+0000] {logging_mixin.py:188} INFO - [2024-06-24T03:53:14.690+0000] {dag.py:3954} INFO - Setting next_dagrun for example_xcom_args_with_operators to None, run_after=None
[2024-06-24T03:53:14.729+0000] {processor.py:183} INFO - Processing /home/airflow/.local/lib/python3.12/site-packages/airflow/example_dags/example_xcomargs.py took 0.161 seconds
[2024-06-24T03:54:16.495+0000] {processor.py:161} INFO - Started process (PID=211) to work on /home/airflow/.local/lib/python3.12/site-packages/airflow/example_dags/example_xcomargs.py
[2024-06-24T03:54:16.507+0000] {processor.py:830} INFO - Processing file /home/airflow/.local/lib/python3.12/site-packages/airflow/example_dags/example_xcomargs.py for tasks to queue
[2024-06-24T03:54:16.528+0000] {logging_mixin.py:188} INFO - [2024-06-24T03:54:16.516+0000] {dagbag.py:545} INFO - Filling up the DagBag from /home/airflow/.local/lib/python3.12/site-packages/airflow/example_dags/example_xcomargs.py
[2024-06-24T03:54:16.667+0000] {processor.py:840} INFO - DAG(s) 'example_xcom_args', 'example_xcom_args_with_operators' retrieved from /home/airflow/.local/lib/python3.12/site-packages/airflow/example_dags/example_xcomargs.py
[2024-06-24T03:54:16.915+0000] {logging_mixin.py:188} INFO - [2024-06-24T03:54:16.914+0000] {dag.py:3096} INFO - Sync 2 DAGs
[2024-06-24T03:54:17.084+0000] {logging_mixin.py:188} INFO - [2024-06-24T03:54:17.070+0000] {dag.py:3954} INFO - Setting next_dagrun for example_xcom_args to None, run_after=None
[2024-06-24T03:54:17.268+0000] {logging_mixin.py:188} INFO - [2024-06-24T03:54:17.254+0000] {dag.py:3954} INFO - Setting next_dagrun for example_xcom_args_with_operators to None, run_after=None
[2024-06-24T03:54:17.576+0000] {processor.py:183} INFO - Processing /home/airflow/.local/lib/python3.12/site-packages/airflow/example_dags/example_xcomargs.py took 1.176 seconds
[2024-06-24T03:54:49.713+0000] {processor.py:161} INFO - Started process (PID=273) to work on /home/airflow/.local/lib/python3.12/site-packages/airflow/example_dags/example_xcomargs.py
[2024-06-24T03:54:49.719+0000] {processor.py:830} INFO - Processing file /home/airflow/.local/lib/python3.12/site-packages/airflow/example_dags/example_xcomargs.py for tasks to queue
[2024-06-24T03:54:49.730+0000] {logging_mixin.py:188} INFO - [2024-06-24T03:54:49.729+0000] {dagbag.py:545} INFO - Filling up the DagBag from /home/airflow/.local/lib/python3.12/site-packages/airflow/example_dags/example_xcomargs.py
[2024-06-24T03:54:49.778+0000] {processor.py:840} INFO - DAG(s) 'example_xcom_args_with_operators', 'example_xcom_args' retrieved from /home/airflow/.local/lib/python3.12/site-packages/airflow/example_dags/example_xcomargs.py
[2024-06-24T03:54:49.922+0000] {logging_mixin.py:188} INFO - [2024-06-24T03:54:49.920+0000] {dag.py:3096} INFO - Sync 2 DAGs
[2024-06-24T03:54:49.993+0000] {logging_mixin.py:188} INFO - [2024-06-24T03:54:49.992+0000] {dag.py:3954} INFO - Setting next_dagrun for example_xcom_args to None, run_after=None
[2024-06-24T03:54:50.015+0000] {logging_mixin.py:188} INFO - [2024-06-24T03:54:50.015+0000] {dag.py:3954} INFO - Setting next_dagrun for example_xcom_args_with_operators to None, run_after=None
[2024-06-24T03:54:50.123+0000] {processor.py:183} INFO - Processing /home/airflow/.local/lib/python3.12/site-packages/airflow/example_dags/example_xcomargs.py took 0.453 seconds
[2024-06-24T03:55:22.283+0000] {processor.py:161} INFO - Started process (PID=336) to work on /home/airflow/.local/lib/python3.12/site-packages/airflow/example_dags/example_xcomargs.py
[2024-06-24T03:55:22.287+0000] {processor.py:830} INFO - Processing file /home/airflow/.local/lib/python3.12/site-packages/airflow/example_dags/example_xcomargs.py for tasks to queue
[2024-06-24T03:55:22.297+0000] {logging_mixin.py:188} INFO - [2024-06-24T03:55:22.295+0000] {dagbag.py:545} INFO - Filling up the DagBag from /home/airflow/.local/lib/python3.12/site-packages/airflow/example_dags/example_xcomargs.py
[2024-06-24T03:55:22.336+0000] {processor.py:840} INFO - DAG(s) 'example_xcom_args_with_operators', 'example_xcom_args' retrieved from /home/airflow/.local/lib/python3.12/site-packages/airflow/example_dags/example_xcomargs.py
[2024-06-24T03:55:22.470+0000] {logging_mixin.py:188} INFO - [2024-06-24T03:55:22.468+0000] {dag.py:3096} INFO - Sync 2 DAGs
[2024-06-24T03:55:22.533+0000] {logging_mixin.py:188} INFO - [2024-06-24T03:55:22.532+0000] {dag.py:3954} INFO - Setting next_dagrun for example_xcom_args to None, run_after=None
[2024-06-24T03:55:22.550+0000] {logging_mixin.py:188} INFO - [2024-06-24T03:55:22.549+0000] {dag.py:3954} INFO - Setting next_dagrun for example_xcom_args_with_operators to None, run_after=None
[2024-06-24T03:55:22.630+0000] {processor.py:183} INFO - Processing /home/airflow/.local/lib/python3.12/site-packages/airflow/example_dags/example_xcomargs.py took 0.374 seconds
[2024-06-24T03:56:32.022+0000] {processor.py:161} INFO - Started process (PID=404) to work on /home/airflow/.local/lib/python3.12/site-packages/airflow/example_dags/example_xcomargs.py
[2024-06-24T03:56:32.030+0000] {processor.py:830} INFO - Processing file /home/airflow/.local/lib/python3.12/site-packages/airflow/example_dags/example_xcomargs.py for tasks to queue
[2024-06-24T03:56:32.043+0000] {logging_mixin.py:188} INFO - [2024-06-24T03:56:32.042+0000] {dagbag.py:545} INFO - Filling up the DagBag from /home/airflow/.local/lib/python3.12/site-packages/airflow/example_dags/example_xcomargs.py
[2024-06-24T03:56:32.093+0000] {processor.py:840} INFO - DAG(s) 'example_xcom_args', 'example_xcom_args_with_operators' retrieved from /home/airflow/.local/lib/python3.12/site-packages/airflow/example_dags/example_xcomargs.py
[2024-06-24T03:56:32.359+0000] {logging_mixin.py:188} INFO - [2024-06-24T03:56:32.347+0000] {dag.py:3096} INFO - Sync 2 DAGs
[2024-06-24T03:56:32.567+0000] {logging_mixin.py:188} INFO - [2024-06-24T03:56:32.566+0000] {dag.py:3954} INFO - Setting next_dagrun for example_xcom_args to None, run_after=None
[2024-06-24T03:56:32.631+0000] {logging_mixin.py:188} INFO - [2024-06-24T03:56:32.630+0000] {dag.py:3954} INFO - Setting next_dagrun for example_xcom_args_with_operators to None, run_after=None
[2024-06-24T03:56:32.882+0000] {processor.py:183} INFO - Processing /home/airflow/.local/lib/python3.12/site-packages/airflow/example_dags/example_xcomargs.py took 0.976 seconds
[2024-06-24T03:57:37.151+0000] {processor.py:161} INFO - Started process (PID=470) to work on /home/airflow/.local/lib/python3.12/site-packages/airflow/example_dags/example_xcomargs.py
[2024-06-24T03:57:37.209+0000] {processor.py:830} INFO - Processing file /home/airflow/.local/lib/python3.12/site-packages/airflow/example_dags/example_xcomargs.py for tasks to queue
[2024-06-24T03:57:37.243+0000] {logging_mixin.py:188} INFO - [2024-06-24T03:57:37.241+0000] {dagbag.py:545} INFO - Filling up the DagBag from /home/airflow/.local/lib/python3.12/site-packages/airflow/example_dags/example_xcomargs.py
[2024-06-24T03:57:37.422+0000] {processor.py:840} INFO - DAG(s) 'example_xcom_args_with_operators', 'example_xcom_args' retrieved from /home/airflow/.local/lib/python3.12/site-packages/airflow/example_dags/example_xcomargs.py
[2024-06-24T03:57:37.747+0000] {logging_mixin.py:188} INFO - [2024-06-24T03:57:37.734+0000] {dag.py:3096} INFO - Sync 2 DAGs
[2024-06-24T03:57:37.967+0000] {logging_mixin.py:188} INFO - [2024-06-24T03:57:37.966+0000] {dag.py:3954} INFO - Setting next_dagrun for example_xcom_args to None, run_after=None
[2024-06-24T03:57:38.042+0000] {logging_mixin.py:188} INFO - [2024-06-24T03:57:38.041+0000] {dag.py:3954} INFO - Setting next_dagrun for example_xcom_args_with_operators to None, run_after=None
[2024-06-24T03:57:38.263+0000] {processor.py:183} INFO - Processing /home/airflow/.local/lib/python3.12/site-packages/airflow/example_dags/example_xcomargs.py took 1.197 seconds
[2024-06-24T03:59:12.722+0000] {processor.py:161} INFO - Started process (PID=552) to work on /home/airflow/.local/lib/python3.12/site-packages/airflow/example_dags/example_xcomargs.py
[2024-06-24T03:59:12.729+0000] {processor.py:830} INFO - Processing file /home/airflow/.local/lib/python3.12/site-packages/airflow/example_dags/example_xcomargs.py for tasks to queue
[2024-06-24T03:59:12.748+0000] {logging_mixin.py:188} INFO - [2024-06-24T03:59:12.736+0000] {dagbag.py:545} INFO - Filling up the DagBag from /home/airflow/.local/lib/python3.12/site-packages/airflow/example_dags/example_xcomargs.py
[2024-06-24T03:59:12.865+0000] {processor.py:840} INFO - DAG(s) 'example_xcom_args_with_operators', 'example_xcom_args' retrieved from /home/airflow/.local/lib/python3.12/site-packages/airflow/example_dags/example_xcomargs.py
[2024-06-24T03:59:13.241+0000] {logging_mixin.py:188} INFO - [2024-06-24T03:59:13.239+0000] {dag.py:3096} INFO - Sync 2 DAGs
[2024-06-24T03:59:13.454+0000] {logging_mixin.py:188} INFO - [2024-06-24T03:59:13.441+0000] {dag.py:3954} INFO - Setting next_dagrun for example_xcom_args to None, run_after=None
[2024-06-24T03:59:13.557+0000] {logging_mixin.py:188} INFO - [2024-06-24T03:59:13.556+0000] {dag.py:3954} INFO - Setting next_dagrun for example_xcom_args_with_operators to None, run_after=None
[2024-06-24T03:59:13.947+0000] {processor.py:183} INFO - Processing /home/airflow/.local/lib/python3.12/site-packages/airflow/example_dags/example_xcomargs.py took 1.271 seconds
[2024-06-24T04:00:43.746+0000] {processor.py:161} INFO - Started process (PID=626) to work on /home/airflow/.local/lib/python3.12/site-packages/airflow/example_dags/example_xcomargs.py
[2024-06-24T04:00:43.760+0000] {processor.py:830} INFO - Processing file /home/airflow/.local/lib/python3.12/site-packages/airflow/example_dags/example_xcomargs.py for tasks to queue
[2024-06-24T04:00:43.779+0000] {logging_mixin.py:188} INFO - [2024-06-24T04:00:43.777+0000] {dagbag.py:545} INFO - Filling up the DagBag from /home/airflow/.local/lib/python3.12/site-packages/airflow/example_dags/example_xcomargs.py
[2024-06-24T04:00:43.895+0000] {processor.py:840} INFO - DAG(s) 'example_xcom_args_with_operators', 'example_xcom_args' retrieved from /home/airflow/.local/lib/python3.12/site-packages/airflow/example_dags/example_xcomargs.py
[2024-06-24T04:00:44.253+0000] {logging_mixin.py:188} INFO - [2024-06-24T04:00:44.242+0000] {dag.py:3096} INFO - Sync 2 DAGs
[2024-06-24T04:00:44.520+0000] {logging_mixin.py:188} INFO - [2024-06-24T04:00:44.519+0000] {dag.py:3954} INFO - Setting next_dagrun for example_xcom_args to None, run_after=None
[2024-06-24T04:00:44.790+0000] {logging_mixin.py:188} INFO - [2024-06-24T04:00:44.789+0000] {dag.py:3954} INFO - Setting next_dagrun for example_xcom_args_with_operators to None, run_after=None
[2024-06-24T04:00:45.773+0000] {processor.py:183} INFO - Processing /home/airflow/.local/lib/python3.12/site-packages/airflow/example_dags/example_xcomargs.py took 2.099 seconds
