[2024-06-24T03:52:49.169+0000] {processor.py:161} INFO - Started process (PID=92) to work on /home/airflow/.local/lib/python3.12/site-packages/airflow/example_dags/example_task_group.py
[2024-06-24T03:52:49.172+0000] {processor.py:830} INFO - Processing file /home/airflow/.local/lib/python3.12/site-packages/airflow/example_dags/example_task_group.py for tasks to queue
[2024-06-24T03:52:49.179+0000] {logging_mixin.py:188} INFO - [2024-06-24T03:52:49.178+0000] {dagbag.py:545} INFO - Filling up the DagBag from /home/airflow/.local/lib/python3.12/site-packages/airflow/example_dags/example_task_group.py
[2024-06-24T03:52:49.208+0000] {processor.py:840} INFO - DAG(s) 'example_task_group' retrieved from /home/airflow/.local/lib/python3.12/site-packages/airflow/example_dags/example_task_group.py
[2024-06-24T03:52:49.560+0000] {logging_mixin.py:188} INFO - [2024-06-24T03:52:49.558+0000] {override.py:1829} INFO - Created Permission View: can delete on DAG:example_task_group
[2024-06-24T03:52:49.608+0000] {logging_mixin.py:188} INFO - [2024-06-24T03:52:49.607+0000] {override.py:1829} INFO - Created Permission View: can edit on DAG:example_task_group
[2024-06-24T03:52:49.627+0000] {logging_mixin.py:188} INFO - [2024-06-24T03:52:49.626+0000] {override.py:1829} INFO - Created Permission View: can read on DAG:example_task_group
[2024-06-24T03:52:49.629+0000] {logging_mixin.py:188} INFO - [2024-06-24T03:52:49.628+0000] {dag.py:3096} INFO - Sync 1 DAGs
[2024-06-24T03:52:49.665+0000] {logging_mixin.py:188} INFO - [2024-06-24T03:52:49.664+0000] {dag.py:3118} INFO - Creating ORM DAG for example_task_group
[2024-06-24T03:52:49.713+0000] {logging_mixin.py:188} INFO - [2024-06-24T03:52:49.712+0000] {dag.py:3954} INFO - Setting next_dagrun for example_task_group to 2024-06-23 00:00:00+00:00, run_after=2024-06-24 00:00:00+00:00
[2024-06-24T03:52:49.764+0000] {processor.py:183} INFO - Processing /home/airflow/.local/lib/python3.12/site-packages/airflow/example_dags/example_task_group.py took 0.613 seconds
[2024-06-24T03:53:26.706+0000] {processor.py:161} INFO - Started process (PID=154) to work on /home/airflow/.local/lib/python3.12/site-packages/airflow/example_dags/example_task_group.py
[2024-06-24T03:53:26.717+0000] {processor.py:830} INFO - Processing file /home/airflow/.local/lib/python3.12/site-packages/airflow/example_dags/example_task_group.py for tasks to queue
[2024-06-24T03:53:26.824+0000] {logging_mixin.py:188} INFO - [2024-06-24T03:53:26.822+0000] {dagbag.py:545} INFO - Filling up the DagBag from /home/airflow/.local/lib/python3.12/site-packages/airflow/example_dags/example_task_group.py
[2024-06-24T03:53:26.956+0000] {processor.py:840} INFO - DAG(s) 'example_task_group' retrieved from /home/airflow/.local/lib/python3.12/site-packages/airflow/example_dags/example_task_group.py
[2024-06-24T03:53:27.277+0000] {logging_mixin.py:188} INFO - [2024-06-24T03:53:27.275+0000] {dag.py:3096} INFO - Sync 1 DAGs
[2024-06-24T03:53:27.705+0000] {logging_mixin.py:188} INFO - [2024-06-24T03:53:27.691+0000] {dag.py:3954} INFO - Setting next_dagrun for example_task_group to 2024-06-23 00:00:00+00:00, run_after=2024-06-24 00:00:00+00:00
[2024-06-24T03:53:28.078+0000] {processor.py:183} INFO - Processing /home/airflow/.local/lib/python3.12/site-packages/airflow/example_dags/example_task_group.py took 1.438 seconds
[2024-06-24T03:54:24.555+0000] {processor.py:161} INFO - Started process (PID=222) to work on /home/airflow/.local/lib/python3.12/site-packages/airflow/example_dags/example_task_group.py
[2024-06-24T03:54:24.558+0000] {processor.py:830} INFO - Processing file /home/airflow/.local/lib/python3.12/site-packages/airflow/example_dags/example_task_group.py for tasks to queue
[2024-06-24T03:54:24.565+0000] {logging_mixin.py:188} INFO - [2024-06-24T03:54:24.564+0000] {dagbag.py:545} INFO - Filling up the DagBag from /home/airflow/.local/lib/python3.12/site-packages/airflow/example_dags/example_task_group.py
[2024-06-24T03:54:24.595+0000] {processor.py:840} INFO - DAG(s) 'example_task_group' retrieved from /home/airflow/.local/lib/python3.12/site-packages/airflow/example_dags/example_task_group.py
[2024-06-24T03:54:24.703+0000] {logging_mixin.py:188} INFO - [2024-06-24T03:54:24.702+0000] {dag.py:3096} INFO - Sync 1 DAGs
[2024-06-24T03:54:24.803+0000] {logging_mixin.py:188} INFO - [2024-06-24T03:54:24.802+0000] {dag.py:3954} INFO - Setting next_dagrun for example_task_group to 2024-06-23 00:00:00+00:00, run_after=2024-06-24 00:00:00+00:00
[2024-06-24T03:54:24.893+0000] {processor.py:183} INFO - Processing /home/airflow/.local/lib/python3.12/site-packages/airflow/example_dags/example_task_group.py took 0.368 seconds
[2024-06-24T03:55:01.659+0000] {processor.py:161} INFO - Started process (PID=284) to work on /home/airflow/.local/lib/python3.12/site-packages/airflow/example_dags/example_task_group.py
[2024-06-24T03:55:01.711+0000] {processor.py:830} INFO - Processing file /home/airflow/.local/lib/python3.12/site-packages/airflow/example_dags/example_task_group.py for tasks to queue
[2024-06-24T03:55:01.830+0000] {logging_mixin.py:188} INFO - [2024-06-24T03:55:01.828+0000] {dagbag.py:545} INFO - Filling up the DagBag from /home/airflow/.local/lib/python3.12/site-packages/airflow/example_dags/example_task_group.py
[2024-06-24T03:55:01.981+0000] {processor.py:840} INFO - DAG(s) 'example_task_group' retrieved from /home/airflow/.local/lib/python3.12/site-packages/airflow/example_dags/example_task_group.py
[2024-06-24T03:55:02.747+0000] {logging_mixin.py:188} INFO - [2024-06-24T03:55:02.735+0000] {dag.py:3096} INFO - Sync 1 DAGs
[2024-06-24T03:55:03.128+0000] {logging_mixin.py:188} INFO - [2024-06-24T03:55:03.127+0000] {dag.py:3954} INFO - Setting next_dagrun for example_task_group to 2024-06-23 00:00:00+00:00, run_after=2024-06-24 00:00:00+00:00
[2024-06-24T03:55:03.473+0000] {processor.py:183} INFO - Processing /home/airflow/.local/lib/python3.12/site-packages/airflow/example_dags/example_task_group.py took 1.920 seconds
[2024-06-24T03:55:33.744+0000] {processor.py:161} INFO - Started process (PID=347) to work on /home/airflow/.local/lib/python3.12/site-packages/airflow/example_dags/example_task_group.py
[2024-06-24T03:55:33.748+0000] {processor.py:830} INFO - Processing file /home/airflow/.local/lib/python3.12/site-packages/airflow/example_dags/example_task_group.py for tasks to queue
[2024-06-24T03:55:33.755+0000] {logging_mixin.py:188} INFO - [2024-06-24T03:55:33.754+0000] {dagbag.py:545} INFO - Filling up the DagBag from /home/airflow/.local/lib/python3.12/site-packages/airflow/example_dags/example_task_group.py
[2024-06-24T03:55:33.784+0000] {processor.py:840} INFO - DAG(s) 'example_task_group' retrieved from /home/airflow/.local/lib/python3.12/site-packages/airflow/example_dags/example_task_group.py
[2024-06-24T03:55:33.880+0000] {logging_mixin.py:188} INFO - [2024-06-24T03:55:33.879+0000] {dag.py:3096} INFO - Sync 1 DAGs
[2024-06-24T03:55:34.014+0000] {logging_mixin.py:188} INFO - [2024-06-24T03:55:34.013+0000] {dag.py:3954} INFO - Setting next_dagrun for example_task_group to 2024-06-23 00:00:00+00:00, run_after=2024-06-24 00:00:00+00:00
[2024-06-24T03:55:34.103+0000] {processor.py:183} INFO - Processing /home/airflow/.local/lib/python3.12/site-packages/airflow/example_dags/example_task_group.py took 0.380 seconds
[2024-06-24T03:56:41.404+0000] {processor.py:161} INFO - Started process (PID=421) to work on /home/airflow/.local/lib/python3.12/site-packages/airflow/example_dags/example_task_group.py
[2024-06-24T03:56:41.424+0000] {processor.py:830} INFO - Processing file /home/airflow/.local/lib/python3.12/site-packages/airflow/example_dags/example_task_group.py for tasks to queue
[2024-06-24T03:56:41.441+0000] {logging_mixin.py:188} INFO - [2024-06-24T03:56:41.439+0000] {dagbag.py:545} INFO - Filling up the DagBag from /home/airflow/.local/lib/python3.12/site-packages/airflow/example_dags/example_task_group.py
[2024-06-24T03:56:41.579+0000] {processor.py:840} INFO - DAG(s) 'example_task_group' retrieved from /home/airflow/.local/lib/python3.12/site-packages/airflow/example_dags/example_task_group.py
[2024-06-24T03:56:41.936+0000] {logging_mixin.py:188} INFO - [2024-06-24T03:56:41.933+0000] {dag.py:3096} INFO - Sync 1 DAGs
[2024-06-24T03:56:42.480+0000] {logging_mixin.py:188} INFO - [2024-06-24T03:56:42.467+0000] {dag.py:3954} INFO - Setting next_dagrun for example_task_group to 2024-06-23 00:00:00+00:00, run_after=2024-06-24 00:00:00+00:00
[2024-06-24T03:56:42.805+0000] {processor.py:183} INFO - Processing /home/airflow/.local/lib/python3.12/site-packages/airflow/example_dags/example_task_group.py took 1.514 seconds
[2024-06-24T03:58:27.549+0000] {processor.py:161} INFO - Started process (PID=517) to work on /home/airflow/.local/lib/python3.12/site-packages/airflow/example_dags/example_task_group.py
[2024-06-24T03:58:27.582+0000] {processor.py:830} INFO - Processing file /home/airflow/.local/lib/python3.12/site-packages/airflow/example_dags/example_task_group.py for tasks to queue
[2024-06-24T03:58:27.606+0000] {logging_mixin.py:188} INFO - [2024-06-24T03:58:27.604+0000] {dagbag.py:545} INFO - Filling up the DagBag from /home/airflow/.local/lib/python3.12/site-packages/airflow/example_dags/example_task_group.py
[2024-06-24T03:58:27.779+0000] {processor.py:840} INFO - DAG(s) 'example_task_group' retrieved from /home/airflow/.local/lib/python3.12/site-packages/airflow/example_dags/example_task_group.py
[2024-06-24T03:58:28.092+0000] {logging_mixin.py:188} INFO - [2024-06-24T03:58:28.090+0000] {dag.py:3096} INFO - Sync 1 DAGs
[2024-06-24T03:58:28.447+0000] {logging_mixin.py:188} INFO - [2024-06-24T03:58:28.446+0000] {dag.py:3954} INFO - Setting next_dagrun for example_task_group to 2024-06-23 00:00:00+00:00, run_after=2024-06-24 00:00:00+00:00
[2024-06-24T03:58:28.768+0000] {processor.py:183} INFO - Processing /home/airflow/.local/lib/python3.12/site-packages/airflow/example_dags/example_task_group.py took 1.315 seconds
[2024-06-24T04:00:06.721+0000] {processor.py:161} INFO - Started process (PID=593) to work on /home/airflow/.local/lib/python3.12/site-packages/airflow/example_dags/example_task_group.py
[2024-06-24T04:00:06.765+0000] {processor.py:830} INFO - Processing file /home/airflow/.local/lib/python3.12/site-packages/airflow/example_dags/example_task_group.py for tasks to queue
[2024-06-24T04:00:06.776+0000] {logging_mixin.py:188} INFO - [2024-06-24T04:00:06.774+0000] {dagbag.py:545} INFO - Filling up the DagBag from /home/airflow/.local/lib/python3.12/site-packages/airflow/example_dags/example_task_group.py
[2024-06-24T04:00:06.891+0000] {processor.py:840} INFO - DAG(s) 'example_task_group' retrieved from /home/airflow/.local/lib/python3.12/site-packages/airflow/example_dags/example_task_group.py
[2024-06-24T04:00:07.191+0000] {logging_mixin.py:188} INFO - [2024-06-24T04:00:07.190+0000] {dag.py:3096} INFO - Sync 1 DAGs
[2024-06-24T04:00:07.474+0000] {logging_mixin.py:188} INFO - [2024-06-24T04:00:07.473+0000] {dag.py:3954} INFO - Setting next_dagrun for example_task_group to 2024-06-23 00:00:00+00:00, run_after=2024-06-24 00:00:00+00:00
[2024-06-24T04:00:07.955+0000] {processor.py:183} INFO - Processing /home/airflow/.local/lib/python3.12/site-packages/airflow/example_dags/example_task_group.py took 1.258 seconds
[2024-06-24T04:01:55.316+0000] {processor.py:161} INFO - Started process (PID=675) to work on /home/airflow/.local/lib/python3.12/site-packages/airflow/example_dags/example_task_group.py
[2024-06-24T04:01:55.379+0000] {processor.py:830} INFO - Processing file /home/airflow/.local/lib/python3.12/site-packages/airflow/example_dags/example_task_group.py for tasks to queue
[2024-06-24T04:01:55.652+0000] {logging_mixin.py:188} INFO - [2024-06-24T04:01:55.650+0000] {dagbag.py:545} INFO - Filling up the DagBag from /home/airflow/.local/lib/python3.12/site-packages/airflow/example_dags/example_task_group.py
[2024-06-24T04:01:55.761+0000] {processor.py:840} INFO - DAG(s) 'example_task_group' retrieved from /home/airflow/.local/lib/python3.12/site-packages/airflow/example_dags/example_task_group.py
[2024-06-24T04:01:56.246+0000] {logging_mixin.py:188} INFO - [2024-06-24T04:01:56.245+0000] {dag.py:3096} INFO - Sync 1 DAGs
[2024-06-24T04:01:56.589+0000] {logging_mixin.py:188} INFO - [2024-06-24T04:01:56.587+0000] {dag.py:3954} INFO - Setting next_dagrun for example_task_group to 2024-06-23 00:00:00+00:00, run_after=2024-06-24 00:00:00+00:00
[2024-06-24T04:01:57.243+0000] {processor.py:183} INFO - Processing /home/airflow/.local/lib/python3.12/site-packages/airflow/example_dags/example_task_group.py took 2.014 seconds
