[2024-06-24T03:52:35.248+0000] {processor.py:161} INFO - Started process (PID=62) to work on /home/airflow/.local/lib/python3.12/site-packages/airflow/example_dags/example_sla_dag.py
[2024-06-24T03:52:35.257+0000] {processor.py:830} INFO - Processing file /home/airflow/.local/lib/python3.12/site-packages/airflow/example_dags/example_sla_dag.py for tasks to queue
[2024-06-24T03:52:35.264+0000] {logging_mixin.py:188} INFO - [2024-06-24T03:52:35.263+0000] {dagbag.py:545} INFO - Filling up the DagBag from /home/airflow/.local/lib/python3.12/site-packages/airflow/example_dags/example_sla_dag.py
[2024-06-24T03:52:35.314+0000] {processor.py:840} INFO - DAG(s) 'example_sla_dag' retrieved from /home/airflow/.local/lib/python3.12/site-packages/airflow/example_dags/example_sla_dag.py
[2024-06-24T03:52:35.985+0000] {logging_mixin.py:188} INFO - [2024-06-24T03:52:35.981+0000] {override.py:1829} INFO - Created Permission View: can delete on DAG:example_sla_dag
[2024-06-24T03:52:36.040+0000] {logging_mixin.py:188} INFO - [2024-06-24T03:52:36.039+0000] {override.py:1829} INFO - Created Permission View: can edit on DAG:example_sla_dag
[2024-06-24T03:52:36.075+0000] {logging_mixin.py:188} INFO - [2024-06-24T03:52:36.073+0000] {override.py:1829} INFO - Created Permission View: can read on DAG:example_sla_dag
[2024-06-24T03:52:36.078+0000] {logging_mixin.py:188} INFO - [2024-06-24T03:52:36.077+0000] {dag.py:3096} INFO - Sync 1 DAGs
[2024-06-24T03:52:36.141+0000] {logging_mixin.py:188} INFO - [2024-06-24T03:52:36.140+0000] {dag.py:3118} INFO - Creating ORM DAG for example_sla_dag
[2024-06-24T03:52:36.207+0000] {logging_mixin.py:188} INFO - [2024-06-24T03:52:36.207+0000] {dag.py:3954} INFO - Setting next_dagrun for example_sla_dag to 2024-06-24 03:50:00+00:00, run_after=2024-06-24 03:52:00+00:00
[2024-06-24T03:52:36.273+0000] {processor.py:183} INFO - Processing /home/airflow/.local/lib/python3.12/site-packages/airflow/example_dags/example_sla_dag.py took 1.050 seconds
[2024-06-24T03:53:06.849+0000] {processor.py:161} INFO - Started process (PID=124) to work on /home/airflow/.local/lib/python3.12/site-packages/airflow/example_dags/example_sla_dag.py
[2024-06-24T03:53:06.850+0000] {processor.py:830} INFO - Processing file /home/airflow/.local/lib/python3.12/site-packages/airflow/example_dags/example_sla_dag.py for tasks to queue
[2024-06-24T03:53:06.854+0000] {logging_mixin.py:188} INFO - [2024-06-24T03:53:06.853+0000] {dagbag.py:545} INFO - Filling up the DagBag from /home/airflow/.local/lib/python3.12/site-packages/airflow/example_dags/example_sla_dag.py
[2024-06-24T03:53:06.869+0000] {processor.py:840} INFO - DAG(s) 'example_sla_dag' retrieved from /home/airflow/.local/lib/python3.12/site-packages/airflow/example_dags/example_sla_dag.py
[2024-06-24T03:53:06.927+0000] {logging_mixin.py:188} INFO - [2024-06-24T03:53:06.926+0000] {dag.py:3096} INFO - Sync 1 DAGs
[2024-06-24T03:53:06.997+0000] {logging_mixin.py:188} INFO - [2024-06-24T03:53:06.996+0000] {dag.py:3954} INFO - Setting next_dagrun for example_sla_dag to 2024-06-24 03:50:00+00:00, run_after=2024-06-24 03:52:00+00:00
[2024-06-24T03:53:07.059+0000] {processor.py:183} INFO - Processing /home/airflow/.local/lib/python3.12/site-packages/airflow/example_dags/example_sla_dag.py took 0.220 seconds
[2024-06-24T03:53:59.817+0000] {processor.py:161} INFO - Started process (PID=186) to work on /home/airflow/.local/lib/python3.12/site-packages/airflow/example_dags/example_sla_dag.py
[2024-06-24T03:53:59.822+0000] {processor.py:830} INFO - Processing file /home/airflow/.local/lib/python3.12/site-packages/airflow/example_dags/example_sla_dag.py for tasks to queue
[2024-06-24T03:53:59.832+0000] {logging_mixin.py:188} INFO - [2024-06-24T03:53:59.831+0000] {dagbag.py:545} INFO - Filling up the DagBag from /home/airflow/.local/lib/python3.12/site-packages/airflow/example_dags/example_sla_dag.py
[2024-06-24T03:53:59.874+0000] {processor.py:840} INFO - DAG(s) 'example_sla_dag' retrieved from /home/airflow/.local/lib/python3.12/site-packages/airflow/example_dags/example_sla_dag.py
[2024-06-24T03:53:59.973+0000] {logging_mixin.py:188} INFO - [2024-06-24T03:53:59.971+0000] {dag.py:3096} INFO - Sync 1 DAGs
[2024-06-24T03:54:00.280+0000] {logging_mixin.py:188} INFO - [2024-06-24T03:54:00.271+0000] {dag.py:3954} INFO - Setting next_dagrun for example_sla_dag to 2024-06-24 03:52:00+00:00, run_after=2024-06-24 03:54:00+00:00
[2024-06-24T03:54:00.428+0000] {processor.py:183} INFO - Processing /home/airflow/.local/lib/python3.12/site-packages/airflow/example_dags/example_sla_dag.py took 0.634 seconds
[2024-06-24T03:54:40.428+0000] {processor.py:161} INFO - Started process (PID=254) to work on /home/airflow/.local/lib/python3.12/site-packages/airflow/example_dags/example_sla_dag.py
[2024-06-24T03:54:40.432+0000] {processor.py:830} INFO - Processing file /home/airflow/.local/lib/python3.12/site-packages/airflow/example_dags/example_sla_dag.py for tasks to queue
[2024-06-24T03:54:40.440+0000] {logging_mixin.py:188} INFO - [2024-06-24T03:54:40.439+0000] {dagbag.py:545} INFO - Filling up the DagBag from /home/airflow/.local/lib/python3.12/site-packages/airflow/example_dags/example_sla_dag.py
[2024-06-24T03:54:40.480+0000] {processor.py:840} INFO - DAG(s) 'example_sla_dag' retrieved from /home/airflow/.local/lib/python3.12/site-packages/airflow/example_dags/example_sla_dag.py
[2024-06-24T03:54:40.574+0000] {logging_mixin.py:188} INFO - [2024-06-24T03:54:40.571+0000] {dag.py:3096} INFO - Sync 1 DAGs
[2024-06-24T03:54:40.715+0000] {logging_mixin.py:188} INFO - [2024-06-24T03:54:40.714+0000] {dag.py:3954} INFO - Setting next_dagrun for example_sla_dag to 2024-06-24 03:52:00+00:00, run_after=2024-06-24 03:54:00+00:00
[2024-06-24T03:54:40.840+0000] {processor.py:183} INFO - Processing /home/airflow/.local/lib/python3.12/site-packages/airflow/example_dags/example_sla_dag.py took 0.444 seconds
[2024-06-24T03:55:17.536+0000] {processor.py:161} INFO - Started process (PID=317) to work on /home/airflow/.local/lib/python3.12/site-packages/airflow/example_dags/example_sla_dag.py
[2024-06-24T03:55:17.540+0000] {processor.py:830} INFO - Processing file /home/airflow/.local/lib/python3.12/site-packages/airflow/example_dags/example_sla_dag.py for tasks to queue
[2024-06-24T03:55:17.548+0000] {logging_mixin.py:188} INFO - [2024-06-24T03:55:17.547+0000] {dagbag.py:545} INFO - Filling up the DagBag from /home/airflow/.local/lib/python3.12/site-packages/airflow/example_dags/example_sla_dag.py
[2024-06-24T03:55:17.579+0000] {processor.py:840} INFO - DAG(s) 'example_sla_dag' retrieved from /home/airflow/.local/lib/python3.12/site-packages/airflow/example_dags/example_sla_dag.py
[2024-06-24T03:55:17.650+0000] {logging_mixin.py:188} INFO - [2024-06-24T03:55:17.649+0000] {dag.py:3096} INFO - Sync 1 DAGs
[2024-06-24T03:55:17.737+0000] {logging_mixin.py:188} INFO - [2024-06-24T03:55:17.737+0000] {dag.py:3954} INFO - Setting next_dagrun for example_sla_dag to 2024-06-24 03:52:00+00:00, run_after=2024-06-24 03:54:00+00:00
[2024-06-24T03:55:17.806+0000] {processor.py:183} INFO - Processing /home/airflow/.local/lib/python3.12/site-packages/airflow/example_dags/example_sla_dag.py took 0.290 seconds
[2024-06-24T03:56:03.370+0000] {processor.py:161} INFO - Started process (PID=371) to work on /home/airflow/.local/lib/python3.12/site-packages/airflow/example_dags/example_sla_dag.py
[2024-06-24T03:56:03.379+0000] {processor.py:830} INFO - Processing file /home/airflow/.local/lib/python3.12/site-packages/airflow/example_dags/example_sla_dag.py for tasks to queue
[2024-06-24T03:56:03.399+0000] {logging_mixin.py:188} INFO - [2024-06-24T03:56:03.398+0000] {dagbag.py:545} INFO - Filling up the DagBag from /home/airflow/.local/lib/python3.12/site-packages/airflow/example_dags/example_sla_dag.py
[2024-06-24T03:56:03.508+0000] {processor.py:840} INFO - DAG(s) 'example_sla_dag' retrieved from /home/airflow/.local/lib/python3.12/site-packages/airflow/example_dags/example_sla_dag.py
[2024-06-24T03:56:03.777+0000] {logging_mixin.py:188} INFO - [2024-06-24T03:56:03.766+0000] {dag.py:3096} INFO - Sync 1 DAGs
[2024-06-24T03:56:04.104+0000] {logging_mixin.py:188} INFO - [2024-06-24T03:56:04.093+0000] {dag.py:3954} INFO - Setting next_dagrun for example_sla_dag to 2024-06-24 03:54:00+00:00, run_after=2024-06-24 03:56:00+00:00
[2024-06-24T03:56:04.386+0000] {processor.py:183} INFO - Processing /home/airflow/.local/lib/python3.12/site-packages/airflow/example_dags/example_sla_dag.py took 1.098 seconds
[2024-06-24T03:57:01.466+0000] {processor.py:161} INFO - Started process (PID=438) to work on /home/airflow/.local/lib/python3.12/site-packages/airflow/example_dags/example_sla_dag.py
[2024-06-24T03:57:01.480+0000] {processor.py:830} INFO - Processing file /home/airflow/.local/lib/python3.12/site-packages/airflow/example_dags/example_sla_dag.py for tasks to queue
[2024-06-24T03:57:01.491+0000] {logging_mixin.py:188} INFO - [2024-06-24T03:57:01.489+0000] {dagbag.py:545} INFO - Filling up the DagBag from /home/airflow/.local/lib/python3.12/site-packages/airflow/example_dags/example_sla_dag.py
[2024-06-24T03:57:01.579+0000] {processor.py:840} INFO - DAG(s) 'example_sla_dag' retrieved from /home/airflow/.local/lib/python3.12/site-packages/airflow/example_dags/example_sla_dag.py
[2024-06-24T03:57:02.102+0000] {logging_mixin.py:188} INFO - [2024-06-24T03:57:02.091+0000] {dag.py:3096} INFO - Sync 1 DAGs
[2024-06-24T03:57:02.847+0000] {logging_mixin.py:188} INFO - [2024-06-24T03:57:02.835+0000] {dag.py:3954} INFO - Setting next_dagrun for example_sla_dag to 2024-06-24 03:54:00+00:00, run_after=2024-06-24 03:56:00+00:00
[2024-06-24T03:57:03.329+0000] {processor.py:183} INFO - Processing /home/airflow/.local/lib/python3.12/site-packages/airflow/example_dags/example_sla_dag.py took 1.916 seconds
[2024-06-24T03:58:12.579+0000] {processor.py:161} INFO - Started process (PID=501) to work on /home/airflow/.local/lib/python3.12/site-packages/airflow/example_dags/example_sla_dag.py
[2024-06-24T03:58:12.587+0000] {processor.py:830} INFO - Processing file /home/airflow/.local/lib/python3.12/site-packages/airflow/example_dags/example_sla_dag.py for tasks to queue
[2024-06-24T03:58:12.612+0000] {logging_mixin.py:188} INFO - [2024-06-24T03:58:12.602+0000] {dagbag.py:545} INFO - Filling up the DagBag from /home/airflow/.local/lib/python3.12/site-packages/airflow/example_dags/example_sla_dag.py
[2024-06-24T03:58:12.727+0000] {processor.py:840} INFO - DAG(s) 'example_sla_dag' retrieved from /home/airflow/.local/lib/python3.12/site-packages/airflow/example_dags/example_sla_dag.py
[2024-06-24T03:58:13.027+0000] {logging_mixin.py:188} INFO - [2024-06-24T03:58:13.026+0000] {dag.py:3096} INFO - Sync 1 DAGs
[2024-06-24T03:58:13.374+0000] {logging_mixin.py:188} INFO - [2024-06-24T03:58:13.372+0000] {dag.py:3954} INFO - Setting next_dagrun for example_sla_dag to 2024-06-24 03:56:00+00:00, run_after=2024-06-24 03:58:00+00:00
[2024-06-24T03:58:14.098+0000] {processor.py:183} INFO - Processing /home/airflow/.local/lib/python3.12/site-packages/airflow/example_dags/example_sla_dag.py took 1.569 seconds
[2024-06-24T03:59:53.113+0000] {processor.py:161} INFO - Started process (PID=577) to work on /home/airflow/.local/lib/python3.12/site-packages/airflow/example_dags/example_sla_dag.py
[2024-06-24T03:59:53.121+0000] {processor.py:830} INFO - Processing file /home/airflow/.local/lib/python3.12/site-packages/airflow/example_dags/example_sla_dag.py for tasks to queue
[2024-06-24T03:59:53.184+0000] {logging_mixin.py:188} INFO - [2024-06-24T03:59:53.182+0000] {dagbag.py:545} INFO - Filling up the DagBag from /home/airflow/.local/lib/python3.12/site-packages/airflow/example_dags/example_sla_dag.py
[2024-06-24T03:59:53.478+0000] {processor.py:840} INFO - DAG(s) 'example_sla_dag' retrieved from /home/airflow/.local/lib/python3.12/site-packages/airflow/example_dags/example_sla_dag.py
[2024-06-24T03:59:55.049+0000] {logging_mixin.py:188} INFO - [2024-06-24T03:59:55.048+0000] {dag.py:3096} INFO - Sync 1 DAGs
[2024-06-24T03:59:55.530+0000] {logging_mixin.py:188} INFO - [2024-06-24T03:59:55.529+0000] {dag.py:3954} INFO - Setting next_dagrun for example_sla_dag to 2024-06-24 03:56:00+00:00, run_after=2024-06-24 03:58:00+00:00
[2024-06-24T03:59:56.234+0000] {processor.py:183} INFO - Processing /home/airflow/.local/lib/python3.12/site-packages/airflow/example_dags/example_sla_dag.py took 3.259 seconds
[2024-06-24T04:01:38.355+0000] {processor.py:161} INFO - Started process (PID=663) to work on /home/airflow/.local/lib/python3.12/site-packages/airflow/example_dags/example_sla_dag.py
[2024-06-24T04:01:38.374+0000] {processor.py:830} INFO - Processing file /home/airflow/.local/lib/python3.12/site-packages/airflow/example_dags/example_sla_dag.py for tasks to queue
[2024-06-24T04:01:38.390+0000] {logging_mixin.py:188} INFO - [2024-06-24T04:01:38.388+0000] {dagbag.py:545} INFO - Filling up the DagBag from /home/airflow/.local/lib/python3.12/site-packages/airflow/example_dags/example_sla_dag.py
[2024-06-24T04:01:38.522+0000] {processor.py:840} INFO - DAG(s) 'example_sla_dag' retrieved from /home/airflow/.local/lib/python3.12/site-packages/airflow/example_dags/example_sla_dag.py
[2024-06-24T04:01:38.778+0000] {logging_mixin.py:188} INFO - [2024-06-24T04:01:38.777+0000] {dag.py:3096} INFO - Sync 1 DAGs
[2024-06-24T04:01:39.265+0000] {logging_mixin.py:188} INFO - [2024-06-24T04:01:39.252+0000] {dag.py:3954} INFO - Setting next_dagrun for example_sla_dag to 2024-06-24 03:58:00+00:00, run_after=2024-06-24 04:00:00+00:00
[2024-06-24T04:01:40.890+0000] {processor.py:183} INFO - Processing /home/airflow/.local/lib/python3.12/site-packages/airflow/example_dags/example_sla_dag.py took 2.603 seconds
