[2024-06-24T03:52:42.141+0000] {processor.py:161} INFO - Started process (PID=79) to work on /home/airflow/.local/lib/python3.12/site-packages/airflow/example_dags/example_latest_only.py
[2024-06-24T03:52:42.144+0000] {processor.py:830} INFO - Processing file /home/airflow/.local/lib/python3.12/site-packages/airflow/example_dags/example_latest_only.py for tasks to queue
[2024-06-24T03:52:42.152+0000] {logging_mixin.py:188} INFO - [2024-06-24T03:52:42.151+0000] {dagbag.py:545} INFO - Filling up the DagBag from /home/airflow/.local/lib/python3.12/site-packages/airflow/example_dags/example_latest_only.py
[2024-06-24T03:52:42.184+0000] {processor.py:840} INFO - DAG(s) 'latest_only' retrieved from /home/airflow/.local/lib/python3.12/site-packages/airflow/example_dags/example_latest_only.py
[2024-06-24T03:52:42.746+0000] {logging_mixin.py:188} INFO - [2024-06-24T03:52:42.743+0000] {override.py:1829} INFO - Created Permission View: can delete on DAG:latest_only
[2024-06-24T03:52:42.846+0000] {logging_mixin.py:188} INFO - [2024-06-24T03:52:42.843+0000] {override.py:1829} INFO - Created Permission View: can edit on DAG:latest_only
[2024-06-24T03:52:42.912+0000] {logging_mixin.py:188} INFO - [2024-06-24T03:52:42.912+0000] {override.py:1829} INFO - Created Permission View: can read on DAG:latest_only
[2024-06-24T03:52:42.914+0000] {logging_mixin.py:188} INFO - [2024-06-24T03:52:42.914+0000] {dag.py:3096} INFO - Sync 1 DAGs
[2024-06-24T03:52:42.993+0000] {logging_mixin.py:188} INFO - [2024-06-24T03:52:42.991+0000] {dag.py:3118} INFO - Creating ORM DAG for latest_only
[2024-06-24T03:52:43.054+0000] {logging_mixin.py:188} INFO - [2024-06-24T03:52:43.053+0000] {dag.py:3954} INFO - Setting next_dagrun for latest_only to 2024-06-23 20:00:00+00:00, run_after=2024-06-24 00:00:00+00:00
[2024-06-24T03:52:43.190+0000] {processor.py:183} INFO - Processing /home/airflow/.local/lib/python3.12/site-packages/airflow/example_dags/example_latest_only.py took 1.071 seconds
[2024-06-24T03:53:13.551+0000] {processor.py:161} INFO - Started process (PID=141) to work on /home/airflow/.local/lib/python3.12/site-packages/airflow/example_dags/example_latest_only.py
[2024-06-24T03:53:13.554+0000] {processor.py:830} INFO - Processing file /home/airflow/.local/lib/python3.12/site-packages/airflow/example_dags/example_latest_only.py for tasks to queue
[2024-06-24T03:53:13.560+0000] {logging_mixin.py:188} INFO - [2024-06-24T03:53:13.559+0000] {dagbag.py:545} INFO - Filling up the DagBag from /home/airflow/.local/lib/python3.12/site-packages/airflow/example_dags/example_latest_only.py
[2024-06-24T03:53:13.573+0000] {processor.py:840} INFO - DAG(s) 'latest_only' retrieved from /home/airflow/.local/lib/python3.12/site-packages/airflow/example_dags/example_latest_only.py
[2024-06-24T03:53:13.628+0000] {logging_mixin.py:188} INFO - [2024-06-24T03:53:13.627+0000] {dag.py:3096} INFO - Sync 1 DAGs
[2024-06-24T03:53:13.692+0000] {logging_mixin.py:188} INFO - [2024-06-24T03:53:13.691+0000] {dag.py:3954} INFO - Setting next_dagrun for latest_only to 2024-06-23 20:00:00+00:00, run_after=2024-06-24 00:00:00+00:00
[2024-06-24T03:53:13.743+0000] {processor.py:183} INFO - Processing /home/airflow/.local/lib/python3.12/site-packages/airflow/example_dags/example_latest_only.py took 0.207 seconds
[2024-06-24T03:54:14.391+0000] {processor.py:161} INFO - Started process (PID=209) to work on /home/airflow/.local/lib/python3.12/site-packages/airflow/example_dags/example_latest_only.py
[2024-06-24T03:54:14.411+0000] {processor.py:830} INFO - Processing file /home/airflow/.local/lib/python3.12/site-packages/airflow/example_dags/example_latest_only.py for tasks to queue
[2024-06-24T03:54:14.428+0000] {logging_mixin.py:188} INFO - [2024-06-24T03:54:14.427+0000] {dagbag.py:545} INFO - Filling up the DagBag from /home/airflow/.local/lib/python3.12/site-packages/airflow/example_dags/example_latest_only.py
[2024-06-24T03:54:14.564+0000] {processor.py:840} INFO - DAG(s) 'latest_only' retrieved from /home/airflow/.local/lib/python3.12/site-packages/airflow/example_dags/example_latest_only.py
[2024-06-24T03:54:14.992+0000] {logging_mixin.py:188} INFO - [2024-06-24T03:54:14.990+0000] {dag.py:3096} INFO - Sync 1 DAGs
[2024-06-24T03:54:15.454+0000] {logging_mixin.py:188} INFO - [2024-06-24T03:54:15.453+0000] {dag.py:3954} INFO - Setting next_dagrun for latest_only to 2024-06-23 20:00:00+00:00, run_after=2024-06-24 00:00:00+00:00
[2024-06-24T03:54:15.817+0000] {processor.py:183} INFO - Processing /home/airflow/.local/lib/python3.12/site-packages/airflow/example_dags/example_latest_only.py took 1.531 seconds
[2024-06-24T03:54:49.157+0000] {processor.py:161} INFO - Started process (PID=271) to work on /home/airflow/.local/lib/python3.12/site-packages/airflow/example_dags/example_latest_only.py
[2024-06-24T03:54:49.163+0000] {processor.py:830} INFO - Processing file /home/airflow/.local/lib/python3.12/site-packages/airflow/example_dags/example_latest_only.py for tasks to queue
[2024-06-24T03:54:49.173+0000] {logging_mixin.py:188} INFO - [2024-06-24T03:54:49.172+0000] {dagbag.py:545} INFO - Filling up the DagBag from /home/airflow/.local/lib/python3.12/site-packages/airflow/example_dags/example_latest_only.py
[2024-06-24T03:54:49.194+0000] {processor.py:840} INFO - DAG(s) 'latest_only' retrieved from /home/airflow/.local/lib/python3.12/site-packages/airflow/example_dags/example_latest_only.py
[2024-06-24T03:54:49.298+0000] {logging_mixin.py:188} INFO - [2024-06-24T03:54:49.297+0000] {dag.py:3096} INFO - Sync 1 DAGs
[2024-06-24T03:54:49.420+0000] {logging_mixin.py:188} INFO - [2024-06-24T03:54:49.419+0000] {dag.py:3954} INFO - Setting next_dagrun for latest_only to 2024-06-23 20:00:00+00:00, run_after=2024-06-24 00:00:00+00:00
[2024-06-24T03:54:49.495+0000] {processor.py:183} INFO - Processing /home/airflow/.local/lib/python3.12/site-packages/airflow/example_dags/example_latest_only.py took 0.361 seconds
[2024-06-24T03:55:21.805+0000] {processor.py:161} INFO - Started process (PID=334) to work on /home/airflow/.local/lib/python3.12/site-packages/airflow/example_dags/example_latest_only.py
[2024-06-24T03:55:21.809+0000] {processor.py:830} INFO - Processing file /home/airflow/.local/lib/python3.12/site-packages/airflow/example_dags/example_latest_only.py for tasks to queue
[2024-06-24T03:55:21.816+0000] {logging_mixin.py:188} INFO - [2024-06-24T03:55:21.815+0000] {dagbag.py:545} INFO - Filling up the DagBag from /home/airflow/.local/lib/python3.12/site-packages/airflow/example_dags/example_latest_only.py
[2024-06-24T03:55:21.830+0000] {processor.py:840} INFO - DAG(s) 'latest_only' retrieved from /home/airflow/.local/lib/python3.12/site-packages/airflow/example_dags/example_latest_only.py
[2024-06-24T03:55:21.906+0000] {logging_mixin.py:188} INFO - [2024-06-24T03:55:21.905+0000] {dag.py:3096} INFO - Sync 1 DAGs
[2024-06-24T03:55:22.025+0000] {logging_mixin.py:188} INFO - [2024-06-24T03:55:22.024+0000] {dag.py:3954} INFO - Setting next_dagrun for latest_only to 2024-06-23 20:00:00+00:00, run_after=2024-06-24 00:00:00+00:00
[2024-06-24T03:55:22.118+0000] {processor.py:183} INFO - Processing /home/airflow/.local/lib/python3.12/site-packages/airflow/example_dags/example_latest_only.py took 0.332 seconds
[2024-06-24T03:56:29.055+0000] {processor.py:161} INFO - Started process (PID=402) to work on /home/airflow/.local/lib/python3.12/site-packages/airflow/example_dags/example_latest_only.py
[2024-06-24T03:56:29.067+0000] {processor.py:830} INFO - Processing file /home/airflow/.local/lib/python3.12/site-packages/airflow/example_dags/example_latest_only.py for tasks to queue
[2024-06-24T03:56:29.078+0000] {logging_mixin.py:188} INFO - [2024-06-24T03:56:29.077+0000] {dagbag.py:545} INFO - Filling up the DagBag from /home/airflow/.local/lib/python3.12/site-packages/airflow/example_dags/example_latest_only.py
[2024-06-24T03:56:29.153+0000] {processor.py:840} INFO - DAG(s) 'latest_only' retrieved from /home/airflow/.local/lib/python3.12/site-packages/airflow/example_dags/example_latest_only.py
[2024-06-24T03:56:29.444+0000] {logging_mixin.py:188} INFO - [2024-06-24T03:56:29.443+0000] {dag.py:3096} INFO - Sync 1 DAGs
[2024-06-24T03:56:30.198+0000] {logging_mixin.py:188} INFO - [2024-06-24T03:56:30.187+0000] {dag.py:3954} INFO - Setting next_dagrun for latest_only to 2024-06-23 20:00:00+00:00, run_after=2024-06-24 00:00:00+00:00
[2024-06-24T03:56:30.956+0000] {processor.py:183} INFO - Processing /home/airflow/.local/lib/python3.12/site-packages/airflow/example_dags/example_latest_only.py took 1.937 seconds
[2024-06-24T03:57:35.155+0000] {processor.py:161} INFO - Started process (PID=468) to work on /home/airflow/.local/lib/python3.12/site-packages/airflow/example_dags/example_latest_only.py
[2024-06-24T03:57:35.169+0000] {processor.py:830} INFO - Processing file /home/airflow/.local/lib/python3.12/site-packages/airflow/example_dags/example_latest_only.py for tasks to queue
[2024-06-24T03:57:35.191+0000] {logging_mixin.py:188} INFO - [2024-06-24T03:57:35.190+0000] {dagbag.py:545} INFO - Filling up the DagBag from /home/airflow/.local/lib/python3.12/site-packages/airflow/example_dags/example_latest_only.py
[2024-06-24T03:57:35.285+0000] {processor.py:840} INFO - DAG(s) 'latest_only' retrieved from /home/airflow/.local/lib/python3.12/site-packages/airflow/example_dags/example_latest_only.py
[2024-06-24T03:57:35.667+0000] {logging_mixin.py:188} INFO - [2024-06-24T03:57:35.666+0000] {dag.py:3096} INFO - Sync 1 DAGs
[2024-06-24T03:57:36.153+0000] {logging_mixin.py:188} INFO - [2024-06-24T03:57:36.139+0000] {dag.py:3954} INFO - Setting next_dagrun for latest_only to 2024-06-23 20:00:00+00:00, run_after=2024-06-24 00:00:00+00:00
[2024-06-24T03:57:36.499+0000] {processor.py:183} INFO - Processing /home/airflow/.local/lib/python3.12/site-packages/airflow/example_dags/example_latest_only.py took 1.425 seconds
