[2024-06-24T03:52:36.378+0000] {processor.py:161} INFO - Started process (PID=64) to work on /home/airflow/.local/lib/python3.12/site-packages/airflow/example_dags/example_bash_operator.py
[2024-06-24T03:52:36.382+0000] {processor.py:830} INFO - Processing file /home/airflow/.local/lib/python3.12/site-packages/airflow/example_dags/example_bash_operator.py for tasks to queue
[2024-06-24T03:52:36.388+0000] {logging_mixin.py:188} INFO - [2024-06-24T03:52:36.387+0000] {dagbag.py:545} INFO - Filling up the DagBag from /home/airflow/.local/lib/python3.12/site-packages/airflow/example_dags/example_bash_operator.py
[2024-06-24T03:52:36.433+0000] {processor.py:840} INFO - DAG(s) 'example_bash_operator' retrieved from /home/airflow/.local/lib/python3.12/site-packages/airflow/example_dags/example_bash_operator.py
[2024-06-24T03:52:36.802+0000] {logging_mixin.py:188} INFO - [2024-06-24T03:52:36.800+0000] {override.py:1829} INFO - Created Permission View: can delete on DAG:example_bash_operator
[2024-06-24T03:52:36.841+0000] {logging_mixin.py:188} INFO - [2024-06-24T03:52:36.840+0000] {override.py:1829} INFO - Created Permission View: can edit on DAG:example_bash_operator
[2024-06-24T03:52:36.868+0000] {logging_mixin.py:188} INFO - [2024-06-24T03:52:36.867+0000] {override.py:1829} INFO - Created Permission View: can read on DAG:example_bash_operator
[2024-06-24T03:52:36.871+0000] {logging_mixin.py:188} INFO - [2024-06-24T03:52:36.870+0000] {dag.py:3096} INFO - Sync 1 DAGs
[2024-06-24T03:52:36.902+0000] {logging_mixin.py:188} INFO - [2024-06-24T03:52:36.901+0000] {dag.py:3118} INFO - Creating ORM DAG for example_bash_operator
[2024-06-24T03:52:36.939+0000] {logging_mixin.py:188} INFO - [2024-06-24T03:52:36.939+0000] {dag.py:3954} INFO - Setting next_dagrun for example_bash_operator to 2024-06-23 00:00:00+00:00, run_after=2024-06-24 00:00:00+00:00
[2024-06-24T03:52:36.980+0000] {processor.py:183} INFO - Processing /home/airflow/.local/lib/python3.12/site-packages/airflow/example_dags/example_bash_operator.py took 0.620 seconds
[2024-06-24T03:53:07.169+0000] {processor.py:161} INFO - Started process (PID=126) to work on /home/airflow/.local/lib/python3.12/site-packages/airflow/example_dags/example_bash_operator.py
[2024-06-24T03:53:07.173+0000] {processor.py:830} INFO - Processing file /home/airflow/.local/lib/python3.12/site-packages/airflow/example_dags/example_bash_operator.py for tasks to queue
[2024-06-24T03:53:07.180+0000] {logging_mixin.py:188} INFO - [2024-06-24T03:53:07.179+0000] {dagbag.py:545} INFO - Filling up the DagBag from /home/airflow/.local/lib/python3.12/site-packages/airflow/example_dags/example_bash_operator.py
[2024-06-24T03:53:07.215+0000] {processor.py:840} INFO - DAG(s) 'example_bash_operator' retrieved from /home/airflow/.local/lib/python3.12/site-packages/airflow/example_dags/example_bash_operator.py
[2024-06-24T03:53:07.305+0000] {logging_mixin.py:188} INFO - [2024-06-24T03:53:07.304+0000] {dag.py:3096} INFO - Sync 1 DAGs
[2024-06-24T03:53:07.368+0000] {logging_mixin.py:188} INFO - [2024-06-24T03:53:07.367+0000] {dag.py:3954} INFO - Setting next_dagrun for example_bash_operator to 2024-06-23 00:00:00+00:00, run_after=2024-06-24 00:00:00+00:00
[2024-06-24T03:53:07.448+0000] {processor.py:183} INFO - Processing /home/airflow/.local/lib/python3.12/site-packages/airflow/example_dags/example_bash_operator.py took 0.295 seconds
[2024-06-24T03:54:00.761+0000] {processor.py:161} INFO - Started process (PID=188) to work on /home/airflow/.local/lib/python3.12/site-packages/airflow/example_dags/example_bash_operator.py
[2024-06-24T03:54:00.786+0000] {processor.py:830} INFO - Processing file /home/airflow/.local/lib/python3.12/site-packages/airflow/example_dags/example_bash_operator.py for tasks to queue
[2024-06-24T03:54:00.835+0000] {logging_mixin.py:188} INFO - [2024-06-24T03:54:00.833+0000] {dagbag.py:545} INFO - Filling up the DagBag from /home/airflow/.local/lib/python3.12/site-packages/airflow/example_dags/example_bash_operator.py
[2024-06-24T03:54:01.066+0000] {processor.py:840} INFO - DAG(s) 'example_bash_operator' retrieved from /home/airflow/.local/lib/python3.12/site-packages/airflow/example_dags/example_bash_operator.py
[2024-06-24T03:54:01.609+0000] {logging_mixin.py:188} INFO - [2024-06-24T03:54:01.597+0000] {dag.py:3096} INFO - Sync 1 DAGs
[2024-06-24T03:54:02.090+0000] {logging_mixin.py:188} INFO - [2024-06-24T03:54:02.089+0000] {dag.py:3954} INFO - Setting next_dagrun for example_bash_operator to 2024-06-23 00:00:00+00:00, run_after=2024-06-24 00:00:00+00:00
[2024-06-24T03:54:02.532+0000] {processor.py:183} INFO - Processing /home/airflow/.local/lib/python3.12/site-packages/airflow/example_dags/example_bash_operator.py took 1.884 seconds
[2024-06-24T03:54:41.223+0000] {processor.py:161} INFO - Started process (PID=256) to work on /home/airflow/.local/lib/python3.12/site-packages/airflow/example_dags/example_bash_operator.py
[2024-06-24T03:54:41.271+0000] {processor.py:830} INFO - Processing file /home/airflow/.local/lib/python3.12/site-packages/airflow/example_dags/example_bash_operator.py for tasks to queue
[2024-06-24T03:54:41.303+0000] {logging_mixin.py:188} INFO - [2024-06-24T03:54:41.301+0000] {dagbag.py:545} INFO - Filling up the DagBag from /home/airflow/.local/lib/python3.12/site-packages/airflow/example_dags/example_bash_operator.py
[2024-06-24T03:54:41.546+0000] {processor.py:840} INFO - DAG(s) 'example_bash_operator' retrieved from /home/airflow/.local/lib/python3.12/site-packages/airflow/example_dags/example_bash_operator.py
[2024-06-24T03:54:41.973+0000] {logging_mixin.py:188} INFO - [2024-06-24T03:54:41.972+0000] {dag.py:3096} INFO - Sync 1 DAGs
[2024-06-24T03:54:42.292+0000] {logging_mixin.py:188} INFO - [2024-06-24T03:54:42.291+0000] {dag.py:3954} INFO - Setting next_dagrun for example_bash_operator to 2024-06-23 00:00:00+00:00, run_after=2024-06-24 00:00:00+00:00
[2024-06-24T03:54:42.572+0000] {processor.py:183} INFO - Processing /home/airflow/.local/lib/python3.12/site-packages/airflow/example_dags/example_bash_operator.py took 1.419 seconds
[2024-06-24T03:55:17.902+0000] {processor.py:161} INFO - Started process (PID=319) to work on /home/airflow/.local/lib/python3.12/site-packages/airflow/example_dags/example_bash_operator.py
[2024-06-24T03:55:17.909+0000] {processor.py:830} INFO - Processing file /home/airflow/.local/lib/python3.12/site-packages/airflow/example_dags/example_bash_operator.py for tasks to queue
[2024-06-24T03:55:17.917+0000] {logging_mixin.py:188} INFO - [2024-06-24T03:55:17.915+0000] {dagbag.py:545} INFO - Filling up the DagBag from /home/airflow/.local/lib/python3.12/site-packages/airflow/example_dags/example_bash_operator.py
[2024-06-24T03:55:17.960+0000] {processor.py:840} INFO - DAG(s) 'example_bash_operator' retrieved from /home/airflow/.local/lib/python3.12/site-packages/airflow/example_dags/example_bash_operator.py
[2024-06-24T03:55:18.065+0000] {logging_mixin.py:188} INFO - [2024-06-24T03:55:18.065+0000] {dag.py:3096} INFO - Sync 1 DAGs
[2024-06-24T03:55:18.155+0000] {logging_mixin.py:188} INFO - [2024-06-24T03:55:18.154+0000] {dag.py:3954} INFO - Setting next_dagrun for example_bash_operator to 2024-06-23 00:00:00+00:00, run_after=2024-06-24 00:00:00+00:00
[2024-06-24T03:55:18.230+0000] {processor.py:183} INFO - Processing /home/airflow/.local/lib/python3.12/site-packages/airflow/example_dags/example_bash_operator.py took 0.350 seconds
[2024-06-24T03:56:04.808+0000] {processor.py:161} INFO - Started process (PID=373) to work on /home/airflow/.local/lib/python3.12/site-packages/airflow/example_dags/example_bash_operator.py
[2024-06-24T03:56:04.852+0000] {processor.py:830} INFO - Processing file /home/airflow/.local/lib/python3.12/site-packages/airflow/example_dags/example_bash_operator.py for tasks to queue
[2024-06-24T03:56:04.889+0000] {logging_mixin.py:188} INFO - [2024-06-24T03:56:04.887+0000] {dagbag.py:545} INFO - Filling up the DagBag from /home/airflow/.local/lib/python3.12/site-packages/airflow/example_dags/example_bash_operator.py
[2024-06-24T03:56:05.002+0000] {processor.py:840} INFO - DAG(s) 'example_bash_operator' retrieved from /home/airflow/.local/lib/python3.12/site-packages/airflow/example_dags/example_bash_operator.py
[2024-06-24T03:56:05.402+0000] {logging_mixin.py:188} INFO - [2024-06-24T03:56:05.401+0000] {dag.py:3096} INFO - Sync 1 DAGs
[2024-06-24T03:56:05.805+0000] {logging_mixin.py:188} INFO - [2024-06-24T03:56:05.804+0000] {dag.py:3954} INFO - Setting next_dagrun for example_bash_operator to 2024-06-23 00:00:00+00:00, run_after=2024-06-24 00:00:00+00:00
[2024-06-24T03:56:06.061+0000] {processor.py:183} INFO - Processing /home/airflow/.local/lib/python3.12/site-packages/airflow/example_dags/example_bash_operator.py took 1.337 seconds
[2024-06-24T03:57:04.714+0000] {processor.py:161} INFO - Started process (PID=440) to work on /home/airflow/.local/lib/python3.12/site-packages/airflow/example_dags/example_bash_operator.py
[2024-06-24T03:57:04.738+0000] {processor.py:830} INFO - Processing file /home/airflow/.local/lib/python3.12/site-packages/airflow/example_dags/example_bash_operator.py for tasks to queue
[2024-06-24T03:57:04.755+0000] {logging_mixin.py:188} INFO - [2024-06-24T03:57:04.754+0000] {dagbag.py:545} INFO - Filling up the DagBag from /home/airflow/.local/lib/python3.12/site-packages/airflow/example_dags/example_bash_operator.py
[2024-06-24T03:57:04.891+0000] {processor.py:840} INFO - DAG(s) 'example_bash_operator' retrieved from /home/airflow/.local/lib/python3.12/site-packages/airflow/example_dags/example_bash_operator.py
[2024-06-24T03:57:05.295+0000] {logging_mixin.py:188} INFO - [2024-06-24T03:57:05.293+0000] {dag.py:3096} INFO - Sync 1 DAGs
[2024-06-24T03:57:05.698+0000] {logging_mixin.py:188} INFO - [2024-06-24T03:57:05.696+0000] {dag.py:3954} INFO - Setting next_dagrun for example_bash_operator to 2024-06-23 00:00:00+00:00, run_after=2024-06-24 00:00:00+00:00
[2024-06-24T03:57:06.001+0000] {processor.py:183} INFO - Processing /home/airflow/.local/lib/python3.12/site-packages/airflow/example_dags/example_bash_operator.py took 1.341 seconds
[2024-06-24T03:58:15.817+0000] {processor.py:161} INFO - Started process (PID=503) to work on /home/airflow/.local/lib/python3.12/site-packages/airflow/example_dags/example_bash_operator.py
[2024-06-24T03:58:15.844+0000] {processor.py:830} INFO - Processing file /home/airflow/.local/lib/python3.12/site-packages/airflow/example_dags/example_bash_operator.py for tasks to queue
[2024-06-24T03:58:15.864+0000] {logging_mixin.py:188} INFO - [2024-06-24T03:58:15.863+0000] {dagbag.py:545} INFO - Filling up the DagBag from /home/airflow/.local/lib/python3.12/site-packages/airflow/example_dags/example_bash_operator.py
[2024-06-24T03:58:15.978+0000] {processor.py:840} INFO - DAG(s) 'example_bash_operator' retrieved from /home/airflow/.local/lib/python3.12/site-packages/airflow/example_dags/example_bash_operator.py
[2024-06-24T03:58:16.516+0000] {logging_mixin.py:188} INFO - [2024-06-24T03:58:16.515+0000] {dag.py:3096} INFO - Sync 1 DAGs
[2024-06-24T03:58:16.849+0000] {logging_mixin.py:188} INFO - [2024-06-24T03:58:16.848+0000] {dag.py:3954} INFO - Setting next_dagrun for example_bash_operator to 2024-06-23 00:00:00+00:00, run_after=2024-06-24 00:00:00+00:00
[2024-06-24T03:58:18.281+0000] {processor.py:183} INFO - Processing /home/airflow/.local/lib/python3.12/site-packages/airflow/example_dags/example_bash_operator.py took 2.517 seconds
