[2024-06-24T03:52:49.870+0000] {processor.py:161} INFO - Started process (PID=94) to work on /home/airflow/.local/lib/python3.12/site-packages/airflow/example_dags/example_complex.py
[2024-06-24T03:52:49.872+0000] {processor.py:830} INFO - Processing file /home/airflow/.local/lib/python3.12/site-packages/airflow/example_dags/example_complex.py for tasks to queue
[2024-06-24T03:52:49.876+0000] {logging_mixin.py:188} INFO - [2024-06-24T03:52:49.875+0000] {dagbag.py:545} INFO - Filling up the DagBag from /home/airflow/.local/lib/python3.12/site-packages/airflow/example_dags/example_complex.py
[2024-06-24T03:52:49.905+0000] {processor.py:840} INFO - DAG(s) 'example_complex' retrieved from /home/airflow/.local/lib/python3.12/site-packages/airflow/example_dags/example_complex.py
[2024-06-24T03:52:50.401+0000] {logging_mixin.py:188} INFO - [2024-06-24T03:52:50.399+0000] {override.py:1829} INFO - Created Permission View: can delete on DAG:example_complex
[2024-06-24T03:52:50.436+0000] {logging_mixin.py:188} INFO - [2024-06-24T03:52:50.435+0000] {override.py:1829} INFO - Created Permission View: can edit on DAG:example_complex
[2024-06-24T03:52:50.467+0000] {logging_mixin.py:188} INFO - [2024-06-24T03:52:50.466+0000] {override.py:1829} INFO - Created Permission View: can read on DAG:example_complex
[2024-06-24T03:52:50.469+0000] {logging_mixin.py:188} INFO - [2024-06-24T03:52:50.468+0000] {dag.py:3096} INFO - Sync 1 DAGs
[2024-06-24T03:52:50.510+0000] {logging_mixin.py:188} INFO - [2024-06-24T03:52:50.510+0000] {dag.py:3118} INFO - Creating ORM DAG for example_complex
[2024-06-24T03:52:50.514+0000] {logging_mixin.py:188} INFO - [2024-06-24T03:52:50.513+0000] {dag.py:3954} INFO - Setting next_dagrun for example_complex to None, run_after=None
[2024-06-24T03:52:50.594+0000] {processor.py:183} INFO - Processing /home/airflow/.local/lib/python3.12/site-packages/airflow/example_dags/example_complex.py took 0.743 seconds
[2024-06-24T03:53:29.033+0000] {processor.py:161} INFO - Started process (PID=156) to work on /home/airflow/.local/lib/python3.12/site-packages/airflow/example_dags/example_complex.py
[2024-06-24T03:53:29.069+0000] {processor.py:830} INFO - Processing file /home/airflow/.local/lib/python3.12/site-packages/airflow/example_dags/example_complex.py for tasks to queue
[2024-06-24T03:53:29.186+0000] {logging_mixin.py:188} INFO - [2024-06-24T03:53:29.184+0000] {dagbag.py:545} INFO - Filling up the DagBag from /home/airflow/.local/lib/python3.12/site-packages/airflow/example_dags/example_complex.py
[2024-06-24T03:53:29.325+0000] {processor.py:840} INFO - DAG(s) 'example_complex' retrieved from /home/airflow/.local/lib/python3.12/site-packages/airflow/example_dags/example_complex.py
[2024-06-24T03:53:29.502+0000] {logging_mixin.py:188} INFO - [2024-06-24T03:53:29.495+0000] {dag.py:3096} INFO - Sync 1 DAGs
[2024-06-24T03:53:29.570+0000] {logging_mixin.py:188} INFO - [2024-06-24T03:53:29.570+0000] {dag.py:3954} INFO - Setting next_dagrun for example_complex to None, run_after=None
[2024-06-24T03:53:29.656+0000] {processor.py:183} INFO - Processing /home/airflow/.local/lib/python3.12/site-packages/airflow/example_dags/example_complex.py took 0.717 seconds
[2024-06-24T03:54:25.010+0000] {processor.py:161} INFO - Started process (PID=224) to work on /home/airflow/.local/lib/python3.12/site-packages/airflow/example_dags/example_complex.py
[2024-06-24T03:54:25.014+0000] {processor.py:830} INFO - Processing file /home/airflow/.local/lib/python3.12/site-packages/airflow/example_dags/example_complex.py for tasks to queue
[2024-06-24T03:54:25.022+0000] {logging_mixin.py:188} INFO - [2024-06-24T03:54:25.021+0000] {dagbag.py:545} INFO - Filling up the DagBag from /home/airflow/.local/lib/python3.12/site-packages/airflow/example_dags/example_complex.py
[2024-06-24T03:54:25.070+0000] {processor.py:840} INFO - DAG(s) 'example_complex' retrieved from /home/airflow/.local/lib/python3.12/site-packages/airflow/example_dags/example_complex.py
[2024-06-24T03:54:25.244+0000] {logging_mixin.py:188} INFO - [2024-06-24T03:54:25.243+0000] {dag.py:3096} INFO - Sync 1 DAGs
[2024-06-24T03:54:25.326+0000] {logging_mixin.py:188} INFO - [2024-06-24T03:54:25.325+0000] {dag.py:3954} INFO - Setting next_dagrun for example_complex to None, run_after=None
[2024-06-24T03:54:25.421+0000] {processor.py:183} INFO - Processing /home/airflow/.local/lib/python3.12/site-packages/airflow/example_dags/example_complex.py took 0.438 seconds
[2024-06-24T03:55:03.861+0000] {processor.py:161} INFO - Started process (PID=286) to work on /home/airflow/.local/lib/python3.12/site-packages/airflow/example_dags/example_complex.py
[2024-06-24T03:55:03.875+0000] {processor.py:830} INFO - Processing file /home/airflow/.local/lib/python3.12/site-packages/airflow/example_dags/example_complex.py for tasks to queue
[2024-06-24T03:55:03.896+0000] {logging_mixin.py:188} INFO - [2024-06-24T03:55:03.895+0000] {dagbag.py:545} INFO - Filling up the DagBag from /home/airflow/.local/lib/python3.12/site-packages/airflow/example_dags/example_complex.py
[2024-06-24T03:55:04.020+0000] {processor.py:840} INFO - DAG(s) 'example_complex' retrieved from /home/airflow/.local/lib/python3.12/site-packages/airflow/example_dags/example_complex.py
[2024-06-24T03:55:04.446+0000] {logging_mixin.py:188} INFO - [2024-06-24T03:55:04.444+0000] {dag.py:3096} INFO - Sync 1 DAGs
[2024-06-24T03:55:04.667+0000] {logging_mixin.py:188} INFO - [2024-06-24T03:55:04.665+0000] {dag.py:3954} INFO - Setting next_dagrun for example_complex to None, run_after=None
[2024-06-24T03:55:05.486+0000] {processor.py:183} INFO - Processing /home/airflow/.local/lib/python3.12/site-packages/airflow/example_dags/example_complex.py took 1.741 seconds
[2024-06-24T03:55:36.682+0000] {processor.py:161} INFO - Started process (PID=349) to work on /home/airflow/.local/lib/python3.12/site-packages/airflow/example_dags/example_complex.py
[2024-06-24T03:55:36.718+0000] {processor.py:830} INFO - Processing file /home/airflow/.local/lib/python3.12/site-packages/airflow/example_dags/example_complex.py for tasks to queue
[2024-06-24T03:55:36.778+0000] {logging_mixin.py:188} INFO - [2024-06-24T03:55:36.764+0000] {dagbag.py:545} INFO - Filling up the DagBag from /home/airflow/.local/lib/python3.12/site-packages/airflow/example_dags/example_complex.py
[2024-06-24T03:55:37.030+0000] {processor.py:840} INFO - DAG(s) 'example_complex' retrieved from /home/airflow/.local/lib/python3.12/site-packages/airflow/example_dags/example_complex.py
[2024-06-24T03:55:37.803+0000] {logging_mixin.py:188} INFO - [2024-06-24T03:55:37.780+0000] {dag.py:3096} INFO - Sync 1 DAGs
[2024-06-24T03:55:38.212+0000] {logging_mixin.py:188} INFO - [2024-06-24T03:55:38.211+0000] {dag.py:3954} INFO - Setting next_dagrun for example_complex to None, run_after=None
[2024-06-24T03:55:38.618+0000] {processor.py:183} INFO - Processing /home/airflow/.local/lib/python3.12/site-packages/airflow/example_dags/example_complex.py took 2.050 seconds
[2024-06-24T03:56:43.491+0000] {processor.py:161} INFO - Started process (PID=423) to work on /home/airflow/.local/lib/python3.12/site-packages/airflow/example_dags/example_complex.py
[2024-06-24T03:56:43.559+0000] {processor.py:830} INFO - Processing file /home/airflow/.local/lib/python3.12/site-packages/airflow/example_dags/example_complex.py for tasks to queue
[2024-06-24T03:56:43.587+0000] {logging_mixin.py:188} INFO - [2024-06-24T03:56:43.585+0000] {dagbag.py:545} INFO - Filling up the DagBag from /home/airflow/.local/lib/python3.12/site-packages/airflow/example_dags/example_complex.py
[2024-06-24T03:56:43.784+0000] {processor.py:840} INFO - DAG(s) 'example_complex' retrieved from /home/airflow/.local/lib/python3.12/site-packages/airflow/example_dags/example_complex.py
[2024-06-24T03:56:44.224+0000] {logging_mixin.py:188} INFO - [2024-06-24T03:56:44.223+0000] {dag.py:3096} INFO - Sync 1 DAGs
[2024-06-24T03:56:44.375+0000] {logging_mixin.py:188} INFO - [2024-06-24T03:56:44.374+0000] {dag.py:3954} INFO - Setting next_dagrun for example_complex to None, run_after=None
[2024-06-24T03:56:44.649+0000] {processor.py:183} INFO - Processing /home/airflow/.local/lib/python3.12/site-packages/airflow/example_dags/example_complex.py took 1.252 seconds
[2024-06-24T03:58:29.244+0000] {processor.py:161} INFO - Started process (PID=519) to work on /home/airflow/.local/lib/python3.12/site-packages/airflow/example_dags/example_complex.py
[2024-06-24T03:58:29.250+0000] {processor.py:830} INFO - Processing file /home/airflow/.local/lib/python3.12/site-packages/airflow/example_dags/example_complex.py for tasks to queue
[2024-06-24T03:58:29.272+0000] {logging_mixin.py:188} INFO - [2024-06-24T03:58:29.271+0000] {dagbag.py:545} INFO - Filling up the DagBag from /home/airflow/.local/lib/python3.12/site-packages/airflow/example_dags/example_complex.py
[2024-06-24T03:58:29.402+0000] {processor.py:840} INFO - DAG(s) 'example_complex' retrieved from /home/airflow/.local/lib/python3.12/site-packages/airflow/example_dags/example_complex.py
