[2024-06-24T03:52:40.697+0000] {processor.py:161} INFO - Started process (PID=76) to work on /home/airflow/.local/lib/python3.12/site-packages/airflow/example_dags/example_branch_day_of_week_operator.py
[2024-06-24T03:52:40.700+0000] {processor.py:830} INFO - Processing file /home/airflow/.local/lib/python3.12/site-packages/airflow/example_dags/example_branch_day_of_week_operator.py for tasks to queue
[2024-06-24T03:52:40.707+0000] {logging_mixin.py:188} INFO - [2024-06-24T03:52:40.706+0000] {dagbag.py:545} INFO - Filling up the DagBag from /home/airflow/.local/lib/python3.12/site-packages/airflow/example_dags/example_branch_day_of_week_operator.py
[2024-06-24T03:52:40.742+0000] {processor.py:840} INFO - DAG(s) 'example_weekday_branch_operator' retrieved from /home/airflow/.local/lib/python3.12/site-packages/airflow/example_dags/example_branch_day_of_week_operator.py
[2024-06-24T03:52:41.118+0000] {logging_mixin.py:188} INFO - [2024-06-24T03:52:41.116+0000] {override.py:1829} INFO - Created Permission View: can delete on DAG:example_weekday_branch_operator
[2024-06-24T03:52:41.153+0000] {logging_mixin.py:188} INFO - [2024-06-24T03:52:41.152+0000] {override.py:1829} INFO - Created Permission View: can edit on DAG:example_weekday_branch_operator
[2024-06-24T03:52:41.182+0000] {logging_mixin.py:188} INFO - [2024-06-24T03:52:41.181+0000] {override.py:1829} INFO - Created Permission View: can read on DAG:example_weekday_branch_operator
[2024-06-24T03:52:41.185+0000] {logging_mixin.py:188} INFO - [2024-06-24T03:52:41.184+0000] {dag.py:3096} INFO - Sync 1 DAGs
[2024-06-24T03:52:41.222+0000] {logging_mixin.py:188} INFO - [2024-06-24T03:52:41.221+0000] {dag.py:3118} INFO - Creating ORM DAG for example_weekday_branch_operator
[2024-06-24T03:52:41.257+0000] {logging_mixin.py:188} INFO - [2024-06-24T03:52:41.257+0000] {dag.py:3954} INFO - Setting next_dagrun for example_weekday_branch_operator to 2024-06-23 00:00:00+00:00, run_after=2024-06-24 00:00:00+00:00
[2024-06-24T03:52:41.318+0000] {processor.py:183} INFO - Processing /home/airflow/.local/lib/python3.12/site-packages/airflow/example_dags/example_branch_day_of_week_operator.py took 0.639 seconds
[2024-06-24T03:53:11.905+0000] {processor.py:161} INFO - Started process (PID=138) to work on /home/airflow/.local/lib/python3.12/site-packages/airflow/example_dags/example_branch_day_of_week_operator.py
[2024-06-24T03:53:11.908+0000] {processor.py:830} INFO - Processing file /home/airflow/.local/lib/python3.12/site-packages/airflow/example_dags/example_branch_day_of_week_operator.py for tasks to queue
[2024-06-24T03:53:11.912+0000] {logging_mixin.py:188} INFO - [2024-06-24T03:53:11.912+0000] {dagbag.py:545} INFO - Filling up the DagBag from /home/airflow/.local/lib/python3.12/site-packages/airflow/example_dags/example_branch_day_of_week_operator.py
[2024-06-24T03:53:11.929+0000] {processor.py:840} INFO - DAG(s) 'example_weekday_branch_operator' retrieved from /home/airflow/.local/lib/python3.12/site-packages/airflow/example_dags/example_branch_day_of_week_operator.py
[2024-06-24T03:53:11.977+0000] {logging_mixin.py:188} INFO - [2024-06-24T03:53:11.977+0000] {dag.py:3096} INFO - Sync 1 DAGs
[2024-06-24T03:53:12.026+0000] {logging_mixin.py:188} INFO - [2024-06-24T03:53:12.025+0000] {dag.py:3954} INFO - Setting next_dagrun for example_weekday_branch_operator to 2024-06-23 00:00:00+00:00, run_after=2024-06-24 00:00:00+00:00
[2024-06-24T03:53:12.075+0000] {processor.py:183} INFO - Processing /home/airflow/.local/lib/python3.12/site-packages/airflow/example_dags/example_branch_day_of_week_operator.py took 0.181 seconds
[2024-06-24T03:54:11.362+0000] {processor.py:161} INFO - Started process (PID=206) to work on /home/airflow/.local/lib/python3.12/site-packages/airflow/example_dags/example_branch_day_of_week_operator.py
[2024-06-24T03:54:11.370+0000] {processor.py:830} INFO - Processing file /home/airflow/.local/lib/python3.12/site-packages/airflow/example_dags/example_branch_day_of_week_operator.py for tasks to queue
[2024-06-24T03:54:11.390+0000] {logging_mixin.py:188} INFO - [2024-06-24T03:54:11.389+0000] {dagbag.py:545} INFO - Filling up the DagBag from /home/airflow/.local/lib/python3.12/site-packages/airflow/example_dags/example_branch_day_of_week_operator.py
[2024-06-24T03:54:11.481+0000] {processor.py:840} INFO - DAG(s) 'example_weekday_branch_operator' retrieved from /home/airflow/.local/lib/python3.12/site-packages/airflow/example_dags/example_branch_day_of_week_operator.py
[2024-06-24T03:54:11.851+0000] {logging_mixin.py:188} INFO - [2024-06-24T03:54:11.850+0000] {dag.py:3096} INFO - Sync 1 DAGs
[2024-06-24T03:54:12.087+0000] {logging_mixin.py:188} INFO - [2024-06-24T03:54:12.086+0000] {dag.py:3954} INFO - Setting next_dagrun for example_weekday_branch_operator to 2024-06-23 00:00:00+00:00, run_after=2024-06-24 00:00:00+00:00
[2024-06-24T03:54:12.409+0000] {processor.py:183} INFO - Processing /home/airflow/.local/lib/python3.12/site-packages/airflow/example_dags/example_branch_day_of_week_operator.py took 1.123 seconds
[2024-06-24T03:54:47.877+0000] {processor.py:161} INFO - Started process (PID=268) to work on /home/airflow/.local/lib/python3.12/site-packages/airflow/example_dags/example_branch_day_of_week_operator.py
[2024-06-24T03:54:47.882+0000] {processor.py:830} INFO - Processing file /home/airflow/.local/lib/python3.12/site-packages/airflow/example_dags/example_branch_day_of_week_operator.py for tasks to queue
[2024-06-24T03:54:47.890+0000] {logging_mixin.py:188} INFO - [2024-06-24T03:54:47.888+0000] {dagbag.py:545} INFO - Filling up the DagBag from /home/airflow/.local/lib/python3.12/site-packages/airflow/example_dags/example_branch_day_of_week_operator.py
[2024-06-24T03:54:47.936+0000] {processor.py:840} INFO - DAG(s) 'example_weekday_branch_operator' retrieved from /home/airflow/.local/lib/python3.12/site-packages/airflow/example_dags/example_branch_day_of_week_operator.py
[2024-06-24T03:54:48.069+0000] {logging_mixin.py:188} INFO - [2024-06-24T03:54:48.068+0000] {dag.py:3096} INFO - Sync 1 DAGs
[2024-06-24T03:54:48.256+0000] {logging_mixin.py:188} INFO - [2024-06-24T03:54:48.255+0000] {dag.py:3954} INFO - Setting next_dagrun for example_weekday_branch_operator to 2024-06-23 00:00:00+00:00, run_after=2024-06-24 00:00:00+00:00
[2024-06-24T03:54:48.372+0000] {processor.py:183} INFO - Processing /home/airflow/.local/lib/python3.12/site-packages/airflow/example_dags/example_branch_day_of_week_operator.py took 0.521 seconds
[2024-06-24T03:55:21.220+0000] {processor.py:161} INFO - Started process (PID=331) to work on /home/airflow/.local/lib/python3.12/site-packages/airflow/example_dags/example_branch_day_of_week_operator.py
[2024-06-24T03:55:21.225+0000] {processor.py:830} INFO - Processing file /home/airflow/.local/lib/python3.12/site-packages/airflow/example_dags/example_branch_day_of_week_operator.py for tasks to queue
[2024-06-24T03:55:21.234+0000] {logging_mixin.py:188} INFO - [2024-06-24T03:55:21.233+0000] {dagbag.py:545} INFO - Filling up the DagBag from /home/airflow/.local/lib/python3.12/site-packages/airflow/example_dags/example_branch_day_of_week_operator.py
[2024-06-24T03:55:21.273+0000] {processor.py:840} INFO - DAG(s) 'example_weekday_branch_operator' retrieved from /home/airflow/.local/lib/python3.12/site-packages/airflow/example_dags/example_branch_day_of_week_operator.py
[2024-06-24T03:55:21.356+0000] {logging_mixin.py:188} INFO - [2024-06-24T03:55:21.355+0000] {dag.py:3096} INFO - Sync 1 DAGs
[2024-06-24T03:55:21.450+0000] {logging_mixin.py:188} INFO - [2024-06-24T03:55:21.449+0000] {dag.py:3954} INFO - Setting next_dagrun for example_weekday_branch_operator to 2024-06-23 00:00:00+00:00, run_after=2024-06-24 00:00:00+00:00
[2024-06-24T03:55:21.524+0000] {processor.py:183} INFO - Processing /home/airflow/.local/lib/python3.12/site-packages/airflow/example_dags/example_branch_day_of_week_operator.py took 0.328 seconds
[2024-06-24T03:56:25.044+0000] {processor.py:161} INFO - Started process (PID=399) to work on /home/airflow/.local/lib/python3.12/site-packages/airflow/example_dags/example_branch_day_of_week_operator.py
[2024-06-24T03:56:25.059+0000] {processor.py:830} INFO - Processing file /home/airflow/.local/lib/python3.12/site-packages/airflow/example_dags/example_branch_day_of_week_operator.py for tasks to queue
[2024-06-24T03:56:25.093+0000] {logging_mixin.py:188} INFO - [2024-06-24T03:56:25.091+0000] {dagbag.py:545} INFO - Filling up the DagBag from /home/airflow/.local/lib/python3.12/site-packages/airflow/example_dags/example_branch_day_of_week_operator.py
[2024-06-24T03:56:25.179+0000] {processor.py:840} INFO - DAG(s) 'example_weekday_branch_operator' retrieved from /home/airflow/.local/lib/python3.12/site-packages/airflow/example_dags/example_branch_day_of_week_operator.py
[2024-06-24T03:56:25.434+0000] {logging_mixin.py:188} INFO - [2024-06-24T03:56:25.432+0000] {dag.py:3096} INFO - Sync 1 DAGs
[2024-06-24T03:56:25.719+0000] {logging_mixin.py:188} INFO - [2024-06-24T03:56:25.718+0000] {dag.py:3954} INFO - Setting next_dagrun for example_weekday_branch_operator to 2024-06-23 00:00:00+00:00, run_after=2024-06-24 00:00:00+00:00
[2024-06-24T03:56:26.208+0000] {processor.py:183} INFO - Processing /home/airflow/.local/lib/python3.12/site-packages/airflow/example_dags/example_branch_day_of_week_operator.py took 1.238 seconds
[2024-06-24T03:57:26.598+0000] {processor.py:161} INFO - Started process (PID=465) to work on /home/airflow/.local/lib/python3.12/site-packages/airflow/example_dags/example_branch_day_of_week_operator.py
[2024-06-24T03:57:26.613+0000] {processor.py:830} INFO - Processing file /home/airflow/.local/lib/python3.12/site-packages/airflow/example_dags/example_branch_day_of_week_operator.py for tasks to queue
[2024-06-24T03:57:26.648+0000] {logging_mixin.py:188} INFO - [2024-06-24T03:57:26.647+0000] {dagbag.py:545} INFO - Filling up the DagBag from /home/airflow/.local/lib/python3.12/site-packages/airflow/example_dags/example_branch_day_of_week_operator.py
[2024-06-24T03:57:26.763+0000] {processor.py:840} INFO - DAG(s) 'example_weekday_branch_operator' retrieved from /home/airflow/.local/lib/python3.12/site-packages/airflow/example_dags/example_branch_day_of_week_operator.py
[2024-06-24T03:57:27.118+0000] {logging_mixin.py:188} INFO - [2024-06-24T03:57:27.117+0000] {dag.py:3096} INFO - Sync 1 DAGs
[2024-06-24T03:57:27.553+0000] {logging_mixin.py:188} INFO - [2024-06-24T03:57:27.552+0000] {dag.py:3954} INFO - Setting next_dagrun for example_weekday_branch_operator to 2024-06-23 00:00:00+00:00, run_after=2024-06-24 00:00:00+00:00
[2024-06-24T03:57:28.696+0000] {processor.py:183} INFO - Processing /home/airflow/.local/lib/python3.12/site-packages/airflow/example_dags/example_branch_day_of_week_operator.py took 2.171 seconds
