[2024-06-24T03:52:48.780+0000] {processor.py:161} INFO - Started process (PID=91) to work on /home/airflow/.local/lib/python3.12/site-packages/airflow/example_dags/example_trigger_target_dag.py
[2024-06-24T03:52:48.784+0000] {processor.py:830} INFO - Processing file /home/airflow/.local/lib/python3.12/site-packages/airflow/example_dags/example_trigger_target_dag.py for tasks to queue
[2024-06-24T03:52:48.791+0000] {logging_mixin.py:188} INFO - [2024-06-24T03:52:48.789+0000] {dagbag.py:545} INFO - Filling up the DagBag from /home/airflow/.local/lib/python3.12/site-packages/airflow/example_dags/example_trigger_target_dag.py
[2024-06-24T03:52:48.815+0000] {processor.py:840} INFO - DAG(s) 'example_trigger_target_dag' retrieved from /home/airflow/.local/lib/python3.12/site-packages/airflow/example_dags/example_trigger_target_dag.py
[2024-06-24T03:52:49.174+0000] {logging_mixin.py:188} INFO - [2024-06-24T03:52:49.173+0000] {override.py:1829} INFO - Created Permission View: can delete on DAG:example_trigger_target_dag
[2024-06-24T03:52:49.212+0000] {logging_mixin.py:188} INFO - [2024-06-24T03:52:49.211+0000] {override.py:1829} INFO - Created Permission View: can edit on DAG:example_trigger_target_dag
[2024-06-24T03:52:49.239+0000] {logging_mixin.py:188} INFO - [2024-06-24T03:52:49.238+0000] {override.py:1829} INFO - Created Permission View: can read on DAG:example_trigger_target_dag
[2024-06-24T03:52:49.241+0000] {logging_mixin.py:188} INFO - [2024-06-24T03:52:49.241+0000] {dag.py:3096} INFO - Sync 1 DAGs
[2024-06-24T03:52:49.295+0000] {logging_mixin.py:188} INFO - [2024-06-24T03:52:49.294+0000] {dag.py:3118} INFO - Creating ORM DAG for example_trigger_target_dag
[2024-06-24T03:52:49.299+0000] {logging_mixin.py:188} INFO - [2024-06-24T03:52:49.298+0000] {dag.py:3954} INFO - Setting next_dagrun for example_trigger_target_dag to None, run_after=None
[2024-06-24T03:52:49.365+0000] {processor.py:183} INFO - Processing /home/airflow/.local/lib/python3.12/site-packages/airflow/example_dags/example_trigger_target_dag.py took 0.605 seconds
[2024-06-24T03:53:25.247+0000] {processor.py:161} INFO - Started process (PID=153) to work on /home/airflow/.local/lib/python3.12/site-packages/airflow/example_dags/example_trigger_target_dag.py
[2024-06-24T03:53:25.252+0000] {processor.py:830} INFO - Processing file /home/airflow/.local/lib/python3.12/site-packages/airflow/example_dags/example_trigger_target_dag.py for tasks to queue
[2024-06-24T03:53:25.265+0000] {logging_mixin.py:188} INFO - [2024-06-24T03:53:25.263+0000] {dagbag.py:545} INFO - Filling up the DagBag from /home/airflow/.local/lib/python3.12/site-packages/airflow/example_dags/example_trigger_target_dag.py
[2024-06-24T03:53:25.334+0000] {processor.py:840} INFO - DAG(s) 'example_trigger_target_dag' retrieved from /home/airflow/.local/lib/python3.12/site-packages/airflow/example_dags/example_trigger_target_dag.py
[2024-06-24T03:53:25.716+0000] {logging_mixin.py:188} INFO - [2024-06-24T03:53:25.715+0000] {dag.py:3096} INFO - Sync 1 DAGs
[2024-06-24T03:53:25.955+0000] {logging_mixin.py:188} INFO - [2024-06-24T03:53:25.953+0000] {dag.py:3954} INFO - Setting next_dagrun for example_trigger_target_dag to None, run_after=None
[2024-06-24T03:53:26.323+0000] {processor.py:183} INFO - Processing /home/airflow/.local/lib/python3.12/site-packages/airflow/example_dags/example_trigger_target_dag.py took 1.114 seconds
[2024-06-24T03:54:24.267+0000] {processor.py:161} INFO - Started process (PID=221) to work on /home/airflow/.local/lib/python3.12/site-packages/airflow/example_dags/example_trigger_target_dag.py
[2024-06-24T03:54:24.271+0000] {processor.py:830} INFO - Processing file /home/airflow/.local/lib/python3.12/site-packages/airflow/example_dags/example_trigger_target_dag.py for tasks to queue
[2024-06-24T03:54:24.280+0000] {logging_mixin.py:188} INFO - [2024-06-24T03:54:24.279+0000] {dagbag.py:545} INFO - Filling up the DagBag from /home/airflow/.local/lib/python3.12/site-packages/airflow/example_dags/example_trigger_target_dag.py
[2024-06-24T03:54:24.300+0000] {processor.py:840} INFO - DAG(s) 'example_trigger_target_dag' retrieved from /home/airflow/.local/lib/python3.12/site-packages/airflow/example_dags/example_trigger_target_dag.py
[2024-06-24T03:54:24.404+0000] {logging_mixin.py:188} INFO - [2024-06-24T03:54:24.403+0000] {dag.py:3096} INFO - Sync 1 DAGs
[2024-06-24T03:54:24.465+0000] {logging_mixin.py:188} INFO - [2024-06-24T03:54:24.464+0000] {dag.py:3954} INFO - Setting next_dagrun for example_trigger_target_dag to None, run_after=None
[2024-06-24T03:54:24.571+0000] {processor.py:183} INFO - Processing /home/airflow/.local/lib/python3.12/site-packages/airflow/example_dags/example_trigger_target_dag.py took 0.325 seconds
[2024-06-24T03:55:00.483+0000] {processor.py:161} INFO - Started process (PID=283) to work on /home/airflow/.local/lib/python3.12/site-packages/airflow/example_dags/example_trigger_target_dag.py
[2024-06-24T03:55:00.531+0000] {processor.py:830} INFO - Processing file /home/airflow/.local/lib/python3.12/site-packages/airflow/example_dags/example_trigger_target_dag.py for tasks to queue
[2024-06-24T03:55:00.617+0000] {logging_mixin.py:188} INFO - [2024-06-24T03:55:00.615+0000] {dagbag.py:545} INFO - Filling up the DagBag from /home/airflow/.local/lib/python3.12/site-packages/airflow/example_dags/example_trigger_target_dag.py
[2024-06-24T03:55:00.816+0000] {processor.py:840} INFO - DAG(s) 'example_trigger_target_dag' retrieved from /home/airflow/.local/lib/python3.12/site-packages/airflow/example_dags/example_trigger_target_dag.py
[2024-06-24T03:55:01.220+0000] {logging_mixin.py:188} INFO - [2024-06-24T03:55:01.218+0000] {dag.py:3096} INFO - Sync 1 DAGs
[2024-06-24T03:55:01.480+0000] {logging_mixin.py:188} INFO - [2024-06-24T03:55:01.479+0000] {dag.py:3954} INFO - Setting next_dagrun for example_trigger_target_dag to None, run_after=None
[2024-06-24T03:55:01.965+0000] {processor.py:183} INFO - Processing /home/airflow/.local/lib/python3.12/site-packages/airflow/example_dags/example_trigger_target_dag.py took 1.564 seconds
[2024-06-24T03:55:33.366+0000] {processor.py:161} INFO - Started process (PID=346) to work on /home/airflow/.local/lib/python3.12/site-packages/airflow/example_dags/example_trigger_target_dag.py
[2024-06-24T03:55:33.369+0000] {processor.py:830} INFO - Processing file /home/airflow/.local/lib/python3.12/site-packages/airflow/example_dags/example_trigger_target_dag.py for tasks to queue
[2024-06-24T03:55:33.378+0000] {logging_mixin.py:188} INFO - [2024-06-24T03:55:33.376+0000] {dagbag.py:545} INFO - Filling up the DagBag from /home/airflow/.local/lib/python3.12/site-packages/airflow/example_dags/example_trigger_target_dag.py
[2024-06-24T03:55:33.397+0000] {processor.py:840} INFO - DAG(s) 'example_trigger_target_dag' retrieved from /home/airflow/.local/lib/python3.12/site-packages/airflow/example_dags/example_trigger_target_dag.py
[2024-06-24T03:55:33.472+0000] {logging_mixin.py:188} INFO - [2024-06-24T03:55:33.471+0000] {dag.py:3096} INFO - Sync 1 DAGs
[2024-06-24T03:55:33.532+0000] {logging_mixin.py:188} INFO - [2024-06-24T03:55:33.532+0000] {dag.py:3954} INFO - Setting next_dagrun for example_trigger_target_dag to None, run_after=None
[2024-06-24T03:55:33.605+0000] {processor.py:183} INFO - Processing /home/airflow/.local/lib/python3.12/site-packages/airflow/example_dags/example_trigger_target_dag.py took 0.255 seconds
[2024-06-24T03:56:40.652+0000] {processor.py:161} INFO - Started process (PID=420) to work on /home/airflow/.local/lib/python3.12/site-packages/airflow/example_dags/example_trigger_target_dag.py
[2024-06-24T03:56:40.670+0000] {processor.py:830} INFO - Processing file /home/airflow/.local/lib/python3.12/site-packages/airflow/example_dags/example_trigger_target_dag.py for tasks to queue
[2024-06-24T03:56:40.701+0000] {logging_mixin.py:188} INFO - [2024-06-24T03:56:40.699+0000] {dagbag.py:545} INFO - Filling up the DagBag from /home/airflow/.local/lib/python3.12/site-packages/airflow/example_dags/example_trigger_target_dag.py
[2024-06-24T03:56:40.815+0000] {processor.py:840} INFO - DAG(s) 'example_trigger_target_dag' retrieved from /home/airflow/.local/lib/python3.12/site-packages/airflow/example_dags/example_trigger_target_dag.py
[2024-06-24T03:56:41.071+0000] {logging_mixin.py:188} INFO - [2024-06-24T03:56:41.070+0000] {dag.py:3096} INFO - Sync 1 DAGs
[2024-06-24T03:56:41.320+0000] {logging_mixin.py:188} INFO - [2024-06-24T03:56:41.307+0000] {dag.py:3954} INFO - Setting next_dagrun for example_trigger_target_dag to None, run_after=None
[2024-06-24T03:56:41.662+0000] {processor.py:183} INFO - Processing /home/airflow/.local/lib/python3.12/site-packages/airflow/example_dags/example_trigger_target_dag.py took 1.087 seconds
[2024-06-24T03:57:49.938+0000] {processor.py:161} INFO - Started process (PID=486) to work on /home/airflow/.local/lib/python3.12/site-packages/airflow/example_dags/example_trigger_target_dag.py
[2024-06-24T03:57:50.006+0000] {processor.py:830} INFO - Processing file /home/airflow/.local/lib/python3.12/site-packages/airflow/example_dags/example_trigger_target_dag.py for tasks to queue
[2024-06-24T03:57:50.061+0000] {logging_mixin.py:188} INFO - [2024-06-24T03:57:50.059+0000] {dagbag.py:545} INFO - Filling up the DagBag from /home/airflow/.local/lib/python3.12/site-packages/airflow/example_dags/example_trigger_target_dag.py
[2024-06-24T03:57:50.128+0000] {processor.py:840} INFO - DAG(s) 'example_trigger_target_dag' retrieved from /home/airflow/.local/lib/python3.12/site-packages/airflow/example_dags/example_trigger_target_dag.py
[2024-06-24T03:57:50.456+0000] {logging_mixin.py:188} INFO - [2024-06-24T03:57:50.444+0000] {dag.py:3096} INFO - Sync 1 DAGs
[2024-06-24T03:57:50.684+0000] {logging_mixin.py:188} INFO - [2024-06-24T03:57:50.683+0000] {dag.py:3954} INFO - Setting next_dagrun for example_trigger_target_dag to None, run_after=None
[2024-06-24T03:57:51.047+0000] {processor.py:183} INFO - Processing /home/airflow/.local/lib/python3.12/site-packages/airflow/example_dags/example_trigger_target_dag.py took 1.179 seconds
[2024-06-24T03:59:24.651+0000] {processor.py:161} INFO - Started process (PID=567) to work on /home/airflow/.local/lib/python3.12/site-packages/airflow/example_dags/example_trigger_target_dag.py
[2024-06-24T03:59:24.663+0000] {processor.py:830} INFO - Processing file /home/airflow/.local/lib/python3.12/site-packages/airflow/example_dags/example_trigger_target_dag.py for tasks to queue
[2024-06-24T03:59:24.695+0000] {logging_mixin.py:188} INFO - [2024-06-24T03:59:24.683+0000] {dagbag.py:545} INFO - Filling up the DagBag from /home/airflow/.local/lib/python3.12/site-packages/airflow/example_dags/example_trigger_target_dag.py
[2024-06-24T03:59:24.800+0000] {processor.py:840} INFO - DAG(s) 'example_trigger_target_dag' retrieved from /home/airflow/.local/lib/python3.12/site-packages/airflow/example_dags/example_trigger_target_dag.py
[2024-06-24T03:59:25.083+0000] {logging_mixin.py:188} INFO - [2024-06-24T03:59:25.082+0000] {dag.py:3096} INFO - Sync 1 DAGs
[2024-06-24T03:59:26.258+0000] {logging_mixin.py:188} INFO - [2024-06-24T03:59:26.257+0000] {dag.py:3954} INFO - Setting next_dagrun for example_trigger_target_dag to None, run_after=None
[2024-06-24T03:59:26.670+0000] {processor.py:183} INFO - Processing /home/airflow/.local/lib/python3.12/site-packages/airflow/example_dags/example_trigger_target_dag.py took 2.125 seconds
[2024-06-24T04:01:06.287+0000] {processor.py:161} INFO - Started process (PID=642) to work on /home/airflow/.local/lib/python3.12/site-packages/airflow/example_dags/example_trigger_target_dag.py
[2024-06-24T04:01:06.310+0000] {processor.py:830} INFO - Processing file /home/airflow/.local/lib/python3.12/site-packages/airflow/example_dags/example_trigger_target_dag.py for tasks to queue
[2024-06-24T04:01:06.331+0000] {logging_mixin.py:188} INFO - [2024-06-24T04:01:06.328+0000] {dagbag.py:545} INFO - Filling up the DagBag from /home/airflow/.local/lib/python3.12/site-packages/airflow/example_dags/example_trigger_target_dag.py
[2024-06-24T04:01:06.396+0000] {processor.py:840} INFO - DAG(s) 'example_trigger_target_dag' retrieved from /home/airflow/.local/lib/python3.12/site-packages/airflow/example_dags/example_trigger_target_dag.py
[2024-06-24T04:01:08.804+0000] {logging_mixin.py:188} INFO - [2024-06-24T04:01:08.793+0000] {dag.py:3096} INFO - Sync 1 DAGs
[2024-06-24T04:01:09.321+0000] {logging_mixin.py:188} INFO - [2024-06-24T04:01:09.320+0000] {dag.py:3954} INFO - Setting next_dagrun for example_trigger_target_dag to None, run_after=None
[2024-06-24T04:01:10.023+0000] {processor.py:183} INFO - Processing /home/airflow/.local/lib/python3.12/site-packages/airflow/example_dags/example_trigger_target_dag.py took 4.265 seconds
