[2024-06-24T03:52:40.476+0000] {processor.py:161} INFO - Started process (PID=75) to work on /home/airflow/.local/lib/python3.12/site-packages/airflow/example_dags/example_setup_teardown.py
[2024-06-24T03:52:40.480+0000] {processor.py:830} INFO - Processing file /home/airflow/.local/lib/python3.12/site-packages/airflow/example_dags/example_setup_teardown.py for tasks to queue
[2024-06-24T03:52:40.486+0000] {logging_mixin.py:188} INFO - [2024-06-24T03:52:40.485+0000] {dagbag.py:545} INFO - Filling up the DagBag from /home/airflow/.local/lib/python3.12/site-packages/airflow/example_dags/example_setup_teardown.py
[2024-06-24T03:52:40.518+0000] {processor.py:840} INFO - DAG(s) 'example_setup_teardown' retrieved from /home/airflow/.local/lib/python3.12/site-packages/airflow/example_dags/example_setup_teardown.py
[2024-06-24T03:52:40.853+0000] {logging_mixin.py:188} INFO - [2024-06-24T03:52:40.852+0000] {override.py:1829} INFO - Created Permission View: can delete on DAG:example_setup_teardown
[2024-06-24T03:52:40.882+0000] {logging_mixin.py:188} INFO - [2024-06-24T03:52:40.881+0000] {override.py:1829} INFO - Created Permission View: can edit on DAG:example_setup_teardown
[2024-06-24T03:52:40.906+0000] {logging_mixin.py:188} INFO - [2024-06-24T03:52:40.904+0000] {override.py:1829} INFO - Created Permission View: can read on DAG:example_setup_teardown
[2024-06-24T03:52:40.908+0000] {logging_mixin.py:188} INFO - [2024-06-24T03:52:40.908+0000] {dag.py:3096} INFO - Sync 1 DAGs
[2024-06-24T03:52:40.952+0000] {logging_mixin.py:188} INFO - [2024-06-24T03:52:40.951+0000] {dag.py:3118} INFO - Creating ORM DAG for example_setup_teardown
[2024-06-24T03:52:40.984+0000] {logging_mixin.py:188} INFO - [2024-06-24T03:52:40.983+0000] {dag.py:3954} INFO - Setting next_dagrun for example_setup_teardown to 2024-06-23 00:00:00+00:00, run_after=2024-06-24 00:00:00+00:00
[2024-06-24T03:52:41.052+0000] {processor.py:183} INFO - Processing /home/airflow/.local/lib/python3.12/site-packages/airflow/example_dags/example_setup_teardown.py took 0.596 seconds
[2024-06-24T03:53:11.910+0000] {processor.py:161} INFO - Started process (PID=137) to work on /home/airflow/.local/lib/python3.12/site-packages/airflow/example_dags/example_setup_teardown.py
[2024-06-24T03:53:11.913+0000] {processor.py:830} INFO - Processing file /home/airflow/.local/lib/python3.12/site-packages/airflow/example_dags/example_setup_teardown.py for tasks to queue
[2024-06-24T03:53:11.918+0000] {logging_mixin.py:188} INFO - [2024-06-24T03:53:11.917+0000] {dagbag.py:545} INFO - Filling up the DagBag from /home/airflow/.local/lib/python3.12/site-packages/airflow/example_dags/example_setup_teardown.py
[2024-06-24T03:53:11.936+0000] {processor.py:840} INFO - DAG(s) 'example_setup_teardown' retrieved from /home/airflow/.local/lib/python3.12/site-packages/airflow/example_dags/example_setup_teardown.py
[2024-06-24T03:53:11.981+0000] {logging_mixin.py:188} INFO - [2024-06-24T03:53:11.981+0000] {dag.py:3096} INFO - Sync 1 DAGs
[2024-06-24T03:53:12.025+0000] {logging_mixin.py:188} INFO - [2024-06-24T03:53:12.024+0000] {dag.py:3954} INFO - Setting next_dagrun for example_setup_teardown to 2024-06-23 00:00:00+00:00, run_after=2024-06-24 00:00:00+00:00
[2024-06-24T03:53:12.074+0000] {processor.py:183} INFO - Processing /home/airflow/.local/lib/python3.12/site-packages/airflow/example_dags/example_setup_teardown.py took 0.179 seconds
[2024-06-24T03:54:10.666+0000] {processor.py:161} INFO - Started process (PID=205) to work on /home/airflow/.local/lib/python3.12/site-packages/airflow/example_dags/example_setup_teardown.py
[2024-06-24T03:54:10.676+0000] {processor.py:830} INFO - Processing file /home/airflow/.local/lib/python3.12/site-packages/airflow/example_dags/example_setup_teardown.py for tasks to queue
[2024-06-24T03:54:10.684+0000] {logging_mixin.py:188} INFO - [2024-06-24T03:54:10.683+0000] {dagbag.py:545} INFO - Filling up the DagBag from /home/airflow/.local/lib/python3.12/site-packages/airflow/example_dags/example_setup_teardown.py
[2024-06-24T03:54:10.756+0000] {processor.py:840} INFO - DAG(s) 'example_setup_teardown' retrieved from /home/airflow/.local/lib/python3.12/site-packages/airflow/example_dags/example_setup_teardown.py
[2024-06-24T03:54:10.984+0000] {logging_mixin.py:188} INFO - [2024-06-24T03:54:10.982+0000] {dag.py:3096} INFO - Sync 1 DAGs
[2024-06-24T03:54:11.312+0000] {logging_mixin.py:188} INFO - [2024-06-24T03:54:11.311+0000] {dag.py:3954} INFO - Setting next_dagrun for example_setup_teardown to 2024-06-23 00:00:00+00:00, run_after=2024-06-24 00:00:00+00:00
[2024-06-24T03:54:11.565+0000] {processor.py:183} INFO - Processing /home/airflow/.local/lib/python3.12/site-packages/airflow/example_dags/example_setup_teardown.py took 0.962 seconds
[2024-06-24T03:54:47.743+0000] {processor.py:161} INFO - Started process (PID=267) to work on /home/airflow/.local/lib/python3.12/site-packages/airflow/example_dags/example_setup_teardown.py
[2024-06-24T03:54:47.749+0000] {processor.py:830} INFO - Processing file /home/airflow/.local/lib/python3.12/site-packages/airflow/example_dags/example_setup_teardown.py for tasks to queue
[2024-06-24T03:54:47.762+0000] {logging_mixin.py:188} INFO - [2024-06-24T03:54:47.760+0000] {dagbag.py:545} INFO - Filling up the DagBag from /home/airflow/.local/lib/python3.12/site-packages/airflow/example_dags/example_setup_teardown.py
[2024-06-24T03:54:47.801+0000] {processor.py:840} INFO - DAG(s) 'example_setup_teardown' retrieved from /home/airflow/.local/lib/python3.12/site-packages/airflow/example_dags/example_setup_teardown.py
[2024-06-24T03:54:47.908+0000] {logging_mixin.py:188} INFO - [2024-06-24T03:54:47.907+0000] {dag.py:3096} INFO - Sync 1 DAGs
[2024-06-24T03:54:48.053+0000] {logging_mixin.py:188} INFO - [2024-06-24T03:54:48.052+0000] {dag.py:3954} INFO - Setting next_dagrun for example_setup_teardown to 2024-06-23 00:00:00+00:00, run_after=2024-06-24 00:00:00+00:00
[2024-06-24T03:54:48.189+0000] {processor.py:183} INFO - Processing /home/airflow/.local/lib/python3.12/site-packages/airflow/example_dags/example_setup_teardown.py took 0.479 seconds
[2024-06-24T03:55:20.712+0000] {processor.py:161} INFO - Started process (PID=330) to work on /home/airflow/.local/lib/python3.12/site-packages/airflow/example_dags/example_setup_teardown.py
[2024-06-24T03:55:20.717+0000] {processor.py:830} INFO - Processing file /home/airflow/.local/lib/python3.12/site-packages/airflow/example_dags/example_setup_teardown.py for tasks to queue
[2024-06-24T03:55:20.726+0000] {logging_mixin.py:188} INFO - [2024-06-24T03:55:20.724+0000] {dagbag.py:545} INFO - Filling up the DagBag from /home/airflow/.local/lib/python3.12/site-packages/airflow/example_dags/example_setup_teardown.py
[2024-06-24T03:55:20.758+0000] {processor.py:840} INFO - DAG(s) 'example_setup_teardown' retrieved from /home/airflow/.local/lib/python3.12/site-packages/airflow/example_dags/example_setup_teardown.py
[2024-06-24T03:55:20.865+0000] {logging_mixin.py:188} INFO - [2024-06-24T03:55:20.863+0000] {dag.py:3096} INFO - Sync 1 DAGs
[2024-06-24T03:55:21.006+0000] {logging_mixin.py:188} INFO - [2024-06-24T03:55:21.004+0000] {dag.py:3954} INFO - Setting next_dagrun for example_setup_teardown to 2024-06-23 00:00:00+00:00, run_after=2024-06-24 00:00:00+00:00
[2024-06-24T03:55:21.151+0000] {processor.py:183} INFO - Processing /home/airflow/.local/lib/python3.12/site-packages/airflow/example_dags/example_setup_teardown.py took 0.465 seconds
[2024-06-24T03:56:24.952+0000] {processor.py:161} INFO - Started process (PID=398) to work on /home/airflow/.local/lib/python3.12/site-packages/airflow/example_dags/example_setup_teardown.py
[2024-06-24T03:56:24.970+0000] {processor.py:830} INFO - Processing file /home/airflow/.local/lib/python3.12/site-packages/airflow/example_dags/example_setup_teardown.py for tasks to queue
[2024-06-24T03:56:24.997+0000] {logging_mixin.py:188} INFO - [2024-06-24T03:56:24.995+0000] {dagbag.py:545} INFO - Filling up the DagBag from /home/airflow/.local/lib/python3.12/site-packages/airflow/example_dags/example_setup_teardown.py
[2024-06-24T03:56:25.065+0000] {processor.py:840} INFO - DAG(s) 'example_setup_teardown' retrieved from /home/airflow/.local/lib/python3.12/site-packages/airflow/example_dags/example_setup_teardown.py
[2024-06-24T03:56:25.300+0000] {logging_mixin.py:188} INFO - [2024-06-24T03:56:25.299+0000] {dag.py:3096} INFO - Sync 1 DAGs
[2024-06-24T03:56:25.516+0000] {logging_mixin.py:188} INFO - [2024-06-24T03:56:25.515+0000] {dag.py:3954} INFO - Setting next_dagrun for example_setup_teardown to 2024-06-23 00:00:00+00:00, run_after=2024-06-24 00:00:00+00:00
[2024-06-24T03:56:25.732+0000] {processor.py:183} INFO - Processing /home/airflow/.local/lib/python3.12/site-packages/airflow/example_dags/example_setup_teardown.py took 0.850 seconds
[2024-06-24T03:57:26.239+0000] {processor.py:161} INFO - Started process (PID=464) to work on /home/airflow/.local/lib/python3.12/site-packages/airflow/example_dags/example_setup_teardown.py
[2024-06-24T03:57:26.291+0000] {processor.py:830} INFO - Processing file /home/airflow/.local/lib/python3.12/site-packages/airflow/example_dags/example_setup_teardown.py for tasks to queue
[2024-06-24T03:57:26.324+0000] {logging_mixin.py:188} INFO - [2024-06-24T03:57:26.315+0000] {dagbag.py:545} INFO - Filling up the DagBag from /home/airflow/.local/lib/python3.12/site-packages/airflow/example_dags/example_setup_teardown.py
[2024-06-24T03:57:26.426+0000] {processor.py:840} INFO - DAG(s) 'example_setup_teardown' retrieved from /home/airflow/.local/lib/python3.12/site-packages/airflow/example_dags/example_setup_teardown.py
[2024-06-24T03:57:26.669+0000] {logging_mixin.py:188} INFO - [2024-06-24T03:57:26.668+0000] {dag.py:3096} INFO - Sync 1 DAGs
[2024-06-24T03:57:26.995+0000] {logging_mixin.py:188} INFO - [2024-06-24T03:57:26.992+0000] {dag.py:3954} INFO - Setting next_dagrun for example_setup_teardown to 2024-06-23 00:00:00+00:00, run_after=2024-06-24 00:00:00+00:00
[2024-06-24T03:57:27.290+0000] {processor.py:183} INFO - Processing /home/airflow/.local/lib/python3.12/site-packages/airflow/example_dags/example_setup_teardown.py took 1.136 seconds
[2024-06-24T03:59:05.179+0000] {processor.py:161} INFO - Started process (PID=546) to work on /home/airflow/.local/lib/python3.12/site-packages/airflow/example_dags/example_setup_teardown.py
[2024-06-24T03:59:05.212+0000] {processor.py:830} INFO - Processing file /home/airflow/.local/lib/python3.12/site-packages/airflow/example_dags/example_setup_teardown.py for tasks to queue
[2024-06-24T03:59:05.287+0000] {logging_mixin.py:188} INFO - [2024-06-24T03:59:05.286+0000] {dagbag.py:545} INFO - Filling up the DagBag from /home/airflow/.local/lib/python3.12/site-packages/airflow/example_dags/example_setup_teardown.py
[2024-06-24T03:59:05.483+0000] {processor.py:840} INFO - DAG(s) 'example_setup_teardown' retrieved from /home/airflow/.local/lib/python3.12/site-packages/airflow/example_dags/example_setup_teardown.py
[2024-06-24T03:59:05.732+0000] {logging_mixin.py:188} INFO - [2024-06-24T03:59:05.731+0000] {dag.py:3096} INFO - Sync 1 DAGs
[2024-06-24T03:59:06.068+0000] {logging_mixin.py:188} INFO - [2024-06-24T03:59:06.067+0000] {dag.py:3954} INFO - Setting next_dagrun for example_setup_teardown to 2024-06-23 00:00:00+00:00, run_after=2024-06-24 00:00:00+00:00
[2024-06-24T03:59:06.414+0000] {processor.py:183} INFO - Processing /home/airflow/.local/lib/python3.12/site-packages/airflow/example_dags/example_setup_teardown.py took 1.303 seconds
[2024-06-24T04:00:36.716+0000] {processor.py:161} INFO - Started process (PID=620) to work on /home/airflow/.local/lib/python3.12/site-packages/airflow/example_dags/example_setup_teardown.py
[2024-06-24T04:00:36.720+0000] {processor.py:830} INFO - Processing file /home/airflow/.local/lib/python3.12/site-packages/airflow/example_dags/example_setup_teardown.py for tasks to queue
[2024-06-24T04:00:36.767+0000] {logging_mixin.py:188} INFO - [2024-06-24T04:00:36.754+0000] {dagbag.py:545} INFO - Filling up the DagBag from /home/airflow/.local/lib/python3.12/site-packages/airflow/example_dags/example_setup_teardown.py
[2024-06-24T04:00:36.913+0000] {processor.py:840} INFO - DAG(s) 'example_setup_teardown' retrieved from /home/airflow/.local/lib/python3.12/site-packages/airflow/example_dags/example_setup_teardown.py
[2024-06-24T04:00:37.217+0000] {logging_mixin.py:188} INFO - [2024-06-24T04:00:37.216+0000] {dag.py:3096} INFO - Sync 1 DAGs
[2024-06-24T04:00:37.572+0000] {logging_mixin.py:188} INFO - [2024-06-24T04:00:37.571+0000] {dag.py:3954} INFO - Setting next_dagrun for example_setup_teardown to 2024-06-23 00:00:00+00:00, run_after=2024-06-24 00:00:00+00:00
[2024-06-24T04:00:37.826+0000] {processor.py:183} INFO - Processing /home/airflow/.local/lib/python3.12/site-packages/airflow/example_dags/example_setup_teardown.py took 1.252 seconds
