[2024-06-24T03:52:37.790+0000] {processor.py:161} INFO - Started process (PID=68) to work on /home/airflow/.local/lib/python3.12/site-packages/airflow/example_dags/example_python_operator.py
[2024-06-24T03:52:37.793+0000] {processor.py:830} INFO - Processing file /home/airflow/.local/lib/python3.12/site-packages/airflow/example_dags/example_python_operator.py for tasks to queue
[2024-06-24T03:52:37.798+0000] {logging_mixin.py:188} INFO - [2024-06-24T03:52:37.798+0000] {dagbag.py:545} INFO - Filling up the DagBag from /home/airflow/.local/lib/python3.12/site-packages/airflow/example_dags/example_python_operator.py
[2024-06-24T03:52:37.833+0000] {processor.py:840} INFO - DAG(s) 'example_python_operator' retrieved from /home/airflow/.local/lib/python3.12/site-packages/airflow/example_dags/example_python_operator.py
[2024-06-24T03:52:38.133+0000] {logging_mixin.py:188} INFO - [2024-06-24T03:52:38.132+0000] {override.py:1829} INFO - Created Permission View: can delete on DAG:example_python_operator
[2024-06-24T03:52:38.171+0000] {logging_mixin.py:188} INFO - [2024-06-24T03:52:38.170+0000] {override.py:1829} INFO - Created Permission View: can edit on DAG:example_python_operator
[2024-06-24T03:52:38.198+0000] {logging_mixin.py:188} INFO - [2024-06-24T03:52:38.196+0000] {override.py:1829} INFO - Created Permission View: can read on DAG:example_python_operator
[2024-06-24T03:52:38.200+0000] {logging_mixin.py:188} INFO - [2024-06-24T03:52:38.199+0000] {dag.py:3096} INFO - Sync 1 DAGs
[2024-06-24T03:52:38.247+0000] {logging_mixin.py:188} INFO - [2024-06-24T03:52:38.246+0000] {dag.py:3118} INFO - Creating ORM DAG for example_python_operator
[2024-06-24T03:52:38.250+0000] {logging_mixin.py:188} INFO - [2024-06-24T03:52:38.250+0000] {dag.py:3954} INFO - Setting next_dagrun for example_python_operator to None, run_after=None
[2024-06-24T03:52:38.310+0000] {processor.py:183} INFO - Processing /home/airflow/.local/lib/python3.12/site-packages/airflow/example_dags/example_python_operator.py took 0.533 seconds
[2024-06-24T03:53:09.031+0000] {processor.py:161} INFO - Started process (PID=130) to work on /home/airflow/.local/lib/python3.12/site-packages/airflow/example_dags/example_python_operator.py
[2024-06-24T03:53:09.035+0000] {processor.py:830} INFO - Processing file /home/airflow/.local/lib/python3.12/site-packages/airflow/example_dags/example_python_operator.py for tasks to queue
[2024-06-24T03:53:09.039+0000] {logging_mixin.py:188} INFO - [2024-06-24T03:53:09.038+0000] {dagbag.py:545} INFO - Filling up the DagBag from /home/airflow/.local/lib/python3.12/site-packages/airflow/example_dags/example_python_operator.py
[2024-06-24T03:53:09.069+0000] {processor.py:840} INFO - DAG(s) 'example_python_operator' retrieved from /home/airflow/.local/lib/python3.12/site-packages/airflow/example_dags/example_python_operator.py
[2024-06-24T03:53:09.141+0000] {logging_mixin.py:188} INFO - [2024-06-24T03:53:09.140+0000] {dag.py:3096} INFO - Sync 1 DAGs
[2024-06-24T03:53:09.180+0000] {logging_mixin.py:188} INFO - [2024-06-24T03:53:09.179+0000] {dag.py:3954} INFO - Setting next_dagrun for example_python_operator to None, run_after=None
[2024-06-24T03:53:09.242+0000] {processor.py:183} INFO - Processing /home/airflow/.local/lib/python3.12/site-packages/airflow/example_dags/example_python_operator.py took 0.226 seconds
[2024-06-24T03:54:04.629+0000] {processor.py:161} INFO - Started process (PID=192) to work on /home/airflow/.local/lib/python3.12/site-packages/airflow/example_dags/example_python_operator.py
[2024-06-24T03:54:04.634+0000] {processor.py:830} INFO - Processing file /home/airflow/.local/lib/python3.12/site-packages/airflow/example_dags/example_python_operator.py for tasks to queue
[2024-06-24T03:54:04.644+0000] {logging_mixin.py:188} INFO - [2024-06-24T03:54:04.642+0000] {dagbag.py:545} INFO - Filling up the DagBag from /home/airflow/.local/lib/python3.12/site-packages/airflow/example_dags/example_python_operator.py
[2024-06-24T03:54:04.701+0000] {processor.py:840} INFO - DAG(s) 'example_python_operator' retrieved from /home/airflow/.local/lib/python3.12/site-packages/airflow/example_dags/example_python_operator.py
[2024-06-24T03:54:04.857+0000] {logging_mixin.py:188} INFO - [2024-06-24T03:54:04.855+0000] {dag.py:3096} INFO - Sync 1 DAGs
[2024-06-24T03:54:04.994+0000] {logging_mixin.py:188} INFO - [2024-06-24T03:54:04.993+0000] {dag.py:3954} INFO - Setting next_dagrun for example_python_operator to None, run_after=None
[2024-06-24T03:54:05.213+0000] {processor.py:183} INFO - Processing /home/airflow/.local/lib/python3.12/site-packages/airflow/example_dags/example_python_operator.py took 0.612 seconds
[2024-06-24T03:54:45.731+0000] {processor.py:161} INFO - Started process (PID=260) to work on /home/airflow/.local/lib/python3.12/site-packages/airflow/example_dags/example_python_operator.py
[2024-06-24T03:54:45.739+0000] {processor.py:830} INFO - Processing file /home/airflow/.local/lib/python3.12/site-packages/airflow/example_dags/example_python_operator.py for tasks to queue
[2024-06-24T03:54:45.746+0000] {logging_mixin.py:188} INFO - [2024-06-24T03:54:45.745+0000] {dagbag.py:545} INFO - Filling up the DagBag from /home/airflow/.local/lib/python3.12/site-packages/airflow/example_dags/example_python_operator.py
[2024-06-24T03:54:45.789+0000] {processor.py:840} INFO - DAG(s) 'example_python_operator' retrieved from /home/airflow/.local/lib/python3.12/site-packages/airflow/example_dags/example_python_operator.py
[2024-06-24T03:54:45.951+0000] {logging_mixin.py:188} INFO - [2024-06-24T03:54:45.950+0000] {dag.py:3096} INFO - Sync 1 DAGs
[2024-06-24T03:54:46.032+0000] {logging_mixin.py:188} INFO - [2024-06-24T03:54:46.031+0000] {dag.py:3954} INFO - Setting next_dagrun for example_python_operator to None, run_after=None
[2024-06-24T03:54:46.168+0000] {processor.py:183} INFO - Processing /home/airflow/.local/lib/python3.12/site-packages/airflow/example_dags/example_python_operator.py took 0.454 seconds
[2024-06-24T03:55:18.807+0000] {processor.py:161} INFO - Started process (PID=323) to work on /home/airflow/.local/lib/python3.12/site-packages/airflow/example_dags/example_python_operator.py
[2024-06-24T03:55:18.811+0000] {processor.py:830} INFO - Processing file /home/airflow/.local/lib/python3.12/site-packages/airflow/example_dags/example_python_operator.py for tasks to queue
[2024-06-24T03:55:18.817+0000] {logging_mixin.py:188} INFO - [2024-06-24T03:55:18.816+0000] {dagbag.py:545} INFO - Filling up the DagBag from /home/airflow/.local/lib/python3.12/site-packages/airflow/example_dags/example_python_operator.py
[2024-06-24T03:55:18.853+0000] {processor.py:840} INFO - DAG(s) 'example_python_operator' retrieved from /home/airflow/.local/lib/python3.12/site-packages/airflow/example_dags/example_python_operator.py
[2024-06-24T03:55:18.972+0000] {logging_mixin.py:188} INFO - [2024-06-24T03:55:18.971+0000] {dag.py:3096} INFO - Sync 1 DAGs
[2024-06-24T03:55:19.030+0000] {logging_mixin.py:188} INFO - [2024-06-24T03:55:19.029+0000] {dag.py:3954} INFO - Setting next_dagrun for example_python_operator to None, run_after=None
[2024-06-24T03:55:19.153+0000] {processor.py:183} INFO - Processing /home/airflow/.local/lib/python3.12/site-packages/airflow/example_dags/example_python_operator.py took 0.367 seconds
[2024-06-24T03:56:18.397+0000] {processor.py:161} INFO - Started process (PID=391) to work on /home/airflow/.local/lib/python3.12/site-packages/airflow/example_dags/example_python_operator.py
[2024-06-24T03:56:18.412+0000] {processor.py:830} INFO - Processing file /home/airflow/.local/lib/python3.12/site-packages/airflow/example_dags/example_python_operator.py for tasks to queue
[2024-06-24T03:56:18.433+0000] {logging_mixin.py:188} INFO - [2024-06-24T03:56:18.431+0000] {dagbag.py:545} INFO - Filling up the DagBag from /home/airflow/.local/lib/python3.12/site-packages/airflow/example_dags/example_python_operator.py
[2024-06-24T03:56:18.577+0000] {processor.py:840} INFO - DAG(s) 'example_python_operator' retrieved from /home/airflow/.local/lib/python3.12/site-packages/airflow/example_dags/example_python_operator.py
[2024-06-24T03:56:18.922+0000] {logging_mixin.py:188} INFO - [2024-06-24T03:56:18.920+0000] {dag.py:3096} INFO - Sync 1 DAGs
[2024-06-24T03:56:19.123+0000] {logging_mixin.py:188} INFO - [2024-06-24T03:56:19.111+0000] {dag.py:3954} INFO - Setting next_dagrun for example_python_operator to None, run_after=None
[2024-06-24T03:56:19.608+0000] {processor.py:183} INFO - Processing /home/airflow/.local/lib/python3.12/site-packages/airflow/example_dags/example_python_operator.py took 1.294 seconds
[2024-06-24T03:57:15.167+0000] {processor.py:161} INFO - Started process (PID=457) to work on /home/airflow/.local/lib/python3.12/site-packages/airflow/example_dags/example_python_operator.py
[2024-06-24T03:57:15.189+0000] {processor.py:830} INFO - Processing file /home/airflow/.local/lib/python3.12/site-packages/airflow/example_dags/example_python_operator.py for tasks to queue
[2024-06-24T03:57:15.206+0000] {logging_mixin.py:188} INFO - [2024-06-24T03:57:15.204+0000] {dagbag.py:545} INFO - Filling up the DagBag from /home/airflow/.local/lib/python3.12/site-packages/airflow/example_dags/example_python_operator.py
[2024-06-24T03:57:15.466+0000] {processor.py:840} INFO - DAG(s) 'example_python_operator' retrieved from /home/airflow/.local/lib/python3.12/site-packages/airflow/example_dags/example_python_operator.py
[2024-06-24T03:57:15.938+0000] {logging_mixin.py:188} INFO - [2024-06-24T03:57:15.937+0000] {dag.py:3096} INFO - Sync 1 DAGs
[2024-06-24T03:57:16.204+0000] {logging_mixin.py:188} INFO - [2024-06-24T03:57:16.203+0000] {dag.py:3954} INFO - Setting next_dagrun for example_python_operator to None, run_after=None
[2024-06-24T03:57:16.488+0000] {processor.py:183} INFO - Processing /home/airflow/.local/lib/python3.12/site-packages/airflow/example_dags/example_python_operator.py took 1.414 seconds
[2024-06-24T03:58:22.288+0000] {processor.py:161} INFO - Started process (PID=513) to work on /home/airflow/.local/lib/python3.12/site-packages/airflow/example_dags/example_python_operator.py
[2024-06-24T03:58:22.302+0000] {processor.py:830} INFO - Processing file /home/airflow/.local/lib/python3.12/site-packages/airflow/example_dags/example_python_operator.py for tasks to queue
[2024-06-24T03:58:22.336+0000] {logging_mixin.py:188} INFO - [2024-06-24T03:58:22.334+0000] {dagbag.py:545} INFO - Filling up the DagBag from /home/airflow/.local/lib/python3.12/site-packages/airflow/example_dags/example_python_operator.py
[2024-06-24T03:58:22.559+0000] {processor.py:840} INFO - DAG(s) 'example_python_operator' retrieved from /home/airflow/.local/lib/python3.12/site-packages/airflow/example_dags/example_python_operator.py
[2024-06-24T03:58:23.238+0000] {logging_mixin.py:188} INFO - [2024-06-24T03:58:23.237+0000] {dag.py:3096} INFO - Sync 1 DAGs
[2024-06-24T03:58:23.494+0000] {logging_mixin.py:188} INFO - [2024-06-24T03:58:23.493+0000] {dag.py:3954} INFO - Setting next_dagrun for example_python_operator to None, run_after=None
[2024-06-24T03:58:23.965+0000] {processor.py:183} INFO - Processing /home/airflow/.local/lib/python3.12/site-packages/airflow/example_dags/example_python_operator.py took 1.805 seconds
[2024-06-24T04:00:02.099+0000] {processor.py:161} INFO - Started process (PID=589) to work on /home/airflow/.local/lib/python3.12/site-packages/airflow/example_dags/example_python_operator.py
[2024-06-24T04:00:02.139+0000] {processor.py:830} INFO - Processing file /home/airflow/.local/lib/python3.12/site-packages/airflow/example_dags/example_python_operator.py for tasks to queue
[2024-06-24T04:00:02.172+0000] {logging_mixin.py:188} INFO - [2024-06-24T04:00:02.160+0000] {dagbag.py:545} INFO - Filling up the DagBag from /home/airflow/.local/lib/python3.12/site-packages/airflow/example_dags/example_python_operator.py
[2024-06-24T04:00:02.421+0000] {processor.py:840} INFO - DAG(s) 'example_python_operator' retrieved from /home/airflow/.local/lib/python3.12/site-packages/airflow/example_dags/example_python_operator.py
[2024-06-24T04:00:02.802+0000] {logging_mixin.py:188} INFO - [2024-06-24T04:00:02.801+0000] {dag.py:3096} INFO - Sync 1 DAGs
[2024-06-24T04:00:03.062+0000] {logging_mixin.py:188} INFO - [2024-06-24T04:00:03.050+0000] {dag.py:3954} INFO - Setting next_dagrun for example_python_operator to None, run_after=None
[2024-06-24T04:00:03.446+0000] {processor.py:183} INFO - Processing /home/airflow/.local/lib/python3.12/site-packages/airflow/example_dags/example_python_operator.py took 1.424 seconds
