[2024-06-24T03:52:47.158+0000] {processor.py:161} INFO - Started process (PID=87) to work on /home/airflow/.local/lib/python3.12/site-packages/airflow/example_dags/example_branch_python_dop_operator_3.py
[2024-06-24T03:52:47.163+0000] {processor.py:830} INFO - Processing file /home/airflow/.local/lib/python3.12/site-packages/airflow/example_dags/example_branch_python_dop_operator_3.py for tasks to queue
[2024-06-24T03:52:47.171+0000] {logging_mixin.py:188} INFO - [2024-06-24T03:52:47.170+0000] {dagbag.py:545} INFO - Filling up the DagBag from /home/airflow/.local/lib/python3.12/site-packages/airflow/example_dags/example_branch_python_dop_operator_3.py
[2024-06-24T03:52:47.219+0000] {processor.py:840} INFO - DAG(s) 'example_branch_dop_operator_v3' retrieved from /home/airflow/.local/lib/python3.12/site-packages/airflow/example_dags/example_branch_python_dop_operator_3.py
[2024-06-24T03:52:47.613+0000] {logging_mixin.py:188} INFO - [2024-06-24T03:52:47.611+0000] {override.py:1829} INFO - Created Permission View: can delete on DAG:example_branch_dop_operator_v3
[2024-06-24T03:52:47.651+0000] {logging_mixin.py:188} INFO - [2024-06-24T03:52:47.649+0000] {override.py:1829} INFO - Created Permission View: can edit on DAG:example_branch_dop_operator_v3
[2024-06-24T03:52:47.676+0000] {logging_mixin.py:188} INFO - [2024-06-24T03:52:47.675+0000] {override.py:1829} INFO - Created Permission View: can read on DAG:example_branch_dop_operator_v3
[2024-06-24T03:52:47.679+0000] {logging_mixin.py:188} INFO - [2024-06-24T03:52:47.678+0000] {dag.py:3096} INFO - Sync 1 DAGs
[2024-06-24T03:52:47.725+0000] {logging_mixin.py:188} INFO - [2024-06-24T03:52:47.724+0000] {dag.py:3118} INFO - Creating ORM DAG for example_branch_dop_operator_v3
[2024-06-24T03:52:47.787+0000] {logging_mixin.py:188} INFO - [2024-06-24T03:52:47.786+0000] {dag.py:3954} INFO - Setting next_dagrun for example_branch_dop_operator_v3 to 2024-06-24 03:51:00+00:00, run_after=2024-06-24 03:52:00+00:00
[2024-06-24T03:52:47.850+0000] {processor.py:183} INFO - Processing /home/airflow/.local/lib/python3.12/site-packages/airflow/example_dags/example_branch_python_dop_operator_3.py took 0.714 seconds
[2024-06-24T03:53:18.645+0000] {processor.py:161} INFO - Started process (PID=149) to work on /home/airflow/.local/lib/python3.12/site-packages/airflow/example_dags/example_branch_python_dop_operator_3.py
[2024-06-24T03:53:18.672+0000] {processor.py:830} INFO - Processing file /home/airflow/.local/lib/python3.12/site-packages/airflow/example_dags/example_branch_python_dop_operator_3.py for tasks to queue
[2024-06-24T03:53:19.703+0000] {logging_mixin.py:188} INFO - [2024-06-24T03:53:19.701+0000] {dagbag.py:545} INFO - Filling up the DagBag from /home/airflow/.local/lib/python3.12/site-packages/airflow/example_dags/example_branch_python_dop_operator_3.py
[2024-06-24T03:53:20.011+0000] {processor.py:840} INFO - DAG(s) 'example_branch_dop_operator_v3' retrieved from /home/airflow/.local/lib/python3.12/site-packages/airflow/example_dags/example_branch_python_dop_operator_3.py
[2024-06-24T03:53:20.278+0000] {logging_mixin.py:188} INFO - [2024-06-24T03:53:20.267+0000] {dag.py:3096} INFO - Sync 1 DAGs
[2024-06-24T03:53:21.524+0000] {logging_mixin.py:188} INFO - [2024-06-24T03:53:21.523+0000] {dag.py:3954} INFO - Setting next_dagrun for example_branch_dop_operator_v3 to 2024-06-24 03:52:00+00:00, run_after=2024-06-24 03:53:00+00:00
[2024-06-24T03:53:22.148+0000] {processor.py:183} INFO - Processing /home/airflow/.local/lib/python3.12/site-packages/airflow/example_dags/example_branch_python_dop_operator_3.py took 3.575 seconds
[2024-06-24T03:54:22.054+0000] {processor.py:161} INFO - Started process (PID=217) to work on /home/airflow/.local/lib/python3.12/site-packages/airflow/example_dags/example_branch_python_dop_operator_3.py
[2024-06-24T03:54:22.101+0000] {processor.py:830} INFO - Processing file /home/airflow/.local/lib/python3.12/site-packages/airflow/example_dags/example_branch_python_dop_operator_3.py for tasks to queue
[2024-06-24T03:54:22.111+0000] {logging_mixin.py:188} INFO - [2024-06-24T03:54:22.110+0000] {dagbag.py:545} INFO - Filling up the DagBag from /home/airflow/.local/lib/python3.12/site-packages/airflow/example_dags/example_branch_python_dop_operator_3.py
[2024-06-24T03:54:22.264+0000] {processor.py:840} INFO - DAG(s) 'example_branch_dop_operator_v3' retrieved from /home/airflow/.local/lib/python3.12/site-packages/airflow/example_dags/example_branch_python_dop_operator_3.py
[2024-06-24T03:54:22.642+0000] {logging_mixin.py:188} INFO - [2024-06-24T03:54:22.641+0000] {dag.py:3096} INFO - Sync 1 DAGs
[2024-06-24T03:54:23.113+0000] {logging_mixin.py:188} INFO - [2024-06-24T03:54:23.112+0000] {dag.py:3954} INFO - Setting next_dagrun for example_branch_dop_operator_v3 to 2024-06-24 03:53:00+00:00, run_after=2024-06-24 03:54:00+00:00
[2024-06-24T03:54:23.429+0000] {processor.py:183} INFO - Processing /home/airflow/.local/lib/python3.12/site-packages/airflow/example_dags/example_branch_python_dop_operator_3.py took 1.490 seconds
[2024-06-24T03:54:55.882+0000] {processor.py:161} INFO - Started process (PID=279) to work on /home/airflow/.local/lib/python3.12/site-packages/airflow/example_dags/example_branch_python_dop_operator_3.py
[2024-06-24T03:54:55.890+0000] {processor.py:830} INFO - Processing file /home/airflow/.local/lib/python3.12/site-packages/airflow/example_dags/example_branch_python_dop_operator_3.py for tasks to queue
[2024-06-24T03:54:55.900+0000] {logging_mixin.py:188} INFO - [2024-06-24T03:54:55.898+0000] {dagbag.py:545} INFO - Filling up the DagBag from /home/airflow/.local/lib/python3.12/site-packages/airflow/example_dags/example_branch_python_dop_operator_3.py
[2024-06-24T03:54:55.983+0000] {processor.py:840} INFO - DAG(s) 'example_branch_dop_operator_v3' retrieved from /home/airflow/.local/lib/python3.12/site-packages/airflow/example_dags/example_branch_python_dop_operator_3.py
[2024-06-24T03:54:56.244+0000] {logging_mixin.py:188} INFO - [2024-06-24T03:54:56.243+0000] {dag.py:3096} INFO - Sync 1 DAGs
[2024-06-24T03:54:56.594+0000] {logging_mixin.py:188} INFO - [2024-06-24T03:54:56.593+0000] {dag.py:3954} INFO - Setting next_dagrun for example_branch_dop_operator_v3 to 2024-06-24 03:53:00+00:00, run_after=2024-06-24 03:54:00+00:00
[2024-06-24T03:54:56.961+0000] {processor.py:183} INFO - Processing /home/airflow/.local/lib/python3.12/site-packages/airflow/example_dags/example_branch_python_dop_operator_3.py took 1.109 seconds
[2024-06-24T03:55:27.655+0000] {processor.py:161} INFO - Started process (PID=342) to work on /home/airflow/.local/lib/python3.12/site-packages/airflow/example_dags/example_branch_python_dop_operator_3.py
[2024-06-24T03:55:27.659+0000] {processor.py:830} INFO - Processing file /home/airflow/.local/lib/python3.12/site-packages/airflow/example_dags/example_branch_python_dop_operator_3.py for tasks to queue
[2024-06-24T03:55:27.667+0000] {logging_mixin.py:188} INFO - [2024-06-24T03:55:27.665+0000] {dagbag.py:545} INFO - Filling up the DagBag from /home/airflow/.local/lib/python3.12/site-packages/airflow/example_dags/example_branch_python_dop_operator_3.py
[2024-06-24T03:55:27.701+0000] {processor.py:840} INFO - DAG(s) 'example_branch_dop_operator_v3' retrieved from /home/airflow/.local/lib/python3.12/site-packages/airflow/example_dags/example_branch_python_dop_operator_3.py
[2024-06-24T03:55:27.765+0000] {logging_mixin.py:188} INFO - [2024-06-24T03:55:27.765+0000] {dag.py:3096} INFO - Sync 1 DAGs
[2024-06-24T03:55:27.872+0000] {logging_mixin.py:188} INFO - [2024-06-24T03:55:27.871+0000] {dag.py:3954} INFO - Setting next_dagrun for example_branch_dop_operator_v3 to 2024-06-24 03:54:00+00:00, run_after=2024-06-24 03:55:00+00:00
[2024-06-24T03:55:27.956+0000] {processor.py:183} INFO - Processing /home/airflow/.local/lib/python3.12/site-packages/airflow/example_dags/example_branch_python_dop_operator_3.py took 0.322 seconds
[2024-06-24T03:56:36.670+0000] {processor.py:161} INFO - Started process (PID=410) to work on /home/airflow/.local/lib/python3.12/site-packages/airflow/example_dags/example_branch_python_dop_operator_3.py
[2024-06-24T03:56:36.676+0000] {processor.py:830} INFO - Processing file /home/airflow/.local/lib/python3.12/site-packages/airflow/example_dags/example_branch_python_dop_operator_3.py for tasks to queue
[2024-06-24T03:56:36.693+0000] {logging_mixin.py:188} INFO - [2024-06-24T03:56:36.683+0000] {dagbag.py:545} INFO - Filling up the DagBag from /home/airflow/.local/lib/python3.12/site-packages/airflow/example_dags/example_branch_python_dop_operator_3.py
[2024-06-24T03:56:36.805+0000] {processor.py:840} INFO - DAG(s) 'example_branch_dop_operator_v3' retrieved from /home/airflow/.local/lib/python3.12/site-packages/airflow/example_dags/example_branch_python_dop_operator_3.py
[2024-06-24T03:56:37.096+0000] {logging_mixin.py:188} INFO - [2024-06-24T03:56:37.095+0000] {dag.py:3096} INFO - Sync 1 DAGs
[2024-06-24T03:56:37.603+0000] {logging_mixin.py:188} INFO - [2024-06-24T03:56:37.602+0000] {dag.py:3954} INFO - Setting next_dagrun for example_branch_dop_operator_v3 to 2024-06-24 03:55:00+00:00, run_after=2024-06-24 03:56:00+00:00
[2024-06-24T03:56:37.988+0000] {processor.py:183} INFO - Processing /home/airflow/.local/lib/python3.12/site-packages/airflow/example_dags/example_branch_python_dop_operator_3.py took 1.368 seconds
[2024-06-24T03:57:45.653+0000] {processor.py:161} INFO - Started process (PID=482) to work on /home/airflow/.local/lib/python3.12/site-packages/airflow/example_dags/example_branch_python_dop_operator_3.py
[2024-06-24T03:57:45.670+0000] {processor.py:830} INFO - Processing file /home/airflow/.local/lib/python3.12/site-packages/airflow/example_dags/example_branch_python_dop_operator_3.py for tasks to queue
[2024-06-24T03:57:45.698+0000] {logging_mixin.py:188} INFO - [2024-06-24T03:57:45.686+0000] {dagbag.py:545} INFO - Filling up the DagBag from /home/airflow/.local/lib/python3.12/site-packages/airflow/example_dags/example_branch_python_dop_operator_3.py
[2024-06-24T03:57:45.826+0000] {processor.py:840} INFO - DAG(s) 'example_branch_dop_operator_v3' retrieved from /home/airflow/.local/lib/python3.12/site-packages/airflow/example_dags/example_branch_python_dop_operator_3.py
[2024-06-24T03:57:46.101+0000] {logging_mixin.py:188} INFO - [2024-06-24T03:57:46.097+0000] {dag.py:3096} INFO - Sync 1 DAGs
[2024-06-24T03:57:46.501+0000] {logging_mixin.py:188} INFO - [2024-06-24T03:57:46.500+0000] {dag.py:3954} INFO - Setting next_dagrun for example_branch_dop_operator_v3 to 2024-06-24 03:56:00+00:00, run_after=2024-06-24 03:57:00+00:00
[2024-06-24T03:57:46.711+0000] {processor.py:183} INFO - Processing /home/airflow/.local/lib/python3.12/site-packages/airflow/example_dags/example_branch_python_dop_operator_3.py took 1.138 seconds
