[2024-06-24T03:52:47.956+0000] {processor.py:161} INFO - Started process (PID=89) to work on /home/airflow/.local/lib/python3.12/site-packages/airflow/example_dags/example_subdag_operator.py
[2024-06-24T03:52:47.960+0000] {processor.py:830} INFO - Processing file /home/airflow/.local/lib/python3.12/site-packages/airflow/example_dags/example_subdag_operator.py for tasks to queue
[2024-06-24T03:52:47.973+0000] {logging_mixin.py:188} INFO - [2024-06-24T03:52:47.970+0000] {dagbag.py:545} INFO - Filling up the DagBag from /home/airflow/.local/lib/python3.12/site-packages/airflow/example_dags/example_subdag_operator.py
[2024-06-24T03:52:48.068+0000] {processor.py:840} INFO - DAG(s) 'example_subdag_operator.section-1', 'example_subdag_operator.section-2', 'example_subdag_operator' retrieved from /home/airflow/.local/lib/python3.12/site-packages/airflow/example_dags/example_subdag_operator.py
[2024-06-24T03:52:48.407+0000] {logging_mixin.py:188} INFO - [2024-06-24T03:52:48.405+0000] {override.py:1829} INFO - Created Permission View: can delete on DAG:example_subdag_operator
[2024-06-24T03:52:48.443+0000] {logging_mixin.py:188} INFO - [2024-06-24T03:52:48.442+0000] {override.py:1829} INFO - Created Permission View: can edit on DAG:example_subdag_operator
[2024-06-24T03:52:48.470+0000] {logging_mixin.py:188} INFO - [2024-06-24T03:52:48.469+0000] {override.py:1829} INFO - Created Permission View: can read on DAG:example_subdag_operator
[2024-06-24T03:52:48.473+0000] {logging_mixin.py:188} INFO - [2024-06-24T03:52:48.472+0000] {dag.py:3096} INFO - Sync 3 DAGs
[2024-06-24T03:52:48.522+0000] {logging_mixin.py:188} INFO - [2024-06-24T03:52:48.521+0000] {dag.py:3118} INFO - Creating ORM DAG for example_subdag_operator
[2024-06-24T03:52:48.527+0000] {logging_mixin.py:188} INFO - [2024-06-24T03:52:48.526+0000] {dag.py:3118} INFO - Creating ORM DAG for example_subdag_operator.section-1
[2024-06-24T03:52:48.529+0000] {logging_mixin.py:188} INFO - [2024-06-24T03:52:48.529+0000] {dag.py:3118} INFO - Creating ORM DAG for example_subdag_operator.section-2
[2024-06-24T03:52:48.563+0000] {logging_mixin.py:188} INFO - [2024-06-24T03:52:48.562+0000] {dag.py:3954} INFO - Setting next_dagrun for example_subdag_operator to 2022-01-01 00:00:00+00:00, run_after=2022-01-01 00:00:00+00:00
[2024-06-24T03:52:48.567+0000] {logging_mixin.py:188} INFO - [2024-06-24T03:52:48.566+0000] {dag.py:3954} INFO - Setting next_dagrun for example_subdag_operator.section-1 to None, run_after=None
[2024-06-24T03:52:48.570+0000] {logging_mixin.py:188} INFO - [2024-06-24T03:52:48.569+0000] {dag.py:3954} INFO - Setting next_dagrun for example_subdag_operator.section-2 to None, run_after=None
[2024-06-24T03:52:48.600+0000] {logging_mixin.py:188} INFO - [2024-06-24T03:52:48.600+0000] {dag.py:3096} INFO - Sync 2 DAGs
[2024-06-24T03:52:48.620+0000] {logging_mixin.py:188} INFO - [2024-06-24T03:52:48.619+0000] {dag.py:3954} INFO - Setting next_dagrun for example_subdag_operator.section-1 to None, run_after=None
[2024-06-24T03:52:48.629+0000] {logging_mixin.py:188} INFO - [2024-06-24T03:52:48.629+0000] {dag.py:3954} INFO - Setting next_dagrun for example_subdag_operator.section-2 to None, run_after=None
[2024-06-24T03:52:48.678+0000] {processor.py:183} INFO - Processing /home/airflow/.local/lib/python3.12/site-packages/airflow/example_dags/example_subdag_operator.py took 0.744 seconds
[2024-06-24T03:53:23.438+0000] {processor.py:161} INFO - Started process (PID=151) to work on /home/airflow/.local/lib/python3.12/site-packages/airflow/example_dags/example_subdag_operator.py
[2024-06-24T03:53:23.452+0000] {processor.py:830} INFO - Processing file /home/airflow/.local/lib/python3.12/site-packages/airflow/example_dags/example_subdag_operator.py for tasks to queue
[2024-06-24T03:53:23.482+0000] {logging_mixin.py:188} INFO - [2024-06-24T03:53:23.471+0000] {dagbag.py:545} INFO - Filling up the DagBag from /home/airflow/.local/lib/python3.12/site-packages/airflow/example_dags/example_subdag_operator.py
[2024-06-24T03:53:24.061+0000] {processor.py:840} INFO - DAG(s) 'example_subdag_operator.section-1', 'example_subdag_operator.section-2', 'example_subdag_operator' retrieved from /home/airflow/.local/lib/python3.12/site-packages/airflow/example_dags/example_subdag_operator.py
[2024-06-24T03:53:24.241+0000] {logging_mixin.py:188} INFO - [2024-06-24T03:53:24.240+0000] {dag.py:3096} INFO - Sync 3 DAGs
[2024-06-24T03:53:24.490+0000] {logging_mixin.py:188} INFO - [2024-06-24T03:53:24.490+0000] {dag.py:3954} INFO - Setting next_dagrun for example_subdag_operator to 2022-01-01 00:00:00+00:00, run_after=2022-01-01 00:00:00+00:00
[2024-06-24T03:53:24.538+0000] {logging_mixin.py:188} INFO - [2024-06-24T03:53:24.537+0000] {dag.py:3954} INFO - Setting next_dagrun for example_subdag_operator.section-1 to None, run_after=None
[2024-06-24T03:53:24.556+0000] {logging_mixin.py:188} INFO - [2024-06-24T03:53:24.555+0000] {dag.py:3954} INFO - Setting next_dagrun for example_subdag_operator.section-2 to None, run_after=None
[2024-06-24T03:53:24.641+0000] {logging_mixin.py:188} INFO - [2024-06-24T03:53:24.640+0000] {dag.py:3096} INFO - Sync 2 DAGs
[2024-06-24T03:53:24.693+0000] {logging_mixin.py:188} INFO - [2024-06-24T03:53:24.692+0000] {dag.py:3954} INFO - Setting next_dagrun for example_subdag_operator.section-1 to None, run_after=None
[2024-06-24T03:53:24.708+0000] {logging_mixin.py:188} INFO - [2024-06-24T03:53:24.704+0000] {dag.py:3954} INFO - Setting next_dagrun for example_subdag_operator.section-2 to None, run_after=None
[2024-06-24T03:53:24.894+0000] {processor.py:183} INFO - Processing /home/airflow/.local/lib/python3.12/site-packages/airflow/example_dags/example_subdag_operator.py took 1.506 seconds
[2024-06-24T03:54:23.710+0000] {processor.py:161} INFO - Started process (PID=219) to work on /home/airflow/.local/lib/python3.12/site-packages/airflow/example_dags/example_subdag_operator.py
[2024-06-24T03:54:23.725+0000] {processor.py:830} INFO - Processing file /home/airflow/.local/lib/python3.12/site-packages/airflow/example_dags/example_subdag_operator.py for tasks to queue
[2024-06-24T03:54:23.744+0000] {logging_mixin.py:188} INFO - [2024-06-24T03:54:23.742+0000] {dagbag.py:545} INFO - Filling up the DagBag from /home/airflow/.local/lib/python3.12/site-packages/airflow/example_dags/example_subdag_operator.py
[2024-06-24T03:54:23.891+0000] {processor.py:840} INFO - DAG(s) 'example_subdag_operator.section-1', 'example_subdag_operator.section-2', 'example_subdag_operator' retrieved from /home/airflow/.local/lib/python3.12/site-packages/airflow/example_dags/example_subdag_operator.py
[2024-06-24T03:54:23.948+0000] {logging_mixin.py:188} INFO - [2024-06-24T03:54:23.947+0000] {dag.py:3096} INFO - Sync 3 DAGs
[2024-06-24T03:54:24.039+0000] {logging_mixin.py:188} INFO - [2024-06-24T03:54:24.038+0000] {dag.py:3954} INFO - Setting next_dagrun for example_subdag_operator to 2022-01-01 00:00:00+00:00, run_after=2022-01-01 00:00:00+00:00
[2024-06-24T03:54:24.057+0000] {logging_mixin.py:188} INFO - [2024-06-24T03:54:24.056+0000] {dag.py:3954} INFO - Setting next_dagrun for example_subdag_operator.section-1 to None, run_after=None
[2024-06-24T03:54:24.064+0000] {logging_mixin.py:188} INFO - [2024-06-24T03:54:24.063+0000] {dag.py:3954} INFO - Setting next_dagrun for example_subdag_operator.section-2 to None, run_after=None
[2024-06-24T03:54:24.094+0000] {logging_mixin.py:188} INFO - [2024-06-24T03:54:24.093+0000] {dag.py:3096} INFO - Sync 2 DAGs
[2024-06-24T03:54:24.112+0000] {logging_mixin.py:188} INFO - [2024-06-24T03:54:24.111+0000] {dag.py:3954} INFO - Setting next_dagrun for example_subdag_operator.section-1 to None, run_after=None
[2024-06-24T03:54:24.115+0000] {logging_mixin.py:188} INFO - [2024-06-24T03:54:24.114+0000] {dag.py:3954} INFO - Setting next_dagrun for example_subdag_operator.section-2 to None, run_after=None
[2024-06-24T03:54:24.167+0000] {processor.py:183} INFO - Processing /home/airflow/.local/lib/python3.12/site-packages/airflow/example_dags/example_subdag_operator.py took 0.528 seconds
[2024-06-24T03:54:57.511+0000] {processor.py:161} INFO - Started process (PID=281) to work on /home/airflow/.local/lib/python3.12/site-packages/airflow/example_dags/example_subdag_operator.py
[2024-06-24T03:54:57.595+0000] {processor.py:830} INFO - Processing file /home/airflow/.local/lib/python3.12/site-packages/airflow/example_dags/example_subdag_operator.py for tasks to queue
[2024-06-24T03:54:57.655+0000] {logging_mixin.py:188} INFO - [2024-06-24T03:54:57.653+0000] {dagbag.py:545} INFO - Filling up the DagBag from /home/airflow/.local/lib/python3.12/site-packages/airflow/example_dags/example_subdag_operator.py
[2024-06-24T03:54:58.074+0000] {processor.py:840} INFO - DAG(s) 'example_subdag_operator.section-1', 'example_subdag_operator.section-2', 'example_subdag_operator' retrieved from /home/airflow/.local/lib/python3.12/site-packages/airflow/example_dags/example_subdag_operator.py
[2024-06-24T03:54:58.330+0000] {logging_mixin.py:188} INFO - [2024-06-24T03:54:58.318+0000] {dag.py:3096} INFO - Sync 3 DAGs
[2024-06-24T03:54:58.680+0000] {logging_mixin.py:188} INFO - [2024-06-24T03:54:58.678+0000] {dag.py:3954} INFO - Setting next_dagrun for example_subdag_operator to 2022-01-01 00:00:00+00:00, run_after=2022-01-01 00:00:00+00:00
[2024-06-24T03:54:58.813+0000] {logging_mixin.py:188} INFO - [2024-06-24T03:54:58.812+0000] {dag.py:3954} INFO - Setting next_dagrun for example_subdag_operator.section-1 to None, run_after=None
[2024-06-24T03:54:58.844+0000] {logging_mixin.py:188} INFO - [2024-06-24T03:54:58.843+0000] {dag.py:3954} INFO - Setting next_dagrun for example_subdag_operator.section-2 to None, run_after=None
[2024-06-24T03:54:59.020+0000] {logging_mixin.py:188} INFO - [2024-06-24T03:54:59.018+0000] {dag.py:3096} INFO - Sync 2 DAGs
[2024-06-24T03:54:59.196+0000] {logging_mixin.py:188} INFO - [2024-06-24T03:54:59.194+0000] {dag.py:3954} INFO - Setting next_dagrun for example_subdag_operator.section-1 to None, run_after=None
[2024-06-24T03:54:59.276+0000] {logging_mixin.py:188} INFO - [2024-06-24T03:54:59.275+0000] {dag.py:3954} INFO - Setting next_dagrun for example_subdag_operator.section-2 to None, run_after=None
[2024-06-24T03:54:59.616+0000] {processor.py:183} INFO - Processing /home/airflow/.local/lib/python3.12/site-packages/airflow/example_dags/example_subdag_operator.py took 2.227 seconds
[2024-06-24T03:55:30.794+0000] {processor.py:161} INFO - Started process (PID=344) to work on /home/airflow/.local/lib/python3.12/site-packages/airflow/example_dags/example_subdag_operator.py
[2024-06-24T03:55:30.802+0000] {processor.py:830} INFO - Processing file /home/airflow/.local/lib/python3.12/site-packages/airflow/example_dags/example_subdag_operator.py for tasks to queue
[2024-06-24T03:55:30.809+0000] {logging_mixin.py:188} INFO - [2024-06-24T03:55:30.807+0000] {dagbag.py:545} INFO - Filling up the DagBag from /home/airflow/.local/lib/python3.12/site-packages/airflow/example_dags/example_subdag_operator.py
[2024-06-24T03:55:30.912+0000] {processor.py:840} INFO - DAG(s) 'example_subdag_operator.section-1', 'example_subdag_operator.section-2', 'example_subdag_operator' retrieved from /home/airflow/.local/lib/python3.12/site-packages/airflow/example_dags/example_subdag_operator.py
[2024-06-24T03:55:30.975+0000] {logging_mixin.py:188} INFO - [2024-06-24T03:55:30.974+0000] {dag.py:3096} INFO - Sync 3 DAGs
[2024-06-24T03:55:31.060+0000] {logging_mixin.py:188} INFO - [2024-06-24T03:55:31.059+0000] {dag.py:3954} INFO - Setting next_dagrun for example_subdag_operator to 2022-01-01 00:00:00+00:00, run_after=2022-01-01 00:00:00+00:00
[2024-06-24T03:55:31.074+0000] {logging_mixin.py:188} INFO - [2024-06-24T03:55:31.074+0000] {dag.py:3954} INFO - Setting next_dagrun for example_subdag_operator.section-1 to None, run_after=None
[2024-06-24T03:55:31.080+0000] {logging_mixin.py:188} INFO - [2024-06-24T03:55:31.079+0000] {dag.py:3954} INFO - Setting next_dagrun for example_subdag_operator.section-2 to None, run_after=None
[2024-06-24T03:55:31.105+0000] {logging_mixin.py:188} INFO - [2024-06-24T03:55:31.104+0000] {dag.py:3096} INFO - Sync 2 DAGs
[2024-06-24T03:55:31.126+0000] {logging_mixin.py:188} INFO - [2024-06-24T03:55:31.126+0000] {dag.py:3954} INFO - Setting next_dagrun for example_subdag_operator.section-1 to None, run_after=None
[2024-06-24T03:55:31.129+0000] {logging_mixin.py:188} INFO - [2024-06-24T03:55:31.128+0000] {dag.py:3954} INFO - Setting next_dagrun for example_subdag_operator.section-2 to None, run_after=None
[2024-06-24T03:55:31.172+0000] {processor.py:183} INFO - Processing /home/airflow/.local/lib/python3.12/site-packages/airflow/example_dags/example_subdag_operator.py took 0.411 seconds
[2024-06-24T03:56:38.614+0000] {processor.py:161} INFO - Started process (PID=418) to work on /home/airflow/.local/lib/python3.12/site-packages/airflow/example_dags/example_subdag_operator.py
[2024-06-24T03:56:38.631+0000] {processor.py:830} INFO - Processing file /home/airflow/.local/lib/python3.12/site-packages/airflow/example_dags/example_subdag_operator.py for tasks to queue
[2024-06-24T03:56:38.684+0000] {logging_mixin.py:188} INFO - [2024-06-24T03:56:38.683+0000] {dagbag.py:545} INFO - Filling up the DagBag from /home/airflow/.local/lib/python3.12/site-packages/airflow/example_dags/example_subdag_operator.py
[2024-06-24T03:56:39.080+0000] {processor.py:840} INFO - DAG(s) 'example_subdag_operator.section-1', 'example_subdag_operator.section-2', 'example_subdag_operator' retrieved from /home/airflow/.local/lib/python3.12/site-packages/airflow/example_dags/example_subdag_operator.py
[2024-06-24T03:56:39.468+0000] {logging_mixin.py:188} INFO - [2024-06-24T03:56:39.467+0000] {dag.py:3096} INFO - Sync 3 DAGs
[2024-06-24T03:56:39.756+0000] {logging_mixin.py:188} INFO - [2024-06-24T03:56:39.746+0000] {dag.py:3954} INFO - Setting next_dagrun for example_subdag_operator to 2022-01-01 00:00:00+00:00, run_after=2022-01-01 00:00:00+00:00
[2024-06-24T03:56:39.837+0000] {logging_mixin.py:188} INFO - [2024-06-24T03:56:39.836+0000] {dag.py:3954} INFO - Setting next_dagrun for example_subdag_operator.section-1 to None, run_after=None
[2024-06-24T03:56:39.855+0000] {logging_mixin.py:188} INFO - [2024-06-24T03:56:39.854+0000] {dag.py:3954} INFO - Setting next_dagrun for example_subdag_operator.section-2 to None, run_after=None
[2024-06-24T03:56:39.975+0000] {logging_mixin.py:188} INFO - [2024-06-24T03:56:39.963+0000] {dag.py:3096} INFO - Sync 2 DAGs
[2024-06-24T03:56:40.032+0000] {logging_mixin.py:188} INFO - [2024-06-24T03:56:40.030+0000] {dag.py:3954} INFO - Setting next_dagrun for example_subdag_operator.section-1 to None, run_after=None
[2024-06-24T03:56:40.043+0000] {logging_mixin.py:188} INFO - [2024-06-24T03:56:40.042+0000] {dag.py:3954} INFO - Setting next_dagrun for example_subdag_operator.section-2 to None, run_after=None
[2024-06-24T03:56:40.214+0000] {processor.py:183} INFO - Processing /home/airflow/.local/lib/python3.12/site-packages/airflow/example_dags/example_subdag_operator.py took 1.682 seconds
[2024-06-24T03:57:47.084+0000] {processor.py:161} INFO - Started process (PID=484) to work on /home/airflow/.local/lib/python3.12/site-packages/airflow/example_dags/example_subdag_operator.py
[2024-06-24T03:57:47.120+0000] {processor.py:830} INFO - Processing file /home/airflow/.local/lib/python3.12/site-packages/airflow/example_dags/example_subdag_operator.py for tasks to queue
[2024-06-24T03:57:47.153+0000] {logging_mixin.py:188} INFO - [2024-06-24T03:57:47.151+0000] {dagbag.py:545} INFO - Filling up the DagBag from /home/airflow/.local/lib/python3.12/site-packages/airflow/example_dags/example_subdag_operator.py
[2024-06-24T03:57:47.547+0000] {processor.py:840} INFO - DAG(s) 'example_subdag_operator.section-1', 'example_subdag_operator.section-2', 'example_subdag_operator' retrieved from /home/airflow/.local/lib/python3.12/site-packages/airflow/example_dags/example_subdag_operator.py
[2024-06-24T03:57:47.978+0000] {logging_mixin.py:188} INFO - [2024-06-24T03:57:47.968+0000] {dag.py:3096} INFO - Sync 3 DAGs
[2024-06-24T03:57:48.541+0000] {logging_mixin.py:188} INFO - [2024-06-24T03:57:48.539+0000] {dag.py:3954} INFO - Setting next_dagrun for example_subdag_operator to 2022-01-01 00:00:00+00:00, run_after=2022-01-01 00:00:00+00:00
[2024-06-24T03:57:48.672+0000] {logging_mixin.py:188} INFO - [2024-06-24T03:57:48.671+0000] {dag.py:3954} INFO - Setting next_dagrun for example_subdag_operator.section-1 to None, run_after=None
[2024-06-24T03:57:48.688+0000] {logging_mixin.py:188} INFO - [2024-06-24T03:57:48.688+0000] {dag.py:3954} INFO - Setting next_dagrun for example_subdag_operator.section-2 to None, run_after=None
[2024-06-24T03:57:48.837+0000] {logging_mixin.py:188} INFO - [2024-06-24T03:57:48.836+0000] {dag.py:3096} INFO - Sync 2 DAGs
[2024-06-24T03:57:48.916+0000] {logging_mixin.py:188} INFO - [2024-06-24T03:57:48.906+0000] {dag.py:3954} INFO - Setting next_dagrun for example_subdag_operator.section-1 to None, run_after=None
[2024-06-24T03:57:48.954+0000] {logging_mixin.py:188} INFO - [2024-06-24T03:57:48.953+0000] {dag.py:3954} INFO - Setting next_dagrun for example_subdag_operator.section-2 to None, run_after=None
[2024-06-24T03:57:49.162+0000] {processor.py:183} INFO - Processing /home/airflow/.local/lib/python3.12/site-packages/airflow/example_dags/example_subdag_operator.py took 2.144 seconds
[2024-06-24T03:59:21.127+0000] {processor.py:161} INFO - Started process (PID=565) to work on /home/airflow/.local/lib/python3.12/site-packages/airflow/example_dags/example_subdag_operator.py
[2024-06-24T03:59:21.144+0000] {processor.py:830} INFO - Processing file /home/airflow/.local/lib/python3.12/site-packages/airflow/example_dags/example_subdag_operator.py for tasks to queue
[2024-06-24T03:59:21.169+0000] {logging_mixin.py:188} INFO - [2024-06-24T03:59:21.157+0000] {dagbag.py:545} INFO - Filling up the DagBag from /home/airflow/.local/lib/python3.12/site-packages/airflow/example_dags/example_subdag_operator.py
[2024-06-24T03:59:22.524+0000] {processor.py:840} INFO - DAG(s) 'example_subdag_operator.section-1', 'example_subdag_operator.section-2', 'example_subdag_operator' retrieved from /home/airflow/.local/lib/python3.12/site-packages/airflow/example_dags/example_subdag_operator.py
[2024-06-24T03:59:22.702+0000] {logging_mixin.py:188} INFO - [2024-06-24T03:59:22.701+0000] {dag.py:3096} INFO - Sync 3 DAGs
[2024-06-24T03:59:23.103+0000] {logging_mixin.py:188} INFO - [2024-06-24T03:59:23.102+0000] {dag.py:3954} INFO - Setting next_dagrun for example_subdag_operator to 2022-01-01 00:00:00+00:00, run_after=2022-01-01 00:00:00+00:00
[2024-06-24T03:59:23.240+0000] {logging_mixin.py:188} INFO - [2024-06-24T03:59:23.239+0000] {dag.py:3954} INFO - Setting next_dagrun for example_subdag_operator.section-1 to None, run_after=None
[2024-06-24T03:59:23.420+0000] {logging_mixin.py:188} INFO - [2024-06-24T03:59:23.419+0000] {dag.py:3954} INFO - Setting next_dagrun for example_subdag_operator.section-2 to None, run_after=None
[2024-06-24T03:59:23.583+0000] {logging_mixin.py:188} INFO - [2024-06-24T03:59:23.582+0000] {dag.py:3096} INFO - Sync 2 DAGs
[2024-06-24T03:59:23.697+0000] {logging_mixin.py:188} INFO - [2024-06-24T03:59:23.685+0000] {dag.py:3954} INFO - Setting next_dagrun for example_subdag_operator.section-1 to None, run_after=None
[2024-06-24T03:59:23.762+0000] {logging_mixin.py:188} INFO - [2024-06-24T03:59:23.761+0000] {dag.py:3954} INFO - Setting next_dagrun for example_subdag_operator.section-2 to None, run_after=None
[2024-06-24T03:59:23.951+0000] {processor.py:183} INFO - Processing /home/airflow/.local/lib/python3.12/site-packages/airflow/example_dags/example_subdag_operator.py took 2.938 seconds
[2024-06-24T04:01:02.266+0000] {processor.py:161} INFO - Started process (PID=634) to work on /home/airflow/.local/lib/python3.12/site-packages/airflow/example_dags/example_subdag_operator.py
[2024-06-24T04:01:02.289+0000] {processor.py:830} INFO - Processing file /home/airflow/.local/lib/python3.12/site-packages/airflow/example_dags/example_subdag_operator.py for tasks to queue
[2024-06-24T04:01:02.308+0000] {logging_mixin.py:188} INFO - [2024-06-24T04:01:02.306+0000] {dagbag.py:545} INFO - Filling up the DagBag from /home/airflow/.local/lib/python3.12/site-packages/airflow/example_dags/example_subdag_operator.py
[2024-06-24T04:01:02.663+0000] {processor.py:840} INFO - DAG(s) 'example_subdag_operator.section-1', 'example_subdag_operator.section-2', 'example_subdag_operator' retrieved from /home/airflow/.local/lib/python3.12/site-packages/airflow/example_dags/example_subdag_operator.py
[2024-06-24T04:01:02.778+0000] {logging_mixin.py:188} INFO - [2024-06-24T04:01:02.777+0000] {dag.py:3096} INFO - Sync 3 DAGs
[2024-06-24T04:01:03.054+0000] {logging_mixin.py:188} INFO - [2024-06-24T04:01:03.053+0000] {dag.py:3954} INFO - Setting next_dagrun for example_subdag_operator to 2022-01-01 00:00:00+00:00, run_after=2022-01-01 00:00:00+00:00
[2024-06-24T04:01:03.130+0000] {logging_mixin.py:188} INFO - [2024-06-24T04:01:03.129+0000] {dag.py:3954} INFO - Setting next_dagrun for example_subdag_operator.section-1 to None, run_after=None
[2024-06-24T04:01:03.192+0000] {logging_mixin.py:188} INFO - [2024-06-24T04:01:03.181+0000] {dag.py:3954} INFO - Setting next_dagrun for example_subdag_operator.section-2 to None, run_after=None
[2024-06-24T04:01:03.334+0000] {logging_mixin.py:188} INFO - [2024-06-24T04:01:03.333+0000] {dag.py:3096} INFO - Sync 2 DAGs
[2024-06-24T04:01:03.396+0000] {logging_mixin.py:188} INFO - [2024-06-24T04:01:03.395+0000] {dag.py:3954} INFO - Setting next_dagrun for example_subdag_operator.section-1 to None, run_after=None
[2024-06-24T04:01:03.411+0000] {logging_mixin.py:188} INFO - [2024-06-24T04:01:03.400+0000] {dag.py:3954} INFO - Setting next_dagrun for example_subdag_operator.section-2 to None, run_after=None
[2024-06-24T04:01:03.578+0000] {processor.py:183} INFO - Processing /home/airflow/.local/lib/python3.12/site-packages/airflow/example_dags/example_subdag_operator.py took 1.392 seconds
