[2024-06-24T03:52:48.376+0000] {processor.py:161} INFO - Started process (PID=90) to work on /home/airflow/.local/lib/python3.12/site-packages/airflow/example_dags/example_short_circuit_operator.py
[2024-06-24T03:52:48.380+0000] {processor.py:830} INFO - Processing file /home/airflow/.local/lib/python3.12/site-packages/airflow/example_dags/example_short_circuit_operator.py for tasks to queue
[2024-06-24T03:52:48.385+0000] {logging_mixin.py:188} INFO - [2024-06-24T03:52:48.384+0000] {dagbag.py:545} INFO - Filling up the DagBag from /home/airflow/.local/lib/python3.12/site-packages/airflow/example_dags/example_short_circuit_operator.py
[2024-06-24T03:52:48.412+0000] {processor.py:840} INFO - DAG(s) 'example_short_circuit_operator' retrieved from /home/airflow/.local/lib/python3.12/site-packages/airflow/example_dags/example_short_circuit_operator.py
[2024-06-24T03:52:48.837+0000] {logging_mixin.py:188} INFO - [2024-06-24T03:52:48.834+0000] {override.py:1829} INFO - Created Permission View: can delete on DAG:example_short_circuit_operator
[2024-06-24T03:52:48.873+0000] {logging_mixin.py:188} INFO - [2024-06-24T03:52:48.872+0000] {override.py:1829} INFO - Created Permission View: can edit on DAG:example_short_circuit_operator
[2024-06-24T03:52:48.899+0000] {logging_mixin.py:188} INFO - [2024-06-24T03:52:48.898+0000] {override.py:1829} INFO - Created Permission View: can read on DAG:example_short_circuit_operator
[2024-06-24T03:52:48.902+0000] {logging_mixin.py:188} INFO - [2024-06-24T03:52:48.901+0000] {dag.py:3096} INFO - Sync 1 DAGs
[2024-06-24T03:52:48.952+0000] {logging_mixin.py:188} INFO - [2024-06-24T03:52:48.951+0000] {dag.py:3118} INFO - Creating ORM DAG for example_short_circuit_operator
[2024-06-24T03:52:48.994+0000] {logging_mixin.py:188} INFO - [2024-06-24T03:52:48.993+0000] {dag.py:3954} INFO - Setting next_dagrun for example_short_circuit_operator to 2024-06-23 00:00:00+00:00, run_after=2024-06-24 00:00:00+00:00
[2024-06-24T03:52:49.066+0000] {processor.py:183} INFO - Processing /home/airflow/.local/lib/python3.12/site-packages/airflow/example_dags/example_short_circuit_operator.py took 0.709 seconds
[2024-06-24T03:53:23.548+0000] {processor.py:161} INFO - Started process (PID=152) to work on /home/airflow/.local/lib/python3.12/site-packages/airflow/example_dags/example_short_circuit_operator.py
[2024-06-24T03:53:23.561+0000] {processor.py:830} INFO - Processing file /home/airflow/.local/lib/python3.12/site-packages/airflow/example_dags/example_short_circuit_operator.py for tasks to queue
[2024-06-24T03:53:23.605+0000] {logging_mixin.py:188} INFO - [2024-06-24T03:53:23.603+0000] {dagbag.py:545} INFO - Filling up the DagBag from /home/airflow/.local/lib/python3.12/site-packages/airflow/example_dags/example_short_circuit_operator.py
[2024-06-24T03:53:23.701+0000] {processor.py:840} INFO - DAG(s) 'example_short_circuit_operator' retrieved from /home/airflow/.local/lib/python3.12/site-packages/airflow/example_dags/example_short_circuit_operator.py
[2024-06-24T03:53:24.694+0000] {logging_mixin.py:188} INFO - [2024-06-24T03:53:24.693+0000] {dag.py:3096} INFO - Sync 1 DAGs
[2024-06-24T03:53:25.055+0000] {logging_mixin.py:188} INFO - [2024-06-24T03:53:25.053+0000] {dag.py:3954} INFO - Setting next_dagrun for example_short_circuit_operator to 2024-06-23 00:00:00+00:00, run_after=2024-06-24 00:00:00+00:00
[2024-06-24T03:53:25.281+0000] {processor.py:183} INFO - Processing /home/airflow/.local/lib/python3.12/site-packages/airflow/example_dags/example_short_circuit_operator.py took 1.794 seconds
[2024-06-24T03:54:24.089+0000] {processor.py:161} INFO - Started process (PID=220) to work on /home/airflow/.local/lib/python3.12/site-packages/airflow/example_dags/example_short_circuit_operator.py
[2024-06-24T03:54:24.093+0000] {processor.py:830} INFO - Processing file /home/airflow/.local/lib/python3.12/site-packages/airflow/example_dags/example_short_circuit_operator.py for tasks to queue
[2024-06-24T03:54:24.100+0000] {logging_mixin.py:188} INFO - [2024-06-24T03:54:24.099+0000] {dagbag.py:545} INFO - Filling up the DagBag from /home/airflow/.local/lib/python3.12/site-packages/airflow/example_dags/example_short_circuit_operator.py
[2024-06-24T03:54:24.131+0000] {processor.py:840} INFO - DAG(s) 'example_short_circuit_operator' retrieved from /home/airflow/.local/lib/python3.12/site-packages/airflow/example_dags/example_short_circuit_operator.py
[2024-06-24T03:54:24.223+0000] {logging_mixin.py:188} INFO - [2024-06-24T03:54:24.221+0000] {dag.py:3096} INFO - Sync 1 DAGs
[2024-06-24T03:54:24.325+0000] {logging_mixin.py:188} INFO - [2024-06-24T03:54:24.324+0000] {dag.py:3954} INFO - Setting next_dagrun for example_short_circuit_operator to 2024-06-23 00:00:00+00:00, run_after=2024-06-24 00:00:00+00:00
[2024-06-24T03:54:24.422+0000] {processor.py:183} INFO - Processing /home/airflow/.local/lib/python3.12/site-packages/airflow/example_dags/example_short_circuit_operator.py took 0.353 seconds
[2024-06-24T03:54:59.694+0000] {processor.py:161} INFO - Started process (PID=282) to work on /home/airflow/.local/lib/python3.12/site-packages/airflow/example_dags/example_short_circuit_operator.py
[2024-06-24T03:54:59.735+0000] {processor.py:830} INFO - Processing file /home/airflow/.local/lib/python3.12/site-packages/airflow/example_dags/example_short_circuit_operator.py for tasks to queue
[2024-06-24T03:54:59.762+0000] {logging_mixin.py:188} INFO - [2024-06-24T03:54:59.761+0000] {dagbag.py:545} INFO - Filling up the DagBag from /home/airflow/.local/lib/python3.12/site-packages/airflow/example_dags/example_short_circuit_operator.py
[2024-06-24T03:54:59.906+0000] {processor.py:840} INFO - DAG(s) 'example_short_circuit_operator' retrieved from /home/airflow/.local/lib/python3.12/site-packages/airflow/example_dags/example_short_circuit_operator.py
[2024-06-24T03:55:00.285+0000] {logging_mixin.py:188} INFO - [2024-06-24T03:55:00.284+0000] {dag.py:3096} INFO - Sync 1 DAGs
[2024-06-24T03:55:00.723+0000] {logging_mixin.py:188} INFO - [2024-06-24T03:55:00.722+0000] {dag.py:3954} INFO - Setting next_dagrun for example_short_circuit_operator to 2024-06-23 00:00:00+00:00, run_after=2024-06-24 00:00:00+00:00
[2024-06-24T03:55:01.085+0000] {processor.py:183} INFO - Processing /home/airflow/.local/lib/python3.12/site-packages/airflow/example_dags/example_short_circuit_operator.py took 1.467 seconds
[2024-06-24T03:55:32.063+0000] {processor.py:161} INFO - Started process (PID=345) to work on /home/airflow/.local/lib/python3.12/site-packages/airflow/example_dags/example_short_circuit_operator.py
[2024-06-24T03:55:32.066+0000] {processor.py:830} INFO - Processing file /home/airflow/.local/lib/python3.12/site-packages/airflow/example_dags/example_short_circuit_operator.py for tasks to queue
[2024-06-24T03:55:32.073+0000] {logging_mixin.py:188} INFO - [2024-06-24T03:55:32.071+0000] {dagbag.py:545} INFO - Filling up the DagBag from /home/airflow/.local/lib/python3.12/site-packages/airflow/example_dags/example_short_circuit_operator.py
[2024-06-24T03:55:32.103+0000] {processor.py:840} INFO - DAG(s) 'example_short_circuit_operator' retrieved from /home/airflow/.local/lib/python3.12/site-packages/airflow/example_dags/example_short_circuit_operator.py
[2024-06-24T03:55:32.210+0000] {logging_mixin.py:188} INFO - [2024-06-24T03:55:32.209+0000] {dag.py:3096} INFO - Sync 1 DAGs
[2024-06-24T03:55:32.319+0000] {logging_mixin.py:188} INFO - [2024-06-24T03:55:32.318+0000] {dag.py:3954} INFO - Setting next_dagrun for example_short_circuit_operator to 2024-06-23 00:00:00+00:00, run_after=2024-06-24 00:00:00+00:00
[2024-06-24T03:55:32.433+0000] {processor.py:183} INFO - Processing /home/airflow/.local/lib/python3.12/site-packages/airflow/example_dags/example_short_circuit_operator.py took 0.390 seconds
[2024-06-24T03:56:39.749+0000] {processor.py:161} INFO - Started process (PID=419) to work on /home/airflow/.local/lib/python3.12/site-packages/airflow/example_dags/example_short_circuit_operator.py
[2024-06-24T03:56:39.764+0000] {processor.py:830} INFO - Processing file /home/airflow/.local/lib/python3.12/site-packages/airflow/example_dags/example_short_circuit_operator.py for tasks to queue
[2024-06-24T03:56:39.784+0000] {logging_mixin.py:188} INFO - [2024-06-24T03:56:39.783+0000] {dagbag.py:545} INFO - Filling up the DagBag from /home/airflow/.local/lib/python3.12/site-packages/airflow/example_dags/example_short_circuit_operator.py
[2024-06-24T03:56:39.821+0000] {processor.py:840} INFO - DAG(s) 'example_short_circuit_operator' retrieved from /home/airflow/.local/lib/python3.12/site-packages/airflow/example_dags/example_short_circuit_operator.py
[2024-06-24T03:56:40.204+0000] {logging_mixin.py:188} INFO - [2024-06-24T03:56:40.192+0000] {dag.py:3096} INFO - Sync 1 DAGs
[2024-06-24T03:56:40.567+0000] {logging_mixin.py:188} INFO - [2024-06-24T03:56:40.566+0000] {dag.py:3954} INFO - Setting next_dagrun for example_short_circuit_operator to 2024-06-23 00:00:00+00:00, run_after=2024-06-24 00:00:00+00:00
[2024-06-24T03:56:40.928+0000] {processor.py:183} INFO - Processing /home/airflow/.local/lib/python3.12/site-packages/airflow/example_dags/example_short_circuit_operator.py took 1.289 seconds
[2024-06-24T03:57:49.367+0000] {processor.py:161} INFO - Started process (PID=485) to work on /home/airflow/.local/lib/python3.12/site-packages/airflow/example_dags/example_short_circuit_operator.py
[2024-06-24T03:57:49.441+0000] {processor.py:830} INFO - Processing file /home/airflow/.local/lib/python3.12/site-packages/airflow/example_dags/example_short_circuit_operator.py for tasks to queue
[2024-06-24T03:57:49.461+0000] {logging_mixin.py:188} INFO - [2024-06-24T03:57:49.459+0000] {dagbag.py:545} INFO - Filling up the DagBag from /home/airflow/.local/lib/python3.12/site-packages/airflow/example_dags/example_short_circuit_operator.py
[2024-06-24T03:57:49.572+0000] {processor.py:840} INFO - DAG(s) 'example_short_circuit_operator' retrieved from /home/airflow/.local/lib/python3.12/site-packages/airflow/example_dags/example_short_circuit_operator.py
[2024-06-24T03:57:49.926+0000] {logging_mixin.py:188} INFO - [2024-06-24T03:57:49.925+0000] {dag.py:3096} INFO - Sync 1 DAGs
[2024-06-24T03:57:50.285+0000] {logging_mixin.py:188} INFO - [2024-06-24T03:57:50.284+0000] {dag.py:3954} INFO - Setting next_dagrun for example_short_circuit_operator to 2024-06-23 00:00:00+00:00, run_after=2024-06-24 00:00:00+00:00
[2024-06-24T03:57:50.608+0000] {processor.py:183} INFO - Processing /home/airflow/.local/lib/python3.12/site-packages/airflow/example_dags/example_short_circuit_operator.py took 1.327 seconds
[2024-06-24T03:59:23.628+0000] {processor.py:161} INFO - Started process (PID=566) to work on /home/airflow/.local/lib/python3.12/site-packages/airflow/example_dags/example_short_circuit_operator.py
[2024-06-24T03:59:23.694+0000] {processor.py:830} INFO - Processing file /home/airflow/.local/lib/python3.12/site-packages/airflow/example_dags/example_short_circuit_operator.py for tasks to queue
[2024-06-24T03:59:23.749+0000] {logging_mixin.py:188} INFO - [2024-06-24T03:59:23.747+0000] {dagbag.py:545} INFO - Filling up the DagBag from /home/airflow/.local/lib/python3.12/site-packages/airflow/example_dags/example_short_circuit_operator.py
[2024-06-24T03:59:23.907+0000] {processor.py:840} INFO - DAG(s) 'example_short_circuit_operator' retrieved from /home/airflow/.local/lib/python3.12/site-packages/airflow/example_dags/example_short_circuit_operator.py
[2024-06-24T03:59:24.361+0000] {logging_mixin.py:188} INFO - [2024-06-24T03:59:24.360+0000] {dag.py:3096} INFO - Sync 1 DAGs
[2024-06-24T03:59:25.051+0000] {logging_mixin.py:188} INFO - [2024-06-24T03:59:25.050+0000] {dag.py:3954} INFO - Setting next_dagrun for example_short_circuit_operator to 2024-06-23 00:00:00+00:00, run_after=2024-06-24 00:00:00+00:00
[2024-06-24T03:59:26.344+0000] {processor.py:183} INFO - Processing /home/airflow/.local/lib/python3.12/site-packages/airflow/example_dags/example_short_circuit_operator.py took 2.803 seconds
[2024-06-24T04:01:03.527+0000] {processor.py:161} INFO - Started process (PID=641) to work on /home/airflow/.local/lib/python3.12/site-packages/airflow/example_dags/example_short_circuit_operator.py
[2024-06-24T04:01:03.550+0000] {processor.py:830} INFO - Processing file /home/airflow/.local/lib/python3.12/site-packages/airflow/example_dags/example_short_circuit_operator.py for tasks to queue
[2024-06-24T04:01:03.577+0000] {logging_mixin.py:188} INFO - [2024-06-24T04:01:03.574+0000] {dagbag.py:545} INFO - Filling up the DagBag from /home/airflow/.local/lib/python3.12/site-packages/airflow/example_dags/example_short_circuit_operator.py
[2024-06-24T04:01:03.734+0000] {processor.py:840} INFO - DAG(s) 'example_short_circuit_operator' retrieved from /home/airflow/.local/lib/python3.12/site-packages/airflow/example_dags/example_short_circuit_operator.py
[2024-06-24T04:01:04.155+0000] {logging_mixin.py:188} INFO - [2024-06-24T04:01:04.153+0000] {dag.py:3096} INFO - Sync 1 DAGs
[2024-06-24T04:01:04.616+0000] {logging_mixin.py:188} INFO - [2024-06-24T04:01:04.615+0000] {dag.py:3954} INFO - Setting next_dagrun for example_short_circuit_operator to 2024-06-23 00:00:00+00:00, run_after=2024-06-24 00:00:00+00:00
[2024-06-24T04:01:06.186+0000] {processor.py:183} INFO - Processing /home/airflow/.local/lib/python3.12/site-packages/airflow/example_dags/example_short_circuit_operator.py took 2.760 seconds
