[2024-06-24T03:52:34.367+0000] {processor.py:161} INFO - Started process (PID=61) to work on /home/airflow/.local/lib/python3.12/site-packages/airflow/example_dags/example_display_name.py
[2024-06-24T03:52:34.376+0000] {processor.py:830} INFO - Processing file /home/airflow/.local/lib/python3.12/site-packages/airflow/example_dags/example_display_name.py for tasks to queue
[2024-06-24T03:52:34.380+0000] {logging_mixin.py:188} INFO - [2024-06-24T03:52:34.379+0000] {dagbag.py:545} INFO - Filling up the DagBag from /home/airflow/.local/lib/python3.12/site-packages/airflow/example_dags/example_display_name.py
[2024-06-24T03:52:34.498+0000] {processor.py:840} INFO - DAG(s) 'example_display_name' retrieved from /home/airflow/.local/lib/python3.12/site-packages/airflow/example_dags/example_display_name.py
[2024-06-24T03:52:35.032+0000] {logging_mixin.py:188} INFO - [2024-06-24T03:52:35.030+0000] {override.py:1829} INFO - Created Permission View: can delete on DAG:example_display_name
[2024-06-24T03:52:35.071+0000] {logging_mixin.py:188} INFO - [2024-06-24T03:52:35.070+0000] {override.py:1829} INFO - Created Permission View: can edit on DAG:example_display_name
[2024-06-24T03:52:35.096+0000] {logging_mixin.py:188} INFO - [2024-06-24T03:52:35.095+0000] {override.py:1829} INFO - Created Permission View: can read on DAG:example_display_name
[2024-06-24T03:52:35.099+0000] {logging_mixin.py:188} INFO - [2024-06-24T03:52:35.098+0000] {dag.py:3096} INFO - Sync 1 DAGs
[2024-06-24T03:52:35.140+0000] {logging_mixin.py:188} INFO - [2024-06-24T03:52:35.139+0000] {dag.py:3118} INFO - Creating ORM DAG for example_display_name
[2024-06-24T03:52:35.143+0000] {logging_mixin.py:188} INFO - [2024-06-24T03:52:35.143+0000] {dag.py:3954} INFO - Setting next_dagrun for example_display_name to None, run_after=None
[2024-06-24T03:52:35.214+0000] {processor.py:183} INFO - Processing /home/airflow/.local/lib/python3.12/site-packages/airflow/example_dags/example_display_name.py took 0.883 seconds
[2024-06-24T03:53:05.866+0000] {processor.py:161} INFO - Started process (PID=123) to work on /home/airflow/.local/lib/python3.12/site-packages/airflow/example_dags/example_display_name.py
[2024-06-24T03:53:05.870+0000] {processor.py:830} INFO - Processing file /home/airflow/.local/lib/python3.12/site-packages/airflow/example_dags/example_display_name.py for tasks to queue
[2024-06-24T03:53:05.877+0000] {logging_mixin.py:188} INFO - [2024-06-24T03:53:05.876+0000] {dagbag.py:545} INFO - Filling up the DagBag from /home/airflow/.local/lib/python3.12/site-packages/airflow/example_dags/example_display_name.py
[2024-06-24T03:53:05.898+0000] {processor.py:840} INFO - DAG(s) 'example_display_name' retrieved from /home/airflow/.local/lib/python3.12/site-packages/airflow/example_dags/example_display_name.py
[2024-06-24T03:53:05.987+0000] {logging_mixin.py:188} INFO - [2024-06-24T03:53:05.986+0000] {dag.py:3096} INFO - Sync 1 DAGs
[2024-06-24T03:53:06.041+0000] {logging_mixin.py:188} INFO - [2024-06-24T03:53:06.041+0000] {dag.py:3954} INFO - Setting next_dagrun for example_display_name to None, run_after=None
[2024-06-24T03:53:06.119+0000] {processor.py:183} INFO - Processing /home/airflow/.local/lib/python3.12/site-packages/airflow/example_dags/example_display_name.py took 0.274 seconds
[2024-06-24T03:53:59.656+0000] {processor.py:161} INFO - Started process (PID=185) to work on /home/airflow/.local/lib/python3.12/site-packages/airflow/example_dags/example_display_name.py
[2024-06-24T03:53:59.664+0000] {processor.py:830} INFO - Processing file /home/airflow/.local/lib/python3.12/site-packages/airflow/example_dags/example_display_name.py for tasks to queue
[2024-06-24T03:53:59.676+0000] {logging_mixin.py:188} INFO - [2024-06-24T03:53:59.673+0000] {dagbag.py:545} INFO - Filling up the DagBag from /home/airflow/.local/lib/python3.12/site-packages/airflow/example_dags/example_display_name.py
[2024-06-24T03:53:59.723+0000] {processor.py:840} INFO - DAG(s) 'example_display_name' retrieved from /home/airflow/.local/lib/python3.12/site-packages/airflow/example_dags/example_display_name.py
[2024-06-24T03:53:59.829+0000] {logging_mixin.py:188} INFO - [2024-06-24T03:53:59.828+0000] {dag.py:3096} INFO - Sync 1 DAGs
[2024-06-24T03:53:59.903+0000] {logging_mixin.py:188} INFO - [2024-06-24T03:53:59.901+0000] {dag.py:3954} INFO - Setting next_dagrun for example_display_name to None, run_after=None
[2024-06-24T03:54:00.025+0000] {processor.py:183} INFO - Processing /home/airflow/.local/lib/python3.12/site-packages/airflow/example_dags/example_display_name.py took 0.412 seconds
[2024-06-24T03:54:39.739+0000] {processor.py:161} INFO - Started process (PID=253) to work on /home/airflow/.local/lib/python3.12/site-packages/airflow/example_dags/example_display_name.py
[2024-06-24T03:54:39.757+0000] {processor.py:830} INFO - Processing file /home/airflow/.local/lib/python3.12/site-packages/airflow/example_dags/example_display_name.py for tasks to queue
[2024-06-24T03:54:39.774+0000] {logging_mixin.py:188} INFO - [2024-06-24T03:54:39.772+0000] {dagbag.py:545} INFO - Filling up the DagBag from /home/airflow/.local/lib/python3.12/site-packages/airflow/example_dags/example_display_name.py
[2024-06-24T03:54:39.841+0000] {processor.py:840} INFO - DAG(s) 'example_display_name' retrieved from /home/airflow/.local/lib/python3.12/site-packages/airflow/example_dags/example_display_name.py
[2024-06-24T03:54:40.032+0000] {logging_mixin.py:188} INFO - [2024-06-24T03:54:40.025+0000] {dag.py:3096} INFO - Sync 1 DAGs
[2024-06-24T03:54:40.130+0000] {logging_mixin.py:188} INFO - [2024-06-24T03:54:40.129+0000] {dag.py:3954} INFO - Setting next_dagrun for example_display_name to None, run_after=None
[2024-06-24T03:54:40.298+0000] {processor.py:183} INFO - Processing /home/airflow/.local/lib/python3.12/site-packages/airflow/example_dags/example_display_name.py took 0.615 seconds
[2024-06-24T03:55:17.263+0000] {processor.py:161} INFO - Started process (PID=316) to work on /home/airflow/.local/lib/python3.12/site-packages/airflow/example_dags/example_display_name.py
[2024-06-24T03:55:17.267+0000] {processor.py:830} INFO - Processing file /home/airflow/.local/lib/python3.12/site-packages/airflow/example_dags/example_display_name.py for tasks to queue
[2024-06-24T03:55:17.273+0000] {logging_mixin.py:188} INFO - [2024-06-24T03:55:17.272+0000] {dagbag.py:545} INFO - Filling up the DagBag from /home/airflow/.local/lib/python3.12/site-packages/airflow/example_dags/example_display_name.py
[2024-06-24T03:55:17.294+0000] {processor.py:840} INFO - DAG(s) 'example_display_name' retrieved from /home/airflow/.local/lib/python3.12/site-packages/airflow/example_dags/example_display_name.py
[2024-06-24T03:55:17.363+0000] {logging_mixin.py:188} INFO - [2024-06-24T03:55:17.362+0000] {dag.py:3096} INFO - Sync 1 DAGs
[2024-06-24T03:55:17.414+0000] {logging_mixin.py:188} INFO - [2024-06-24T03:55:17.413+0000] {dag.py:3954} INFO - Setting next_dagrun for example_display_name to None, run_after=None
[2024-06-24T03:55:17.490+0000] {processor.py:183} INFO - Processing /home/airflow/.local/lib/python3.12/site-packages/airflow/example_dags/example_display_name.py took 0.250 seconds
[2024-06-24T03:56:02.890+0000] {processor.py:161} INFO - Started process (PID=370) to work on /home/airflow/.local/lib/python3.12/site-packages/airflow/example_dags/example_display_name.py
[2024-06-24T03:56:02.958+0000] {processor.py:830} INFO - Processing file /home/airflow/.local/lib/python3.12/site-packages/airflow/example_dags/example_display_name.py for tasks to queue
[2024-06-24T03:56:02.980+0000] {logging_mixin.py:188} INFO - [2024-06-24T03:56:02.978+0000] {dagbag.py:545} INFO - Filling up the DagBag from /home/airflow/.local/lib/python3.12/site-packages/airflow/example_dags/example_display_name.py
[2024-06-24T03:56:03.060+0000] {processor.py:840} INFO - DAG(s) 'example_display_name' retrieved from /home/airflow/.local/lib/python3.12/site-packages/airflow/example_dags/example_display_name.py
[2024-06-24T03:56:03.310+0000] {logging_mixin.py:188} INFO - [2024-06-24T03:56:03.309+0000] {dag.py:3096} INFO - Sync 1 DAGs
[2024-06-24T03:56:03.447+0000] {logging_mixin.py:188} INFO - [2024-06-24T03:56:03.434+0000] {dag.py:3954} INFO - Setting next_dagrun for example_display_name to None, run_after=None
[2024-06-24T03:56:03.722+0000] {processor.py:183} INFO - Processing /home/airflow/.local/lib/python3.12/site-packages/airflow/example_dags/example_display_name.py took 0.865 seconds
[2024-06-24T03:57:00.572+0000] {processor.py:161} INFO - Started process (PID=437) to work on /home/airflow/.local/lib/python3.12/site-packages/airflow/example_dags/example_display_name.py
[2024-06-24T03:57:00.586+0000] {processor.py:830} INFO - Processing file /home/airflow/.local/lib/python3.12/site-packages/airflow/example_dags/example_display_name.py for tasks to queue
[2024-06-24T03:57:00.595+0000] {logging_mixin.py:188} INFO - [2024-06-24T03:57:00.593+0000] {dagbag.py:545} INFO - Filling up the DagBag from /home/airflow/.local/lib/python3.12/site-packages/airflow/example_dags/example_display_name.py
[2024-06-24T03:57:00.672+0000] {processor.py:840} INFO - DAG(s) 'example_display_name' retrieved from /home/airflow/.local/lib/python3.12/site-packages/airflow/example_dags/example_display_name.py
[2024-06-24T03:57:00.880+0000] {logging_mixin.py:188} INFO - [2024-06-24T03:57:00.879+0000] {dag.py:3096} INFO - Sync 1 DAGs
[2024-06-24T03:57:01.006+0000] {logging_mixin.py:188} INFO - [2024-06-24T03:57:01.005+0000] {dag.py:3954} INFO - Setting next_dagrun for example_display_name to None, run_after=None
[2024-06-24T03:57:01.218+0000] {processor.py:183} INFO - Processing /home/airflow/.local/lib/python3.12/site-packages/airflow/example_dags/example_display_name.py took 0.717 seconds
[2024-06-24T03:58:11.140+0000] {processor.py:161} INFO - Started process (PID=500) to work on /home/airflow/.local/lib/python3.12/site-packages/airflow/example_dags/example_display_name.py
[2024-06-24T03:58:11.152+0000] {processor.py:830} INFO - Processing file /home/airflow/.local/lib/python3.12/site-packages/airflow/example_dags/example_display_name.py for tasks to queue
[2024-06-24T03:58:11.169+0000] {logging_mixin.py:188} INFO - [2024-06-24T03:58:11.168+0000] {dagbag.py:545} INFO - Filling up the DagBag from /home/airflow/.local/lib/python3.12/site-packages/airflow/example_dags/example_display_name.py
[2024-06-24T03:58:11.276+0000] {processor.py:840} INFO - DAG(s) 'example_display_name' retrieved from /home/airflow/.local/lib/python3.12/site-packages/airflow/example_dags/example_display_name.py
[2024-06-24T03:58:11.832+0000] {logging_mixin.py:188} INFO - [2024-06-24T03:58:11.830+0000] {dag.py:3096} INFO - Sync 1 DAGs
[2024-06-24T03:58:12.147+0000] {logging_mixin.py:188} INFO - [2024-06-24T03:58:12.134+0000] {dag.py:3954} INFO - Setting next_dagrun for example_display_name to None, run_after=None
[2024-06-24T03:58:12.612+0000] {processor.py:183} INFO - Processing /home/airflow/.local/lib/python3.12/site-packages/airflow/example_dags/example_display_name.py took 1.560 seconds
