[2024-06-24T03:52:33.269+0000] {processor.py:161} INFO - Started process (PID=53) to work on /home/airflow/.local/lib/python3.12/site-packages/airflow/example_dags/example_sensors.py
[2024-06-24T03:52:33.273+0000] {processor.py:830} INFO - Processing file /home/airflow/.local/lib/python3.12/site-packages/airflow/example_dags/example_sensors.py for tasks to queue
[2024-06-24T03:52:33.280+0000] {logging_mixin.py:188} INFO - [2024-06-24T03:52:33.279+0000] {dagbag.py:545} INFO - Filling up the DagBag from /home/airflow/.local/lib/python3.12/site-packages/airflow/example_dags/example_sensors.py
[2024-06-24T03:52:33.339+0000] {processor.py:840} INFO - DAG(s) 'example_sensors' retrieved from /home/airflow/.local/lib/python3.12/site-packages/airflow/example_dags/example_sensors.py
[2024-06-24T03:52:33.992+0000] {logging_mixin.py:188} INFO - [2024-06-24T03:52:33.990+0000] {override.py:1829} INFO - Created Permission View: can delete on DAG:example_sensors
[2024-06-24T03:52:34.040+0000] {logging_mixin.py:188} INFO - [2024-06-24T03:52:34.039+0000] {override.py:1829} INFO - Created Permission View: can edit on DAG:example_sensors
[2024-06-24T03:52:34.066+0000] {logging_mixin.py:188} INFO - [2024-06-24T03:52:34.065+0000] {override.py:1829} INFO - Created Permission View: can read on DAG:example_sensors
[2024-06-24T03:52:34.068+0000] {logging_mixin.py:188} INFO - [2024-06-24T03:52:34.067+0000] {dag.py:3096} INFO - Sync 1 DAGs
[2024-06-24T03:52:34.120+0000] {logging_mixin.py:188} INFO - [2024-06-24T03:52:34.119+0000] {dag.py:3118} INFO - Creating ORM DAG for example_sensors
[2024-06-24T03:52:34.124+0000] {logging_mixin.py:188} INFO - [2024-06-24T03:52:34.123+0000] {dag.py:3954} INFO - Setting next_dagrun for example_sensors to None, run_after=None
[2024-06-24T03:52:34.214+0000] {processor.py:183} INFO - Processing /home/airflow/.local/lib/python3.12/site-packages/airflow/example_dags/example_sensors.py took 0.971 seconds
[2024-06-24T03:53:04.797+0000] {processor.py:161} INFO - Started process (PID=121) to work on /home/airflow/.local/lib/python3.12/site-packages/airflow/example_dags/example_sensors.py
[2024-06-24T03:53:04.802+0000] {processor.py:830} INFO - Processing file /home/airflow/.local/lib/python3.12/site-packages/airflow/example_dags/example_sensors.py for tasks to queue
[2024-06-24T03:53:04.809+0000] {logging_mixin.py:188} INFO - [2024-06-24T03:53:04.807+0000] {dagbag.py:545} INFO - Filling up the DagBag from /home/airflow/.local/lib/python3.12/site-packages/airflow/example_dags/example_sensors.py
[2024-06-24T03:53:04.855+0000] {processor.py:840} INFO - DAG(s) 'example_sensors' retrieved from /home/airflow/.local/lib/python3.12/site-packages/airflow/example_dags/example_sensors.py
[2024-06-24T03:53:04.975+0000] {logging_mixin.py:188} INFO - [2024-06-24T03:53:04.974+0000] {dag.py:3096} INFO - Sync 1 DAGs
[2024-06-24T03:53:05.034+0000] {logging_mixin.py:188} INFO - [2024-06-24T03:53:05.033+0000] {dag.py:3954} INFO - Setting next_dagrun for example_sensors to None, run_after=None
[2024-06-24T03:53:05.123+0000] {processor.py:183} INFO - Processing /home/airflow/.local/lib/python3.12/site-packages/airflow/example_dags/example_sensors.py took 0.351 seconds
[2024-06-24T03:53:58.599+0000] {processor.py:161} INFO - Started process (PID=183) to work on /home/airflow/.local/lib/python3.12/site-packages/airflow/example_dags/example_sensors.py
[2024-06-24T03:53:58.764+0000] {processor.py:830} INFO - Processing file /home/airflow/.local/lib/python3.12/site-packages/airflow/example_dags/example_sensors.py for tasks to queue
[2024-06-24T03:53:58.949+0000] {logging_mixin.py:188} INFO - [2024-06-24T03:53:58.948+0000] {dagbag.py:545} INFO - Filling up the DagBag from /home/airflow/.local/lib/python3.12/site-packages/airflow/example_dags/example_sensors.py
[2024-06-24T03:53:59.135+0000] {processor.py:840} INFO - DAG(s) 'example_sensors' retrieved from /home/airflow/.local/lib/python3.12/site-packages/airflow/example_dags/example_sensors.py
[2024-06-24T03:53:59.343+0000] {logging_mixin.py:188} INFO - [2024-06-24T03:53:59.342+0000] {dag.py:3096} INFO - Sync 1 DAGs
[2024-06-24T03:53:59.416+0000] {logging_mixin.py:188} INFO - [2024-06-24T03:53:59.415+0000] {dag.py:3954} INFO - Setting next_dagrun for example_sensors to None, run_after=None
[2024-06-24T03:53:59.516+0000] {processor.py:183} INFO - Processing /home/airflow/.local/lib/python3.12/site-packages/airflow/example_dags/example_sensors.py took 0.999 seconds
[2024-06-24T03:54:38.237+0000] {processor.py:161} INFO - Started process (PID=251) to work on /home/airflow/.local/lib/python3.12/site-packages/airflow/example_dags/example_sensors.py
[2024-06-24T03:54:38.240+0000] {processor.py:830} INFO - Processing file /home/airflow/.local/lib/python3.12/site-packages/airflow/example_dags/example_sensors.py for tasks to queue
[2024-06-24T03:54:38.252+0000] {logging_mixin.py:188} INFO - [2024-06-24T03:54:38.251+0000] {dagbag.py:545} INFO - Filling up the DagBag from /home/airflow/.local/lib/python3.12/site-packages/airflow/example_dags/example_sensors.py
[2024-06-24T03:54:38.303+0000] {processor.py:840} INFO - DAG(s) 'example_sensors' retrieved from /home/airflow/.local/lib/python3.12/site-packages/airflow/example_dags/example_sensors.py
[2024-06-24T03:54:38.434+0000] {logging_mixin.py:188} INFO - [2024-06-24T03:54:38.433+0000] {dag.py:3096} INFO - Sync 1 DAGs
[2024-06-24T03:54:38.637+0000] {logging_mixin.py:188} INFO - [2024-06-24T03:54:38.636+0000] {dag.py:3954} INFO - Setting next_dagrun for example_sensors to None, run_after=None
[2024-06-24T03:54:38.950+0000] {processor.py:183} INFO - Processing /home/airflow/.local/lib/python3.12/site-packages/airflow/example_dags/example_sensors.py took 0.740 seconds
[2024-06-24T03:55:16.857+0000] {processor.py:161} INFO - Started process (PID=314) to work on /home/airflow/.local/lib/python3.12/site-packages/airflow/example_dags/example_sensors.py
[2024-06-24T03:55:16.861+0000] {processor.py:830} INFO - Processing file /home/airflow/.local/lib/python3.12/site-packages/airflow/example_dags/example_sensors.py for tasks to queue
[2024-06-24T03:55:16.867+0000] {logging_mixin.py:188} INFO - [2024-06-24T03:55:16.866+0000] {dagbag.py:545} INFO - Filling up the DagBag from /home/airflow/.local/lib/python3.12/site-packages/airflow/example_dags/example_sensors.py
[2024-06-24T03:55:16.909+0000] {processor.py:840} INFO - DAG(s) 'example_sensors' retrieved from /home/airflow/.local/lib/python3.12/site-packages/airflow/example_dags/example_sensors.py
[2024-06-24T03:55:17.010+0000] {logging_mixin.py:188} INFO - [2024-06-24T03:55:17.009+0000] {dag.py:3096} INFO - Sync 1 DAGs
[2024-06-24T03:55:17.079+0000] {logging_mixin.py:188} INFO - [2024-06-24T03:55:17.078+0000] {dag.py:3954} INFO - Setting next_dagrun for example_sensors to None, run_after=None
[2024-06-24T03:55:17.161+0000] {processor.py:183} INFO - Processing /home/airflow/.local/lib/python3.12/site-packages/airflow/example_dags/example_sensors.py took 0.323 seconds
[2024-06-24T03:55:55.383+0000] {processor.py:161} INFO - Started process (PID=368) to work on /home/airflow/.local/lib/python3.12/site-packages/airflow/example_dags/example_sensors.py
[2024-06-24T03:55:55.404+0000] {processor.py:830} INFO - Processing file /home/airflow/.local/lib/python3.12/site-packages/airflow/example_dags/example_sensors.py for tasks to queue
[2024-06-24T03:55:55.437+0000] {logging_mixin.py:188} INFO - [2024-06-24T03:55:55.424+0000] {dagbag.py:545} INFO - Filling up the DagBag from /home/airflow/.local/lib/python3.12/site-packages/airflow/example_dags/example_sensors.py
[2024-06-24T03:55:55.617+0000] {processor.py:840} INFO - DAG(s) 'example_sensors' retrieved from /home/airflow/.local/lib/python3.12/site-packages/airflow/example_dags/example_sensors.py
[2024-06-24T03:55:56.122+0000] {logging_mixin.py:188} INFO - [2024-06-24T03:55:56.121+0000] {dag.py:3096} INFO - Sync 1 DAGs
[2024-06-24T03:55:56.617+0000] {logging_mixin.py:188} INFO - [2024-06-24T03:55:56.616+0000] {dag.py:3954} INFO - Setting next_dagrun for example_sensors to None, run_after=None
[2024-06-24T03:55:57.367+0000] {processor.py:183} INFO - Processing /home/airflow/.local/lib/python3.12/site-packages/airflow/example_dags/example_sensors.py took 2.108 seconds
[2024-06-24T03:56:57.689+0000] {processor.py:161} INFO - Started process (PID=435) to work on /home/airflow/.local/lib/python3.12/site-packages/airflow/example_dags/example_sensors.py
[2024-06-24T03:56:57.704+0000] {processor.py:830} INFO - Processing file /home/airflow/.local/lib/python3.12/site-packages/airflow/example_dags/example_sensors.py for tasks to queue
[2024-06-24T03:56:57.734+0000] {logging_mixin.py:188} INFO - [2024-06-24T03:56:57.722+0000] {dagbag.py:545} INFO - Filling up the DagBag from /home/airflow/.local/lib/python3.12/site-packages/airflow/example_dags/example_sensors.py
[2024-06-24T03:56:57.870+0000] {processor.py:840} INFO - DAG(s) 'example_sensors' retrieved from /home/airflow/.local/lib/python3.12/site-packages/airflow/example_dags/example_sensors.py
[2024-06-24T03:56:58.281+0000] {logging_mixin.py:188} INFO - [2024-06-24T03:56:58.256+0000] {dag.py:3096} INFO - Sync 1 DAGs
[2024-06-24T03:56:58.748+0000] {logging_mixin.py:188} INFO - [2024-06-24T03:56:58.747+0000] {dag.py:3954} INFO - Setting next_dagrun for example_sensors to None, run_after=None
[2024-06-24T03:56:59.298+0000] {processor.py:183} INFO - Processing /home/airflow/.local/lib/python3.12/site-packages/airflow/example_dags/example_sensors.py took 1.703 seconds
[2024-06-24T03:58:09.284+0000] {processor.py:161} INFO - Started process (PID=498) to work on /home/airflow/.local/lib/python3.12/site-packages/airflow/example_dags/example_sensors.py
[2024-06-24T03:58:09.314+0000] {processor.py:830} INFO - Processing file /home/airflow/.local/lib/python3.12/site-packages/airflow/example_dags/example_sensors.py for tasks to queue
[2024-06-24T03:58:09.334+0000] {logging_mixin.py:188} INFO - [2024-06-24T03:58:09.333+0000] {dagbag.py:545} INFO - Filling up the DagBag from /home/airflow/.local/lib/python3.12/site-packages/airflow/example_dags/example_sensors.py
[2024-06-24T03:58:09.514+0000] {processor.py:840} INFO - DAG(s) 'example_sensors' retrieved from /home/airflow/.local/lib/python3.12/site-packages/airflow/example_dags/example_sensors.py
[2024-06-24T03:58:09.864+0000] {logging_mixin.py:188} INFO - [2024-06-24T03:58:09.862+0000] {dag.py:3096} INFO - Sync 1 DAGs
[2024-06-24T03:58:10.302+0000] {logging_mixin.py:188} INFO - [2024-06-24T03:58:10.301+0000] {dag.py:3954} INFO - Setting next_dagrun for example_sensors to None, run_after=None
[2024-06-24T03:58:10.617+0000] {processor.py:183} INFO - Processing /home/airflow/.local/lib/python3.12/site-packages/airflow/example_dags/example_sensors.py took 1.359 seconds
[2024-06-24T03:59:49.927+0000] {processor.py:161} INFO - Started process (PID=574) to work on /home/airflow/.local/lib/python3.12/site-packages/airflow/example_dags/example_sensors.py
[2024-06-24T03:59:49.942+0000] {processor.py:830} INFO - Processing file /home/airflow/.local/lib/python3.12/site-packages/airflow/example_dags/example_sensors.py for tasks to queue
[2024-06-24T03:59:49.970+0000] {logging_mixin.py:188} INFO - [2024-06-24T03:59:49.960+0000] {dagbag.py:545} INFO - Filling up the DagBag from /home/airflow/.local/lib/python3.12/site-packages/airflow/example_dags/example_sensors.py
[2024-06-24T03:59:50.116+0000] {processor.py:840} INFO - DAG(s) 'example_sensors' retrieved from /home/airflow/.local/lib/python3.12/site-packages/airflow/example_dags/example_sensors.py
[2024-06-24T03:59:50.445+0000] {logging_mixin.py:188} INFO - [2024-06-24T03:59:50.444+0000] {dag.py:3096} INFO - Sync 1 DAGs
[2024-06-24T03:59:50.700+0000] {logging_mixin.py:188} INFO - [2024-06-24T03:59:50.700+0000] {dag.py:3954} INFO - Setting next_dagrun for example_sensors to None, run_after=None
[2024-06-24T03:59:51.616+0000] {processor.py:183} INFO - Processing /home/airflow/.local/lib/python3.12/site-packages/airflow/example_dags/example_sensors.py took 1.762 seconds
[2024-06-24T04:01:34.638+0000] {processor.py:161} INFO - Started process (PID=660) to work on /home/airflow/.local/lib/python3.12/site-packages/airflow/example_dags/example_sensors.py
[2024-06-24T04:01:34.680+0000] {processor.py:830} INFO - Processing file /home/airflow/.local/lib/python3.12/site-packages/airflow/example_dags/example_sensors.py for tasks to queue
[2024-06-24T04:01:34.705+0000] {logging_mixin.py:188} INFO - [2024-06-24T04:01:34.703+0000] {dagbag.py:545} INFO - Filling up the DagBag from /home/airflow/.local/lib/python3.12/site-packages/airflow/example_dags/example_sensors.py
[2024-06-24T04:01:34.821+0000] {processor.py:840} INFO - DAG(s) 'example_sensors' retrieved from /home/airflow/.local/lib/python3.12/site-packages/airflow/example_dags/example_sensors.py
[2024-06-24T04:01:35.281+0000] {logging_mixin.py:188} INFO - [2024-06-24T04:01:35.280+0000] {dag.py:3096} INFO - Sync 1 DAGs
[2024-06-24T04:01:35.940+0000] {logging_mixin.py:188} INFO - [2024-06-24T04:01:35.939+0000] {dag.py:3954} INFO - Setting next_dagrun for example_sensors to None, run_after=None
[2024-06-24T04:01:36.682+0000] {processor.py:183} INFO - Processing /home/airflow/.local/lib/python3.12/site-packages/airflow/example_dags/example_sensors.py took 2.128 seconds
