[2024-06-24T03:52:51.733+0000] {processor.py:161} INFO - Started process (PID=97) to work on /home/airflow/.local/lib/python3.12/site-packages/airflow/example_dags/example_datasets.py
[2024-06-24T03:52:51.737+0000] {processor.py:830} INFO - Processing file /home/airflow/.local/lib/python3.12/site-packages/airflow/example_dags/example_datasets.py for tasks to queue
[2024-06-24T03:52:51.745+0000] {logging_mixin.py:188} INFO - [2024-06-24T03:52:51.744+0000] {dagbag.py:545} INFO - Filling up the DagBag from /home/airflow/.local/lib/python3.12/site-packages/airflow/example_dags/example_datasets.py
[2024-06-24T03:52:51.828+0000] {processor.py:840} INFO - DAG(s) 'dataset_consumes_1_and_2', 'dataset_produces_2', 'dataset_consumes_1_never_scheduled', 'conditional_dataset_and_time_based_timetable', 'dataset_consumes_1', 'consume_1_and_2_with_dataset_expressions', 'dataset_consumes_unknown_never_scheduled', 'dataset_produces_1', 'consume_1_or_2_with_dataset_expressions', 'consume_1_or_both_2_and_3_with_dataset_expressions' retrieved from /home/airflow/.local/lib/python3.12/site-packages/airflow/example_dags/example_datasets.py
[2024-06-24T03:52:52.686+0000] {logging_mixin.py:188} INFO - [2024-06-24T03:52:52.683+0000] {override.py:1829} INFO - Created Permission View: can delete on DAG:dataset_consumes_1_and_2
[2024-06-24T03:52:52.791+0000] {logging_mixin.py:188} INFO - [2024-06-24T03:52:52.789+0000] {override.py:1829} INFO - Created Permission View: can edit on DAG:dataset_consumes_1_and_2
[2024-06-24T03:52:52.848+0000] {logging_mixin.py:188} INFO - [2024-06-24T03:52:52.846+0000] {override.py:1829} INFO - Created Permission View: can read on DAG:dataset_consumes_1_and_2
[2024-06-24T03:52:52.993+0000] {logging_mixin.py:188} INFO - [2024-06-24T03:52:52.991+0000] {override.py:1829} INFO - Created Permission View: can delete on DAG:dataset_produces_2
[2024-06-24T03:52:53.042+0000] {logging_mixin.py:188} INFO - [2024-06-24T03:52:53.041+0000] {override.py:1829} INFO - Created Permission View: can edit on DAG:dataset_produces_2
[2024-06-24T03:52:53.105+0000] {logging_mixin.py:188} INFO - [2024-06-24T03:52:53.095+0000] {override.py:1829} INFO - Created Permission View: can read on DAG:dataset_produces_2
[2024-06-24T03:52:53.205+0000] {logging_mixin.py:188} INFO - [2024-06-24T03:52:53.203+0000] {override.py:1829} INFO - Created Permission View: can delete on DAG:dataset_consumes_1_never_scheduled
[2024-06-24T03:52:53.248+0000] {logging_mixin.py:188} INFO - [2024-06-24T03:52:53.246+0000] {override.py:1829} INFO - Created Permission View: can edit on DAG:dataset_consumes_1_never_scheduled
[2024-06-24T03:52:53.289+0000] {logging_mixin.py:188} INFO - [2024-06-24T03:52:53.288+0000] {override.py:1829} INFO - Created Permission View: can read on DAG:dataset_consumes_1_never_scheduled
[2024-06-24T03:52:53.368+0000] {logging_mixin.py:188} INFO - [2024-06-24T03:52:53.367+0000] {override.py:1829} INFO - Created Permission View: can delete on DAG:conditional_dataset_and_time_based_timetable
[2024-06-24T03:52:53.412+0000] {logging_mixin.py:188} INFO - [2024-06-24T03:52:53.410+0000] {override.py:1829} INFO - Created Permission View: can edit on DAG:conditional_dataset_and_time_based_timetable
[2024-06-24T03:52:53.449+0000] {logging_mixin.py:188} INFO - [2024-06-24T03:52:53.448+0000] {override.py:1829} INFO - Created Permission View: can read on DAG:conditional_dataset_and_time_based_timetable
[2024-06-24T03:52:53.511+0000] {logging_mixin.py:188} INFO - [2024-06-24T03:52:53.509+0000] {override.py:1829} INFO - Created Permission View: can delete on DAG:dataset_consumes_1
[2024-06-24T03:52:53.541+0000] {logging_mixin.py:188} INFO - [2024-06-24T03:52:53.540+0000] {override.py:1829} INFO - Created Permission View: can edit on DAG:dataset_consumes_1
[2024-06-24T03:52:53.574+0000] {logging_mixin.py:188} INFO - [2024-06-24T03:52:53.572+0000] {override.py:1829} INFO - Created Permission View: can read on DAG:dataset_consumes_1
[2024-06-24T03:52:53.637+0000] {logging_mixin.py:188} INFO - [2024-06-24T03:52:53.635+0000] {override.py:1829} INFO - Created Permission View: can delete on DAG:consume_1_and_2_with_dataset_expressions
[2024-06-24T03:52:53.674+0000] {logging_mixin.py:188} INFO - [2024-06-24T03:52:53.672+0000] {override.py:1829} INFO - Created Permission View: can edit on DAG:consume_1_and_2_with_dataset_expressions
[2024-06-24T03:52:53.737+0000] {logging_mixin.py:188} INFO - [2024-06-24T03:52:53.735+0000] {override.py:1829} INFO - Created Permission View: can read on DAG:consume_1_and_2_with_dataset_expressions
[2024-06-24T03:52:53.806+0000] {logging_mixin.py:188} INFO - [2024-06-24T03:52:53.805+0000] {override.py:1829} INFO - Created Permission View: can delete on DAG:dataset_consumes_unknown_never_scheduled
[2024-06-24T03:52:53.827+0000] {logging_mixin.py:188} INFO - [2024-06-24T03:52:53.825+0000] {override.py:1829} INFO - Created Permission View: can edit on DAG:dataset_consumes_unknown_never_scheduled
[2024-06-24T03:52:53.864+0000] {logging_mixin.py:188} INFO - [2024-06-24T03:52:53.862+0000] {override.py:1829} INFO - Created Permission View: can read on DAG:dataset_consumes_unknown_never_scheduled
[2024-06-24T03:52:53.941+0000] {logging_mixin.py:188} INFO - [2024-06-24T03:52:53.939+0000] {override.py:1829} INFO - Created Permission View: can delete on DAG:dataset_produces_1
[2024-06-24T03:52:53.977+0000] {logging_mixin.py:188} INFO - [2024-06-24T03:52:53.975+0000] {override.py:1829} INFO - Created Permission View: can edit on DAG:dataset_produces_1
[2024-06-24T03:52:54.008+0000] {logging_mixin.py:188} INFO - [2024-06-24T03:52:54.007+0000] {override.py:1829} INFO - Created Permission View: can read on DAG:dataset_produces_1
[2024-06-24T03:52:54.083+0000] {logging_mixin.py:188} INFO - [2024-06-24T03:52:54.081+0000] {override.py:1829} INFO - Created Permission View: can delete on DAG:consume_1_or_2_with_dataset_expressions
[2024-06-24T03:52:54.127+0000] {logging_mixin.py:188} INFO - [2024-06-24T03:52:54.125+0000] {override.py:1829} INFO - Created Permission View: can edit on DAG:consume_1_or_2_with_dataset_expressions
[2024-06-24T03:52:54.172+0000] {logging_mixin.py:188} INFO - [2024-06-24T03:52:54.170+0000] {override.py:1829} INFO - Created Permission View: can read on DAG:consume_1_or_2_with_dataset_expressions
[2024-06-24T03:52:54.275+0000] {logging_mixin.py:188} INFO - [2024-06-24T03:52:54.273+0000] {override.py:1829} INFO - Created Permission View: can delete on DAG:consume_1_or_both_2_and_3_with_dataset_expressions
[2024-06-24T03:52:54.319+0000] {logging_mixin.py:188} INFO - [2024-06-24T03:52:54.318+0000] {override.py:1829} INFO - Created Permission View: can edit on DAG:consume_1_or_both_2_and_3_with_dataset_expressions
[2024-06-24T03:52:54.353+0000] {logging_mixin.py:188} INFO - [2024-06-24T03:52:54.352+0000] {override.py:1829} INFO - Created Permission View: can read on DAG:consume_1_or_both_2_and_3_with_dataset_expressions
[2024-06-24T03:52:54.356+0000] {logging_mixin.py:188} INFO - [2024-06-24T03:52:54.355+0000] {dag.py:3096} INFO - Sync 10 DAGs
[2024-06-24T03:52:54.422+0000] {logging_mixin.py:188} INFO - [2024-06-24T03:52:54.421+0000] {dag.py:3118} INFO - Creating ORM DAG for dataset_consumes_1_never_scheduled
[2024-06-24T03:52:54.426+0000] {logging_mixin.py:188} INFO - [2024-06-24T03:52:54.425+0000] {dag.py:3118} INFO - Creating ORM DAG for consume_1_or_both_2_and_3_with_dataset_expressions
[2024-06-24T03:52:54.430+0000] {logging_mixin.py:188} INFO - [2024-06-24T03:52:54.429+0000] {dag.py:3118} INFO - Creating ORM DAG for dataset_produces_1
[2024-06-24T03:52:54.433+0000] {logging_mixin.py:188} INFO - [2024-06-24T03:52:54.433+0000] {dag.py:3118} INFO - Creating ORM DAG for dataset_consumes_1
[2024-06-24T03:52:54.437+0000] {logging_mixin.py:188} INFO - [2024-06-24T03:52:54.436+0000] {dag.py:3118} INFO - Creating ORM DAG for dataset_produces_2
[2024-06-24T03:52:54.440+0000] {logging_mixin.py:188} INFO - [2024-06-24T03:52:54.439+0000] {dag.py:3118} INFO - Creating ORM DAG for conditional_dataset_and_time_based_timetable
[2024-06-24T03:52:54.443+0000] {logging_mixin.py:188} INFO - [2024-06-24T03:52:54.442+0000] {dag.py:3118} INFO - Creating ORM DAG for dataset_consumes_unknown_never_scheduled
[2024-06-24T03:52:54.446+0000] {logging_mixin.py:188} INFO - [2024-06-24T03:52:54.445+0000] {dag.py:3118} INFO - Creating ORM DAG for consume_1_and_2_with_dataset_expressions
[2024-06-24T03:52:54.452+0000] {logging_mixin.py:188} INFO - [2024-06-24T03:52:54.451+0000] {dag.py:3118} INFO - Creating ORM DAG for dataset_consumes_1_and_2
[2024-06-24T03:52:54.454+0000] {logging_mixin.py:188} INFO - [2024-06-24T03:52:54.454+0000] {dag.py:3118} INFO - Creating ORM DAG for consume_1_or_2_with_dataset_expressions
[2024-06-24T03:52:54.509+0000] {logging_mixin.py:188} INFO - [2024-06-24T03:52:54.508+0000] {dag.py:3954} INFO - Setting next_dagrun for conditional_dataset_and_time_based_timetable to 2024-06-19 01:00:00+00:00, run_after=2024-06-19 01:00:00+00:00
[2024-06-24T03:52:54.513+0000] {logging_mixin.py:188} INFO - [2024-06-24T03:52:54.513+0000] {dag.py:3954} INFO - Setting next_dagrun for consume_1_and_2_with_dataset_expressions to None, run_after=None
[2024-06-24T03:52:54.516+0000] {logging_mixin.py:188} INFO - [2024-06-24T03:52:54.516+0000] {dag.py:3954} INFO - Setting next_dagrun for consume_1_or_2_with_dataset_expressions to None, run_after=None
[2024-06-24T03:52:54.519+0000] {logging_mixin.py:188} INFO - [2024-06-24T03:52:54.518+0000] {dag.py:3954} INFO - Setting next_dagrun for consume_1_or_both_2_and_3_with_dataset_expressions to None, run_after=None
[2024-06-24T03:52:54.522+0000] {logging_mixin.py:188} INFO - [2024-06-24T03:52:54.521+0000] {dag.py:3954} INFO - Setting next_dagrun for dataset_consumes_1 to None, run_after=None
[2024-06-24T03:52:54.525+0000] {logging_mixin.py:188} INFO - [2024-06-24T03:52:54.524+0000] {dag.py:3954} INFO - Setting next_dagrun for dataset_consumes_1_and_2 to None, run_after=None
[2024-06-24T03:52:54.529+0000] {logging_mixin.py:188} INFO - [2024-06-24T03:52:54.528+0000] {dag.py:3954} INFO - Setting next_dagrun for dataset_consumes_1_never_scheduled to None, run_after=None
[2024-06-24T03:52:54.531+0000] {logging_mixin.py:188} INFO - [2024-06-24T03:52:54.531+0000] {dag.py:3954} INFO - Setting next_dagrun for dataset_consumes_unknown_never_scheduled to None, run_after=None
[2024-06-24T03:52:54.538+0000] {logging_mixin.py:188} INFO - [2024-06-24T03:52:54.537+0000] {dag.py:3954} INFO - Setting next_dagrun for dataset_produces_1 to 2024-06-23 00:00:00+00:00, run_after=2024-06-24 00:00:00+00:00
[2024-06-24T03:52:54.541+0000] {logging_mixin.py:188} INFO - [2024-06-24T03:52:54.541+0000] {dag.py:3954} INFO - Setting next_dagrun for dataset_produces_2 to None, run_after=None
[2024-06-24T03:52:54.728+0000] {processor.py:183} INFO - Processing /home/airflow/.local/lib/python3.12/site-packages/airflow/example_dags/example_datasets.py took 3.015 seconds
[2024-06-24T03:53:29.836+0000] {processor.py:161} INFO - Started process (PID=159) to work on /home/airflow/.local/lib/python3.12/site-packages/airflow/example_dags/example_datasets.py
[2024-06-24T03:53:29.845+0000] {processor.py:830} INFO - Processing file /home/airflow/.local/lib/python3.12/site-packages/airflow/example_dags/example_datasets.py for tasks to queue
[2024-06-24T03:53:29.853+0000] {logging_mixin.py:188} INFO - [2024-06-24T03:53:29.852+0000] {dagbag.py:545} INFO - Filling up the DagBag from /home/airflow/.local/lib/python3.12/site-packages/airflow/example_dags/example_datasets.py
[2024-06-24T03:53:29.917+0000] {processor.py:840} INFO - DAG(s) 'consume_1_or_both_2_and_3_with_dataset_expressions', 'dataset_produces_2', 'dataset_produces_1', 'dataset_consumes_1_and_2', 'consume_1_and_2_with_dataset_expressions', 'consume_1_or_2_with_dataset_expressions', 'dataset_consumes_1', 'dataset_consumes_unknown_never_scheduled', 'conditional_dataset_and_time_based_timetable', 'dataset_consumes_1_never_scheduled' retrieved from /home/airflow/.local/lib/python3.12/site-packages/airflow/example_dags/example_datasets.py
[2024-06-24T03:53:30.179+0000] {logging_mixin.py:188} INFO - [2024-06-24T03:53:30.178+0000] {dag.py:3096} INFO - Sync 10 DAGs
[2024-06-24T03:53:30.412+0000] {logging_mixin.py:188} INFO - [2024-06-24T03:53:30.410+0000] {dag.py:3954} INFO - Setting next_dagrun for conditional_dataset_and_time_based_timetable to 2024-06-19 01:00:00+00:00, run_after=2024-06-19 01:00:00+00:00
[2024-06-24T03:53:30.446+0000] {logging_mixin.py:188} INFO - [2024-06-24T03:53:30.445+0000] {dag.py:3954} INFO - Setting next_dagrun for consume_1_and_2_with_dataset_expressions to None, run_after=None
[2024-06-24T03:53:30.454+0000] {logging_mixin.py:188} INFO - [2024-06-24T03:53:30.453+0000] {dag.py:3954} INFO - Setting next_dagrun for consume_1_or_2_with_dataset_expressions to None, run_after=None
[2024-06-24T03:53:30.460+0000] {logging_mixin.py:188} INFO - [2024-06-24T03:53:30.460+0000] {dag.py:3954} INFO - Setting next_dagrun for consume_1_or_both_2_and_3_with_dataset_expressions to None, run_after=None
[2024-06-24T03:53:30.469+0000] {logging_mixin.py:188} INFO - [2024-06-24T03:53:30.468+0000] {dag.py:3954} INFO - Setting next_dagrun for dataset_consumes_1 to None, run_after=None
[2024-06-24T03:53:30.479+0000] {logging_mixin.py:188} INFO - [2024-06-24T03:53:30.478+0000] {dag.py:3954} INFO - Setting next_dagrun for dataset_consumes_1_and_2 to None, run_after=None
[2024-06-24T03:53:30.487+0000] {logging_mixin.py:188} INFO - [2024-06-24T03:53:30.486+0000] {dag.py:3954} INFO - Setting next_dagrun for dataset_consumes_1_never_scheduled to None, run_after=None
[2024-06-24T03:53:30.504+0000] {logging_mixin.py:188} INFO - [2024-06-24T03:53:30.503+0000] {dag.py:3954} INFO - Setting next_dagrun for dataset_consumes_unknown_never_scheduled to None, run_after=None
[2024-06-24T03:53:30.521+0000] {logging_mixin.py:188} INFO - [2024-06-24T03:53:30.520+0000] {dag.py:3954} INFO - Setting next_dagrun for dataset_produces_1 to 2024-06-23 00:00:00+00:00, run_after=2024-06-24 00:00:00+00:00
[2024-06-24T03:53:30.528+0000] {logging_mixin.py:188} INFO - [2024-06-24T03:53:30.527+0000] {dag.py:3954} INFO - Setting next_dagrun for dataset_produces_2 to None, run_after=None
[2024-06-24T03:53:30.760+0000] {processor.py:183} INFO - Processing /home/airflow/.local/lib/python3.12/site-packages/airflow/example_dags/example_datasets.py took 0.947 seconds
[2024-06-24T03:54:25.814+0000] {processor.py:161} INFO - Started process (PID=227) to work on /home/airflow/.local/lib/python3.12/site-packages/airflow/example_dags/example_datasets.py
[2024-06-24T03:54:25.821+0000] {processor.py:830} INFO - Processing file /home/airflow/.local/lib/python3.12/site-packages/airflow/example_dags/example_datasets.py for tasks to queue
[2024-06-24T03:54:25.833+0000] {logging_mixin.py:188} INFO - [2024-06-24T03:54:25.830+0000] {dagbag.py:545} INFO - Filling up the DagBag from /home/airflow/.local/lib/python3.12/site-packages/airflow/example_dags/example_datasets.py
[2024-06-24T03:54:25.922+0000] {processor.py:840} INFO - DAG(s) 'consume_1_or_2_with_dataset_expressions', 'dataset_consumes_1_and_2', 'dataset_consumes_1', 'dataset_produces_2', 'dataset_consumes_unknown_never_scheduled', 'dataset_consumes_1_never_scheduled', 'dataset_produces_1', 'consume_1_or_both_2_and_3_with_dataset_expressions', 'conditional_dataset_and_time_based_timetable', 'consume_1_and_2_with_dataset_expressions' retrieved from /home/airflow/.local/lib/python3.12/site-packages/airflow/example_dags/example_datasets.py
[2024-06-24T03:54:26.193+0000] {logging_mixin.py:188} INFO - [2024-06-24T03:54:26.192+0000] {dag.py:3096} INFO - Sync 10 DAGs
[2024-06-24T03:54:26.318+0000] {logging_mixin.py:188} INFO - [2024-06-24T03:54:26.316+0000] {dag.py:3954} INFO - Setting next_dagrun for conditional_dataset_and_time_based_timetable to 2024-06-19 01:00:00+00:00, run_after=2024-06-19 01:00:00+00:00
[2024-06-24T03:54:26.340+0000] {logging_mixin.py:188} INFO - [2024-06-24T03:54:26.338+0000] {dag.py:3954} INFO - Setting next_dagrun for consume_1_and_2_with_dataset_expressions to None, run_after=None
[2024-06-24T03:54:26.347+0000] {logging_mixin.py:188} INFO - [2024-06-24T03:54:26.346+0000] {dag.py:3954} INFO - Setting next_dagrun for consume_1_or_2_with_dataset_expressions to None, run_after=None
[2024-06-24T03:54:26.354+0000] {logging_mixin.py:188} INFO - [2024-06-24T03:54:26.353+0000] {dag.py:3954} INFO - Setting next_dagrun for consume_1_or_both_2_and_3_with_dataset_expressions to None, run_after=None
[2024-06-24T03:54:26.362+0000] {logging_mixin.py:188} INFO - [2024-06-24T03:54:26.361+0000] {dag.py:3954} INFO - Setting next_dagrun for dataset_consumes_1 to None, run_after=None
[2024-06-24T03:54:26.369+0000] {logging_mixin.py:188} INFO - [2024-06-24T03:54:26.368+0000] {dag.py:3954} INFO - Setting next_dagrun for dataset_consumes_1_and_2 to None, run_after=None
[2024-06-24T03:54:26.376+0000] {logging_mixin.py:188} INFO - [2024-06-24T03:54:26.375+0000] {dag.py:3954} INFO - Setting next_dagrun for dataset_consumes_1_never_scheduled to None, run_after=None
[2024-06-24T03:54:26.383+0000] {logging_mixin.py:188} INFO - [2024-06-24T03:54:26.382+0000] {dag.py:3954} INFO - Setting next_dagrun for dataset_consumes_unknown_never_scheduled to None, run_after=None
[2024-06-24T03:54:26.397+0000] {logging_mixin.py:188} INFO - [2024-06-24T03:54:26.396+0000] {dag.py:3954} INFO - Setting next_dagrun for dataset_produces_1 to 2024-06-23 00:00:00+00:00, run_after=2024-06-24 00:00:00+00:00
[2024-06-24T03:54:26.404+0000] {logging_mixin.py:188} INFO - [2024-06-24T03:54:26.403+0000] {dag.py:3954} INFO - Setting next_dagrun for dataset_produces_2 to None, run_after=None
[2024-06-24T03:54:26.576+0000] {processor.py:183} INFO - Processing /home/airflow/.local/lib/python3.12/site-packages/airflow/example_dags/example_datasets.py took 0.789 seconds
[2024-06-24T03:55:07.016+0000] {processor.py:161} INFO - Started process (PID=296) to work on /home/airflow/.local/lib/python3.12/site-packages/airflow/example_dags/example_datasets.py
[2024-06-24T03:55:07.033+0000] {processor.py:830} INFO - Processing file /home/airflow/.local/lib/python3.12/site-packages/airflow/example_dags/example_datasets.py for tasks to queue
[2024-06-24T03:55:07.049+0000] {logging_mixin.py:188} INFO - [2024-06-24T03:55:07.048+0000] {dagbag.py:545} INFO - Filling up the DagBag from /home/airflow/.local/lib/python3.12/site-packages/airflow/example_dags/example_datasets.py
[2024-06-24T03:55:07.150+0000] {processor.py:840} INFO - DAG(s) 'dataset_consumes_1', 'dataset_consumes_1_and_2', 'consume_1_or_both_2_and_3_with_dataset_expressions', 'dataset_consumes_1_never_scheduled', 'dataset_produces_1', 'conditional_dataset_and_time_based_timetable', 'consume_1_and_2_with_dataset_expressions', 'consume_1_or_2_with_dataset_expressions', 'dataset_consumes_unknown_never_scheduled', 'dataset_produces_2' retrieved from /home/airflow/.local/lib/python3.12/site-packages/airflow/example_dags/example_datasets.py
[2024-06-24T03:55:07.476+0000] {logging_mixin.py:188} INFO - [2024-06-24T03:55:07.475+0000] {dag.py:3096} INFO - Sync 10 DAGs
[2024-06-24T03:55:07.616+0000] {logging_mixin.py:188} INFO - [2024-06-24T03:55:07.615+0000] {dag.py:3954} INFO - Setting next_dagrun for conditional_dataset_and_time_based_timetable to 2024-06-19 01:00:00+00:00, run_after=2024-06-19 01:00:00+00:00
[2024-06-24T03:55:07.636+0000] {logging_mixin.py:188} INFO - [2024-06-24T03:55:07.636+0000] {dag.py:3954} INFO - Setting next_dagrun for consume_1_and_2_with_dataset_expressions to None, run_after=None
[2024-06-24T03:55:07.644+0000] {logging_mixin.py:188} INFO - [2024-06-24T03:55:07.643+0000] {dag.py:3954} INFO - Setting next_dagrun for consume_1_or_2_with_dataset_expressions to None, run_after=None
[2024-06-24T03:55:07.653+0000] {logging_mixin.py:188} INFO - [2024-06-24T03:55:07.650+0000] {dag.py:3954} INFO - Setting next_dagrun for consume_1_or_both_2_and_3_with_dataset_expressions to None, run_after=None
[2024-06-24T03:55:07.660+0000] {logging_mixin.py:188} INFO - [2024-06-24T03:55:07.660+0000] {dag.py:3954} INFO - Setting next_dagrun for dataset_consumes_1 to None, run_after=None
[2024-06-24T03:55:07.667+0000] {logging_mixin.py:188} INFO - [2024-06-24T03:55:07.666+0000] {dag.py:3954} INFO - Setting next_dagrun for dataset_consumes_1_and_2 to None, run_after=None
[2024-06-24T03:55:07.674+0000] {logging_mixin.py:188} INFO - [2024-06-24T03:55:07.673+0000] {dag.py:3954} INFO - Setting next_dagrun for dataset_consumes_1_never_scheduled to None, run_after=None
[2024-06-24T03:55:07.682+0000] {logging_mixin.py:188} INFO - [2024-06-24T03:55:07.681+0000] {dag.py:3954} INFO - Setting next_dagrun for dataset_consumes_unknown_never_scheduled to None, run_after=None
[2024-06-24T03:55:07.698+0000] {logging_mixin.py:188} INFO - [2024-06-24T03:55:07.698+0000] {dag.py:3954} INFO - Setting next_dagrun for dataset_produces_1 to 2024-06-23 00:00:00+00:00, run_after=2024-06-24 00:00:00+00:00
[2024-06-24T03:55:07.706+0000] {logging_mixin.py:188} INFO - [2024-06-24T03:55:07.705+0000] {dag.py:3954} INFO - Setting next_dagrun for dataset_produces_2 to None, run_after=None
[2024-06-24T03:55:08.114+0000] {processor.py:183} INFO - Processing /home/airflow/.local/lib/python3.12/site-packages/airflow/example_dags/example_datasets.py took 1.165 seconds
[2024-06-24T03:55:42.181+0000] {processor.py:161} INFO - Started process (PID=359) to work on /home/airflow/.local/lib/python3.12/site-packages/airflow/example_dags/example_datasets.py
[2024-06-24T03:55:42.212+0000] {processor.py:830} INFO - Processing file /home/airflow/.local/lib/python3.12/site-packages/airflow/example_dags/example_datasets.py for tasks to queue
[2024-06-24T03:55:42.240+0000] {logging_mixin.py:188} INFO - [2024-06-24T03:55:42.238+0000] {dagbag.py:545} INFO - Filling up the DagBag from /home/airflow/.local/lib/python3.12/site-packages/airflow/example_dags/example_datasets.py
[2024-06-24T03:55:42.619+0000] {processor.py:840} INFO - DAG(s) 'dataset_produces_1', 'dataset_produces_2', 'dataset_consumes_1', 'consume_1_and_2_with_dataset_expressions', 'consume_1_or_both_2_and_3_with_dataset_expressions', 'conditional_dataset_and_time_based_timetable', 'dataset_consumes_1_and_2', 'dataset_consumes_unknown_never_scheduled', 'dataset_consumes_1_never_scheduled', 'consume_1_or_2_with_dataset_expressions' retrieved from /home/airflow/.local/lib/python3.12/site-packages/airflow/example_dags/example_datasets.py
[2024-06-24T03:55:43.756+0000] {logging_mixin.py:188} INFO - [2024-06-24T03:55:43.744+0000] {dag.py:3096} INFO - Sync 10 DAGs
[2024-06-24T03:55:44.500+0000] {logging_mixin.py:188} INFO - [2024-06-24T03:55:44.499+0000] {dag.py:3954} INFO - Setting next_dagrun for conditional_dataset_and_time_based_timetable to 2024-06-19 01:00:00+00:00, run_after=2024-06-19 01:00:00+00:00
[2024-06-24T03:55:44.596+0000] {logging_mixin.py:188} INFO - [2024-06-24T03:55:44.595+0000] {dag.py:3954} INFO - Setting next_dagrun for consume_1_and_2_with_dataset_expressions to None, run_after=None
[2024-06-24T03:55:44.652+0000] {logging_mixin.py:188} INFO - [2024-06-24T03:55:44.639+0000] {dag.py:3954} INFO - Setting next_dagrun for consume_1_or_2_with_dataset_expressions to None, run_after=None
[2024-06-24T03:55:44.670+0000] {logging_mixin.py:188} INFO - [2024-06-24T03:55:44.669+0000] {dag.py:3954} INFO - Setting next_dagrun for consume_1_or_both_2_and_3_with_dataset_expressions to None, run_after=None
[2024-06-24T03:55:44.704+0000] {logging_mixin.py:188} INFO - [2024-06-24T03:55:44.703+0000] {dag.py:3954} INFO - Setting next_dagrun for dataset_consumes_1 to None, run_after=None
[2024-06-24T03:55:44.745+0000] {logging_mixin.py:188} INFO - [2024-06-24T03:55:44.744+0000] {dag.py:3954} INFO - Setting next_dagrun for dataset_consumes_1_and_2 to None, run_after=None
[2024-06-24T03:55:44.760+0000] {logging_mixin.py:188} INFO - [2024-06-24T03:55:44.759+0000] {dag.py:3954} INFO - Setting next_dagrun for dataset_consumes_1_never_scheduled to None, run_after=None
[2024-06-24T03:55:44.807+0000] {logging_mixin.py:188} INFO - [2024-06-24T03:55:44.794+0000] {dag.py:3954} INFO - Setting next_dagrun for dataset_consumes_unknown_never_scheduled to None, run_after=None
[2024-06-24T03:55:44.843+0000] {logging_mixin.py:188} INFO - [2024-06-24T03:55:44.842+0000] {dag.py:3954} INFO - Setting next_dagrun for dataset_produces_1 to 2024-06-23 00:00:00+00:00, run_after=2024-06-24 00:00:00+00:00
[2024-06-24T03:55:44.906+0000] {logging_mixin.py:188} INFO - [2024-06-24T03:55:44.905+0000] {dag.py:3954} INFO - Setting next_dagrun for dataset_produces_2 to None, run_after=None
[2024-06-24T03:55:45.471+0000] {processor.py:183} INFO - Processing /home/airflow/.local/lib/python3.12/site-packages/airflow/example_dags/example_datasets.py took 3.389 seconds
[2024-06-24T03:57:06.929+0000] {processor.py:161} INFO - Started process (PID=442) to work on /home/airflow/.local/lib/python3.12/site-packages/airflow/example_dags/example_datasets.py
[2024-06-24T03:57:06.936+0000] {processor.py:830} INFO - Processing file /home/airflow/.local/lib/python3.12/site-packages/airflow/example_dags/example_datasets.py for tasks to queue
[2024-06-24T03:57:06.971+0000] {logging_mixin.py:188} INFO - [2024-06-24T03:57:06.961+0000] {dagbag.py:545} INFO - Filling up the DagBag from /home/airflow/.local/lib/python3.12/site-packages/airflow/example_dags/example_datasets.py
[2024-06-24T03:57:07.206+0000] {processor.py:840} INFO - DAG(s) 'dataset_produces_2', 'dataset_produces_1', 'consume_1_and_2_with_dataset_expressions', 'dataset_consumes_unknown_never_scheduled', 'dataset_consumes_1_and_2', 'dataset_consumes_1', 'dataset_consumes_1_never_scheduled', 'consume_1_or_both_2_and_3_with_dataset_expressions', 'conditional_dataset_and_time_based_timetable', 'consume_1_or_2_with_dataset_expressions' retrieved from /home/airflow/.local/lib/python3.12/site-packages/airflow/example_dags/example_datasets.py
[2024-06-24T03:57:07.967+0000] {logging_mixin.py:188} INFO - [2024-06-24T03:57:07.966+0000] {dag.py:3096} INFO - Sync 10 DAGs
[2024-06-24T03:57:08.346+0000] {logging_mixin.py:188} INFO - [2024-06-24T03:57:08.344+0000] {dag.py:3954} INFO - Setting next_dagrun for conditional_dataset_and_time_based_timetable to 2024-06-19 01:00:00+00:00, run_after=2024-06-19 01:00:00+00:00
[2024-06-24T03:57:08.437+0000] {logging_mixin.py:188} INFO - [2024-06-24T03:57:08.436+0000] {dag.py:3954} INFO - Setting next_dagrun for consume_1_and_2_with_dataset_expressions to None, run_after=None
[2024-06-24T03:57:08.491+0000] {logging_mixin.py:188} INFO - [2024-06-24T03:57:08.490+0000] {dag.py:3954} INFO - Setting next_dagrun for consume_1_or_2_with_dataset_expressions to None, run_after=None
[2024-06-24T03:57:08.521+0000] {logging_mixin.py:188} INFO - [2024-06-24T03:57:08.520+0000] {dag.py:3954} INFO - Setting next_dagrun for consume_1_or_both_2_and_3_with_dataset_expressions to None, run_after=None
[2024-06-24T03:57:08.609+0000] {logging_mixin.py:188} INFO - [2024-06-24T03:57:08.596+0000] {dag.py:3954} INFO - Setting next_dagrun for dataset_consumes_1 to None, run_after=None
[2024-06-24T03:57:08.641+0000] {logging_mixin.py:188} INFO - [2024-06-24T03:57:08.640+0000] {dag.py:3954} INFO - Setting next_dagrun for dataset_consumes_1_and_2 to None, run_after=None
[2024-06-24T03:57:08.671+0000] {logging_mixin.py:188} INFO - [2024-06-24T03:57:08.659+0000] {dag.py:3954} INFO - Setting next_dagrun for dataset_consumes_1_never_scheduled to None, run_after=None
[2024-06-24T03:57:08.809+0000] {logging_mixin.py:188} INFO - [2024-06-24T03:57:08.797+0000] {dag.py:3954} INFO - Setting next_dagrun for dataset_consumes_unknown_never_scheduled to None, run_after=None
[2024-06-24T03:57:08.881+0000] {logging_mixin.py:188} INFO - [2024-06-24T03:57:08.868+0000] {dag.py:3954} INFO - Setting next_dagrun for dataset_produces_1 to 2024-06-23 00:00:00+00:00, run_after=2024-06-24 00:00:00+00:00
[2024-06-24T03:57:08.900+0000] {logging_mixin.py:188} INFO - [2024-06-24T03:57:08.899+0000] {dag.py:3954} INFO - Setting next_dagrun for dataset_produces_2 to None, run_after=None
[2024-06-24T03:57:09.395+0000] {processor.py:183} INFO - Processing /home/airflow/.local/lib/python3.12/site-packages/airflow/example_dags/example_datasets.py took 2.568 seconds
