[2024-06-24T03:52:50.706+0000] {processor.py:161} INFO - Started process (PID=96) to work on /home/airflow/.local/lib/python3.12/site-packages/airflow/example_dags/example_branch_datetime_operator.py
[2024-06-24T03:52:50.710+0000] {processor.py:830} INFO - Processing file /home/airflow/.local/lib/python3.12/site-packages/airflow/example_dags/example_branch_datetime_operator.py for tasks to queue
[2024-06-24T03:52:50.716+0000] {logging_mixin.py:188} INFO - [2024-06-24T03:52:50.715+0000] {dagbag.py:545} INFO - Filling up the DagBag from /home/airflow/.local/lib/python3.12/site-packages/airflow/example_dags/example_branch_datetime_operator.py
[2024-06-24T03:52:50.757+0000] {processor.py:840} INFO - DAG(s) 'example_branch_datetime_operator_2', 'example_branch_datetime_operator_3', 'example_branch_datetime_operator' retrieved from /home/airflow/.local/lib/python3.12/site-packages/airflow/example_dags/example_branch_datetime_operator.py
[2024-06-24T03:52:51.252+0000] {logging_mixin.py:188} INFO - [2024-06-24T03:52:51.250+0000] {override.py:1829} INFO - Created Permission View: can delete on DAG:example_branch_datetime_operator_2
[2024-06-24T03:52:51.289+0000] {logging_mixin.py:188} INFO - [2024-06-24T03:52:51.288+0000] {override.py:1829} INFO - Created Permission View: can edit on DAG:example_branch_datetime_operator_2
[2024-06-24T03:52:51.317+0000] {logging_mixin.py:188} INFO - [2024-06-24T03:52:51.316+0000] {override.py:1829} INFO - Created Permission View: can read on DAG:example_branch_datetime_operator_2
[2024-06-24T03:52:51.369+0000] {logging_mixin.py:188} INFO - [2024-06-24T03:52:51.368+0000] {override.py:1829} INFO - Created Permission View: can delete on DAG:example_branch_datetime_operator_3
[2024-06-24T03:52:51.393+0000] {logging_mixin.py:188} INFO - [2024-06-24T03:52:51.392+0000] {override.py:1829} INFO - Created Permission View: can edit on DAG:example_branch_datetime_operator_3
[2024-06-24T03:52:51.419+0000] {logging_mixin.py:188} INFO - [2024-06-24T03:52:51.418+0000] {override.py:1829} INFO - Created Permission View: can read on DAG:example_branch_datetime_operator_3
[2024-06-24T03:52:51.466+0000] {logging_mixin.py:188} INFO - [2024-06-24T03:52:51.465+0000] {override.py:1829} INFO - Created Permission View: can delete on DAG:example_branch_datetime_operator
[2024-06-24T03:52:51.489+0000] {logging_mixin.py:188} INFO - [2024-06-24T03:52:51.488+0000] {override.py:1829} INFO - Created Permission View: can edit on DAG:example_branch_datetime_operator
[2024-06-24T03:52:51.516+0000] {logging_mixin.py:188} INFO - [2024-06-24T03:52:51.515+0000] {override.py:1829} INFO - Created Permission View: can read on DAG:example_branch_datetime_operator
[2024-06-24T03:52:51.518+0000] {logging_mixin.py:188} INFO - [2024-06-24T03:52:51.517+0000] {dag.py:3096} INFO - Sync 3 DAGs
[2024-06-24T03:52:51.566+0000] {logging_mixin.py:188} INFO - [2024-06-24T03:52:51.565+0000] {dag.py:3118} INFO - Creating ORM DAG for example_branch_datetime_operator
[2024-06-24T03:52:51.569+0000] {logging_mixin.py:188} INFO - [2024-06-24T03:52:51.568+0000] {dag.py:3118} INFO - Creating ORM DAG for example_branch_datetime_operator_2
[2024-06-24T03:52:51.572+0000] {logging_mixin.py:188} INFO - [2024-06-24T03:52:51.572+0000] {dag.py:3118} INFO - Creating ORM DAG for example_branch_datetime_operator_3
[2024-06-24T03:52:51.614+0000] {logging_mixin.py:188} INFO - [2024-06-24T03:52:51.613+0000] {dag.py:3954} INFO - Setting next_dagrun for example_branch_datetime_operator to 2024-06-23 00:00:00+00:00, run_after=2024-06-24 00:00:00+00:00
[2024-06-24T03:52:51.622+0000] {logging_mixin.py:188} INFO - [2024-06-24T03:52:51.622+0000] {dag.py:3954} INFO - Setting next_dagrun for example_branch_datetime_operator_2 to 2024-06-23 00:00:00+00:00, run_after=2024-06-24 00:00:00+00:00
[2024-06-24T03:52:51.631+0000] {logging_mixin.py:188} INFO - [2024-06-24T03:52:51.630+0000] {dag.py:3954} INFO - Setting next_dagrun for example_branch_datetime_operator_3 to 2024-06-23 00:00:00+00:00, run_after=2024-06-24 00:00:00+00:00
[2024-06-24T03:52:51.699+0000] {processor.py:183} INFO - Processing /home/airflow/.local/lib/python3.12/site-packages/airflow/example_dags/example_branch_datetime_operator.py took 1.014 seconds
[2024-06-24T03:53:29.780+0000] {processor.py:161} INFO - Started process (PID=158) to work on /home/airflow/.local/lib/python3.12/site-packages/airflow/example_dags/example_branch_datetime_operator.py
[2024-06-24T03:53:29.785+0000] {processor.py:830} INFO - Processing file /home/airflow/.local/lib/python3.12/site-packages/airflow/example_dags/example_branch_datetime_operator.py for tasks to queue
[2024-06-24T03:53:29.796+0000] {logging_mixin.py:188} INFO - [2024-06-24T03:53:29.793+0000] {dagbag.py:545} INFO - Filling up the DagBag from /home/airflow/.local/lib/python3.12/site-packages/airflow/example_dags/example_branch_datetime_operator.py
[2024-06-24T03:53:29.853+0000] {processor.py:840} INFO - DAG(s) 'example_branch_datetime_operator', 'example_branch_datetime_operator_3', 'example_branch_datetime_operator_2' retrieved from /home/airflow/.local/lib/python3.12/site-packages/airflow/example_dags/example_branch_datetime_operator.py
[2024-06-24T03:53:29.963+0000] {logging_mixin.py:188} INFO - [2024-06-24T03:53:29.963+0000] {dag.py:3096} INFO - Sync 3 DAGs
[2024-06-24T03:53:30.085+0000] {logging_mixin.py:188} INFO - [2024-06-24T03:53:30.084+0000] {dag.py:3954} INFO - Setting next_dagrun for example_branch_datetime_operator to 2024-06-23 00:00:00+00:00, run_after=2024-06-24 00:00:00+00:00
[2024-06-24T03:53:30.121+0000] {logging_mixin.py:188} INFO - [2024-06-24T03:53:30.120+0000] {dag.py:3954} INFO - Setting next_dagrun for example_branch_datetime_operator_2 to 2024-06-23 00:00:00+00:00, run_after=2024-06-24 00:00:00+00:00
[2024-06-24T03:53:30.142+0000] {logging_mixin.py:188} INFO - [2024-06-24T03:53:30.140+0000] {dag.py:3954} INFO - Setting next_dagrun for example_branch_datetime_operator_3 to 2024-06-23 00:00:00+00:00, run_after=2024-06-24 00:00:00+00:00
[2024-06-24T03:53:30.273+0000] {processor.py:183} INFO - Processing /home/airflow/.local/lib/python3.12/site-packages/airflow/example_dags/example_branch_datetime_operator.py took 0.526 seconds
[2024-06-24T03:54:25.607+0000] {processor.py:161} INFO - Started process (PID=226) to work on /home/airflow/.local/lib/python3.12/site-packages/airflow/example_dags/example_branch_datetime_operator.py
[2024-06-24T03:54:25.615+0000] {processor.py:830} INFO - Processing file /home/airflow/.local/lib/python3.12/site-packages/airflow/example_dags/example_branch_datetime_operator.py for tasks to queue
[2024-06-24T03:54:25.624+0000] {logging_mixin.py:188} INFO - [2024-06-24T03:54:25.622+0000] {dagbag.py:545} INFO - Filling up the DagBag from /home/airflow/.local/lib/python3.12/site-packages/airflow/example_dags/example_branch_datetime_operator.py
[2024-06-24T03:54:25.678+0000] {processor.py:840} INFO - DAG(s) 'example_branch_datetime_operator_3', 'example_branch_datetime_operator_2', 'example_branch_datetime_operator' retrieved from /home/airflow/.local/lib/python3.12/site-packages/airflow/example_dags/example_branch_datetime_operator.py
[2024-06-24T03:54:25.834+0000] {logging_mixin.py:188} INFO - [2024-06-24T03:54:25.832+0000] {dag.py:3096} INFO - Sync 3 DAGs
[2024-06-24T03:54:25.985+0000] {logging_mixin.py:188} INFO - [2024-06-24T03:54:25.983+0000] {dag.py:3954} INFO - Setting next_dagrun for example_branch_datetime_operator to 2024-06-23 00:00:00+00:00, run_after=2024-06-24 00:00:00+00:00
[2024-06-24T03:54:26.014+0000] {logging_mixin.py:188} INFO - [2024-06-24T03:54:26.014+0000] {dag.py:3954} INFO - Setting next_dagrun for example_branch_datetime_operator_2 to 2024-06-23 00:00:00+00:00, run_after=2024-06-24 00:00:00+00:00
[2024-06-24T03:54:26.031+0000] {logging_mixin.py:188} INFO - [2024-06-24T03:54:26.030+0000] {dag.py:3954} INFO - Setting next_dagrun for example_branch_datetime_operator_3 to 2024-06-23 00:00:00+00:00, run_after=2024-06-24 00:00:00+00:00
[2024-06-24T03:54:26.116+0000] {processor.py:183} INFO - Processing /home/airflow/.local/lib/python3.12/site-packages/airflow/example_dags/example_branch_datetime_operator.py took 0.536 seconds
[2024-06-24T03:55:06.138+0000] {processor.py:161} INFO - Started process (PID=288) to work on /home/airflow/.local/lib/python3.12/site-packages/airflow/example_dags/example_branch_datetime_operator.py
[2024-06-24T03:55:06.182+0000] {processor.py:830} INFO - Processing file /home/airflow/.local/lib/python3.12/site-packages/airflow/example_dags/example_branch_datetime_operator.py for tasks to queue
[2024-06-24T03:55:06.297+0000] {logging_mixin.py:188} INFO - [2024-06-24T03:55:06.295+0000] {dagbag.py:545} INFO - Filling up the DagBag from /home/airflow/.local/lib/python3.12/site-packages/airflow/example_dags/example_branch_datetime_operator.py
[2024-06-24T03:55:06.540+0000] {processor.py:840} INFO - DAG(s) 'example_branch_datetime_operator_3', 'example_branch_datetime_operator_2', 'example_branch_datetime_operator' retrieved from /home/airflow/.local/lib/python3.12/site-packages/airflow/example_dags/example_branch_datetime_operator.py
[2024-06-24T03:55:06.996+0000] {logging_mixin.py:188} INFO - [2024-06-24T03:55:06.995+0000] {dag.py:3096} INFO - Sync 3 DAGs
[2024-06-24T03:55:07.187+0000] {logging_mixin.py:188} INFO - [2024-06-24T03:55:07.186+0000] {dag.py:3954} INFO - Setting next_dagrun for example_branch_datetime_operator to 2024-06-23 00:00:00+00:00, run_after=2024-06-24 00:00:00+00:00
[2024-06-24T03:55:07.226+0000] {logging_mixin.py:188} INFO - [2024-06-24T03:55:07.223+0000] {dag.py:3954} INFO - Setting next_dagrun for example_branch_datetime_operator_2 to 2024-06-23 00:00:00+00:00, run_after=2024-06-24 00:00:00+00:00
[2024-06-24T03:55:07.245+0000] {logging_mixin.py:188} INFO - [2024-06-24T03:55:07.243+0000] {dag.py:3954} INFO - Setting next_dagrun for example_branch_datetime_operator_3 to 2024-06-23 00:00:00+00:00, run_after=2024-06-24 00:00:00+00:00
[2024-06-24T03:55:07.365+0000] {processor.py:183} INFO - Processing /home/airflow/.local/lib/python3.12/site-packages/airflow/example_dags/example_branch_datetime_operator.py took 1.330 seconds
[2024-06-24T03:55:39.382+0000] {processor.py:161} INFO - Started process (PID=357) to work on /home/airflow/.local/lib/python3.12/site-packages/airflow/example_dags/example_branch_datetime_operator.py
[2024-06-24T03:55:39.432+0000] {processor.py:830} INFO - Processing file /home/airflow/.local/lib/python3.12/site-packages/airflow/example_dags/example_branch_datetime_operator.py for tasks to queue
[2024-06-24T03:55:39.457+0000] {logging_mixin.py:188} INFO - [2024-06-24T03:55:39.456+0000] {dagbag.py:545} INFO - Filling up the DagBag from /home/airflow/.local/lib/python3.12/site-packages/airflow/example_dags/example_branch_datetime_operator.py
[2024-06-24T03:55:40.015+0000] {processor.py:840} INFO - DAG(s) 'example_branch_datetime_operator', 'example_branch_datetime_operator_2', 'example_branch_datetime_operator_3' retrieved from /home/airflow/.local/lib/python3.12/site-packages/airflow/example_dags/example_branch_datetime_operator.py
[2024-06-24T03:55:40.351+0000] {logging_mixin.py:188} INFO - [2024-06-24T03:55:40.350+0000] {dag.py:3096} INFO - Sync 3 DAGs
[2024-06-24T03:55:40.728+0000] {logging_mixin.py:188} INFO - [2024-06-24T03:55:40.714+0000] {dag.py:3954} INFO - Setting next_dagrun for example_branch_datetime_operator to 2024-06-23 00:00:00+00:00, run_after=2024-06-24 00:00:00+00:00
[2024-06-24T03:55:40.837+0000] {logging_mixin.py:188} INFO - [2024-06-24T03:55:40.836+0000] {dag.py:3954} INFO - Setting next_dagrun for example_branch_datetime_operator_2 to 2024-06-23 00:00:00+00:00, run_after=2024-06-24 00:00:00+00:00
[2024-06-24T03:55:40.920+0000] {logging_mixin.py:188} INFO - [2024-06-24T03:55:40.907+0000] {dag.py:3954} INFO - Setting next_dagrun for example_branch_datetime_operator_3 to 2024-06-23 00:00:00+00:00, run_after=2024-06-24 00:00:00+00:00
[2024-06-24T03:55:41.210+0000] {processor.py:183} INFO - Processing /home/airflow/.local/lib/python3.12/site-packages/airflow/example_dags/example_branch_datetime_operator.py took 1.979 seconds
[2024-06-24T03:56:45.004+0000] {processor.py:161} INFO - Started process (PID=425) to work on /home/airflow/.local/lib/python3.12/site-packages/airflow/example_dags/example_branch_datetime_operator.py
[2024-06-24T03:56:45.018+0000] {processor.py:830} INFO - Processing file /home/airflow/.local/lib/python3.12/site-packages/airflow/example_dags/example_branch_datetime_operator.py for tasks to queue
[2024-06-24T03:56:45.052+0000] {logging_mixin.py:188} INFO - [2024-06-24T03:56:45.039+0000] {dagbag.py:545} INFO - Filling up the DagBag from /home/airflow/.local/lib/python3.12/site-packages/airflow/example_dags/example_branch_datetime_operator.py
[2024-06-24T03:56:45.299+0000] {processor.py:840} INFO - DAG(s) 'example_branch_datetime_operator', 'example_branch_datetime_operator_2', 'example_branch_datetime_operator_3' retrieved from /home/airflow/.local/lib/python3.12/site-packages/airflow/example_dags/example_branch_datetime_operator.py
[2024-06-24T03:56:46.185+0000] {logging_mixin.py:188} INFO - [2024-06-24T03:56:46.173+0000] {dag.py:3096} INFO - Sync 3 DAGs
[2024-06-24T03:56:46.897+0000] {logging_mixin.py:188} INFO - [2024-06-24T03:56:46.896+0000] {dag.py:3954} INFO - Setting next_dagrun for example_branch_datetime_operator to 2024-06-23 00:00:00+00:00, run_after=2024-06-24 00:00:00+00:00
[2024-06-24T03:56:47.024+0000] {logging_mixin.py:188} INFO - [2024-06-24T03:56:47.010+0000] {dag.py:3954} INFO - Setting next_dagrun for example_branch_datetime_operator_2 to 2024-06-23 00:00:00+00:00, run_after=2024-06-24 00:00:00+00:00
[2024-06-24T03:56:47.071+0000] {logging_mixin.py:188} INFO - [2024-06-24T03:56:47.070+0000] {dag.py:3954} INFO - Setting next_dagrun for example_branch_datetime_operator_3 to 2024-06-23 00:00:00+00:00, run_after=2024-06-24 00:00:00+00:00
[2024-06-24T03:56:47.283+0000] {processor.py:183} INFO - Processing /home/airflow/.local/lib/python3.12/site-packages/airflow/example_dags/example_branch_datetime_operator.py took 2.368 seconds
