[2024-06-24T03:52:39.050+0000] {processor.py:161} INFO - Started process (PID=71) to work on /home/airflow/.local/lib/python3.12/site-packages/airflow/example_dags/example_latest_only_with_trigger.py
[2024-06-24T03:52:39.054+0000] {processor.py:830} INFO - Processing file /home/airflow/.local/lib/python3.12/site-packages/airflow/example_dags/example_latest_only_with_trigger.py for tasks to queue
[2024-06-24T03:52:39.062+0000] {logging_mixin.py:188} INFO - [2024-06-24T03:52:39.060+0000] {dagbag.py:545} INFO - Filling up the DagBag from /home/airflow/.local/lib/python3.12/site-packages/airflow/example_dags/example_latest_only_with_trigger.py
[2024-06-24T03:52:39.094+0000] {processor.py:840} INFO - DAG(s) 'latest_only_with_trigger' retrieved from /home/airflow/.local/lib/python3.12/site-packages/airflow/example_dags/example_latest_only_with_trigger.py
[2024-06-24T03:52:39.520+0000] {logging_mixin.py:188} INFO - [2024-06-24T03:52:39.518+0000] {override.py:1829} INFO - Created Permission View: can delete on DAG:latest_only_with_trigger
[2024-06-24T03:52:39.556+0000] {logging_mixin.py:188} INFO - [2024-06-24T03:52:39.555+0000] {override.py:1829} INFO - Created Permission View: can edit on DAG:latest_only_with_trigger
[2024-06-24T03:52:39.586+0000] {logging_mixin.py:188} INFO - [2024-06-24T03:52:39.585+0000] {override.py:1829} INFO - Created Permission View: can read on DAG:latest_only_with_trigger
[2024-06-24T03:52:39.589+0000] {logging_mixin.py:188} INFO - [2024-06-24T03:52:39.588+0000] {dag.py:3096} INFO - Sync 1 DAGs
[2024-06-24T03:52:39.634+0000] {logging_mixin.py:188} INFO - [2024-06-24T03:52:39.633+0000] {dag.py:3118} INFO - Creating ORM DAG for latest_only_with_trigger
[2024-06-24T03:52:39.668+0000] {logging_mixin.py:188} INFO - [2024-06-24T03:52:39.667+0000] {dag.py:3954} INFO - Setting next_dagrun for latest_only_with_trigger to 2024-06-23 20:00:00+00:00, run_after=2024-06-24 00:00:00+00:00
[2024-06-24T03:52:39.721+0000] {processor.py:183} INFO - Processing /home/airflow/.local/lib/python3.12/site-packages/airflow/example_dags/example_latest_only_with_trigger.py took 0.690 seconds
[2024-06-24T03:53:09.984+0000] {processor.py:161} INFO - Started process (PID=133) to work on /home/airflow/.local/lib/python3.12/site-packages/airflow/example_dags/example_latest_only_with_trigger.py
[2024-06-24T03:53:09.988+0000] {processor.py:830} INFO - Processing file /home/airflow/.local/lib/python3.12/site-packages/airflow/example_dags/example_latest_only_with_trigger.py for tasks to queue
[2024-06-24T03:53:09.993+0000] {logging_mixin.py:188} INFO - [2024-06-24T03:53:09.992+0000] {dagbag.py:545} INFO - Filling up the DagBag from /home/airflow/.local/lib/python3.12/site-packages/airflow/example_dags/example_latest_only_with_trigger.py
[2024-06-24T03:53:10.010+0000] {processor.py:840} INFO - DAG(s) 'latest_only_with_trigger' retrieved from /home/airflow/.local/lib/python3.12/site-packages/airflow/example_dags/example_latest_only_with_trigger.py
[2024-06-24T03:53:10.095+0000] {logging_mixin.py:188} INFO - [2024-06-24T03:53:10.094+0000] {dag.py:3096} INFO - Sync 1 DAGs
[2024-06-24T03:53:10.154+0000] {logging_mixin.py:188} INFO - [2024-06-24T03:53:10.154+0000] {dag.py:3954} INFO - Setting next_dagrun for latest_only_with_trigger to 2024-06-23 20:00:00+00:00, run_after=2024-06-24 00:00:00+00:00
[2024-06-24T03:53:10.206+0000] {processor.py:183} INFO - Processing /home/airflow/.local/lib/python3.12/site-packages/airflow/example_dags/example_latest_only_with_trigger.py took 0.236 seconds
[2024-06-24T03:54:07.865+0000] {processor.py:161} INFO - Started process (PID=201) to work on /home/airflow/.local/lib/python3.12/site-packages/airflow/example_dags/example_latest_only_with_trigger.py
[2024-06-24T03:54:07.880+0000] {processor.py:830} INFO - Processing file /home/airflow/.local/lib/python3.12/site-packages/airflow/example_dags/example_latest_only_with_trigger.py for tasks to queue
[2024-06-24T03:54:07.915+0000] {logging_mixin.py:188} INFO - [2024-06-24T03:54:07.914+0000] {dagbag.py:545} INFO - Filling up the DagBag from /home/airflow/.local/lib/python3.12/site-packages/airflow/example_dags/example_latest_only_with_trigger.py
[2024-06-24T03:54:08.007+0000] {processor.py:840} INFO - DAG(s) 'latest_only_with_trigger' retrieved from /home/airflow/.local/lib/python3.12/site-packages/airflow/example_dags/example_latest_only_with_trigger.py
[2024-06-24T03:54:08.303+0000] {logging_mixin.py:188} INFO - [2024-06-24T03:54:08.301+0000] {dag.py:3096} INFO - Sync 1 DAGs
[2024-06-24T03:54:08.696+0000] {logging_mixin.py:188} INFO - [2024-06-24T03:54:08.695+0000] {dag.py:3954} INFO - Setting next_dagrun for latest_only_with_trigger to 2024-06-23 20:00:00+00:00, run_after=2024-06-24 00:00:00+00:00
[2024-06-24T03:54:09.002+0000] {processor.py:183} INFO - Processing /home/airflow/.local/lib/python3.12/site-packages/airflow/example_dags/example_latest_only_with_trigger.py took 1.227 seconds
[2024-06-24T03:54:46.784+0000] {processor.py:161} INFO - Started process (PID=263) to work on /home/airflow/.local/lib/python3.12/site-packages/airflow/example_dags/example_latest_only_with_trigger.py
[2024-06-24T03:54:46.788+0000] {processor.py:830} INFO - Processing file /home/airflow/.local/lib/python3.12/site-packages/airflow/example_dags/example_latest_only_with_trigger.py for tasks to queue
[2024-06-24T03:54:46.797+0000] {logging_mixin.py:188} INFO - [2024-06-24T03:54:46.795+0000] {dagbag.py:545} INFO - Filling up the DagBag from /home/airflow/.local/lib/python3.12/site-packages/airflow/example_dags/example_latest_only_with_trigger.py
[2024-06-24T03:54:46.824+0000] {processor.py:840} INFO - DAG(s) 'latest_only_with_trigger' retrieved from /home/airflow/.local/lib/python3.12/site-packages/airflow/example_dags/example_latest_only_with_trigger.py
[2024-06-24T03:54:46.945+0000] {logging_mixin.py:188} INFO - [2024-06-24T03:54:46.944+0000] {dag.py:3096} INFO - Sync 1 DAGs
[2024-06-24T03:54:47.061+0000] {logging_mixin.py:188} INFO - [2024-06-24T03:54:47.060+0000] {dag.py:3954} INFO - Setting next_dagrun for latest_only_with_trigger to 2024-06-23 20:00:00+00:00, run_after=2024-06-24 00:00:00+00:00
[2024-06-24T03:54:47.155+0000] {processor.py:183} INFO - Processing /home/airflow/.local/lib/python3.12/site-packages/airflow/example_dags/example_latest_only_with_trigger.py took 0.397 seconds
[2024-06-24T03:55:19.686+0000] {processor.py:161} INFO - Started process (PID=326) to work on /home/airflow/.local/lib/python3.12/site-packages/airflow/example_dags/example_latest_only_with_trigger.py
[2024-06-24T03:55:19.691+0000] {processor.py:830} INFO - Processing file /home/airflow/.local/lib/python3.12/site-packages/airflow/example_dags/example_latest_only_with_trigger.py for tasks to queue
[2024-06-24T03:55:19.700+0000] {logging_mixin.py:188} INFO - [2024-06-24T03:55:19.699+0000] {dagbag.py:545} INFO - Filling up the DagBag from /home/airflow/.local/lib/python3.12/site-packages/airflow/example_dags/example_latest_only_with_trigger.py
[2024-06-24T03:55:19.735+0000] {processor.py:840} INFO - DAG(s) 'latest_only_with_trigger' retrieved from /home/airflow/.local/lib/python3.12/site-packages/airflow/example_dags/example_latest_only_with_trigger.py
[2024-06-24T03:55:19.851+0000] {logging_mixin.py:188} INFO - [2024-06-24T03:55:19.850+0000] {dag.py:3096} INFO - Sync 1 DAGs
[2024-06-24T03:55:19.975+0000] {logging_mixin.py:188} INFO - [2024-06-24T03:55:19.974+0000] {dag.py:3954} INFO - Setting next_dagrun for latest_only_with_trigger to 2024-06-23 20:00:00+00:00, run_after=2024-06-24 00:00:00+00:00
[2024-06-24T03:55:20.097+0000] {processor.py:183} INFO - Processing /home/airflow/.local/lib/python3.12/site-packages/airflow/example_dags/example_latest_only_with_trigger.py took 0.450 seconds
[2024-06-24T03:56:20.381+0000] {processor.py:161} INFO - Started process (PID=394) to work on /home/airflow/.local/lib/python3.12/site-packages/airflow/example_dags/example_latest_only_with_trigger.py
[2024-06-24T03:56:20.417+0000] {processor.py:830} INFO - Processing file /home/airflow/.local/lib/python3.12/site-packages/airflow/example_dags/example_latest_only_with_trigger.py for tasks to queue
[2024-06-24T03:56:20.481+0000] {logging_mixin.py:188} INFO - [2024-06-24T03:56:20.479+0000] {dagbag.py:545} INFO - Filling up the DagBag from /home/airflow/.local/lib/python3.12/site-packages/airflow/example_dags/example_latest_only_with_trigger.py
[2024-06-24T03:56:20.592+0000] {processor.py:840} INFO - DAG(s) 'latest_only_with_trigger' retrieved from /home/airflow/.local/lib/python3.12/site-packages/airflow/example_dags/example_latest_only_with_trigger.py
[2024-06-24T03:56:21.037+0000] {logging_mixin.py:188} INFO - [2024-06-24T03:56:21.036+0000] {dag.py:3096} INFO - Sync 1 DAGs
[2024-06-24T03:56:21.279+0000] {logging_mixin.py:188} INFO - [2024-06-24T03:56:21.278+0000] {dag.py:3954} INFO - Setting next_dagrun for latest_only_with_trigger to 2024-06-23 20:00:00+00:00, run_after=2024-06-24 00:00:00+00:00
[2024-06-24T03:56:21.517+0000] {processor.py:183} INFO - Processing /home/airflow/.local/lib/python3.12/site-packages/airflow/example_dags/example_latest_only_with_trigger.py took 1.235 seconds
[2024-06-24T03:57:18.993+0000] {processor.py:161} INFO - Started process (PID=460) to work on /home/airflow/.local/lib/python3.12/site-packages/airflow/example_dags/example_latest_only_with_trigger.py
[2024-06-24T03:57:19.190+0000] {processor.py:830} INFO - Processing file /home/airflow/.local/lib/python3.12/site-packages/airflow/example_dags/example_latest_only_with_trigger.py for tasks to queue
[2024-06-24T03:57:19.351+0000] {logging_mixin.py:188} INFO - [2024-06-24T03:57:19.350+0000] {dagbag.py:545} INFO - Filling up the DagBag from /home/airflow/.local/lib/python3.12/site-packages/airflow/example_dags/example_latest_only_with_trigger.py
[2024-06-24T03:57:19.459+0000] {processor.py:840} INFO - DAG(s) 'latest_only_with_trigger' retrieved from /home/airflow/.local/lib/python3.12/site-packages/airflow/example_dags/example_latest_only_with_trigger.py
[2024-06-24T03:57:20.053+0000] {logging_mixin.py:188} INFO - [2024-06-24T03:57:20.052+0000] {dag.py:3096} INFO - Sync 1 DAGs
[2024-06-24T03:57:20.446+0000] {logging_mixin.py:188} INFO - [2024-06-24T03:57:20.433+0000] {dag.py:3954} INFO - Setting next_dagrun for latest_only_with_trigger to 2024-06-23 20:00:00+00:00, run_after=2024-06-24 00:00:00+00:00
[2024-06-24T03:57:20.766+0000] {processor.py:183} INFO - Processing /home/airflow/.local/lib/python3.12/site-packages/airflow/example_dags/example_latest_only_with_trigger.py took 1.845 seconds
[2024-06-24T03:58:27.321+0000] {processor.py:161} INFO - Started process (PID=516) to work on /home/airflow/.local/lib/python3.12/site-packages/airflow/example_dags/example_latest_only_with_trigger.py
[2024-06-24T03:58:27.338+0000] {processor.py:830} INFO - Processing file /home/airflow/.local/lib/python3.12/site-packages/airflow/example_dags/example_latest_only_with_trigger.py for tasks to queue
[2024-06-24T03:58:27.367+0000] {logging_mixin.py:188} INFO - [2024-06-24T03:58:27.357+0000] {dagbag.py:545} INFO - Filling up the DagBag from /home/airflow/.local/lib/python3.12/site-packages/airflow/example_dags/example_latest_only_with_trigger.py
[2024-06-24T03:58:27.447+0000] {processor.py:840} INFO - DAG(s) 'latest_only_with_trigger' retrieved from /home/airflow/.local/lib/python3.12/site-packages/airflow/example_dags/example_latest_only_with_trigger.py
[2024-06-24T03:58:27.792+0000] {logging_mixin.py:188} INFO - [2024-06-24T03:58:27.791+0000] {dag.py:3096} INFO - Sync 1 DAGs
[2024-06-24T03:58:28.165+0000] {logging_mixin.py:188} INFO - [2024-06-24T03:58:28.164+0000] {dag.py:3954} INFO - Setting next_dagrun for latest_only_with_trigger to 2024-06-23 20:00:00+00:00, run_after=2024-06-24 00:00:00+00:00
[2024-06-24T03:58:28.452+0000] {processor.py:183} INFO - Processing /home/airflow/.local/lib/python3.12/site-packages/airflow/example_dags/example_latest_only_with_trigger.py took 1.198 seconds
