[2024-06-24T03:52:30.236+0000] {processor.py:161} INFO - Started process (PID=49) to work on /home/airflow/.local/lib/python3.12/site-packages/airflow/example_dags/example_params_trigger_ui.py
[2024-06-24T03:52:30.244+0000] {processor.py:830} INFO - Processing file /home/airflow/.local/lib/python3.12/site-packages/airflow/example_dags/example_params_trigger_ui.py for tasks to queue
[2024-06-24T03:52:30.251+0000] {logging_mixin.py:188} INFO - [2024-06-24T03:52:30.250+0000] {dagbag.py:545} INFO - Filling up the DagBag from /home/airflow/.local/lib/python3.12/site-packages/airflow/example_dags/example_params_trigger_ui.py
[2024-06-24T03:52:30.336+0000] {processor.py:840} INFO - DAG(s) 'example_params_trigger_ui' retrieved from /home/airflow/.local/lib/python3.12/site-packages/airflow/example_dags/example_params_trigger_ui.py
[2024-06-24T03:52:30.786+0000] {logging_mixin.py:188} INFO - [2024-06-24T03:52:30.784+0000] {override.py:1829} INFO - Created Permission View: can delete on DAG:example_params_trigger_ui
[2024-06-24T03:52:30.824+0000] {logging_mixin.py:188} INFO - [2024-06-24T03:52:30.823+0000] {override.py:1829} INFO - Created Permission View: can edit on DAG:example_params_trigger_ui
[2024-06-24T03:52:30.852+0000] {logging_mixin.py:188} INFO - [2024-06-24T03:52:30.851+0000] {override.py:1829} INFO - Created Permission View: can read on DAG:example_params_trigger_ui
[2024-06-24T03:52:30.855+0000] {logging_mixin.py:188} INFO - [2024-06-24T03:52:30.854+0000] {dag.py:3096} INFO - Sync 1 DAGs
[2024-06-24T03:52:30.896+0000] {logging_mixin.py:188} INFO - [2024-06-24T03:52:30.895+0000] {dag.py:3118} INFO - Creating ORM DAG for example_params_trigger_ui
[2024-06-24T03:52:30.899+0000] {logging_mixin.py:188} INFO - [2024-06-24T03:52:30.899+0000] {dag.py:3954} INFO - Setting next_dagrun for example_params_trigger_ui to None, run_after=None
[2024-06-24T03:52:30.973+0000] {processor.py:183} INFO - Processing /home/airflow/.local/lib/python3.12/site-packages/airflow/example_dags/example_params_trigger_ui.py took 0.754 seconds
[2024-06-24T03:53:01.762+0000] {processor.py:161} INFO - Started process (PID=109) to work on /home/airflow/.local/lib/python3.12/site-packages/airflow/example_dags/example_params_trigger_ui.py
[2024-06-24T03:53:01.764+0000] {processor.py:830} INFO - Processing file /home/airflow/.local/lib/python3.12/site-packages/airflow/example_dags/example_params_trigger_ui.py for tasks to queue
[2024-06-24T03:53:01.767+0000] {logging_mixin.py:188} INFO - [2024-06-24T03:53:01.767+0000] {dagbag.py:545} INFO - Filling up the DagBag from /home/airflow/.local/lib/python3.12/site-packages/airflow/example_dags/example_params_trigger_ui.py
[2024-06-24T03:53:01.796+0000] {processor.py:840} INFO - DAG(s) 'example_params_trigger_ui' retrieved from /home/airflow/.local/lib/python3.12/site-packages/airflow/example_dags/example_params_trigger_ui.py
[2024-06-24T03:53:01.890+0000] {logging_mixin.py:188} INFO - [2024-06-24T03:53:01.890+0000] {dag.py:3096} INFO - Sync 1 DAGs
[2024-06-24T03:53:01.916+0000] {logging_mixin.py:188} INFO - [2024-06-24T03:53:01.915+0000] {dag.py:3954} INFO - Setting next_dagrun for example_params_trigger_ui to None, run_after=None
[2024-06-24T03:53:01.952+0000] {processor.py:183} INFO - Processing /home/airflow/.local/lib/python3.12/site-packages/airflow/example_dags/example_params_trigger_ui.py took 0.201 seconds
[2024-06-24T03:53:36.360+0000] {processor.py:161} INFO - Started process (PID=173) to work on /home/airflow/.local/lib/python3.12/site-packages/airflow/example_dags/example_params_trigger_ui.py
[2024-06-24T03:53:36.364+0000] {processor.py:830} INFO - Processing file /home/airflow/.local/lib/python3.12/site-packages/airflow/example_dags/example_params_trigger_ui.py for tasks to queue
[2024-06-24T03:53:36.371+0000] {logging_mixin.py:188} INFO - [2024-06-24T03:53:36.370+0000] {dagbag.py:545} INFO - Filling up the DagBag from /home/airflow/.local/lib/python3.12/site-packages/airflow/example_dags/example_params_trigger_ui.py
[2024-06-24T03:53:36.438+0000] {processor.py:840} INFO - DAG(s) 'example_params_trigger_ui' retrieved from /home/airflow/.local/lib/python3.12/site-packages/airflow/example_dags/example_params_trigger_ui.py
[2024-06-24T03:53:36.658+0000] {logging_mixin.py:188} INFO - [2024-06-24T03:53:36.657+0000] {dag.py:3096} INFO - Sync 1 DAGs
[2024-06-24T03:53:36.717+0000] {logging_mixin.py:188} INFO - [2024-06-24T03:53:36.716+0000] {dag.py:3954} INFO - Setting next_dagrun for example_params_trigger_ui to None, run_after=None
[2024-06-24T03:53:36.810+0000] {processor.py:183} INFO - Processing /home/airflow/.local/lib/python3.12/site-packages/airflow/example_dags/example_params_trigger_ui.py took 0.473 seconds
[2024-06-24T03:54:27.857+0000] {processor.py:161} INFO - Started process (PID=232) to work on /home/airflow/.local/lib/python3.12/site-packages/airflow/example_dags/example_params_trigger_ui.py
[2024-06-24T03:54:27.870+0000] {processor.py:830} INFO - Processing file /home/airflow/.local/lib/python3.12/site-packages/airflow/example_dags/example_params_trigger_ui.py for tasks to queue
[2024-06-24T03:54:27.881+0000] {logging_mixin.py:188} INFO - [2024-06-24T03:54:27.880+0000] {dagbag.py:545} INFO - Filling up the DagBag from /home/airflow/.local/lib/python3.12/site-packages/airflow/example_dags/example_params_trigger_ui.py
[2024-06-24T03:54:28.082+0000] {processor.py:840} INFO - DAG(s) 'example_params_trigger_ui' retrieved from /home/airflow/.local/lib/python3.12/site-packages/airflow/example_dags/example_params_trigger_ui.py
[2024-06-24T03:54:29.012+0000] {logging_mixin.py:188} INFO - [2024-06-24T03:54:29.011+0000] {dag.py:3096} INFO - Sync 1 DAGs
[2024-06-24T03:54:29.253+0000] {logging_mixin.py:188} INFO - [2024-06-24T03:54:29.252+0000] {dag.py:3954} INFO - Setting next_dagrun for example_params_trigger_ui to None, run_after=None
[2024-06-24T03:54:29.607+0000] {processor.py:183} INFO - Processing /home/airflow/.local/lib/python3.12/site-packages/airflow/example_dags/example_params_trigger_ui.py took 1.773 seconds
[2024-06-24T03:55:10.681+0000] {processor.py:161} INFO - Started process (PID=300) to work on /home/airflow/.local/lib/python3.12/site-packages/airflow/example_dags/example_params_trigger_ui.py
[2024-06-24T03:55:10.702+0000] {processor.py:830} INFO - Processing file /home/airflow/.local/lib/python3.12/site-packages/airflow/example_dags/example_params_trigger_ui.py for tasks to queue
[2024-06-24T03:55:10.722+0000] {logging_mixin.py:188} INFO - [2024-06-24T03:55:10.720+0000] {dagbag.py:545} INFO - Filling up the DagBag from /home/airflow/.local/lib/python3.12/site-packages/airflow/example_dags/example_params_trigger_ui.py
[2024-06-24T03:55:10.830+0000] {processor.py:840} INFO - DAG(s) 'example_params_trigger_ui' retrieved from /home/airflow/.local/lib/python3.12/site-packages/airflow/example_dags/example_params_trigger_ui.py
[2024-06-24T03:55:11.112+0000] {logging_mixin.py:188} INFO - [2024-06-24T03:55:11.111+0000] {dag.py:3096} INFO - Sync 1 DAGs
[2024-06-24T03:55:11.193+0000] {logging_mixin.py:188} INFO - [2024-06-24T03:55:11.193+0000] {dag.py:3954} INFO - Setting next_dagrun for example_params_trigger_ui to None, run_after=None
[2024-06-24T03:55:11.360+0000] {processor.py:183} INFO - Processing /home/airflow/.local/lib/python3.12/site-packages/airflow/example_dags/example_params_trigger_ui.py took 0.755 seconds
[2024-06-24T03:55:46.837+0000] {processor.py:161} INFO - Started process (PID=362) to work on /home/airflow/.local/lib/python3.12/site-packages/airflow/example_dags/example_params_trigger_ui.py
[2024-06-24T03:55:46.890+0000] {processor.py:830} INFO - Processing file /home/airflow/.local/lib/python3.12/site-packages/airflow/example_dags/example_params_trigger_ui.py for tasks to queue
[2024-06-24T03:55:46.938+0000] {logging_mixin.py:188} INFO - [2024-06-24T03:55:46.937+0000] {dagbag.py:545} INFO - Filling up the DagBag from /home/airflow/.local/lib/python3.12/site-packages/airflow/example_dags/example_params_trigger_ui.py
[2024-06-24T03:55:47.381+0000] {processor.py:840} INFO - DAG(s) 'example_params_trigger_ui' retrieved from /home/airflow/.local/lib/python3.12/site-packages/airflow/example_dags/example_params_trigger_ui.py
[2024-06-24T03:55:48.232+0000] {logging_mixin.py:188} INFO - [2024-06-24T03:55:48.228+0000] {dag.py:3096} INFO - Sync 1 DAGs
[2024-06-24T03:55:48.410+0000] {logging_mixin.py:188} INFO - [2024-06-24T03:55:48.403+0000] {dag.py:3954} INFO - Setting next_dagrun for example_params_trigger_ui to None, run_after=None
[2024-06-24T03:55:48.688+0000] {processor.py:183} INFO - Processing /home/airflow/.local/lib/python3.12/site-packages/airflow/example_dags/example_params_trigger_ui.py took 2.008 seconds
[2024-06-24T03:56:51.972+0000] {processor.py:161} INFO - Started process (PID=431) to work on /home/airflow/.local/lib/python3.12/site-packages/airflow/example_dags/example_params_trigger_ui.py
[2024-06-24T03:56:52.002+0000] {processor.py:830} INFO - Processing file /home/airflow/.local/lib/python3.12/site-packages/airflow/example_dags/example_params_trigger_ui.py for tasks to queue
[2024-06-24T03:56:52.032+0000] {logging_mixin.py:188} INFO - [2024-06-24T03:56:52.023+0000] {dagbag.py:545} INFO - Filling up the DagBag from /home/airflow/.local/lib/python3.12/site-packages/airflow/example_dags/example_params_trigger_ui.py
[2024-06-24T03:56:52.240+0000] {processor.py:840} INFO - DAG(s) 'example_params_trigger_ui' retrieved from /home/airflow/.local/lib/python3.12/site-packages/airflow/example_dags/example_params_trigger_ui.py
[2024-06-24T03:56:53.468+0000] {logging_mixin.py:188} INFO - [2024-06-24T03:56:53.467+0000] {dag.py:3096} INFO - Sync 1 DAGs
[2024-06-24T03:56:53.809+0000] {logging_mixin.py:188} INFO - [2024-06-24T03:56:53.796+0000] {dag.py:3954} INFO - Setting next_dagrun for example_params_trigger_ui to None, run_after=None
[2024-06-24T03:56:54.096+0000] {processor.py:183} INFO - Processing /home/airflow/.local/lib/python3.12/site-packages/airflow/example_dags/example_params_trigger_ui.py took 2.181 seconds
[2024-06-24T03:58:04.029+0000] {processor.py:161} INFO - Started process (PID=494) to work on /home/airflow/.local/lib/python3.12/site-packages/airflow/example_dags/example_params_trigger_ui.py
[2024-06-24T03:58:04.059+0000] {processor.py:830} INFO - Processing file /home/airflow/.local/lib/python3.12/site-packages/airflow/example_dags/example_params_trigger_ui.py for tasks to queue
[2024-06-24T03:58:04.091+0000] {logging_mixin.py:188} INFO - [2024-06-24T03:58:04.088+0000] {dagbag.py:545} INFO - Filling up the DagBag from /home/airflow/.local/lib/python3.12/site-packages/airflow/example_dags/example_params_trigger_ui.py
[2024-06-24T03:58:04.378+0000] {processor.py:840} INFO - DAG(s) 'example_params_trigger_ui' retrieved from /home/airflow/.local/lib/python3.12/site-packages/airflow/example_dags/example_params_trigger_ui.py
[2024-06-24T03:58:05.283+0000] {logging_mixin.py:188} INFO - [2024-06-24T03:58:05.282+0000] {dag.py:3096} INFO - Sync 1 DAGs
[2024-06-24T03:58:05.558+0000] {logging_mixin.py:188} INFO - [2024-06-24T03:58:05.557+0000] {dag.py:3954} INFO - Setting next_dagrun for example_params_trigger_ui to None, run_after=None
[2024-06-24T03:58:06.108+0000] {processor.py:183} INFO - Processing /home/airflow/.local/lib/python3.12/site-packages/airflow/example_dags/example_params_trigger_ui.py took 2.137 seconds
[2024-06-24T03:58:59.735+0000] {processor.py:161} INFO - Started process (PID=540) to work on /home/airflow/.local/lib/python3.12/site-packages/airflow/example_dags/example_params_trigger_ui.py
[2024-06-24T03:58:59.770+0000] {processor.py:830} INFO - Processing file /home/airflow/.local/lib/python3.12/site-packages/airflow/example_dags/example_params_trigger_ui.py for tasks to queue
[2024-06-24T03:58:59.785+0000] {logging_mixin.py:188} INFO - [2024-06-24T03:58:59.783+0000] {dagbag.py:545} INFO - Filling up the DagBag from /home/airflow/.local/lib/python3.12/site-packages/airflow/example_dags/example_params_trigger_ui.py
[2024-06-24T03:58:59.967+0000] {processor.py:840} INFO - DAG(s) 'example_params_trigger_ui' retrieved from /home/airflow/.local/lib/python3.12/site-packages/airflow/example_dags/example_params_trigger_ui.py
[2024-06-24T03:59:00.754+0000] {logging_mixin.py:188} INFO - [2024-06-24T03:59:00.740+0000] {dag.py:3096} INFO - Sync 1 DAGs
[2024-06-24T03:59:01.189+0000] {logging_mixin.py:188} INFO - [2024-06-24T03:59:01.187+0000] {dag.py:3954} INFO - Setting next_dagrun for example_params_trigger_ui to None, run_after=None
[2024-06-24T03:59:02.066+0000] {processor.py:183} INFO - Processing /home/airflow/.local/lib/python3.12/site-packages/airflow/example_dags/example_params_trigger_ui.py took 2.380 seconds
