[2024-06-24T03:52:36.467+0000] {processor.py:161} INFO - Started process (PID=65) to work on /home/airflow/.local/lib/python3.12/site-packages/airflow/example_dags/example_branch_operator.py
[2024-06-24T03:52:36.470+0000] {processor.py:830} INFO - Processing file /home/airflow/.local/lib/python3.12/site-packages/airflow/example_dags/example_branch_operator.py for tasks to queue
[2024-06-24T03:52:36.477+0000] {logging_mixin.py:188} INFO - [2024-06-24T03:52:36.476+0000] {dagbag.py:545} INFO - Filling up the DagBag from /home/airflow/.local/lib/python3.12/site-packages/airflow/example_dags/example_branch_operator.py
[2024-06-24T03:52:36.534+0000] {processor.py:840} INFO - DAG(s) 'example_branch_operator' retrieved from /home/airflow/.local/lib/python3.12/site-packages/airflow/example_dags/example_branch_operator.py
[2024-06-24T03:52:36.892+0000] {logging_mixin.py:188} INFO - [2024-06-24T03:52:36.890+0000] {override.py:1829} INFO - Created Permission View: can delete on DAG:example_branch_operator
[2024-06-24T03:52:36.928+0000] {logging_mixin.py:188} INFO - [2024-06-24T03:52:36.926+0000] {override.py:1829} INFO - Created Permission View: can edit on DAG:example_branch_operator
[2024-06-24T03:52:36.952+0000] {logging_mixin.py:188} INFO - [2024-06-24T03:52:36.951+0000] {override.py:1829} INFO - Created Permission View: can read on DAG:example_branch_operator
[2024-06-24T03:52:36.955+0000] {logging_mixin.py:188} INFO - [2024-06-24T03:52:36.954+0000] {dag.py:3096} INFO - Sync 1 DAGs
[2024-06-24T03:52:36.975+0000] {logging_mixin.py:188} INFO - [2024-06-24T03:52:36.974+0000] {dag.py:3118} INFO - Creating ORM DAG for example_branch_operator
[2024-06-24T03:52:37.002+0000] {logging_mixin.py:188} INFO - [2024-06-24T03:52:37.001+0000] {dag.py:3954} INFO - Setting next_dagrun for example_branch_operator to 2024-06-23 00:00:00+00:00, run_after=2024-06-24 00:00:00+00:00
[2024-06-24T03:52:37.071+0000] {processor.py:183} INFO - Processing /home/airflow/.local/lib/python3.12/site-packages/airflow/example_dags/example_branch_operator.py took 0.624 seconds
[2024-06-24T03:53:07.583+0000] {processor.py:161} INFO - Started process (PID=127) to work on /home/airflow/.local/lib/python3.12/site-packages/airflow/example_dags/example_branch_operator.py
[2024-06-24T03:53:07.586+0000] {processor.py:830} INFO - Processing file /home/airflow/.local/lib/python3.12/site-packages/airflow/example_dags/example_branch_operator.py for tasks to queue
[2024-06-24T03:53:07.594+0000] {logging_mixin.py:188} INFO - [2024-06-24T03:53:07.593+0000] {dagbag.py:545} INFO - Filling up the DagBag from /home/airflow/.local/lib/python3.12/site-packages/airflow/example_dags/example_branch_operator.py
[2024-06-24T03:53:07.662+0000] {processor.py:840} INFO - DAG(s) 'example_branch_operator' retrieved from /home/airflow/.local/lib/python3.12/site-packages/airflow/example_dags/example_branch_operator.py
[2024-06-24T03:53:07.770+0000] {logging_mixin.py:188} INFO - [2024-06-24T03:53:07.770+0000] {dag.py:3096} INFO - Sync 1 DAGs
[2024-06-24T03:53:07.839+0000] {logging_mixin.py:188} INFO - [2024-06-24T03:53:07.838+0000] {dag.py:3954} INFO - Setting next_dagrun for example_branch_operator to 2024-06-23 00:00:00+00:00, run_after=2024-06-24 00:00:00+00:00
[2024-06-24T03:53:07.905+0000] {processor.py:183} INFO - Processing /home/airflow/.local/lib/python3.12/site-packages/airflow/example_dags/example_branch_operator.py took 0.343 seconds
[2024-06-24T03:54:02.848+0000] {processor.py:161} INFO - Started process (PID=189) to work on /home/airflow/.local/lib/python3.12/site-packages/airflow/example_dags/example_branch_operator.py
[2024-06-24T03:54:02.872+0000] {processor.py:830} INFO - Processing file /home/airflow/.local/lib/python3.12/site-packages/airflow/example_dags/example_branch_operator.py for tasks to queue
[2024-06-24T03:54:02.951+0000] {logging_mixin.py:188} INFO - [2024-06-24T03:54:02.949+0000] {dagbag.py:545} INFO - Filling up the DagBag from /home/airflow/.local/lib/python3.12/site-packages/airflow/example_dags/example_branch_operator.py
[2024-06-24T03:54:03.275+0000] {processor.py:840} INFO - DAG(s) 'example_branch_operator' retrieved from /home/airflow/.local/lib/python3.12/site-packages/airflow/example_dags/example_branch_operator.py
[2024-06-24T03:54:03.605+0000] {logging_mixin.py:188} INFO - [2024-06-24T03:54:03.604+0000] {dag.py:3096} INFO - Sync 1 DAGs
[2024-06-24T03:54:03.744+0000] {logging_mixin.py:188} INFO - [2024-06-24T03:54:03.743+0000] {dag.py:3954} INFO - Setting next_dagrun for example_branch_operator to 2024-06-23 00:00:00+00:00, run_after=2024-06-24 00:00:00+00:00
[2024-06-24T03:54:03.937+0000] {processor.py:183} INFO - Processing /home/airflow/.local/lib/python3.12/site-packages/airflow/example_dags/example_branch_operator.py took 1.195 seconds
[2024-06-24T03:54:42.870+0000] {processor.py:161} INFO - Started process (PID=257) to work on /home/airflow/.local/lib/python3.12/site-packages/airflow/example_dags/example_branch_operator.py
[2024-06-24T03:54:42.891+0000] {processor.py:830} INFO - Processing file /home/airflow/.local/lib/python3.12/site-packages/airflow/example_dags/example_branch_operator.py for tasks to queue
[2024-06-24T03:54:42.922+0000] {logging_mixin.py:188} INFO - [2024-06-24T03:54:42.920+0000] {dagbag.py:545} INFO - Filling up the DagBag from /home/airflow/.local/lib/python3.12/site-packages/airflow/example_dags/example_branch_operator.py
[2024-06-24T03:54:43.190+0000] {processor.py:840} INFO - DAG(s) 'example_branch_operator' retrieved from /home/airflow/.local/lib/python3.12/site-packages/airflow/example_dags/example_branch_operator.py
[2024-06-24T03:54:43.590+0000] {logging_mixin.py:188} INFO - [2024-06-24T03:54:43.589+0000] {dag.py:3096} INFO - Sync 1 DAGs
[2024-06-24T03:54:44.048+0000] {logging_mixin.py:188} INFO - [2024-06-24T03:54:44.047+0000] {dag.py:3954} INFO - Setting next_dagrun for example_branch_operator to 2024-06-23 00:00:00+00:00, run_after=2024-06-24 00:00:00+00:00
[2024-06-24T03:54:44.375+0000] {processor.py:183} INFO - Processing /home/airflow/.local/lib/python3.12/site-packages/airflow/example_dags/example_branch_operator.py took 1.588 seconds
[2024-06-24T03:55:17.975+0000] {processor.py:161} INFO - Started process (PID=320) to work on /home/airflow/.local/lib/python3.12/site-packages/airflow/example_dags/example_branch_operator.py
[2024-06-24T03:55:17.979+0000] {processor.py:830} INFO - Processing file /home/airflow/.local/lib/python3.12/site-packages/airflow/example_dags/example_branch_operator.py for tasks to queue
[2024-06-24T03:55:17.987+0000] {logging_mixin.py:188} INFO - [2024-06-24T03:55:17.986+0000] {dagbag.py:545} INFO - Filling up the DagBag from /home/airflow/.local/lib/python3.12/site-packages/airflow/example_dags/example_branch_operator.py
[2024-06-24T03:55:18.050+0000] {processor.py:840} INFO - DAG(s) 'example_branch_operator' retrieved from /home/airflow/.local/lib/python3.12/site-packages/airflow/example_dags/example_branch_operator.py
[2024-06-24T03:55:18.157+0000] {logging_mixin.py:188} INFO - [2024-06-24T03:55:18.157+0000] {dag.py:3096} INFO - Sync 1 DAGs
[2024-06-24T03:55:18.245+0000] {logging_mixin.py:188} INFO - [2024-06-24T03:55:18.244+0000] {dag.py:3954} INFO - Setting next_dagrun for example_branch_operator to 2024-06-23 00:00:00+00:00, run_after=2024-06-24 00:00:00+00:00
[2024-06-24T03:55:18.331+0000] {processor.py:183} INFO - Processing /home/airflow/.local/lib/python3.12/site-packages/airflow/example_dags/example_branch_operator.py took 0.377 seconds
[2024-06-24T03:56:05.750+0000] {processor.py:161} INFO - Started process (PID=374) to work on /home/airflow/.local/lib/python3.12/site-packages/airflow/example_dags/example_branch_operator.py
[2024-06-24T03:56:05.784+0000] {processor.py:830} INFO - Processing file /home/airflow/.local/lib/python3.12/site-packages/airflow/example_dags/example_branch_operator.py for tasks to queue
[2024-06-24T03:56:05.812+0000] {logging_mixin.py:188} INFO - [2024-06-24T03:56:05.810+0000] {dagbag.py:545} INFO - Filling up the DagBag from /home/airflow/.local/lib/python3.12/site-packages/airflow/example_dags/example_branch_operator.py
[2024-06-24T03:56:06.021+0000] {processor.py:840} INFO - DAG(s) 'example_branch_operator' retrieved from /home/airflow/.local/lib/python3.12/site-packages/airflow/example_dags/example_branch_operator.py
[2024-06-24T03:56:06.458+0000] {logging_mixin.py:188} INFO - [2024-06-24T03:56:06.456+0000] {dag.py:3096} INFO - Sync 1 DAGs
[2024-06-24T03:56:06.809+0000] {logging_mixin.py:188} INFO - [2024-06-24T03:56:06.808+0000] {dag.py:3954} INFO - Setting next_dagrun for example_branch_operator to 2024-06-23 00:00:00+00:00, run_after=2024-06-24 00:00:00+00:00
[2024-06-24T03:56:07.608+0000] {processor.py:183} INFO - Processing /home/airflow/.local/lib/python3.12/site-packages/airflow/example_dags/example_branch_operator.py took 1.908 seconds
[2024-06-24T03:57:05.327+0000] {processor.py:161} INFO - Started process (PID=441) to work on /home/airflow/.local/lib/python3.12/site-packages/airflow/example_dags/example_branch_operator.py
[2024-06-24T03:57:05.346+0000] {processor.py:830} INFO - Processing file /home/airflow/.local/lib/python3.12/site-packages/airflow/example_dags/example_branch_operator.py for tasks to queue
[2024-06-24T03:57:05.375+0000] {logging_mixin.py:188} INFO - [2024-06-24T03:57:05.363+0000] {dagbag.py:545} INFO - Filling up the DagBag from /home/airflow/.local/lib/python3.12/site-packages/airflow/example_dags/example_branch_operator.py
[2024-06-24T03:57:05.694+0000] {processor.py:840} INFO - DAG(s) 'example_branch_operator' retrieved from /home/airflow/.local/lib/python3.12/site-packages/airflow/example_dags/example_branch_operator.py
[2024-06-24T03:57:06.239+0000] {logging_mixin.py:188} INFO - [2024-06-24T03:57:06.238+0000] {dag.py:3096} INFO - Sync 1 DAGs
[2024-06-24T03:57:06.653+0000] {logging_mixin.py:188} INFO - [2024-06-24T03:57:06.652+0000] {dag.py:3954} INFO - Setting next_dagrun for example_branch_operator to 2024-06-23 00:00:00+00:00, run_after=2024-06-24 00:00:00+00:00
[2024-06-24T03:57:06.954+0000] {processor.py:183} INFO - Processing /home/airflow/.local/lib/python3.12/site-packages/airflow/example_dags/example_branch_operator.py took 1.713 seconds
[2024-06-24T03:58:15.534+0000] {processor.py:161} INFO - Started process (PID=504) to work on /home/airflow/.local/lib/python3.12/site-packages/airflow/example_dags/example_branch_operator.py
[2024-06-24T03:58:15.646+0000] {processor.py:830} INFO - Processing file /home/airflow/.local/lib/python3.12/site-packages/airflow/example_dags/example_branch_operator.py for tasks to queue
[2024-06-24T03:58:15.666+0000] {logging_mixin.py:188} INFO - [2024-06-24T03:58:15.662+0000] {dagbag.py:545} INFO - Filling up the DagBag from /home/airflow/.local/lib/python3.12/site-packages/airflow/example_dags/example_branch_operator.py
[2024-06-24T03:58:15.910+0000] {processor.py:840} INFO - DAG(s) 'example_branch_operator' retrieved from /home/airflow/.local/lib/python3.12/site-packages/airflow/example_dags/example_branch_operator.py
[2024-06-24T03:58:16.392+0000] {logging_mixin.py:188} INFO - [2024-06-24T03:58:16.380+0000] {dag.py:3096} INFO - Sync 1 DAGs
[2024-06-24T03:58:16.775+0000] {logging_mixin.py:188} INFO - [2024-06-24T03:58:16.774+0000] {dag.py:3954} INFO - Setting next_dagrun for example_branch_operator to 2024-06-23 00:00:00+00:00, run_after=2024-06-24 00:00:00+00:00
[2024-06-24T03:58:17.693+0000] {processor.py:183} INFO - Processing /home/airflow/.local/lib/python3.12/site-packages/airflow/example_dags/example_branch_operator.py took 2.251 seconds
