[2024-06-24T03:52:31.085+0000] {processor.py:161} INFO - Started process (PID=50) to work on /home/airflow/.local/lib/python3.12/site-packages/airflow/example_dags/tutorial_dag.py
[2024-06-24T03:52:31.089+0000] {processor.py:830} INFO - Processing file /home/airflow/.local/lib/python3.12/site-packages/airflow/example_dags/tutorial_dag.py for tasks to queue
[2024-06-24T03:52:31.096+0000] {logging_mixin.py:188} INFO - [2024-06-24T03:52:31.095+0000] {dagbag.py:545} INFO - Filling up the DagBag from /home/airflow/.local/lib/python3.12/site-packages/airflow/example_dags/tutorial_dag.py
[2024-06-24T03:52:31.122+0000] {processor.py:840} INFO - DAG(s) 'tutorial_dag' retrieved from /home/airflow/.local/lib/python3.12/site-packages/airflow/example_dags/tutorial_dag.py
[2024-06-24T03:52:31.517+0000] {logging_mixin.py:188} INFO - [2024-06-24T03:52:31.515+0000] {override.py:1829} INFO - Created Permission View: can delete on DAG:tutorial_dag
[2024-06-24T03:52:31.553+0000] {logging_mixin.py:188} INFO - [2024-06-24T03:52:31.552+0000] {override.py:1829} INFO - Created Permission View: can edit on DAG:tutorial_dag
[2024-06-24T03:52:31.576+0000] {logging_mixin.py:188} INFO - [2024-06-24T03:52:31.575+0000] {override.py:1829} INFO - Created Permission View: can read on DAG:tutorial_dag
[2024-06-24T03:52:31.579+0000] {logging_mixin.py:188} INFO - [2024-06-24T03:52:31.578+0000] {dag.py:3096} INFO - Sync 1 DAGs
[2024-06-24T03:52:31.620+0000] {logging_mixin.py:188} INFO - [2024-06-24T03:52:31.620+0000] {dag.py:3118} INFO - Creating ORM DAG for tutorial_dag
[2024-06-24T03:52:31.623+0000] {logging_mixin.py:188} INFO - [2024-06-24T03:52:31.623+0000] {dag.py:3954} INFO - Setting next_dagrun for tutorial_dag to None, run_after=None
[2024-06-24T03:52:31.684+0000] {processor.py:183} INFO - Processing /home/airflow/.local/lib/python3.12/site-packages/airflow/example_dags/tutorial_dag.py took 0.614 seconds
[2024-06-24T03:53:01.762+0000] {processor.py:161} INFO - Started process (PID=110) to work on /home/airflow/.local/lib/python3.12/site-packages/airflow/example_dags/tutorial_dag.py
[2024-06-24T03:53:01.763+0000] {processor.py:830} INFO - Processing file /home/airflow/.local/lib/python3.12/site-packages/airflow/example_dags/tutorial_dag.py for tasks to queue
[2024-06-24T03:53:01.767+0000] {logging_mixin.py:188} INFO - [2024-06-24T03:53:01.766+0000] {dagbag.py:545} INFO - Filling up the DagBag from /home/airflow/.local/lib/python3.12/site-packages/airflow/example_dags/tutorial_dag.py
[2024-06-24T03:53:01.778+0000] {processor.py:840} INFO - DAG(s) 'tutorial_dag' retrieved from /home/airflow/.local/lib/python3.12/site-packages/airflow/example_dags/tutorial_dag.py
[2024-06-24T03:53:01.821+0000] {logging_mixin.py:188} INFO - [2024-06-24T03:53:01.820+0000] {dag.py:3096} INFO - Sync 1 DAGs
[2024-06-24T03:53:01.846+0000] {logging_mixin.py:188} INFO - [2024-06-24T03:53:01.846+0000] {dag.py:3954} INFO - Setting next_dagrun for tutorial_dag to None, run_after=None
[2024-06-24T03:53:01.885+0000] {processor.py:183} INFO - Processing /home/airflow/.local/lib/python3.12/site-packages/airflow/example_dags/tutorial_dag.py took 0.133 seconds
[2024-06-24T03:53:36.544+0000] {processor.py:161} INFO - Started process (PID=174) to work on /home/airflow/.local/lib/python3.12/site-packages/airflow/example_dags/tutorial_dag.py
[2024-06-24T03:53:36.548+0000] {processor.py:830} INFO - Processing file /home/airflow/.local/lib/python3.12/site-packages/airflow/example_dags/tutorial_dag.py for tasks to queue
[2024-06-24T03:53:36.556+0000] {logging_mixin.py:188} INFO - [2024-06-24T03:53:36.554+0000] {dagbag.py:545} INFO - Filling up the DagBag from /home/airflow/.local/lib/python3.12/site-packages/airflow/example_dags/tutorial_dag.py
[2024-06-24T03:53:36.577+0000] {processor.py:840} INFO - DAG(s) 'tutorial_dag' retrieved from /home/airflow/.local/lib/python3.12/site-packages/airflow/example_dags/tutorial_dag.py
[2024-06-24T03:53:36.658+0000] {logging_mixin.py:188} INFO - [2024-06-24T03:53:36.657+0000] {dag.py:3096} INFO - Sync 1 DAGs
[2024-06-24T03:53:36.722+0000] {logging_mixin.py:188} INFO - [2024-06-24T03:53:36.721+0000] {dag.py:3954} INFO - Setting next_dagrun for tutorial_dag to None, run_after=None
[2024-06-24T03:53:36.819+0000] {processor.py:183} INFO - Processing /home/airflow/.local/lib/python3.12/site-packages/airflow/example_dags/tutorial_dag.py took 0.296 seconds
[2024-06-24T03:54:28.190+0000] {processor.py:161} INFO - Started process (PID=233) to work on /home/airflow/.local/lib/python3.12/site-packages/airflow/example_dags/tutorial_dag.py
[2024-06-24T03:54:28.215+0000] {processor.py:830} INFO - Processing file /home/airflow/.local/lib/python3.12/site-packages/airflow/example_dags/tutorial_dag.py for tasks to queue
[2024-06-24T03:54:28.246+0000] {logging_mixin.py:188} INFO - [2024-06-24T03:54:28.244+0000] {dagbag.py:545} INFO - Filling up the DagBag from /home/airflow/.local/lib/python3.12/site-packages/airflow/example_dags/tutorial_dag.py
[2024-06-24T03:54:28.368+0000] {processor.py:840} INFO - DAG(s) 'tutorial_dag' retrieved from /home/airflow/.local/lib/python3.12/site-packages/airflow/example_dags/tutorial_dag.py
[2024-06-24T03:54:28.698+0000] {logging_mixin.py:188} INFO - [2024-06-24T03:54:28.697+0000] {dag.py:3096} INFO - Sync 1 DAGs
[2024-06-24T03:54:28.906+0000] {logging_mixin.py:188} INFO - [2024-06-24T03:54:28.905+0000] {dag.py:3954} INFO - Setting next_dagrun for tutorial_dag to None, run_after=None
[2024-06-24T03:54:29.171+0000] {processor.py:183} INFO - Processing /home/airflow/.local/lib/python3.12/site-packages/airflow/example_dags/tutorial_dag.py took 1.066 seconds
[2024-06-24T03:55:11.180+0000] {processor.py:161} INFO - Started process (PID=301) to work on /home/airflow/.local/lib/python3.12/site-packages/airflow/example_dags/tutorial_dag.py
[2024-06-24T03:55:11.185+0000] {processor.py:830} INFO - Processing file /home/airflow/.local/lib/python3.12/site-packages/airflow/example_dags/tutorial_dag.py for tasks to queue
[2024-06-24T03:55:11.200+0000] {logging_mixin.py:188} INFO - [2024-06-24T03:55:11.198+0000] {dagbag.py:545} INFO - Filling up the DagBag from /home/airflow/.local/lib/python3.12/site-packages/airflow/example_dags/tutorial_dag.py
[2024-06-24T03:55:11.225+0000] {processor.py:840} INFO - DAG(s) 'tutorial_dag' retrieved from /home/airflow/.local/lib/python3.12/site-packages/airflow/example_dags/tutorial_dag.py
[2024-06-24T03:55:11.399+0000] {logging_mixin.py:188} INFO - [2024-06-24T03:55:11.397+0000] {dag.py:3096} INFO - Sync 1 DAGs
[2024-06-24T03:55:11.474+0000] {logging_mixin.py:188} INFO - [2024-06-24T03:55:11.473+0000] {dag.py:3954} INFO - Setting next_dagrun for tutorial_dag to None, run_after=None
[2024-06-24T03:55:11.594+0000] {processor.py:183} INFO - Processing /home/airflow/.local/lib/python3.12/site-packages/airflow/example_dags/tutorial_dag.py took 0.445 seconds
[2024-06-24T03:55:48.226+0000] {processor.py:161} INFO - Started process (PID=363) to work on /home/airflow/.local/lib/python3.12/site-packages/airflow/example_dags/tutorial_dag.py
[2024-06-24T03:55:48.257+0000] {processor.py:830} INFO - Processing file /home/airflow/.local/lib/python3.12/site-packages/airflow/example_dags/tutorial_dag.py for tasks to queue
[2024-06-24T03:55:48.278+0000] {logging_mixin.py:188} INFO - [2024-06-24T03:55:48.276+0000] {dagbag.py:545} INFO - Filling up the DagBag from /home/airflow/.local/lib/python3.12/site-packages/airflow/example_dags/tutorial_dag.py
[2024-06-24T03:55:48.361+0000] {processor.py:840} INFO - DAG(s) 'tutorial_dag' retrieved from /home/airflow/.local/lib/python3.12/site-packages/airflow/example_dags/tutorial_dag.py
[2024-06-24T03:55:48.745+0000] {logging_mixin.py:188} INFO - [2024-06-24T03:55:48.744+0000] {dag.py:3096} INFO - Sync 1 DAGs
[2024-06-24T03:55:49.000+0000] {logging_mixin.py:188} INFO - [2024-06-24T03:55:48.999+0000] {dag.py:3954} INFO - Setting next_dagrun for tutorial_dag to None, run_after=None
[2024-06-24T03:55:49.280+0000] {processor.py:183} INFO - Processing /home/airflow/.local/lib/python3.12/site-packages/airflow/example_dags/tutorial_dag.py took 1.122 seconds
[2024-06-24T03:56:54.323+0000] {processor.py:161} INFO - Started process (PID=432) to work on /home/airflow/.local/lib/python3.12/site-packages/airflow/example_dags/tutorial_dag.py
[2024-06-24T03:56:54.352+0000] {processor.py:830} INFO - Processing file /home/airflow/.local/lib/python3.12/site-packages/airflow/example_dags/tutorial_dag.py for tasks to queue
[2024-06-24T03:56:54.369+0000] {logging_mixin.py:188} INFO - [2024-06-24T03:56:54.365+0000] {dagbag.py:545} INFO - Filling up the DagBag from /home/airflow/.local/lib/python3.12/site-packages/airflow/example_dags/tutorial_dag.py
[2024-06-24T03:56:54.463+0000] {processor.py:840} INFO - DAG(s) 'tutorial_dag' retrieved from /home/airflow/.local/lib/python3.12/site-packages/airflow/example_dags/tutorial_dag.py
[2024-06-24T03:56:54.706+0000] {logging_mixin.py:188} INFO - [2024-06-24T03:56:54.696+0000] {dag.py:3096} INFO - Sync 1 DAGs
[2024-06-24T03:56:54.852+0000] {logging_mixin.py:188} INFO - [2024-06-24T03:56:54.846+0000] {dag.py:3954} INFO - Setting next_dagrun for tutorial_dag to None, run_after=None
[2024-06-24T03:56:55.375+0000] {processor.py:183} INFO - Processing /home/airflow/.local/lib/python3.12/site-packages/airflow/example_dags/tutorial_dag.py took 1.086 seconds
[2024-06-24T03:58:06.451+0000] {processor.py:161} INFO - Started process (PID=495) to work on /home/airflow/.local/lib/python3.12/site-packages/airflow/example_dags/tutorial_dag.py
[2024-06-24T03:58:06.485+0000] {processor.py:830} INFO - Processing file /home/airflow/.local/lib/python3.12/site-packages/airflow/example_dags/tutorial_dag.py for tasks to queue
[2024-06-24T03:58:06.491+0000] {logging_mixin.py:188} INFO - [2024-06-24T03:58:06.490+0000] {dagbag.py:545} INFO - Filling up the DagBag from /home/airflow/.local/lib/python3.12/site-packages/airflow/example_dags/tutorial_dag.py
[2024-06-24T03:58:06.558+0000] {processor.py:840} INFO - DAG(s) 'tutorial_dag' retrieved from /home/airflow/.local/lib/python3.12/site-packages/airflow/example_dags/tutorial_dag.py
[2024-06-24T03:58:06.877+0000] {logging_mixin.py:188} INFO - [2024-06-24T03:58:06.875+0000] {dag.py:3096} INFO - Sync 1 DAGs
[2024-06-24T03:58:07.133+0000] {logging_mixin.py:188} INFO - [2024-06-24T03:58:07.132+0000] {dag.py:3954} INFO - Setting next_dagrun for tutorial_dag to None, run_after=None
[2024-06-24T03:58:07.543+0000] {processor.py:183} INFO - Processing /home/airflow/.local/lib/python3.12/site-packages/airflow/example_dags/tutorial_dag.py took 1.205 seconds
[2024-06-24T03:58:59.802+0000] {processor.py:161} INFO - Started process (PID=541) to work on /home/airflow/.local/lib/python3.12/site-packages/airflow/example_dags/tutorial_dag.py
[2024-06-24T03:58:59.826+0000] {processor.py:830} INFO - Processing file /home/airflow/.local/lib/python3.12/site-packages/airflow/example_dags/tutorial_dag.py for tasks to queue
[2024-06-24T03:58:59.844+0000] {logging_mixin.py:188} INFO - [2024-06-24T03:58:59.843+0000] {dagbag.py:545} INFO - Filling up the DagBag from /home/airflow/.local/lib/python3.12/site-packages/airflow/example_dags/tutorial_dag.py
[2024-06-24T03:58:59.860+0000] {processor.py:840} INFO - DAG(s) 'tutorial_dag' retrieved from /home/airflow/.local/lib/python3.12/site-packages/airflow/example_dags/tutorial_dag.py
[2024-06-24T03:59:00.162+0000] {logging_mixin.py:188} INFO - [2024-06-24T03:59:00.151+0000] {dag.py:3096} INFO - Sync 1 DAGs
[2024-06-24T03:59:00.310+0000] {logging_mixin.py:188} INFO - [2024-06-24T03:59:00.309+0000] {dag.py:3954} INFO - Setting next_dagrun for tutorial_dag to None, run_after=None
[2024-06-24T03:59:00.598+0000] {processor.py:183} INFO - Processing /home/airflow/.local/lib/python3.12/site-packages/airflow/example_dags/tutorial_dag.py took 0.865 seconds
[2024-06-24T04:00:26.218+0000] {processor.py:161} INFO - Started process (PID=609) to work on /home/airflow/.local/lib/python3.12/site-packages/airflow/example_dags/tutorial_dag.py
[2024-06-24T04:00:26.279+0000] {processor.py:830} INFO - Processing file /home/airflow/.local/lib/python3.12/site-packages/airflow/example_dags/tutorial_dag.py for tasks to queue
[2024-06-24T04:00:26.364+0000] {logging_mixin.py:188} INFO - [2024-06-24T04:00:26.286+0000] {dagbag.py:545} INFO - Filling up the DagBag from /home/airflow/.local/lib/python3.12/site-packages/airflow/example_dags/tutorial_dag.py
[2024-06-24T04:00:26.580+0000] {processor.py:840} INFO - DAG(s) 'tutorial_dag' retrieved from /home/airflow/.local/lib/python3.12/site-packages/airflow/example_dags/tutorial_dag.py
[2024-06-24T04:00:29.312+0000] {logging_mixin.py:188} INFO - [2024-06-24T04:00:29.293+0000] {dag.py:3096} INFO - Sync 1 DAGs
[2024-06-24T04:00:29.513+0000] {logging_mixin.py:188} INFO - [2024-06-24T04:00:29.512+0000] {dag.py:3954} INFO - Setting next_dagrun for tutorial_dag to None, run_after=None
[2024-06-24T04:00:29.742+0000] {processor.py:183} INFO - Processing /home/airflow/.local/lib/python3.12/site-packages/airflow/example_dags/tutorial_dag.py took 3.799 seconds
[2024-06-24T04:01:31.138+0000] {processor.py:161} INFO - Started process (PID=651) to work on /home/airflow/.local/lib/python3.12/site-packages/airflow/example_dags/tutorial_dag.py
[2024-06-24T04:01:31.144+0000] {processor.py:830} INFO - Processing file /home/airflow/.local/lib/python3.12/site-packages/airflow/example_dags/tutorial_dag.py for tasks to queue
[2024-06-24T04:01:31.152+0000] {logging_mixin.py:188} INFO - [2024-06-24T04:01:31.151+0000] {dagbag.py:545} INFO - Filling up the DagBag from /home/airflow/.local/lib/python3.12/site-packages/airflow/example_dags/tutorial_dag.py
[2024-06-24T04:01:31.235+0000] {processor.py:840} INFO - DAG(s) 'tutorial_dag' retrieved from /home/airflow/.local/lib/python3.12/site-packages/airflow/example_dags/tutorial_dag.py
[2024-06-24T04:01:31.739+0000] {logging_mixin.py:188} INFO - [2024-06-24T04:01:31.738+0000] {dag.py:3096} INFO - Sync 1 DAGs
[2024-06-24T04:01:32.064+0000] {logging_mixin.py:188} INFO - [2024-06-24T04:01:32.051+0000] {dag.py:3954} INFO - Setting next_dagrun for tutorial_dag to None, run_after=None
[2024-06-24T04:01:32.730+0000] {processor.py:183} INFO - Processing /home/airflow/.local/lib/python3.12/site-packages/airflow/example_dags/tutorial_dag.py took 1.668 seconds
[2024-06-24T04:02:19.715+0000] {processor.py:161} INFO - Started process (PID=699) to work on /home/airflow/.local/lib/python3.12/site-packages/airflow/example_dags/tutorial_dag.py
[2024-06-24T04:02:19.722+0000] {processor.py:830} INFO - Processing file /home/airflow/.local/lib/python3.12/site-packages/airflow/example_dags/tutorial_dag.py for tasks to queue
[2024-06-24T04:02:19.744+0000] {logging_mixin.py:188} INFO - [2024-06-24T04:02:19.742+0000] {dagbag.py:545} INFO - Filling up the DagBag from /home/airflow/.local/lib/python3.12/site-packages/airflow/example_dags/tutorial_dag.py
[2024-06-24T04:02:19.809+0000] {processor.py:840} INFO - DAG(s) 'tutorial_dag' retrieved from /home/airflow/.local/lib/python3.12/site-packages/airflow/example_dags/tutorial_dag.py
[2024-06-24T04:02:20.028+0000] {logging_mixin.py:188} INFO - [2024-06-24T04:02:20.027+0000] {dag.py:3096} INFO - Sync 1 DAGs
[2024-06-24T04:02:20.231+0000] {logging_mixin.py:188} INFO - [2024-06-24T04:02:20.229+0000] {dag.py:3954} INFO - Setting next_dagrun for tutorial_dag to None, run_after=None
[2024-06-24T04:02:20.528+0000] {processor.py:183} INFO - Processing /home/airflow/.local/lib/python3.12/site-packages/airflow/example_dags/tutorial_dag.py took 0.868 seconds
