[2024-06-24T03:52:40.026+0000] {processor.py:161} INFO - Started process (PID=74) to work on /home/airflow/.local/lib/python3.12/site-packages/airflow/example_dags/tutorial_taskflow_api.py
[2024-06-24T03:52:40.030+0000] {processor.py:830} INFO - Processing file /home/airflow/.local/lib/python3.12/site-packages/airflow/example_dags/tutorial_taskflow_api.py for tasks to queue
[2024-06-24T03:52:40.037+0000] {logging_mixin.py:188} INFO - [2024-06-24T03:52:40.035+0000] {dagbag.py:545} INFO - Filling up the DagBag from /home/airflow/.local/lib/python3.12/site-packages/airflow/example_dags/tutorial_taskflow_api.py
[2024-06-24T03:52:40.068+0000] {processor.py:840} INFO - DAG(s) 'tutorial_taskflow_api' retrieved from /home/airflow/.local/lib/python3.12/site-packages/airflow/example_dags/tutorial_taskflow_api.py
[2024-06-24T03:52:40.427+0000] {logging_mixin.py:188} INFO - [2024-06-24T03:52:40.424+0000] {override.py:1829} INFO - Created Permission View: can delete on DAG:tutorial_taskflow_api
[2024-06-24T03:52:40.467+0000] {logging_mixin.py:188} INFO - [2024-06-24T03:52:40.466+0000] {override.py:1829} INFO - Created Permission View: can edit on DAG:tutorial_taskflow_api
[2024-06-24T03:52:40.493+0000] {logging_mixin.py:188} INFO - [2024-06-24T03:52:40.492+0000] {override.py:1829} INFO - Created Permission View: can read on DAG:tutorial_taskflow_api
[2024-06-24T03:52:40.496+0000] {logging_mixin.py:188} INFO - [2024-06-24T03:52:40.495+0000] {dag.py:3096} INFO - Sync 1 DAGs
[2024-06-24T03:52:40.529+0000] {logging_mixin.py:188} INFO - [2024-06-24T03:52:40.528+0000] {dag.py:3118} INFO - Creating ORM DAG for tutorial_taskflow_api
[2024-06-24T03:52:40.533+0000] {logging_mixin.py:188} INFO - [2024-06-24T03:52:40.532+0000] {dag.py:3954} INFO - Setting next_dagrun for tutorial_taskflow_api to None, run_after=None
[2024-06-24T03:52:40.596+0000] {processor.py:183} INFO - Processing /home/airflow/.local/lib/python3.12/site-packages/airflow/example_dags/tutorial_taskflow_api.py took 0.588 seconds
[2024-06-24T03:53:10.871+0000] {processor.py:161} INFO - Started process (PID=136) to work on /home/airflow/.local/lib/python3.12/site-packages/airflow/example_dags/tutorial_taskflow_api.py
[2024-06-24T03:53:10.873+0000] {processor.py:830} INFO - Processing file /home/airflow/.local/lib/python3.12/site-packages/airflow/example_dags/tutorial_taskflow_api.py for tasks to queue
[2024-06-24T03:53:10.876+0000] {logging_mixin.py:188} INFO - [2024-06-24T03:53:10.876+0000] {dagbag.py:545} INFO - Filling up the DagBag from /home/airflow/.local/lib/python3.12/site-packages/airflow/example_dags/tutorial_taskflow_api.py
[2024-06-24T03:53:10.888+0000] {processor.py:840} INFO - DAG(s) 'tutorial_taskflow_api' retrieved from /home/airflow/.local/lib/python3.12/site-packages/airflow/example_dags/tutorial_taskflow_api.py
[2024-06-24T03:53:10.940+0000] {logging_mixin.py:188} INFO - [2024-06-24T03:53:10.940+0000] {dag.py:3096} INFO - Sync 1 DAGs
[2024-06-24T03:53:10.973+0000] {logging_mixin.py:188} INFO - [2024-06-24T03:53:10.972+0000] {dag.py:3954} INFO - Setting next_dagrun for tutorial_taskflow_api to None, run_after=None
[2024-06-24T03:53:11.019+0000] {processor.py:183} INFO - Processing /home/airflow/.local/lib/python3.12/site-packages/airflow/example_dags/tutorial_taskflow_api.py took 0.156 seconds
[2024-06-24T03:54:10.360+0000] {processor.py:161} INFO - Started process (PID=204) to work on /home/airflow/.local/lib/python3.12/site-packages/airflow/example_dags/tutorial_taskflow_api.py
[2024-06-24T03:54:10.375+0000] {processor.py:830} INFO - Processing file /home/airflow/.local/lib/python3.12/site-packages/airflow/example_dags/tutorial_taskflow_api.py for tasks to queue
[2024-06-24T03:54:10.385+0000] {logging_mixin.py:188} INFO - [2024-06-24T03:54:10.383+0000] {dagbag.py:545} INFO - Filling up the DagBag from /home/airflow/.local/lib/python3.12/site-packages/airflow/example_dags/tutorial_taskflow_api.py
[2024-06-24T03:54:10.507+0000] {processor.py:840} INFO - DAG(s) 'tutorial_taskflow_api' retrieved from /home/airflow/.local/lib/python3.12/site-packages/airflow/example_dags/tutorial_taskflow_api.py
[2024-06-24T03:54:10.693+0000] {logging_mixin.py:188} INFO - [2024-06-24T03:54:10.692+0000] {dag.py:3096} INFO - Sync 1 DAGs
[2024-06-24T03:54:10.770+0000] {logging_mixin.py:188} INFO - [2024-06-24T03:54:10.769+0000] {dag.py:3954} INFO - Setting next_dagrun for tutorial_taskflow_api to None, run_after=None
[2024-06-24T03:54:10.962+0000] {processor.py:183} INFO - Processing /home/airflow/.local/lib/python3.12/site-packages/airflow/example_dags/tutorial_taskflow_api.py took 0.669 seconds
[2024-06-24T03:54:47.440+0000] {processor.py:161} INFO - Started process (PID=266) to work on /home/airflow/.local/lib/python3.12/site-packages/airflow/example_dags/tutorial_taskflow_api.py
[2024-06-24T03:54:47.446+0000] {processor.py:830} INFO - Processing file /home/airflow/.local/lib/python3.12/site-packages/airflow/example_dags/tutorial_taskflow_api.py for tasks to queue
[2024-06-24T03:54:47.457+0000] {logging_mixin.py:188} INFO - [2024-06-24T03:54:47.455+0000] {dagbag.py:545} INFO - Filling up the DagBag from /home/airflow/.local/lib/python3.12/site-packages/airflow/example_dags/tutorial_taskflow_api.py
[2024-06-24T03:54:47.486+0000] {processor.py:840} INFO - DAG(s) 'tutorial_taskflow_api' retrieved from /home/airflow/.local/lib/python3.12/site-packages/airflow/example_dags/tutorial_taskflow_api.py
[2024-06-24T03:54:47.580+0000] {logging_mixin.py:188} INFO - [2024-06-24T03:54:47.579+0000] {dag.py:3096} INFO - Sync 1 DAGs
[2024-06-24T03:54:47.636+0000] {logging_mixin.py:188} INFO - [2024-06-24T03:54:47.636+0000] {dag.py:3954} INFO - Setting next_dagrun for tutorial_taskflow_api to None, run_after=None
[2024-06-24T03:54:47.735+0000] {processor.py:183} INFO - Processing /home/airflow/.local/lib/python3.12/site-packages/airflow/example_dags/tutorial_taskflow_api.py took 0.321 seconds
[2024-06-24T03:55:20.697+0000] {processor.py:161} INFO - Started process (PID=329) to work on /home/airflow/.local/lib/python3.12/site-packages/airflow/example_dags/tutorial_taskflow_api.py
[2024-06-24T03:55:20.701+0000] {processor.py:830} INFO - Processing file /home/airflow/.local/lib/python3.12/site-packages/airflow/example_dags/tutorial_taskflow_api.py for tasks to queue
[2024-06-24T03:55:20.710+0000] {logging_mixin.py:188} INFO - [2024-06-24T03:55:20.708+0000] {dagbag.py:545} INFO - Filling up the DagBag from /home/airflow/.local/lib/python3.12/site-packages/airflow/example_dags/tutorial_taskflow_api.py
[2024-06-24T03:55:20.739+0000] {processor.py:840} INFO - DAG(s) 'tutorial_taskflow_api' retrieved from /home/airflow/.local/lib/python3.12/site-packages/airflow/example_dags/tutorial_taskflow_api.py
[2024-06-24T03:55:20.836+0000] {logging_mixin.py:188} INFO - [2024-06-24T03:55:20.834+0000] {dag.py:3096} INFO - Sync 1 DAGs
[2024-06-24T03:55:20.918+0000] {logging_mixin.py:188} INFO - [2024-06-24T03:55:20.916+0000] {dag.py:3954} INFO - Setting next_dagrun for tutorial_taskflow_api to None, run_after=None
[2024-06-24T03:55:21.060+0000] {processor.py:183} INFO - Processing /home/airflow/.local/lib/python3.12/site-packages/airflow/example_dags/tutorial_taskflow_api.py took 0.388 seconds
[2024-06-24T03:56:22.989+0000] {processor.py:161} INFO - Started process (PID=397) to work on /home/airflow/.local/lib/python3.12/site-packages/airflow/example_dags/tutorial_taskflow_api.py
[2024-06-24T03:56:23.133+0000] {processor.py:830} INFO - Processing file /home/airflow/.local/lib/python3.12/site-packages/airflow/example_dags/tutorial_taskflow_api.py for tasks to queue
[2024-06-24T03:56:23.436+0000] {logging_mixin.py:188} INFO - [2024-06-24T03:56:23.434+0000] {dagbag.py:545} INFO - Filling up the DagBag from /home/airflow/.local/lib/python3.12/site-packages/airflow/example_dags/tutorial_taskflow_api.py
[2024-06-24T03:56:23.661+0000] {processor.py:840} INFO - DAG(s) 'tutorial_taskflow_api' retrieved from /home/airflow/.local/lib/python3.12/site-packages/airflow/example_dags/tutorial_taskflow_api.py
[2024-06-24T03:56:23.978+0000] {logging_mixin.py:188} INFO - [2024-06-24T03:56:23.976+0000] {dag.py:3096} INFO - Sync 1 DAGs
[2024-06-24T03:56:24.324+0000] {logging_mixin.py:188} INFO - [2024-06-24T03:56:24.312+0000] {dag.py:3954} INFO - Setting next_dagrun for tutorial_taskflow_api to None, run_after=None
[2024-06-24T03:56:24.731+0000] {processor.py:183} INFO - Processing /home/airflow/.local/lib/python3.12/site-packages/airflow/example_dags/tutorial_taskflow_api.py took 1.827 seconds
[2024-06-24T03:57:22.990+0000] {processor.py:161} INFO - Started process (PID=463) to work on /home/airflow/.local/lib/python3.12/site-packages/airflow/example_dags/tutorial_taskflow_api.py
[2024-06-24T03:57:23.010+0000] {processor.py:830} INFO - Processing file /home/airflow/.local/lib/python3.12/site-packages/airflow/example_dags/tutorial_taskflow_api.py for tasks to queue
[2024-06-24T03:57:23.035+0000] {logging_mixin.py:188} INFO - [2024-06-24T03:57:23.022+0000] {dagbag.py:545} INFO - Filling up the DagBag from /home/airflow/.local/lib/python3.12/site-packages/airflow/example_dags/tutorial_taskflow_api.py
[2024-06-24T03:57:23.165+0000] {processor.py:840} INFO - DAG(s) 'tutorial_taskflow_api' retrieved from /home/airflow/.local/lib/python3.12/site-packages/airflow/example_dags/tutorial_taskflow_api.py
[2024-06-24T03:57:24.194+0000] {logging_mixin.py:188} INFO - [2024-06-24T03:57:24.193+0000] {dag.py:3096} INFO - Sync 1 DAGs
[2024-06-24T03:57:24.735+0000] {logging_mixin.py:188} INFO - [2024-06-24T03:57:24.734+0000] {dag.py:3954} INFO - Setting next_dagrun for tutorial_taskflow_api to None, run_after=None
[2024-06-24T03:57:25.392+0000] {processor.py:183} INFO - Processing /home/airflow/.local/lib/python3.12/site-packages/airflow/example_dags/tutorial_taskflow_api.py took 2.568 seconds
[2024-06-24T03:59:05.343+0000] {processor.py:161} INFO - Started process (PID=545) to work on /home/airflow/.local/lib/python3.12/site-packages/airflow/example_dags/tutorial_taskflow_api.py
[2024-06-24T03:59:05.358+0000] {processor.py:830} INFO - Processing file /home/airflow/.local/lib/python3.12/site-packages/airflow/example_dags/tutorial_taskflow_api.py for tasks to queue
[2024-06-24T03:59:05.376+0000] {logging_mixin.py:188} INFO - [2024-06-24T03:59:05.375+0000] {dagbag.py:545} INFO - Filling up the DagBag from /home/airflow/.local/lib/python3.12/site-packages/airflow/example_dags/tutorial_taskflow_api.py
[2024-06-24T03:59:05.575+0000] {processor.py:840} INFO - DAG(s) 'tutorial_taskflow_api' retrieved from /home/airflow/.local/lib/python3.12/site-packages/airflow/example_dags/tutorial_taskflow_api.py
[2024-06-24T03:59:05.822+0000] {logging_mixin.py:188} INFO - [2024-06-24T03:59:05.821+0000] {dag.py:3096} INFO - Sync 1 DAGs
[2024-06-24T03:59:06.051+0000] {logging_mixin.py:188} INFO - [2024-06-24T03:59:06.050+0000] {dag.py:3954} INFO - Setting next_dagrun for tutorial_taskflow_api to None, run_after=None
[2024-06-24T03:59:06.359+0000] {processor.py:183} INFO - Processing /home/airflow/.local/lib/python3.12/site-packages/airflow/example_dags/tutorial_taskflow_api.py took 1.083 seconds
[2024-06-24T04:00:33.900+0000] {processor.py:161} INFO - Started process (PID=619) to work on /home/airflow/.local/lib/python3.12/site-packages/airflow/example_dags/tutorial_taskflow_api.py
[2024-06-24T04:00:33.915+0000] {processor.py:830} INFO - Processing file /home/airflow/.local/lib/python3.12/site-packages/airflow/example_dags/tutorial_taskflow_api.py for tasks to queue
[2024-06-24T04:00:33.923+0000] {logging_mixin.py:188} INFO - [2024-06-24T04:00:33.922+0000] {dagbag.py:545} INFO - Filling up the DagBag from /home/airflow/.local/lib/python3.12/site-packages/airflow/example_dags/tutorial_taskflow_api.py
[2024-06-24T04:00:34.002+0000] {processor.py:840} INFO - DAG(s) 'tutorial_taskflow_api' retrieved from /home/airflow/.local/lib/python3.12/site-packages/airflow/example_dags/tutorial_taskflow_api.py
[2024-06-24T04:00:35.037+0000] {logging_mixin.py:188} INFO - [2024-06-24T04:00:35.035+0000] {dag.py:3096} INFO - Sync 1 DAGs
[2024-06-24T04:00:35.441+0000] {logging_mixin.py:188} INFO - [2024-06-24T04:00:35.440+0000] {dag.py:3954} INFO - Setting next_dagrun for tutorial_taskflow_api to None, run_after=None
[2024-06-24T04:00:36.267+0000] {processor.py:183} INFO - Processing /home/airflow/.local/lib/python3.12/site-packages/airflow/example_dags/tutorial_taskflow_api.py took 2.447 seconds
[2024-06-24T04:02:25.543+0000] {processor.py:161} INFO - Started process (PID=705) to work on /home/airflow/.local/lib/python3.12/site-packages/airflow/example_dags/tutorial_taskflow_api.py
[2024-06-24T04:02:25.595+0000] {processor.py:830} INFO - Processing file /home/airflow/.local/lib/python3.12/site-packages/airflow/example_dags/tutorial_taskflow_api.py for tasks to queue
[2024-06-24T04:02:25.628+0000] {logging_mixin.py:188} INFO - [2024-06-24T04:02:25.626+0000] {dagbag.py:545} INFO - Filling up the DagBag from /home/airflow/.local/lib/python3.12/site-packages/airflow/example_dags/tutorial_taskflow_api.py
[2024-06-24T04:02:25.751+0000] {processor.py:840} INFO - DAG(s) 'tutorial_taskflow_api' retrieved from /home/airflow/.local/lib/python3.12/site-packages/airflow/example_dags/tutorial_taskflow_api.py
[2024-06-24T04:02:26.171+0000] {logging_mixin.py:188} INFO - [2024-06-24T04:02:26.169+0000] {dag.py:3096} INFO - Sync 1 DAGs
[2024-06-24T04:02:26.394+0000] {logging_mixin.py:188} INFO - [2024-06-24T04:02:26.393+0000] {dag.py:3954} INFO - Setting next_dagrun for tutorial_taskflow_api to None, run_after=None
[2024-06-24T04:02:26.745+0000] {processor.py:183} INFO - Processing /home/airflow/.local/lib/python3.12/site-packages/airflow/example_dags/tutorial_taskflow_api.py took 1.282 seconds
