[2024-06-26T07:09:56.266+0000] {processor.py:161} INFO - Started process (PID=2919) to work on /opt/airflow/dags/allogistic.py
[2024-06-26T07:09:56.316+0000] {processor.py:830} INFO - Processing file /opt/airflow/dags/allogistic.py for tasks to queue
[2024-06-26T07:09:56.361+0000] {logging_mixin.py:188} INFO - [2024-06-26T07:09:56.354+0000] {dagbag.py:545} INFO - Filling up the DagBag from /opt/airflow/dags/allogistic.py
[2024-06-26T07:09:57.010+0000] {logging_mixin.py:188} INFO - [2024-06-26T07:09:56.739+0000] {dagbag.py:355} ERROR - Failed to import: /opt/airflow/dags/allogistic.py
Traceback (most recent call last):
  File "/home/airflow/.local/lib/python3.12/site-packages/airflow/models/dagbag.py", line 351, in parse
    loader.exec_module(new_module)
  File "<frozen importlib._bootstrap_external>", line 995, in exec_module
  File "<frozen importlib._bootstrap>", line 488, in _call_with_frames_removed
  File "/opt/airflow/dags/allogistic.py", line 5, in <module>
    import papermill as pm
ModuleNotFoundError: No module named 'papermill'
[2024-06-26T07:09:57.189+0000] {processor.py:842} WARNING - No viable dags retrieved from /opt/airflow/dags/allogistic.py
[2024-06-26T07:09:57.554+0000] {processor.py:183} INFO - Processing /opt/airflow/dags/allogistic.py took 1.374 seconds
[2024-06-26T07:10:41.968+0000] {processor.py:161} INFO - Started process (PID=2970) to work on /opt/airflow/dags/allogistic.py
[2024-06-26T07:10:41.972+0000] {processor.py:830} INFO - Processing file /opt/airflow/dags/allogistic.py for tasks to queue
[2024-06-26T07:10:41.987+0000] {logging_mixin.py:188} INFO - [2024-06-26T07:10:41.985+0000] {dagbag.py:545} INFO - Filling up the DagBag from /opt/airflow/dags/allogistic.py
[2024-06-26T07:10:42.316+0000] {logging_mixin.py:188} INFO - [2024-06-26T07:10:42.277+0000] {dagbag.py:355} ERROR - Failed to import: /opt/airflow/dags/allogistic.py
Traceback (most recent call last):
  File "/home/airflow/.local/lib/python3.12/site-packages/airflow/models/dagbag.py", line 351, in parse
    loader.exec_module(new_module)
  File "<frozen importlib._bootstrap_external>", line 995, in exec_module
  File "<frozen importlib._bootstrap>", line 488, in _call_with_frames_removed
  File "/opt/airflow/dags/allogistic.py", line 5, in <module>
    import papermill as pm
ModuleNotFoundError: No module named 'papermill'
[2024-06-26T07:10:42.329+0000] {processor.py:842} WARNING - No viable dags retrieved from /opt/airflow/dags/allogistic.py
[2024-06-26T07:10:42.475+0000] {processor.py:183} INFO - Processing /opt/airflow/dags/allogistic.py took 0.560 seconds
[2024-06-26T07:11:13.122+0000] {processor.py:161} INFO - Started process (PID=3031) to work on /opt/airflow/dags/allogistic.py
[2024-06-26T07:11:13.127+0000] {processor.py:830} INFO - Processing file /opt/airflow/dags/allogistic.py for tasks to queue
[2024-06-26T07:11:13.132+0000] {logging_mixin.py:188} INFO - [2024-06-26T07:11:13.130+0000] {dagbag.py:545} INFO - Filling up the DagBag from /opt/airflow/dags/allogistic.py
[2024-06-26T07:11:13.264+0000] {logging_mixin.py:188} INFO - [2024-06-26T07:11:13.229+0000] {dagbag.py:355} ERROR - Failed to import: /opt/airflow/dags/allogistic.py
Traceback (most recent call last):
  File "/home/airflow/.local/lib/python3.12/site-packages/airflow/models/dagbag.py", line 351, in parse
    loader.exec_module(new_module)
  File "<frozen importlib._bootstrap_external>", line 995, in exec_module
  File "<frozen importlib._bootstrap>", line 488, in _call_with_frames_removed
  File "/opt/airflow/dags/allogistic.py", line 5, in <module>
    import papermill as pm
ModuleNotFoundError: No module named 'papermill'
[2024-06-26T07:11:13.270+0000] {processor.py:842} WARNING - No viable dags retrieved from /opt/airflow/dags/allogistic.py
[2024-06-26T07:11:13.365+0000] {processor.py:183} INFO - Processing /opt/airflow/dags/allogistic.py took 0.275 seconds
[2024-06-26T07:11:49.178+0000] {processor.py:161} INFO - Started process (PID=3092) to work on /opt/airflow/dags/allogistic.py
[2024-06-26T07:11:49.182+0000] {processor.py:830} INFO - Processing file /opt/airflow/dags/allogistic.py for tasks to queue
[2024-06-26T07:11:49.187+0000] {logging_mixin.py:188} INFO - [2024-06-26T07:11:49.185+0000] {dagbag.py:545} INFO - Filling up the DagBag from /opt/airflow/dags/allogistic.py
[2024-06-26T07:11:49.286+0000] {logging_mixin.py:188} INFO - [2024-06-26T07:11:49.264+0000] {dagbag.py:355} ERROR - Failed to import: /opt/airflow/dags/allogistic.py
Traceback (most recent call last):
  File "/home/airflow/.local/lib/python3.12/site-packages/airflow/models/dagbag.py", line 351, in parse
    loader.exec_module(new_module)
  File "<frozen importlib._bootstrap_external>", line 995, in exec_module
  File "<frozen importlib._bootstrap>", line 488, in _call_with_frames_removed
  File "/opt/airflow/dags/allogistic.py", line 5, in <module>
    import papermill as pm
ModuleNotFoundError: No module named 'papermill'
[2024-06-26T07:11:49.297+0000] {processor.py:842} WARNING - No viable dags retrieved from /opt/airflow/dags/allogistic.py
[2024-06-26T07:11:49.400+0000] {processor.py:183} INFO - Processing /opt/airflow/dags/allogistic.py took 0.248 seconds
[2024-06-26T07:12:20.691+0000] {processor.py:161} INFO - Started process (PID=3150) to work on /opt/airflow/dags/allogistic.py
[2024-06-26T07:12:20.755+0000] {processor.py:830} INFO - Processing file /opt/airflow/dags/allogistic.py for tasks to queue
[2024-06-26T07:12:20.788+0000] {logging_mixin.py:188} INFO - [2024-06-26T07:12:20.786+0000] {dagbag.py:545} INFO - Filling up the DagBag from /opt/airflow/dags/allogistic.py
[2024-06-26T07:12:22.211+0000] {logging_mixin.py:188} INFO - [2024-06-26T07:12:21.974+0000] {dagbag.py:355} ERROR - Failed to import: /opt/airflow/dags/allogistic.py
Traceback (most recent call last):
  File "/home/airflow/.local/lib/python3.12/site-packages/airflow/models/dagbag.py", line 351, in parse
    loader.exec_module(new_module)
  File "<frozen importlib._bootstrap_external>", line 995, in exec_module
  File "<frozen importlib._bootstrap>", line 488, in _call_with_frames_removed
  File "/opt/airflow/dags/allogistic.py", line 5, in <module>
    import papermill as pm
ModuleNotFoundError: No module named 'papermill'
[2024-06-26T07:12:22.217+0000] {processor.py:842} WARNING - No viable dags retrieved from /opt/airflow/dags/allogistic.py
[2024-06-26T07:12:22.387+0000] {processor.py:183} INFO - Processing /opt/airflow/dags/allogistic.py took 1.788 seconds
[2024-06-26T07:13:10.364+0000] {processor.py:161} INFO - Started process (PID=3212) to work on /opt/airflow/dags/allogistic.py
[2024-06-26T07:13:10.406+0000] {processor.py:830} INFO - Processing file /opt/airflow/dags/allogistic.py for tasks to queue
[2024-06-26T07:13:10.420+0000] {logging_mixin.py:188} INFO - [2024-06-26T07:13:10.410+0000] {dagbag.py:545} INFO - Filling up the DagBag from /opt/airflow/dags/allogistic.py
[2024-06-26T07:13:10.994+0000] {logging_mixin.py:188} INFO - [2024-06-26T07:13:10.812+0000] {dagbag.py:355} ERROR - Failed to import: /opt/airflow/dags/allogistic.py
Traceback (most recent call last):
  File "/home/airflow/.local/lib/python3.12/site-packages/airflow/models/dagbag.py", line 351, in parse
    loader.exec_module(new_module)
  File "<frozen importlib._bootstrap_external>", line 995, in exec_module
  File "<frozen importlib._bootstrap>", line 488, in _call_with_frames_removed
  File "/opt/airflow/dags/allogistic.py", line 5, in <module>
    import papermill as pm
ModuleNotFoundError: No module named 'papermill'
[2024-06-26T07:13:11.010+0000] {processor.py:842} WARNING - No viable dags retrieved from /opt/airflow/dags/allogistic.py
[2024-06-26T07:13:11.194+0000] {processor.py:183} INFO - Processing /opt/airflow/dags/allogistic.py took 0.915 seconds
[2024-06-26T07:13:41.707+0000] {processor.py:161} INFO - Started process (PID=3273) to work on /opt/airflow/dags/allogistic.py
[2024-06-26T07:13:41.708+0000] {processor.py:830} INFO - Processing file /opt/airflow/dags/allogistic.py for tasks to queue
[2024-06-26T07:13:41.709+0000] {logging_mixin.py:188} INFO - [2024-06-26T07:13:41.709+0000] {dagbag.py:545} INFO - Filling up the DagBag from /opt/airflow/dags/allogistic.py
[2024-06-26T07:13:41.722+0000] {logging_mixin.py:188} INFO - [2024-06-26T07:13:41.719+0000] {dagbag.py:355} ERROR - Failed to import: /opt/airflow/dags/allogistic.py
Traceback (most recent call last):
  File "/home/airflow/.local/lib/python3.12/site-packages/airflow/models/dagbag.py", line 351, in parse
    loader.exec_module(new_module)
  File "<frozen importlib._bootstrap_external>", line 995, in exec_module
  File "<frozen importlib._bootstrap>", line 488, in _call_with_frames_removed
  File "/opt/airflow/dags/allogistic.py", line 5, in <module>
    import papermill as pm
ModuleNotFoundError: No module named 'papermill'
[2024-06-26T07:13:41.723+0000] {processor.py:842} WARNING - No viable dags retrieved from /opt/airflow/dags/allogistic.py
[2024-06-26T07:13:41.739+0000] {processor.py:183} INFO - Processing /opt/airflow/dags/allogistic.py took 0.036 seconds
[2024-06-26T07:14:12.024+0000] {processor.py:161} INFO - Started process (PID=3336) to work on /opt/airflow/dags/allogistic.py
[2024-06-26T07:14:12.025+0000] {processor.py:830} INFO - Processing file /opt/airflow/dags/allogistic.py for tasks to queue
[2024-06-26T07:14:12.027+0000] {logging_mixin.py:188} INFO - [2024-06-26T07:14:12.026+0000] {dagbag.py:545} INFO - Filling up the DagBag from /opt/airflow/dags/allogistic.py
[2024-06-26T07:14:12.046+0000] {logging_mixin.py:188} INFO - [2024-06-26T07:14:12.042+0000] {dagbag.py:355} ERROR - Failed to import: /opt/airflow/dags/allogistic.py
Traceback (most recent call last):
  File "/home/airflow/.local/lib/python3.12/site-packages/airflow/models/dagbag.py", line 351, in parse
    loader.exec_module(new_module)
  File "<frozen importlib._bootstrap_external>", line 995, in exec_module
  File "<frozen importlib._bootstrap>", line 488, in _call_with_frames_removed
  File "/opt/airflow/dags/allogistic.py", line 5, in <module>
    import papermill as pm
ModuleNotFoundError: No module named 'papermill'
[2024-06-26T07:14:12.048+0000] {processor.py:842} WARNING - No viable dags retrieved from /opt/airflow/dags/allogistic.py
[2024-06-26T07:14:12.071+0000] {processor.py:183} INFO - Processing /opt/airflow/dags/allogistic.py took 0.053 seconds
[2024-06-26T07:14:42.580+0000] {processor.py:161} INFO - Started process (PID=3399) to work on /opt/airflow/dags/allogistic.py
[2024-06-26T07:14:42.582+0000] {processor.py:830} INFO - Processing file /opt/airflow/dags/allogistic.py for tasks to queue
[2024-06-26T07:14:42.583+0000] {logging_mixin.py:188} INFO - [2024-06-26T07:14:42.583+0000] {dagbag.py:545} INFO - Filling up the DagBag from /opt/airflow/dags/allogistic.py
[2024-06-26T07:14:42.611+0000] {logging_mixin.py:188} INFO - [2024-06-26T07:14:42.606+0000] {dagbag.py:355} ERROR - Failed to import: /opt/airflow/dags/allogistic.py
Traceback (most recent call last):
  File "/home/airflow/.local/lib/python3.12/site-packages/airflow/models/dagbag.py", line 351, in parse
    loader.exec_module(new_module)
  File "<frozen importlib._bootstrap_external>", line 995, in exec_module
  File "<frozen importlib._bootstrap>", line 488, in _call_with_frames_removed
  File "/opt/airflow/dags/allogistic.py", line 5, in <module>
    import papermill as pm
ModuleNotFoundError: No module named 'papermill'
[2024-06-26T07:14:42.614+0000] {processor.py:842} WARNING - No viable dags retrieved from /opt/airflow/dags/allogistic.py
[2024-06-26T07:14:42.640+0000] {processor.py:183} INFO - Processing /opt/airflow/dags/allogistic.py took 0.069 seconds
[2024-06-26T07:15:14.355+0000] {processor.py:161} INFO - Started process (PID=3458) to work on /opt/airflow/dags/allogistic.py
[2024-06-26T07:15:14.362+0000] {processor.py:830} INFO - Processing file /opt/airflow/dags/allogistic.py for tasks to queue
[2024-06-26T07:15:14.396+0000] {logging_mixin.py:188} INFO - [2024-06-26T07:15:14.394+0000] {dagbag.py:545} INFO - Filling up the DagBag from /opt/airflow/dags/allogistic.py
[2024-06-26T07:15:14.999+0000] {logging_mixin.py:188} INFO - [2024-06-26T07:15:14.901+0000] {dagbag.py:355} ERROR - Failed to import: /opt/airflow/dags/allogistic.py
Traceback (most recent call last):
  File "/home/airflow/.local/lib/python3.12/site-packages/airflow/models/dagbag.py", line 351, in parse
    loader.exec_module(new_module)
  File "<frozen importlib._bootstrap_external>", line 995, in exec_module
  File "<frozen importlib._bootstrap>", line 488, in _call_with_frames_removed
  File "/opt/airflow/dags/allogistic.py", line 5, in <module>
    import papermill as pm
ModuleNotFoundError: No module named 'papermill'
[2024-06-26T07:15:15.019+0000] {processor.py:842} WARNING - No viable dags retrieved from /opt/airflow/dags/allogistic.py
[2024-06-26T07:15:15.254+0000] {processor.py:183} INFO - Processing /opt/airflow/dags/allogistic.py took 0.955 seconds
[2024-06-26T07:15:48.515+0000] {processor.py:161} INFO - Started process (PID=3503) to work on /opt/airflow/dags/allogistic.py
[2024-06-26T07:15:48.530+0000] {processor.py:830} INFO - Processing file /opt/airflow/dags/allogistic.py for tasks to queue
[2024-06-26T07:15:48.546+0000] {logging_mixin.py:188} INFO - [2024-06-26T07:15:48.545+0000] {dagbag.py:545} INFO - Filling up the DagBag from /opt/airflow/dags/allogistic.py
[2024-06-26T07:15:48.989+0000] {logging_mixin.py:188} INFO - [2024-06-26T07:15:48.969+0000] {dagbag.py:355} ERROR - Failed to import: /opt/airflow/dags/allogistic.py
Traceback (most recent call last):
  File "/home/airflow/.local/lib/python3.12/site-packages/airflow/models/dagbag.py", line 351, in parse
    loader.exec_module(new_module)
  File "<frozen importlib._bootstrap_external>", line 995, in exec_module
  File "<frozen importlib._bootstrap>", line 488, in _call_with_frames_removed
  File "/opt/airflow/dags/allogistic.py", line 5, in <module>
    import papermill as pm
ModuleNotFoundError: No module named 'papermill'
[2024-06-26T07:15:48.998+0000] {processor.py:842} WARNING - No viable dags retrieved from /opt/airflow/dags/allogistic.py
[2024-06-26T07:15:49.471+0000] {processor.py:183} INFO - Processing /opt/airflow/dags/allogistic.py took 1.022 seconds
[2024-06-26T07:16:31.532+0000] {processor.py:161} INFO - Started process (PID=3562) to work on /opt/airflow/dags/allogistic.py
[2024-06-26T07:16:31.560+0000] {processor.py:830} INFO - Processing file /opt/airflow/dags/allogistic.py for tasks to queue
[2024-06-26T07:16:31.565+0000] {logging_mixin.py:188} INFO - [2024-06-26T07:16:31.564+0000] {dagbag.py:545} INFO - Filling up the DagBag from /opt/airflow/dags/allogistic.py
[2024-06-26T07:16:32.096+0000] {logging_mixin.py:188} INFO - [2024-06-26T07:16:32.044+0000] {dagbag.py:355} ERROR - Failed to import: /opt/airflow/dags/allogistic.py
Traceback (most recent call last):
  File "/home/airflow/.local/lib/python3.12/site-packages/airflow/models/dagbag.py", line 351, in parse
    loader.exec_module(new_module)
  File "<frozen importlib._bootstrap_external>", line 995, in exec_module
  File "<frozen importlib._bootstrap>", line 488, in _call_with_frames_removed
  File "/opt/airflow/dags/allogistic.py", line 5, in <module>
    import papermill as pm
ModuleNotFoundError: No module named 'papermill'
[2024-06-26T07:16:32.128+0000] {processor.py:842} WARNING - No viable dags retrieved from /opt/airflow/dags/allogistic.py
[2024-06-26T07:16:32.323+0000] {processor.py:183} INFO - Processing /opt/airflow/dags/allogistic.py took 0.876 seconds
[2024-06-26T07:39:05.191+0000] {processor.py:161} INFO - Started process (PID=44) to work on /opt/airflow/dags/allogistic.py
[2024-06-26T07:39:05.196+0000] {processor.py:830} INFO - Processing file /opt/airflow/dags/allogistic.py for tasks to queue
[2024-06-26T07:39:05.203+0000] {logging_mixin.py:188} INFO - [2024-06-26T07:39:05.202+0000] {dagbag.py:545} INFO - Filling up the DagBag from /opt/airflow/dags/allogistic.py
[2024-06-26T07:39:09.686+0000] {processor.py:840} INFO - DAG(s) 'update_allogistic' retrieved from /opt/airflow/dags/allogistic.py
[2024-06-26T07:39:10.700+0000] {logging_mixin.py:188} INFO - [2024-06-26T07:39:10.698+0000] {override.py:1829} INFO - Created Permission View: can delete on DAG:update_allogistic
[2024-06-26T07:39:10.740+0000] {logging_mixin.py:188} INFO - [2024-06-26T07:39:10.739+0000] {override.py:1829} INFO - Created Permission View: can read on DAG:update_allogistic
[2024-06-26T07:39:10.764+0000] {logging_mixin.py:188} INFO - [2024-06-26T07:39:10.763+0000] {override.py:1829} INFO - Created Permission View: can edit on DAG:update_allogistic
[2024-06-26T07:39:10.766+0000] {logging_mixin.py:188} INFO - [2024-06-26T07:39:10.765+0000] {dag.py:3096} INFO - Sync 1 DAGs
[2024-06-26T07:39:10.804+0000] {logging_mixin.py:188} INFO - [2024-06-26T07:39:10.803+0000] {dag.py:3118} INFO - Creating ORM DAG for update_allogistic
[2024-06-26T07:39:10.833+0000] {logging_mixin.py:188} INFO - [2024-06-26T07:39:10.832+0000] {dag.py:3954} INFO - Setting next_dagrun for update_allogistic to 2024-06-26 06:00:00+00:00, run_after=2024-06-26 07:00:00+00:00
[2024-06-26T07:39:10.915+0000] {processor.py:183} INFO - Processing /opt/airflow/dags/allogistic.py took 5.749 seconds
[2024-06-26T07:39:41.758+0000] {processor.py:161} INFO - Started process (PID=112) to work on /opt/airflow/dags/allogistic.py
[2024-06-26T07:39:41.761+0000] {processor.py:830} INFO - Processing file /opt/airflow/dags/allogistic.py for tasks to queue
[2024-06-26T07:39:41.764+0000] {logging_mixin.py:188} INFO - [2024-06-26T07:39:41.763+0000] {dagbag.py:545} INFO - Filling up the DagBag from /opt/airflow/dags/allogistic.py
[2024-06-26T07:39:42.634+0000] {processor.py:840} INFO - DAG(s) 'update_allogistic' retrieved from /opt/airflow/dags/allogistic.py
[2024-06-26T07:39:42.660+0000] {logging_mixin.py:188} INFO - [2024-06-26T07:39:42.660+0000] {dag.py:3096} INFO - Sync 1 DAGs
[2024-06-26T07:39:42.692+0000] {logging_mixin.py:188} INFO - [2024-06-26T07:39:42.691+0000] {dag.py:3954} INFO - Setting next_dagrun for update_allogistic to 2024-06-26 06:00:00+00:00, run_after=2024-06-26 07:00:00+00:00
[2024-06-26T07:39:42.724+0000] {processor.py:183} INFO - Processing /opt/airflow/dags/allogistic.py took 0.977 seconds
[2024-06-26T07:40:28.097+0000] {processor.py:161} INFO - Started process (PID=187) to work on /opt/airflow/dags/allogistic.py
[2024-06-26T07:40:28.189+0000] {processor.py:830} INFO - Processing file /opt/airflow/dags/allogistic.py for tasks to queue
[2024-06-26T07:40:28.206+0000] {logging_mixin.py:188} INFO - [2024-06-26T07:40:28.205+0000] {dagbag.py:545} INFO - Filling up the DagBag from /opt/airflow/dags/allogistic.py
[2024-06-26T07:40:40.249+0000] {processor.py:840} INFO - DAG(s) 'update_allogistic' retrieved from /opt/airflow/dags/allogistic.py
[2024-06-26T07:40:40.449+0000] {logging_mixin.py:188} INFO - [2024-06-26T07:40:40.448+0000] {dag.py:3096} INFO - Sync 1 DAGs
[2024-06-26T07:40:40.705+0000] {logging_mixin.py:188} INFO - [2024-06-26T07:40:40.704+0000] {dag.py:3954} INFO - Setting next_dagrun for update_allogistic to 2024-06-26 07:00:00+00:00, run_after=2024-06-26 08:00:00+00:00
[2024-06-26T07:40:40.905+0000] {processor.py:183} INFO - Processing /opt/airflow/dags/allogistic.py took 12.884 seconds
[2024-06-26T07:41:20.710+0000] {processor.py:161} INFO - Started process (PID=239) to work on /opt/airflow/dags/allogistic.py
[2024-06-26T07:41:20.725+0000] {processor.py:830} INFO - Processing file /opt/airflow/dags/allogistic.py for tasks to queue
[2024-06-26T07:41:20.811+0000] {logging_mixin.py:188} INFO - [2024-06-26T07:41:20.809+0000] {dagbag.py:545} INFO - Filling up the DagBag from /opt/airflow/dags/allogistic.py
[2024-06-26T07:41:30.656+0000] {processor.py:840} INFO - DAG(s) 'update_allogistic' retrieved from /opt/airflow/dags/allogistic.py
[2024-06-26T07:41:30.912+0000] {logging_mixin.py:188} INFO - [2024-06-26T07:41:30.900+0000] {dag.py:3096} INFO - Sync 1 DAGs
[2024-06-26T07:41:31.389+0000] {logging_mixin.py:188} INFO - [2024-06-26T07:41:31.388+0000] {dag.py:3954} INFO - Setting next_dagrun for update_allogistic to 2024-06-26 07:00:00+00:00, run_after=2024-06-26 08:00:00+00:00
[2024-06-26T07:41:32.011+0000] {processor.py:183} INFO - Processing /opt/airflow/dags/allogistic.py took 11.361 seconds
[2024-06-26T07:42:04.649+0000] {processor.py:161} INFO - Started process (PID=281) to work on /opt/airflow/dags/allogistic.py
[2024-06-26T07:42:04.724+0000] {processor.py:830} INFO - Processing file /opt/airflow/dags/allogistic.py for tasks to queue
[2024-06-26T07:42:05.494+0000] {logging_mixin.py:188} INFO - [2024-06-26T07:42:05.493+0000] {dagbag.py:545} INFO - Filling up the DagBag from /opt/airflow/dags/allogistic.py
[2024-06-26T07:42:17.637+0000] {processor.py:840} INFO - DAG(s) 'update_allogistic' retrieved from /opt/airflow/dags/allogistic.py
[2024-06-26T07:42:17.919+0000] {logging_mixin.py:188} INFO - [2024-06-26T07:42:17.917+0000] {dag.py:3096} INFO - Sync 1 DAGs
[2024-06-26T07:42:18.240+0000] {logging_mixin.py:188} INFO - [2024-06-26T07:42:18.238+0000] {dag.py:3954} INFO - Setting next_dagrun for update_allogistic to 2024-06-26 07:00:00+00:00, run_after=2024-06-26 08:00:00+00:00
[2024-06-26T07:42:19.194+0000] {processor.py:183} INFO - Processing /opt/airflow/dags/allogistic.py took 14.618 seconds
[2024-06-26T07:42:55.802+0000] {processor.py:161} INFO - Started process (PID=320) to work on /opt/airflow/dags/allogistic.py
[2024-06-26T07:42:55.857+0000] {processor.py:830} INFO - Processing file /opt/airflow/dags/allogistic.py for tasks to queue
[2024-06-26T07:42:55.972+0000] {logging_mixin.py:188} INFO - [2024-06-26T07:42:55.970+0000] {dagbag.py:545} INFO - Filling up the DagBag from /opt/airflow/dags/allogistic.py
[2024-06-26T07:43:10.629+0000] {processor.py:840} INFO - DAG(s) 'update_allogistic' retrieved from /opt/airflow/dags/allogistic.py
[2024-06-26T07:43:11.005+0000] {logging_mixin.py:188} INFO - [2024-06-26T07:43:10.993+0000] {dag.py:3096} INFO - Sync 1 DAGs
[2024-06-26T07:43:11.328+0000] {logging_mixin.py:188} INFO - [2024-06-26T07:43:11.327+0000] {dag.py:3954} INFO - Setting next_dagrun for update_allogistic to 2024-06-26 07:00:00+00:00, run_after=2024-06-26 08:00:00+00:00
[2024-06-26T07:43:13.185+0000] {processor.py:183} INFO - Processing /opt/airflow/dags/allogistic.py took 17.436 seconds
[2024-06-26T07:46:12.730+0000] {processor.py:161} INFO - Started process (PID=387) to work on /opt/airflow/dags/allogistic.py
[2024-06-26T07:46:12.746+0000] {processor.py:830} INFO - Processing file /opt/airflow/dags/allogistic.py for tasks to queue
[2024-06-26T07:46:12.758+0000] {logging_mixin.py:188} INFO - [2024-06-26T07:46:12.756+0000] {dagbag.py:545} INFO - Filling up the DagBag from /opt/airflow/dags/allogistic.py
[2024-06-26T07:46:42.867+0000] {processor.py:840} INFO - DAG(s) 'update_allogistic' retrieved from /opt/airflow/dags/allogistic.py
[2024-06-26T07:46:43.579+0000] {logging_mixin.py:188} INFO - [2024-06-26T07:46:43.577+0000] {dag.py:3096} INFO - Sync 1 DAGs
[2024-06-26T07:46:44.002+0000] {logging_mixin.py:188} INFO - [2024-06-26T07:46:44.002+0000] {dag.py:3954} INFO - Setting next_dagrun for update_allogistic to 2024-06-26 07:00:00+00:00, run_after=2024-06-26 08:00:00+00:00
[2024-06-26T07:46:44.971+0000] {processor.py:183} INFO - Processing /opt/airflow/dags/allogistic.py took 32.504 seconds
