[2024-06-26T06:06:33.412+0000] {processor.py:161} INFO - Started process (PID=120) to work on /home/airflow/.local/lib/python3.12/site-packages/airflow/example_dags/example_kubernetes_executor.py
[2024-06-26T06:06:33.424+0000] {processor.py:830} INFO - Processing file /home/airflow/.local/lib/python3.12/site-packages/airflow/example_dags/example_kubernetes_executor.py for tasks to queue
[2024-06-26T06:06:33.447+0000] {logging_mixin.py:188} INFO - [2024-06-26T06:06:33.445+0000] {dagbag.py:545} INFO - Filling up the DagBag from /home/airflow/.local/lib/python3.12/site-packages/airflow/example_dags/example_kubernetes_executor.py
[2024-06-26T06:06:33.576+0000] {processor.py:840} INFO - DAG(s) 'example_kubernetes_executor' retrieved from /home/airflow/.local/lib/python3.12/site-packages/airflow/example_dags/example_kubernetes_executor.py
[2024-06-26T06:06:33.894+0000] {logging_mixin.py:188} INFO - [2024-06-26T06:06:33.893+0000] {dag.py:3096} INFO - Sync 1 DAGs
[2024-06-26T06:06:34.001+0000] {logging_mixin.py:188} INFO - [2024-06-26T06:06:33.999+0000] {dag.py:3954} INFO - Setting next_dagrun for example_kubernetes_executor to None, run_after=None
[2024-06-26T06:06:34.251+0000] {processor.py:183} INFO - Processing /home/airflow/.local/lib/python3.12/site-packages/airflow/example_dags/example_kubernetes_executor.py took 0.869 seconds
[2024-06-26T06:07:59.886+0000] {processor.py:161} INFO - Started process (PID=199) to work on /home/airflow/.local/lib/python3.12/site-packages/airflow/example_dags/example_kubernetes_executor.py
[2024-06-26T06:08:00.315+0000] {processor.py:830} INFO - Processing file /home/airflow/.local/lib/python3.12/site-packages/airflow/example_dags/example_kubernetes_executor.py for tasks to queue
[2024-06-26T06:08:00.643+0000] {logging_mixin.py:188} INFO - [2024-06-26T06:08:00.642+0000] {dagbag.py:545} INFO - Filling up the DagBag from /home/airflow/.local/lib/python3.12/site-packages/airflow/example_dags/example_kubernetes_executor.py
[2024-06-26T06:08:00.826+0000] {processor.py:840} INFO - DAG(s) 'example_kubernetes_executor' retrieved from /home/airflow/.local/lib/python3.12/site-packages/airflow/example_dags/example_kubernetes_executor.py
[2024-06-26T06:08:01.318+0000] {logging_mixin.py:188} INFO - [2024-06-26T06:08:01.317+0000] {dag.py:3096} INFO - Sync 1 DAGs
[2024-06-26T06:08:01.565+0000] {logging_mixin.py:188} INFO - [2024-06-26T06:08:01.563+0000] {dag.py:3954} INFO - Setting next_dagrun for example_kubernetes_executor to None, run_after=None
[2024-06-26T06:08:02.065+0000] {processor.py:183} INFO - Processing /home/airflow/.local/lib/python3.12/site-packages/airflow/example_dags/example_kubernetes_executor.py took 2.232 seconds
[2024-06-26T06:22:09.869+0000] {processor.py:161} INFO - Started process (PID=118) to work on /home/airflow/.local/lib/python3.12/site-packages/airflow/example_dags/example_kubernetes_executor.py
[2024-06-26T06:22:09.930+0000] {processor.py:830} INFO - Processing file /home/airflow/.local/lib/python3.12/site-packages/airflow/example_dags/example_kubernetes_executor.py for tasks to queue
[2024-06-26T06:22:09.981+0000] {logging_mixin.py:188} INFO - [2024-06-26T06:22:09.980+0000] {dagbag.py:545} INFO - Filling up the DagBag from /home/airflow/.local/lib/python3.12/site-packages/airflow/example_dags/example_kubernetes_executor.py
[2024-06-26T06:22:10.345+0000] {processor.py:840} INFO - DAG(s) 'example_kubernetes_executor' retrieved from /home/airflow/.local/lib/python3.12/site-packages/airflow/example_dags/example_kubernetes_executor.py
[2024-06-26T06:22:11.045+0000] {logging_mixin.py:188} INFO - [2024-06-26T06:22:11.033+0000] {dag.py:3096} INFO - Sync 1 DAGs
[2024-06-26T06:22:11.229+0000] {logging_mixin.py:188} INFO - [2024-06-26T06:22:11.215+0000] {dag.py:3954} INFO - Setting next_dagrun for example_kubernetes_executor to None, run_after=None
[2024-06-26T06:22:11.546+0000] {processor.py:183} INFO - Processing /home/airflow/.local/lib/python3.12/site-packages/airflow/example_dags/example_kubernetes_executor.py took 1.737 seconds
[2024-06-26T06:23:54.665+0000] {processor.py:161} INFO - Started process (PID=208) to work on /home/airflow/.local/lib/python3.12/site-packages/airflow/example_dags/example_kubernetes_executor.py
[2024-06-26T06:23:54.718+0000] {processor.py:830} INFO - Processing file /home/airflow/.local/lib/python3.12/site-packages/airflow/example_dags/example_kubernetes_executor.py for tasks to queue
[2024-06-26T06:23:54.883+0000] {logging_mixin.py:188} INFO - [2024-06-26T06:23:54.881+0000] {dagbag.py:545} INFO - Filling up the DagBag from /home/airflow/.local/lib/python3.12/site-packages/airflow/example_dags/example_kubernetes_executor.py
[2024-06-26T06:23:55.220+0000] {processor.py:840} INFO - DAG(s) 'example_kubernetes_executor' retrieved from /home/airflow/.local/lib/python3.12/site-packages/airflow/example_dags/example_kubernetes_executor.py
[2024-06-26T06:23:57.678+0000] {logging_mixin.py:188} INFO - [2024-06-26T06:23:57.677+0000] {dag.py:3096} INFO - Sync 1 DAGs
[2024-06-26T06:23:57.845+0000] {logging_mixin.py:188} INFO - [2024-06-26T06:23:57.844+0000] {dag.py:3954} INFO - Setting next_dagrun for example_kubernetes_executor to None, run_after=None
[2024-06-26T06:23:58.185+0000] {processor.py:183} INFO - Processing /home/airflow/.local/lib/python3.12/site-packages/airflow/example_dags/example_kubernetes_executor.py took 3.606 seconds
[2024-06-26T06:25:27.807+0000] {processor.py:161} INFO - Started process (PID=293) to work on /home/airflow/.local/lib/python3.12/site-packages/airflow/example_dags/example_kubernetes_executor.py
[2024-06-26T06:25:27.814+0000] {processor.py:830} INFO - Processing file /home/airflow/.local/lib/python3.12/site-packages/airflow/example_dags/example_kubernetes_executor.py for tasks to queue
[2024-06-26T06:25:27.826+0000] {logging_mixin.py:188} INFO - [2024-06-26T06:25:27.825+0000] {dagbag.py:545} INFO - Filling up the DagBag from /home/airflow/.local/lib/python3.12/site-packages/airflow/example_dags/example_kubernetes_executor.py
[2024-06-26T06:25:27.928+0000] {processor.py:840} INFO - DAG(s) 'example_kubernetes_executor' retrieved from /home/airflow/.local/lib/python3.12/site-packages/airflow/example_dags/example_kubernetes_executor.py
[2024-06-26T06:25:28.680+0000] {logging_mixin.py:188} INFO - [2024-06-26T06:25:28.667+0000] {dag.py:3096} INFO - Sync 1 DAGs
[2024-06-26T06:25:29.038+0000] {logging_mixin.py:188} INFO - [2024-06-26T06:25:29.037+0000] {dag.py:3954} INFO - Setting next_dagrun for example_kubernetes_executor to None, run_after=None
[2024-06-26T06:25:29.265+0000] {processor.py:183} INFO - Processing /home/airflow/.local/lib/python3.12/site-packages/airflow/example_dags/example_kubernetes_executor.py took 1.495 seconds
[2024-06-26T06:25:59.617+0000] {processor.py:161} INFO - Started process (PID=355) to work on /home/airflow/.local/lib/python3.12/site-packages/airflow/example_dags/example_kubernetes_executor.py
[2024-06-26T06:25:59.620+0000] {processor.py:830} INFO - Processing file /home/airflow/.local/lib/python3.12/site-packages/airflow/example_dags/example_kubernetes_executor.py for tasks to queue
[2024-06-26T06:25:59.627+0000] {logging_mixin.py:188} INFO - [2024-06-26T06:25:59.625+0000] {dagbag.py:545} INFO - Filling up the DagBag from /home/airflow/.local/lib/python3.12/site-packages/airflow/example_dags/example_kubernetes_executor.py
[2024-06-26T06:25:59.671+0000] {processor.py:840} INFO - DAG(s) 'example_kubernetes_executor' retrieved from /home/airflow/.local/lib/python3.12/site-packages/airflow/example_dags/example_kubernetes_executor.py
[2024-06-26T06:25:59.808+0000] {logging_mixin.py:188} INFO - [2024-06-26T06:25:59.807+0000] {dag.py:3096} INFO - Sync 1 DAGs
[2024-06-26T06:25:59.866+0000] {logging_mixin.py:188} INFO - [2024-06-26T06:25:59.865+0000] {dag.py:3954} INFO - Setting next_dagrun for example_kubernetes_executor to None, run_after=None
[2024-06-26T06:25:59.950+0000] {processor.py:183} INFO - Processing /home/airflow/.local/lib/python3.12/site-packages/airflow/example_dags/example_kubernetes_executor.py took 0.354 seconds
[2024-06-26T06:40:58.976+0000] {processor.py:161} INFO - Started process (PID=101) to work on /home/airflow/.local/lib/python3.12/site-packages/airflow/example_dags/example_kubernetes_executor.py
[2024-06-26T06:40:59.012+0000] {processor.py:830} INFO - Processing file /home/airflow/.local/lib/python3.12/site-packages/airflow/example_dags/example_kubernetes_executor.py for tasks to queue
[2024-06-26T06:40:59.057+0000] {logging_mixin.py:188} INFO - [2024-06-26T06:40:59.055+0000] {dagbag.py:545} INFO - Filling up the DagBag from /home/airflow/.local/lib/python3.12/site-packages/airflow/example_dags/example_kubernetes_executor.py
[2024-06-26T06:40:59.260+0000] {processor.py:840} INFO - DAG(s) 'example_kubernetes_executor' retrieved from /home/airflow/.local/lib/python3.12/site-packages/airflow/example_dags/example_kubernetes_executor.py
[2024-06-26T06:41:00.683+0000] {logging_mixin.py:188} INFO - [2024-06-26T06:41:00.674+0000] {dag.py:3096} INFO - Sync 1 DAGs
[2024-06-26T06:41:00.872+0000] {logging_mixin.py:188} INFO - [2024-06-26T06:41:00.871+0000] {dag.py:3954} INFO - Setting next_dagrun for example_kubernetes_executor to None, run_after=None
[2024-06-26T06:41:01.092+0000] {processor.py:183} INFO - Processing /home/airflow/.local/lib/python3.12/site-packages/airflow/example_dags/example_kubernetes_executor.py took 2.208 seconds
[2024-06-26T06:41:31.652+0000] {processor.py:161} INFO - Started process (PID=163) to work on /home/airflow/.local/lib/python3.12/site-packages/airflow/example_dags/example_kubernetes_executor.py
[2024-06-26T06:41:31.652+0000] {processor.py:830} INFO - Processing file /home/airflow/.local/lib/python3.12/site-packages/airflow/example_dags/example_kubernetes_executor.py for tasks to queue
[2024-06-26T06:41:31.654+0000] {logging_mixin.py:188} INFO - [2024-06-26T06:41:31.654+0000] {dagbag.py:545} INFO - Filling up the DagBag from /home/airflow/.local/lib/python3.12/site-packages/airflow/example_dags/example_kubernetes_executor.py
[2024-06-26T06:41:31.664+0000] {processor.py:840} INFO - DAG(s) 'example_kubernetes_executor' retrieved from /home/airflow/.local/lib/python3.12/site-packages/airflow/example_dags/example_kubernetes_executor.py
[2024-06-26T06:41:31.694+0000] {logging_mixin.py:188} INFO - [2024-06-26T06:41:31.693+0000] {dag.py:3096} INFO - Sync 1 DAGs
[2024-06-26T06:41:31.704+0000] {logging_mixin.py:188} INFO - [2024-06-26T06:41:31.704+0000] {dag.py:3954} INFO - Setting next_dagrun for example_kubernetes_executor to None, run_after=None
[2024-06-26T06:41:31.721+0000] {processor.py:183} INFO - Processing /home/airflow/.local/lib/python3.12/site-packages/airflow/example_dags/example_kubernetes_executor.py took 0.074 seconds
[2024-06-26T06:42:02.632+0000] {processor.py:161} INFO - Started process (PID=225) to work on /home/airflow/.local/lib/python3.12/site-packages/airflow/example_dags/example_kubernetes_executor.py
[2024-06-26T06:42:02.633+0000] {processor.py:830} INFO - Processing file /home/airflow/.local/lib/python3.12/site-packages/airflow/example_dags/example_kubernetes_executor.py for tasks to queue
[2024-06-26T06:42:02.636+0000] {logging_mixin.py:188} INFO - [2024-06-26T06:42:02.635+0000] {dagbag.py:545} INFO - Filling up the DagBag from /home/airflow/.local/lib/python3.12/site-packages/airflow/example_dags/example_kubernetes_executor.py
[2024-06-26T06:42:02.651+0000] {processor.py:840} INFO - DAG(s) 'example_kubernetes_executor' retrieved from /home/airflow/.local/lib/python3.12/site-packages/airflow/example_dags/example_kubernetes_executor.py
[2024-06-26T06:42:02.699+0000] {logging_mixin.py:188} INFO - [2024-06-26T06:42:02.699+0000] {dag.py:3096} INFO - Sync 1 DAGs
[2024-06-26T06:42:02.715+0000] {logging_mixin.py:188} INFO - [2024-06-26T06:42:02.715+0000] {dag.py:3954} INFO - Setting next_dagrun for example_kubernetes_executor to None, run_after=None
[2024-06-26T06:42:02.741+0000] {processor.py:183} INFO - Processing /home/airflow/.local/lib/python3.12/site-packages/airflow/example_dags/example_kubernetes_executor.py took 0.121 seconds
[2024-06-26T06:42:33.268+0000] {processor.py:161} INFO - Started process (PID=287) to work on /home/airflow/.local/lib/python3.12/site-packages/airflow/example_dags/example_kubernetes_executor.py
[2024-06-26T06:42:33.271+0000] {processor.py:830} INFO - Processing file /home/airflow/.local/lib/python3.12/site-packages/airflow/example_dags/example_kubernetes_executor.py for tasks to queue
[2024-06-26T06:42:33.276+0000] {logging_mixin.py:188} INFO - [2024-06-26T06:42:33.275+0000] {dagbag.py:545} INFO - Filling up the DagBag from /home/airflow/.local/lib/python3.12/site-packages/airflow/example_dags/example_kubernetes_executor.py
[2024-06-26T06:42:33.322+0000] {processor.py:840} INFO - DAG(s) 'example_kubernetes_executor' retrieved from /home/airflow/.local/lib/python3.12/site-packages/airflow/example_dags/example_kubernetes_executor.py
[2024-06-26T06:42:33.463+0000] {logging_mixin.py:188} INFO - [2024-06-26T06:42:33.462+0000] {dag.py:3096} INFO - Sync 1 DAGs
[2024-06-26T06:42:33.522+0000] {logging_mixin.py:188} INFO - [2024-06-26T06:42:33.521+0000] {dag.py:3954} INFO - Setting next_dagrun for example_kubernetes_executor to None, run_after=None
[2024-06-26T06:42:33.613+0000] {processor.py:183} INFO - Processing /home/airflow/.local/lib/python3.12/site-packages/airflow/example_dags/example_kubernetes_executor.py took 0.361 seconds
[2024-06-26T06:43:03.859+0000] {processor.py:161} INFO - Started process (PID=349) to work on /home/airflow/.local/lib/python3.12/site-packages/airflow/example_dags/example_kubernetes_executor.py
[2024-06-26T06:43:03.860+0000] {processor.py:830} INFO - Processing file /home/airflow/.local/lib/python3.12/site-packages/airflow/example_dags/example_kubernetes_executor.py for tasks to queue
[2024-06-26T06:43:03.862+0000] {logging_mixin.py:188} INFO - [2024-06-26T06:43:03.862+0000] {dagbag.py:545} INFO - Filling up the DagBag from /home/airflow/.local/lib/python3.12/site-packages/airflow/example_dags/example_kubernetes_executor.py
[2024-06-26T06:43:03.880+0000] {processor.py:840} INFO - DAG(s) 'example_kubernetes_executor' retrieved from /home/airflow/.local/lib/python3.12/site-packages/airflow/example_dags/example_kubernetes_executor.py
[2024-06-26T06:43:03.930+0000] {logging_mixin.py:188} INFO - [2024-06-26T06:43:03.929+0000] {dag.py:3096} INFO - Sync 1 DAGs
[2024-06-26T06:43:03.947+0000] {logging_mixin.py:188} INFO - [2024-06-26T06:43:03.947+0000] {dag.py:3954} INFO - Setting next_dagrun for example_kubernetes_executor to None, run_after=None
[2024-06-26T06:43:03.978+0000] {processor.py:183} INFO - Processing /home/airflow/.local/lib/python3.12/site-packages/airflow/example_dags/example_kubernetes_executor.py took 0.127 seconds
[2024-06-26T06:43:34.780+0000] {processor.py:161} INFO - Started process (PID=411) to work on /home/airflow/.local/lib/python3.12/site-packages/airflow/example_dags/example_kubernetes_executor.py
[2024-06-26T06:43:34.781+0000] {processor.py:830} INFO - Processing file /home/airflow/.local/lib/python3.12/site-packages/airflow/example_dags/example_kubernetes_executor.py for tasks to queue
[2024-06-26T06:43:34.782+0000] {logging_mixin.py:188} INFO - [2024-06-26T06:43:34.782+0000] {dagbag.py:545} INFO - Filling up the DagBag from /home/airflow/.local/lib/python3.12/site-packages/airflow/example_dags/example_kubernetes_executor.py
[2024-06-26T06:43:34.791+0000] {processor.py:840} INFO - DAG(s) 'example_kubernetes_executor' retrieved from /home/airflow/.local/lib/python3.12/site-packages/airflow/example_dags/example_kubernetes_executor.py
[2024-06-26T06:43:34.818+0000] {logging_mixin.py:188} INFO - [2024-06-26T06:43:34.818+0000] {dag.py:3096} INFO - Sync 1 DAGs
[2024-06-26T06:43:34.828+0000] {logging_mixin.py:188} INFO - [2024-06-26T06:43:34.828+0000] {dag.py:3954} INFO - Setting next_dagrun for example_kubernetes_executor to None, run_after=None
[2024-06-26T06:43:34.845+0000] {processor.py:183} INFO - Processing /home/airflow/.local/lib/python3.12/site-packages/airflow/example_dags/example_kubernetes_executor.py took 0.070 seconds
[2024-06-26T06:44:05.547+0000] {processor.py:161} INFO - Started process (PID=473) to work on /home/airflow/.local/lib/python3.12/site-packages/airflow/example_dags/example_kubernetes_executor.py
[2024-06-26T06:44:05.551+0000] {processor.py:830} INFO - Processing file /home/airflow/.local/lib/python3.12/site-packages/airflow/example_dags/example_kubernetes_executor.py for tasks to queue
[2024-06-26T06:44:05.557+0000] {logging_mixin.py:188} INFO - [2024-06-26T06:44:05.556+0000] {dagbag.py:545} INFO - Filling up the DagBag from /home/airflow/.local/lib/python3.12/site-packages/airflow/example_dags/example_kubernetes_executor.py
[2024-06-26T06:44:05.595+0000] {processor.py:840} INFO - DAG(s) 'example_kubernetes_executor' retrieved from /home/airflow/.local/lib/python3.12/site-packages/airflow/example_dags/example_kubernetes_executor.py
[2024-06-26T06:44:05.728+0000] {logging_mixin.py:188} INFO - [2024-06-26T06:44:05.727+0000] {dag.py:3096} INFO - Sync 1 DAGs
[2024-06-26T06:44:05.769+0000] {logging_mixin.py:188} INFO - [2024-06-26T06:44:05.769+0000] {dag.py:3954} INFO - Setting next_dagrun for example_kubernetes_executor to None, run_after=None
[2024-06-26T06:44:05.836+0000] {processor.py:183} INFO - Processing /home/airflow/.local/lib/python3.12/site-packages/airflow/example_dags/example_kubernetes_executor.py took 0.307 seconds
[2024-06-26T06:44:35.993+0000] {processor.py:161} INFO - Started process (PID=535) to work on /home/airflow/.local/lib/python3.12/site-packages/airflow/example_dags/example_kubernetes_executor.py
[2024-06-26T06:44:35.996+0000] {processor.py:830} INFO - Processing file /home/airflow/.local/lib/python3.12/site-packages/airflow/example_dags/example_kubernetes_executor.py for tasks to queue
[2024-06-26T06:44:36.000+0000] {logging_mixin.py:188} INFO - [2024-06-26T06:44:36.000+0000] {dagbag.py:545} INFO - Filling up the DagBag from /home/airflow/.local/lib/python3.12/site-packages/airflow/example_dags/example_kubernetes_executor.py
[2024-06-26T06:44:36.028+0000] {processor.py:840} INFO - DAG(s) 'example_kubernetes_executor' retrieved from /home/airflow/.local/lib/python3.12/site-packages/airflow/example_dags/example_kubernetes_executor.py
[2024-06-26T06:44:36.121+0000] {logging_mixin.py:188} INFO - [2024-06-26T06:44:36.120+0000] {dag.py:3096} INFO - Sync 1 DAGs
[2024-06-26T06:44:36.156+0000] {logging_mixin.py:188} INFO - [2024-06-26T06:44:36.155+0000] {dag.py:3954} INFO - Setting next_dagrun for example_kubernetes_executor to None, run_after=None
[2024-06-26T06:44:36.206+0000] {processor.py:183} INFO - Processing /home/airflow/.local/lib/python3.12/site-packages/airflow/example_dags/example_kubernetes_executor.py took 0.224 seconds
[2024-06-26T06:45:29.171+0000] {processor.py:161} INFO - Started process (PID=602) to work on /home/airflow/.local/lib/python3.12/site-packages/airflow/example_dags/example_kubernetes_executor.py
[2024-06-26T06:45:29.236+0000] {processor.py:830} INFO - Processing file /home/airflow/.local/lib/python3.12/site-packages/airflow/example_dags/example_kubernetes_executor.py for tasks to queue
[2024-06-26T06:45:29.297+0000] {logging_mixin.py:188} INFO - [2024-06-26T06:45:29.295+0000] {dagbag.py:545} INFO - Filling up the DagBag from /home/airflow/.local/lib/python3.12/site-packages/airflow/example_dags/example_kubernetes_executor.py
[2024-06-26T06:45:29.566+0000] {processor.py:840} INFO - DAG(s) 'example_kubernetes_executor' retrieved from /home/airflow/.local/lib/python3.12/site-packages/airflow/example_dags/example_kubernetes_executor.py
[2024-06-26T06:45:30.095+0000] {logging_mixin.py:188} INFO - [2024-06-26T06:45:30.083+0000] {dag.py:3096} INFO - Sync 1 DAGs
[2024-06-26T06:45:30.331+0000] {logging_mixin.py:188} INFO - [2024-06-26T06:45:30.330+0000] {dag.py:3954} INFO - Setting next_dagrun for example_kubernetes_executor to None, run_after=None
[2024-06-26T06:45:30.566+0000] {processor.py:183} INFO - Processing /home/airflow/.local/lib/python3.12/site-packages/airflow/example_dags/example_kubernetes_executor.py took 1.464 seconds
[2024-06-26T06:46:46.697+0000] {processor.py:161} INFO - Started process (PID=677) to work on /home/airflow/.local/lib/python3.12/site-packages/airflow/example_dags/example_kubernetes_executor.py
[2024-06-26T06:46:46.713+0000] {processor.py:830} INFO - Processing file /home/airflow/.local/lib/python3.12/site-packages/airflow/example_dags/example_kubernetes_executor.py for tasks to queue
[2024-06-26T06:46:46.731+0000] {logging_mixin.py:188} INFO - [2024-06-26T06:46:46.726+0000] {dagbag.py:545} INFO - Filling up the DagBag from /home/airflow/.local/lib/python3.12/site-packages/airflow/example_dags/example_kubernetes_executor.py
[2024-06-26T06:46:46.944+0000] {processor.py:840} INFO - DAG(s) 'example_kubernetes_executor' retrieved from /home/airflow/.local/lib/python3.12/site-packages/airflow/example_dags/example_kubernetes_executor.py
[2024-06-26T06:46:47.399+0000] {logging_mixin.py:188} INFO - [2024-06-26T06:46:47.398+0000] {dag.py:3096} INFO - Sync 1 DAGs
[2024-06-26T06:46:47.615+0000] {logging_mixin.py:188} INFO - [2024-06-26T06:46:47.603+0000] {dag.py:3954} INFO - Setting next_dagrun for example_kubernetes_executor to None, run_after=None
[2024-06-26T06:46:48.219+0000] {processor.py:183} INFO - Processing /home/airflow/.local/lib/python3.12/site-packages/airflow/example_dags/example_kubernetes_executor.py took 1.652 seconds
[2024-06-26T06:47:44.721+0000] {processor.py:161} INFO - Started process (PID=747) to work on /home/airflow/.local/lib/python3.12/site-packages/airflow/example_dags/example_kubernetes_executor.py
[2024-06-26T06:47:44.768+0000] {processor.py:830} INFO - Processing file /home/airflow/.local/lib/python3.12/site-packages/airflow/example_dags/example_kubernetes_executor.py for tasks to queue
[2024-06-26T06:47:44.818+0000] {logging_mixin.py:188} INFO - [2024-06-26T06:47:44.817+0000] {dagbag.py:545} INFO - Filling up the DagBag from /home/airflow/.local/lib/python3.12/site-packages/airflow/example_dags/example_kubernetes_executor.py
[2024-06-26T06:47:44.991+0000] {processor.py:840} INFO - DAG(s) 'example_kubernetes_executor' retrieved from /home/airflow/.local/lib/python3.12/site-packages/airflow/example_dags/example_kubernetes_executor.py
[2024-06-26T06:47:45.585+0000] {logging_mixin.py:188} INFO - [2024-06-26T06:47:45.573+0000] {dag.py:3096} INFO - Sync 1 DAGs
[2024-06-26T06:47:45.822+0000] {logging_mixin.py:188} INFO - [2024-06-26T06:47:45.821+0000] {dag.py:3954} INFO - Setting next_dagrun for example_kubernetes_executor to None, run_after=None
[2024-06-26T06:47:46.101+0000] {processor.py:183} INFO - Processing /home/airflow/.local/lib/python3.12/site-packages/airflow/example_dags/example_kubernetes_executor.py took 1.466 seconds
[2024-06-26T06:48:26.715+0000] {processor.py:161} INFO - Started process (PID=816) to work on /home/airflow/.local/lib/python3.12/site-packages/airflow/example_dags/example_kubernetes_executor.py
[2024-06-26T06:48:26.742+0000] {processor.py:830} INFO - Processing file /home/airflow/.local/lib/python3.12/site-packages/airflow/example_dags/example_kubernetes_executor.py for tasks to queue
[2024-06-26T06:48:26.759+0000] {logging_mixin.py:188} INFO - [2024-06-26T06:48:26.758+0000] {dagbag.py:545} INFO - Filling up the DagBag from /home/airflow/.local/lib/python3.12/site-packages/airflow/example_dags/example_kubernetes_executor.py
[2024-06-26T06:48:26.971+0000] {processor.py:840} INFO - DAG(s) 'example_kubernetes_executor' retrieved from /home/airflow/.local/lib/python3.12/site-packages/airflow/example_dags/example_kubernetes_executor.py
[2024-06-26T06:48:27.289+0000] {logging_mixin.py:188} INFO - [2024-06-26T06:48:27.288+0000] {dag.py:3096} INFO - Sync 1 DAGs
[2024-06-26T06:48:27.370+0000] {logging_mixin.py:188} INFO - [2024-06-26T06:48:27.369+0000] {dag.py:3954} INFO - Setting next_dagrun for example_kubernetes_executor to None, run_after=None
[2024-06-26T06:48:27.442+0000] {processor.py:183} INFO - Processing /home/airflow/.local/lib/python3.12/site-packages/airflow/example_dags/example_kubernetes_executor.py took 0.813 seconds
[2024-06-26T06:48:59.817+0000] {processor.py:161} INFO - Started process (PID=878) to work on /home/airflow/.local/lib/python3.12/site-packages/airflow/example_dags/example_kubernetes_executor.py
[2024-06-26T06:48:59.820+0000] {processor.py:830} INFO - Processing file /home/airflow/.local/lib/python3.12/site-packages/airflow/example_dags/example_kubernetes_executor.py for tasks to queue
[2024-06-26T06:48:59.828+0000] {logging_mixin.py:188} INFO - [2024-06-26T06:48:59.826+0000] {dagbag.py:545} INFO - Filling up the DagBag from /home/airflow/.local/lib/python3.12/site-packages/airflow/example_dags/example_kubernetes_executor.py
[2024-06-26T06:48:59.874+0000] {processor.py:840} INFO - DAG(s) 'example_kubernetes_executor' retrieved from /home/airflow/.local/lib/python3.12/site-packages/airflow/example_dags/example_kubernetes_executor.py
[2024-06-26T06:49:00.035+0000] {logging_mixin.py:188} INFO - [2024-06-26T06:49:00.033+0000] {dag.py:3096} INFO - Sync 1 DAGs
[2024-06-26T06:49:00.099+0000] {logging_mixin.py:188} INFO - [2024-06-26T06:49:00.098+0000] {dag.py:3954} INFO - Setting next_dagrun for example_kubernetes_executor to None, run_after=None
[2024-06-26T06:49:00.195+0000] {processor.py:183} INFO - Processing /home/airflow/.local/lib/python3.12/site-packages/airflow/example_dags/example_kubernetes_executor.py took 0.396 seconds
[2024-06-26T06:49:52.877+0000] {processor.py:161} INFO - Started process (PID=957) to work on /home/airflow/.local/lib/python3.12/site-packages/airflow/example_dags/example_kubernetes_executor.py
[2024-06-26T06:49:52.893+0000] {processor.py:830} INFO - Processing file /home/airflow/.local/lib/python3.12/site-packages/airflow/example_dags/example_kubernetes_executor.py for tasks to queue
[2024-06-26T06:49:52.913+0000] {logging_mixin.py:188} INFO - [2024-06-26T06:49:52.912+0000] {dagbag.py:545} INFO - Filling up the DagBag from /home/airflow/.local/lib/python3.12/site-packages/airflow/example_dags/example_kubernetes_executor.py
[2024-06-26T06:49:53.088+0000] {processor.py:840} INFO - DAG(s) 'example_kubernetes_executor' retrieved from /home/airflow/.local/lib/python3.12/site-packages/airflow/example_dags/example_kubernetes_executor.py
[2024-06-26T06:49:53.852+0000] {logging_mixin.py:188} INFO - [2024-06-26T06:49:53.842+0000] {dag.py:3096} INFO - Sync 1 DAGs
[2024-06-26T06:49:54.066+0000] {logging_mixin.py:188} INFO - [2024-06-26T06:49:54.065+0000] {dag.py:3954} INFO - Setting next_dagrun for example_kubernetes_executor to None, run_after=None
[2024-06-26T06:49:54.316+0000] {processor.py:183} INFO - Processing /home/airflow/.local/lib/python3.12/site-packages/airflow/example_dags/example_kubernetes_executor.py took 1.490 seconds
[2024-06-26T06:51:15.331+0000] {processor.py:161} INFO - Started process (PID=1025) to work on /home/airflow/.local/lib/python3.12/site-packages/airflow/example_dags/example_kubernetes_executor.py
[2024-06-26T06:51:15.347+0000] {processor.py:830} INFO - Processing file /home/airflow/.local/lib/python3.12/site-packages/airflow/example_dags/example_kubernetes_executor.py for tasks to queue
[2024-06-26T06:51:15.365+0000] {logging_mixin.py:188} INFO - [2024-06-26T06:51:15.363+0000] {dagbag.py:545} INFO - Filling up the DagBag from /home/airflow/.local/lib/python3.12/site-packages/airflow/example_dags/example_kubernetes_executor.py
[2024-06-26T06:51:15.613+0000] {processor.py:840} INFO - DAG(s) 'example_kubernetes_executor' retrieved from /home/airflow/.local/lib/python3.12/site-packages/airflow/example_dags/example_kubernetes_executor.py
[2024-06-26T06:51:16.766+0000] {logging_mixin.py:188} INFO - [2024-06-26T06:51:16.765+0000] {dag.py:3096} INFO - Sync 1 DAGs
[2024-06-26T06:51:17.038+0000] {logging_mixin.py:188} INFO - [2024-06-26T06:51:17.025+0000] {dag.py:3954} INFO - Setting next_dagrun for example_kubernetes_executor to None, run_after=None
[2024-06-26T06:51:17.340+0000] {processor.py:183} INFO - Processing /home/airflow/.local/lib/python3.12/site-packages/airflow/example_dags/example_kubernetes_executor.py took 2.077 seconds
[2024-06-26T06:52:03.439+0000] {processor.py:161} INFO - Started process (PID=1096) to work on /home/airflow/.local/lib/python3.12/site-packages/airflow/example_dags/example_kubernetes_executor.py
[2024-06-26T06:52:03.549+0000] {processor.py:830} INFO - Processing file /home/airflow/.local/lib/python3.12/site-packages/airflow/example_dags/example_kubernetes_executor.py for tasks to queue
[2024-06-26T06:52:03.581+0000] {logging_mixin.py:188} INFO - [2024-06-26T06:52:03.571+0000] {dagbag.py:545} INFO - Filling up the DagBag from /home/airflow/.local/lib/python3.12/site-packages/airflow/example_dags/example_kubernetes_executor.py
[2024-06-26T06:52:03.768+0000] {processor.py:840} INFO - DAG(s) 'example_kubernetes_executor' retrieved from /home/airflow/.local/lib/python3.12/site-packages/airflow/example_dags/example_kubernetes_executor.py
[2024-06-26T06:52:04.261+0000] {logging_mixin.py:188} INFO - [2024-06-26T06:52:04.248+0000] {dag.py:3096} INFO - Sync 1 DAGs
[2024-06-26T06:52:04.362+0000] {logging_mixin.py:188} INFO - [2024-06-26T06:52:04.361+0000] {dag.py:3954} INFO - Setting next_dagrun for example_kubernetes_executor to None, run_after=None
[2024-06-26T06:52:04.630+0000] {processor.py:183} INFO - Processing /home/airflow/.local/lib/python3.12/site-packages/airflow/example_dags/example_kubernetes_executor.py took 1.238 seconds
[2024-06-26T06:52:35.025+0000] {processor.py:161} INFO - Started process (PID=1158) to work on /home/airflow/.local/lib/python3.12/site-packages/airflow/example_dags/example_kubernetes_executor.py
[2024-06-26T06:52:35.027+0000] {processor.py:830} INFO - Processing file /home/airflow/.local/lib/python3.12/site-packages/airflow/example_dags/example_kubernetes_executor.py for tasks to queue
[2024-06-26T06:52:35.030+0000] {logging_mixin.py:188} INFO - [2024-06-26T06:52:35.030+0000] {dagbag.py:545} INFO - Filling up the DagBag from /home/airflow/.local/lib/python3.12/site-packages/airflow/example_dags/example_kubernetes_executor.py
[2024-06-26T06:52:35.054+0000] {processor.py:840} INFO - DAG(s) 'example_kubernetes_executor' retrieved from /home/airflow/.local/lib/python3.12/site-packages/airflow/example_dags/example_kubernetes_executor.py
[2024-06-26T06:52:35.130+0000] {logging_mixin.py:188} INFO - [2024-06-26T06:52:35.129+0000] {dag.py:3096} INFO - Sync 1 DAGs
[2024-06-26T06:52:35.159+0000] {logging_mixin.py:188} INFO - [2024-06-26T06:52:35.159+0000] {dag.py:3954} INFO - Setting next_dagrun for example_kubernetes_executor to None, run_after=None
[2024-06-26T06:52:35.207+0000] {processor.py:183} INFO - Processing /home/airflow/.local/lib/python3.12/site-packages/airflow/example_dags/example_kubernetes_executor.py took 0.192 seconds
[2024-06-26T06:53:05.856+0000] {processor.py:161} INFO - Started process (PID=1220) to work on /home/airflow/.local/lib/python3.12/site-packages/airflow/example_dags/example_kubernetes_executor.py
[2024-06-26T06:53:05.857+0000] {processor.py:830} INFO - Processing file /home/airflow/.local/lib/python3.12/site-packages/airflow/example_dags/example_kubernetes_executor.py for tasks to queue
[2024-06-26T06:53:05.859+0000] {logging_mixin.py:188} INFO - [2024-06-26T06:53:05.858+0000] {dagbag.py:545} INFO - Filling up the DagBag from /home/airflow/.local/lib/python3.12/site-packages/airflow/example_dags/example_kubernetes_executor.py
[2024-06-26T06:53:05.869+0000] {processor.py:840} INFO - DAG(s) 'example_kubernetes_executor' retrieved from /home/airflow/.local/lib/python3.12/site-packages/airflow/example_dags/example_kubernetes_executor.py
[2024-06-26T06:53:05.905+0000] {logging_mixin.py:188} INFO - [2024-06-26T06:53:05.905+0000] {dag.py:3096} INFO - Sync 1 DAGs
[2024-06-26T06:53:05.917+0000] {logging_mixin.py:188} INFO - [2024-06-26T06:53:05.916+0000] {dag.py:3954} INFO - Setting next_dagrun for example_kubernetes_executor to None, run_after=None
[2024-06-26T06:53:05.938+0000] {processor.py:183} INFO - Processing /home/airflow/.local/lib/python3.12/site-packages/airflow/example_dags/example_kubernetes_executor.py took 0.086 seconds
[2024-06-26T06:53:35.981+0000] {processor.py:161} INFO - Started process (PID=1281) to work on /home/airflow/.local/lib/python3.12/site-packages/airflow/example_dags/example_kubernetes_executor.py
[2024-06-26T06:53:35.982+0000] {processor.py:830} INFO - Processing file /home/airflow/.local/lib/python3.12/site-packages/airflow/example_dags/example_kubernetes_executor.py for tasks to queue
[2024-06-26T06:53:35.984+0000] {logging_mixin.py:188} INFO - [2024-06-26T06:53:35.983+0000] {dagbag.py:545} INFO - Filling up the DagBag from /home/airflow/.local/lib/python3.12/site-packages/airflow/example_dags/example_kubernetes_executor.py
[2024-06-26T06:53:35.998+0000] {processor.py:840} INFO - DAG(s) 'example_kubernetes_executor' retrieved from /home/airflow/.local/lib/python3.12/site-packages/airflow/example_dags/example_kubernetes_executor.py
[2024-06-26T06:53:36.051+0000] {logging_mixin.py:188} INFO - [2024-06-26T06:53:36.051+0000] {dag.py:3096} INFO - Sync 1 DAGs
[2024-06-26T06:53:36.070+0000] {logging_mixin.py:188} INFO - [2024-06-26T06:53:36.070+0000] {dag.py:3954} INFO - Setting next_dagrun for example_kubernetes_executor to None, run_after=None
[2024-06-26T06:53:36.098+0000] {processor.py:183} INFO - Processing /home/airflow/.local/lib/python3.12/site-packages/airflow/example_dags/example_kubernetes_executor.py took 0.124 seconds
[2024-06-26T06:54:06.986+0000] {processor.py:161} INFO - Started process (PID=1343) to work on /home/airflow/.local/lib/python3.12/site-packages/airflow/example_dags/example_kubernetes_executor.py
[2024-06-26T06:54:06.991+0000] {processor.py:830} INFO - Processing file /home/airflow/.local/lib/python3.12/site-packages/airflow/example_dags/example_kubernetes_executor.py for tasks to queue
[2024-06-26T06:54:07.016+0000] {logging_mixin.py:188} INFO - [2024-06-26T06:54:07.005+0000] {dagbag.py:545} INFO - Filling up the DagBag from /home/airflow/.local/lib/python3.12/site-packages/airflow/example_dags/example_kubernetes_executor.py
[2024-06-26T06:54:07.379+0000] {processor.py:840} INFO - DAG(s) 'example_kubernetes_executor' retrieved from /home/airflow/.local/lib/python3.12/site-packages/airflow/example_dags/example_kubernetes_executor.py
[2024-06-26T06:54:08.454+0000] {logging_mixin.py:188} INFO - [2024-06-26T06:54:08.452+0000] {dag.py:3096} INFO - Sync 1 DAGs
[2024-06-26T06:54:08.727+0000] {logging_mixin.py:188} INFO - [2024-06-26T06:54:08.725+0000] {dag.py:3954} INFO - Setting next_dagrun for example_kubernetes_executor to None, run_after=None
[2024-06-26T06:54:10.272+0000] {processor.py:183} INFO - Processing /home/airflow/.local/lib/python3.12/site-packages/airflow/example_dags/example_kubernetes_executor.py took 3.235 seconds
[2024-06-26T06:56:00.004+0000] {processor.py:161} INFO - Started process (PID=1444) to work on /home/airflow/.local/lib/python3.12/site-packages/airflow/example_dags/example_kubernetes_executor.py
[2024-06-26T06:56:00.011+0000] {processor.py:830} INFO - Processing file /home/airflow/.local/lib/python3.12/site-packages/airflow/example_dags/example_kubernetes_executor.py for tasks to queue
[2024-06-26T06:56:00.089+0000] {logging_mixin.py:188} INFO - [2024-06-26T06:56:00.087+0000] {dagbag.py:545} INFO - Filling up the DagBag from /home/airflow/.local/lib/python3.12/site-packages/airflow/example_dags/example_kubernetes_executor.py
[2024-06-26T06:56:00.232+0000] {processor.py:840} INFO - DAG(s) 'example_kubernetes_executor' retrieved from /home/airflow/.local/lib/python3.12/site-packages/airflow/example_dags/example_kubernetes_executor.py
[2024-06-26T06:56:01.078+0000] {logging_mixin.py:188} INFO - [2024-06-26T06:56:01.077+0000] {dag.py:3096} INFO - Sync 1 DAGs
[2024-06-26T06:56:01.626+0000] {logging_mixin.py:188} INFO - [2024-06-26T06:56:01.625+0000] {dag.py:3954} INFO - Setting next_dagrun for example_kubernetes_executor to None, run_after=None
[2024-06-26T06:56:02.280+0000] {processor.py:183} INFO - Processing /home/airflow/.local/lib/python3.12/site-packages/airflow/example_dags/example_kubernetes_executor.py took 2.323 seconds
[2024-06-26T06:56:58.276+0000] {processor.py:161} INFO - Started process (PID=1513) to work on /home/airflow/.local/lib/python3.12/site-packages/airflow/example_dags/example_kubernetes_executor.py
[2024-06-26T06:56:58.293+0000] {processor.py:830} INFO - Processing file /home/airflow/.local/lib/python3.12/site-packages/airflow/example_dags/example_kubernetes_executor.py for tasks to queue
[2024-06-26T06:56:58.299+0000] {logging_mixin.py:188} INFO - [2024-06-26T06:56:58.297+0000] {dagbag.py:545} INFO - Filling up the DagBag from /home/airflow/.local/lib/python3.12/site-packages/airflow/example_dags/example_kubernetes_executor.py
[2024-06-26T06:56:58.520+0000] {processor.py:840} INFO - DAG(s) 'example_kubernetes_executor' retrieved from /home/airflow/.local/lib/python3.12/site-packages/airflow/example_dags/example_kubernetes_executor.py
[2024-06-26T06:56:59.045+0000] {logging_mixin.py:188} INFO - [2024-06-26T06:56:59.044+0000] {dag.py:3096} INFO - Sync 1 DAGs
[2024-06-26T06:56:59.263+0000] {logging_mixin.py:188} INFO - [2024-06-26T06:56:59.250+0000] {dag.py:3954} INFO - Setting next_dagrun for example_kubernetes_executor to None, run_after=None
[2024-06-26T06:56:59.495+0000] {processor.py:183} INFO - Processing /home/airflow/.local/lib/python3.12/site-packages/airflow/example_dags/example_kubernetes_executor.py took 1.263 seconds
[2024-06-26T06:57:51.531+0000] {processor.py:161} INFO - Started process (PID=1580) to work on /home/airflow/.local/lib/python3.12/site-packages/airflow/example_dags/example_kubernetes_executor.py
[2024-06-26T06:57:51.572+0000] {processor.py:830} INFO - Processing file /home/airflow/.local/lib/python3.12/site-packages/airflow/example_dags/example_kubernetes_executor.py for tasks to queue
[2024-06-26T06:57:51.626+0000] {logging_mixin.py:188} INFO - [2024-06-26T06:57:51.625+0000] {dagbag.py:545} INFO - Filling up the DagBag from /home/airflow/.local/lib/python3.12/site-packages/airflow/example_dags/example_kubernetes_executor.py
[2024-06-26T06:57:51.823+0000] {processor.py:840} INFO - DAG(s) 'example_kubernetes_executor' retrieved from /home/airflow/.local/lib/python3.12/site-packages/airflow/example_dags/example_kubernetes_executor.py
[2024-06-26T06:57:52.377+0000] {logging_mixin.py:188} INFO - [2024-06-26T06:57:52.376+0000] {dag.py:3096} INFO - Sync 1 DAGs
[2024-06-26T06:57:52.554+0000] {logging_mixin.py:188} INFO - [2024-06-26T06:57:52.553+0000] {dag.py:3954} INFO - Setting next_dagrun for example_kubernetes_executor to None, run_after=None
[2024-06-26T06:57:52.814+0000] {processor.py:183} INFO - Processing /home/airflow/.local/lib/python3.12/site-packages/airflow/example_dags/example_kubernetes_executor.py took 1.350 seconds
[2024-06-26T06:58:45.182+0000] {processor.py:161} INFO - Started process (PID=1647) to work on /home/airflow/.local/lib/python3.12/site-packages/airflow/example_dags/example_kubernetes_executor.py
[2024-06-26T06:58:45.190+0000] {processor.py:830} INFO - Processing file /home/airflow/.local/lib/python3.12/site-packages/airflow/example_dags/example_kubernetes_executor.py for tasks to queue
[2024-06-26T06:58:45.196+0000] {logging_mixin.py:188} INFO - [2024-06-26T06:58:45.194+0000] {dagbag.py:545} INFO - Filling up the DagBag from /home/airflow/.local/lib/python3.12/site-packages/airflow/example_dags/example_kubernetes_executor.py
[2024-06-26T06:58:45.270+0000] {processor.py:840} INFO - DAG(s) 'example_kubernetes_executor' retrieved from /home/airflow/.local/lib/python3.12/site-packages/airflow/example_dags/example_kubernetes_executor.py
[2024-06-26T06:58:45.499+0000] {logging_mixin.py:188} INFO - [2024-06-26T06:58:45.498+0000] {dag.py:3096} INFO - Sync 1 DAGs
[2024-06-26T06:58:45.586+0000] {logging_mixin.py:188} INFO - [2024-06-26T06:58:45.585+0000] {dag.py:3954} INFO - Setting next_dagrun for example_kubernetes_executor to None, run_after=None
[2024-06-26T06:58:45.682+0000] {processor.py:183} INFO - Processing /home/airflow/.local/lib/python3.12/site-packages/airflow/example_dags/example_kubernetes_executor.py took 0.528 seconds
[2024-06-26T06:59:31.466+0000] {processor.py:161} INFO - Started process (PID=1718) to work on /home/airflow/.local/lib/python3.12/site-packages/airflow/example_dags/example_kubernetes_executor.py
[2024-06-26T06:59:31.470+0000] {processor.py:830} INFO - Processing file /home/airflow/.local/lib/python3.12/site-packages/airflow/example_dags/example_kubernetes_executor.py for tasks to queue
[2024-06-26T06:59:31.476+0000] {logging_mixin.py:188} INFO - [2024-06-26T06:59:31.474+0000] {dagbag.py:545} INFO - Filling up the DagBag from /home/airflow/.local/lib/python3.12/site-packages/airflow/example_dags/example_kubernetes_executor.py
[2024-06-26T06:59:31.535+0000] {processor.py:840} INFO - DAG(s) 'example_kubernetes_executor' retrieved from /home/airflow/.local/lib/python3.12/site-packages/airflow/example_dags/example_kubernetes_executor.py
[2024-06-26T06:59:31.841+0000] {logging_mixin.py:188} INFO - [2024-06-26T06:59:31.840+0000] {dag.py:3096} INFO - Sync 1 DAGs
[2024-06-26T06:59:31.930+0000] {logging_mixin.py:188} INFO - [2024-06-26T06:59:31.928+0000] {dag.py:3954} INFO - Setting next_dagrun for example_kubernetes_executor to None, run_after=None
[2024-06-26T06:59:32.107+0000] {processor.py:183} INFO - Processing /home/airflow/.local/lib/python3.12/site-packages/airflow/example_dags/example_kubernetes_executor.py took 0.671 seconds
[2024-06-26T07:00:08.915+0000] {processor.py:161} INFO - Started process (PID=1783) to work on /home/airflow/.local/lib/python3.12/site-packages/airflow/example_dags/example_kubernetes_executor.py
[2024-06-26T07:00:08.920+0000] {processor.py:830} INFO - Processing file /home/airflow/.local/lib/python3.12/site-packages/airflow/example_dags/example_kubernetes_executor.py for tasks to queue
[2024-06-26T07:00:08.928+0000] {logging_mixin.py:188} INFO - [2024-06-26T07:00:08.927+0000] {dagbag.py:545} INFO - Filling up the DagBag from /home/airflow/.local/lib/python3.12/site-packages/airflow/example_dags/example_kubernetes_executor.py
[2024-06-26T07:00:09.004+0000] {processor.py:840} INFO - DAG(s) 'example_kubernetes_executor' retrieved from /home/airflow/.local/lib/python3.12/site-packages/airflow/example_dags/example_kubernetes_executor.py
[2024-06-26T07:00:09.404+0000] {logging_mixin.py:188} INFO - [2024-06-26T07:00:09.402+0000] {dag.py:3096} INFO - Sync 1 DAGs
[2024-06-26T07:00:09.609+0000] {logging_mixin.py:188} INFO - [2024-06-26T07:00:09.597+0000] {dag.py:3954} INFO - Setting next_dagrun for example_kubernetes_executor to None, run_after=None
[2024-06-26T07:00:09.816+0000] {processor.py:183} INFO - Processing /home/airflow/.local/lib/python3.12/site-packages/airflow/example_dags/example_kubernetes_executor.py took 0.928 seconds
[2024-06-26T07:00:40.365+0000] {processor.py:161} INFO - Started process (PID=1847) to work on /home/airflow/.local/lib/python3.12/site-packages/airflow/example_dags/example_kubernetes_executor.py
[2024-06-26T07:00:40.367+0000] {processor.py:830} INFO - Processing file /home/airflow/.local/lib/python3.12/site-packages/airflow/example_dags/example_kubernetes_executor.py for tasks to queue
[2024-06-26T07:00:40.371+0000] {logging_mixin.py:188} INFO - [2024-06-26T07:00:40.370+0000] {dagbag.py:545} INFO - Filling up the DagBag from /home/airflow/.local/lib/python3.12/site-packages/airflow/example_dags/example_kubernetes_executor.py
[2024-06-26T07:00:40.418+0000] {processor.py:840} INFO - DAG(s) 'example_kubernetes_executor' retrieved from /home/airflow/.local/lib/python3.12/site-packages/airflow/example_dags/example_kubernetes_executor.py
[2024-06-26T07:00:40.620+0000] {logging_mixin.py:188} INFO - [2024-06-26T07:00:40.619+0000] {dag.py:3096} INFO - Sync 1 DAGs
[2024-06-26T07:00:40.675+0000] {logging_mixin.py:188} INFO - [2024-06-26T07:00:40.674+0000] {dag.py:3954} INFO - Setting next_dagrun for example_kubernetes_executor to None, run_after=None
[2024-06-26T07:00:40.740+0000] {processor.py:183} INFO - Processing /home/airflow/.local/lib/python3.12/site-packages/airflow/example_dags/example_kubernetes_executor.py took 0.408 seconds
[2024-06-26T07:01:11.264+0000] {processor.py:161} INFO - Started process (PID=1910) to work on /home/airflow/.local/lib/python3.12/site-packages/airflow/example_dags/example_kubernetes_executor.py
[2024-06-26T07:01:11.266+0000] {processor.py:830} INFO - Processing file /home/airflow/.local/lib/python3.12/site-packages/airflow/example_dags/example_kubernetes_executor.py for tasks to queue
[2024-06-26T07:01:11.267+0000] {logging_mixin.py:188} INFO - [2024-06-26T07:01:11.267+0000] {dagbag.py:545} INFO - Filling up the DagBag from /home/airflow/.local/lib/python3.12/site-packages/airflow/example_dags/example_kubernetes_executor.py
[2024-06-26T07:01:11.284+0000] {processor.py:840} INFO - DAG(s) 'example_kubernetes_executor' retrieved from /home/airflow/.local/lib/python3.12/site-packages/airflow/example_dags/example_kubernetes_executor.py
[2024-06-26T07:01:11.341+0000] {logging_mixin.py:188} INFO - [2024-06-26T07:01:11.341+0000] {dag.py:3096} INFO - Sync 1 DAGs
[2024-06-26T07:01:11.359+0000] {logging_mixin.py:188} INFO - [2024-06-26T07:01:11.358+0000] {dag.py:3954} INFO - Setting next_dagrun for example_kubernetes_executor to None, run_after=None
[2024-06-26T07:01:11.387+0000] {processor.py:183} INFO - Processing /home/airflow/.local/lib/python3.12/site-packages/airflow/example_dags/example_kubernetes_executor.py took 0.131 seconds
[2024-06-26T07:01:41.668+0000] {processor.py:161} INFO - Started process (PID=1973) to work on /home/airflow/.local/lib/python3.12/site-packages/airflow/example_dags/example_kubernetes_executor.py
[2024-06-26T07:01:41.670+0000] {processor.py:830} INFO - Processing file /home/airflow/.local/lib/python3.12/site-packages/airflow/example_dags/example_kubernetes_executor.py for tasks to queue
[2024-06-26T07:01:41.671+0000] {logging_mixin.py:188} INFO - [2024-06-26T07:01:41.671+0000] {dagbag.py:545} INFO - Filling up the DagBag from /home/airflow/.local/lib/python3.12/site-packages/airflow/example_dags/example_kubernetes_executor.py
[2024-06-26T07:01:41.689+0000] {processor.py:840} INFO - DAG(s) 'example_kubernetes_executor' retrieved from /home/airflow/.local/lib/python3.12/site-packages/airflow/example_dags/example_kubernetes_executor.py
[2024-06-26T07:01:41.749+0000] {logging_mixin.py:188} INFO - [2024-06-26T07:01:41.749+0000] {dag.py:3096} INFO - Sync 1 DAGs
[2024-06-26T07:01:41.767+0000] {logging_mixin.py:188} INFO - [2024-06-26T07:01:41.767+0000] {dag.py:3954} INFO - Setting next_dagrun for example_kubernetes_executor to None, run_after=None
[2024-06-26T07:01:41.796+0000] {processor.py:183} INFO - Processing /home/airflow/.local/lib/python3.12/site-packages/airflow/example_dags/example_kubernetes_executor.py took 0.137 seconds
[2024-06-26T07:02:12.013+0000] {processor.py:161} INFO - Started process (PID=2036) to work on /home/airflow/.local/lib/python3.12/site-packages/airflow/example_dags/example_kubernetes_executor.py
[2024-06-26T07:02:12.014+0000] {processor.py:830} INFO - Processing file /home/airflow/.local/lib/python3.12/site-packages/airflow/example_dags/example_kubernetes_executor.py for tasks to queue
[2024-06-26T07:02:12.015+0000] {logging_mixin.py:188} INFO - [2024-06-26T07:02:12.014+0000] {dagbag.py:545} INFO - Filling up the DagBag from /home/airflow/.local/lib/python3.12/site-packages/airflow/example_dags/example_kubernetes_executor.py
[2024-06-26T07:02:12.025+0000] {processor.py:840} INFO - DAG(s) 'example_kubernetes_executor' retrieved from /home/airflow/.local/lib/python3.12/site-packages/airflow/example_dags/example_kubernetes_executor.py
[2024-06-26T07:02:12.061+0000] {logging_mixin.py:188} INFO - [2024-06-26T07:02:12.061+0000] {dag.py:3096} INFO - Sync 1 DAGs
[2024-06-26T07:02:12.073+0000] {logging_mixin.py:188} INFO - [2024-06-26T07:02:12.072+0000] {dag.py:3954} INFO - Setting next_dagrun for example_kubernetes_executor to None, run_after=None
[2024-06-26T07:02:12.092+0000] {processor.py:183} INFO - Processing /home/airflow/.local/lib/python3.12/site-packages/airflow/example_dags/example_kubernetes_executor.py took 0.084 seconds
[2024-06-26T07:02:42.462+0000] {processor.py:161} INFO - Started process (PID=2099) to work on /home/airflow/.local/lib/python3.12/site-packages/airflow/example_dags/example_kubernetes_executor.py
[2024-06-26T07:02:42.463+0000] {processor.py:830} INFO - Processing file /home/airflow/.local/lib/python3.12/site-packages/airflow/example_dags/example_kubernetes_executor.py for tasks to queue
[2024-06-26T07:02:42.464+0000] {logging_mixin.py:188} INFO - [2024-06-26T07:02:42.464+0000] {dagbag.py:545} INFO - Filling up the DagBag from /home/airflow/.local/lib/python3.12/site-packages/airflow/example_dags/example_kubernetes_executor.py
[2024-06-26T07:02:42.473+0000] {processor.py:840} INFO - DAG(s) 'example_kubernetes_executor' retrieved from /home/airflow/.local/lib/python3.12/site-packages/airflow/example_dags/example_kubernetes_executor.py
[2024-06-26T07:02:42.506+0000] {logging_mixin.py:188} INFO - [2024-06-26T07:02:42.506+0000] {dag.py:3096} INFO - Sync 1 DAGs
[2024-06-26T07:02:42.516+0000] {logging_mixin.py:188} INFO - [2024-06-26T07:02:42.516+0000] {dag.py:3954} INFO - Setting next_dagrun for example_kubernetes_executor to None, run_after=None
[2024-06-26T07:02:42.533+0000] {processor.py:183} INFO - Processing /home/airflow/.local/lib/python3.12/site-packages/airflow/example_dags/example_kubernetes_executor.py took 0.076 seconds
[2024-06-26T07:03:13.725+0000] {processor.py:161} INFO - Started process (PID=2168) to work on /home/airflow/.local/lib/python3.12/site-packages/airflow/example_dags/example_kubernetes_executor.py
[2024-06-26T07:03:13.727+0000] {processor.py:830} INFO - Processing file /home/airflow/.local/lib/python3.12/site-packages/airflow/example_dags/example_kubernetes_executor.py for tasks to queue
[2024-06-26T07:03:13.731+0000] {logging_mixin.py:188} INFO - [2024-06-26T07:03:13.729+0000] {dagbag.py:545} INFO - Filling up the DagBag from /home/airflow/.local/lib/python3.12/site-packages/airflow/example_dags/example_kubernetes_executor.py
[2024-06-26T07:03:13.756+0000] {processor.py:840} INFO - DAG(s) 'example_kubernetes_executor' retrieved from /home/airflow/.local/lib/python3.12/site-packages/airflow/example_dags/example_kubernetes_executor.py
[2024-06-26T07:03:14.087+0000] {logging_mixin.py:188} INFO - [2024-06-26T07:03:14.087+0000] {dag.py:3096} INFO - Sync 1 DAGs
[2024-06-26T07:03:14.117+0000] {logging_mixin.py:188} INFO - [2024-06-26T07:03:14.117+0000] {dag.py:3954} INFO - Setting next_dagrun for example_kubernetes_executor to None, run_after=None
[2024-06-26T07:03:14.167+0000] {processor.py:183} INFO - Processing /home/airflow/.local/lib/python3.12/site-packages/airflow/example_dags/example_kubernetes_executor.py took 0.454 seconds
[2024-06-26T07:03:44.972+0000] {processor.py:161} INFO - Started process (PID=2234) to work on /home/airflow/.local/lib/python3.12/site-packages/airflow/example_dags/example_kubernetes_executor.py
[2024-06-26T07:03:44.974+0000] {processor.py:830} INFO - Processing file /home/airflow/.local/lib/python3.12/site-packages/airflow/example_dags/example_kubernetes_executor.py for tasks to queue
[2024-06-26T07:03:44.975+0000] {logging_mixin.py:188} INFO - [2024-06-26T07:03:44.975+0000] {dagbag.py:545} INFO - Filling up the DagBag from /home/airflow/.local/lib/python3.12/site-packages/airflow/example_dags/example_kubernetes_executor.py
[2024-06-26T07:03:44.989+0000] {processor.py:840} INFO - DAG(s) 'example_kubernetes_executor' retrieved from /home/airflow/.local/lib/python3.12/site-packages/airflow/example_dags/example_kubernetes_executor.py
[2024-06-26T07:03:45.041+0000] {logging_mixin.py:188} INFO - [2024-06-26T07:03:45.041+0000] {dag.py:3096} INFO - Sync 1 DAGs
[2024-06-26T07:03:45.199+0000] {logging_mixin.py:188} INFO - [2024-06-26T07:03:45.199+0000] {dag.py:3954} INFO - Setting next_dagrun for example_kubernetes_executor to None, run_after=None
[2024-06-26T07:03:45.229+0000] {processor.py:183} INFO - Processing /home/airflow/.local/lib/python3.12/site-packages/airflow/example_dags/example_kubernetes_executor.py took 0.263 seconds
[2024-06-26T07:04:15.796+0000] {processor.py:161} INFO - Started process (PID=2298) to work on /home/airflow/.local/lib/python3.12/site-packages/airflow/example_dags/example_kubernetes_executor.py
[2024-06-26T07:04:15.799+0000] {processor.py:830} INFO - Processing file /home/airflow/.local/lib/python3.12/site-packages/airflow/example_dags/example_kubernetes_executor.py for tasks to queue
[2024-06-26T07:04:15.802+0000] {logging_mixin.py:188} INFO - [2024-06-26T07:04:15.800+0000] {dagbag.py:545} INFO - Filling up the DagBag from /home/airflow/.local/lib/python3.12/site-packages/airflow/example_dags/example_kubernetes_executor.py
[2024-06-26T07:04:15.833+0000] {processor.py:840} INFO - DAG(s) 'example_kubernetes_executor' retrieved from /home/airflow/.local/lib/python3.12/site-packages/airflow/example_dags/example_kubernetes_executor.py
[2024-06-26T07:04:15.925+0000] {logging_mixin.py:188} INFO - [2024-06-26T07:04:15.924+0000] {dag.py:3096} INFO - Sync 1 DAGs
[2024-06-26T07:04:15.956+0000] {logging_mixin.py:188} INFO - [2024-06-26T07:04:15.955+0000] {dag.py:3954} INFO - Setting next_dagrun for example_kubernetes_executor to None, run_after=None
[2024-06-26T07:04:16.215+0000] {processor.py:183} INFO - Processing /home/airflow/.local/lib/python3.12/site-packages/airflow/example_dags/example_kubernetes_executor.py took 0.432 seconds
[2024-06-26T07:04:46.595+0000] {processor.py:161} INFO - Started process (PID=2364) to work on /home/airflow/.local/lib/python3.12/site-packages/airflow/example_dags/example_kubernetes_executor.py
[2024-06-26T07:04:46.597+0000] {processor.py:830} INFO - Processing file /home/airflow/.local/lib/python3.12/site-packages/airflow/example_dags/example_kubernetes_executor.py for tasks to queue
[2024-06-26T07:04:46.599+0000] {logging_mixin.py:188} INFO - [2024-06-26T07:04:46.599+0000] {dagbag.py:545} INFO - Filling up the DagBag from /home/airflow/.local/lib/python3.12/site-packages/airflow/example_dags/example_kubernetes_executor.py
[2024-06-26T07:04:46.619+0000] {processor.py:840} INFO - DAG(s) 'example_kubernetes_executor' retrieved from /home/airflow/.local/lib/python3.12/site-packages/airflow/example_dags/example_kubernetes_executor.py
[2024-06-26T07:04:46.689+0000] {logging_mixin.py:188} INFO - [2024-06-26T07:04:46.689+0000] {dag.py:3096} INFO - Sync 1 DAGs
[2024-06-26T07:04:46.713+0000] {logging_mixin.py:188} INFO - [2024-06-26T07:04:46.712+0000] {dag.py:3954} INFO - Setting next_dagrun for example_kubernetes_executor to None, run_after=None
[2024-06-26T07:04:46.753+0000] {processor.py:183} INFO - Processing /home/airflow/.local/lib/python3.12/site-packages/airflow/example_dags/example_kubernetes_executor.py took 0.168 seconds
[2024-06-26T07:05:17.742+0000] {processor.py:161} INFO - Started process (PID=2430) to work on /home/airflow/.local/lib/python3.12/site-packages/airflow/example_dags/example_kubernetes_executor.py
[2024-06-26T07:05:17.744+0000] {processor.py:830} INFO - Processing file /home/airflow/.local/lib/python3.12/site-packages/airflow/example_dags/example_kubernetes_executor.py for tasks to queue
[2024-06-26T07:05:17.748+0000] {logging_mixin.py:188} INFO - [2024-06-26T07:05:17.747+0000] {dagbag.py:545} INFO - Filling up the DagBag from /home/airflow/.local/lib/python3.12/site-packages/airflow/example_dags/example_kubernetes_executor.py
[2024-06-26T07:05:17.775+0000] {processor.py:840} INFO - DAG(s) 'example_kubernetes_executor' retrieved from /home/airflow/.local/lib/python3.12/site-packages/airflow/example_dags/example_kubernetes_executor.py
[2024-06-26T07:05:17.870+0000] {logging_mixin.py:188} INFO - [2024-06-26T07:05:17.869+0000] {dag.py:3096} INFO - Sync 1 DAGs
[2024-06-26T07:05:17.900+0000] {logging_mixin.py:188} INFO - [2024-06-26T07:05:17.900+0000] {dag.py:3954} INFO - Setting next_dagrun for example_kubernetes_executor to None, run_after=None
[2024-06-26T07:05:17.955+0000] {processor.py:183} INFO - Processing /home/airflow/.local/lib/python3.12/site-packages/airflow/example_dags/example_kubernetes_executor.py took 0.227 seconds
[2024-06-26T07:05:50.141+0000] {processor.py:161} INFO - Started process (PID=2493) to work on /home/airflow/.local/lib/python3.12/site-packages/airflow/example_dags/example_kubernetes_executor.py
[2024-06-26T07:05:50.145+0000] {processor.py:830} INFO - Processing file /home/airflow/.local/lib/python3.12/site-packages/airflow/example_dags/example_kubernetes_executor.py for tasks to queue
[2024-06-26T07:05:50.148+0000] {logging_mixin.py:188} INFO - [2024-06-26T07:05:50.147+0000] {dagbag.py:545} INFO - Filling up the DagBag from /home/airflow/.local/lib/python3.12/site-packages/airflow/example_dags/example_kubernetes_executor.py
[2024-06-26T07:05:50.195+0000] {processor.py:840} INFO - DAG(s) 'example_kubernetes_executor' retrieved from /home/airflow/.local/lib/python3.12/site-packages/airflow/example_dags/example_kubernetes_executor.py
[2024-06-26T07:05:50.349+0000] {logging_mixin.py:188} INFO - [2024-06-26T07:05:50.348+0000] {dag.py:3096} INFO - Sync 1 DAGs
[2024-06-26T07:05:50.409+0000] {logging_mixin.py:188} INFO - [2024-06-26T07:05:50.408+0000] {dag.py:3954} INFO - Setting next_dagrun for example_kubernetes_executor to None, run_after=None
[2024-06-26T07:05:50.488+0000] {processor.py:183} INFO - Processing /home/airflow/.local/lib/python3.12/site-packages/airflow/example_dags/example_kubernetes_executor.py took 0.368 seconds
[2024-06-26T07:06:20.919+0000] {processor.py:161} INFO - Started process (PID=2555) to work on /home/airflow/.local/lib/python3.12/site-packages/airflow/example_dags/example_kubernetes_executor.py
[2024-06-26T07:06:20.920+0000] {processor.py:830} INFO - Processing file /home/airflow/.local/lib/python3.12/site-packages/airflow/example_dags/example_kubernetes_executor.py for tasks to queue
[2024-06-26T07:06:20.921+0000] {logging_mixin.py:188} INFO - [2024-06-26T07:06:20.921+0000] {dagbag.py:545} INFO - Filling up the DagBag from /home/airflow/.local/lib/python3.12/site-packages/airflow/example_dags/example_kubernetes_executor.py
[2024-06-26T07:06:20.934+0000] {processor.py:840} INFO - DAG(s) 'example_kubernetes_executor' retrieved from /home/airflow/.local/lib/python3.12/site-packages/airflow/example_dags/example_kubernetes_executor.py
[2024-06-26T07:06:20.970+0000] {logging_mixin.py:188} INFO - [2024-06-26T07:06:20.969+0000] {dag.py:3096} INFO - Sync 1 DAGs
[2024-06-26T07:06:20.980+0000] {logging_mixin.py:188} INFO - [2024-06-26T07:06:20.980+0000] {dag.py:3954} INFO - Setting next_dagrun for example_kubernetes_executor to None, run_after=None
[2024-06-26T07:06:21.004+0000] {processor.py:183} INFO - Processing /home/airflow/.local/lib/python3.12/site-packages/airflow/example_dags/example_kubernetes_executor.py took 0.090 seconds
[2024-06-26T07:06:51.606+0000] {processor.py:161} INFO - Started process (PID=2617) to work on /home/airflow/.local/lib/python3.12/site-packages/airflow/example_dags/example_kubernetes_executor.py
[2024-06-26T07:06:51.607+0000] {processor.py:830} INFO - Processing file /home/airflow/.local/lib/python3.12/site-packages/airflow/example_dags/example_kubernetes_executor.py for tasks to queue
[2024-06-26T07:06:51.609+0000] {logging_mixin.py:188} INFO - [2024-06-26T07:06:51.609+0000] {dagbag.py:545} INFO - Filling up the DagBag from /home/airflow/.local/lib/python3.12/site-packages/airflow/example_dags/example_kubernetes_executor.py
[2024-06-26T07:06:51.625+0000] {processor.py:840} INFO - DAG(s) 'example_kubernetes_executor' retrieved from /home/airflow/.local/lib/python3.12/site-packages/airflow/example_dags/example_kubernetes_executor.py
[2024-06-26T07:06:51.680+0000] {logging_mixin.py:188} INFO - [2024-06-26T07:06:51.680+0000] {dag.py:3096} INFO - Sync 1 DAGs
[2024-06-26T07:06:51.697+0000] {logging_mixin.py:188} INFO - [2024-06-26T07:06:51.697+0000] {dag.py:3954} INFO - Setting next_dagrun for example_kubernetes_executor to None, run_after=None
[2024-06-26T07:06:51.730+0000] {processor.py:183} INFO - Processing /home/airflow/.local/lib/python3.12/site-packages/airflow/example_dags/example_kubernetes_executor.py took 0.134 seconds
[2024-06-26T07:07:22.450+0000] {processor.py:161} INFO - Started process (PID=2679) to work on /home/airflow/.local/lib/python3.12/site-packages/airflow/example_dags/example_kubernetes_executor.py
[2024-06-26T07:07:22.451+0000] {processor.py:830} INFO - Processing file /home/airflow/.local/lib/python3.12/site-packages/airflow/example_dags/example_kubernetes_executor.py for tasks to queue
[2024-06-26T07:07:22.453+0000] {logging_mixin.py:188} INFO - [2024-06-26T07:07:22.452+0000] {dagbag.py:545} INFO - Filling up the DagBag from /home/airflow/.local/lib/python3.12/site-packages/airflow/example_dags/example_kubernetes_executor.py
[2024-06-26T07:07:22.467+0000] {processor.py:840} INFO - DAG(s) 'example_kubernetes_executor' retrieved from /home/airflow/.local/lib/python3.12/site-packages/airflow/example_dags/example_kubernetes_executor.py
[2024-06-26T07:07:22.514+0000] {logging_mixin.py:188} INFO - [2024-06-26T07:07:22.514+0000] {dag.py:3096} INFO - Sync 1 DAGs
[2024-06-26T07:07:22.532+0000] {logging_mixin.py:188} INFO - [2024-06-26T07:07:22.532+0000] {dag.py:3954} INFO - Setting next_dagrun for example_kubernetes_executor to None, run_after=None
[2024-06-26T07:07:22.559+0000] {processor.py:183} INFO - Processing /home/airflow/.local/lib/python3.12/site-packages/airflow/example_dags/example_kubernetes_executor.py took 0.115 seconds
[2024-06-26T07:08:06.402+0000] {processor.py:161} INFO - Started process (PID=2747) to work on /home/airflow/.local/lib/python3.12/site-packages/airflow/example_dags/example_kubernetes_executor.py
[2024-06-26T07:08:06.466+0000] {processor.py:830} INFO - Processing file /home/airflow/.local/lib/python3.12/site-packages/airflow/example_dags/example_kubernetes_executor.py for tasks to queue
[2024-06-26T07:08:06.486+0000] {logging_mixin.py:188} INFO - [2024-06-26T07:08:06.485+0000] {dagbag.py:545} INFO - Filling up the DagBag from /home/airflow/.local/lib/python3.12/site-packages/airflow/example_dags/example_kubernetes_executor.py
[2024-06-26T07:08:06.759+0000] {processor.py:840} INFO - DAG(s) 'example_kubernetes_executor' retrieved from /home/airflow/.local/lib/python3.12/site-packages/airflow/example_dags/example_kubernetes_executor.py
[2024-06-26T07:08:07.469+0000] {logging_mixin.py:188} INFO - [2024-06-26T07:08:07.456+0000] {dag.py:3096} INFO - Sync 1 DAGs
[2024-06-26T07:08:07.709+0000] {logging_mixin.py:188} INFO - [2024-06-26T07:08:07.698+0000] {dag.py:3954} INFO - Setting next_dagrun for example_kubernetes_executor to None, run_after=None
[2024-06-26T07:08:08.037+0000] {processor.py:183} INFO - Processing /home/airflow/.local/lib/python3.12/site-packages/airflow/example_dags/example_kubernetes_executor.py took 1.719 seconds
[2024-06-26T07:08:38.418+0000] {processor.py:161} INFO - Started process (PID=2809) to work on /home/airflow/.local/lib/python3.12/site-packages/airflow/example_dags/example_kubernetes_executor.py
[2024-06-26T07:08:38.422+0000] {processor.py:830} INFO - Processing file /home/airflow/.local/lib/python3.12/site-packages/airflow/example_dags/example_kubernetes_executor.py for tasks to queue
[2024-06-26T07:08:38.426+0000] {logging_mixin.py:188} INFO - [2024-06-26T07:08:38.425+0000] {dagbag.py:545} INFO - Filling up the DagBag from /home/airflow/.local/lib/python3.12/site-packages/airflow/example_dags/example_kubernetes_executor.py
[2024-06-26T07:08:38.487+0000] {processor.py:840} INFO - DAG(s) 'example_kubernetes_executor' retrieved from /home/airflow/.local/lib/python3.12/site-packages/airflow/example_dags/example_kubernetes_executor.py
[2024-06-26T07:08:38.661+0000] {logging_mixin.py:188} INFO - [2024-06-26T07:08:38.660+0000] {dag.py:3096} INFO - Sync 1 DAGs
[2024-06-26T07:08:38.727+0000] {logging_mixin.py:188} INFO - [2024-06-26T07:08:38.726+0000] {dag.py:3954} INFO - Setting next_dagrun for example_kubernetes_executor to None, run_after=None
[2024-06-26T07:08:38.824+0000] {processor.py:183} INFO - Processing /home/airflow/.local/lib/python3.12/site-packages/airflow/example_dags/example_kubernetes_executor.py took 0.433 seconds
[2024-06-26T07:09:18.857+0000] {processor.py:161} INFO - Started process (PID=2887) to work on /home/airflow/.local/lib/python3.12/site-packages/airflow/example_dags/example_kubernetes_executor.py
[2024-06-26T07:09:18.859+0000] {processor.py:830} INFO - Processing file /home/airflow/.local/lib/python3.12/site-packages/airflow/example_dags/example_kubernetes_executor.py for tasks to queue
[2024-06-26T07:09:18.863+0000] {logging_mixin.py:188} INFO - [2024-06-26T07:09:18.861+0000] {dagbag.py:545} INFO - Filling up the DagBag from /home/airflow/.local/lib/python3.12/site-packages/airflow/example_dags/example_kubernetes_executor.py
[2024-06-26T07:09:18.923+0000] {processor.py:840} INFO - DAG(s) 'example_kubernetes_executor' retrieved from /home/airflow/.local/lib/python3.12/site-packages/airflow/example_dags/example_kubernetes_executor.py
[2024-06-26T07:09:19.140+0000] {logging_mixin.py:188} INFO - [2024-06-26T07:09:19.139+0000] {dag.py:3096} INFO - Sync 1 DAGs
[2024-06-26T07:09:19.200+0000] {logging_mixin.py:188} INFO - [2024-06-26T07:09:19.197+0000] {dag.py:3954} INFO - Setting next_dagrun for example_kubernetes_executor to None, run_after=None
[2024-06-26T07:09:19.320+0000] {processor.py:183} INFO - Processing /home/airflow/.local/lib/python3.12/site-packages/airflow/example_dags/example_kubernetes_executor.py took 0.483 seconds
[2024-06-26T07:10:39.030+0000] {processor.py:161} INFO - Started process (PID=2962) to work on /home/airflow/.local/lib/python3.12/site-packages/airflow/example_dags/example_kubernetes_executor.py
[2024-06-26T07:10:39.037+0000] {processor.py:830} INFO - Processing file /home/airflow/.local/lib/python3.12/site-packages/airflow/example_dags/example_kubernetes_executor.py for tasks to queue
[2024-06-26T07:10:39.041+0000] {logging_mixin.py:188} INFO - [2024-06-26T07:10:39.040+0000] {dagbag.py:545} INFO - Filling up the DagBag from /home/airflow/.local/lib/python3.12/site-packages/airflow/example_dags/example_kubernetes_executor.py
[2024-06-26T07:10:39.113+0000] {processor.py:840} INFO - DAG(s) 'example_kubernetes_executor' retrieved from /home/airflow/.local/lib/python3.12/site-packages/airflow/example_dags/example_kubernetes_executor.py
[2024-06-26T07:10:39.344+0000] {logging_mixin.py:188} INFO - [2024-06-26T07:10:39.343+0000] {dag.py:3096} INFO - Sync 1 DAGs
[2024-06-26T07:10:39.411+0000] {logging_mixin.py:188} INFO - [2024-06-26T07:10:39.411+0000] {dag.py:3954} INFO - Setting next_dagrun for example_kubernetes_executor to None, run_after=None
[2024-06-26T07:10:39.502+0000] {processor.py:183} INFO - Processing /home/airflow/.local/lib/python3.12/site-packages/airflow/example_dags/example_kubernetes_executor.py took 0.492 seconds
[2024-06-26T07:11:09.995+0000] {processor.py:161} INFO - Started process (PID=3025) to work on /home/airflow/.local/lib/python3.12/site-packages/airflow/example_dags/example_kubernetes_executor.py
[2024-06-26T07:11:09.999+0000] {processor.py:830} INFO - Processing file /home/airflow/.local/lib/python3.12/site-packages/airflow/example_dags/example_kubernetes_executor.py for tasks to queue
[2024-06-26T07:11:10.008+0000] {logging_mixin.py:188} INFO - [2024-06-26T07:11:10.004+0000] {dagbag.py:545} INFO - Filling up the DagBag from /home/airflow/.local/lib/python3.12/site-packages/airflow/example_dags/example_kubernetes_executor.py
[2024-06-26T07:11:10.111+0000] {processor.py:840} INFO - DAG(s) 'example_kubernetes_executor' retrieved from /home/airflow/.local/lib/python3.12/site-packages/airflow/example_dags/example_kubernetes_executor.py
[2024-06-26T07:11:10.323+0000] {logging_mixin.py:188} INFO - [2024-06-26T07:11:10.322+0000] {dag.py:3096} INFO - Sync 1 DAGs
[2024-06-26T07:11:10.383+0000] {logging_mixin.py:188} INFO - [2024-06-26T07:11:10.382+0000] {dag.py:3954} INFO - Setting next_dagrun for example_kubernetes_executor to None, run_after=None
[2024-06-26T07:11:10.491+0000] {processor.py:183} INFO - Processing /home/airflow/.local/lib/python3.12/site-packages/airflow/example_dags/example_kubernetes_executor.py took 0.535 seconds
[2024-06-26T07:11:47.578+0000] {processor.py:161} INFO - Started process (PID=3088) to work on /home/airflow/.local/lib/python3.12/site-packages/airflow/example_dags/example_kubernetes_executor.py
[2024-06-26T07:11:47.592+0000] {processor.py:830} INFO - Processing file /home/airflow/.local/lib/python3.12/site-packages/airflow/example_dags/example_kubernetes_executor.py for tasks to queue
[2024-06-26T07:11:47.606+0000] {logging_mixin.py:188} INFO - [2024-06-26T07:11:47.596+0000] {dagbag.py:545} INFO - Filling up the DagBag from /home/airflow/.local/lib/python3.12/site-packages/airflow/example_dags/example_kubernetes_executor.py
[2024-06-26T07:11:47.799+0000] {processor.py:840} INFO - DAG(s) 'example_kubernetes_executor' retrieved from /home/airflow/.local/lib/python3.12/site-packages/airflow/example_dags/example_kubernetes_executor.py
[2024-06-26T07:11:48.193+0000] {logging_mixin.py:188} INFO - [2024-06-26T07:11:48.192+0000] {dag.py:3096} INFO - Sync 1 DAGs
[2024-06-26T07:11:48.269+0000] {logging_mixin.py:188} INFO - [2024-06-26T07:11:48.268+0000] {dag.py:3954} INFO - Setting next_dagrun for example_kubernetes_executor to None, run_after=None
[2024-06-26T07:11:48.384+0000] {processor.py:183} INFO - Processing /home/airflow/.local/lib/python3.12/site-packages/airflow/example_dags/example_kubernetes_executor.py took 0.871 seconds
[2024-06-26T07:12:23.067+0000] {processor.py:161} INFO - Started process (PID=3159) to work on /home/airflow/.local/lib/python3.12/site-packages/airflow/example_dags/example_kubernetes_executor.py
[2024-06-26T07:12:23.083+0000] {processor.py:830} INFO - Processing file /home/airflow/.local/lib/python3.12/site-packages/airflow/example_dags/example_kubernetes_executor.py for tasks to queue
[2024-06-26T07:12:23.088+0000] {logging_mixin.py:188} INFO - [2024-06-26T07:12:23.086+0000] {dagbag.py:545} INFO - Filling up the DagBag from /home/airflow/.local/lib/python3.12/site-packages/airflow/example_dags/example_kubernetes_executor.py
[2024-06-26T07:12:23.189+0000] {processor.py:840} INFO - DAG(s) 'example_kubernetes_executor' retrieved from /home/airflow/.local/lib/python3.12/site-packages/airflow/example_dags/example_kubernetes_executor.py
[2024-06-26T07:12:23.637+0000] {logging_mixin.py:188} INFO - [2024-06-26T07:12:23.636+0000] {dag.py:3096} INFO - Sync 1 DAGs
[2024-06-26T07:12:23.820+0000] {logging_mixin.py:188} INFO - [2024-06-26T07:12:23.818+0000] {dag.py:3954} INFO - Setting next_dagrun for example_kubernetes_executor to None, run_after=None
[2024-06-26T07:12:24.143+0000] {processor.py:183} INFO - Processing /home/airflow/.local/lib/python3.12/site-packages/airflow/example_dags/example_kubernetes_executor.py took 1.170 seconds
[2024-06-26T07:13:22.934+0000] {processor.py:161} INFO - Started process (PID=3233) to work on /home/airflow/.local/lib/python3.12/site-packages/airflow/example_dags/example_kubernetes_executor.py
[2024-06-26T07:13:22.965+0000] {processor.py:830} INFO - Processing file /home/airflow/.local/lib/python3.12/site-packages/airflow/example_dags/example_kubernetes_executor.py for tasks to queue
[2024-06-26T07:13:22.972+0000] {logging_mixin.py:188} INFO - [2024-06-26T07:13:22.970+0000] {dagbag.py:545} INFO - Filling up the DagBag from /home/airflow/.local/lib/python3.12/site-packages/airflow/example_dags/example_kubernetes_executor.py
[2024-06-26T07:13:23.032+0000] {processor.py:840} INFO - DAG(s) 'example_kubernetes_executor' retrieved from /home/airflow/.local/lib/python3.12/site-packages/airflow/example_dags/example_kubernetes_executor.py
[2024-06-26T07:13:23.169+0000] {logging_mixin.py:188} INFO - [2024-06-26T07:13:23.168+0000] {dag.py:3096} INFO - Sync 1 DAGs
[2024-06-26T07:13:23.219+0000] {logging_mixin.py:188} INFO - [2024-06-26T07:13:23.218+0000] {dag.py:3954} INFO - Setting next_dagrun for example_kubernetes_executor to None, run_after=None
[2024-06-26T07:13:23.290+0000] {processor.py:183} INFO - Processing /home/airflow/.local/lib/python3.12/site-packages/airflow/example_dags/example_kubernetes_executor.py took 0.453 seconds
[2024-06-26T07:13:53.941+0000] {processor.py:161} INFO - Started process (PID=3296) to work on /home/airflow/.local/lib/python3.12/site-packages/airflow/example_dags/example_kubernetes_executor.py
[2024-06-26T07:13:53.962+0000] {processor.py:830} INFO - Processing file /home/airflow/.local/lib/python3.12/site-packages/airflow/example_dags/example_kubernetes_executor.py for tasks to queue
[2024-06-26T07:13:53.973+0000] {logging_mixin.py:188} INFO - [2024-06-26T07:13:53.971+0000] {dagbag.py:545} INFO - Filling up the DagBag from /home/airflow/.local/lib/python3.12/site-packages/airflow/example_dags/example_kubernetes_executor.py
[2024-06-26T07:13:54.093+0000] {processor.py:840} INFO - DAG(s) 'example_kubernetes_executor' retrieved from /home/airflow/.local/lib/python3.12/site-packages/airflow/example_dags/example_kubernetes_executor.py
[2024-06-26T07:13:54.582+0000] {logging_mixin.py:188} INFO - [2024-06-26T07:13:54.581+0000] {dag.py:3096} INFO - Sync 1 DAGs
[2024-06-26T07:13:54.692+0000] {logging_mixin.py:188} INFO - [2024-06-26T07:13:54.691+0000] {dag.py:3954} INFO - Setting next_dagrun for example_kubernetes_executor to None, run_after=None
[2024-06-26T07:13:54.903+0000] {processor.py:183} INFO - Processing /home/airflow/.local/lib/python3.12/site-packages/airflow/example_dags/example_kubernetes_executor.py took 1.015 seconds
[2024-06-26T07:14:25.063+0000] {processor.py:161} INFO - Started process (PID=3359) to work on /home/airflow/.local/lib/python3.12/site-packages/airflow/example_dags/example_kubernetes_executor.py
[2024-06-26T07:14:25.066+0000] {processor.py:830} INFO - Processing file /home/airflow/.local/lib/python3.12/site-packages/airflow/example_dags/example_kubernetes_executor.py for tasks to queue
[2024-06-26T07:14:25.069+0000] {logging_mixin.py:188} INFO - [2024-06-26T07:14:25.068+0000] {dagbag.py:545} INFO - Filling up the DagBag from /home/airflow/.local/lib/python3.12/site-packages/airflow/example_dags/example_kubernetes_executor.py
[2024-06-26T07:14:25.097+0000] {processor.py:840} INFO - DAG(s) 'example_kubernetes_executor' retrieved from /home/airflow/.local/lib/python3.12/site-packages/airflow/example_dags/example_kubernetes_executor.py
[2024-06-26T07:14:25.191+0000] {logging_mixin.py:188} INFO - [2024-06-26T07:14:25.191+0000] {dag.py:3096} INFO - Sync 1 DAGs
[2024-06-26T07:14:25.218+0000] {logging_mixin.py:188} INFO - [2024-06-26T07:14:25.218+0000] {dag.py:3954} INFO - Setting next_dagrun for example_kubernetes_executor to None, run_after=None
[2024-06-26T07:14:25.262+0000] {processor.py:183} INFO - Processing /home/airflow/.local/lib/python3.12/site-packages/airflow/example_dags/example_kubernetes_executor.py took 0.214 seconds
[2024-06-26T07:14:56.054+0000] {processor.py:161} INFO - Started process (PID=3428) to work on /home/airflow/.local/lib/python3.12/site-packages/airflow/example_dags/example_kubernetes_executor.py
[2024-06-26T07:14:56.059+0000] {processor.py:830} INFO - Processing file /home/airflow/.local/lib/python3.12/site-packages/airflow/example_dags/example_kubernetes_executor.py for tasks to queue
[2024-06-26T07:14:56.064+0000] {logging_mixin.py:188} INFO - [2024-06-26T07:14:56.063+0000] {dagbag.py:545} INFO - Filling up the DagBag from /home/airflow/.local/lib/python3.12/site-packages/airflow/example_dags/example_kubernetes_executor.py
[2024-06-26T07:14:56.125+0000] {processor.py:840} INFO - DAG(s) 'example_kubernetes_executor' retrieved from /home/airflow/.local/lib/python3.12/site-packages/airflow/example_dags/example_kubernetes_executor.py
[2024-06-26T07:14:56.308+0000] {logging_mixin.py:188} INFO - [2024-06-26T07:14:56.307+0000] {dag.py:3096} INFO - Sync 1 DAGs
[2024-06-26T07:14:56.377+0000] {logging_mixin.py:188} INFO - [2024-06-26T07:14:56.376+0000] {dag.py:3954} INFO - Setting next_dagrun for example_kubernetes_executor to None, run_after=None
[2024-06-26T07:14:56.486+0000] {processor.py:183} INFO - Processing /home/airflow/.local/lib/python3.12/site-packages/airflow/example_dags/example_kubernetes_executor.py took 0.458 seconds
[2024-06-26T07:15:42.534+0000] {processor.py:161} INFO - Started process (PID=3497) to work on /home/airflow/.local/lib/python3.12/site-packages/airflow/example_dags/example_kubernetes_executor.py
[2024-06-26T07:15:42.578+0000] {processor.py:830} INFO - Processing file /home/airflow/.local/lib/python3.12/site-packages/airflow/example_dags/example_kubernetes_executor.py for tasks to queue
[2024-06-26T07:15:42.591+0000] {logging_mixin.py:188} INFO - [2024-06-26T07:15:42.589+0000] {dagbag.py:545} INFO - Filling up the DagBag from /home/airflow/.local/lib/python3.12/site-packages/airflow/example_dags/example_kubernetes_executor.py
[2024-06-26T07:15:42.800+0000] {processor.py:840} INFO - DAG(s) 'example_kubernetes_executor' retrieved from /home/airflow/.local/lib/python3.12/site-packages/airflow/example_dags/example_kubernetes_executor.py
[2024-06-26T07:15:43.676+0000] {logging_mixin.py:188} INFO - [2024-06-26T07:15:43.674+0000] {dag.py:3096} INFO - Sync 1 DAGs
[2024-06-26T07:15:43.869+0000] {logging_mixin.py:188} INFO - [2024-06-26T07:15:43.856+0000] {dag.py:3954} INFO - Setting next_dagrun for example_kubernetes_executor to None, run_after=None
[2024-06-26T07:15:44.198+0000] {processor.py:183} INFO - Processing /home/airflow/.local/lib/python3.12/site-packages/airflow/example_dags/example_kubernetes_executor.py took 1.731 seconds
[2024-06-26T07:16:45.928+0000] {processor.py:161} INFO - Started process (PID=3575) to work on /home/airflow/.local/lib/python3.12/site-packages/airflow/example_dags/example_kubernetes_executor.py
[2024-06-26T07:16:45.951+0000] {processor.py:830} INFO - Processing file /home/airflow/.local/lib/python3.12/site-packages/airflow/example_dags/example_kubernetes_executor.py for tasks to queue
[2024-06-26T07:16:45.973+0000] {logging_mixin.py:188} INFO - [2024-06-26T07:16:45.972+0000] {dagbag.py:545} INFO - Filling up the DagBag from /home/airflow/.local/lib/python3.12/site-packages/airflow/example_dags/example_kubernetes_executor.py
[2024-06-26T07:16:46.452+0000] {processor.py:840} INFO - DAG(s) 'example_kubernetes_executor' retrieved from /home/airflow/.local/lib/python3.12/site-packages/airflow/example_dags/example_kubernetes_executor.py
[2024-06-26T07:16:52.539+0000] {logging_mixin.py:188} INFO - [2024-06-26T07:16:52.538+0000] {process_utils.py:263} INFO - Waiting up to 5 seconds for processes to exit...
[2024-06-26T07:39:21.342+0000] {processor.py:161} INFO - Started process (PID=91) to work on /home/airflow/.local/lib/python3.12/site-packages/airflow/example_dags/example_kubernetes_executor.py
[2024-06-26T07:39:21.346+0000] {processor.py:830} INFO - Processing file /home/airflow/.local/lib/python3.12/site-packages/airflow/example_dags/example_kubernetes_executor.py for tasks to queue
[2024-06-26T07:39:21.353+0000] {logging_mixin.py:188} INFO - [2024-06-26T07:39:21.352+0000] {dagbag.py:545} INFO - Filling up the DagBag from /home/airflow/.local/lib/python3.12/site-packages/airflow/example_dags/example_kubernetes_executor.py
[2024-06-26T07:39:21.423+0000] {processor.py:840} INFO - DAG(s) 'example_kubernetes_executor' retrieved from /home/airflow/.local/lib/python3.12/site-packages/airflow/example_dags/example_kubernetes_executor.py
[2024-06-26T07:39:21.907+0000] {logging_mixin.py:188} INFO - [2024-06-26T07:39:21.906+0000] {dag.py:3096} INFO - Sync 1 DAGs
[2024-06-26T07:39:21.953+0000] {logging_mixin.py:188} INFO - [2024-06-26T07:39:21.952+0000] {dag.py:3954} INFO - Setting next_dagrun for example_kubernetes_executor to None, run_after=None
[2024-06-26T07:39:22.033+0000] {processor.py:183} INFO - Processing /home/airflow/.local/lib/python3.12/site-packages/airflow/example_dags/example_kubernetes_executor.py took 0.714 seconds
[2024-06-26T07:39:52.176+0000] {processor.py:161} INFO - Started process (PID=156) to work on /home/airflow/.local/lib/python3.12/site-packages/airflow/example_dags/example_kubernetes_executor.py
[2024-06-26T07:39:52.177+0000] {processor.py:830} INFO - Processing file /home/airflow/.local/lib/python3.12/site-packages/airflow/example_dags/example_kubernetes_executor.py for tasks to queue
[2024-06-26T07:39:52.180+0000] {logging_mixin.py:188} INFO - [2024-06-26T07:39:52.180+0000] {dagbag.py:545} INFO - Filling up the DagBag from /home/airflow/.local/lib/python3.12/site-packages/airflow/example_dags/example_kubernetes_executor.py
[2024-06-26T07:39:52.201+0000] {processor.py:840} INFO - DAG(s) 'example_kubernetes_executor' retrieved from /home/airflow/.local/lib/python3.12/site-packages/airflow/example_dags/example_kubernetes_executor.py
[2024-06-26T07:39:52.264+0000] {logging_mixin.py:188} INFO - [2024-06-26T07:39:52.264+0000] {dag.py:3096} INFO - Sync 1 DAGs
[2024-06-26T07:39:52.288+0000] {logging_mixin.py:188} INFO - [2024-06-26T07:39:52.287+0000] {dag.py:3954} INFO - Setting next_dagrun for example_kubernetes_executor to None, run_after=None
[2024-06-26T07:39:52.321+0000] {processor.py:183} INFO - Processing /home/airflow/.local/lib/python3.12/site-packages/airflow/example_dags/example_kubernetes_executor.py took 0.155 seconds
[2024-06-26T07:41:06.685+0000] {processor.py:161} INFO - Started process (PID=229) to work on /home/airflow/.local/lib/python3.12/site-packages/airflow/example_dags/example_kubernetes_executor.py
[2024-06-26T07:41:06.781+0000] {processor.py:830} INFO - Processing file /home/airflow/.local/lib/python3.12/site-packages/airflow/example_dags/example_kubernetes_executor.py for tasks to queue
[2024-06-26T07:41:06.799+0000] {logging_mixin.py:188} INFO - [2024-06-26T07:41:06.797+0000] {dagbag.py:545} INFO - Filling up the DagBag from /home/airflow/.local/lib/python3.12/site-packages/airflow/example_dags/example_kubernetes_executor.py
[2024-06-26T07:41:07.144+0000] {processor.py:840} INFO - DAG(s) 'example_kubernetes_executor' retrieved from /home/airflow/.local/lib/python3.12/site-packages/airflow/example_dags/example_kubernetes_executor.py
[2024-06-26T07:41:08.270+0000] {logging_mixin.py:188} INFO - [2024-06-26T07:41:08.263+0000] {dag.py:3096} INFO - Sync 1 DAGs
[2024-06-26T07:41:08.478+0000] {logging_mixin.py:188} INFO - [2024-06-26T07:41:08.464+0000] {dag.py:3954} INFO - Setting next_dagrun for example_kubernetes_executor to None, run_after=None
[2024-06-26T07:41:09.230+0000] {processor.py:183} INFO - Processing /home/airflow/.local/lib/python3.12/site-packages/airflow/example_dags/example_kubernetes_executor.py took 2.618 seconds
[2024-06-26T07:42:38.788+0000] {processor.py:161} INFO - Started process (PID=310) to work on /home/airflow/.local/lib/python3.12/site-packages/airflow/example_dags/example_kubernetes_executor.py
[2024-06-26T07:42:38.810+0000] {processor.py:830} INFO - Processing file /home/airflow/.local/lib/python3.12/site-packages/airflow/example_dags/example_kubernetes_executor.py for tasks to queue
[2024-06-26T07:42:38.830+0000] {logging_mixin.py:188} INFO - [2024-06-26T07:42:38.823+0000] {dagbag.py:545} INFO - Filling up the DagBag from /home/airflow/.local/lib/python3.12/site-packages/airflow/example_dags/example_kubernetes_executor.py
[2024-06-26T07:42:39.090+0000] {processor.py:840} INFO - DAG(s) 'example_kubernetes_executor' retrieved from /home/airflow/.local/lib/python3.12/site-packages/airflow/example_dags/example_kubernetes_executor.py
[2024-06-26T07:42:39.604+0000] {logging_mixin.py:188} INFO - [2024-06-26T07:42:39.592+0000] {dag.py:3096} INFO - Sync 1 DAGs
[2024-06-26T07:42:39.777+0000] {logging_mixin.py:188} INFO - [2024-06-26T07:42:39.776+0000] {dag.py:3954} INFO - Setting next_dagrun for example_kubernetes_executor to None, run_after=None
[2024-06-26T07:42:40.801+0000] {processor.py:183} INFO - Processing /home/airflow/.local/lib/python3.12/site-packages/airflow/example_dags/example_kubernetes_executor.py took 2.063 seconds
[2024-06-26T07:47:49.543+0000] {processor.py:161} INFO - Started process (PID=446) to work on /home/airflow/.local/lib/python3.12/site-packages/airflow/example_dags/example_kubernetes_executor.py
[2024-06-26T07:47:49.558+0000] {processor.py:830} INFO - Processing file /home/airflow/.local/lib/python3.12/site-packages/airflow/example_dags/example_kubernetes_executor.py for tasks to queue
[2024-06-26T07:47:49.595+0000] {logging_mixin.py:188} INFO - [2024-06-26T07:47:49.578+0000] {dagbag.py:545} INFO - Filling up the DagBag from /home/airflow/.local/lib/python3.12/site-packages/airflow/example_dags/example_kubernetes_executor.py
[2024-06-26T07:47:49.784+0000] {processor.py:840} INFO - DAG(s) 'example_kubernetes_executor' retrieved from /home/airflow/.local/lib/python3.12/site-packages/airflow/example_dags/example_kubernetes_executor.py
[2024-06-26T07:47:50.392+0000] {logging_mixin.py:188} INFO - [2024-06-26T07:47:50.390+0000] {dag.py:3096} INFO - Sync 1 DAGs
[2024-06-26T07:47:50.602+0000] {logging_mixin.py:188} INFO - [2024-06-26T07:47:50.589+0000] {dag.py:3954} INFO - Setting next_dagrun for example_kubernetes_executor to None, run_after=None
[2024-06-26T07:47:50.827+0000] {processor.py:183} INFO - Processing /home/airflow/.local/lib/python3.12/site-packages/airflow/example_dags/example_kubernetes_executor.py took 1.360 seconds
