[2024-06-26T06:06:10.368+0000] {processor.py:161} INFO - Started process (PID=95) to work on /home/airflow/.local/lib/python3.12/site-packages/airflow/example_dags/example_xcom.py
[2024-06-26T06:06:10.373+0000] {processor.py:830} INFO - Processing file /home/airflow/.local/lib/python3.12/site-packages/airflow/example_dags/example_xcom.py for tasks to queue
[2024-06-26T06:06:10.381+0000] {logging_mixin.py:188} INFO - [2024-06-26T06:06:10.380+0000] {dagbag.py:545} INFO - Filling up the DagBag from /home/airflow/.local/lib/python3.12/site-packages/airflow/example_dags/example_xcom.py
[2024-06-26T06:06:10.426+0000] {processor.py:840} INFO - DAG(s) 'example_xcom' retrieved from /home/airflow/.local/lib/python3.12/site-packages/airflow/example_dags/example_xcom.py
[2024-06-26T06:06:10.576+0000] {logging_mixin.py:188} INFO - [2024-06-26T06:06:10.573+0000] {dag.py:3096} INFO - Sync 1 DAGs
[2024-06-26T06:06:10.691+0000] {logging_mixin.py:188} INFO - [2024-06-26T06:06:10.690+0000] {dag.py:3954} INFO - Setting next_dagrun for example_xcom to 2021-01-01 00:00:00+00:00, run_after=2021-01-01 00:00:00+00:00
[2024-06-26T06:06:10.793+0000] {processor.py:183} INFO - Processing /home/airflow/.local/lib/python3.12/site-packages/airflow/example_dags/example_xcom.py took 0.450 seconds
[2024-06-26T06:07:06.866+0000] {processor.py:161} INFO - Started process (PID=156) to work on /home/airflow/.local/lib/python3.12/site-packages/airflow/example_dags/example_xcom.py
[2024-06-26T06:07:06.952+0000] {processor.py:830} INFO - Processing file /home/airflow/.local/lib/python3.12/site-packages/airflow/example_dags/example_xcom.py for tasks to queue
[2024-06-26T06:07:07.067+0000] {logging_mixin.py:188} INFO - [2024-06-26T06:07:07.065+0000] {dagbag.py:545} INFO - Filling up the DagBag from /home/airflow/.local/lib/python3.12/site-packages/airflow/example_dags/example_xcom.py
[2024-06-26T06:07:07.264+0000] {processor.py:840} INFO - DAG(s) 'example_xcom' retrieved from /home/airflow/.local/lib/python3.12/site-packages/airflow/example_dags/example_xcom.py
[2024-06-26T06:07:07.934+0000] {logging_mixin.py:188} INFO - [2024-06-26T06:07:07.933+0000] {dag.py:3096} INFO - Sync 1 DAGs
[2024-06-26T06:07:10.251+0000] {logging_mixin.py:188} INFO - [2024-06-26T06:07:10.246+0000] {dag.py:3954} INFO - Setting next_dagrun for example_xcom to 2021-01-01 00:00:00+00:00, run_after=2021-01-01 00:00:00+00:00
[2024-06-26T06:07:10.484+0000] {processor.py:183} INFO - Processing /home/airflow/.local/lib/python3.12/site-packages/airflow/example_dags/example_xcom.py took 4.052 seconds
[2024-06-26T06:21:35.118+0000] {processor.py:161} INFO - Started process (PID=87) to work on /home/airflow/.local/lib/python3.12/site-packages/airflow/example_dags/example_xcom.py
[2024-06-26T06:21:35.132+0000] {processor.py:830} INFO - Processing file /home/airflow/.local/lib/python3.12/site-packages/airflow/example_dags/example_xcom.py for tasks to queue
[2024-06-26T06:21:35.150+0000] {logging_mixin.py:188} INFO - [2024-06-26T06:21:35.149+0000] {dagbag.py:545} INFO - Filling up the DagBag from /home/airflow/.local/lib/python3.12/site-packages/airflow/example_dags/example_xcom.py
[2024-06-26T06:21:35.375+0000] {processor.py:840} INFO - DAG(s) 'example_xcom' retrieved from /home/airflow/.local/lib/python3.12/site-packages/airflow/example_dags/example_xcom.py
[2024-06-26T06:21:36.100+0000] {logging_mixin.py:188} INFO - [2024-06-26T06:21:36.099+0000] {dag.py:3096} INFO - Sync 1 DAGs
[2024-06-26T06:21:36.622+0000] {logging_mixin.py:188} INFO - [2024-06-26T06:21:36.621+0000] {dag.py:3954} INFO - Setting next_dagrun for example_xcom to 2021-01-01 00:00:00+00:00, run_after=2021-01-01 00:00:00+00:00
[2024-06-26T06:21:36.877+0000] {processor.py:183} INFO - Processing /home/airflow/.local/lib/python3.12/site-packages/airflow/example_dags/example_xcom.py took 1.830 seconds
[2024-06-26T06:22:50.665+0000] {processor.py:161} INFO - Started process (PID=155) to work on /home/airflow/.local/lib/python3.12/site-packages/airflow/example_dags/example_xcom.py
[2024-06-26T06:22:50.671+0000] {processor.py:830} INFO - Processing file /home/airflow/.local/lib/python3.12/site-packages/airflow/example_dags/example_xcom.py for tasks to queue
[2024-06-26T06:22:50.687+0000] {logging_mixin.py:188} INFO - [2024-06-26T06:22:50.686+0000] {dagbag.py:545} INFO - Filling up the DagBag from /home/airflow/.local/lib/python3.12/site-packages/airflow/example_dags/example_xcom.py
[2024-06-26T06:22:50.735+0000] {processor.py:840} INFO - DAG(s) 'example_xcom' retrieved from /home/airflow/.local/lib/python3.12/site-packages/airflow/example_dags/example_xcom.py
[2024-06-26T06:22:51.015+0000] {logging_mixin.py:188} INFO - [2024-06-26T06:22:51.014+0000] {dag.py:3096} INFO - Sync 1 DAGs
[2024-06-26T06:22:51.339+0000] {logging_mixin.py:188} INFO - [2024-06-26T06:22:51.327+0000] {dag.py:3954} INFO - Setting next_dagrun for example_xcom to 2021-01-01 00:00:00+00:00, run_after=2021-01-01 00:00:00+00:00
[2024-06-26T06:22:51.569+0000] {processor.py:183} INFO - Processing /home/airflow/.local/lib/python3.12/site-packages/airflow/example_dags/example_xcom.py took 0.968 seconds
[2024-06-26T06:23:39.446+0000] {processor.py:161} INFO - Started process (PID=199) to work on /home/airflow/.local/lib/python3.12/site-packages/airflow/example_dags/example_xcom.py
[2024-06-26T06:23:39.494+0000] {processor.py:830} INFO - Processing file /home/airflow/.local/lib/python3.12/site-packages/airflow/example_dags/example_xcom.py for tasks to queue
[2024-06-26T06:23:39.512+0000] {logging_mixin.py:188} INFO - [2024-06-26T06:23:39.510+0000] {dagbag.py:545} INFO - Filling up the DagBag from /home/airflow/.local/lib/python3.12/site-packages/airflow/example_dags/example_xcom.py
[2024-06-26T06:23:39.636+0000] {processor.py:840} INFO - DAG(s) 'example_xcom' retrieved from /home/airflow/.local/lib/python3.12/site-packages/airflow/example_dags/example_xcom.py
[2024-06-26T06:23:39.783+0000] {logging_mixin.py:188} INFO - [2024-06-26T06:23:39.782+0000] {dag.py:3096} INFO - Sync 1 DAGs
[2024-06-26T06:23:40.232+0000] {logging_mixin.py:188} INFO - [2024-06-26T06:23:40.232+0000] {dag.py:3954} INFO - Setting next_dagrun for example_xcom to 2021-01-01 00:00:00+00:00, run_after=2021-01-01 00:00:00+00:00
[2024-06-26T06:23:40.560+0000] {processor.py:183} INFO - Processing /home/airflow/.local/lib/python3.12/site-packages/airflow/example_dags/example_xcom.py took 1.214 seconds
[2024-06-26T06:24:53.229+0000] {processor.py:161} INFO - Started process (PID=251) to work on /home/airflow/.local/lib/python3.12/site-packages/airflow/example_dags/example_xcom.py
[2024-06-26T06:24:53.306+0000] {processor.py:830} INFO - Processing file /home/airflow/.local/lib/python3.12/site-packages/airflow/example_dags/example_xcom.py for tasks to queue
[2024-06-26T06:24:53.343+0000] {logging_mixin.py:188} INFO - [2024-06-26T06:24:53.342+0000] {dagbag.py:545} INFO - Filling up the DagBag from /home/airflow/.local/lib/python3.12/site-packages/airflow/example_dags/example_xcom.py
[2024-06-26T06:24:53.430+0000] {processor.py:840} INFO - DAG(s) 'example_xcom' retrieved from /home/airflow/.local/lib/python3.12/site-packages/airflow/example_dags/example_xcom.py
[2024-06-26T06:24:55.212+0000] {logging_mixin.py:188} INFO - [2024-06-26T06:24:55.210+0000] {dag.py:3096} INFO - Sync 1 DAGs
[2024-06-26T06:24:55.560+0000] {logging_mixin.py:188} INFO - [2024-06-26T06:24:55.550+0000] {dag.py:3954} INFO - Setting next_dagrun for example_xcom to 2021-01-01 00:00:00+00:00, run_after=2021-01-01 00:00:00+00:00
[2024-06-26T06:24:55.857+0000] {processor.py:183} INFO - Processing /home/airflow/.local/lib/python3.12/site-packages/airflow/example_dags/example_xcom.py took 2.681 seconds
[2024-06-26T06:25:34.929+0000] {processor.py:161} INFO - Started process (PID=313) to work on /home/airflow/.local/lib/python3.12/site-packages/airflow/example_dags/example_xcom.py
[2024-06-26T06:25:34.933+0000] {processor.py:830} INFO - Processing file /home/airflow/.local/lib/python3.12/site-packages/airflow/example_dags/example_xcom.py for tasks to queue
[2024-06-26T06:25:34.941+0000] {logging_mixin.py:188} INFO - [2024-06-26T06:25:34.940+0000] {dagbag.py:545} INFO - Filling up the DagBag from /home/airflow/.local/lib/python3.12/site-packages/airflow/example_dags/example_xcom.py
[2024-06-26T06:25:34.977+0000] {processor.py:840} INFO - DAG(s) 'example_xcom' retrieved from /home/airflow/.local/lib/python3.12/site-packages/airflow/example_dags/example_xcom.py
[2024-06-26T06:25:35.069+0000] {logging_mixin.py:188} INFO - [2024-06-26T06:25:35.067+0000] {dag.py:3096} INFO - Sync 1 DAGs
[2024-06-26T06:25:35.167+0000] {logging_mixin.py:188} INFO - [2024-06-26T06:25:35.166+0000] {dag.py:3954} INFO - Setting next_dagrun for example_xcom to 2021-01-01 00:00:00+00:00, run_after=2021-01-01 00:00:00+00:00
[2024-06-26T06:25:35.268+0000] {processor.py:183} INFO - Processing /home/airflow/.local/lib/python3.12/site-packages/airflow/example_dags/example_xcom.py took 0.362 seconds
[2024-06-26T06:26:05.535+0000] {processor.py:161} INFO - Started process (PID=373) to work on /home/airflow/.local/lib/python3.12/site-packages/airflow/example_dags/example_xcom.py
[2024-06-26T06:26:05.538+0000] {processor.py:830} INFO - Processing file /home/airflow/.local/lib/python3.12/site-packages/airflow/example_dags/example_xcom.py for tasks to queue
[2024-06-26T06:26:05.545+0000] {logging_mixin.py:188} INFO - [2024-06-26T06:26:05.544+0000] {dagbag.py:545} INFO - Filling up the DagBag from /home/airflow/.local/lib/python3.12/site-packages/airflow/example_dags/example_xcom.py
[2024-06-26T06:26:05.578+0000] {processor.py:840} INFO - DAG(s) 'example_xcom' retrieved from /home/airflow/.local/lib/python3.12/site-packages/airflow/example_dags/example_xcom.py
[2024-06-26T06:26:05.666+0000] {logging_mixin.py:188} INFO - [2024-06-26T06:26:05.665+0000] {dag.py:3096} INFO - Sync 1 DAGs
[2024-06-26T06:26:05.740+0000] {logging_mixin.py:188} INFO - [2024-06-26T06:26:05.739+0000] {dag.py:3954} INFO - Setting next_dagrun for example_xcom to 2021-01-01 00:00:00+00:00, run_after=2021-01-01 00:00:00+00:00
[2024-06-26T06:26:05.815+0000] {processor.py:183} INFO - Processing /home/airflow/.local/lib/python3.12/site-packages/airflow/example_dags/example_xcom.py took 0.302 seconds
[2024-06-26T06:40:19.296+0000] {processor.py:161} INFO - Started process (PID=69) to work on /home/airflow/.local/lib/python3.12/site-packages/airflow/example_dags/example_xcom.py
[2024-06-26T06:40:19.320+0000] {processor.py:830} INFO - Processing file /home/airflow/.local/lib/python3.12/site-packages/airflow/example_dags/example_xcom.py for tasks to queue
[2024-06-26T06:40:19.342+0000] {logging_mixin.py:188} INFO - [2024-06-26T06:40:19.333+0000] {dagbag.py:545} INFO - Filling up the DagBag from /home/airflow/.local/lib/python3.12/site-packages/airflow/example_dags/example_xcom.py
[2024-06-26T06:40:19.464+0000] {processor.py:840} INFO - DAG(s) 'example_xcom' retrieved from /home/airflow/.local/lib/python3.12/site-packages/airflow/example_dags/example_xcom.py
[2024-06-26T06:40:21.067+0000] {logging_mixin.py:188} INFO - [2024-06-26T06:40:21.066+0000] {dag.py:3096} INFO - Sync 1 DAGs
[2024-06-26T06:40:21.633+0000] {logging_mixin.py:188} INFO - [2024-06-26T06:40:21.623+0000] {dag.py:3954} INFO - Setting next_dagrun for example_xcom to 2021-01-01 00:00:00+00:00, run_after=2021-01-01 00:00:00+00:00
[2024-06-26T06:40:22.287+0000] {processor.py:183} INFO - Processing /home/airflow/.local/lib/python3.12/site-packages/airflow/example_dags/example_xcom.py took 3.073 seconds
[2024-06-26T06:41:13.479+0000] {processor.py:161} INFO - Started process (PID=138) to work on /home/airflow/.local/lib/python3.12/site-packages/airflow/example_dags/example_xcom.py
[2024-06-26T06:41:13.487+0000] {processor.py:830} INFO - Processing file /home/airflow/.local/lib/python3.12/site-packages/airflow/example_dags/example_xcom.py for tasks to queue
[2024-06-26T06:41:13.506+0000] {logging_mixin.py:188} INFO - [2024-06-26T06:41:13.503+0000] {dagbag.py:545} INFO - Filling up the DagBag from /home/airflow/.local/lib/python3.12/site-packages/airflow/example_dags/example_xcom.py
[2024-06-26T06:41:13.545+0000] {processor.py:840} INFO - DAG(s) 'example_xcom' retrieved from /home/airflow/.local/lib/python3.12/site-packages/airflow/example_dags/example_xcom.py
[2024-06-26T06:41:13.634+0000] {logging_mixin.py:188} INFO - [2024-06-26T06:41:13.633+0000] {dag.py:3096} INFO - Sync 1 DAGs
[2024-06-26T06:41:13.728+0000] {logging_mixin.py:188} INFO - [2024-06-26T06:41:13.727+0000] {dag.py:3954} INFO - Setting next_dagrun for example_xcom to 2021-01-01 00:00:00+00:00, run_after=2021-01-01 00:00:00+00:00
[2024-06-26T06:41:13.807+0000] {processor.py:183} INFO - Processing /home/airflow/.local/lib/python3.12/site-packages/airflow/example_dags/example_xcom.py took 0.357 seconds
[2024-06-26T06:41:43.940+0000] {processor.py:161} INFO - Started process (PID=200) to work on /home/airflow/.local/lib/python3.12/site-packages/airflow/example_dags/example_xcom.py
[2024-06-26T06:41:43.941+0000] {processor.py:830} INFO - Processing file /home/airflow/.local/lib/python3.12/site-packages/airflow/example_dags/example_xcom.py for tasks to queue
[2024-06-26T06:41:43.945+0000] {logging_mixin.py:188} INFO - [2024-06-26T06:41:43.944+0000] {dagbag.py:545} INFO - Filling up the DagBag from /home/airflow/.local/lib/python3.12/site-packages/airflow/example_dags/example_xcom.py
[2024-06-26T06:41:43.959+0000] {processor.py:840} INFO - DAG(s) 'example_xcom' retrieved from /home/airflow/.local/lib/python3.12/site-packages/airflow/example_dags/example_xcom.py
[2024-06-26T06:41:43.996+0000] {logging_mixin.py:188} INFO - [2024-06-26T06:41:43.995+0000] {dag.py:3096} INFO - Sync 1 DAGs
[2024-06-26T06:41:44.039+0000] {logging_mixin.py:188} INFO - [2024-06-26T06:41:44.038+0000] {dag.py:3954} INFO - Setting next_dagrun for example_xcom to 2021-01-01 00:00:00+00:00, run_after=2021-01-01 00:00:00+00:00
[2024-06-26T06:41:44.082+0000] {processor.py:183} INFO - Processing /home/airflow/.local/lib/python3.12/site-packages/airflow/example_dags/example_xcom.py took 0.152 seconds
[2024-06-26T06:42:14.484+0000] {processor.py:161} INFO - Started process (PID=262) to work on /home/airflow/.local/lib/python3.12/site-packages/airflow/example_dags/example_xcom.py
[2024-06-26T06:42:14.485+0000] {processor.py:830} INFO - Processing file /home/airflow/.local/lib/python3.12/site-packages/airflow/example_dags/example_xcom.py for tasks to queue
[2024-06-26T06:42:14.488+0000] {logging_mixin.py:188} INFO - [2024-06-26T06:42:14.488+0000] {dagbag.py:545} INFO - Filling up the DagBag from /home/airflow/.local/lib/python3.12/site-packages/airflow/example_dags/example_xcom.py
[2024-06-26T06:42:14.499+0000] {processor.py:840} INFO - DAG(s) 'example_xcom' retrieved from /home/airflow/.local/lib/python3.12/site-packages/airflow/example_dags/example_xcom.py
[2024-06-26T06:42:14.534+0000] {logging_mixin.py:188} INFO - [2024-06-26T06:42:14.534+0000] {dag.py:3096} INFO - Sync 1 DAGs
[2024-06-26T06:42:14.570+0000] {logging_mixin.py:188} INFO - [2024-06-26T06:42:14.569+0000] {dag.py:3954} INFO - Setting next_dagrun for example_xcom to 2021-01-01 00:00:00+00:00, run_after=2021-01-01 00:00:00+00:00
[2024-06-26T06:42:14.603+0000] {processor.py:183} INFO - Processing /home/airflow/.local/lib/python3.12/site-packages/airflow/example_dags/example_xcom.py took 0.127 seconds
[2024-06-26T06:42:45.068+0000] {processor.py:161} INFO - Started process (PID=324) to work on /home/airflow/.local/lib/python3.12/site-packages/airflow/example_dags/example_xcom.py
[2024-06-26T06:42:45.070+0000] {processor.py:830} INFO - Processing file /home/airflow/.local/lib/python3.12/site-packages/airflow/example_dags/example_xcom.py for tasks to queue
[2024-06-26T06:42:45.073+0000] {logging_mixin.py:188} INFO - [2024-06-26T06:42:45.072+0000] {dagbag.py:545} INFO - Filling up the DagBag from /home/airflow/.local/lib/python3.12/site-packages/airflow/example_dags/example_xcom.py
[2024-06-26T06:42:45.086+0000] {processor.py:840} INFO - DAG(s) 'example_xcom' retrieved from /home/airflow/.local/lib/python3.12/site-packages/airflow/example_dags/example_xcom.py
[2024-06-26T06:42:45.124+0000] {logging_mixin.py:188} INFO - [2024-06-26T06:42:45.124+0000] {dag.py:3096} INFO - Sync 1 DAGs
[2024-06-26T06:42:45.161+0000] {logging_mixin.py:188} INFO - [2024-06-26T06:42:45.160+0000] {dag.py:3954} INFO - Setting next_dagrun for example_xcom to 2021-01-01 00:00:00+00:00, run_after=2021-01-01 00:00:00+00:00
[2024-06-26T06:42:45.197+0000] {processor.py:183} INFO - Processing /home/airflow/.local/lib/python3.12/site-packages/airflow/example_dags/example_xcom.py took 0.138 seconds
[2024-06-26T06:43:17.354+0000] {processor.py:161} INFO - Started process (PID=386) to work on /home/airflow/.local/lib/python3.12/site-packages/airflow/example_dags/example_xcom.py
[2024-06-26T06:43:17.358+0000] {processor.py:830} INFO - Processing file /home/airflow/.local/lib/python3.12/site-packages/airflow/example_dags/example_xcom.py for tasks to queue
[2024-06-26T06:43:17.370+0000] {logging_mixin.py:188} INFO - [2024-06-26T06:43:17.367+0000] {dagbag.py:545} INFO - Filling up the DagBag from /home/airflow/.local/lib/python3.12/site-packages/airflow/example_dags/example_xcom.py
[2024-06-26T06:43:17.411+0000] {processor.py:840} INFO - DAG(s) 'example_xcom' retrieved from /home/airflow/.local/lib/python3.12/site-packages/airflow/example_dags/example_xcom.py
[2024-06-26T06:43:17.511+0000] {logging_mixin.py:188} INFO - [2024-06-26T06:43:17.510+0000] {dag.py:3096} INFO - Sync 1 DAGs
[2024-06-26T06:43:17.607+0000] {logging_mixin.py:188} INFO - [2024-06-26T06:43:17.606+0000] {dag.py:3954} INFO - Setting next_dagrun for example_xcom to 2021-01-01 00:00:00+00:00, run_after=2021-01-01 00:00:00+00:00
[2024-06-26T06:43:17.699+0000] {processor.py:183} INFO - Processing /home/airflow/.local/lib/python3.12/site-packages/airflow/example_dags/example_xcom.py took 0.366 seconds
[2024-06-26T06:43:47.889+0000] {processor.py:161} INFO - Started process (PID=448) to work on /home/airflow/.local/lib/python3.12/site-packages/airflow/example_dags/example_xcom.py
[2024-06-26T06:43:47.891+0000] {processor.py:830} INFO - Processing file /home/airflow/.local/lib/python3.12/site-packages/airflow/example_dags/example_xcom.py for tasks to queue
[2024-06-26T06:43:47.895+0000] {logging_mixin.py:188} INFO - [2024-06-26T06:43:47.894+0000] {dagbag.py:545} INFO - Filling up the DagBag from /home/airflow/.local/lib/python3.12/site-packages/airflow/example_dags/example_xcom.py
[2024-06-26T06:43:47.906+0000] {processor.py:840} INFO - DAG(s) 'example_xcom' retrieved from /home/airflow/.local/lib/python3.12/site-packages/airflow/example_dags/example_xcom.py
[2024-06-26T06:43:47.940+0000] {logging_mixin.py:188} INFO - [2024-06-26T06:43:47.940+0000] {dag.py:3096} INFO - Sync 1 DAGs
[2024-06-26T06:43:47.977+0000] {logging_mixin.py:188} INFO - [2024-06-26T06:43:47.976+0000] {dag.py:3954} INFO - Setting next_dagrun for example_xcom to 2021-01-01 00:00:00+00:00, run_after=2021-01-01 00:00:00+00:00
[2024-06-26T06:43:48.015+0000] {processor.py:183} INFO - Processing /home/airflow/.local/lib/python3.12/site-packages/airflow/example_dags/example_xcom.py took 0.135 seconds
[2024-06-26T06:44:19.736+0000] {processor.py:161} INFO - Started process (PID=510) to work on /home/airflow/.local/lib/python3.12/site-packages/airflow/example_dags/example_xcom.py
[2024-06-26T06:44:19.740+0000] {processor.py:830} INFO - Processing file /home/airflow/.local/lib/python3.12/site-packages/airflow/example_dags/example_xcom.py for tasks to queue
[2024-06-26T06:44:19.756+0000] {logging_mixin.py:188} INFO - [2024-06-26T06:44:19.754+0000] {dagbag.py:545} INFO - Filling up the DagBag from /home/airflow/.local/lib/python3.12/site-packages/airflow/example_dags/example_xcom.py
[2024-06-26T06:44:19.850+0000] {processor.py:840} INFO - DAG(s) 'example_xcom' retrieved from /home/airflow/.local/lib/python3.12/site-packages/airflow/example_dags/example_xcom.py
[2024-06-26T06:44:20.143+0000] {logging_mixin.py:188} INFO - [2024-06-26T06:44:20.142+0000] {dag.py:3096} INFO - Sync 1 DAGs
[2024-06-26T06:44:20.460+0000] {logging_mixin.py:188} INFO - [2024-06-26T06:44:20.458+0000] {dag.py:3954} INFO - Setting next_dagrun for example_xcom to 2021-01-01 00:00:00+00:00, run_after=2021-01-01 00:00:00+00:00
[2024-06-26T06:44:20.711+0000] {processor.py:183} INFO - Processing /home/airflow/.local/lib/python3.12/site-packages/airflow/example_dags/example_xcom.py took 1.012 seconds
[2024-06-26T06:44:56.177+0000] {processor.py:161} INFO - Started process (PID=567) to work on /home/airflow/.local/lib/python3.12/site-packages/airflow/example_dags/example_xcom.py
[2024-06-26T06:44:56.200+0000] {processor.py:830} INFO - Processing file /home/airflow/.local/lib/python3.12/site-packages/airflow/example_dags/example_xcom.py for tasks to queue
[2024-06-26T06:44:56.224+0000] {logging_mixin.py:188} INFO - [2024-06-26T06:44:56.214+0000] {dagbag.py:545} INFO - Filling up the DagBag from /home/airflow/.local/lib/python3.12/site-packages/airflow/example_dags/example_xcom.py
[2024-06-26T06:44:56.357+0000] {processor.py:840} INFO - DAG(s) 'example_xcom' retrieved from /home/airflow/.local/lib/python3.12/site-packages/airflow/example_dags/example_xcom.py
[2024-06-26T06:44:56.696+0000] {logging_mixin.py:188} INFO - [2024-06-26T06:44:56.695+0000] {dag.py:3096} INFO - Sync 1 DAGs
[2024-06-26T06:44:57.058+0000] {logging_mixin.py:188} INFO - [2024-06-26T06:44:57.042+0000] {dag.py:3954} INFO - Setting next_dagrun for example_xcom to 2021-01-01 00:00:00+00:00, run_after=2021-01-01 00:00:00+00:00
[2024-06-26T06:44:57.455+0000] {processor.py:183} INFO - Processing /home/airflow/.local/lib/python3.12/site-packages/airflow/example_dags/example_xcom.py took 1.348 seconds
[2024-06-26T06:46:00.872+0000] {processor.py:161} INFO - Started process (PID=630) to work on /home/airflow/.local/lib/python3.12/site-packages/airflow/example_dags/example_xcom.py
[2024-06-26T06:46:00.992+0000] {processor.py:830} INFO - Processing file /home/airflow/.local/lib/python3.12/site-packages/airflow/example_dags/example_xcom.py for tasks to queue
[2024-06-26T06:46:01.173+0000] {logging_mixin.py:188} INFO - [2024-06-26T06:46:01.172+0000] {dagbag.py:545} INFO - Filling up the DagBag from /home/airflow/.local/lib/python3.12/site-packages/airflow/example_dags/example_xcom.py
[2024-06-26T06:46:01.337+0000] {processor.py:840} INFO - DAG(s) 'example_xcom' retrieved from /home/airflow/.local/lib/python3.12/site-packages/airflow/example_dags/example_xcom.py
[2024-06-26T06:46:01.826+0000] {logging_mixin.py:188} INFO - [2024-06-26T06:46:01.825+0000] {dag.py:3096} INFO - Sync 1 DAGs
[2024-06-26T06:46:02.243+0000] {logging_mixin.py:188} INFO - [2024-06-26T06:46:02.242+0000] {dag.py:3954} INFO - Setting next_dagrun for example_xcom to 2021-01-01 00:00:00+00:00, run_after=2021-01-01 00:00:00+00:00
[2024-06-26T06:46:02.566+0000] {processor.py:183} INFO - Processing /home/airflow/.local/lib/python3.12/site-packages/airflow/example_dags/example_xcom.py took 1.781 seconds
[2024-06-26T06:47:07.759+0000] {processor.py:161} INFO - Started process (PID=699) to work on /home/airflow/.local/lib/python3.12/site-packages/airflow/example_dags/example_xcom.py
[2024-06-26T06:47:07.776+0000] {processor.py:830} INFO - Processing file /home/airflow/.local/lib/python3.12/site-packages/airflow/example_dags/example_xcom.py for tasks to queue
[2024-06-26T06:47:07.808+0000] {logging_mixin.py:188} INFO - [2024-06-26T06:47:07.795+0000] {dagbag.py:545} INFO - Filling up the DagBag from /home/airflow/.local/lib/python3.12/site-packages/airflow/example_dags/example_xcom.py
[2024-06-26T06:47:07.923+0000] {processor.py:840} INFO - DAG(s) 'example_xcom' retrieved from /home/airflow/.local/lib/python3.12/site-packages/airflow/example_dags/example_xcom.py
[2024-06-26T06:47:08.248+0000] {logging_mixin.py:188} INFO - [2024-06-26T06:47:08.237+0000] {dag.py:3096} INFO - Sync 1 DAGs
[2024-06-26T06:47:08.654+0000] {logging_mixin.py:188} INFO - [2024-06-26T06:47:08.653+0000] {dag.py:3954} INFO - Setting next_dagrun for example_xcom to 2021-01-01 00:00:00+00:00, run_after=2021-01-01 00:00:00+00:00
[2024-06-26T06:47:08.966+0000] {processor.py:183} INFO - Processing /home/airflow/.local/lib/python3.12/site-packages/airflow/example_dags/example_xcom.py took 1.288 seconds
[2024-06-26T06:47:56.007+0000] {processor.py:161} INFO - Started process (PID=767) to work on /home/airflow/.local/lib/python3.12/site-packages/airflow/example_dags/example_xcom.py
[2024-06-26T06:47:56.023+0000] {processor.py:830} INFO - Processing file /home/airflow/.local/lib/python3.12/site-packages/airflow/example_dags/example_xcom.py for tasks to queue
[2024-06-26T06:47:56.043+0000] {logging_mixin.py:188} INFO - [2024-06-26T06:47:56.030+0000] {dagbag.py:545} INFO - Filling up the DagBag from /home/airflow/.local/lib/python3.12/site-packages/airflow/example_dags/example_xcom.py
[2024-06-26T06:47:56.187+0000] {processor.py:840} INFO - DAG(s) 'example_xcom' retrieved from /home/airflow/.local/lib/python3.12/site-packages/airflow/example_dags/example_xcom.py
[2024-06-26T06:47:56.459+0000] {logging_mixin.py:188} INFO - [2024-06-26T06:47:56.458+0000] {dag.py:3096} INFO - Sync 1 DAGs
[2024-06-26T06:47:56.901+0000] {logging_mixin.py:188} INFO - [2024-06-26T06:47:56.900+0000] {dag.py:3954} INFO - Setting next_dagrun for example_xcom to 2021-01-01 00:00:00+00:00, run_after=2021-01-01 00:00:00+00:00
[2024-06-26T06:47:57.148+0000] {processor.py:183} INFO - Processing /home/airflow/.local/lib/python3.12/site-packages/airflow/example_dags/example_xcom.py took 1.198 seconds
[2024-06-26T06:48:31.352+0000] {processor.py:161} INFO - Started process (PID=828) to work on /home/airflow/.local/lib/python3.12/site-packages/airflow/example_dags/example_xcom.py
[2024-06-26T06:48:31.464+0000] {processor.py:830} INFO - Processing file /home/airflow/.local/lib/python3.12/site-packages/airflow/example_dags/example_xcom.py for tasks to queue
[2024-06-26T06:48:31.490+0000] {logging_mixin.py:188} INFO - [2024-06-26T06:48:31.489+0000] {dagbag.py:545} INFO - Filling up the DagBag from /home/airflow/.local/lib/python3.12/site-packages/airflow/example_dags/example_xcom.py
[2024-06-26T06:48:31.594+0000] {processor.py:840} INFO - DAG(s) 'example_xcom' retrieved from /home/airflow/.local/lib/python3.12/site-packages/airflow/example_dags/example_xcom.py
[2024-06-26T06:48:31.857+0000] {logging_mixin.py:188} INFO - [2024-06-26T06:48:31.856+0000] {dag.py:3096} INFO - Sync 1 DAGs
[2024-06-26T06:48:32.030+0000] {logging_mixin.py:188} INFO - [2024-06-26T06:48:32.029+0000] {dag.py:3954} INFO - Setting next_dagrun for example_xcom to 2021-01-01 00:00:00+00:00, run_after=2021-01-01 00:00:00+00:00
[2024-06-26T06:48:32.125+0000] {processor.py:183} INFO - Processing /home/airflow/.local/lib/python3.12/site-packages/airflow/example_dags/example_xcom.py took 0.850 seconds
[2024-06-26T06:49:03.309+0000] {processor.py:161} INFO - Started process (PID=890) to work on /home/airflow/.local/lib/python3.12/site-packages/airflow/example_dags/example_xcom.py
[2024-06-26T06:49:03.313+0000] {processor.py:830} INFO - Processing file /home/airflow/.local/lib/python3.12/site-packages/airflow/example_dags/example_xcom.py for tasks to queue
[2024-06-26T06:49:03.321+0000] {logging_mixin.py:188} INFO - [2024-06-26T06:49:03.319+0000] {dagbag.py:545} INFO - Filling up the DagBag from /home/airflow/.local/lib/python3.12/site-packages/airflow/example_dags/example_xcom.py
[2024-06-26T06:49:03.355+0000] {processor.py:840} INFO - DAG(s) 'example_xcom' retrieved from /home/airflow/.local/lib/python3.12/site-packages/airflow/example_dags/example_xcom.py
[2024-06-26T06:49:03.475+0000] {logging_mixin.py:188} INFO - [2024-06-26T06:49:03.473+0000] {dag.py:3096} INFO - Sync 1 DAGs
[2024-06-26T06:49:03.574+0000] {logging_mixin.py:188} INFO - [2024-06-26T06:49:03.573+0000] {dag.py:3954} INFO - Setting next_dagrun for example_xcom to 2021-01-01 00:00:00+00:00, run_after=2021-01-01 00:00:00+00:00
[2024-06-26T06:49:03.648+0000] {processor.py:183} INFO - Processing /home/airflow/.local/lib/python3.12/site-packages/airflow/example_dags/example_xcom.py took 0.357 seconds
[2024-06-26T06:49:44.328+0000] {processor.py:161} INFO - Started process (PID=945) to work on /home/airflow/.local/lib/python3.12/site-packages/airflow/example_dags/example_xcom.py
[2024-06-26T06:49:44.336+0000] {processor.py:830} INFO - Processing file /home/airflow/.local/lib/python3.12/site-packages/airflow/example_dags/example_xcom.py for tasks to queue
[2024-06-26T06:49:44.341+0000] {logging_mixin.py:188} INFO - [2024-06-26T06:49:44.340+0000] {dagbag.py:545} INFO - Filling up the DagBag from /home/airflow/.local/lib/python3.12/site-packages/airflow/example_dags/example_xcom.py
[2024-06-26T06:49:44.405+0000] {processor.py:840} INFO - DAG(s) 'example_xcom' retrieved from /home/airflow/.local/lib/python3.12/site-packages/airflow/example_dags/example_xcom.py
[2024-06-26T06:49:44.578+0000] {logging_mixin.py:188} INFO - [2024-06-26T06:49:44.576+0000] {dag.py:3096} INFO - Sync 1 DAGs
[2024-06-26T06:49:44.781+0000] {logging_mixin.py:188} INFO - [2024-06-26T06:49:44.780+0000] {dag.py:3954} INFO - Setting next_dagrun for example_xcom to 2021-01-01 00:00:00+00:00, run_after=2021-01-01 00:00:00+00:00
[2024-06-26T06:49:45.023+0000] {processor.py:183} INFO - Processing /home/airflow/.local/lib/python3.12/site-packages/airflow/example_dags/example_xcom.py took 0.738 seconds
[2024-06-26T06:51:06.683+0000] {processor.py:161} INFO - Started process (PID=1018) to work on /home/airflow/.local/lib/python3.12/site-packages/airflow/example_dags/example_xcom.py
[2024-06-26T06:51:06.726+0000] {processor.py:830} INFO - Processing file /home/airflow/.local/lib/python3.12/site-packages/airflow/example_dags/example_xcom.py for tasks to queue
[2024-06-26T06:51:06.747+0000] {logging_mixin.py:188} INFO - [2024-06-26T06:51:06.745+0000] {dagbag.py:545} INFO - Filling up the DagBag from /home/airflow/.local/lib/python3.12/site-packages/airflow/example_dags/example_xcom.py
[2024-06-26T06:51:06.903+0000] {processor.py:840} INFO - DAG(s) 'example_xcom' retrieved from /home/airflow/.local/lib/python3.12/site-packages/airflow/example_dags/example_xcom.py
[2024-06-26T06:51:07.286+0000] {logging_mixin.py:188} INFO - [2024-06-26T06:51:07.284+0000] {dag.py:3096} INFO - Sync 1 DAGs
[2024-06-26T06:51:07.781+0000] {logging_mixin.py:188} INFO - [2024-06-26T06:51:07.780+0000] {dag.py:3954} INFO - Setting next_dagrun for example_xcom to 2021-01-01 00:00:00+00:00, run_after=2021-01-01 00:00:00+00:00
[2024-06-26T06:51:08.066+0000] {processor.py:183} INFO - Processing /home/airflow/.local/lib/python3.12/site-packages/airflow/example_dags/example_xcom.py took 1.484 seconds
[2024-06-26T06:51:52.007+0000] {processor.py:161} INFO - Started process (PID=1078) to work on /home/airflow/.local/lib/python3.12/site-packages/airflow/example_dags/example_xcom.py
[2024-06-26T06:51:52.036+0000] {processor.py:830} INFO - Processing file /home/airflow/.local/lib/python3.12/site-packages/airflow/example_dags/example_xcom.py for tasks to queue
[2024-06-26T06:51:52.062+0000] {logging_mixin.py:188} INFO - [2024-06-26T06:51:52.055+0000] {dagbag.py:545} INFO - Filling up the DagBag from /home/airflow/.local/lib/python3.12/site-packages/airflow/example_dags/example_xcom.py
[2024-06-26T06:51:52.189+0000] {processor.py:840} INFO - DAG(s) 'example_xcom' retrieved from /home/airflow/.local/lib/python3.12/site-packages/airflow/example_dags/example_xcom.py
[2024-06-26T06:51:52.493+0000] {logging_mixin.py:188} INFO - [2024-06-26T06:51:52.492+0000] {dag.py:3096} INFO - Sync 1 DAGs
[2024-06-26T06:51:52.756+0000] {logging_mixin.py:188} INFO - [2024-06-26T06:51:52.755+0000] {dag.py:3954} INFO - Setting next_dagrun for example_xcom to 2021-01-01 00:00:00+00:00, run_after=2021-01-01 00:00:00+00:00
[2024-06-26T06:51:53.099+0000] {processor.py:183} INFO - Processing /home/airflow/.local/lib/python3.12/site-packages/airflow/example_dags/example_xcom.py took 1.173 seconds
[2024-06-26T06:52:23.413+0000] {processor.py:161} INFO - Started process (PID=1146) to work on /home/airflow/.local/lib/python3.12/site-packages/airflow/example_dags/example_xcom.py
[2024-06-26T06:52:23.415+0000] {processor.py:830} INFO - Processing file /home/airflow/.local/lib/python3.12/site-packages/airflow/example_dags/example_xcom.py for tasks to queue
[2024-06-26T06:52:23.417+0000] {logging_mixin.py:188} INFO - [2024-06-26T06:52:23.417+0000] {dagbag.py:545} INFO - Filling up the DagBag from /home/airflow/.local/lib/python3.12/site-packages/airflow/example_dags/example_xcom.py
[2024-06-26T06:52:23.425+0000] {processor.py:840} INFO - DAG(s) 'example_xcom' retrieved from /home/airflow/.local/lib/python3.12/site-packages/airflow/example_dags/example_xcom.py
[2024-06-26T06:52:23.447+0000] {logging_mixin.py:188} INFO - [2024-06-26T06:52:23.447+0000] {dag.py:3096} INFO - Sync 1 DAGs
[2024-06-26T06:52:23.469+0000] {logging_mixin.py:188} INFO - [2024-06-26T06:52:23.469+0000] {dag.py:3954} INFO - Setting next_dagrun for example_xcom to 2021-01-01 00:00:00+00:00, run_after=2021-01-01 00:00:00+00:00
[2024-06-26T06:52:23.494+0000] {processor.py:183} INFO - Processing /home/airflow/.local/lib/python3.12/site-packages/airflow/example_dags/example_xcom.py took 0.086 seconds
[2024-06-26T06:52:53.988+0000] {processor.py:161} INFO - Started process (PID=1208) to work on /home/airflow/.local/lib/python3.12/site-packages/airflow/example_dags/example_xcom.py
[2024-06-26T06:52:53.991+0000] {processor.py:830} INFO - Processing file /home/airflow/.local/lib/python3.12/site-packages/airflow/example_dags/example_xcom.py for tasks to queue
[2024-06-26T06:52:53.996+0000] {logging_mixin.py:188} INFO - [2024-06-26T06:52:53.995+0000] {dagbag.py:545} INFO - Filling up the DagBag from /home/airflow/.local/lib/python3.12/site-packages/airflow/example_dags/example_xcom.py
[2024-06-26T06:52:54.022+0000] {processor.py:840} INFO - DAG(s) 'example_xcom' retrieved from /home/airflow/.local/lib/python3.12/site-packages/airflow/example_dags/example_xcom.py
[2024-06-26T06:52:54.076+0000] {logging_mixin.py:188} INFO - [2024-06-26T06:52:54.075+0000] {dag.py:3096} INFO - Sync 1 DAGs
[2024-06-26T06:52:54.126+0000] {logging_mixin.py:188} INFO - [2024-06-26T06:52:54.125+0000] {dag.py:3954} INFO - Setting next_dagrun for example_xcom to 2021-01-01 00:00:00+00:00, run_after=2021-01-01 00:00:00+00:00
[2024-06-26T06:52:54.206+0000] {processor.py:183} INFO - Processing /home/airflow/.local/lib/python3.12/site-packages/airflow/example_dags/example_xcom.py took 0.231 seconds
[2024-06-26T06:53:24.444+0000] {processor.py:161} INFO - Started process (PID=1270) to work on /home/airflow/.local/lib/python3.12/site-packages/airflow/example_dags/example_xcom.py
[2024-06-26T06:53:24.446+0000] {processor.py:830} INFO - Processing file /home/airflow/.local/lib/python3.12/site-packages/airflow/example_dags/example_xcom.py for tasks to queue
[2024-06-26T06:53:24.448+0000] {logging_mixin.py:188} INFO - [2024-06-26T06:53:24.448+0000] {dagbag.py:545} INFO - Filling up the DagBag from /home/airflow/.local/lib/python3.12/site-packages/airflow/example_dags/example_xcom.py
[2024-06-26T06:53:24.457+0000] {processor.py:840} INFO - DAG(s) 'example_xcom' retrieved from /home/airflow/.local/lib/python3.12/site-packages/airflow/example_dags/example_xcom.py
[2024-06-26T06:53:24.487+0000] {logging_mixin.py:188} INFO - [2024-06-26T06:53:24.486+0000] {dag.py:3096} INFO - Sync 1 DAGs
[2024-06-26T06:53:24.516+0000] {logging_mixin.py:188} INFO - [2024-06-26T06:53:24.516+0000] {dag.py:3954} INFO - Setting next_dagrun for example_xcom to 2021-01-01 00:00:00+00:00, run_after=2021-01-01 00:00:00+00:00
[2024-06-26T06:53:24.541+0000] {processor.py:183} INFO - Processing /home/airflow/.local/lib/python3.12/site-packages/airflow/example_dags/example_xcom.py took 0.103 seconds
[2024-06-26T06:53:54.758+0000] {processor.py:161} INFO - Started process (PID=1332) to work on /home/airflow/.local/lib/python3.12/site-packages/airflow/example_dags/example_xcom.py
[2024-06-26T06:53:54.759+0000] {processor.py:830} INFO - Processing file /home/airflow/.local/lib/python3.12/site-packages/airflow/example_dags/example_xcom.py for tasks to queue
[2024-06-26T06:53:54.761+0000] {logging_mixin.py:188} INFO - [2024-06-26T06:53:54.761+0000] {dagbag.py:545} INFO - Filling up the DagBag from /home/airflow/.local/lib/python3.12/site-packages/airflow/example_dags/example_xcom.py
[2024-06-26T06:53:54.770+0000] {processor.py:840} INFO - DAG(s) 'example_xcom' retrieved from /home/airflow/.local/lib/python3.12/site-packages/airflow/example_dags/example_xcom.py
[2024-06-26T06:53:54.794+0000] {logging_mixin.py:188} INFO - [2024-06-26T06:53:54.794+0000] {dag.py:3096} INFO - Sync 1 DAGs
[2024-06-26T06:53:54.819+0000] {logging_mixin.py:188} INFO - [2024-06-26T06:53:54.818+0000] {dag.py:3954} INFO - Setting next_dagrun for example_xcom to 2021-01-01 00:00:00+00:00, run_after=2021-01-01 00:00:00+00:00
[2024-06-26T06:53:54.844+0000] {processor.py:183} INFO - Processing /home/airflow/.local/lib/python3.12/site-packages/airflow/example_dags/example_xcom.py took 0.092 seconds
[2024-06-26T06:54:46.191+0000] {processor.py:161} INFO - Started process (PID=1393) to work on /home/airflow/.local/lib/python3.12/site-packages/airflow/example_dags/example_xcom.py
[2024-06-26T06:54:46.198+0000] {processor.py:830} INFO - Processing file /home/airflow/.local/lib/python3.12/site-packages/airflow/example_dags/example_xcom.py for tasks to queue
[2024-06-26T06:54:46.220+0000] {logging_mixin.py:188} INFO - [2024-06-26T06:54:46.219+0000] {dagbag.py:545} INFO - Filling up the DagBag from /home/airflow/.local/lib/python3.12/site-packages/airflow/example_dags/example_xcom.py
[2024-06-26T06:54:46.365+0000] {processor.py:840} INFO - DAG(s) 'example_xcom' retrieved from /home/airflow/.local/lib/python3.12/site-packages/airflow/example_dags/example_xcom.py
[2024-06-26T06:54:46.774+0000] {logging_mixin.py:188} INFO - [2024-06-26T06:54:46.773+0000] {dag.py:3096} INFO - Sync 1 DAGs
[2024-06-26T06:54:47.130+0000] {logging_mixin.py:188} INFO - [2024-06-26T06:54:47.129+0000] {dag.py:3954} INFO - Setting next_dagrun for example_xcom to 2021-01-01 00:00:00+00:00, run_after=2021-01-01 00:00:00+00:00
[2024-06-26T06:54:47.417+0000] {processor.py:183} INFO - Processing /home/airflow/.local/lib/python3.12/site-packages/airflow/example_dags/example_xcom.py took 1.268 seconds
[2024-06-26T06:56:29.033+0000] {processor.py:161} INFO - Started process (PID=1480) to work on /home/airflow/.local/lib/python3.12/site-packages/airflow/example_dags/example_xcom.py
[2024-06-26T06:56:29.085+0000] {processor.py:830} INFO - Processing file /home/airflow/.local/lib/python3.12/site-packages/airflow/example_dags/example_xcom.py for tasks to queue
[2024-06-26T06:56:29.106+0000] {logging_mixin.py:188} INFO - [2024-06-26T06:56:29.104+0000] {dagbag.py:545} INFO - Filling up the DagBag from /home/airflow/.local/lib/python3.12/site-packages/airflow/example_dags/example_xcom.py
[2024-06-26T06:56:29.227+0000] {processor.py:840} INFO - DAG(s) 'example_xcom' retrieved from /home/airflow/.local/lib/python3.12/site-packages/airflow/example_dags/example_xcom.py
[2024-06-26T06:56:29.761+0000] {logging_mixin.py:188} INFO - [2024-06-26T06:56:29.760+0000] {dag.py:3096} INFO - Sync 1 DAGs
[2024-06-26T06:56:30.109+0000] {logging_mixin.py:188} INFO - [2024-06-26T06:56:30.108+0000] {dag.py:3954} INFO - Setting next_dagrun for example_xcom to 2021-01-01 00:00:00+00:00, run_after=2021-01-01 00:00:00+00:00
[2024-06-26T06:56:30.428+0000] {processor.py:183} INFO - Processing /home/airflow/.local/lib/python3.12/site-packages/airflow/example_dags/example_xcom.py took 1.414 seconds
[2024-06-26T06:57:23.354+0000] {processor.py:161} INFO - Started process (PID=1547) to work on /home/airflow/.local/lib/python3.12/site-packages/airflow/example_dags/example_xcom.py
[2024-06-26T06:57:23.377+0000] {processor.py:830} INFO - Processing file /home/airflow/.local/lib/python3.12/site-packages/airflow/example_dags/example_xcom.py for tasks to queue
[2024-06-26T06:57:23.387+0000] {logging_mixin.py:188} INFO - [2024-06-26T06:57:23.386+0000] {dagbag.py:545} INFO - Filling up the DagBag from /home/airflow/.local/lib/python3.12/site-packages/airflow/example_dags/example_xcom.py
[2024-06-26T06:57:23.536+0000] {processor.py:840} INFO - DAG(s) 'example_xcom' retrieved from /home/airflow/.local/lib/python3.12/site-packages/airflow/example_dags/example_xcom.py
[2024-06-26T06:57:23.870+0000] {logging_mixin.py:188} INFO - [2024-06-26T06:57:23.869+0000] {dag.py:3096} INFO - Sync 1 DAGs
[2024-06-26T06:57:24.188+0000] {logging_mixin.py:188} INFO - [2024-06-26T06:57:24.187+0000] {dag.py:3954} INFO - Setting next_dagrun for example_xcom to 2021-01-01 00:00:00+00:00, run_after=2021-01-01 00:00:00+00:00
[2024-06-26T06:57:24.487+0000] {processor.py:183} INFO - Processing /home/airflow/.local/lib/python3.12/site-packages/airflow/example_dags/example_xcom.py took 1.202 seconds
[2024-06-26T06:58:24.255+0000] {processor.py:161} INFO - Started process (PID=1616) to work on /home/airflow/.local/lib/python3.12/site-packages/airflow/example_dags/example_xcom.py
[2024-06-26T06:58:24.259+0000] {processor.py:830} INFO - Processing file /home/airflow/.local/lib/python3.12/site-packages/airflow/example_dags/example_xcom.py for tasks to queue
[2024-06-26T06:58:24.277+0000] {logging_mixin.py:188} INFO - [2024-06-26T06:58:24.276+0000] {dagbag.py:545} INFO - Filling up the DagBag from /home/airflow/.local/lib/python3.12/site-packages/airflow/example_dags/example_xcom.py
[2024-06-26T06:58:24.320+0000] {processor.py:840} INFO - DAG(s) 'example_xcom' retrieved from /home/airflow/.local/lib/python3.12/site-packages/airflow/example_dags/example_xcom.py
[2024-06-26T06:58:24.602+0000] {logging_mixin.py:188} INFO - [2024-06-26T06:58:24.589+0000] {dag.py:3096} INFO - Sync 1 DAGs
[2024-06-26T06:58:24.882+0000] {logging_mixin.py:188} INFO - [2024-06-26T06:58:24.880+0000] {dag.py:3954} INFO - Setting next_dagrun for example_xcom to 2021-01-01 00:00:00+00:00, run_after=2021-01-01 00:00:00+00:00
[2024-06-26T06:58:25.107+0000] {processor.py:183} INFO - Processing /home/airflow/.local/lib/python3.12/site-packages/airflow/example_dags/example_xcom.py took 0.918 seconds
[2024-06-26T06:59:05.695+0000] {processor.py:161} INFO - Started process (PID=1670) to work on /home/airflow/.local/lib/python3.12/site-packages/airflow/example_dags/example_xcom.py
[2024-06-26T06:59:05.725+0000] {processor.py:830} INFO - Processing file /home/airflow/.local/lib/python3.12/site-packages/airflow/example_dags/example_xcom.py for tasks to queue
[2024-06-26T06:59:05.748+0000] {logging_mixin.py:188} INFO - [2024-06-26T06:59:05.746+0000] {dagbag.py:545} INFO - Filling up the DagBag from /home/airflow/.local/lib/python3.12/site-packages/airflow/example_dags/example_xcom.py
[2024-06-26T06:59:05.921+0000] {processor.py:840} INFO - DAG(s) 'example_xcom' retrieved from /home/airflow/.local/lib/python3.12/site-packages/airflow/example_dags/example_xcom.py
[2024-06-26T06:59:06.137+0000] {logging_mixin.py:188} INFO - [2024-06-26T06:59:06.136+0000] {dag.py:3096} INFO - Sync 1 DAGs
[2024-06-26T06:59:06.492+0000] {logging_mixin.py:188} INFO - [2024-06-26T06:59:06.481+0000] {dag.py:3954} INFO - Setting next_dagrun for example_xcom to 2021-01-01 00:00:00+00:00, run_after=2021-01-01 00:00:00+00:00
[2024-06-26T06:59:06.790+0000] {processor.py:183} INFO - Processing /home/airflow/.local/lib/python3.12/site-packages/airflow/example_dags/example_xcom.py took 1.179 seconds
[2024-06-26T06:59:43.206+0000] {processor.py:161} INFO - Started process (PID=1737) to work on /home/airflow/.local/lib/python3.12/site-packages/airflow/example_dags/example_xcom.py
[2024-06-26T06:59:43.241+0000] {processor.py:830} INFO - Processing file /home/airflow/.local/lib/python3.12/site-packages/airflow/example_dags/example_xcom.py for tasks to queue
[2024-06-26T06:59:43.265+0000] {logging_mixin.py:188} INFO - [2024-06-26T06:59:43.263+0000] {dagbag.py:545} INFO - Filling up the DagBag from /home/airflow/.local/lib/python3.12/site-packages/airflow/example_dags/example_xcom.py
[2024-06-26T06:59:43.386+0000] {processor.py:840} INFO - DAG(s) 'example_xcom' retrieved from /home/airflow/.local/lib/python3.12/site-packages/airflow/example_dags/example_xcom.py
[2024-06-26T06:59:43.723+0000] {logging_mixin.py:188} INFO - [2024-06-26T06:59:43.721+0000] {dag.py:3096} INFO - Sync 1 DAGs
[2024-06-26T06:59:44.126+0000] {logging_mixin.py:188} INFO - [2024-06-26T06:59:44.125+0000] {dag.py:3954} INFO - Setting next_dagrun for example_xcom to 2021-01-01 00:00:00+00:00, run_after=2021-01-01 00:00:00+00:00
[2024-06-26T06:59:44.495+0000] {processor.py:183} INFO - Processing /home/airflow/.local/lib/python3.12/site-packages/airflow/example_dags/example_xcom.py took 1.373 seconds
[2024-06-26T07:00:14.716+0000] {processor.py:161} INFO - Started process (PID=1800) to work on /home/airflow/.local/lib/python3.12/site-packages/airflow/example_dags/example_xcom.py
[2024-06-26T07:00:14.720+0000] {processor.py:830} INFO - Processing file /home/airflow/.local/lib/python3.12/site-packages/airflow/example_dags/example_xcom.py for tasks to queue
[2024-06-26T07:00:14.728+0000] {logging_mixin.py:188} INFO - [2024-06-26T07:00:14.724+0000] {dagbag.py:545} INFO - Filling up the DagBag from /home/airflow/.local/lib/python3.12/site-packages/airflow/example_dags/example_xcom.py
[2024-06-26T07:00:14.765+0000] {processor.py:840} INFO - DAG(s) 'example_xcom' retrieved from /home/airflow/.local/lib/python3.12/site-packages/airflow/example_dags/example_xcom.py
[2024-06-26T07:00:14.885+0000] {logging_mixin.py:188} INFO - [2024-06-26T07:00:14.883+0000] {dag.py:3096} INFO - Sync 1 DAGs
[2024-06-26T07:00:14.994+0000] {logging_mixin.py:188} INFO - [2024-06-26T07:00:14.993+0000] {dag.py:3954} INFO - Setting next_dagrun for example_xcom to 2021-01-01 00:00:00+00:00, run_after=2021-01-01 00:00:00+00:00
[2024-06-26T07:00:15.127+0000] {processor.py:183} INFO - Processing /home/airflow/.local/lib/python3.12/site-packages/airflow/example_dags/example_xcom.py took 0.436 seconds
[2024-06-26T07:00:45.309+0000] {processor.py:161} INFO - Started process (PID=1863) to work on /home/airflow/.local/lib/python3.12/site-packages/airflow/example_dags/example_xcom.py
[2024-06-26T07:00:45.311+0000] {processor.py:830} INFO - Processing file /home/airflow/.local/lib/python3.12/site-packages/airflow/example_dags/example_xcom.py for tasks to queue
[2024-06-26T07:00:45.314+0000] {logging_mixin.py:188} INFO - [2024-06-26T07:00:45.313+0000] {dagbag.py:545} INFO - Filling up the DagBag from /home/airflow/.local/lib/python3.12/site-packages/airflow/example_dags/example_xcom.py
[2024-06-26T07:00:45.330+0000] {processor.py:840} INFO - DAG(s) 'example_xcom' retrieved from /home/airflow/.local/lib/python3.12/site-packages/airflow/example_dags/example_xcom.py
[2024-06-26T07:00:45.380+0000] {logging_mixin.py:188} INFO - [2024-06-26T07:00:45.380+0000] {dag.py:3096} INFO - Sync 1 DAGs
[2024-06-26T07:00:45.429+0000] {logging_mixin.py:188} INFO - [2024-06-26T07:00:45.429+0000] {dag.py:3954} INFO - Setting next_dagrun for example_xcom to 2021-01-01 00:00:00+00:00, run_after=2021-01-01 00:00:00+00:00
[2024-06-26T07:00:45.480+0000] {processor.py:183} INFO - Processing /home/airflow/.local/lib/python3.12/site-packages/airflow/example_dags/example_xcom.py took 0.184 seconds
[2024-06-26T07:01:15.872+0000] {processor.py:161} INFO - Started process (PID=1924) to work on /home/airflow/.local/lib/python3.12/site-packages/airflow/example_dags/example_xcom.py
[2024-06-26T07:01:15.874+0000] {processor.py:830} INFO - Processing file /home/airflow/.local/lib/python3.12/site-packages/airflow/example_dags/example_xcom.py for tasks to queue
[2024-06-26T07:01:15.876+0000] {logging_mixin.py:188} INFO - [2024-06-26T07:01:15.875+0000] {dagbag.py:545} INFO - Filling up the DagBag from /home/airflow/.local/lib/python3.12/site-packages/airflow/example_dags/example_xcom.py
[2024-06-26T07:01:15.889+0000] {processor.py:840} INFO - DAG(s) 'example_xcom' retrieved from /home/airflow/.local/lib/python3.12/site-packages/airflow/example_dags/example_xcom.py
[2024-06-26T07:01:15.937+0000] {logging_mixin.py:188} INFO - [2024-06-26T07:01:15.937+0000] {dag.py:3096} INFO - Sync 1 DAGs
[2024-06-26T07:01:15.982+0000] {logging_mixin.py:188} INFO - [2024-06-26T07:01:15.982+0000] {dag.py:3954} INFO - Setting next_dagrun for example_xcom to 2021-01-01 00:00:00+00:00, run_after=2021-01-01 00:00:00+00:00
[2024-06-26T07:01:16.028+0000] {processor.py:183} INFO - Processing /home/airflow/.local/lib/python3.12/site-packages/airflow/example_dags/example_xcom.py took 0.165 seconds
[2024-06-26T07:01:46.101+0000] {processor.py:161} INFO - Started process (PID=1987) to work on /home/airflow/.local/lib/python3.12/site-packages/airflow/example_dags/example_xcom.py
[2024-06-26T07:01:46.102+0000] {processor.py:830} INFO - Processing file /home/airflow/.local/lib/python3.12/site-packages/airflow/example_dags/example_xcom.py for tasks to queue
[2024-06-26T07:01:46.103+0000] {logging_mixin.py:188} INFO - [2024-06-26T07:01:46.103+0000] {dagbag.py:545} INFO - Filling up the DagBag from /home/airflow/.local/lib/python3.12/site-packages/airflow/example_dags/example_xcom.py
[2024-06-26T07:01:46.111+0000] {processor.py:840} INFO - DAG(s) 'example_xcom' retrieved from /home/airflow/.local/lib/python3.12/site-packages/airflow/example_dags/example_xcom.py
[2024-06-26T07:01:46.135+0000] {logging_mixin.py:188} INFO - [2024-06-26T07:01:46.134+0000] {dag.py:3096} INFO - Sync 1 DAGs
[2024-06-26T07:01:46.157+0000] {logging_mixin.py:188} INFO - [2024-06-26T07:01:46.157+0000] {dag.py:3954} INFO - Setting next_dagrun for example_xcom to 2021-01-01 00:00:00+00:00, run_after=2021-01-01 00:00:00+00:00
[2024-06-26T07:01:46.182+0000] {processor.py:183} INFO - Processing /home/airflow/.local/lib/python3.12/site-packages/airflow/example_dags/example_xcom.py took 0.087 seconds
[2024-06-26T07:02:16.300+0000] {processor.py:161} INFO - Started process (PID=2050) to work on /home/airflow/.local/lib/python3.12/site-packages/airflow/example_dags/example_xcom.py
[2024-06-26T07:02:16.301+0000] {processor.py:830} INFO - Processing file /home/airflow/.local/lib/python3.12/site-packages/airflow/example_dags/example_xcom.py for tasks to queue
[2024-06-26T07:02:16.302+0000] {logging_mixin.py:188} INFO - [2024-06-26T07:02:16.301+0000] {dagbag.py:545} INFO - Filling up the DagBag from /home/airflow/.local/lib/python3.12/site-packages/airflow/example_dags/example_xcom.py
[2024-06-26T07:02:16.307+0000] {processor.py:840} INFO - DAG(s) 'example_xcom' retrieved from /home/airflow/.local/lib/python3.12/site-packages/airflow/example_dags/example_xcom.py
[2024-06-26T07:02:16.323+0000] {logging_mixin.py:188} INFO - [2024-06-26T07:02:16.323+0000] {dag.py:3096} INFO - Sync 1 DAGs
[2024-06-26T07:02:16.338+0000] {logging_mixin.py:188} INFO - [2024-06-26T07:02:16.338+0000] {dag.py:3954} INFO - Setting next_dagrun for example_xcom to 2021-01-01 00:00:00+00:00, run_after=2021-01-01 00:00:00+00:00
[2024-06-26T07:02:16.358+0000] {processor.py:183} INFO - Processing /home/airflow/.local/lib/python3.12/site-packages/airflow/example_dags/example_xcom.py took 0.063 seconds
[2024-06-26T07:02:46.739+0000] {processor.py:161} INFO - Started process (PID=2113) to work on /home/airflow/.local/lib/python3.12/site-packages/airflow/example_dags/example_xcom.py
[2024-06-26T07:02:46.740+0000] {processor.py:830} INFO - Processing file /home/airflow/.local/lib/python3.12/site-packages/airflow/example_dags/example_xcom.py for tasks to queue
[2024-06-26T07:02:46.741+0000] {logging_mixin.py:188} INFO - [2024-06-26T07:02:46.741+0000] {dagbag.py:545} INFO - Filling up the DagBag from /home/airflow/.local/lib/python3.12/site-packages/airflow/example_dags/example_xcom.py
[2024-06-26T07:02:46.747+0000] {processor.py:840} INFO - DAG(s) 'example_xcom' retrieved from /home/airflow/.local/lib/python3.12/site-packages/airflow/example_dags/example_xcom.py
[2024-06-26T07:02:46.765+0000] {logging_mixin.py:188} INFO - [2024-06-26T07:02:46.764+0000] {dag.py:3096} INFO - Sync 1 DAGs
[2024-06-26T07:02:46.781+0000] {logging_mixin.py:188} INFO - [2024-06-26T07:02:46.781+0000] {dag.py:3954} INFO - Setting next_dagrun for example_xcom to 2021-01-01 00:00:00+00:00, run_after=2021-01-01 00:00:00+00:00
[2024-06-26T07:02:46.802+0000] {processor.py:183} INFO - Processing /home/airflow/.local/lib/python3.12/site-packages/airflow/example_dags/example_xcom.py took 0.067 seconds
[2024-06-26T07:03:17.776+0000] {processor.py:161} INFO - Started process (PID=2177) to work on /home/airflow/.local/lib/python3.12/site-packages/airflow/example_dags/example_xcom.py
[2024-06-26T07:03:17.778+0000] {processor.py:830} INFO - Processing file /home/airflow/.local/lib/python3.12/site-packages/airflow/example_dags/example_xcom.py for tasks to queue
[2024-06-26T07:03:17.781+0000] {logging_mixin.py:188} INFO - [2024-06-26T07:03:17.780+0000] {dagbag.py:545} INFO - Filling up the DagBag from /home/airflow/.local/lib/python3.12/site-packages/airflow/example_dags/example_xcom.py
[2024-06-26T07:03:17.795+0000] {processor.py:840} INFO - DAG(s) 'example_xcom' retrieved from /home/airflow/.local/lib/python3.12/site-packages/airflow/example_dags/example_xcom.py
[2024-06-26T07:03:17.837+0000] {logging_mixin.py:188} INFO - [2024-06-26T07:03:17.837+0000] {dag.py:3096} INFO - Sync 1 DAGs
[2024-06-26T07:03:17.900+0000] {logging_mixin.py:188} INFO - [2024-06-26T07:03:17.899+0000] {dag.py:3954} INFO - Setting next_dagrun for example_xcom to 2021-01-01 00:00:00+00:00, run_after=2021-01-01 00:00:00+00:00
[2024-06-26T07:03:17.946+0000] {processor.py:183} INFO - Processing /home/airflow/.local/lib/python3.12/site-packages/airflow/example_dags/example_xcom.py took 0.180 seconds
[2024-06-26T07:03:48.168+0000] {processor.py:161} INFO - Started process (PID=2242) to work on /home/airflow/.local/lib/python3.12/site-packages/airflow/example_dags/example_xcom.py
[2024-06-26T07:03:48.175+0000] {processor.py:830} INFO - Processing file /home/airflow/.local/lib/python3.12/site-packages/airflow/example_dags/example_xcom.py for tasks to queue
[2024-06-26T07:03:48.179+0000] {logging_mixin.py:188} INFO - [2024-06-26T07:03:48.178+0000] {dagbag.py:545} INFO - Filling up the DagBag from /home/airflow/.local/lib/python3.12/site-packages/airflow/example_dags/example_xcom.py
[2024-06-26T07:03:48.216+0000] {processor.py:840} INFO - DAG(s) 'example_xcom' retrieved from /home/airflow/.local/lib/python3.12/site-packages/airflow/example_dags/example_xcom.py
[2024-06-26T07:03:48.311+0000] {logging_mixin.py:188} INFO - [2024-06-26T07:03:48.310+0000] {dag.py:3096} INFO - Sync 1 DAGs
[2024-06-26T07:03:48.760+0000] {logging_mixin.py:188} INFO - [2024-06-26T07:03:48.759+0000] {dag.py:3954} INFO - Setting next_dagrun for example_xcom to 2021-01-01 00:00:00+00:00, run_after=2021-01-01 00:00:00+00:00
[2024-06-26T07:03:48.869+0000] {processor.py:183} INFO - Processing /home/airflow/.local/lib/python3.12/site-packages/airflow/example_dags/example_xcom.py took 0.726 seconds
[2024-06-26T07:04:19.574+0000] {processor.py:161} INFO - Started process (PID=2306) to work on /home/airflow/.local/lib/python3.12/site-packages/airflow/example_dags/example_xcom.py
[2024-06-26T07:04:19.575+0000] {processor.py:830} INFO - Processing file /home/airflow/.local/lib/python3.12/site-packages/airflow/example_dags/example_xcom.py for tasks to queue
[2024-06-26T07:04:19.576+0000] {logging_mixin.py:188} INFO - [2024-06-26T07:04:19.576+0000] {dagbag.py:545} INFO - Filling up the DagBag from /home/airflow/.local/lib/python3.12/site-packages/airflow/example_dags/example_xcom.py
[2024-06-26T07:04:19.583+0000] {processor.py:840} INFO - DAG(s) 'example_xcom' retrieved from /home/airflow/.local/lib/python3.12/site-packages/airflow/example_dags/example_xcom.py
[2024-06-26T07:04:19.606+0000] {logging_mixin.py:188} INFO - [2024-06-26T07:04:19.605+0000] {dag.py:3096} INFO - Sync 1 DAGs
[2024-06-26T07:04:19.627+0000] {logging_mixin.py:188} INFO - [2024-06-26T07:04:19.627+0000] {dag.py:3954} INFO - Setting next_dagrun for example_xcom to 2021-01-01 00:00:00+00:00, run_after=2021-01-01 00:00:00+00:00
[2024-06-26T07:04:19.772+0000] {processor.py:183} INFO - Processing /home/airflow/.local/lib/python3.12/site-packages/airflow/example_dags/example_xcom.py took 0.203 seconds
[2024-06-26T07:04:50.377+0000] {processor.py:161} INFO - Started process (PID=2369) to work on /home/airflow/.local/lib/python3.12/site-packages/airflow/example_dags/example_xcom.py
[2024-06-26T07:04:50.379+0000] {processor.py:830} INFO - Processing file /home/airflow/.local/lib/python3.12/site-packages/airflow/example_dags/example_xcom.py for tasks to queue
[2024-06-26T07:04:50.381+0000] {logging_mixin.py:188} INFO - [2024-06-26T07:04:50.381+0000] {dagbag.py:545} INFO - Filling up the DagBag from /home/airflow/.local/lib/python3.12/site-packages/airflow/example_dags/example_xcom.py
[2024-06-26T07:04:50.397+0000] {processor.py:840} INFO - DAG(s) 'example_xcom' retrieved from /home/airflow/.local/lib/python3.12/site-packages/airflow/example_dags/example_xcom.py
[2024-06-26T07:04:50.444+0000] {logging_mixin.py:188} INFO - [2024-06-26T07:04:50.443+0000] {dag.py:3096} INFO - Sync 1 DAGs
[2024-06-26T07:04:50.480+0000] {logging_mixin.py:188} INFO - [2024-06-26T07:04:50.479+0000] {dag.py:3954} INFO - Setting next_dagrun for example_xcom to 2021-01-01 00:00:00+00:00, run_after=2021-01-01 00:00:00+00:00
[2024-06-26T07:04:50.519+0000] {processor.py:183} INFO - Processing /home/airflow/.local/lib/python3.12/site-packages/airflow/example_dags/example_xcom.py took 0.151 seconds
[2024-06-26T07:05:21.441+0000] {processor.py:161} INFO - Started process (PID=2435) to work on /home/airflow/.local/lib/python3.12/site-packages/airflow/example_dags/example_xcom.py
[2024-06-26T07:05:21.445+0000] {processor.py:830} INFO - Processing file /home/airflow/.local/lib/python3.12/site-packages/airflow/example_dags/example_xcom.py for tasks to queue
[2024-06-26T07:05:21.450+0000] {logging_mixin.py:188} INFO - [2024-06-26T07:05:21.448+0000] {dagbag.py:545} INFO - Filling up the DagBag from /home/airflow/.local/lib/python3.12/site-packages/airflow/example_dags/example_xcom.py
[2024-06-26T07:05:21.482+0000] {processor.py:840} INFO - DAG(s) 'example_xcom' retrieved from /home/airflow/.local/lib/python3.12/site-packages/airflow/example_dags/example_xcom.py
[2024-06-26T07:05:21.572+0000] {logging_mixin.py:188} INFO - [2024-06-26T07:05:21.571+0000] {dag.py:3096} INFO - Sync 1 DAGs
[2024-06-26T07:05:21.652+0000] {logging_mixin.py:188} INFO - [2024-06-26T07:05:21.651+0000] {dag.py:3954} INFO - Setting next_dagrun for example_xcom to 2021-01-01 00:00:00+00:00, run_after=2021-01-01 00:00:00+00:00
[2024-06-26T07:05:21.732+0000] {processor.py:183} INFO - Processing /home/airflow/.local/lib/python3.12/site-packages/airflow/example_dags/example_xcom.py took 0.316 seconds
[2024-06-26T07:05:52.060+0000] {processor.py:161} INFO - Started process (PID=2499) to work on /home/airflow/.local/lib/python3.12/site-packages/airflow/example_dags/example_xcom.py
[2024-06-26T07:05:52.063+0000] {processor.py:830} INFO - Processing file /home/airflow/.local/lib/python3.12/site-packages/airflow/example_dags/example_xcom.py for tasks to queue
[2024-06-26T07:05:52.068+0000] {logging_mixin.py:188} INFO - [2024-06-26T07:05:52.067+0000] {dagbag.py:545} INFO - Filling up the DagBag from /home/airflow/.local/lib/python3.12/site-packages/airflow/example_dags/example_xcom.py
[2024-06-26T07:05:52.094+0000] {processor.py:840} INFO - DAG(s) 'example_xcom' retrieved from /home/airflow/.local/lib/python3.12/site-packages/airflow/example_dags/example_xcom.py
[2024-06-26T07:05:52.174+0000] {logging_mixin.py:188} INFO - [2024-06-26T07:05:52.174+0000] {dag.py:3096} INFO - Sync 1 DAGs
[2024-06-26T07:05:52.254+0000] {logging_mixin.py:188} INFO - [2024-06-26T07:05:52.252+0000] {dag.py:3954} INFO - Setting next_dagrun for example_xcom to 2021-01-01 00:00:00+00:00, run_after=2021-01-01 00:00:00+00:00
[2024-06-26T07:05:52.329+0000] {processor.py:183} INFO - Processing /home/airflow/.local/lib/python3.12/site-packages/airflow/example_dags/example_xcom.py took 0.290 seconds
[2024-06-26T07:06:23.257+0000] {processor.py:161} INFO - Started process (PID=2561) to work on /home/airflow/.local/lib/python3.12/site-packages/airflow/example_dags/example_xcom.py
[2024-06-26T07:06:23.258+0000] {processor.py:830} INFO - Processing file /home/airflow/.local/lib/python3.12/site-packages/airflow/example_dags/example_xcom.py for tasks to queue
[2024-06-26T07:06:23.259+0000] {logging_mixin.py:188} INFO - [2024-06-26T07:06:23.259+0000] {dagbag.py:545} INFO - Filling up the DagBag from /home/airflow/.local/lib/python3.12/site-packages/airflow/example_dags/example_xcom.py
[2024-06-26T07:06:23.265+0000] {processor.py:840} INFO - DAG(s) 'example_xcom' retrieved from /home/airflow/.local/lib/python3.12/site-packages/airflow/example_dags/example_xcom.py
[2024-06-26T07:06:23.282+0000] {logging_mixin.py:188} INFO - [2024-06-26T07:06:23.282+0000] {dag.py:3096} INFO - Sync 1 DAGs
[2024-06-26T07:06:23.297+0000] {logging_mixin.py:188} INFO - [2024-06-26T07:06:23.297+0000] {dag.py:3954} INFO - Setting next_dagrun for example_xcom to 2021-01-01 00:00:00+00:00, run_after=2021-01-01 00:00:00+00:00
[2024-06-26T07:06:23.316+0000] {processor.py:183} INFO - Processing /home/airflow/.local/lib/python3.12/site-packages/airflow/example_dags/example_xcom.py took 0.063 seconds
[2024-06-26T07:06:55.031+0000] {processor.py:161} INFO - Started process (PID=2623) to work on /home/airflow/.local/lib/python3.12/site-packages/airflow/example_dags/example_xcom.py
[2024-06-26T07:06:55.038+0000] {processor.py:830} INFO - Processing file /home/airflow/.local/lib/python3.12/site-packages/airflow/example_dags/example_xcom.py for tasks to queue
[2024-06-26T07:06:55.047+0000] {logging_mixin.py:188} INFO - [2024-06-26T07:06:55.044+0000] {dagbag.py:545} INFO - Filling up the DagBag from /home/airflow/.local/lib/python3.12/site-packages/airflow/example_dags/example_xcom.py
[2024-06-26T07:06:55.128+0000] {processor.py:840} INFO - DAG(s) 'example_xcom' retrieved from /home/airflow/.local/lib/python3.12/site-packages/airflow/example_dags/example_xcom.py
[2024-06-26T07:06:55.288+0000] {logging_mixin.py:188} INFO - [2024-06-26T07:06:55.287+0000] {dag.py:3096} INFO - Sync 1 DAGs
[2024-06-26T07:06:55.419+0000] {logging_mixin.py:188} INFO - [2024-06-26T07:06:55.409+0000] {dag.py:3954} INFO - Setting next_dagrun for example_xcom to 2021-01-01 00:00:00+00:00, run_after=2021-01-01 00:00:00+00:00
[2024-06-26T07:06:55.546+0000] {processor.py:183} INFO - Processing /home/airflow/.local/lib/python3.12/site-packages/airflow/example_dags/example_xcom.py took 0.564 seconds
[2024-06-26T07:07:25.930+0000] {processor.py:161} INFO - Started process (PID=2685) to work on /home/airflow/.local/lib/python3.12/site-packages/airflow/example_dags/example_xcom.py
[2024-06-26T07:07:25.931+0000] {processor.py:830} INFO - Processing file /home/airflow/.local/lib/python3.12/site-packages/airflow/example_dags/example_xcom.py for tasks to queue
[2024-06-26T07:07:25.932+0000] {logging_mixin.py:188} INFO - [2024-06-26T07:07:25.931+0000] {dagbag.py:545} INFO - Filling up the DagBag from /home/airflow/.local/lib/python3.12/site-packages/airflow/example_dags/example_xcom.py
[2024-06-26T07:07:25.938+0000] {processor.py:840} INFO - DAG(s) 'example_xcom' retrieved from /home/airflow/.local/lib/python3.12/site-packages/airflow/example_dags/example_xcom.py
[2024-06-26T07:07:25.958+0000] {logging_mixin.py:188} INFO - [2024-06-26T07:07:25.957+0000] {dag.py:3096} INFO - Sync 1 DAGs
[2024-06-26T07:07:25.976+0000] {logging_mixin.py:188} INFO - [2024-06-26T07:07:25.975+0000] {dag.py:3954} INFO - Setting next_dagrun for example_xcom to 2021-01-01 00:00:00+00:00, run_after=2021-01-01 00:00:00+00:00
[2024-06-26T07:07:25.993+0000] {processor.py:183} INFO - Processing /home/airflow/.local/lib/python3.12/site-packages/airflow/example_dags/example_xcom.py took 0.068 seconds
[2024-06-26T07:08:03.565+0000] {processor.py:161} INFO - Started process (PID=2742) to work on /home/airflow/.local/lib/python3.12/site-packages/airflow/example_dags/example_xcom.py
[2024-06-26T07:08:03.569+0000] {processor.py:830} INFO - Processing file /home/airflow/.local/lib/python3.12/site-packages/airflow/example_dags/example_xcom.py for tasks to queue
[2024-06-26T07:08:03.574+0000] {logging_mixin.py:188} INFO - [2024-06-26T07:08:03.572+0000] {dagbag.py:545} INFO - Filling up the DagBag from /home/airflow/.local/lib/python3.12/site-packages/airflow/example_dags/example_xcom.py
[2024-06-26T07:08:03.603+0000] {processor.py:840} INFO - DAG(s) 'example_xcom' retrieved from /home/airflow/.local/lib/python3.12/site-packages/airflow/example_dags/example_xcom.py
[2024-06-26T07:08:03.700+0000] {logging_mixin.py:188} INFO - [2024-06-26T07:08:03.698+0000] {dag.py:3096} INFO - Sync 1 DAGs
[2024-06-26T07:08:03.814+0000] {logging_mixin.py:188} INFO - [2024-06-26T07:08:03.813+0000] {dag.py:3954} INFO - Setting next_dagrun for example_xcom to 2021-01-01 00:00:00+00:00, run_after=2021-01-01 00:00:00+00:00
[2024-06-26T07:08:03.910+0000] {processor.py:183} INFO - Processing /home/airflow/.local/lib/python3.12/site-packages/airflow/example_dags/example_xcom.py took 0.368 seconds
[2024-06-26T07:08:34.204+0000] {processor.py:161} INFO - Started process (PID=2804) to work on /home/airflow/.local/lib/python3.12/site-packages/airflow/example_dags/example_xcom.py
[2024-06-26T07:08:34.205+0000] {processor.py:830} INFO - Processing file /home/airflow/.local/lib/python3.12/site-packages/airflow/example_dags/example_xcom.py for tasks to queue
[2024-06-26T07:08:34.207+0000] {logging_mixin.py:188} INFO - [2024-06-26T07:08:34.206+0000] {dagbag.py:545} INFO - Filling up the DagBag from /home/airflow/.local/lib/python3.12/site-packages/airflow/example_dags/example_xcom.py
[2024-06-26T07:08:34.218+0000] {processor.py:840} INFO - DAG(s) 'example_xcom' retrieved from /home/airflow/.local/lib/python3.12/site-packages/airflow/example_dags/example_xcom.py
[2024-06-26T07:08:34.250+0000] {logging_mixin.py:188} INFO - [2024-06-26T07:08:34.250+0000] {dag.py:3096} INFO - Sync 1 DAGs
[2024-06-26T07:08:34.284+0000] {logging_mixin.py:188} INFO - [2024-06-26T07:08:34.283+0000] {dag.py:3954} INFO - Setting next_dagrun for example_xcom to 2021-01-01 00:00:00+00:00, run_after=2021-01-01 00:00:00+00:00
[2024-06-26T07:08:34.317+0000] {processor.py:183} INFO - Processing /home/airflow/.local/lib/python3.12/site-packages/airflow/example_dags/example_xcom.py took 0.122 seconds
[2024-06-26T07:09:12.576+0000] {processor.py:161} INFO - Started process (PID=2866) to work on /home/airflow/.local/lib/python3.12/site-packages/airflow/example_dags/example_xcom.py
[2024-06-26T07:09:12.579+0000] {processor.py:830} INFO - Processing file /home/airflow/.local/lib/python3.12/site-packages/airflow/example_dags/example_xcom.py for tasks to queue
[2024-06-26T07:09:12.584+0000] {logging_mixin.py:188} INFO - [2024-06-26T07:09:12.582+0000] {dagbag.py:545} INFO - Filling up the DagBag from /home/airflow/.local/lib/python3.12/site-packages/airflow/example_dags/example_xcom.py
[2024-06-26T07:09:12.654+0000] {processor.py:840} INFO - DAG(s) 'example_xcom' retrieved from /home/airflow/.local/lib/python3.12/site-packages/airflow/example_dags/example_xcom.py
[2024-06-26T07:09:12.828+0000] {logging_mixin.py:188} INFO - [2024-06-26T07:09:12.827+0000] {dag.py:3096} INFO - Sync 1 DAGs
[2024-06-26T07:09:12.995+0000] {logging_mixin.py:188} INFO - [2024-06-26T07:09:12.994+0000] {dag.py:3954} INFO - Setting next_dagrun for example_xcom to 2021-01-01 00:00:00+00:00, run_after=2021-01-01 00:00:00+00:00
[2024-06-26T07:09:13.245+0000] {processor.py:183} INFO - Processing /home/airflow/.local/lib/python3.12/site-packages/airflow/example_dags/example_xcom.py took 0.710 seconds
[2024-06-26T07:10:25.877+0000] {processor.py:161} INFO - Started process (PID=2941) to work on /home/airflow/.local/lib/python3.12/site-packages/airflow/example_dags/example_xcom.py
[2024-06-26T07:10:25.894+0000] {processor.py:830} INFO - Processing file /home/airflow/.local/lib/python3.12/site-packages/airflow/example_dags/example_xcom.py for tasks to queue
[2024-06-26T07:10:25.910+0000] {logging_mixin.py:188} INFO - [2024-06-26T07:10:25.908+0000] {dagbag.py:545} INFO - Filling up the DagBag from /home/airflow/.local/lib/python3.12/site-packages/airflow/example_dags/example_xcom.py
[2024-06-26T07:10:26.060+0000] {processor.py:840} INFO - DAG(s) 'example_xcom' retrieved from /home/airflow/.local/lib/python3.12/site-packages/airflow/example_dags/example_xcom.py
[2024-06-26T07:10:26.419+0000] {logging_mixin.py:188} INFO - [2024-06-26T07:10:26.418+0000] {dag.py:3096} INFO - Sync 1 DAGs
[2024-06-26T07:10:26.748+0000] {logging_mixin.py:188} INFO - [2024-06-26T07:10:26.747+0000] {dag.py:3954} INFO - Setting next_dagrun for example_xcom to 2021-01-01 00:00:00+00:00, run_after=2021-01-01 00:00:00+00:00
[2024-06-26T07:10:27.985+0000] {processor.py:183} INFO - Processing /home/airflow/.local/lib/python3.12/site-packages/airflow/example_dags/example_xcom.py took 2.179 seconds
[2024-06-26T07:10:58.174+0000] {processor.py:161} INFO - Started process (PID=3004) to work on /home/airflow/.local/lib/python3.12/site-packages/airflow/example_dags/example_xcom.py
[2024-06-26T07:10:58.177+0000] {processor.py:830} INFO - Processing file /home/airflow/.local/lib/python3.12/site-packages/airflow/example_dags/example_xcom.py for tasks to queue
[2024-06-26T07:10:58.180+0000] {logging_mixin.py:188} INFO - [2024-06-26T07:10:58.179+0000] {dagbag.py:545} INFO - Filling up the DagBag from /home/airflow/.local/lib/python3.12/site-packages/airflow/example_dags/example_xcom.py
[2024-06-26T07:10:58.195+0000] {processor.py:840} INFO - DAG(s) 'example_xcom' retrieved from /home/airflow/.local/lib/python3.12/site-packages/airflow/example_dags/example_xcom.py
[2024-06-26T07:10:58.241+0000] {logging_mixin.py:188} INFO - [2024-06-26T07:10:58.241+0000] {dag.py:3096} INFO - Sync 1 DAGs
[2024-06-26T07:10:58.290+0000] {logging_mixin.py:188} INFO - [2024-06-26T07:10:58.289+0000] {dag.py:3954} INFO - Setting next_dagrun for example_xcom to 2021-01-01 00:00:00+00:00, run_after=2021-01-01 00:00:00+00:00
[2024-06-26T07:10:58.334+0000] {processor.py:183} INFO - Processing /home/airflow/.local/lib/python3.12/site-packages/airflow/example_dags/example_xcom.py took 0.171 seconds
[2024-06-26T07:11:30.441+0000] {processor.py:161} INFO - Started process (PID=3067) to work on /home/airflow/.local/lib/python3.12/site-packages/airflow/example_dags/example_xcom.py
[2024-06-26T07:11:30.455+0000] {processor.py:830} INFO - Processing file /home/airflow/.local/lib/python3.12/site-packages/airflow/example_dags/example_xcom.py for tasks to queue
[2024-06-26T07:11:30.468+0000] {logging_mixin.py:188} INFO - [2024-06-26T07:11:30.467+0000] {dagbag.py:545} INFO - Filling up the DagBag from /home/airflow/.local/lib/python3.12/site-packages/airflow/example_dags/example_xcom.py
[2024-06-26T07:11:30.582+0000] {processor.py:840} INFO - DAG(s) 'example_xcom' retrieved from /home/airflow/.local/lib/python3.12/site-packages/airflow/example_dags/example_xcom.py
[2024-06-26T07:11:30.887+0000] {logging_mixin.py:188} INFO - [2024-06-26T07:11:30.876+0000] {dag.py:3096} INFO - Sync 1 DAGs
[2024-06-26T07:11:31.294+0000] {logging_mixin.py:188} INFO - [2024-06-26T07:11:31.293+0000] {dag.py:3954} INFO - Setting next_dagrun for example_xcom to 2021-01-01 00:00:00+00:00, run_after=2021-01-01 00:00:00+00:00
[2024-06-26T07:11:31.590+0000] {processor.py:183} INFO - Processing /home/airflow/.local/lib/python3.12/site-packages/airflow/example_dags/example_xcom.py took 1.229 seconds
[2024-06-26T07:12:01.892+0000] {processor.py:161} INFO - Started process (PID=3130) to work on /home/airflow/.local/lib/python3.12/site-packages/airflow/example_dags/example_xcom.py
[2024-06-26T07:12:01.894+0000] {processor.py:830} INFO - Processing file /home/airflow/.local/lib/python3.12/site-packages/airflow/example_dags/example_xcom.py for tasks to queue
[2024-06-26T07:12:01.897+0000] {logging_mixin.py:188} INFO - [2024-06-26T07:12:01.897+0000] {dagbag.py:545} INFO - Filling up the DagBag from /home/airflow/.local/lib/python3.12/site-packages/airflow/example_dags/example_xcom.py
[2024-06-26T07:12:01.917+0000] {processor.py:840} INFO - DAG(s) 'example_xcom' retrieved from /home/airflow/.local/lib/python3.12/site-packages/airflow/example_dags/example_xcom.py
[2024-06-26T07:12:01.974+0000] {logging_mixin.py:188} INFO - [2024-06-26T07:12:01.974+0000] {dag.py:3096} INFO - Sync 1 DAGs
[2024-06-26T07:12:02.020+0000] {logging_mixin.py:188} INFO - [2024-06-26T07:12:02.019+0000] {dag.py:3954} INFO - Setting next_dagrun for example_xcom to 2021-01-01 00:00:00+00:00, run_after=2021-01-01 00:00:00+00:00
[2024-06-26T07:12:02.067+0000] {processor.py:183} INFO - Processing /home/airflow/.local/lib/python3.12/site-packages/airflow/example_dags/example_xcom.py took 0.183 seconds
[2024-06-26T07:12:51.214+0000] {processor.py:161} INFO - Started process (PID=3188) to work on /home/airflow/.local/lib/python3.12/site-packages/airflow/example_dags/example_xcom.py
[2024-06-26T07:12:51.234+0000] {processor.py:830} INFO - Processing file /home/airflow/.local/lib/python3.12/site-packages/airflow/example_dags/example_xcom.py for tasks to queue
[2024-06-26T07:12:51.240+0000] {logging_mixin.py:188} INFO - [2024-06-26T07:12:51.239+0000] {dagbag.py:545} INFO - Filling up the DagBag from /home/airflow/.local/lib/python3.12/site-packages/airflow/example_dags/example_xcom.py
[2024-06-26T07:12:51.340+0000] {processor.py:840} INFO - DAG(s) 'example_xcom' retrieved from /home/airflow/.local/lib/python3.12/site-packages/airflow/example_dags/example_xcom.py
[2024-06-26T07:12:51.618+0000] {logging_mixin.py:188} INFO - [2024-06-26T07:12:51.617+0000] {dag.py:3096} INFO - Sync 1 DAGs
[2024-06-26T07:12:51.908+0000] {logging_mixin.py:188} INFO - [2024-06-26T07:12:51.907+0000] {dag.py:3954} INFO - Setting next_dagrun for example_xcom to 2021-01-01 00:00:00+00:00, run_after=2021-01-01 00:00:00+00:00
[2024-06-26T07:12:52.185+0000] {processor.py:183} INFO - Processing /home/airflow/.local/lib/python3.12/site-packages/airflow/example_dags/example_xcom.py took 1.041 seconds
[2024-06-26T07:13:26.447+0000] {processor.py:161} INFO - Started process (PID=3250) to work on /home/airflow/.local/lib/python3.12/site-packages/airflow/example_dags/example_xcom.py
[2024-06-26T07:13:26.452+0000] {processor.py:830} INFO - Processing file /home/airflow/.local/lib/python3.12/site-packages/airflow/example_dags/example_xcom.py for tasks to queue
[2024-06-26T07:13:26.458+0000] {logging_mixin.py:188} INFO - [2024-06-26T07:13:26.456+0000] {dagbag.py:545} INFO - Filling up the DagBag from /home/airflow/.local/lib/python3.12/site-packages/airflow/example_dags/example_xcom.py
[2024-06-26T07:13:26.501+0000] {processor.py:840} INFO - DAG(s) 'example_xcom' retrieved from /home/airflow/.local/lib/python3.12/site-packages/airflow/example_dags/example_xcom.py
[2024-06-26T07:13:26.612+0000] {logging_mixin.py:188} INFO - [2024-06-26T07:13:26.611+0000] {dag.py:3096} INFO - Sync 1 DAGs
[2024-06-26T07:13:26.728+0000] {logging_mixin.py:188} INFO - [2024-06-26T07:13:26.727+0000] {dag.py:3954} INFO - Setting next_dagrun for example_xcom to 2021-01-01 00:00:00+00:00, run_after=2021-01-01 00:00:00+00:00
[2024-06-26T07:13:26.848+0000] {processor.py:183} INFO - Processing /home/airflow/.local/lib/python3.12/site-packages/airflow/example_dags/example_xcom.py took 0.435 seconds
[2024-06-26T07:13:59.170+0000] {processor.py:161} INFO - Started process (PID=3313) to work on /home/airflow/.local/lib/python3.12/site-packages/airflow/example_dags/example_xcom.py
[2024-06-26T07:13:59.174+0000] {processor.py:830} INFO - Processing file /home/airflow/.local/lib/python3.12/site-packages/airflow/example_dags/example_xcom.py for tasks to queue
[2024-06-26T07:13:59.178+0000] {logging_mixin.py:188} INFO - [2024-06-26T07:13:59.176+0000] {dagbag.py:545} INFO - Filling up the DagBag from /home/airflow/.local/lib/python3.12/site-packages/airflow/example_dags/example_xcom.py
[2024-06-26T07:13:59.217+0000] {processor.py:840} INFO - DAG(s) 'example_xcom' retrieved from /home/airflow/.local/lib/python3.12/site-packages/airflow/example_dags/example_xcom.py
[2024-06-26T07:13:59.483+0000] {logging_mixin.py:188} INFO - [2024-06-26T07:13:59.481+0000] {dag.py:3096} INFO - Sync 1 DAGs
[2024-06-26T07:13:59.719+0000] {logging_mixin.py:188} INFO - [2024-06-26T07:13:59.711+0000] {dag.py:3954} INFO - Setting next_dagrun for example_xcom to 2021-01-01 00:00:00+00:00, run_after=2021-01-01 00:00:00+00:00
[2024-06-26T07:13:59.887+0000] {processor.py:183} INFO - Processing /home/airflow/.local/lib/python3.12/site-packages/airflow/example_dags/example_xcom.py took 0.746 seconds
[2024-06-26T07:14:30.633+0000] {processor.py:161} INFO - Started process (PID=3374) to work on /home/airflow/.local/lib/python3.12/site-packages/airflow/example_dags/example_xcom.py
[2024-06-26T07:14:30.635+0000] {processor.py:830} INFO - Processing file /home/airflow/.local/lib/python3.12/site-packages/airflow/example_dags/example_xcom.py for tasks to queue
[2024-06-26T07:14:30.637+0000] {logging_mixin.py:188} INFO - [2024-06-26T07:14:30.637+0000] {dagbag.py:545} INFO - Filling up the DagBag from /home/airflow/.local/lib/python3.12/site-packages/airflow/example_dags/example_xcom.py
[2024-06-26T07:14:30.650+0000] {processor.py:840} INFO - DAG(s) 'example_xcom' retrieved from /home/airflow/.local/lib/python3.12/site-packages/airflow/example_dags/example_xcom.py
[2024-06-26T07:14:30.686+0000] {logging_mixin.py:188} INFO - [2024-06-26T07:14:30.685+0000] {dag.py:3096} INFO - Sync 1 DAGs
[2024-06-26T07:14:30.722+0000] {logging_mixin.py:188} INFO - [2024-06-26T07:14:30.721+0000] {dag.py:3954} INFO - Setting next_dagrun for example_xcom to 2021-01-01 00:00:00+00:00, run_after=2021-01-01 00:00:00+00:00
[2024-06-26T07:14:30.754+0000] {processor.py:183} INFO - Processing /home/airflow/.local/lib/python3.12/site-packages/airflow/example_dags/example_xcom.py took 0.131 seconds
[2024-06-26T07:15:00.945+0000] {processor.py:161} INFO - Started process (PID=3437) to work on /home/airflow/.local/lib/python3.12/site-packages/airflow/example_dags/example_xcom.py
[2024-06-26T07:15:00.949+0000] {processor.py:830} INFO - Processing file /home/airflow/.local/lib/python3.12/site-packages/airflow/example_dags/example_xcom.py for tasks to queue
[2024-06-26T07:15:00.954+0000] {logging_mixin.py:188} INFO - [2024-06-26T07:15:00.952+0000] {dagbag.py:545} INFO - Filling up the DagBag from /home/airflow/.local/lib/python3.12/site-packages/airflow/example_dags/example_xcom.py
[2024-06-26T07:15:01.003+0000] {processor.py:840} INFO - DAG(s) 'example_xcom' retrieved from /home/airflow/.local/lib/python3.12/site-packages/airflow/example_dags/example_xcom.py
[2024-06-26T07:15:01.104+0000] {logging_mixin.py:188} INFO - [2024-06-26T07:15:01.103+0000] {dag.py:3096} INFO - Sync 1 DAGs
[2024-06-26T07:15:01.231+0000] {logging_mixin.py:188} INFO - [2024-06-26T07:15:01.230+0000] {dag.py:3954} INFO - Setting next_dagrun for example_xcom to 2021-01-01 00:00:00+00:00, run_after=2021-01-01 00:00:00+00:00
[2024-06-26T07:15:01.400+0000] {processor.py:183} INFO - Processing /home/airflow/.local/lib/python3.12/site-packages/airflow/example_dags/example_xcom.py took 0.475 seconds
[2024-06-26T07:15:37.166+0000] {processor.py:161} INFO - Started process (PID=3491) to work on /home/airflow/.local/lib/python3.12/site-packages/airflow/example_dags/example_xcom.py
[2024-06-26T07:15:37.184+0000] {processor.py:830} INFO - Processing file /home/airflow/.local/lib/python3.12/site-packages/airflow/example_dags/example_xcom.py for tasks to queue
[2024-06-26T07:15:37.200+0000] {logging_mixin.py:188} INFO - [2024-06-26T07:15:37.198+0000] {dagbag.py:545} INFO - Filling up the DagBag from /home/airflow/.local/lib/python3.12/site-packages/airflow/example_dags/example_xcom.py
[2024-06-26T07:15:37.342+0000] {processor.py:840} INFO - DAG(s) 'example_xcom' retrieved from /home/airflow/.local/lib/python3.12/site-packages/airflow/example_dags/example_xcom.py
[2024-06-26T07:15:37.612+0000] {logging_mixin.py:188} INFO - [2024-06-26T07:15:37.611+0000] {dag.py:3096} INFO - Sync 1 DAGs
[2024-06-26T07:15:37.836+0000] {logging_mixin.py:188} INFO - [2024-06-26T07:15:37.835+0000] {dag.py:3954} INFO - Setting next_dagrun for example_xcom to 2021-01-01 00:00:00+00:00, run_after=2021-01-01 00:00:00+00:00
[2024-06-26T07:15:38.173+0000] {processor.py:183} INFO - Processing /home/airflow/.local/lib/python3.12/site-packages/airflow/example_dags/example_xcom.py took 1.076 seconds
[2024-06-26T07:16:18.998+0000] {processor.py:161} INFO - Started process (PID=3543) to work on /home/airflow/.local/lib/python3.12/site-packages/airflow/example_dags/example_xcom.py
[2024-06-26T07:16:19.044+0000] {processor.py:830} INFO - Processing file /home/airflow/.local/lib/python3.12/site-packages/airflow/example_dags/example_xcom.py for tasks to queue
[2024-06-26T07:16:19.071+0000] {logging_mixin.py:188} INFO - [2024-06-26T07:16:19.070+0000] {dagbag.py:545} INFO - Filling up the DagBag from /home/airflow/.local/lib/python3.12/site-packages/airflow/example_dags/example_xcom.py
[2024-06-26T07:16:19.174+0000] {processor.py:840} INFO - DAG(s) 'example_xcom' retrieved from /home/airflow/.local/lib/python3.12/site-packages/airflow/example_dags/example_xcom.py
[2024-06-26T07:16:19.398+0000] {logging_mixin.py:188} INFO - [2024-06-26T07:16:19.393+0000] {dag.py:3096} INFO - Sync 1 DAGs
[2024-06-26T07:16:19.814+0000] {logging_mixin.py:188} INFO - [2024-06-26T07:16:19.813+0000] {dag.py:3954} INFO - Setting next_dagrun for example_xcom to 2021-01-01 00:00:00+00:00, run_after=2021-01-01 00:00:00+00:00
[2024-06-26T07:16:20.136+0000] {processor.py:183} INFO - Processing /home/airflow/.local/lib/python3.12/site-packages/airflow/example_dags/example_xcom.py took 1.194 seconds
[2024-06-26T07:39:13.702+0000] {processor.py:161} INFO - Started process (PID=60) to work on /home/airflow/.local/lib/python3.12/site-packages/airflow/example_dags/example_xcom.py
[2024-06-26T07:39:13.704+0000] {processor.py:830} INFO - Processing file /home/airflow/.local/lib/python3.12/site-packages/airflow/example_dags/example_xcom.py for tasks to queue
[2024-06-26T07:39:13.708+0000] {logging_mixin.py:188} INFO - [2024-06-26T07:39:13.708+0000] {dagbag.py:545} INFO - Filling up the DagBag from /home/airflow/.local/lib/python3.12/site-packages/airflow/example_dags/example_xcom.py
[2024-06-26T07:39:13.731+0000] {processor.py:840} INFO - DAG(s) 'example_xcom' retrieved from /home/airflow/.local/lib/python3.12/site-packages/airflow/example_dags/example_xcom.py
[2024-06-26T07:39:14.015+0000] {logging_mixin.py:188} INFO - [2024-06-26T07:39:14.015+0000] {dag.py:3096} INFO - Sync 1 DAGs
[2024-06-26T07:39:14.058+0000] {logging_mixin.py:188} INFO - [2024-06-26T07:39:14.057+0000] {dag.py:3954} INFO - Setting next_dagrun for example_xcom to 2021-01-01 00:00:00+00:00, run_after=2021-01-01 00:00:00+00:00
[2024-06-26T07:39:14.103+0000] {processor.py:183} INFO - Processing /home/airflow/.local/lib/python3.12/site-packages/airflow/example_dags/example_xcom.py took 0.415 seconds
[2024-06-26T07:39:44.261+0000] {processor.py:161} INFO - Started process (PID=125) to work on /home/airflow/.local/lib/python3.12/site-packages/airflow/example_dags/example_xcom.py
[2024-06-26T07:39:44.263+0000] {processor.py:830} INFO - Processing file /home/airflow/.local/lib/python3.12/site-packages/airflow/example_dags/example_xcom.py for tasks to queue
[2024-06-26T07:39:44.265+0000] {logging_mixin.py:188} INFO - [2024-06-26T07:39:44.265+0000] {dagbag.py:545} INFO - Filling up the DagBag from /home/airflow/.local/lib/python3.12/site-packages/airflow/example_dags/example_xcom.py
[2024-06-26T07:39:44.275+0000] {processor.py:840} INFO - DAG(s) 'example_xcom' retrieved from /home/airflow/.local/lib/python3.12/site-packages/airflow/example_dags/example_xcom.py
[2024-06-26T07:39:44.300+0000] {logging_mixin.py:188} INFO - [2024-06-26T07:39:44.300+0000] {dag.py:3096} INFO - Sync 1 DAGs
[2024-06-26T07:39:44.325+0000] {logging_mixin.py:188} INFO - [2024-06-26T07:39:44.325+0000] {dag.py:3954} INFO - Setting next_dagrun for example_xcom to 2021-01-01 00:00:00+00:00, run_after=2021-01-01 00:00:00+00:00
[2024-06-26T07:39:44.347+0000] {processor.py:183} INFO - Processing /home/airflow/.local/lib/python3.12/site-packages/airflow/example_dags/example_xcom.py took 0.093 seconds
[2024-06-26T07:40:41.180+0000] {processor.py:161} INFO - Started process (PID=197) to work on /home/airflow/.local/lib/python3.12/site-packages/airflow/example_dags/example_xcom.py
[2024-06-26T07:40:41.184+0000] {processor.py:830} INFO - Processing file /home/airflow/.local/lib/python3.12/site-packages/airflow/example_dags/example_xcom.py for tasks to queue
[2024-06-26T07:40:41.212+0000] {logging_mixin.py:188} INFO - [2024-06-26T07:40:41.200+0000] {dagbag.py:545} INFO - Filling up the DagBag from /home/airflow/.local/lib/python3.12/site-packages/airflow/example_dags/example_xcom.py
[2024-06-26T07:40:41.275+0000] {processor.py:840} INFO - DAG(s) 'example_xcom' retrieved from /home/airflow/.local/lib/python3.12/site-packages/airflow/example_dags/example_xcom.py
[2024-06-26T07:40:41.444+0000] {logging_mixin.py:188} INFO - [2024-06-26T07:40:41.442+0000] {dag.py:3096} INFO - Sync 1 DAGs
[2024-06-26T07:40:41.690+0000] {logging_mixin.py:188} INFO - [2024-06-26T07:40:41.688+0000] {dag.py:3954} INFO - Setting next_dagrun for example_xcom to 2021-01-01 00:00:00+00:00, run_after=2021-01-01 00:00:00+00:00
[2024-06-26T07:40:42.018+0000] {processor.py:183} INFO - Processing /home/airflow/.local/lib/python3.12/site-packages/airflow/example_dags/example_xcom.py took 0.862 seconds
[2024-06-26T07:41:47.715+0000] {processor.py:161} INFO - Started process (PID=261) to work on /home/airflow/.local/lib/python3.12/site-packages/airflow/example_dags/example_xcom.py
[2024-06-26T07:41:47.721+0000] {processor.py:830} INFO - Processing file /home/airflow/.local/lib/python3.12/site-packages/airflow/example_dags/example_xcom.py for tasks to queue
[2024-06-26T07:41:47.738+0000] {logging_mixin.py:188} INFO - [2024-06-26T07:41:47.737+0000] {dagbag.py:545} INFO - Filling up the DagBag from /home/airflow/.local/lib/python3.12/site-packages/airflow/example_dags/example_xcom.py
[2024-06-26T07:41:47.842+0000] {processor.py:840} INFO - DAG(s) 'example_xcom' retrieved from /home/airflow/.local/lib/python3.12/site-packages/airflow/example_dags/example_xcom.py
[2024-06-26T07:41:48.339+0000] {logging_mixin.py:188} INFO - [2024-06-26T07:41:48.338+0000] {dag.py:3096} INFO - Sync 1 DAGs
[2024-06-26T07:41:48.533+0000] {logging_mixin.py:188} INFO - [2024-06-26T07:41:48.532+0000] {dag.py:3954} INFO - Setting next_dagrun for example_xcom to 2021-01-01 00:00:00+00:00, run_after=2021-01-01 00:00:00+00:00
[2024-06-26T07:41:48.713+0000] {processor.py:183} INFO - Processing /home/airflow/.local/lib/python3.12/site-packages/airflow/example_dags/example_xcom.py took 1.046 seconds
[2024-06-26T07:43:49.511+0000] {processor.py:161} INFO - Started process (PID=348) to work on /home/airflow/.local/lib/python3.12/site-packages/airflow/example_dags/example_xcom.py
[2024-06-26T07:43:49.516+0000] {processor.py:830} INFO - Processing file /home/airflow/.local/lib/python3.12/site-packages/airflow/example_dags/example_xcom.py for tasks to queue
[2024-06-26T07:43:49.525+0000] {logging_mixin.py:188} INFO - [2024-06-26T07:43:49.523+0000] {dagbag.py:545} INFO - Filling up the DagBag from /home/airflow/.local/lib/python3.12/site-packages/airflow/example_dags/example_xcom.py
[2024-06-26T07:43:49.596+0000] {processor.py:840} INFO - DAG(s) 'example_xcom' retrieved from /home/airflow/.local/lib/python3.12/site-packages/airflow/example_dags/example_xcom.py
[2024-06-26T07:43:49.894+0000] {logging_mixin.py:188} INFO - [2024-06-26T07:43:49.894+0000] {dag.py:3096} INFO - Sync 1 DAGs
[2024-06-26T07:43:51.429+0000] {logging_mixin.py:188} INFO - [2024-06-26T07:43:51.428+0000] {dag.py:3954} INFO - Setting next_dagrun for example_xcom to 2021-01-01 00:00:00+00:00, run_after=2021-01-01 00:00:00+00:00
[2024-06-26T07:43:52.819+0000] {processor.py:183} INFO - Processing /home/airflow/.local/lib/python3.12/site-packages/airflow/example_dags/example_xcom.py took 3.416 seconds
[2024-06-26T07:47:19.712+0000] {processor.py:161} INFO - Started process (PID=415) to work on /home/airflow/.local/lib/python3.12/site-packages/airflow/example_dags/example_xcom.py
[2024-06-26T07:47:19.715+0000] {processor.py:830} INFO - Processing file /home/airflow/.local/lib/python3.12/site-packages/airflow/example_dags/example_xcom.py for tasks to queue
[2024-06-26T07:47:19.718+0000] {logging_mixin.py:188} INFO - [2024-06-26T07:47:19.717+0000] {dagbag.py:545} INFO - Filling up the DagBag from /home/airflow/.local/lib/python3.12/site-packages/airflow/example_dags/example_xcom.py
[2024-06-26T07:47:19.981+0000] {processor.py:840} INFO - DAG(s) 'example_xcom' retrieved from /home/airflow/.local/lib/python3.12/site-packages/airflow/example_dags/example_xcom.py
[2024-06-26T07:47:20.332+0000] {logging_mixin.py:188} INFO - [2024-06-26T07:47:20.331+0000] {dag.py:3096} INFO - Sync 1 DAGs
[2024-06-26T07:47:20.666+0000] {logging_mixin.py:188} INFO - [2024-06-26T07:47:20.665+0000] {dag.py:3954} INFO - Setting next_dagrun for example_xcom to 2021-01-01 00:00:00+00:00, run_after=2021-01-01 00:00:00+00:00
[2024-06-26T07:47:21.013+0000] {processor.py:183} INFO - Processing /home/airflow/.local/lib/python3.12/site-packages/airflow/example_dags/example_xcom.py took 1.364 seconds
