[2024-06-26T06:06:08.212+0000] {processor.py:161} INFO - Started process (PID=87) to work on /home/airflow/.local/lib/python3.12/site-packages/airflow/example_dags/example_display_name.py
[2024-06-26T06:06:08.227+0000] {processor.py:830} INFO - Processing file /home/airflow/.local/lib/python3.12/site-packages/airflow/example_dags/example_display_name.py for tasks to queue
[2024-06-26T06:06:08.245+0000] {logging_mixin.py:188} INFO - [2024-06-26T06:06:08.244+0000] {dagbag.py:545} INFO - Filling up the DagBag from /home/airflow/.local/lib/python3.12/site-packages/airflow/example_dags/example_display_name.py
[2024-06-26T06:06:08.358+0000] {processor.py:840} INFO - DAG(s) 'example_display_name' retrieved from /home/airflow/.local/lib/python3.12/site-packages/airflow/example_dags/example_display_name.py
[2024-06-26T06:06:08.819+0000] {logging_mixin.py:188} INFO - [2024-06-26T06:06:08.818+0000] {dag.py:3096} INFO - Sync 1 DAGs
[2024-06-26T06:06:09.013+0000] {logging_mixin.py:188} INFO - [2024-06-26T06:06:09.012+0000] {dag.py:3954} INFO - Setting next_dagrun for example_display_name to None, run_after=None
[2024-06-26T06:06:09.372+0000] {processor.py:183} INFO - Processing /home/airflow/.local/lib/python3.12/site-packages/airflow/example_dags/example_display_name.py took 1.239 seconds
[2024-06-26T06:07:01.724+0000] {processor.py:161} INFO - Started process (PID=154) to work on /home/airflow/.local/lib/python3.12/site-packages/airflow/example_dags/example_display_name.py
[2024-06-26T06:07:01.812+0000] {processor.py:830} INFO - Processing file /home/airflow/.local/lib/python3.12/site-packages/airflow/example_dags/example_display_name.py for tasks to queue
[2024-06-26T06:07:01.862+0000] {logging_mixin.py:188} INFO - [2024-06-26T06:07:01.846+0000] {dagbag.py:545} INFO - Filling up the DagBag from /home/airflow/.local/lib/python3.12/site-packages/airflow/example_dags/example_display_name.py
[2024-06-26T06:07:02.041+0000] {processor.py:840} INFO - DAG(s) 'example_display_name' retrieved from /home/airflow/.local/lib/python3.12/site-packages/airflow/example_dags/example_display_name.py
[2024-06-26T06:07:03.187+0000] {logging_mixin.py:188} INFO - [2024-06-26T06:07:03.175+0000] {dag.py:3096} INFO - Sync 1 DAGs
[2024-06-26T06:07:03.549+0000] {logging_mixin.py:188} INFO - [2024-06-26T06:07:03.542+0000] {dag.py:3954} INFO - Setting next_dagrun for example_display_name to None, run_after=None
[2024-06-26T06:07:03.800+0000] {processor.py:183} INFO - Processing /home/airflow/.local/lib/python3.12/site-packages/airflow/example_dags/example_display_name.py took 2.189 seconds
[2024-06-26T06:21:28.532+0000] {processor.py:161} INFO - Started process (PID=79) to work on /home/airflow/.local/lib/python3.12/site-packages/airflow/example_dags/example_display_name.py
[2024-06-26T06:21:28.594+0000] {processor.py:830} INFO - Processing file /home/airflow/.local/lib/python3.12/site-packages/airflow/example_dags/example_display_name.py for tasks to queue
[2024-06-26T06:21:28.699+0000] {logging_mixin.py:188} INFO - [2024-06-26T06:21:28.698+0000] {dagbag.py:545} INFO - Filling up the DagBag from /home/airflow/.local/lib/python3.12/site-packages/airflow/example_dags/example_display_name.py
[2024-06-26T06:21:28.956+0000] {processor.py:840} INFO - DAG(s) 'example_display_name' retrieved from /home/airflow/.local/lib/python3.12/site-packages/airflow/example_dags/example_display_name.py
[2024-06-26T06:21:30.378+0000] {logging_mixin.py:188} INFO - [2024-06-26T06:21:30.376+0000] {dag.py:3096} INFO - Sync 1 DAGs
[2024-06-26T06:21:30.831+0000] {logging_mixin.py:188} INFO - [2024-06-26T06:21:30.831+0000] {dag.py:3954} INFO - Setting next_dagrun for example_display_name to None, run_after=None
[2024-06-26T06:21:31.618+0000] {processor.py:183} INFO - Processing /home/airflow/.local/lib/python3.12/site-packages/airflow/example_dags/example_display_name.py took 3.371 seconds
[2024-06-26T06:22:49.116+0000] {processor.py:161} INFO - Started process (PID=153) to work on /home/airflow/.local/lib/python3.12/site-packages/airflow/example_dags/example_display_name.py
[2024-06-26T06:22:49.141+0000] {processor.py:830} INFO - Processing file /home/airflow/.local/lib/python3.12/site-packages/airflow/example_dags/example_display_name.py for tasks to queue
[2024-06-26T06:22:49.164+0000] {logging_mixin.py:188} INFO - [2024-06-26T06:22:49.152+0000] {dagbag.py:545} INFO - Filling up the DagBag from /home/airflow/.local/lib/python3.12/site-packages/airflow/example_dags/example_display_name.py
[2024-06-26T06:22:49.282+0000] {processor.py:840} INFO - DAG(s) 'example_display_name' retrieved from /home/airflow/.local/lib/python3.12/site-packages/airflow/example_dags/example_display_name.py
[2024-06-26T06:22:49.575+0000] {logging_mixin.py:188} INFO - [2024-06-26T06:22:49.563+0000] {dag.py:3096} INFO - Sync 1 DAGs
[2024-06-26T06:22:49.840+0000] {logging_mixin.py:188} INFO - [2024-06-26T06:22:49.839+0000] {dag.py:3954} INFO - Setting next_dagrun for example_display_name to None, run_after=None
[2024-06-26T06:22:50.167+0000] {processor.py:183} INFO - Processing /home/airflow/.local/lib/python3.12/site-packages/airflow/example_dags/example_display_name.py took 1.141 seconds
[2024-06-26T06:23:38.077+0000] {processor.py:161} INFO - Started process (PID=197) to work on /home/airflow/.local/lib/python3.12/site-packages/airflow/example_dags/example_display_name.py
[2024-06-26T06:23:38.111+0000] {processor.py:830} INFO - Processing file /home/airflow/.local/lib/python3.12/site-packages/airflow/example_dags/example_display_name.py for tasks to queue
[2024-06-26T06:23:38.130+0000] {logging_mixin.py:188} INFO - [2024-06-26T06:23:38.129+0000] {dagbag.py:545} INFO - Filling up the DagBag from /home/airflow/.local/lib/python3.12/site-packages/airflow/example_dags/example_display_name.py
[2024-06-26T06:23:38.211+0000] {processor.py:840} INFO - DAG(s) 'example_display_name' retrieved from /home/airflow/.local/lib/python3.12/site-packages/airflow/example_dags/example_display_name.py
[2024-06-26T06:23:38.368+0000] {logging_mixin.py:188} INFO - [2024-06-26T06:23:38.367+0000] {dag.py:3096} INFO - Sync 1 DAGs
[2024-06-26T06:23:38.579+0000] {logging_mixin.py:188} INFO - [2024-06-26T06:23:38.578+0000] {dag.py:3954} INFO - Setting next_dagrun for example_display_name to None, run_after=None
[2024-06-26T06:23:38.915+0000] {processor.py:183} INFO - Processing /home/airflow/.local/lib/python3.12/site-packages/airflow/example_dags/example_display_name.py took 0.934 seconds
[2024-06-26T06:24:50.417+0000] {processor.py:161} INFO - Started process (PID=249) to work on /home/airflow/.local/lib/python3.12/site-packages/airflow/example_dags/example_display_name.py
[2024-06-26T06:24:50.459+0000] {processor.py:830} INFO - Processing file /home/airflow/.local/lib/python3.12/site-packages/airflow/example_dags/example_display_name.py for tasks to queue
[2024-06-26T06:24:50.483+0000] {logging_mixin.py:188} INFO - [2024-06-26T06:24:50.481+0000] {dagbag.py:545} INFO - Filling up the DagBag from /home/airflow/.local/lib/python3.12/site-packages/airflow/example_dags/example_display_name.py
[2024-06-26T06:24:50.565+0000] {processor.py:840} INFO - DAG(s) 'example_display_name' retrieved from /home/airflow/.local/lib/python3.12/site-packages/airflow/example_dags/example_display_name.py
[2024-06-26T06:24:52.095+0000] {logging_mixin.py:188} INFO - [2024-06-26T06:24:52.084+0000] {dag.py:3096} INFO - Sync 1 DAGs
[2024-06-26T06:24:52.296+0000] {logging_mixin.py:188} INFO - [2024-06-26T06:24:52.294+0000] {dag.py:3954} INFO - Setting next_dagrun for example_display_name to None, run_after=None
[2024-06-26T06:24:52.579+0000] {processor.py:183} INFO - Processing /home/airflow/.local/lib/python3.12/site-packages/airflow/example_dags/example_display_name.py took 2.181 seconds
[2024-06-26T06:25:34.171+0000] {processor.py:161} INFO - Started process (PID=311) to work on /home/airflow/.local/lib/python3.12/site-packages/airflow/example_dags/example_display_name.py
[2024-06-26T06:25:34.174+0000] {processor.py:830} INFO - Processing file /home/airflow/.local/lib/python3.12/site-packages/airflow/example_dags/example_display_name.py for tasks to queue
[2024-06-26T06:25:34.180+0000] {logging_mixin.py:188} INFO - [2024-06-26T06:25:34.179+0000] {dagbag.py:545} INFO - Filling up the DagBag from /home/airflow/.local/lib/python3.12/site-packages/airflow/example_dags/example_display_name.py
[2024-06-26T06:25:34.196+0000] {processor.py:840} INFO - DAG(s) 'example_display_name' retrieved from /home/airflow/.local/lib/python3.12/site-packages/airflow/example_dags/example_display_name.py
[2024-06-26T06:25:34.268+0000] {logging_mixin.py:188} INFO - [2024-06-26T06:25:34.267+0000] {dag.py:3096} INFO - Sync 1 DAGs
[2024-06-26T06:25:34.326+0000] {logging_mixin.py:188} INFO - [2024-06-26T06:25:34.325+0000] {dag.py:3954} INFO - Setting next_dagrun for example_display_name to None, run_after=None
[2024-06-26T06:25:34.397+0000] {processor.py:183} INFO - Processing /home/airflow/.local/lib/python3.12/site-packages/airflow/example_dags/example_display_name.py took 0.241 seconds
[2024-06-26T06:26:04.773+0000] {processor.py:161} INFO - Started process (PID=371) to work on /home/airflow/.local/lib/python3.12/site-packages/airflow/example_dags/example_display_name.py
[2024-06-26T06:26:04.777+0000] {processor.py:830} INFO - Processing file /home/airflow/.local/lib/python3.12/site-packages/airflow/example_dags/example_display_name.py for tasks to queue
[2024-06-26T06:26:04.784+0000] {logging_mixin.py:188} INFO - [2024-06-26T06:26:04.783+0000] {dagbag.py:545} INFO - Filling up the DagBag from /home/airflow/.local/lib/python3.12/site-packages/airflow/example_dags/example_display_name.py
[2024-06-26T06:26:04.805+0000] {processor.py:840} INFO - DAG(s) 'example_display_name' retrieved from /home/airflow/.local/lib/python3.12/site-packages/airflow/example_dags/example_display_name.py
[2024-06-26T06:26:04.886+0000] {logging_mixin.py:188} INFO - [2024-06-26T06:26:04.885+0000] {dag.py:3096} INFO - Sync 1 DAGs
[2024-06-26T06:26:04.937+0000] {logging_mixin.py:188} INFO - [2024-06-26T06:26:04.936+0000] {dag.py:3954} INFO - Setting next_dagrun for example_display_name to None, run_after=None
[2024-06-26T06:26:05.007+0000] {processor.py:183} INFO - Processing /home/airflow/.local/lib/python3.12/site-packages/airflow/example_dags/example_display_name.py took 0.255 seconds
[2024-06-26T06:40:16.386+0000] {processor.py:161} INFO - Started process (PID=67) to work on /home/airflow/.local/lib/python3.12/site-packages/airflow/example_dags/example_display_name.py
[2024-06-26T06:40:16.441+0000] {processor.py:830} INFO - Processing file /home/airflow/.local/lib/python3.12/site-packages/airflow/example_dags/example_display_name.py for tasks to queue
[2024-06-26T06:40:16.467+0000] {logging_mixin.py:188} INFO - [2024-06-26T06:40:16.466+0000] {dagbag.py:545} INFO - Filling up the DagBag from /home/airflow/.local/lib/python3.12/site-packages/airflow/example_dags/example_display_name.py
[2024-06-26T06:40:16.565+0000] {processor.py:840} INFO - DAG(s) 'example_display_name' retrieved from /home/airflow/.local/lib/python3.12/site-packages/airflow/example_dags/example_display_name.py
[2024-06-26T06:40:18.415+0000] {logging_mixin.py:188} INFO - [2024-06-26T06:40:18.414+0000] {dag.py:3096} INFO - Sync 1 DAGs
[2024-06-26T06:40:18.614+0000] {logging_mixin.py:188} INFO - [2024-06-26T06:40:18.613+0000] {dag.py:3954} INFO - Setting next_dagrun for example_display_name to None, run_after=None
[2024-06-26T06:40:18.893+0000] {processor.py:183} INFO - Processing /home/airflow/.local/lib/python3.12/site-packages/airflow/example_dags/example_display_name.py took 2.561 seconds
[2024-06-26T06:41:13.113+0000] {processor.py:161} INFO - Started process (PID=136) to work on /home/airflow/.local/lib/python3.12/site-packages/airflow/example_dags/example_display_name.py
[2024-06-26T06:41:13.116+0000] {processor.py:830} INFO - Processing file /home/airflow/.local/lib/python3.12/site-packages/airflow/example_dags/example_display_name.py for tasks to queue
[2024-06-26T06:41:13.122+0000] {logging_mixin.py:188} INFO - [2024-06-26T06:41:13.121+0000] {dagbag.py:545} INFO - Filling up the DagBag from /home/airflow/.local/lib/python3.12/site-packages/airflow/example_dags/example_display_name.py
[2024-06-26T06:41:13.141+0000] {processor.py:840} INFO - DAG(s) 'example_display_name' retrieved from /home/airflow/.local/lib/python3.12/site-packages/airflow/example_dags/example_display_name.py
[2024-06-26T06:41:13.205+0000] {logging_mixin.py:188} INFO - [2024-06-26T06:41:13.204+0000] {dag.py:3096} INFO - Sync 1 DAGs
[2024-06-26T06:41:13.246+0000] {logging_mixin.py:188} INFO - [2024-06-26T06:41:13.246+0000] {dag.py:3954} INFO - Setting next_dagrun for example_display_name to None, run_after=None
[2024-06-26T06:41:13.339+0000] {processor.py:183} INFO - Processing /home/airflow/.local/lib/python3.12/site-packages/airflow/example_dags/example_display_name.py took 0.242 seconds
[2024-06-26T06:41:43.758+0000] {processor.py:161} INFO - Started process (PID=198) to work on /home/airflow/.local/lib/python3.12/site-packages/airflow/example_dags/example_display_name.py
[2024-06-26T06:41:43.760+0000] {processor.py:830} INFO - Processing file /home/airflow/.local/lib/python3.12/site-packages/airflow/example_dags/example_display_name.py for tasks to queue
[2024-06-26T06:41:43.763+0000] {logging_mixin.py:188} INFO - [2024-06-26T06:41:43.763+0000] {dagbag.py:545} INFO - Filling up the DagBag from /home/airflow/.local/lib/python3.12/site-packages/airflow/example_dags/example_display_name.py
[2024-06-26T06:41:43.773+0000] {processor.py:840} INFO - DAG(s) 'example_display_name' retrieved from /home/airflow/.local/lib/python3.12/site-packages/airflow/example_dags/example_display_name.py
[2024-06-26T06:41:43.807+0000] {logging_mixin.py:188} INFO - [2024-06-26T06:41:43.807+0000] {dag.py:3096} INFO - Sync 1 DAGs
[2024-06-26T06:41:43.831+0000] {logging_mixin.py:188} INFO - [2024-06-26T06:41:43.831+0000] {dag.py:3954} INFO - Setting next_dagrun for example_display_name to None, run_after=None
[2024-06-26T06:41:43.871+0000] {processor.py:183} INFO - Processing /home/airflow/.local/lib/python3.12/site-packages/airflow/example_dags/example_display_name.py took 0.123 seconds
[2024-06-26T06:42:14.350+0000] {processor.py:161} INFO - Started process (PID=260) to work on /home/airflow/.local/lib/python3.12/site-packages/airflow/example_dags/example_display_name.py
[2024-06-26T06:42:14.352+0000] {processor.py:830} INFO - Processing file /home/airflow/.local/lib/python3.12/site-packages/airflow/example_dags/example_display_name.py for tasks to queue
[2024-06-26T06:42:14.355+0000] {logging_mixin.py:188} INFO - [2024-06-26T06:42:14.354+0000] {dagbag.py:545} INFO - Filling up the DagBag from /home/airflow/.local/lib/python3.12/site-packages/airflow/example_dags/example_display_name.py
[2024-06-26T06:42:14.362+0000] {processor.py:840} INFO - DAG(s) 'example_display_name' retrieved from /home/airflow/.local/lib/python3.12/site-packages/airflow/example_dags/example_display_name.py
[2024-06-26T06:42:14.391+0000] {logging_mixin.py:188} INFO - [2024-06-26T06:42:14.390+0000] {dag.py:3096} INFO - Sync 1 DAGs
[2024-06-26T06:42:14.409+0000] {logging_mixin.py:188} INFO - [2024-06-26T06:42:14.409+0000] {dag.py:3954} INFO - Setting next_dagrun for example_display_name to None, run_after=None
[2024-06-26T06:42:14.438+0000] {processor.py:183} INFO - Processing /home/airflow/.local/lib/python3.12/site-packages/airflow/example_dags/example_display_name.py took 0.095 seconds
[2024-06-26T06:42:44.888+0000] {processor.py:161} INFO - Started process (PID=322) to work on /home/airflow/.local/lib/python3.12/site-packages/airflow/example_dags/example_display_name.py
[2024-06-26T06:42:44.891+0000] {processor.py:830} INFO - Processing file /home/airflow/.local/lib/python3.12/site-packages/airflow/example_dags/example_display_name.py for tasks to queue
[2024-06-26T06:42:44.894+0000] {logging_mixin.py:188} INFO - [2024-06-26T06:42:44.893+0000] {dagbag.py:545} INFO - Filling up the DagBag from /home/airflow/.local/lib/python3.12/site-packages/airflow/example_dags/example_display_name.py
[2024-06-26T06:42:44.903+0000] {processor.py:840} INFO - DAG(s) 'example_display_name' retrieved from /home/airflow/.local/lib/python3.12/site-packages/airflow/example_dags/example_display_name.py
[2024-06-26T06:42:44.939+0000] {logging_mixin.py:188} INFO - [2024-06-26T06:42:44.939+0000] {dag.py:3096} INFO - Sync 1 DAGs
[2024-06-26T06:42:44.965+0000] {logging_mixin.py:188} INFO - [2024-06-26T06:42:44.965+0000] {dag.py:3954} INFO - Setting next_dagrun for example_display_name to None, run_after=None
[2024-06-26T06:42:45.005+0000] {processor.py:183} INFO - Processing /home/airflow/.local/lib/python3.12/site-packages/airflow/example_dags/example_display_name.py took 0.126 seconds
[2024-06-26T06:43:16.926+0000] {processor.py:161} INFO - Started process (PID=384) to work on /home/airflow/.local/lib/python3.12/site-packages/airflow/example_dags/example_display_name.py
[2024-06-26T06:43:16.940+0000] {processor.py:830} INFO - Processing file /home/airflow/.local/lib/python3.12/site-packages/airflow/example_dags/example_display_name.py for tasks to queue
[2024-06-26T06:43:16.958+0000] {logging_mixin.py:188} INFO - [2024-06-26T06:43:16.957+0000] {dagbag.py:545} INFO - Filling up the DagBag from /home/airflow/.local/lib/python3.12/site-packages/airflow/example_dags/example_display_name.py
[2024-06-26T06:43:16.983+0000] {processor.py:840} INFO - DAG(s) 'example_display_name' retrieved from /home/airflow/.local/lib/python3.12/site-packages/airflow/example_dags/example_display_name.py
[2024-06-26T06:43:17.073+0000] {logging_mixin.py:188} INFO - [2024-06-26T06:43:17.072+0000] {dag.py:3096} INFO - Sync 1 DAGs
[2024-06-26T06:43:17.132+0000] {logging_mixin.py:188} INFO - [2024-06-26T06:43:17.131+0000] {dag.py:3954} INFO - Setting next_dagrun for example_display_name to None, run_after=None
[2024-06-26T06:43:17.227+0000] {processor.py:183} INFO - Processing /home/airflow/.local/lib/python3.12/site-packages/airflow/example_dags/example_display_name.py took 0.346 seconds
[2024-06-26T06:43:47.721+0000] {processor.py:161} INFO - Started process (PID=446) to work on /home/airflow/.local/lib/python3.12/site-packages/airflow/example_dags/example_display_name.py
[2024-06-26T06:43:47.723+0000] {processor.py:830} INFO - Processing file /home/airflow/.local/lib/python3.12/site-packages/airflow/example_dags/example_display_name.py for tasks to queue
[2024-06-26T06:43:47.726+0000] {logging_mixin.py:188} INFO - [2024-06-26T06:43:47.726+0000] {dagbag.py:545} INFO - Filling up the DagBag from /home/airflow/.local/lib/python3.12/site-packages/airflow/example_dags/example_display_name.py
[2024-06-26T06:43:47.736+0000] {processor.py:840} INFO - DAG(s) 'example_display_name' retrieved from /home/airflow/.local/lib/python3.12/site-packages/airflow/example_dags/example_display_name.py
[2024-06-26T06:43:47.771+0000] {logging_mixin.py:188} INFO - [2024-06-26T06:43:47.770+0000] {dag.py:3096} INFO - Sync 1 DAGs
[2024-06-26T06:43:47.791+0000] {logging_mixin.py:188} INFO - [2024-06-26T06:43:47.791+0000] {dag.py:3954} INFO - Setting next_dagrun for example_display_name to None, run_after=None
[2024-06-26T06:43:47.823+0000] {processor.py:183} INFO - Processing /home/airflow/.local/lib/python3.12/site-packages/airflow/example_dags/example_display_name.py took 0.109 seconds
[2024-06-26T06:44:18.377+0000] {processor.py:161} INFO - Started process (PID=507) to work on /home/airflow/.local/lib/python3.12/site-packages/airflow/example_dags/example_display_name.py
[2024-06-26T06:44:18.382+0000] {processor.py:830} INFO - Processing file /home/airflow/.local/lib/python3.12/site-packages/airflow/example_dags/example_display_name.py for tasks to queue
[2024-06-26T06:44:18.392+0000] {logging_mixin.py:188} INFO - [2024-06-26T06:44:18.389+0000] {dagbag.py:545} INFO - Filling up the DagBag from /home/airflow/.local/lib/python3.12/site-packages/airflow/example_dags/example_display_name.py
[2024-06-26T06:44:18.424+0000] {processor.py:840} INFO - DAG(s) 'example_display_name' retrieved from /home/airflow/.local/lib/python3.12/site-packages/airflow/example_dags/example_display_name.py
[2024-06-26T06:44:18.532+0000] {logging_mixin.py:188} INFO - [2024-06-26T06:44:18.531+0000] {dag.py:3096} INFO - Sync 1 DAGs
[2024-06-26T06:44:18.605+0000] {logging_mixin.py:188} INFO - [2024-06-26T06:44:18.604+0000] {dag.py:3954} INFO - Setting next_dagrun for example_display_name to None, run_after=None
[2024-06-26T06:44:18.731+0000] {processor.py:183} INFO - Processing /home/airflow/.local/lib/python3.12/site-packages/airflow/example_dags/example_display_name.py took 0.387 seconds
[2024-06-26T06:44:53.989+0000] {processor.py:161} INFO - Started process (PID=565) to work on /home/airflow/.local/lib/python3.12/site-packages/airflow/example_dags/example_display_name.py
[2024-06-26T06:44:53.993+0000] {processor.py:830} INFO - Processing file /home/airflow/.local/lib/python3.12/site-packages/airflow/example_dags/example_display_name.py for tasks to queue
[2024-06-26T06:44:54.002+0000] {logging_mixin.py:188} INFO - [2024-06-26T06:44:54.001+0000] {dagbag.py:545} INFO - Filling up the DagBag from /home/airflow/.local/lib/python3.12/site-packages/airflow/example_dags/example_display_name.py
[2024-06-26T06:44:54.063+0000] {processor.py:840} INFO - DAG(s) 'example_display_name' retrieved from /home/airflow/.local/lib/python3.12/site-packages/airflow/example_dags/example_display_name.py
[2024-06-26T06:44:54.275+0000] {logging_mixin.py:188} INFO - [2024-06-26T06:44:54.274+0000] {dag.py:3096} INFO - Sync 1 DAGs
[2024-06-26T06:44:54.471+0000] {logging_mixin.py:188} INFO - [2024-06-26T06:44:54.470+0000] {dag.py:3954} INFO - Setting next_dagrun for example_display_name to None, run_after=None
[2024-06-26T06:44:55.043+0000] {processor.py:183} INFO - Processing /home/airflow/.local/lib/python3.12/site-packages/airflow/example_dags/example_display_name.py took 1.070 seconds
[2024-06-26T06:45:57.622+0000] {processor.py:161} INFO - Started process (PID=628) to work on /home/airflow/.local/lib/python3.12/site-packages/airflow/example_dags/example_display_name.py
[2024-06-26T06:45:57.638+0000] {processor.py:830} INFO - Processing file /home/airflow/.local/lib/python3.12/site-packages/airflow/example_dags/example_display_name.py for tasks to queue
[2024-06-26T06:45:57.680+0000] {logging_mixin.py:188} INFO - [2024-06-26T06:45:57.679+0000] {dagbag.py:545} INFO - Filling up the DagBag from /home/airflow/.local/lib/python3.12/site-packages/airflow/example_dags/example_display_name.py
[2024-06-26T06:45:57.769+0000] {processor.py:840} INFO - DAG(s) 'example_display_name' retrieved from /home/airflow/.local/lib/python3.12/site-packages/airflow/example_dags/example_display_name.py
[2024-06-26T06:45:58.164+0000] {logging_mixin.py:188} INFO - [2024-06-26T06:45:58.151+0000] {dag.py:3096} INFO - Sync 1 DAGs
[2024-06-26T06:45:58.376+0000] {logging_mixin.py:188} INFO - [2024-06-26T06:45:58.375+0000] {dag.py:3954} INFO - Setting next_dagrun for example_display_name to None, run_after=None
[2024-06-26T06:45:58.948+0000] {processor.py:183} INFO - Processing /home/airflow/.local/lib/python3.12/site-packages/airflow/example_dags/example_display_name.py took 1.415 seconds
[2024-06-26T06:47:05.972+0000] {processor.py:161} INFO - Started process (PID=697) to work on /home/airflow/.local/lib/python3.12/site-packages/airflow/example_dags/example_display_name.py
[2024-06-26T06:47:05.993+0000] {processor.py:830} INFO - Processing file /home/airflow/.local/lib/python3.12/site-packages/airflow/example_dags/example_display_name.py for tasks to queue
[2024-06-26T06:47:06.019+0000] {logging_mixin.py:188} INFO - [2024-06-26T06:47:06.017+0000] {dagbag.py:545} INFO - Filling up the DagBag from /home/airflow/.local/lib/python3.12/site-packages/airflow/example_dags/example_display_name.py
[2024-06-26T06:47:06.111+0000] {processor.py:840} INFO - DAG(s) 'example_display_name' retrieved from /home/airflow/.local/lib/python3.12/site-packages/airflow/example_dags/example_display_name.py
[2024-06-26T06:47:06.408+0000] {logging_mixin.py:188} INFO - [2024-06-26T06:47:06.406+0000] {dag.py:3096} INFO - Sync 1 DAGs
[2024-06-26T06:47:06.670+0000] {logging_mixin.py:188} INFO - [2024-06-26T06:47:06.669+0000] {dag.py:3954} INFO - Setting next_dagrun for example_display_name to None, run_after=None
[2024-06-26T06:47:06.926+0000] {processor.py:183} INFO - Processing /home/airflow/.local/lib/python3.12/site-packages/airflow/example_dags/example_display_name.py took 1.041 seconds
[2024-06-26T06:47:54.742+0000] {processor.py:161} INFO - Started process (PID=765) to work on /home/airflow/.local/lib/python3.12/site-packages/airflow/example_dags/example_display_name.py
[2024-06-26T06:47:54.755+0000] {processor.py:830} INFO - Processing file /home/airflow/.local/lib/python3.12/site-packages/airflow/example_dags/example_display_name.py for tasks to queue
[2024-06-26T06:47:54.776+0000] {logging_mixin.py:188} INFO - [2024-06-26T06:47:54.774+0000] {dagbag.py:545} INFO - Filling up the DagBag from /home/airflow/.local/lib/python3.12/site-packages/airflow/example_dags/example_display_name.py
[2024-06-26T06:47:54.908+0000] {processor.py:840} INFO - DAG(s) 'example_display_name' retrieved from /home/airflow/.local/lib/python3.12/site-packages/airflow/example_dags/example_display_name.py
[2024-06-26T06:47:55.170+0000] {logging_mixin.py:188} INFO - [2024-06-26T06:47:55.169+0000] {dag.py:3096} INFO - Sync 1 DAGs
[2024-06-26T06:47:55.350+0000] {logging_mixin.py:188} INFO - [2024-06-26T06:47:55.349+0000] {dag.py:3954} INFO - Setting next_dagrun for example_display_name to None, run_after=None
[2024-06-26T06:47:55.600+0000] {processor.py:183} INFO - Processing /home/airflow/.local/lib/python3.12/site-packages/airflow/example_dags/example_display_name.py took 0.939 seconds
[2024-06-26T06:48:30.167+0000] {processor.py:161} INFO - Started process (PID=826) to work on /home/airflow/.local/lib/python3.12/site-packages/airflow/example_dags/example_display_name.py
[2024-06-26T06:48:30.171+0000] {processor.py:830} INFO - Processing file /home/airflow/.local/lib/python3.12/site-packages/airflow/example_dags/example_display_name.py for tasks to queue
[2024-06-26T06:48:30.181+0000] {logging_mixin.py:188} INFO - [2024-06-26T06:48:30.179+0000] {dagbag.py:545} INFO - Filling up the DagBag from /home/airflow/.local/lib/python3.12/site-packages/airflow/example_dags/example_display_name.py
[2024-06-26T06:48:30.243+0000] {processor.py:840} INFO - DAG(s) 'example_display_name' retrieved from /home/airflow/.local/lib/python3.12/site-packages/airflow/example_dags/example_display_name.py
[2024-06-26T06:48:30.408+0000] {logging_mixin.py:188} INFO - [2024-06-26T06:48:30.406+0000] {dag.py:3096} INFO - Sync 1 DAGs
[2024-06-26T06:48:30.651+0000] {logging_mixin.py:188} INFO - [2024-06-26T06:48:30.650+0000] {dag.py:3954} INFO - Setting next_dagrun for example_display_name to None, run_after=None
[2024-06-26T06:48:30.926+0000] {processor.py:183} INFO - Processing /home/airflow/.local/lib/python3.12/site-packages/airflow/example_dags/example_display_name.py took 0.792 seconds
[2024-06-26T06:49:02.377+0000] {processor.py:161} INFO - Started process (PID=888) to work on /home/airflow/.local/lib/python3.12/site-packages/airflow/example_dags/example_display_name.py
[2024-06-26T06:49:02.381+0000] {processor.py:830} INFO - Processing file /home/airflow/.local/lib/python3.12/site-packages/airflow/example_dags/example_display_name.py for tasks to queue
[2024-06-26T06:49:02.389+0000] {logging_mixin.py:188} INFO - [2024-06-26T06:49:02.388+0000] {dagbag.py:545} INFO - Filling up the DagBag from /home/airflow/.local/lib/python3.12/site-packages/airflow/example_dags/example_display_name.py
[2024-06-26T06:49:02.410+0000] {processor.py:840} INFO - DAG(s) 'example_display_name' retrieved from /home/airflow/.local/lib/python3.12/site-packages/airflow/example_dags/example_display_name.py
[2024-06-26T06:49:02.493+0000] {logging_mixin.py:188} INFO - [2024-06-26T06:49:02.491+0000] {dag.py:3096} INFO - Sync 1 DAGs
[2024-06-26T06:49:02.558+0000] {logging_mixin.py:188} INFO - [2024-06-26T06:49:02.557+0000] {dag.py:3954} INFO - Setting next_dagrun for example_display_name to None, run_after=None
[2024-06-26T06:49:02.688+0000] {processor.py:183} INFO - Processing /home/airflow/.local/lib/python3.12/site-packages/airflow/example_dags/example_display_name.py took 0.334 seconds
[2024-06-26T06:49:43.178+0000] {processor.py:161} INFO - Started process (PID=943) to work on /home/airflow/.local/lib/python3.12/site-packages/airflow/example_dags/example_display_name.py
[2024-06-26T06:49:43.182+0000] {processor.py:830} INFO - Processing file /home/airflow/.local/lib/python3.12/site-packages/airflow/example_dags/example_display_name.py for tasks to queue
[2024-06-26T06:49:43.211+0000] {logging_mixin.py:188} INFO - [2024-06-26T06:49:43.209+0000] {dagbag.py:545} INFO - Filling up the DagBag from /home/airflow/.local/lib/python3.12/site-packages/airflow/example_dags/example_display_name.py
[2024-06-26T06:49:43.306+0000] {processor.py:840} INFO - DAG(s) 'example_display_name' retrieved from /home/airflow/.local/lib/python3.12/site-packages/airflow/example_dags/example_display_name.py
[2024-06-26T06:49:43.529+0000] {logging_mixin.py:188} INFO - [2024-06-26T06:49:43.528+0000] {dag.py:3096} INFO - Sync 1 DAGs
[2024-06-26T06:49:43.687+0000] {logging_mixin.py:188} INFO - [2024-06-26T06:49:43.686+0000] {dag.py:3954} INFO - Setting next_dagrun for example_display_name to None, run_after=None
[2024-06-26T06:49:43.865+0000] {processor.py:183} INFO - Processing /home/airflow/.local/lib/python3.12/site-packages/airflow/example_dags/example_display_name.py took 0.743 seconds
[2024-06-26T06:51:04.306+0000] {processor.py:161} INFO - Started process (PID=1016) to work on /home/airflow/.local/lib/python3.12/site-packages/airflow/example_dags/example_display_name.py
[2024-06-26T06:51:04.324+0000] {processor.py:830} INFO - Processing file /home/airflow/.local/lib/python3.12/site-packages/airflow/example_dags/example_display_name.py for tasks to queue
[2024-06-26T06:51:04.409+0000] {logging_mixin.py:188} INFO - [2024-06-26T06:51:04.407+0000] {dagbag.py:545} INFO - Filling up the DagBag from /home/airflow/.local/lib/python3.12/site-packages/airflow/example_dags/example_display_name.py
[2024-06-26T06:51:04.619+0000] {processor.py:840} INFO - DAG(s) 'example_display_name' retrieved from /home/airflow/.local/lib/python3.12/site-packages/airflow/example_dags/example_display_name.py
[2024-06-26T06:51:04.989+0000] {logging_mixin.py:188} INFO - [2024-06-26T06:51:04.978+0000] {dag.py:3096} INFO - Sync 1 DAGs
[2024-06-26T06:51:05.310+0000] {logging_mixin.py:188} INFO - [2024-06-26T06:51:05.309+0000] {dag.py:3954} INFO - Setting next_dagrun for example_display_name to None, run_after=None
[2024-06-26T06:51:05.694+0000] {processor.py:183} INFO - Processing /home/airflow/.local/lib/python3.12/site-packages/airflow/example_dags/example_display_name.py took 1.466 seconds
[2024-06-26T06:51:50.865+0000] {processor.py:161} INFO - Started process (PID=1076) to work on /home/airflow/.local/lib/python3.12/site-packages/airflow/example_dags/example_display_name.py
[2024-06-26T06:51:50.879+0000] {processor.py:830} INFO - Processing file /home/airflow/.local/lib/python3.12/site-packages/airflow/example_dags/example_display_name.py for tasks to queue
[2024-06-26T06:51:50.912+0000] {logging_mixin.py:188} INFO - [2024-06-26T06:51:50.910+0000] {dagbag.py:545} INFO - Filling up the DagBag from /home/airflow/.local/lib/python3.12/site-packages/airflow/example_dags/example_display_name.py
[2024-06-26T06:51:50.980+0000] {processor.py:840} INFO - DAG(s) 'example_display_name' retrieved from /home/airflow/.local/lib/python3.12/site-packages/airflow/example_dags/example_display_name.py
[2024-06-26T06:51:51.254+0000] {logging_mixin.py:188} INFO - [2024-06-26T06:51:51.242+0000] {dag.py:3096} INFO - Sync 1 DAGs
[2024-06-26T06:51:51.377+0000] {logging_mixin.py:188} INFO - [2024-06-26T06:51:51.376+0000] {dag.py:3954} INFO - Setting next_dagrun for example_display_name to None, run_after=None
[2024-06-26T06:51:51.649+0000] {processor.py:183} INFO - Processing /home/airflow/.local/lib/python3.12/site-packages/airflow/example_dags/example_display_name.py took 0.851 seconds
[2024-06-26T06:52:22.291+0000] {processor.py:161} INFO - Started process (PID=1138) to work on /home/airflow/.local/lib/python3.12/site-packages/airflow/example_dags/example_display_name.py
[2024-06-26T06:52:22.292+0000] {processor.py:830} INFO - Processing file /home/airflow/.local/lib/python3.12/site-packages/airflow/example_dags/example_display_name.py for tasks to queue
[2024-06-26T06:52:22.294+0000] {logging_mixin.py:188} INFO - [2024-06-26T06:52:22.294+0000] {dagbag.py:545} INFO - Filling up the DagBag from /home/airflow/.local/lib/python3.12/site-packages/airflow/example_dags/example_display_name.py
[2024-06-26T06:52:22.300+0000] {processor.py:840} INFO - DAG(s) 'example_display_name' retrieved from /home/airflow/.local/lib/python3.12/site-packages/airflow/example_dags/example_display_name.py
[2024-06-26T06:52:22.324+0000] {logging_mixin.py:188} INFO - [2024-06-26T06:52:22.324+0000] {dag.py:3096} INFO - Sync 1 DAGs
[2024-06-26T06:52:22.339+0000] {logging_mixin.py:188} INFO - [2024-06-26T06:52:22.338+0000] {dag.py:3954} INFO - Setting next_dagrun for example_display_name to None, run_after=None
[2024-06-26T06:52:22.365+0000] {processor.py:183} INFO - Processing /home/airflow/.local/lib/python3.12/site-packages/airflow/example_dags/example_display_name.py took 0.080 seconds
[2024-06-26T06:52:52.801+0000] {processor.py:161} INFO - Started process (PID=1200) to work on /home/airflow/.local/lib/python3.12/site-packages/airflow/example_dags/example_display_name.py
[2024-06-26T06:52:52.804+0000] {processor.py:830} INFO - Processing file /home/airflow/.local/lib/python3.12/site-packages/airflow/example_dags/example_display_name.py for tasks to queue
[2024-06-26T06:52:52.810+0000] {logging_mixin.py:188} INFO - [2024-06-26T06:52:52.809+0000] {dagbag.py:545} INFO - Filling up the DagBag from /home/airflow/.local/lib/python3.12/site-packages/airflow/example_dags/example_display_name.py
[2024-06-26T06:52:52.823+0000] {processor.py:840} INFO - DAG(s) 'example_display_name' retrieved from /home/airflow/.local/lib/python3.12/site-packages/airflow/example_dags/example_display_name.py
[2024-06-26T06:52:52.881+0000] {logging_mixin.py:188} INFO - [2024-06-26T06:52:52.880+0000] {dag.py:3096} INFO - Sync 1 DAGs
[2024-06-26T06:52:52.921+0000] {logging_mixin.py:188} INFO - [2024-06-26T06:52:52.920+0000] {dag.py:3954} INFO - Setting next_dagrun for example_display_name to None, run_after=None
[2024-06-26T06:52:52.989+0000] {processor.py:183} INFO - Processing /home/airflow/.local/lib/python3.12/site-packages/airflow/example_dags/example_display_name.py took 0.206 seconds
[2024-06-26T06:53:23.329+0000] {processor.py:161} INFO - Started process (PID=1268) to work on /home/airflow/.local/lib/python3.12/site-packages/airflow/example_dags/example_display_name.py
[2024-06-26T06:53:23.331+0000] {processor.py:830} INFO - Processing file /home/airflow/.local/lib/python3.12/site-packages/airflow/example_dags/example_display_name.py for tasks to queue
[2024-06-26T06:53:23.333+0000] {logging_mixin.py:188} INFO - [2024-06-26T06:53:23.332+0000] {dagbag.py:545} INFO - Filling up the DagBag from /home/airflow/.local/lib/python3.12/site-packages/airflow/example_dags/example_display_name.py
[2024-06-26T06:53:23.338+0000] {processor.py:840} INFO - DAG(s) 'example_display_name' retrieved from /home/airflow/.local/lib/python3.12/site-packages/airflow/example_dags/example_display_name.py
[2024-06-26T06:53:23.357+0000] {logging_mixin.py:188} INFO - [2024-06-26T06:53:23.357+0000] {dag.py:3096} INFO - Sync 1 DAGs
[2024-06-26T06:53:23.370+0000] {logging_mixin.py:188} INFO - [2024-06-26T06:53:23.369+0000] {dag.py:3954} INFO - Setting next_dagrun for example_display_name to None, run_after=None
[2024-06-26T06:53:23.389+0000] {processor.py:183} INFO - Processing /home/airflow/.local/lib/python3.12/site-packages/airflow/example_dags/example_display_name.py took 0.065 seconds
[2024-06-26T06:53:53.599+0000] {processor.py:161} INFO - Started process (PID=1328) to work on /home/airflow/.local/lib/python3.12/site-packages/airflow/example_dags/example_display_name.py
[2024-06-26T06:53:53.600+0000] {processor.py:830} INFO - Processing file /home/airflow/.local/lib/python3.12/site-packages/airflow/example_dags/example_display_name.py for tasks to queue
[2024-06-26T06:53:53.602+0000] {logging_mixin.py:188} INFO - [2024-06-26T06:53:53.601+0000] {dagbag.py:545} INFO - Filling up the DagBag from /home/airflow/.local/lib/python3.12/site-packages/airflow/example_dags/example_display_name.py
[2024-06-26T06:53:53.607+0000] {processor.py:840} INFO - DAG(s) 'example_display_name' retrieved from /home/airflow/.local/lib/python3.12/site-packages/airflow/example_dags/example_display_name.py
[2024-06-26T06:53:53.626+0000] {logging_mixin.py:188} INFO - [2024-06-26T06:53:53.626+0000] {dag.py:3096} INFO - Sync 1 DAGs
[2024-06-26T06:53:53.638+0000] {logging_mixin.py:188} INFO - [2024-06-26T06:53:53.638+0000] {dag.py:3954} INFO - Setting next_dagrun for example_display_name to None, run_after=None
[2024-06-26T06:53:53.663+0000] {processor.py:183} INFO - Processing /home/airflow/.local/lib/python3.12/site-packages/airflow/example_dags/example_display_name.py took 0.069 seconds
[2024-06-26T06:54:43.779+0000] {processor.py:161} INFO - Started process (PID=1391) to work on /home/airflow/.local/lib/python3.12/site-packages/airflow/example_dags/example_display_name.py
[2024-06-26T06:54:43.796+0000] {processor.py:830} INFO - Processing file /home/airflow/.local/lib/python3.12/site-packages/airflow/example_dags/example_display_name.py for tasks to queue
[2024-06-26T06:54:43.826+0000] {logging_mixin.py:188} INFO - [2024-06-26T06:54:43.825+0000] {dagbag.py:545} INFO - Filling up the DagBag from /home/airflow/.local/lib/python3.12/site-packages/airflow/example_dags/example_display_name.py
[2024-06-26T06:54:43.906+0000] {processor.py:840} INFO - DAG(s) 'example_display_name' retrieved from /home/airflow/.local/lib/python3.12/site-packages/airflow/example_dags/example_display_name.py
[2024-06-26T06:54:44.232+0000] {logging_mixin.py:188} INFO - [2024-06-26T06:54:44.231+0000] {dag.py:3096} INFO - Sync 1 DAGs
[2024-06-26T06:54:44.462+0000] {logging_mixin.py:188} INFO - [2024-06-26T06:54:44.461+0000] {dag.py:3954} INFO - Setting next_dagrun for example_display_name to None, run_after=None
[2024-06-26T06:54:44.850+0000] {processor.py:183} INFO - Processing /home/airflow/.local/lib/python3.12/site-packages/airflow/example_dags/example_display_name.py took 1.140 seconds
[2024-06-26T06:55:33.189+0000] {processor.py:161} INFO - Started process (PID=1417) to work on /home/airflow/.local/lib/python3.12/site-packages/airflow/example_dags/example_display_name.py
[2024-06-26T06:55:33.195+0000] {processor.py:830} INFO - Processing file /home/airflow/.local/lib/python3.12/site-packages/airflow/example_dags/example_display_name.py for tasks to queue
[2024-06-26T06:55:33.208+0000] {logging_mixin.py:188} INFO - [2024-06-26T06:55:33.206+0000] {dagbag.py:545} INFO - Filling up the DagBag from /home/airflow/.local/lib/python3.12/site-packages/airflow/example_dags/example_display_name.py
[2024-06-26T06:55:33.279+0000] {processor.py:840} INFO - DAG(s) 'example_display_name' retrieved from /home/airflow/.local/lib/python3.12/site-packages/airflow/example_dags/example_display_name.py
[2024-06-26T06:55:33.576+0000] {logging_mixin.py:188} INFO - [2024-06-26T06:55:33.574+0000] {dag.py:3096} INFO - Sync 1 DAGs
[2024-06-26T06:55:33.757+0000] {logging_mixin.py:188} INFO - [2024-06-26T06:55:33.755+0000] {dag.py:3954} INFO - Setting next_dagrun for example_display_name to None, run_after=None
[2024-06-26T06:55:33.878+0000] {processor.py:183} INFO - Processing /home/airflow/.local/lib/python3.12/site-packages/airflow/example_dags/example_display_name.py took 0.790 seconds
[2024-06-26T06:56:27.508+0000] {processor.py:161} INFO - Started process (PID=1478) to work on /home/airflow/.local/lib/python3.12/site-packages/airflow/example_dags/example_display_name.py
[2024-06-26T06:56:27.542+0000] {processor.py:830} INFO - Processing file /home/airflow/.local/lib/python3.12/site-packages/airflow/example_dags/example_display_name.py for tasks to queue
[2024-06-26T06:56:27.550+0000] {logging_mixin.py:188} INFO - [2024-06-26T06:56:27.549+0000] {dagbag.py:545} INFO - Filling up the DagBag from /home/airflow/.local/lib/python3.12/site-packages/airflow/example_dags/example_display_name.py
[2024-06-26T06:56:27.663+0000] {processor.py:840} INFO - DAG(s) 'example_display_name' retrieved from /home/airflow/.local/lib/python3.12/site-packages/airflow/example_dags/example_display_name.py
[2024-06-26T06:56:28.062+0000] {logging_mixin.py:188} INFO - [2024-06-26T06:56:28.060+0000] {dag.py:3096} INFO - Sync 1 DAGs
[2024-06-26T06:56:28.305+0000] {logging_mixin.py:188} INFO - [2024-06-26T06:56:28.304+0000] {dag.py:3954} INFO - Setting next_dagrun for example_display_name to None, run_after=None
[2024-06-26T06:56:28.626+0000] {processor.py:183} INFO - Processing /home/airflow/.local/lib/python3.12/site-packages/airflow/example_dags/example_display_name.py took 1.201 seconds
[2024-06-26T06:57:21.209+0000] {processor.py:161} INFO - Started process (PID=1545) to work on /home/airflow/.local/lib/python3.12/site-packages/airflow/example_dags/example_display_name.py
[2024-06-26T06:57:21.226+0000] {processor.py:830} INFO - Processing file /home/airflow/.local/lib/python3.12/site-packages/airflow/example_dags/example_display_name.py for tasks to queue
[2024-06-26T06:57:21.242+0000] {logging_mixin.py:188} INFO - [2024-06-26T06:57:21.240+0000] {dagbag.py:545} INFO - Filling up the DagBag from /home/airflow/.local/lib/python3.12/site-packages/airflow/example_dags/example_display_name.py
[2024-06-26T06:57:21.314+0000] {processor.py:840} INFO - DAG(s) 'example_display_name' retrieved from /home/airflow/.local/lib/python3.12/site-packages/airflow/example_dags/example_display_name.py
[2024-06-26T06:57:21.601+0000] {logging_mixin.py:188} INFO - [2024-06-26T06:57:21.600+0000] {dag.py:3096} INFO - Sync 1 DAGs
[2024-06-26T06:57:21.845+0000] {logging_mixin.py:188} INFO - [2024-06-26T06:57:21.844+0000] {dag.py:3954} INFO - Setting next_dagrun for example_display_name to None, run_after=None
[2024-06-26T06:57:22.189+0000] {processor.py:183} INFO - Processing /home/airflow/.local/lib/python3.12/site-packages/airflow/example_dags/example_display_name.py took 1.079 seconds
[2024-06-26T06:58:11.657+0000] {processor.py:161} INFO - Started process (PID=1601) to work on /home/airflow/.local/lib/python3.12/site-packages/airflow/example_dags/example_display_name.py
[2024-06-26T06:58:11.686+0000] {processor.py:830} INFO - Processing file /home/airflow/.local/lib/python3.12/site-packages/airflow/example_dags/example_display_name.py for tasks to queue
[2024-06-26T06:58:11.745+0000] {logging_mixin.py:188} INFO - [2024-06-26T06:58:11.744+0000] {dagbag.py:545} INFO - Filling up the DagBag from /home/airflow/.local/lib/python3.12/site-packages/airflow/example_dags/example_display_name.py
[2024-06-26T06:58:11.834+0000] {processor.py:840} INFO - DAG(s) 'example_display_name' retrieved from /home/airflow/.local/lib/python3.12/site-packages/airflow/example_dags/example_display_name.py
[2024-06-26T06:58:12.078+0000] {logging_mixin.py:188} INFO - [2024-06-26T06:58:12.077+0000] {dag.py:3096} INFO - Sync 1 DAGs
[2024-06-26T06:58:12.240+0000] {logging_mixin.py:188} INFO - [2024-06-26T06:58:12.239+0000] {dag.py:3954} INFO - Setting next_dagrun for example_display_name to None, run_after=None
[2024-06-26T06:58:12.485+0000] {processor.py:183} INFO - Processing /home/airflow/.local/lib/python3.12/site-packages/airflow/example_dags/example_display_name.py took 0.886 seconds
[2024-06-26T06:59:00.466+0000] {processor.py:161} INFO - Started process (PID=1664) to work on /home/airflow/.local/lib/python3.12/site-packages/airflow/example_dags/example_display_name.py
[2024-06-26T06:59:00.512+0000] {processor.py:830} INFO - Processing file /home/airflow/.local/lib/python3.12/site-packages/airflow/example_dags/example_display_name.py for tasks to queue
[2024-06-26T06:59:00.614+0000] {logging_mixin.py:188} INFO - [2024-06-26T06:59:00.612+0000] {dagbag.py:545} INFO - Filling up the DagBag from /home/airflow/.local/lib/python3.12/site-packages/airflow/example_dags/example_display_name.py
[2024-06-26T06:59:00.803+0000] {processor.py:840} INFO - DAG(s) 'example_display_name' retrieved from /home/airflow/.local/lib/python3.12/site-packages/airflow/example_dags/example_display_name.py
[2024-06-26T06:59:00.965+0000] {logging_mixin.py:188} INFO - [2024-06-26T06:59:00.964+0000] {dag.py:3096} INFO - Sync 1 DAGs
[2024-06-26T06:59:01.160+0000] {logging_mixin.py:188} INFO - [2024-06-26T06:59:01.159+0000] {dag.py:3954} INFO - Setting next_dagrun for example_display_name to None, run_after=None
[2024-06-26T06:59:01.456+0000] {processor.py:183} INFO - Processing /home/airflow/.local/lib/python3.12/site-packages/airflow/example_dags/example_display_name.py took 1.035 seconds
[2024-06-26T06:59:39.816+0000] {processor.py:161} INFO - Started process (PID=1727) to work on /home/airflow/.local/lib/python3.12/site-packages/airflow/example_dags/example_display_name.py
[2024-06-26T06:59:39.824+0000] {processor.py:830} INFO - Processing file /home/airflow/.local/lib/python3.12/site-packages/airflow/example_dags/example_display_name.py for tasks to queue
[2024-06-26T06:59:39.843+0000] {logging_mixin.py:188} INFO - [2024-06-26T06:59:39.840+0000] {dagbag.py:545} INFO - Filling up the DagBag from /home/airflow/.local/lib/python3.12/site-packages/airflow/example_dags/example_display_name.py
[2024-06-26T06:59:39.890+0000] {processor.py:840} INFO - DAG(s) 'example_display_name' retrieved from /home/airflow/.local/lib/python3.12/site-packages/airflow/example_dags/example_display_name.py
[2024-06-26T06:59:40.064+0000] {logging_mixin.py:188} INFO - [2024-06-26T06:59:40.063+0000] {dag.py:3096} INFO - Sync 1 DAGs
[2024-06-26T06:59:40.190+0000] {logging_mixin.py:188} INFO - [2024-06-26T06:59:40.189+0000] {dag.py:3954} INFO - Setting next_dagrun for example_display_name to None, run_after=None
[2024-06-26T06:59:40.566+0000] {processor.py:183} INFO - Processing /home/airflow/.local/lib/python3.12/site-packages/airflow/example_dags/example_display_name.py took 0.795 seconds
[2024-06-26T07:00:11.241+0000] {processor.py:161} INFO - Started process (PID=1790) to work on /home/airflow/.local/lib/python3.12/site-packages/airflow/example_dags/example_display_name.py
[2024-06-26T07:00:11.246+0000] {processor.py:830} INFO - Processing file /home/airflow/.local/lib/python3.12/site-packages/airflow/example_dags/example_display_name.py for tasks to queue
[2024-06-26T07:00:11.253+0000] {logging_mixin.py:188} INFO - [2024-06-26T07:00:11.251+0000] {dagbag.py:545} INFO - Filling up the DagBag from /home/airflow/.local/lib/python3.12/site-packages/airflow/example_dags/example_display_name.py
[2024-06-26T07:00:11.311+0000] {processor.py:840} INFO - DAG(s) 'example_display_name' retrieved from /home/airflow/.local/lib/python3.12/site-packages/airflow/example_dags/example_display_name.py
[2024-06-26T07:00:11.476+0000] {logging_mixin.py:188} INFO - [2024-06-26T07:00:11.472+0000] {dag.py:3096} INFO - Sync 1 DAGs
[2024-06-26T07:00:11.592+0000] {logging_mixin.py:188} INFO - [2024-06-26T07:00:11.585+0000] {dag.py:3954} INFO - Setting next_dagrun for example_display_name to None, run_after=None
[2024-06-26T07:00:11.809+0000] {processor.py:183} INFO - Processing /home/airflow/.local/lib/python3.12/site-packages/airflow/example_dags/example_display_name.py took 0.615 seconds
[2024-06-26T07:00:42.523+0000] {processor.py:161} INFO - Started process (PID=1851) to work on /home/airflow/.local/lib/python3.12/site-packages/airflow/example_dags/example_display_name.py
[2024-06-26T07:00:42.526+0000] {processor.py:830} INFO - Processing file /home/airflow/.local/lib/python3.12/site-packages/airflow/example_dags/example_display_name.py for tasks to queue
[2024-06-26T07:00:42.533+0000] {logging_mixin.py:188} INFO - [2024-06-26T07:00:42.530+0000] {dagbag.py:545} INFO - Filling up the DagBag from /home/airflow/.local/lib/python3.12/site-packages/airflow/example_dags/example_display_name.py
[2024-06-26T07:00:42.551+0000] {processor.py:840} INFO - DAG(s) 'example_display_name' retrieved from /home/airflow/.local/lib/python3.12/site-packages/airflow/example_dags/example_display_name.py
[2024-06-26T07:00:42.632+0000] {logging_mixin.py:188} INFO - [2024-06-26T07:00:42.631+0000] {dag.py:3096} INFO - Sync 1 DAGs
[2024-06-26T07:00:42.677+0000] {logging_mixin.py:188} INFO - [2024-06-26T07:00:42.677+0000] {dag.py:3954} INFO - Setting next_dagrun for example_display_name to None, run_after=None
[2024-06-26T07:00:42.751+0000] {processor.py:183} INFO - Processing /home/airflow/.local/lib/python3.12/site-packages/airflow/example_dags/example_display_name.py took 0.250 seconds
[2024-06-26T07:01:13.616+0000] {processor.py:161} INFO - Started process (PID=1920) to work on /home/airflow/.local/lib/python3.12/site-packages/airflow/example_dags/example_display_name.py
[2024-06-26T07:01:13.617+0000] {processor.py:830} INFO - Processing file /home/airflow/.local/lib/python3.12/site-packages/airflow/example_dags/example_display_name.py for tasks to queue
[2024-06-26T07:01:13.619+0000] {logging_mixin.py:188} INFO - [2024-06-26T07:01:13.618+0000] {dagbag.py:545} INFO - Filling up the DagBag from /home/airflow/.local/lib/python3.12/site-packages/airflow/example_dags/example_display_name.py
[2024-06-26T07:01:13.626+0000] {processor.py:840} INFO - DAG(s) 'example_display_name' retrieved from /home/airflow/.local/lib/python3.12/site-packages/airflow/example_dags/example_display_name.py
[2024-06-26T07:01:13.654+0000] {logging_mixin.py:188} INFO - [2024-06-26T07:01:13.654+0000] {dag.py:3096} INFO - Sync 1 DAGs
[2024-06-26T07:01:13.673+0000] {logging_mixin.py:188} INFO - [2024-06-26T07:01:13.672+0000] {dag.py:3954} INFO - Setting next_dagrun for example_display_name to None, run_after=None
[2024-06-26T07:01:13.703+0000] {processor.py:183} INFO - Processing /home/airflow/.local/lib/python3.12/site-packages/airflow/example_dags/example_display_name.py took 0.095 seconds
[2024-06-26T07:01:43.967+0000] {processor.py:161} INFO - Started process (PID=1983) to work on /home/airflow/.local/lib/python3.12/site-packages/airflow/example_dags/example_display_name.py
[2024-06-26T07:01:43.969+0000] {processor.py:830} INFO - Processing file /home/airflow/.local/lib/python3.12/site-packages/airflow/example_dags/example_display_name.py for tasks to queue
[2024-06-26T07:01:43.970+0000] {logging_mixin.py:188} INFO - [2024-06-26T07:01:43.970+0000] {dagbag.py:545} INFO - Filling up the DagBag from /home/airflow/.local/lib/python3.12/site-packages/airflow/example_dags/example_display_name.py
[2024-06-26T07:01:43.978+0000] {processor.py:840} INFO - DAG(s) 'example_display_name' retrieved from /home/airflow/.local/lib/python3.12/site-packages/airflow/example_dags/example_display_name.py
[2024-06-26T07:01:44.008+0000] {logging_mixin.py:188} INFO - [2024-06-26T07:01:44.007+0000] {dag.py:3096} INFO - Sync 1 DAGs
[2024-06-26T07:01:44.025+0000] {logging_mixin.py:188} INFO - [2024-06-26T07:01:44.025+0000] {dag.py:3954} INFO - Setting next_dagrun for example_display_name to None, run_after=None
[2024-06-26T07:01:44.057+0000] {processor.py:183} INFO - Processing /home/airflow/.local/lib/python3.12/site-packages/airflow/example_dags/example_display_name.py took 0.098 seconds
[2024-06-26T07:02:14.188+0000] {processor.py:161} INFO - Started process (PID=2046) to work on /home/airflow/.local/lib/python3.12/site-packages/airflow/example_dags/example_display_name.py
[2024-06-26T07:02:14.189+0000] {processor.py:830} INFO - Processing file /home/airflow/.local/lib/python3.12/site-packages/airflow/example_dags/example_display_name.py for tasks to queue
[2024-06-26T07:02:14.190+0000] {logging_mixin.py:188} INFO - [2024-06-26T07:02:14.190+0000] {dagbag.py:545} INFO - Filling up the DagBag from /home/airflow/.local/lib/python3.12/site-packages/airflow/example_dags/example_display_name.py
[2024-06-26T07:02:14.194+0000] {processor.py:840} INFO - DAG(s) 'example_display_name' retrieved from /home/airflow/.local/lib/python3.12/site-packages/airflow/example_dags/example_display_name.py
[2024-06-26T07:02:14.209+0000] {logging_mixin.py:188} INFO - [2024-06-26T07:02:14.209+0000] {dag.py:3096} INFO - Sync 1 DAGs
[2024-06-26T07:02:14.220+0000] {logging_mixin.py:188} INFO - [2024-06-26T07:02:14.220+0000] {dag.py:3954} INFO - Setting next_dagrun for example_display_name to None, run_after=None
[2024-06-26T07:02:14.238+0000] {processor.py:183} INFO - Processing /home/airflow/.local/lib/python3.12/site-packages/airflow/example_dags/example_display_name.py took 0.054 seconds
[2024-06-26T07:02:44.623+0000] {processor.py:161} INFO - Started process (PID=2109) to work on /home/airflow/.local/lib/python3.12/site-packages/airflow/example_dags/example_display_name.py
[2024-06-26T07:02:44.624+0000] {processor.py:830} INFO - Processing file /home/airflow/.local/lib/python3.12/site-packages/airflow/example_dags/example_display_name.py for tasks to queue
[2024-06-26T07:02:44.625+0000] {logging_mixin.py:188} INFO - [2024-06-26T07:02:44.625+0000] {dagbag.py:545} INFO - Filling up the DagBag from /home/airflow/.local/lib/python3.12/site-packages/airflow/example_dags/example_display_name.py
[2024-06-26T07:02:44.629+0000] {processor.py:840} INFO - DAG(s) 'example_display_name' retrieved from /home/airflow/.local/lib/python3.12/site-packages/airflow/example_dags/example_display_name.py
[2024-06-26T07:02:44.645+0000] {logging_mixin.py:188} INFO - [2024-06-26T07:02:44.645+0000] {dag.py:3096} INFO - Sync 1 DAGs
[2024-06-26T07:02:44.654+0000] {logging_mixin.py:188} INFO - [2024-06-26T07:02:44.654+0000] {dag.py:3954} INFO - Setting next_dagrun for example_display_name to None, run_after=None
[2024-06-26T07:02:44.672+0000] {processor.py:183} INFO - Processing /home/airflow/.local/lib/python3.12/site-packages/airflow/example_dags/example_display_name.py took 0.053 seconds
[2024-06-26T07:03:15.129+0000] {processor.py:161} INFO - Started process (PID=2173) to work on /home/airflow/.local/lib/python3.12/site-packages/airflow/example_dags/example_display_name.py
[2024-06-26T07:03:15.133+0000] {processor.py:830} INFO - Processing file /home/airflow/.local/lib/python3.12/site-packages/airflow/example_dags/example_display_name.py for tasks to queue
[2024-06-26T07:03:15.136+0000] {logging_mixin.py:188} INFO - [2024-06-26T07:03:15.135+0000] {dagbag.py:545} INFO - Filling up the DagBag from /home/airflow/.local/lib/python3.12/site-packages/airflow/example_dags/example_display_name.py
[2024-06-26T07:03:15.158+0000] {processor.py:840} INFO - DAG(s) 'example_display_name' retrieved from /home/airflow/.local/lib/python3.12/site-packages/airflow/example_dags/example_display_name.py
[2024-06-26T07:03:15.247+0000] {logging_mixin.py:188} INFO - [2024-06-26T07:03:15.246+0000] {dag.py:3096} INFO - Sync 1 DAGs
[2024-06-26T07:03:15.304+0000] {logging_mixin.py:188} INFO - [2024-06-26T07:03:15.303+0000] {dag.py:3954} INFO - Setting next_dagrun for example_display_name to None, run_after=None
[2024-06-26T07:03:15.375+0000] {processor.py:183} INFO - Processing /home/airflow/.local/lib/python3.12/site-packages/airflow/example_dags/example_display_name.py took 0.266 seconds
[2024-06-26T07:03:45.443+0000] {processor.py:161} INFO - Started process (PID=2237) to work on /home/airflow/.local/lib/python3.12/site-packages/airflow/example_dags/example_display_name.py
[2024-06-26T07:03:45.444+0000] {processor.py:830} INFO - Processing file /home/airflow/.local/lib/python3.12/site-packages/airflow/example_dags/example_display_name.py for tasks to queue
[2024-06-26T07:03:45.446+0000] {logging_mixin.py:188} INFO - [2024-06-26T07:03:45.445+0000] {dagbag.py:545} INFO - Filling up the DagBag from /home/airflow/.local/lib/python3.12/site-packages/airflow/example_dags/example_display_name.py
[2024-06-26T07:03:45.452+0000] {processor.py:840} INFO - DAG(s) 'example_display_name' retrieved from /home/airflow/.local/lib/python3.12/site-packages/airflow/example_dags/example_display_name.py
[2024-06-26T07:03:45.481+0000] {logging_mixin.py:188} INFO - [2024-06-26T07:03:45.480+0000] {dag.py:3096} INFO - Sync 1 DAGs
[2024-06-26T07:03:45.502+0000] {logging_mixin.py:188} INFO - [2024-06-26T07:03:45.501+0000] {dag.py:3954} INFO - Setting next_dagrun for example_display_name to None, run_after=None
[2024-06-26T07:03:45.693+0000] {processor.py:183} INFO - Processing /home/airflow/.local/lib/python3.12/site-packages/airflow/example_dags/example_display_name.py took 0.258 seconds
[2024-06-26T07:04:16.066+0000] {processor.py:161} INFO - Started process (PID=2300) to work on /home/airflow/.local/lib/python3.12/site-packages/airflow/example_dags/example_display_name.py
[2024-06-26T07:04:16.069+0000] {processor.py:830} INFO - Processing file /home/airflow/.local/lib/python3.12/site-packages/airflow/example_dags/example_display_name.py for tasks to queue
[2024-06-26T07:04:16.071+0000] {logging_mixin.py:188} INFO - [2024-06-26T07:04:16.070+0000] {dagbag.py:545} INFO - Filling up the DagBag from /home/airflow/.local/lib/python3.12/site-packages/airflow/example_dags/example_display_name.py
[2024-06-26T07:04:16.082+0000] {processor.py:840} INFO - DAG(s) 'example_display_name' retrieved from /home/airflow/.local/lib/python3.12/site-packages/airflow/example_dags/example_display_name.py
[2024-06-26T07:04:16.122+0000] {logging_mixin.py:188} INFO - [2024-06-26T07:04:16.122+0000] {dag.py:3096} INFO - Sync 1 DAGs
[2024-06-26T07:04:16.148+0000] {logging_mixin.py:188} INFO - [2024-06-26T07:04:16.147+0000] {dag.py:3954} INFO - Setting next_dagrun for example_display_name to None, run_after=None
[2024-06-26T07:04:16.186+0000] {processor.py:183} INFO - Processing /home/airflow/.local/lib/python3.12/site-packages/airflow/example_dags/example_display_name.py took 0.131 seconds
[2024-06-26T07:04:46.445+0000] {processor.py:161} INFO - Started process (PID=2363) to work on /home/airflow/.local/lib/python3.12/site-packages/airflow/example_dags/example_display_name.py
[2024-06-26T07:04:46.447+0000] {processor.py:830} INFO - Processing file /home/airflow/.local/lib/python3.12/site-packages/airflow/example_dags/example_display_name.py for tasks to queue
[2024-06-26T07:04:46.449+0000] {logging_mixin.py:188} INFO - [2024-06-26T07:04:46.448+0000] {dagbag.py:545} INFO - Filling up the DagBag from /home/airflow/.local/lib/python3.12/site-packages/airflow/example_dags/example_display_name.py
[2024-06-26T07:04:46.457+0000] {processor.py:840} INFO - DAG(s) 'example_display_name' retrieved from /home/airflow/.local/lib/python3.12/site-packages/airflow/example_dags/example_display_name.py
[2024-06-26T07:04:46.488+0000] {logging_mixin.py:188} INFO - [2024-06-26T07:04:46.487+0000] {dag.py:3096} INFO - Sync 1 DAGs
[2024-06-26T07:04:46.508+0000] {logging_mixin.py:188} INFO - [2024-06-26T07:04:46.508+0000] {dag.py:3954} INFO - Setting next_dagrun for example_display_name to None, run_after=None
[2024-06-26T07:04:46.541+0000] {processor.py:183} INFO - Processing /home/airflow/.local/lib/python3.12/site-packages/airflow/example_dags/example_display_name.py took 0.104 seconds
[2024-06-26T07:05:16.702+0000] {processor.py:161} INFO - Started process (PID=2427) to work on /home/airflow/.local/lib/python3.12/site-packages/airflow/example_dags/example_display_name.py
[2024-06-26T07:05:16.706+0000] {processor.py:830} INFO - Processing file /home/airflow/.local/lib/python3.12/site-packages/airflow/example_dags/example_display_name.py for tasks to queue
[2024-06-26T07:05:16.709+0000] {logging_mixin.py:188} INFO - [2024-06-26T07:05:16.708+0000] {dagbag.py:545} INFO - Filling up the DagBag from /home/airflow/.local/lib/python3.12/site-packages/airflow/example_dags/example_display_name.py
[2024-06-26T07:05:16.723+0000] {processor.py:840} INFO - DAG(s) 'example_display_name' retrieved from /home/airflow/.local/lib/python3.12/site-packages/airflow/example_dags/example_display_name.py
[2024-06-26T07:05:16.778+0000] {logging_mixin.py:188} INFO - [2024-06-26T07:05:16.777+0000] {dag.py:3096} INFO - Sync 1 DAGs
[2024-06-26T07:05:16.811+0000] {logging_mixin.py:188} INFO - [2024-06-26T07:05:16.811+0000] {dag.py:3954} INFO - Setting next_dagrun for example_display_name to None, run_after=None
[2024-06-26T07:05:16.884+0000] {processor.py:183} INFO - Processing /home/airflow/.local/lib/python3.12/site-packages/airflow/example_dags/example_display_name.py took 0.196 seconds
[2024-06-26T07:05:49.062+0000] {processor.py:161} INFO - Started process (PID=2491) to work on /home/airflow/.local/lib/python3.12/site-packages/airflow/example_dags/example_display_name.py
[2024-06-26T07:05:49.066+0000] {processor.py:830} INFO - Processing file /home/airflow/.local/lib/python3.12/site-packages/airflow/example_dags/example_display_name.py for tasks to queue
[2024-06-26T07:05:49.070+0000] {logging_mixin.py:188} INFO - [2024-06-26T07:05:49.069+0000] {dagbag.py:545} INFO - Filling up the DagBag from /home/airflow/.local/lib/python3.12/site-packages/airflow/example_dags/example_display_name.py
[2024-06-26T07:05:49.090+0000] {processor.py:840} INFO - DAG(s) 'example_display_name' retrieved from /home/airflow/.local/lib/python3.12/site-packages/airflow/example_dags/example_display_name.py
[2024-06-26T07:05:49.180+0000] {logging_mixin.py:188} INFO - [2024-06-26T07:05:49.179+0000] {dag.py:3096} INFO - Sync 1 DAGs
[2024-06-26T07:05:49.265+0000] {logging_mixin.py:188} INFO - [2024-06-26T07:05:49.264+0000] {dag.py:3954} INFO - Setting next_dagrun for example_display_name to None, run_after=None
[2024-06-26T07:05:49.419+0000] {processor.py:183} INFO - Processing /home/airflow/.local/lib/python3.12/site-packages/airflow/example_dags/example_display_name.py took 0.378 seconds
[2024-06-26T07:06:19.707+0000] {processor.py:161} INFO - Started process (PID=2551) to work on /home/airflow/.local/lib/python3.12/site-packages/airflow/example_dags/example_display_name.py
[2024-06-26T07:06:19.708+0000] {processor.py:830} INFO - Processing file /home/airflow/.local/lib/python3.12/site-packages/airflow/example_dags/example_display_name.py for tasks to queue
[2024-06-26T07:06:19.709+0000] {logging_mixin.py:188} INFO - [2024-06-26T07:06:19.708+0000] {dagbag.py:545} INFO - Filling up the DagBag from /home/airflow/.local/lib/python3.12/site-packages/airflow/example_dags/example_display_name.py
[2024-06-26T07:06:19.713+0000] {processor.py:840} INFO - DAG(s) 'example_display_name' retrieved from /home/airflow/.local/lib/python3.12/site-packages/airflow/example_dags/example_display_name.py
[2024-06-26T07:06:19.730+0000] {logging_mixin.py:188} INFO - [2024-06-26T07:06:19.730+0000] {dag.py:3096} INFO - Sync 1 DAGs
[2024-06-26T07:06:19.743+0000] {logging_mixin.py:188} INFO - [2024-06-26T07:06:19.743+0000] {dag.py:3954} INFO - Setting next_dagrun for example_display_name to None, run_after=None
[2024-06-26T07:06:19.763+0000] {processor.py:183} INFO - Processing /home/airflow/.local/lib/python3.12/site-packages/airflow/example_dags/example_display_name.py took 0.061 seconds
[2024-06-26T07:06:50.331+0000] {processor.py:161} INFO - Started process (PID=2613) to work on /home/airflow/.local/lib/python3.12/site-packages/airflow/example_dags/example_display_name.py
[2024-06-26T07:06:50.332+0000] {processor.py:830} INFO - Processing file /home/airflow/.local/lib/python3.12/site-packages/airflow/example_dags/example_display_name.py for tasks to queue
[2024-06-26T07:06:50.333+0000] {logging_mixin.py:188} INFO - [2024-06-26T07:06:50.332+0000] {dagbag.py:545} INFO - Filling up the DagBag from /home/airflow/.local/lib/python3.12/site-packages/airflow/example_dags/example_display_name.py
[2024-06-26T07:06:50.337+0000] {processor.py:840} INFO - DAG(s) 'example_display_name' retrieved from /home/airflow/.local/lib/python3.12/site-packages/airflow/example_dags/example_display_name.py
[2024-06-26T07:06:50.354+0000] {logging_mixin.py:188} INFO - [2024-06-26T07:06:50.353+0000] {dag.py:3096} INFO - Sync 1 DAGs
[2024-06-26T07:06:50.364+0000] {logging_mixin.py:188} INFO - [2024-06-26T07:06:50.363+0000] {dag.py:3954} INFO - Setting next_dagrun for example_display_name to None, run_after=None
[2024-06-26T07:06:50.383+0000] {processor.py:183} INFO - Processing /home/airflow/.local/lib/python3.12/site-packages/airflow/example_dags/example_display_name.py took 0.057 seconds
[2024-06-26T07:07:21.153+0000] {processor.py:161} INFO - Started process (PID=2675) to work on /home/airflow/.local/lib/python3.12/site-packages/airflow/example_dags/example_display_name.py
[2024-06-26T07:07:21.155+0000] {processor.py:830} INFO - Processing file /home/airflow/.local/lib/python3.12/site-packages/airflow/example_dags/example_display_name.py for tasks to queue
[2024-06-26T07:07:21.157+0000] {logging_mixin.py:188} INFO - [2024-06-26T07:07:21.156+0000] {dagbag.py:545} INFO - Filling up the DagBag from /home/airflow/.local/lib/python3.12/site-packages/airflow/example_dags/example_display_name.py
[2024-06-26T07:07:21.164+0000] {processor.py:840} INFO - DAG(s) 'example_display_name' retrieved from /home/airflow/.local/lib/python3.12/site-packages/airflow/example_dags/example_display_name.py
[2024-06-26T07:07:21.196+0000] {logging_mixin.py:188} INFO - [2024-06-26T07:07:21.195+0000] {dag.py:3096} INFO - Sync 1 DAGs
[2024-06-26T07:07:21.220+0000] {logging_mixin.py:188} INFO - [2024-06-26T07:07:21.219+0000] {dag.py:3954} INFO - Setting next_dagrun for example_display_name to None, run_after=None
[2024-06-26T07:07:21.255+0000] {processor.py:183} INFO - Processing /home/airflow/.local/lib/python3.12/site-packages/airflow/example_dags/example_display_name.py took 0.110 seconds
[2024-06-26T07:08:02.728+0000] {processor.py:161} INFO - Started process (PID=2740) to work on /home/airflow/.local/lib/python3.12/site-packages/airflow/example_dags/example_display_name.py
[2024-06-26T07:08:02.733+0000] {processor.py:830} INFO - Processing file /home/airflow/.local/lib/python3.12/site-packages/airflow/example_dags/example_display_name.py for tasks to queue
[2024-06-26T07:08:02.737+0000] {logging_mixin.py:188} INFO - [2024-06-26T07:08:02.736+0000] {dagbag.py:545} INFO - Filling up the DagBag from /home/airflow/.local/lib/python3.12/site-packages/airflow/example_dags/example_display_name.py
[2024-06-26T07:08:02.757+0000] {processor.py:840} INFO - DAG(s) 'example_display_name' retrieved from /home/airflow/.local/lib/python3.12/site-packages/airflow/example_dags/example_display_name.py
[2024-06-26T07:08:02.830+0000] {logging_mixin.py:188} INFO - [2024-06-26T07:08:02.829+0000] {dag.py:3096} INFO - Sync 1 DAGs
[2024-06-26T07:08:02.893+0000] {logging_mixin.py:188} INFO - [2024-06-26T07:08:02.892+0000] {dag.py:3954} INFO - Setting next_dagrun for example_display_name to None, run_after=None
[2024-06-26T07:08:02.966+0000] {processor.py:183} INFO - Processing /home/airflow/.local/lib/python3.12/site-packages/airflow/example_dags/example_display_name.py took 0.259 seconds
[2024-06-26T07:08:33.901+0000] {processor.py:161} INFO - Started process (PID=2801) to work on /home/airflow/.local/lib/python3.12/site-packages/airflow/example_dags/example_display_name.py
[2024-06-26T07:08:33.903+0000] {processor.py:830} INFO - Processing file /home/airflow/.local/lib/python3.12/site-packages/airflow/example_dags/example_display_name.py for tasks to queue
[2024-06-26T07:08:33.904+0000] {logging_mixin.py:188} INFO - [2024-06-26T07:08:33.904+0000] {dagbag.py:545} INFO - Filling up the DagBag from /home/airflow/.local/lib/python3.12/site-packages/airflow/example_dags/example_display_name.py
[2024-06-26T07:08:33.911+0000] {processor.py:840} INFO - DAG(s) 'example_display_name' retrieved from /home/airflow/.local/lib/python3.12/site-packages/airflow/example_dags/example_display_name.py
[2024-06-26T07:08:33.938+0000] {logging_mixin.py:188} INFO - [2024-06-26T07:08:33.938+0000] {dag.py:3096} INFO - Sync 1 DAGs
[2024-06-26T07:08:33.956+0000] {logging_mixin.py:188} INFO - [2024-06-26T07:08:33.955+0000] {dag.py:3954} INFO - Setting next_dagrun for example_display_name to None, run_after=None
[2024-06-26T07:08:33.989+0000] {processor.py:183} INFO - Processing /home/airflow/.local/lib/python3.12/site-packages/airflow/example_dags/example_display_name.py took 0.095 seconds
[2024-06-26T07:09:09.607+0000] {processor.py:161} INFO - Started process (PID=2864) to work on /home/airflow/.local/lib/python3.12/site-packages/airflow/example_dags/example_display_name.py
[2024-06-26T07:09:09.614+0000] {processor.py:830} INFO - Processing file /home/airflow/.local/lib/python3.12/site-packages/airflow/example_dags/example_display_name.py for tasks to queue
[2024-06-26T07:09:09.624+0000] {logging_mixin.py:188} INFO - [2024-06-26T07:09:09.620+0000] {dagbag.py:545} INFO - Filling up the DagBag from /home/airflow/.local/lib/python3.12/site-packages/airflow/example_dags/example_display_name.py
[2024-06-26T07:09:09.677+0000] {processor.py:840} INFO - DAG(s) 'example_display_name' retrieved from /home/airflow/.local/lib/python3.12/site-packages/airflow/example_dags/example_display_name.py
[2024-06-26T07:09:10.112+0000] {logging_mixin.py:188} INFO - [2024-06-26T07:09:10.110+0000] {dag.py:3096} INFO - Sync 1 DAGs
[2024-06-26T07:09:10.327+0000] {logging_mixin.py:188} INFO - [2024-06-26T07:09:10.326+0000] {dag.py:3954} INFO - Setting next_dagrun for example_display_name to None, run_after=None
[2024-06-26T07:09:10.551+0000] {processor.py:183} INFO - Processing /home/airflow/.local/lib/python3.12/site-packages/airflow/example_dags/example_display_name.py took 1.025 seconds
[2024-06-26T07:10:23.590+0000] {processor.py:161} INFO - Started process (PID=2939) to work on /home/airflow/.local/lib/python3.12/site-packages/airflow/example_dags/example_display_name.py
[2024-06-26T07:10:23.598+0000] {processor.py:830} INFO - Processing file /home/airflow/.local/lib/python3.12/site-packages/airflow/example_dags/example_display_name.py for tasks to queue
[2024-06-26T07:10:23.607+0000] {logging_mixin.py:188} INFO - [2024-06-26T07:10:23.605+0000] {dagbag.py:545} INFO - Filling up the DagBag from /home/airflow/.local/lib/python3.12/site-packages/airflow/example_dags/example_display_name.py
[2024-06-26T07:10:25.247+0000] {processor.py:840} INFO - DAG(s) 'example_display_name' retrieved from /home/airflow/.local/lib/python3.12/site-packages/airflow/example_dags/example_display_name.py
[2024-06-26T07:10:25.573+0000] {logging_mixin.py:188} INFO - [2024-06-26T07:10:25.572+0000] {dag.py:3096} INFO - Sync 1 DAGs
[2024-06-26T07:10:25.770+0000] {logging_mixin.py:188} INFO - [2024-06-26T07:10:25.769+0000] {dag.py:3954} INFO - Setting next_dagrun for example_display_name to None, run_after=None
[2024-06-26T07:10:26.343+0000] {processor.py:183} INFO - Processing /home/airflow/.local/lib/python3.12/site-packages/airflow/example_dags/example_display_name.py took 2.966 seconds
[2024-06-26T07:10:57.161+0000] {processor.py:161} INFO - Started process (PID=3003) to work on /home/airflow/.local/lib/python3.12/site-packages/airflow/example_dags/example_display_name.py
[2024-06-26T07:10:57.163+0000] {processor.py:830} INFO - Processing file /home/airflow/.local/lib/python3.12/site-packages/airflow/example_dags/example_display_name.py for tasks to queue
[2024-06-26T07:10:57.165+0000] {logging_mixin.py:188} INFO - [2024-06-26T07:10:57.165+0000] {dagbag.py:545} INFO - Filling up the DagBag from /home/airflow/.local/lib/python3.12/site-packages/airflow/example_dags/example_display_name.py
[2024-06-26T07:10:57.177+0000] {processor.py:840} INFO - DAG(s) 'example_display_name' retrieved from /home/airflow/.local/lib/python3.12/site-packages/airflow/example_dags/example_display_name.py
[2024-06-26T07:10:57.214+0000] {logging_mixin.py:188} INFO - [2024-06-26T07:10:57.213+0000] {dag.py:3096} INFO - Sync 1 DAGs
[2024-06-26T07:10:57.238+0000] {logging_mixin.py:188} INFO - [2024-06-26T07:10:57.237+0000] {dag.py:3954} INFO - Setting next_dagrun for example_display_name to None, run_after=None
[2024-06-26T07:10:57.291+0000] {processor.py:183} INFO - Processing /home/airflow/.local/lib/python3.12/site-packages/airflow/example_dags/example_display_name.py took 0.142 seconds
[2024-06-26T07:11:28.969+0000] {processor.py:161} INFO - Started process (PID=3066) to work on /home/airflow/.local/lib/python3.12/site-packages/airflow/example_dags/example_display_name.py
[2024-06-26T07:11:29.243+0000] {processor.py:830} INFO - Processing file /home/airflow/.local/lib/python3.12/site-packages/airflow/example_dags/example_display_name.py for tasks to queue
[2024-06-26T07:11:29.390+0000] {logging_mixin.py:188} INFO - [2024-06-26T07:11:29.388+0000] {dagbag.py:545} INFO - Filling up the DagBag from /home/airflow/.local/lib/python3.12/site-packages/airflow/example_dags/example_display_name.py
[2024-06-26T07:11:29.460+0000] {processor.py:840} INFO - DAG(s) 'example_display_name' retrieved from /home/airflow/.local/lib/python3.12/site-packages/airflow/example_dags/example_display_name.py
[2024-06-26T07:11:29.869+0000] {logging_mixin.py:188} INFO - [2024-06-26T07:11:29.858+0000] {dag.py:3096} INFO - Sync 1 DAGs
[2024-06-26T07:11:30.085+0000] {logging_mixin.py:188} INFO - [2024-06-26T07:11:30.075+0000] {dag.py:3954} INFO - Setting next_dagrun for example_display_name to None, run_after=None
[2024-06-26T07:11:30.330+0000] {processor.py:183} INFO - Processing /home/airflow/.local/lib/python3.12/site-packages/airflow/example_dags/example_display_name.py took 1.428 seconds
[2024-06-26T07:12:00.544+0000] {processor.py:161} INFO - Started process (PID=3128) to work on /home/airflow/.local/lib/python3.12/site-packages/airflow/example_dags/example_display_name.py
[2024-06-26T07:12:00.548+0000] {processor.py:830} INFO - Processing file /home/airflow/.local/lib/python3.12/site-packages/airflow/example_dags/example_display_name.py for tasks to queue
[2024-06-26T07:12:00.552+0000] {logging_mixin.py:188} INFO - [2024-06-26T07:12:00.551+0000] {dagbag.py:545} INFO - Filling up the DagBag from /home/airflow/.local/lib/python3.12/site-packages/airflow/example_dags/example_display_name.py
[2024-06-26T07:12:00.569+0000] {processor.py:840} INFO - DAG(s) 'example_display_name' retrieved from /home/airflow/.local/lib/python3.12/site-packages/airflow/example_dags/example_display_name.py
[2024-06-26T07:12:00.636+0000] {logging_mixin.py:188} INFO - [2024-06-26T07:12:00.635+0000] {dag.py:3096} INFO - Sync 1 DAGs
[2024-06-26T07:12:00.682+0000] {logging_mixin.py:188} INFO - [2024-06-26T07:12:00.681+0000] {dag.py:3954} INFO - Setting next_dagrun for example_display_name to None, run_after=None
[2024-06-26T07:12:00.769+0000] {processor.py:183} INFO - Processing /home/airflow/.local/lib/python3.12/site-packages/airflow/example_dags/example_display_name.py took 0.244 seconds
[2024-06-26T07:12:46.777+0000] {processor.py:161} INFO - Started process (PID=3186) to work on /home/airflow/.local/lib/python3.12/site-packages/airflow/example_dags/example_display_name.py
[2024-06-26T07:12:46.794+0000] {processor.py:830} INFO - Processing file /home/airflow/.local/lib/python3.12/site-packages/airflow/example_dags/example_display_name.py for tasks to queue
[2024-06-26T07:12:46.819+0000] {logging_mixin.py:188} INFO - [2024-06-26T07:12:46.816+0000] {dagbag.py:545} INFO - Filling up the DagBag from /home/airflow/.local/lib/python3.12/site-packages/airflow/example_dags/example_display_name.py
[2024-06-26T07:12:46.908+0000] {processor.py:840} INFO - DAG(s) 'example_display_name' retrieved from /home/airflow/.local/lib/python3.12/site-packages/airflow/example_dags/example_display_name.py
[2024-06-26T07:12:47.123+0000] {logging_mixin.py:188} INFO - [2024-06-26T07:12:47.122+0000] {dag.py:3096} INFO - Sync 1 DAGs
[2024-06-26T07:12:47.896+0000] {logging_mixin.py:188} INFO - [2024-06-26T07:12:47.895+0000] {dag.py:3954} INFO - Setting next_dagrun for example_display_name to None, run_after=None
[2024-06-26T07:12:48.416+0000] {processor.py:183} INFO - Processing /home/airflow/.local/lib/python3.12/site-packages/airflow/example_dags/example_display_name.py took 1.739 seconds
[2024-06-26T07:13:25.560+0000] {processor.py:161} INFO - Started process (PID=3248) to work on /home/airflow/.local/lib/python3.12/site-packages/airflow/example_dags/example_display_name.py
[2024-06-26T07:13:25.564+0000] {processor.py:830} INFO - Processing file /home/airflow/.local/lib/python3.12/site-packages/airflow/example_dags/example_display_name.py for tasks to queue
[2024-06-26T07:13:25.570+0000] {logging_mixin.py:188} INFO - [2024-06-26T07:13:25.567+0000] {dagbag.py:545} INFO - Filling up the DagBag from /home/airflow/.local/lib/python3.12/site-packages/airflow/example_dags/example_display_name.py
[2024-06-26T07:13:25.591+0000] {processor.py:840} INFO - DAG(s) 'example_display_name' retrieved from /home/airflow/.local/lib/python3.12/site-packages/airflow/example_dags/example_display_name.py
[2024-06-26T07:13:25.667+0000] {logging_mixin.py:188} INFO - [2024-06-26T07:13:25.666+0000] {dag.py:3096} INFO - Sync 1 DAGs
[2024-06-26T07:13:25.718+0000] {logging_mixin.py:188} INFO - [2024-06-26T07:13:25.718+0000] {dag.py:3954} INFO - Setting next_dagrun for example_display_name to None, run_after=None
[2024-06-26T07:13:25.798+0000] {processor.py:183} INFO - Processing /home/airflow/.local/lib/python3.12/site-packages/airflow/example_dags/example_display_name.py took 0.265 seconds
[2024-06-26T07:13:56.870+0000] {processor.py:161} INFO - Started process (PID=3308) to work on /home/airflow/.local/lib/python3.12/site-packages/airflow/example_dags/example_display_name.py
[2024-06-26T07:13:56.887+0000] {processor.py:830} INFO - Processing file /home/airflow/.local/lib/python3.12/site-packages/airflow/example_dags/example_display_name.py for tasks to queue
[2024-06-26T07:13:56.909+0000] {logging_mixin.py:188} INFO - [2024-06-26T07:13:56.908+0000] {dagbag.py:545} INFO - Filling up the DagBag from /home/airflow/.local/lib/python3.12/site-packages/airflow/example_dags/example_display_name.py
[2024-06-26T07:13:56.976+0000] {processor.py:840} INFO - DAG(s) 'example_display_name' retrieved from /home/airflow/.local/lib/python3.12/site-packages/airflow/example_dags/example_display_name.py
[2024-06-26T07:13:57.152+0000] {logging_mixin.py:188} INFO - [2024-06-26T07:13:57.151+0000] {dag.py:3096} INFO - Sync 1 DAGs
[2024-06-26T07:13:57.296+0000] {logging_mixin.py:188} INFO - [2024-06-26T07:13:57.296+0000] {dag.py:3954} INFO - Setting next_dagrun for example_display_name to None, run_after=None
[2024-06-26T07:13:57.552+0000] {processor.py:183} INFO - Processing /home/airflow/.local/lib/python3.12/site-packages/airflow/example_dags/example_display_name.py took 0.734 seconds
[2024-06-26T07:14:28.428+0000] {processor.py:161} INFO - Started process (PID=3371) to work on /home/airflow/.local/lib/python3.12/site-packages/airflow/example_dags/example_display_name.py
[2024-06-26T07:14:28.429+0000] {processor.py:830} INFO - Processing file /home/airflow/.local/lib/python3.12/site-packages/airflow/example_dags/example_display_name.py for tasks to queue
[2024-06-26T07:14:28.431+0000] {logging_mixin.py:188} INFO - [2024-06-26T07:14:28.430+0000] {dagbag.py:545} INFO - Filling up the DagBag from /home/airflow/.local/lib/python3.12/site-packages/airflow/example_dags/example_display_name.py
[2024-06-26T07:14:28.437+0000] {processor.py:840} INFO - DAG(s) 'example_display_name' retrieved from /home/airflow/.local/lib/python3.12/site-packages/airflow/example_dags/example_display_name.py
[2024-06-26T07:14:28.464+0000] {logging_mixin.py:188} INFO - [2024-06-26T07:14:28.464+0000] {dag.py:3096} INFO - Sync 1 DAGs
[2024-06-26T07:14:28.480+0000] {logging_mixin.py:188} INFO - [2024-06-26T07:14:28.480+0000] {dag.py:3954} INFO - Setting next_dagrun for example_display_name to None, run_after=None
[2024-06-26T07:14:28.511+0000] {processor.py:183} INFO - Processing /home/airflow/.local/lib/python3.12/site-packages/airflow/example_dags/example_display_name.py took 0.090 seconds
[2024-06-26T07:14:59.736+0000] {processor.py:161} INFO - Started process (PID=3434) to work on /home/airflow/.local/lib/python3.12/site-packages/airflow/example_dags/example_display_name.py
[2024-06-26T07:14:59.824+0000] {processor.py:830} INFO - Processing file /home/airflow/.local/lib/python3.12/site-packages/airflow/example_dags/example_display_name.py for tasks to queue
[2024-06-26T07:14:59.830+0000] {logging_mixin.py:188} INFO - [2024-06-26T07:14:59.828+0000] {dagbag.py:545} INFO - Filling up the DagBag from /home/airflow/.local/lib/python3.12/site-packages/airflow/example_dags/example_display_name.py
[2024-06-26T07:14:59.906+0000] {processor.py:840} INFO - DAG(s) 'example_display_name' retrieved from /home/airflow/.local/lib/python3.12/site-packages/airflow/example_dags/example_display_name.py
[2024-06-26T07:15:00.146+0000] {logging_mixin.py:188} INFO - [2024-06-26T07:15:00.145+0000] {dag.py:3096} INFO - Sync 1 DAGs
[2024-06-26T07:15:00.381+0000] {logging_mixin.py:188} INFO - [2024-06-26T07:15:00.368+0000] {dag.py:3954} INFO - Setting next_dagrun for example_display_name to None, run_after=None
[2024-06-26T07:15:00.516+0000] {processor.py:183} INFO - Processing /home/airflow/.local/lib/python3.12/site-packages/airflow/example_dags/example_display_name.py took 0.851 seconds
[2024-06-26T07:15:35.104+0000] {processor.py:161} INFO - Started process (PID=3489) to work on /home/airflow/.local/lib/python3.12/site-packages/airflow/example_dags/example_display_name.py
[2024-06-26T07:15:35.246+0000] {processor.py:830} INFO - Processing file /home/airflow/.local/lib/python3.12/site-packages/airflow/example_dags/example_display_name.py for tasks to queue
[2024-06-26T07:15:35.261+0000] {logging_mixin.py:188} INFO - [2024-06-26T07:15:35.249+0000] {dagbag.py:545} INFO - Filling up the DagBag from /home/airflow/.local/lib/python3.12/site-packages/airflow/example_dags/example_display_name.py
[2024-06-26T07:15:35.325+0000] {processor.py:840} INFO - DAG(s) 'example_display_name' retrieved from /home/airflow/.local/lib/python3.12/site-packages/airflow/example_dags/example_display_name.py
[2024-06-26T07:15:35.599+0000] {logging_mixin.py:188} INFO - [2024-06-26T07:15:35.598+0000] {dag.py:3096} INFO - Sync 1 DAGs
[2024-06-26T07:15:35.930+0000] {logging_mixin.py:188} INFO - [2024-06-26T07:15:35.929+0000] {dag.py:3954} INFO - Setting next_dagrun for example_display_name to None, run_after=None
[2024-06-26T07:15:36.369+0000] {processor.py:183} INFO - Processing /home/airflow/.local/lib/python3.12/site-packages/airflow/example_dags/example_display_name.py took 1.352 seconds
[2024-06-26T07:16:17.292+0000] {processor.py:161} INFO - Started process (PID=3541) to work on /home/airflow/.local/lib/python3.12/site-packages/airflow/example_dags/example_display_name.py
[2024-06-26T07:16:17.296+0000] {processor.py:830} INFO - Processing file /home/airflow/.local/lib/python3.12/site-packages/airflow/example_dags/example_display_name.py for tasks to queue
[2024-06-26T07:16:17.301+0000] {logging_mixin.py:188} INFO - [2024-06-26T07:16:17.299+0000] {dagbag.py:545} INFO - Filling up the DagBag from /home/airflow/.local/lib/python3.12/site-packages/airflow/example_dags/example_display_name.py
[2024-06-26T07:16:17.383+0000] {processor.py:840} INFO - DAG(s) 'example_display_name' retrieved from /home/airflow/.local/lib/python3.12/site-packages/airflow/example_dags/example_display_name.py
[2024-06-26T07:16:17.620+0000] {logging_mixin.py:188} INFO - [2024-06-26T07:16:17.609+0000] {dag.py:3096} INFO - Sync 1 DAGs
[2024-06-26T07:16:17.848+0000] {logging_mixin.py:188} INFO - [2024-06-26T07:16:17.848+0000] {dag.py:3954} INFO - Setting next_dagrun for example_display_name to None, run_after=None
[2024-06-26T07:16:18.201+0000] {processor.py:183} INFO - Processing /home/airflow/.local/lib/python3.12/site-packages/airflow/example_dags/example_display_name.py took 0.992 seconds
[2024-06-26T07:39:13.278+0000] {processor.py:161} INFO - Started process (PID=58) to work on /home/airflow/.local/lib/python3.12/site-packages/airflow/example_dags/example_display_name.py
[2024-06-26T07:39:13.280+0000] {processor.py:830} INFO - Processing file /home/airflow/.local/lib/python3.12/site-packages/airflow/example_dags/example_display_name.py for tasks to queue
[2024-06-26T07:39:13.284+0000] {logging_mixin.py:188} INFO - [2024-06-26T07:39:13.284+0000] {dagbag.py:545} INFO - Filling up the DagBag from /home/airflow/.local/lib/python3.12/site-packages/airflow/example_dags/example_display_name.py
[2024-06-26T07:39:13.304+0000] {processor.py:840} INFO - DAG(s) 'example_display_name' retrieved from /home/airflow/.local/lib/python3.12/site-packages/airflow/example_dags/example_display_name.py
[2024-06-26T07:39:13.564+0000] {logging_mixin.py:188} INFO - [2024-06-26T07:39:13.564+0000] {dag.py:3096} INFO - Sync 1 DAGs
[2024-06-26T07:39:13.590+0000] {logging_mixin.py:188} INFO - [2024-06-26T07:39:13.589+0000] {dag.py:3954} INFO - Setting next_dagrun for example_display_name to None, run_after=None
[2024-06-26T07:39:13.636+0000] {processor.py:183} INFO - Processing /home/airflow/.local/lib/python3.12/site-packages/airflow/example_dags/example_display_name.py took 0.371 seconds
[2024-06-26T07:39:44.147+0000] {processor.py:161} INFO - Started process (PID=123) to work on /home/airflow/.local/lib/python3.12/site-packages/airflow/example_dags/example_display_name.py
[2024-06-26T07:39:44.149+0000] {processor.py:830} INFO - Processing file /home/airflow/.local/lib/python3.12/site-packages/airflow/example_dags/example_display_name.py for tasks to queue
[2024-06-26T07:39:44.151+0000] {logging_mixin.py:188} INFO - [2024-06-26T07:39:44.151+0000] {dagbag.py:545} INFO - Filling up the DagBag from /home/airflow/.local/lib/python3.12/site-packages/airflow/example_dags/example_display_name.py
[2024-06-26T07:39:44.159+0000] {processor.py:840} INFO - DAG(s) 'example_display_name' retrieved from /home/airflow/.local/lib/python3.12/site-packages/airflow/example_dags/example_display_name.py
[2024-06-26T07:39:44.182+0000] {logging_mixin.py:188} INFO - [2024-06-26T07:39:44.182+0000] {dag.py:3096} INFO - Sync 1 DAGs
[2024-06-26T07:39:44.198+0000] {logging_mixin.py:188} INFO - [2024-06-26T07:39:44.198+0000] {dag.py:3954} INFO - Setting next_dagrun for example_display_name to None, run_after=None
[2024-06-26T07:39:44.221+0000] {processor.py:183} INFO - Processing /home/airflow/.local/lib/python3.12/site-packages/airflow/example_dags/example_display_name.py took 0.080 seconds
[2024-06-26T07:40:39.547+0000] {processor.py:161} INFO - Started process (PID=195) to work on /home/airflow/.local/lib/python3.12/site-packages/airflow/example_dags/example_display_name.py
[2024-06-26T07:40:39.562+0000] {processor.py:830} INFO - Processing file /home/airflow/.local/lib/python3.12/site-packages/airflow/example_dags/example_display_name.py for tasks to queue
[2024-06-26T07:40:39.583+0000] {logging_mixin.py:188} INFO - [2024-06-26T07:40:39.582+0000] {dagbag.py:545} INFO - Filling up the DagBag from /home/airflow/.local/lib/python3.12/site-packages/airflow/example_dags/example_display_name.py
[2024-06-26T07:40:39.632+0000] {processor.py:840} INFO - DAG(s) 'example_display_name' retrieved from /home/airflow/.local/lib/python3.12/site-packages/airflow/example_dags/example_display_name.py
[2024-06-26T07:40:39.859+0000] {logging_mixin.py:188} INFO - [2024-06-26T07:40:39.858+0000] {dag.py:3096} INFO - Sync 1 DAGs
[2024-06-26T07:40:40.040+0000] {logging_mixin.py:188} INFO - [2024-06-26T07:40:40.039+0000] {dag.py:3954} INFO - Setting next_dagrun for example_display_name to None, run_after=None
[2024-06-26T07:40:40.238+0000] {processor.py:183} INFO - Processing /home/airflow/.local/lib/python3.12/site-packages/airflow/example_dags/example_display_name.py took 0.773 seconds
[2024-06-26T07:41:44.914+0000] {processor.py:161} INFO - Started process (PID=259) to work on /home/airflow/.local/lib/python3.12/site-packages/airflow/example_dags/example_display_name.py
[2024-06-26T07:41:44.929+0000] {processor.py:830} INFO - Processing file /home/airflow/.local/lib/python3.12/site-packages/airflow/example_dags/example_display_name.py for tasks to queue
[2024-06-26T07:41:44.959+0000] {logging_mixin.py:188} INFO - [2024-06-26T07:41:44.946+0000] {dagbag.py:545} INFO - Filling up the DagBag from /home/airflow/.local/lib/python3.12/site-packages/airflow/example_dags/example_display_name.py
[2024-06-26T07:41:45.055+0000] {processor.py:840} INFO - DAG(s) 'example_display_name' retrieved from /home/airflow/.local/lib/python3.12/site-packages/airflow/example_dags/example_display_name.py
[2024-06-26T07:41:45.419+0000] {logging_mixin.py:188} INFO - [2024-06-26T07:41:45.418+0000] {dag.py:3096} INFO - Sync 1 DAGs
[2024-06-26T07:41:45.681+0000] {logging_mixin.py:188} INFO - [2024-06-26T07:41:45.679+0000] {dag.py:3954} INFO - Setting next_dagrun for example_display_name to None, run_after=None
[2024-06-26T07:41:46.838+0000] {processor.py:183} INFO - Processing /home/airflow/.local/lib/python3.12/site-packages/airflow/example_dags/example_display_name.py took 2.022 seconds
[2024-06-26T07:43:32.388+0000] {processor.py:161} INFO - Started process (PID=346) to work on /home/airflow/.local/lib/python3.12/site-packages/airflow/example_dags/example_display_name.py
[2024-06-26T07:43:32.408+0000] {processor.py:830} INFO - Processing file /home/airflow/.local/lib/python3.12/site-packages/airflow/example_dags/example_display_name.py for tasks to queue
[2024-06-26T07:43:32.435+0000] {logging_mixin.py:188} INFO - [2024-06-26T07:43:32.433+0000] {dagbag.py:545} INFO - Filling up the DagBag from /home/airflow/.local/lib/python3.12/site-packages/airflow/example_dags/example_display_name.py
[2024-06-26T07:43:32.507+0000] {processor.py:840} INFO - DAG(s) 'example_display_name' retrieved from /home/airflow/.local/lib/python3.12/site-packages/airflow/example_dags/example_display_name.py
[2024-06-26T07:43:35.187+0000] {logging_mixin.py:188} INFO - [2024-06-26T07:43:35.186+0000] {dag.py:3096} INFO - Sync 1 DAGs
[2024-06-26T07:43:37.423+0000] {logging_mixin.py:188} INFO - [2024-06-26T07:43:37.422+0000] {dag.py:3954} INFO - Setting next_dagrun for example_display_name to None, run_after=None
[2024-06-26T07:43:39.832+0000] {processor.py:183} INFO - Processing /home/airflow/.local/lib/python3.12/site-packages/airflow/example_dags/example_display_name.py took 7.528 seconds
[2024-06-26T07:47:12.144+0000] {processor.py:161} INFO - Started process (PID=413) to work on /home/airflow/.local/lib/python3.12/site-packages/airflow/example_dags/example_display_name.py
[2024-06-26T07:47:12.238+0000] {processor.py:830} INFO - Processing file /home/airflow/.local/lib/python3.12/site-packages/airflow/example_dags/example_display_name.py for tasks to queue
[2024-06-26T07:47:12.409+0000] {logging_mixin.py:188} INFO - [2024-06-26T07:47:12.336+0000] {dagbag.py:545} INFO - Filling up the DagBag from /home/airflow/.local/lib/python3.12/site-packages/airflow/example_dags/example_display_name.py
[2024-06-26T07:47:13.282+0000] {processor.py:840} INFO - DAG(s) 'example_display_name' retrieved from /home/airflow/.local/lib/python3.12/site-packages/airflow/example_dags/example_display_name.py
[2024-06-26T07:47:15.241+0000] {logging_mixin.py:188} INFO - [2024-06-26T07:47:15.240+0000] {dag.py:3096} INFO - Sync 1 DAGs
[2024-06-26T07:47:16.906+0000] {logging_mixin.py:188} INFO - [2024-06-26T07:47:16.905+0000] {dag.py:3954} INFO - Setting next_dagrun for example_display_name to None, run_after=None
[2024-06-26T07:47:17.400+0000] {processor.py:183} INFO - Processing /home/airflow/.local/lib/python3.12/site-packages/airflow/example_dags/example_display_name.py took 5.958 seconds
