[2024-06-26T06:06:10.566+0000] {processor.py:161} INFO - Started process (PID=96) to work on /home/airflow/.local/lib/python3.12/site-packages/airflow/example_dags/example_bash_operator.py
[2024-06-26T06:06:10.571+0000] {processor.py:830} INFO - Processing file /home/airflow/.local/lib/python3.12/site-packages/airflow/example_dags/example_bash_operator.py for tasks to queue
[2024-06-26T06:06:10.581+0000] {logging_mixin.py:188} INFO - [2024-06-26T06:06:10.580+0000] {dagbag.py:545} INFO - Filling up the DagBag from /home/airflow/.local/lib/python3.12/site-packages/airflow/example_dags/example_bash_operator.py
[2024-06-26T06:06:10.646+0000] {processor.py:840} INFO - DAG(s) 'example_bash_operator' retrieved from /home/airflow/.local/lib/python3.12/site-packages/airflow/example_dags/example_bash_operator.py
[2024-06-26T06:06:10.855+0000] {logging_mixin.py:188} INFO - [2024-06-26T06:06:10.854+0000] {dag.py:3096} INFO - Sync 1 DAGs
[2024-06-26T06:06:11.002+0000] {logging_mixin.py:188} INFO - [2024-06-26T06:06:11.000+0000] {dag.py:3954} INFO - Setting next_dagrun for example_bash_operator to 2024-06-25 00:00:00+00:00, run_after=2024-06-26 00:00:00+00:00
[2024-06-26T06:06:11.100+0000] {processor.py:183} INFO - Processing /home/airflow/.local/lib/python3.12/site-packages/airflow/example_dags/example_bash_operator.py took 0.558 seconds
[2024-06-26T06:07:11.055+0000] {processor.py:161} INFO - Started process (PID=157) to work on /home/airflow/.local/lib/python3.12/site-packages/airflow/example_dags/example_bash_operator.py
[2024-06-26T06:07:11.270+0000] {processor.py:830} INFO - Processing file /home/airflow/.local/lib/python3.12/site-packages/airflow/example_dags/example_bash_operator.py for tasks to queue
[2024-06-26T06:07:11.347+0000] {logging_mixin.py:188} INFO - [2024-06-26T06:07:11.345+0000] {dagbag.py:545} INFO - Filling up the DagBag from /home/airflow/.local/lib/python3.12/site-packages/airflow/example_dags/example_bash_operator.py
[2024-06-26T06:07:15.725+0000] {processor.py:840} INFO - DAG(s) 'example_bash_operator' retrieved from /home/airflow/.local/lib/python3.12/site-packages/airflow/example_dags/example_bash_operator.py
[2024-06-26T06:07:19.810+0000] {logging_mixin.py:188} INFO - [2024-06-26T06:07:19.809+0000] {dag.py:3096} INFO - Sync 1 DAGs
[2024-06-26T06:07:20.362+0000] {logging_mixin.py:188} INFO - [2024-06-26T06:07:20.361+0000] {dag.py:3954} INFO - Setting next_dagrun for example_bash_operator to 2024-06-25 00:00:00+00:00, run_after=2024-06-26 00:00:00+00:00
[2024-06-26T06:07:21.120+0000] {processor.py:183} INFO - Processing /home/airflow/.local/lib/python3.12/site-packages/airflow/example_dags/example_bash_operator.py took 10.357 seconds
[2024-06-26T06:21:35.144+0000] {processor.py:161} INFO - Started process (PID=88) to work on /home/airflow/.local/lib/python3.12/site-packages/airflow/example_dags/example_bash_operator.py
[2024-06-26T06:21:35.158+0000] {processor.py:830} INFO - Processing file /home/airflow/.local/lib/python3.12/site-packages/airflow/example_dags/example_bash_operator.py for tasks to queue
[2024-06-26T06:21:35.193+0000] {logging_mixin.py:188} INFO - [2024-06-26T06:21:35.192+0000] {dagbag.py:545} INFO - Filling up the DagBag from /home/airflow/.local/lib/python3.12/site-packages/airflow/example_dags/example_bash_operator.py
[2024-06-26T06:21:35.522+0000] {processor.py:840} INFO - DAG(s) 'example_bash_operator' retrieved from /home/airflow/.local/lib/python3.12/site-packages/airflow/example_dags/example_bash_operator.py
[2024-06-26T06:21:36.429+0000] {logging_mixin.py:188} INFO - [2024-06-26T06:21:36.417+0000] {dag.py:3096} INFO - Sync 1 DAGs
[2024-06-26T06:21:36.850+0000] {logging_mixin.py:188} INFO - [2024-06-26T06:21:36.849+0000] {dag.py:3954} INFO - Setting next_dagrun for example_bash_operator to 2024-06-25 00:00:00+00:00, run_after=2024-06-26 00:00:00+00:00
[2024-06-26T06:21:37.172+0000] {processor.py:183} INFO - Processing /home/airflow/.local/lib/python3.12/site-packages/airflow/example_dags/example_bash_operator.py took 2.116 seconds
[2024-06-26T06:22:51.751+0000] {processor.py:161} INFO - Started process (PID=156) to work on /home/airflow/.local/lib/python3.12/site-packages/airflow/example_dags/example_bash_operator.py
[2024-06-26T06:22:51.765+0000] {processor.py:830} INFO - Processing file /home/airflow/.local/lib/python3.12/site-packages/airflow/example_dags/example_bash_operator.py for tasks to queue
[2024-06-26T06:22:51.785+0000] {logging_mixin.py:188} INFO - [2024-06-26T06:22:51.784+0000] {dagbag.py:545} INFO - Filling up the DagBag from /home/airflow/.local/lib/python3.12/site-packages/airflow/example_dags/example_bash_operator.py
[2024-06-26T06:22:52.024+0000] {processor.py:840} INFO - DAG(s) 'example_bash_operator' retrieved from /home/airflow/.local/lib/python3.12/site-packages/airflow/example_dags/example_bash_operator.py
[2024-06-26T06:22:52.596+0000] {logging_mixin.py:188} INFO - [2024-06-26T06:22:52.595+0000] {dag.py:3096} INFO - Sync 1 DAGs
[2024-06-26T06:22:52.996+0000] {logging_mixin.py:188} INFO - [2024-06-26T06:22:52.995+0000] {dag.py:3954} INFO - Setting next_dagrun for example_bash_operator to 2024-06-25 00:00:00+00:00, run_after=2024-06-26 00:00:00+00:00
[2024-06-26T06:22:53.583+0000] {processor.py:183} INFO - Processing /home/airflow/.local/lib/python3.12/site-packages/airflow/example_dags/example_bash_operator.py took 1.916 seconds
[2024-06-26T06:23:40.971+0000] {processor.py:161} INFO - Started process (PID=200) to work on /home/airflow/.local/lib/python3.12/site-packages/airflow/example_dags/example_bash_operator.py
[2024-06-26T06:23:41.038+0000] {processor.py:830} INFO - Processing file /home/airflow/.local/lib/python3.12/site-packages/airflow/example_dags/example_bash_operator.py for tasks to queue
[2024-06-26T06:23:41.069+0000] {logging_mixin.py:188} INFO - [2024-06-26T06:23:41.068+0000] {dagbag.py:545} INFO - Filling up the DagBag from /home/airflow/.local/lib/python3.12/site-packages/airflow/example_dags/example_bash_operator.py
[2024-06-26T06:23:41.266+0000] {processor.py:840} INFO - DAG(s) 'example_bash_operator' retrieved from /home/airflow/.local/lib/python3.12/site-packages/airflow/example_dags/example_bash_operator.py
[2024-06-26T06:23:43.073+0000] {logging_mixin.py:188} INFO - [2024-06-26T06:23:43.072+0000] {dag.py:3096} INFO - Sync 1 DAGs
[2024-06-26T06:23:43.486+0000] {logging_mixin.py:188} INFO - [2024-06-26T06:23:43.485+0000] {dag.py:3954} INFO - Setting next_dagrun for example_bash_operator to 2024-06-25 00:00:00+00:00, run_after=2024-06-26 00:00:00+00:00
[2024-06-26T06:23:43.766+0000] {processor.py:183} INFO - Processing /home/airflow/.local/lib/python3.12/site-packages/airflow/example_dags/example_bash_operator.py took 2.875 seconds
[2024-06-26T06:24:54.138+0000] {processor.py:161} INFO - Started process (PID=252) to work on /home/airflow/.local/lib/python3.12/site-packages/airflow/example_dags/example_bash_operator.py
[2024-06-26T06:24:54.249+0000] {processor.py:830} INFO - Processing file /home/airflow/.local/lib/python3.12/site-packages/airflow/example_dags/example_bash_operator.py for tasks to queue
[2024-06-26T06:24:54.283+0000] {logging_mixin.py:188} INFO - [2024-06-26T06:24:54.267+0000] {dagbag.py:545} INFO - Filling up the DagBag from /home/airflow/.local/lib/python3.12/site-packages/airflow/example_dags/example_bash_operator.py
[2024-06-26T06:24:54.434+0000] {processor.py:840} INFO - DAG(s) 'example_bash_operator' retrieved from /home/airflow/.local/lib/python3.12/site-packages/airflow/example_dags/example_bash_operator.py
[2024-06-26T06:24:54.994+0000] {logging_mixin.py:188} INFO - [2024-06-26T06:24:54.993+0000] {dag.py:3096} INFO - Sync 1 DAGs
[2024-06-26T06:24:55.374+0000] {logging_mixin.py:188} INFO - [2024-06-26T06:24:55.373+0000] {dag.py:3954} INFO - Setting next_dagrun for example_bash_operator to 2024-06-25 00:00:00+00:00, run_after=2024-06-26 00:00:00+00:00
[2024-06-26T06:24:55.659+0000] {processor.py:183} INFO - Processing /home/airflow/.local/lib/python3.12/site-packages/airflow/example_dags/example_bash_operator.py took 1.634 seconds
[2024-06-26T06:25:35.293+0000] {processor.py:161} INFO - Started process (PID=314) to work on /home/airflow/.local/lib/python3.12/site-packages/airflow/example_dags/example_bash_operator.py
[2024-06-26T06:25:35.297+0000] {processor.py:830} INFO - Processing file /home/airflow/.local/lib/python3.12/site-packages/airflow/example_dags/example_bash_operator.py for tasks to queue
[2024-06-26T06:25:35.305+0000] {logging_mixin.py:188} INFO - [2024-06-26T06:25:35.303+0000] {dagbag.py:545} INFO - Filling up the DagBag from /home/airflow/.local/lib/python3.12/site-packages/airflow/example_dags/example_bash_operator.py
[2024-06-26T06:25:35.357+0000] {processor.py:840} INFO - DAG(s) 'example_bash_operator' retrieved from /home/airflow/.local/lib/python3.12/site-packages/airflow/example_dags/example_bash_operator.py
[2024-06-26T06:25:35.474+0000] {logging_mixin.py:188} INFO - [2024-06-26T06:25:35.473+0000] {dag.py:3096} INFO - Sync 1 DAGs
[2024-06-26T06:25:35.558+0000] {logging_mixin.py:188} INFO - [2024-06-26T06:25:35.557+0000] {dag.py:3954} INFO - Setting next_dagrun for example_bash_operator to 2024-06-25 00:00:00+00:00, run_after=2024-06-26 00:00:00+00:00
[2024-06-26T06:25:35.632+0000] {processor.py:183} INFO - Processing /home/airflow/.local/lib/python3.12/site-packages/airflow/example_dags/example_bash_operator.py took 0.360 seconds
[2024-06-26T06:26:05.918+0000] {processor.py:161} INFO - Started process (PID=376) to work on /home/airflow/.local/lib/python3.12/site-packages/airflow/example_dags/example_bash_operator.py
[2024-06-26T06:26:05.922+0000] {processor.py:830} INFO - Processing file /home/airflow/.local/lib/python3.12/site-packages/airflow/example_dags/example_bash_operator.py for tasks to queue
[2024-06-26T06:26:05.931+0000] {logging_mixin.py:188} INFO - [2024-06-26T06:26:05.930+0000] {dagbag.py:545} INFO - Filling up the DagBag from /home/airflow/.local/lib/python3.12/site-packages/airflow/example_dags/example_bash_operator.py
[2024-06-26T06:26:05.972+0000] {processor.py:840} INFO - DAG(s) 'example_bash_operator' retrieved from /home/airflow/.local/lib/python3.12/site-packages/airflow/example_dags/example_bash_operator.py
[2024-06-26T06:26:06.096+0000] {logging_mixin.py:188} INFO - [2024-06-26T06:26:06.095+0000] {dag.py:3096} INFO - Sync 1 DAGs
[2024-06-26T06:26:06.195+0000] {logging_mixin.py:188} INFO - [2024-06-26T06:26:06.194+0000] {dag.py:3954} INFO - Setting next_dagrun for example_bash_operator to 2024-06-25 00:00:00+00:00, run_after=2024-06-26 00:00:00+00:00
[2024-06-26T06:26:06.281+0000] {processor.py:183} INFO - Processing /home/airflow/.local/lib/python3.12/site-packages/airflow/example_dags/example_bash_operator.py took 0.379 seconds
[2024-06-26T06:40:23.412+0000] {processor.py:161} INFO - Started process (PID=70) to work on /home/airflow/.local/lib/python3.12/site-packages/airflow/example_dags/example_bash_operator.py
[2024-06-26T06:40:23.429+0000] {processor.py:830} INFO - Processing file /home/airflow/.local/lib/python3.12/site-packages/airflow/example_dags/example_bash_operator.py for tasks to queue
[2024-06-26T06:40:23.461+0000] {logging_mixin.py:188} INFO - [2024-06-26T06:40:23.448+0000] {dagbag.py:545} INFO - Filling up the DagBag from /home/airflow/.local/lib/python3.12/site-packages/airflow/example_dags/example_bash_operator.py
[2024-06-26T06:40:23.678+0000] {processor.py:840} INFO - DAG(s) 'example_bash_operator' retrieved from /home/airflow/.local/lib/python3.12/site-packages/airflow/example_dags/example_bash_operator.py
[2024-06-26T06:40:25.447+0000] {logging_mixin.py:188} INFO - [2024-06-26T06:40:25.439+0000] {dag.py:3096} INFO - Sync 1 DAGs
[2024-06-26T06:40:25.738+0000] {logging_mixin.py:188} INFO - [2024-06-26T06:40:25.737+0000] {dag.py:3954} INFO - Setting next_dagrun for example_bash_operator to 2024-06-25 00:00:00+00:00, run_after=2024-06-26 00:00:00+00:00
[2024-06-26T06:40:26.029+0000] {processor.py:183} INFO - Processing /home/airflow/.local/lib/python3.12/site-packages/airflow/example_dags/example_bash_operator.py took 2.666 seconds
[2024-06-26T06:41:13.575+0000] {processor.py:161} INFO - Started process (PID=139) to work on /home/airflow/.local/lib/python3.12/site-packages/airflow/example_dags/example_bash_operator.py
[2024-06-26T06:41:13.579+0000] {processor.py:830} INFO - Processing file /home/airflow/.local/lib/python3.12/site-packages/airflow/example_dags/example_bash_operator.py for tasks to queue
[2024-06-26T06:41:13.587+0000] {logging_mixin.py:188} INFO - [2024-06-26T06:41:13.585+0000] {dagbag.py:545} INFO - Filling up the DagBag from /home/airflow/.local/lib/python3.12/site-packages/airflow/example_dags/example_bash_operator.py
[2024-06-26T06:41:13.637+0000] {processor.py:840} INFO - DAG(s) 'example_bash_operator' retrieved from /home/airflow/.local/lib/python3.12/site-packages/airflow/example_dags/example_bash_operator.py
[2024-06-26T06:41:13.740+0000] {logging_mixin.py:188} INFO - [2024-06-26T06:41:13.739+0000] {dag.py:3096} INFO - Sync 1 DAGs
[2024-06-26T06:41:13.846+0000] {logging_mixin.py:188} INFO - [2024-06-26T06:41:13.845+0000] {dag.py:3954} INFO - Setting next_dagrun for example_bash_operator to 2024-06-25 00:00:00+00:00, run_after=2024-06-26 00:00:00+00:00
[2024-06-26T06:41:13.945+0000] {processor.py:183} INFO - Processing /home/airflow/.local/lib/python3.12/site-packages/airflow/example_dags/example_bash_operator.py took 0.397 seconds
[2024-06-26T06:41:44.172+0000] {processor.py:161} INFO - Started process (PID=201) to work on /home/airflow/.local/lib/python3.12/site-packages/airflow/example_dags/example_bash_operator.py
[2024-06-26T06:41:44.174+0000] {processor.py:830} INFO - Processing file /home/airflow/.local/lib/python3.12/site-packages/airflow/example_dags/example_bash_operator.py for tasks to queue
[2024-06-26T06:41:44.179+0000] {logging_mixin.py:188} INFO - [2024-06-26T06:41:44.178+0000] {dagbag.py:545} INFO - Filling up the DagBag from /home/airflow/.local/lib/python3.12/site-packages/airflow/example_dags/example_bash_operator.py
[2024-06-26T06:41:44.208+0000] {processor.py:840} INFO - DAG(s) 'example_bash_operator' retrieved from /home/airflow/.local/lib/python3.12/site-packages/airflow/example_dags/example_bash_operator.py
[2024-06-26T06:41:44.288+0000] {logging_mixin.py:188} INFO - [2024-06-26T06:41:44.287+0000] {dag.py:3096} INFO - Sync 1 DAGs
[2024-06-26T06:41:44.350+0000] {logging_mixin.py:188} INFO - [2024-06-26T06:41:44.349+0000] {dag.py:3954} INFO - Setting next_dagrun for example_bash_operator to 2024-06-25 00:00:00+00:00, run_after=2024-06-26 00:00:00+00:00
[2024-06-26T06:41:44.398+0000] {processor.py:183} INFO - Processing /home/airflow/.local/lib/python3.12/site-packages/airflow/example_dags/example_bash_operator.py took 0.240 seconds
[2024-06-26T06:42:14.504+0000] {processor.py:161} INFO - Started process (PID=263) to work on /home/airflow/.local/lib/python3.12/site-packages/airflow/example_dags/example_bash_operator.py
[2024-06-26T06:42:14.505+0000] {processor.py:830} INFO - Processing file /home/airflow/.local/lib/python3.12/site-packages/airflow/example_dags/example_bash_operator.py for tasks to queue
[2024-06-26T06:42:14.508+0000] {logging_mixin.py:188} INFO - [2024-06-26T06:42:14.508+0000] {dagbag.py:545} INFO - Filling up the DagBag from /home/airflow/.local/lib/python3.12/site-packages/airflow/example_dags/example_bash_operator.py
[2024-06-26T06:42:14.526+0000] {processor.py:840} INFO - DAG(s) 'example_bash_operator' retrieved from /home/airflow/.local/lib/python3.12/site-packages/airflow/example_dags/example_bash_operator.py
[2024-06-26T06:42:14.569+0000] {logging_mixin.py:188} INFO - [2024-06-26T06:42:14.568+0000] {dag.py:3096} INFO - Sync 1 DAGs
[2024-06-26T06:42:14.602+0000] {logging_mixin.py:188} INFO - [2024-06-26T06:42:14.602+0000] {dag.py:3954} INFO - Setting next_dagrun for example_bash_operator to 2024-06-25 00:00:00+00:00, run_after=2024-06-26 00:00:00+00:00
[2024-06-26T06:42:14.633+0000] {processor.py:183} INFO - Processing /home/airflow/.local/lib/python3.12/site-packages/airflow/example_dags/example_bash_operator.py took 0.137 seconds
[2024-06-26T06:42:45.074+0000] {processor.py:161} INFO - Started process (PID=325) to work on /home/airflow/.local/lib/python3.12/site-packages/airflow/example_dags/example_bash_operator.py
[2024-06-26T06:42:45.076+0000] {processor.py:830} INFO - Processing file /home/airflow/.local/lib/python3.12/site-packages/airflow/example_dags/example_bash_operator.py for tasks to queue
[2024-06-26T06:42:45.080+0000] {logging_mixin.py:188} INFO - [2024-06-26T06:42:45.079+0000] {dagbag.py:545} INFO - Filling up the DagBag from /home/airflow/.local/lib/python3.12/site-packages/airflow/example_dags/example_bash_operator.py
[2024-06-26T06:42:45.099+0000] {processor.py:840} INFO - DAG(s) 'example_bash_operator' retrieved from /home/airflow/.local/lib/python3.12/site-packages/airflow/example_dags/example_bash_operator.py
[2024-06-26T06:42:45.146+0000] {logging_mixin.py:188} INFO - [2024-06-26T06:42:45.146+0000] {dag.py:3096} INFO - Sync 1 DAGs
[2024-06-26T06:42:45.186+0000] {logging_mixin.py:188} INFO - [2024-06-26T06:42:45.185+0000] {dag.py:3954} INFO - Setting next_dagrun for example_bash_operator to 2024-06-25 00:00:00+00:00, run_after=2024-06-26 00:00:00+00:00
[2024-06-26T06:42:45.222+0000] {processor.py:183} INFO - Processing /home/airflow/.local/lib/python3.12/site-packages/airflow/example_dags/example_bash_operator.py took 0.158 seconds
[2024-06-26T06:43:17.543+0000] {processor.py:161} INFO - Started process (PID=387) to work on /home/airflow/.local/lib/python3.12/site-packages/airflow/example_dags/example_bash_operator.py
[2024-06-26T06:43:17.547+0000] {processor.py:830} INFO - Processing file /home/airflow/.local/lib/python3.12/site-packages/airflow/example_dags/example_bash_operator.py for tasks to queue
[2024-06-26T06:43:17.554+0000] {logging_mixin.py:188} INFO - [2024-06-26T06:43:17.552+0000] {dagbag.py:545} INFO - Filling up the DagBag from /home/airflow/.local/lib/python3.12/site-packages/airflow/example_dags/example_bash_operator.py
[2024-06-26T06:43:17.600+0000] {processor.py:840} INFO - DAG(s) 'example_bash_operator' retrieved from /home/airflow/.local/lib/python3.12/site-packages/airflow/example_dags/example_bash_operator.py
[2024-06-26T06:43:17.747+0000] {logging_mixin.py:188} INFO - [2024-06-26T06:43:17.747+0000] {dag.py:3096} INFO - Sync 1 DAGs
[2024-06-26T06:43:17.856+0000] {logging_mixin.py:188} INFO - [2024-06-26T06:43:17.855+0000] {dag.py:3954} INFO - Setting next_dagrun for example_bash_operator to 2024-06-25 00:00:00+00:00, run_after=2024-06-26 00:00:00+00:00
[2024-06-26T06:43:17.943+0000] {processor.py:183} INFO - Processing /home/airflow/.local/lib/python3.12/site-packages/airflow/example_dags/example_bash_operator.py took 0.418 seconds
[2024-06-26T06:43:48.092+0000] {processor.py:161} INFO - Started process (PID=449) to work on /home/airflow/.local/lib/python3.12/site-packages/airflow/example_dags/example_bash_operator.py
[2024-06-26T06:43:48.095+0000] {processor.py:830} INFO - Processing file /home/airflow/.local/lib/python3.12/site-packages/airflow/example_dags/example_bash_operator.py for tasks to queue
[2024-06-26T06:43:48.099+0000] {logging_mixin.py:188} INFO - [2024-06-26T06:43:48.098+0000] {dagbag.py:545} INFO - Filling up the DagBag from /home/airflow/.local/lib/python3.12/site-packages/airflow/example_dags/example_bash_operator.py
[2024-06-26T06:43:48.124+0000] {processor.py:840} INFO - DAG(s) 'example_bash_operator' retrieved from /home/airflow/.local/lib/python3.12/site-packages/airflow/example_dags/example_bash_operator.py
[2024-06-26T06:43:48.184+0000] {logging_mixin.py:188} INFO - [2024-06-26T06:43:48.184+0000] {dag.py:3096} INFO - Sync 1 DAGs
[2024-06-26T06:43:48.236+0000] {logging_mixin.py:188} INFO - [2024-06-26T06:43:48.235+0000] {dag.py:3954} INFO - Setting next_dagrun for example_bash_operator to 2024-06-25 00:00:00+00:00, run_after=2024-06-26 00:00:00+00:00
[2024-06-26T06:43:48.281+0000] {processor.py:183} INFO - Processing /home/airflow/.local/lib/python3.12/site-packages/airflow/example_dags/example_bash_operator.py took 0.201 seconds
[2024-06-26T06:44:21.287+0000] {processor.py:161} INFO - Started process (PID=511) to work on /home/airflow/.local/lib/python3.12/site-packages/airflow/example_dags/example_bash_operator.py
[2024-06-26T06:44:21.296+0000] {processor.py:830} INFO - Processing file /home/airflow/.local/lib/python3.12/site-packages/airflow/example_dags/example_bash_operator.py for tasks to queue
[2024-06-26T06:44:21.307+0000] {logging_mixin.py:188} INFO - [2024-06-26T06:44:21.306+0000] {dagbag.py:545} INFO - Filling up the DagBag from /home/airflow/.local/lib/python3.12/site-packages/airflow/example_dags/example_bash_operator.py
[2024-06-26T06:44:21.448+0000] {processor.py:840} INFO - DAG(s) 'example_bash_operator' retrieved from /home/airflow/.local/lib/python3.12/site-packages/airflow/example_dags/example_bash_operator.py
[2024-06-26T06:44:21.840+0000] {logging_mixin.py:188} INFO - [2024-06-26T06:44:21.828+0000] {dag.py:3096} INFO - Sync 1 DAGs
[2024-06-26T06:44:22.117+0000] {logging_mixin.py:188} INFO - [2024-06-26T06:44:22.116+0000] {dag.py:3954} INFO - Setting next_dagrun for example_bash_operator to 2024-06-25 00:00:00+00:00, run_after=2024-06-26 00:00:00+00:00
[2024-06-26T06:44:22.440+0000] {processor.py:183} INFO - Processing /home/airflow/.local/lib/python3.12/site-packages/airflow/example_dags/example_bash_operator.py took 1.186 seconds
[2024-06-26T06:45:05.498+0000] {processor.py:161} INFO - Started process (PID=572) to work on /home/airflow/.local/lib/python3.12/site-packages/airflow/example_dags/example_bash_operator.py
[2024-06-26T06:45:05.516+0000] {processor.py:830} INFO - Processing file /home/airflow/.local/lib/python3.12/site-packages/airflow/example_dags/example_bash_operator.py for tasks to queue
[2024-06-26T06:45:05.529+0000] {logging_mixin.py:188} INFO - [2024-06-26T06:45:05.521+0000] {dagbag.py:545} INFO - Filling up the DagBag from /home/airflow/.local/lib/python3.12/site-packages/airflow/example_dags/example_bash_operator.py
[2024-06-26T06:45:05.696+0000] {processor.py:840} INFO - DAG(s) 'example_bash_operator' retrieved from /home/airflow/.local/lib/python3.12/site-packages/airflow/example_dags/example_bash_operator.py
[2024-06-26T06:45:06.158+0000] {logging_mixin.py:188} INFO - [2024-06-26T06:45:06.157+0000] {dag.py:3096} INFO - Sync 1 DAGs
[2024-06-26T06:45:06.562+0000] {logging_mixin.py:188} INFO - [2024-06-26T06:45:06.561+0000] {dag.py:3954} INFO - Setting next_dagrun for example_bash_operator to 2024-06-25 00:00:00+00:00, run_after=2024-06-26 00:00:00+00:00
[2024-06-26T06:45:06.875+0000] {processor.py:183} INFO - Processing /home/airflow/.local/lib/python3.12/site-packages/airflow/example_dags/example_bash_operator.py took 1.432 seconds
[2024-06-26T06:46:04.714+0000] {processor.py:161} INFO - Started process (PID=631) to work on /home/airflow/.local/lib/python3.12/site-packages/airflow/example_dags/example_bash_operator.py
[2024-06-26T06:46:04.748+0000] {processor.py:830} INFO - Processing file /home/airflow/.local/lib/python3.12/site-packages/airflow/example_dags/example_bash_operator.py for tasks to queue
[2024-06-26T06:46:04.868+0000] {logging_mixin.py:188} INFO - [2024-06-26T06:46:04.867+0000] {dagbag.py:545} INFO - Filling up the DagBag from /home/airflow/.local/lib/python3.12/site-packages/airflow/example_dags/example_bash_operator.py
[2024-06-26T06:46:05.110+0000] {processor.py:840} INFO - DAG(s) 'example_bash_operator' retrieved from /home/airflow/.local/lib/python3.12/site-packages/airflow/example_dags/example_bash_operator.py
[2024-06-26T06:46:05.652+0000] {logging_mixin.py:188} INFO - [2024-06-26T06:46:05.652+0000] {dag.py:3096} INFO - Sync 1 DAGs
[2024-06-26T06:46:06.004+0000] {logging_mixin.py:188} INFO - [2024-06-26T06:46:06.003+0000] {dag.py:3954} INFO - Setting next_dagrun for example_bash_operator to 2024-06-25 00:00:00+00:00, run_after=2024-06-26 00:00:00+00:00
[2024-06-26T06:46:06.337+0000] {processor.py:183} INFO - Processing /home/airflow/.local/lib/python3.12/site-packages/airflow/example_dags/example_bash_operator.py took 1.720 seconds
[2024-06-26T06:47:08.701+0000] {processor.py:161} INFO - Started process (PID=700) to work on /home/airflow/.local/lib/python3.12/site-packages/airflow/example_dags/example_bash_operator.py
[2024-06-26T06:47:08.716+0000] {processor.py:830} INFO - Processing file /home/airflow/.local/lib/python3.12/site-packages/airflow/example_dags/example_bash_operator.py for tasks to queue
[2024-06-26T06:47:08.762+0000] {logging_mixin.py:188} INFO - [2024-06-26T06:47:08.760+0000] {dagbag.py:545} INFO - Filling up the DagBag from /home/airflow/.local/lib/python3.12/site-packages/airflow/example_dags/example_bash_operator.py
[2024-06-26T06:47:08.968+0000] {processor.py:840} INFO - DAG(s) 'example_bash_operator' retrieved from /home/airflow/.local/lib/python3.12/site-packages/airflow/example_dags/example_bash_operator.py
[2024-06-26T06:47:09.467+0000] {logging_mixin.py:188} INFO - [2024-06-26T06:47:09.467+0000] {dag.py:3096} INFO - Sync 1 DAGs
[2024-06-26T06:47:09.892+0000] {logging_mixin.py:188} INFO - [2024-06-26T06:47:09.891+0000] {dag.py:3954} INFO - Setting next_dagrun for example_bash_operator to 2024-06-25 00:00:00+00:00, run_after=2024-06-26 00:00:00+00:00
[2024-06-26T06:47:10.215+0000] {processor.py:183} INFO - Processing /home/airflow/.local/lib/python3.12/site-packages/airflow/example_dags/example_bash_operator.py took 1.607 seconds
[2024-06-26T06:47:57.351+0000] {processor.py:161} INFO - Started process (PID=768) to work on /home/airflow/.local/lib/python3.12/site-packages/airflow/example_dags/example_bash_operator.py
[2024-06-26T06:47:57.368+0000] {processor.py:830} INFO - Processing file /home/airflow/.local/lib/python3.12/site-packages/airflow/example_dags/example_bash_operator.py for tasks to queue
[2024-06-26T06:47:57.401+0000] {logging_mixin.py:188} INFO - [2024-06-26T06:47:57.399+0000] {dagbag.py:545} INFO - Filling up the DagBag from /home/airflow/.local/lib/python3.12/site-packages/airflow/example_dags/example_bash_operator.py
[2024-06-26T06:47:57.544+0000] {processor.py:840} INFO - DAG(s) 'example_bash_operator' retrieved from /home/airflow/.local/lib/python3.12/site-packages/airflow/example_dags/example_bash_operator.py
[2024-06-26T06:47:57.883+0000] {logging_mixin.py:188} INFO - [2024-06-26T06:47:57.882+0000] {dag.py:3096} INFO - Sync 1 DAGs
[2024-06-26T06:47:58.205+0000] {logging_mixin.py:188} INFO - [2024-06-26T06:47:58.194+0000] {dag.py:3954} INFO - Setting next_dagrun for example_bash_operator to 2024-06-25 00:00:00+00:00, run_after=2024-06-26 00:00:00+00:00
[2024-06-26T06:47:58.490+0000] {processor.py:183} INFO - Processing /home/airflow/.local/lib/python3.12/site-packages/airflow/example_dags/example_bash_operator.py took 1.208 seconds
[2024-06-26T06:48:32.181+0000] {processor.py:161} INFO - Started process (PID=829) to work on /home/airflow/.local/lib/python3.12/site-packages/airflow/example_dags/example_bash_operator.py
[2024-06-26T06:48:32.184+0000] {processor.py:830} INFO - Processing file /home/airflow/.local/lib/python3.12/site-packages/airflow/example_dags/example_bash_operator.py for tasks to queue
[2024-06-26T06:48:32.192+0000] {logging_mixin.py:188} INFO - [2024-06-26T06:48:32.191+0000] {dagbag.py:545} INFO - Filling up the DagBag from /home/airflow/.local/lib/python3.12/site-packages/airflow/example_dags/example_bash_operator.py
[2024-06-26T06:48:32.234+0000] {processor.py:840} INFO - DAG(s) 'example_bash_operator' retrieved from /home/airflow/.local/lib/python3.12/site-packages/airflow/example_dags/example_bash_operator.py
[2024-06-26T06:48:32.354+0000] {logging_mixin.py:188} INFO - [2024-06-26T06:48:32.353+0000] {dag.py:3096} INFO - Sync 1 DAGs
[2024-06-26T06:48:32.471+0000] {logging_mixin.py:188} INFO - [2024-06-26T06:48:32.467+0000] {dag.py:3954} INFO - Setting next_dagrun for example_bash_operator to 2024-06-25 00:00:00+00:00, run_after=2024-06-26 00:00:00+00:00
[2024-06-26T06:48:32.673+0000] {processor.py:183} INFO - Processing /home/airflow/.local/lib/python3.12/site-packages/airflow/example_dags/example_bash_operator.py took 0.519 seconds
[2024-06-26T06:49:03.312+0000] {processor.py:161} INFO - Started process (PID=891) to work on /home/airflow/.local/lib/python3.12/site-packages/airflow/example_dags/example_bash_operator.py
[2024-06-26T06:49:03.317+0000] {processor.py:830} INFO - Processing file /home/airflow/.local/lib/python3.12/site-packages/airflow/example_dags/example_bash_operator.py for tasks to queue
[2024-06-26T06:49:03.328+0000] {logging_mixin.py:188} INFO - [2024-06-26T06:49:03.325+0000] {dagbag.py:545} INFO - Filling up the DagBag from /home/airflow/.local/lib/python3.12/site-packages/airflow/example_dags/example_bash_operator.py
[2024-06-26T06:49:03.373+0000] {processor.py:840} INFO - DAG(s) 'example_bash_operator' retrieved from /home/airflow/.local/lib/python3.12/site-packages/airflow/example_dags/example_bash_operator.py
[2024-06-26T06:49:03.530+0000] {logging_mixin.py:188} INFO - [2024-06-26T06:49:03.529+0000] {dag.py:3096} INFO - Sync 1 DAGs
[2024-06-26T06:49:03.623+0000] {logging_mixin.py:188} INFO - [2024-06-26T06:49:03.622+0000] {dag.py:3954} INFO - Setting next_dagrun for example_bash_operator to 2024-06-25 00:00:00+00:00, run_after=2024-06-26 00:00:00+00:00
[2024-06-26T06:49:03.698+0000] {processor.py:183} INFO - Processing /home/airflow/.local/lib/python3.12/site-packages/airflow/example_dags/example_bash_operator.py took 0.406 seconds
[2024-06-26T06:49:44.966+0000] {processor.py:161} INFO - Started process (PID=946) to work on /home/airflow/.local/lib/python3.12/site-packages/airflow/example_dags/example_bash_operator.py
[2024-06-26T06:49:45.106+0000] {processor.py:830} INFO - Processing file /home/airflow/.local/lib/python3.12/site-packages/airflow/example_dags/example_bash_operator.py for tasks to queue
[2024-06-26T06:49:45.117+0000] {logging_mixin.py:188} INFO - [2024-06-26T06:49:45.116+0000] {dagbag.py:545} INFO - Filling up the DagBag from /home/airflow/.local/lib/python3.12/site-packages/airflow/example_dags/example_bash_operator.py
[2024-06-26T06:49:45.178+0000] {processor.py:840} INFO - DAG(s) 'example_bash_operator' retrieved from /home/airflow/.local/lib/python3.12/site-packages/airflow/example_dags/example_bash_operator.py
[2024-06-26T06:49:45.491+0000] {logging_mixin.py:188} INFO - [2024-06-26T06:49:45.480+0000] {dag.py:3096} INFO - Sync 1 DAGs
[2024-06-26T06:49:45.789+0000] {logging_mixin.py:188} INFO - [2024-06-26T06:49:45.788+0000] {dag.py:3954} INFO - Setting next_dagrun for example_bash_operator to 2024-06-25 00:00:00+00:00, run_after=2024-06-26 00:00:00+00:00
[2024-06-26T06:49:46.451+0000] {processor.py:183} INFO - Processing /home/airflow/.local/lib/python3.12/site-packages/airflow/example_dags/example_bash_operator.py took 1.543 seconds
[2024-06-26T06:51:08.006+0000] {processor.py:161} INFO - Started process (PID=1019) to work on /home/airflow/.local/lib/python3.12/site-packages/airflow/example_dags/example_bash_operator.py
[2024-06-26T06:51:08.025+0000] {processor.py:830} INFO - Processing file /home/airflow/.local/lib/python3.12/site-packages/airflow/example_dags/example_bash_operator.py for tasks to queue
[2024-06-26T06:51:08.052+0000] {logging_mixin.py:188} INFO - [2024-06-26T06:51:08.050+0000] {dagbag.py:545} INFO - Filling up the DagBag from /home/airflow/.local/lib/python3.12/site-packages/airflow/example_dags/example_bash_operator.py
[2024-06-26T06:51:08.280+0000] {processor.py:840} INFO - DAG(s) 'example_bash_operator' retrieved from /home/airflow/.local/lib/python3.12/site-packages/airflow/example_dags/example_bash_operator.py
[2024-06-26T06:51:08.833+0000] {logging_mixin.py:188} INFO - [2024-06-26T06:51:08.822+0000] {dag.py:3096} INFO - Sync 1 DAGs
[2024-06-26T06:51:09.164+0000] {logging_mixin.py:188} INFO - [2024-06-26T06:51:09.151+0000] {dag.py:3954} INFO - Setting next_dagrun for example_bash_operator to 2024-06-25 00:00:00+00:00, run_after=2024-06-26 00:00:00+00:00
[2024-06-26T06:51:09.446+0000] {processor.py:183} INFO - Processing /home/airflow/.local/lib/python3.12/site-packages/airflow/example_dags/example_bash_operator.py took 1.496 seconds
[2024-06-26T06:51:53.825+0000] {processor.py:161} INFO - Started process (PID=1085) to work on /home/airflow/.local/lib/python3.12/site-packages/airflow/example_dags/example_bash_operator.py
[2024-06-26T06:51:53.882+0000] {processor.py:830} INFO - Processing file /home/airflow/.local/lib/python3.12/site-packages/airflow/example_dags/example_bash_operator.py for tasks to queue
[2024-06-26T06:51:53.932+0000] {logging_mixin.py:188} INFO - [2024-06-26T06:51:53.931+0000] {dagbag.py:545} INFO - Filling up the DagBag from /home/airflow/.local/lib/python3.12/site-packages/airflow/example_dags/example_bash_operator.py
[2024-06-26T06:51:54.133+0000] {processor.py:840} INFO - DAG(s) 'example_bash_operator' retrieved from /home/airflow/.local/lib/python3.12/site-packages/airflow/example_dags/example_bash_operator.py
[2024-06-26T06:51:54.461+0000] {logging_mixin.py:188} INFO - [2024-06-26T06:51:54.460+0000] {dag.py:3096} INFO - Sync 1 DAGs
[2024-06-26T06:51:54.861+0000] {logging_mixin.py:188} INFO - [2024-06-26T06:51:54.860+0000] {dag.py:3954} INFO - Setting next_dagrun for example_bash_operator to 2024-06-25 00:00:00+00:00, run_after=2024-06-26 00:00:00+00:00
[2024-06-26T06:51:55.122+0000] {processor.py:183} INFO - Processing /home/airflow/.local/lib/python3.12/site-packages/airflow/example_dags/example_bash_operator.py took 1.354 seconds
[2024-06-26T06:52:25.460+0000] {processor.py:161} INFO - Started process (PID=1147) to work on /home/airflow/.local/lib/python3.12/site-packages/airflow/example_dags/example_bash_operator.py
[2024-06-26T06:52:25.462+0000] {processor.py:830} INFO - Processing file /home/airflow/.local/lib/python3.12/site-packages/airflow/example_dags/example_bash_operator.py for tasks to queue
[2024-06-26T06:52:25.464+0000] {logging_mixin.py:188} INFO - [2024-06-26T06:52:25.463+0000] {dagbag.py:545} INFO - Filling up the DagBag from /home/airflow/.local/lib/python3.12/site-packages/airflow/example_dags/example_bash_operator.py
[2024-06-26T06:52:25.474+0000] {processor.py:840} INFO - DAG(s) 'example_bash_operator' retrieved from /home/airflow/.local/lib/python3.12/site-packages/airflow/example_dags/example_bash_operator.py
[2024-06-26T06:52:25.503+0000] {logging_mixin.py:188} INFO - [2024-06-26T06:52:25.503+0000] {dag.py:3096} INFO - Sync 1 DAGs
[2024-06-26T06:52:25.526+0000] {logging_mixin.py:188} INFO - [2024-06-26T06:52:25.526+0000] {dag.py:3954} INFO - Setting next_dagrun for example_bash_operator to 2024-06-25 00:00:00+00:00, run_after=2024-06-26 00:00:00+00:00
[2024-06-26T06:52:25.550+0000] {processor.py:183} INFO - Processing /home/airflow/.local/lib/python3.12/site-packages/airflow/example_dags/example_bash_operator.py took 0.096 seconds
[2024-06-26T06:52:56.106+0000] {processor.py:161} INFO - Started process (PID=1209) to work on /home/airflow/.local/lib/python3.12/site-packages/airflow/example_dags/example_bash_operator.py
[2024-06-26T06:52:56.108+0000] {processor.py:830} INFO - Processing file /home/airflow/.local/lib/python3.12/site-packages/airflow/example_dags/example_bash_operator.py for tasks to queue
[2024-06-26T06:52:56.111+0000] {logging_mixin.py:188} INFO - [2024-06-26T06:52:56.110+0000] {dagbag.py:545} INFO - Filling up the DagBag from /home/airflow/.local/lib/python3.12/site-packages/airflow/example_dags/example_bash_operator.py
[2024-06-26T06:52:56.127+0000] {processor.py:840} INFO - DAG(s) 'example_bash_operator' retrieved from /home/airflow/.local/lib/python3.12/site-packages/airflow/example_dags/example_bash_operator.py
[2024-06-26T06:52:56.168+0000] {logging_mixin.py:188} INFO - [2024-06-26T06:52:56.168+0000] {dag.py:3096} INFO - Sync 1 DAGs
[2024-06-26T06:52:56.202+0000] {logging_mixin.py:188} INFO - [2024-06-26T06:52:56.202+0000] {dag.py:3954} INFO - Setting next_dagrun for example_bash_operator to 2024-06-25 00:00:00+00:00, run_after=2024-06-26 00:00:00+00:00
[2024-06-26T06:52:56.234+0000] {processor.py:183} INFO - Processing /home/airflow/.local/lib/python3.12/site-packages/airflow/example_dags/example_bash_operator.py took 0.136 seconds
[2024-06-26T06:53:26.494+0000] {processor.py:161} INFO - Started process (PID=1271) to work on /home/airflow/.local/lib/python3.12/site-packages/airflow/example_dags/example_bash_operator.py
[2024-06-26T06:53:26.496+0000] {processor.py:830} INFO - Processing file /home/airflow/.local/lib/python3.12/site-packages/airflow/example_dags/example_bash_operator.py for tasks to queue
[2024-06-26T06:53:26.501+0000] {logging_mixin.py:188} INFO - [2024-06-26T06:53:26.500+0000] {dagbag.py:545} INFO - Filling up the DagBag from /home/airflow/.local/lib/python3.12/site-packages/airflow/example_dags/example_bash_operator.py
[2024-06-26T06:53:26.519+0000] {processor.py:840} INFO - DAG(s) 'example_bash_operator' retrieved from /home/airflow/.local/lib/python3.12/site-packages/airflow/example_dags/example_bash_operator.py
[2024-06-26T06:53:26.572+0000] {logging_mixin.py:188} INFO - [2024-06-26T06:53:26.571+0000] {dag.py:3096} INFO - Sync 1 DAGs
[2024-06-26T06:53:26.611+0000] {logging_mixin.py:188} INFO - [2024-06-26T06:53:26.611+0000] {dag.py:3954} INFO - Setting next_dagrun for example_bash_operator to 2024-06-25 00:00:00+00:00, run_after=2024-06-26 00:00:00+00:00
[2024-06-26T06:53:26.650+0000] {processor.py:183} INFO - Processing /home/airflow/.local/lib/python3.12/site-packages/airflow/example_dags/example_bash_operator.py took 0.166 seconds
[2024-06-26T06:53:56.789+0000] {processor.py:161} INFO - Started process (PID=1333) to work on /home/airflow/.local/lib/python3.12/site-packages/airflow/example_dags/example_bash_operator.py
[2024-06-26T06:53:56.790+0000] {processor.py:830} INFO - Processing file /home/airflow/.local/lib/python3.12/site-packages/airflow/example_dags/example_bash_operator.py for tasks to queue
[2024-06-26T06:53:56.792+0000] {logging_mixin.py:188} INFO - [2024-06-26T06:53:56.791+0000] {dagbag.py:545} INFO - Filling up the DagBag from /home/airflow/.local/lib/python3.12/site-packages/airflow/example_dags/example_bash_operator.py
[2024-06-26T06:53:56.801+0000] {processor.py:840} INFO - DAG(s) 'example_bash_operator' retrieved from /home/airflow/.local/lib/python3.12/site-packages/airflow/example_dags/example_bash_operator.py
[2024-06-26T06:53:56.825+0000] {logging_mixin.py:188} INFO - [2024-06-26T06:53:56.825+0000] {dag.py:3096} INFO - Sync 1 DAGs
[2024-06-26T06:53:56.845+0000] {logging_mixin.py:188} INFO - [2024-06-26T06:53:56.845+0000] {dag.py:3954} INFO - Setting next_dagrun for example_bash_operator to 2024-06-25 00:00:00+00:00, run_after=2024-06-26 00:00:00+00:00
[2024-06-26T06:53:56.865+0000] {processor.py:183} INFO - Processing /home/airflow/.local/lib/python3.12/site-packages/airflow/example_dags/example_bash_operator.py took 0.081 seconds
[2024-06-26T06:55:06.860+0000] {processor.py:161} INFO - Started process (PID=1400) to work on /home/airflow/.local/lib/python3.12/site-packages/airflow/example_dags/example_bash_operator.py
[2024-06-26T06:55:06.876+0000] {processor.py:830} INFO - Processing file /home/airflow/.local/lib/python3.12/site-packages/airflow/example_dags/example_bash_operator.py for tasks to queue
[2024-06-26T06:55:06.889+0000] {logging_mixin.py:188} INFO - [2024-06-26T06:55:06.879+0000] {dagbag.py:545} INFO - Filling up the DagBag from /home/airflow/.local/lib/python3.12/site-packages/airflow/example_dags/example_bash_operator.py
[2024-06-26T06:55:08.534+0000] {processor.py:840} INFO - DAG(s) 'example_bash_operator' retrieved from /home/airflow/.local/lib/python3.12/site-packages/airflow/example_dags/example_bash_operator.py
[2024-06-26T06:55:09.649+0000] {logging_mixin.py:188} INFO - [2024-06-26T06:55:09.648+0000] {dag.py:3096} INFO - Sync 1 DAGs
[2024-06-26T06:55:09.991+0000] {logging_mixin.py:188} INFO - [2024-06-26T06:55:09.990+0000] {dag.py:3954} INFO - Setting next_dagrun for example_bash_operator to 2024-06-25 00:00:00+00:00, run_after=2024-06-26 00:00:00+00:00
[2024-06-26T06:55:10.752+0000] {processor.py:183} INFO - Processing /home/airflow/.local/lib/python3.12/site-packages/airflow/example_dags/example_bash_operator.py took 4.136 seconds
[2024-06-26T06:56:31.344+0000] {processor.py:161} INFO - Started process (PID=1481) to work on /home/airflow/.local/lib/python3.12/site-packages/airflow/example_dags/example_bash_operator.py
[2024-06-26T06:56:31.384+0000] {processor.py:830} INFO - Processing file /home/airflow/.local/lib/python3.12/site-packages/airflow/example_dags/example_bash_operator.py for tasks to queue
[2024-06-26T06:56:31.389+0000] {logging_mixin.py:188} INFO - [2024-06-26T06:56:31.388+0000] {dagbag.py:545} INFO - Filling up the DagBag from /home/airflow/.local/lib/python3.12/site-packages/airflow/example_dags/example_bash_operator.py
[2024-06-26T06:56:31.621+0000] {processor.py:840} INFO - DAG(s) 'example_bash_operator' retrieved from /home/airflow/.local/lib/python3.12/site-packages/airflow/example_dags/example_bash_operator.py
[2024-06-26T06:56:32.139+0000] {logging_mixin.py:188} INFO - [2024-06-26T06:56:32.127+0000] {dag.py:3096} INFO - Sync 1 DAGs
[2024-06-26T06:56:32.517+0000] {logging_mixin.py:188} INFO - [2024-06-26T06:56:32.516+0000] {dag.py:3954} INFO - Setting next_dagrun for example_bash_operator to 2024-06-25 00:00:00+00:00, run_after=2024-06-26 00:00:00+00:00
[2024-06-26T06:56:32.813+0000] {processor.py:183} INFO - Processing /home/airflow/.local/lib/python3.12/site-packages/airflow/example_dags/example_bash_operator.py took 1.548 seconds
[2024-06-26T06:57:24.263+0000] {processor.py:161} INFO - Started process (PID=1548) to work on /home/airflow/.local/lib/python3.12/site-packages/airflow/example_dags/example_bash_operator.py
[2024-06-26T06:57:24.277+0000] {processor.py:830} INFO - Processing file /home/airflow/.local/lib/python3.12/site-packages/airflow/example_dags/example_bash_operator.py for tasks to queue
[2024-06-26T06:57:24.319+0000] {logging_mixin.py:188} INFO - [2024-06-26T06:57:24.318+0000] {dagbag.py:545} INFO - Filling up the DagBag from /home/airflow/.local/lib/python3.12/site-packages/airflow/example_dags/example_bash_operator.py
[2024-06-26T06:57:24.550+0000] {processor.py:840} INFO - DAG(s) 'example_bash_operator' retrieved from /home/airflow/.local/lib/python3.12/site-packages/airflow/example_dags/example_bash_operator.py
[2024-06-26T06:57:24.989+0000] {logging_mixin.py:188} INFO - [2024-06-26T06:57:24.988+0000] {dag.py:3096} INFO - Sync 1 DAGs
[2024-06-26T06:57:25.349+0000] {logging_mixin.py:188} INFO - [2024-06-26T06:57:25.347+0000] {dag.py:3954} INFO - Setting next_dagrun for example_bash_operator to 2024-06-25 00:00:00+00:00, run_after=2024-06-26 00:00:00+00:00
[2024-06-26T06:57:25.635+0000] {processor.py:183} INFO - Processing /home/airflow/.local/lib/python3.12/site-packages/airflow/example_dags/example_bash_operator.py took 1.455 seconds
[2024-06-26T06:58:26.082+0000] {processor.py:161} INFO - Started process (PID=1617) to work on /home/airflow/.local/lib/python3.12/site-packages/airflow/example_dags/example_bash_operator.py
[2024-06-26T06:58:26.125+0000] {processor.py:830} INFO - Processing file /home/airflow/.local/lib/python3.12/site-packages/airflow/example_dags/example_bash_operator.py for tasks to queue
[2024-06-26T06:58:26.182+0000] {logging_mixin.py:188} INFO - [2024-06-26T06:58:26.180+0000] {dagbag.py:545} INFO - Filling up the DagBag from /home/airflow/.local/lib/python3.12/site-packages/airflow/example_dags/example_bash_operator.py
[2024-06-26T06:58:26.558+0000] {processor.py:840} INFO - DAG(s) 'example_bash_operator' retrieved from /home/airflow/.local/lib/python3.12/site-packages/airflow/example_dags/example_bash_operator.py
[2024-06-26T06:58:27.151+0000] {logging_mixin.py:188} INFO - [2024-06-26T06:58:27.140+0000] {dag.py:3096} INFO - Sync 1 DAGs
[2024-06-26T06:58:27.824+0000] {logging_mixin.py:188} INFO - [2024-06-26T06:58:27.823+0000] {dag.py:3954} INFO - Setting next_dagrun for example_bash_operator to 2024-06-25 00:00:00+00:00, run_after=2024-06-26 00:00:00+00:00
[2024-06-26T06:58:28.233+0000] {processor.py:183} INFO - Processing /home/airflow/.local/lib/python3.12/site-packages/airflow/example_dags/example_bash_operator.py took 2.205 seconds
[2024-06-26T06:59:06.204+0000] {processor.py:161} INFO - Started process (PID=1671) to work on /home/airflow/.local/lib/python3.12/site-packages/airflow/example_dags/example_bash_operator.py
[2024-06-26T06:59:06.261+0000] {processor.py:830} INFO - Processing file /home/airflow/.local/lib/python3.12/site-packages/airflow/example_dags/example_bash_operator.py for tasks to queue
[2024-06-26T06:59:06.296+0000] {logging_mixin.py:188} INFO - [2024-06-26T06:59:06.294+0000] {dagbag.py:545} INFO - Filling up the DagBag from /home/airflow/.local/lib/python3.12/site-packages/airflow/example_dags/example_bash_operator.py
[2024-06-26T06:59:06.428+0000] {processor.py:840} INFO - DAG(s) 'example_bash_operator' retrieved from /home/airflow/.local/lib/python3.12/site-packages/airflow/example_dags/example_bash_operator.py
[2024-06-26T06:59:06.814+0000] {logging_mixin.py:188} INFO - [2024-06-26T06:59:06.813+0000] {dag.py:3096} INFO - Sync 1 DAGs
[2024-06-26T06:59:07.196+0000] {logging_mixin.py:188} INFO - [2024-06-26T06:59:07.195+0000] {dag.py:3954} INFO - Setting next_dagrun for example_bash_operator to 2024-06-25 00:00:00+00:00, run_after=2024-06-26 00:00:00+00:00
[2024-06-26T06:59:07.460+0000] {processor.py:183} INFO - Processing /home/airflow/.local/lib/python3.12/site-packages/airflow/example_dags/example_bash_operator.py took 1.349 seconds
[2024-06-26T06:59:43.908+0000] {processor.py:161} INFO - Started process (PID=1738) to work on /home/airflow/.local/lib/python3.12/site-packages/airflow/example_dags/example_bash_operator.py
[2024-06-26T06:59:43.953+0000] {processor.py:830} INFO - Processing file /home/airflow/.local/lib/python3.12/site-packages/airflow/example_dags/example_bash_operator.py for tasks to queue
[2024-06-26T06:59:44.021+0000] {logging_mixin.py:188} INFO - [2024-06-26T06:59:44.019+0000] {dagbag.py:545} INFO - Filling up the DagBag from /home/airflow/.local/lib/python3.12/site-packages/airflow/example_dags/example_bash_operator.py
[2024-06-26T06:59:44.202+0000] {processor.py:840} INFO - DAG(s) 'example_bash_operator' retrieved from /home/airflow/.local/lib/python3.12/site-packages/airflow/example_dags/example_bash_operator.py
[2024-06-26T06:59:44.691+0000] {logging_mixin.py:188} INFO - [2024-06-26T06:59:44.689+0000] {dag.py:3096} INFO - Sync 1 DAGs
[2024-06-26T06:59:45.208+0000] {logging_mixin.py:188} INFO - [2024-06-26T06:59:45.207+0000] {dag.py:3954} INFO - Setting next_dagrun for example_bash_operator to 2024-06-25 00:00:00+00:00, run_after=2024-06-26 00:00:00+00:00
[2024-06-26T06:59:45.596+0000] {processor.py:183} INFO - Processing /home/airflow/.local/lib/python3.12/site-packages/airflow/example_dags/example_bash_operator.py took 1.793 seconds
[2024-06-26T07:00:16.228+0000] {processor.py:161} INFO - Started process (PID=1801) to work on /home/airflow/.local/lib/python3.12/site-packages/airflow/example_dags/example_bash_operator.py
[2024-06-26T07:00:16.238+0000] {processor.py:830} INFO - Processing file /home/airflow/.local/lib/python3.12/site-packages/airflow/example_dags/example_bash_operator.py for tasks to queue
[2024-06-26T07:00:16.244+0000] {logging_mixin.py:188} INFO - [2024-06-26T07:00:16.242+0000] {dagbag.py:545} INFO - Filling up the DagBag from /home/airflow/.local/lib/python3.12/site-packages/airflow/example_dags/example_bash_operator.py
[2024-06-26T07:00:16.326+0000] {processor.py:840} INFO - DAG(s) 'example_bash_operator' retrieved from /home/airflow/.local/lib/python3.12/site-packages/airflow/example_dags/example_bash_operator.py
[2024-06-26T07:00:16.514+0000] {logging_mixin.py:188} INFO - [2024-06-26T07:00:16.512+0000] {dag.py:3096} INFO - Sync 1 DAGs
[2024-06-26T07:00:16.633+0000] {logging_mixin.py:188} INFO - [2024-06-26T07:00:16.632+0000] {dag.py:3954} INFO - Setting next_dagrun for example_bash_operator to 2024-06-25 00:00:00+00:00, run_after=2024-06-26 00:00:00+00:00
[2024-06-26T07:00:16.740+0000] {processor.py:183} INFO - Processing /home/airflow/.local/lib/python3.12/site-packages/airflow/example_dags/example_bash_operator.py took 0.544 seconds
[2024-06-26T07:00:47.302+0000] {processor.py:161} INFO - Started process (PID=1864) to work on /home/airflow/.local/lib/python3.12/site-packages/airflow/example_dags/example_bash_operator.py
[2024-06-26T07:00:47.304+0000] {processor.py:830} INFO - Processing file /home/airflow/.local/lib/python3.12/site-packages/airflow/example_dags/example_bash_operator.py for tasks to queue
[2024-06-26T07:00:47.306+0000] {logging_mixin.py:188} INFO - [2024-06-26T07:00:47.305+0000] {dagbag.py:545} INFO - Filling up the DagBag from /home/airflow/.local/lib/python3.12/site-packages/airflow/example_dags/example_bash_operator.py
[2024-06-26T07:00:47.321+0000] {processor.py:840} INFO - DAG(s) 'example_bash_operator' retrieved from /home/airflow/.local/lib/python3.12/site-packages/airflow/example_dags/example_bash_operator.py
[2024-06-26T07:00:47.363+0000] {logging_mixin.py:188} INFO - [2024-06-26T07:00:47.363+0000] {dag.py:3096} INFO - Sync 1 DAGs
[2024-06-26T07:00:47.396+0000] {logging_mixin.py:188} INFO - [2024-06-26T07:00:47.396+0000] {dag.py:3954} INFO - Setting next_dagrun for example_bash_operator to 2024-06-25 00:00:00+00:00, run_after=2024-06-26 00:00:00+00:00
[2024-06-26T07:00:47.428+0000] {processor.py:183} INFO - Processing /home/airflow/.local/lib/python3.12/site-packages/airflow/example_dags/example_bash_operator.py took 0.133 seconds
[2024-06-26T07:01:18.160+0000] {processor.py:161} INFO - Started process (PID=1927) to work on /home/airflow/.local/lib/python3.12/site-packages/airflow/example_dags/example_bash_operator.py
[2024-06-26T07:01:18.163+0000] {processor.py:830} INFO - Processing file /home/airflow/.local/lib/python3.12/site-packages/airflow/example_dags/example_bash_operator.py for tasks to queue
[2024-06-26T07:01:18.166+0000] {logging_mixin.py:188} INFO - [2024-06-26T07:01:18.165+0000] {dagbag.py:545} INFO - Filling up the DagBag from /home/airflow/.local/lib/python3.12/site-packages/airflow/example_dags/example_bash_operator.py
[2024-06-26T07:01:18.193+0000] {processor.py:840} INFO - DAG(s) 'example_bash_operator' retrieved from /home/airflow/.local/lib/python3.12/site-packages/airflow/example_dags/example_bash_operator.py
[2024-06-26T07:01:18.269+0000] {logging_mixin.py:188} INFO - [2024-06-26T07:01:18.268+0000] {dag.py:3096} INFO - Sync 1 DAGs
[2024-06-26T07:01:18.334+0000] {logging_mixin.py:188} INFO - [2024-06-26T07:01:18.333+0000] {dag.py:3954} INFO - Setting next_dagrun for example_bash_operator to 2024-06-25 00:00:00+00:00, run_after=2024-06-26 00:00:00+00:00
[2024-06-26T07:01:18.663+0000] {processor.py:183} INFO - Processing /home/airflow/.local/lib/python3.12/site-packages/airflow/example_dags/example_bash_operator.py took 0.516 seconds
[2024-06-26T07:01:49.271+0000] {processor.py:161} INFO - Started process (PID=1990) to work on /home/airflow/.local/lib/python3.12/site-packages/airflow/example_dags/example_bash_operator.py
[2024-06-26T07:01:49.273+0000] {processor.py:830} INFO - Processing file /home/airflow/.local/lib/python3.12/site-packages/airflow/example_dags/example_bash_operator.py for tasks to queue
[2024-06-26T07:01:49.274+0000] {logging_mixin.py:188} INFO - [2024-06-26T07:01:49.274+0000] {dagbag.py:545} INFO - Filling up the DagBag from /home/airflow/.local/lib/python3.12/site-packages/airflow/example_dags/example_bash_operator.py
[2024-06-26T07:01:49.290+0000] {processor.py:840} INFO - DAG(s) 'example_bash_operator' retrieved from /home/airflow/.local/lib/python3.12/site-packages/airflow/example_dags/example_bash_operator.py
[2024-06-26T07:01:49.333+0000] {logging_mixin.py:188} INFO - [2024-06-26T07:01:49.333+0000] {dag.py:3096} INFO - Sync 1 DAGs
[2024-06-26T07:01:49.370+0000] {logging_mixin.py:188} INFO - [2024-06-26T07:01:49.370+0000] {dag.py:3954} INFO - Setting next_dagrun for example_bash_operator to 2024-06-25 00:00:00+00:00, run_after=2024-06-26 00:00:00+00:00
[2024-06-26T07:01:49.402+0000] {processor.py:183} INFO - Processing /home/airflow/.local/lib/python3.12/site-packages/airflow/example_dags/example_bash_operator.py took 0.141 seconds
[2024-06-26T07:02:19.748+0000] {processor.py:161} INFO - Started process (PID=2053) to work on /home/airflow/.local/lib/python3.12/site-packages/airflow/example_dags/example_bash_operator.py
[2024-06-26T07:02:19.749+0000] {processor.py:830} INFO - Processing file /home/airflow/.local/lib/python3.12/site-packages/airflow/example_dags/example_bash_operator.py for tasks to queue
[2024-06-26T07:02:19.749+0000] {logging_mixin.py:188} INFO - [2024-06-26T07:02:19.749+0000] {dagbag.py:545} INFO - Filling up the DagBag from /home/airflow/.local/lib/python3.12/site-packages/airflow/example_dags/example_bash_operator.py
[2024-06-26T07:02:19.758+0000] {processor.py:840} INFO - DAG(s) 'example_bash_operator' retrieved from /home/airflow/.local/lib/python3.12/site-packages/airflow/example_dags/example_bash_operator.py
[2024-06-26T07:02:19.778+0000] {logging_mixin.py:188} INFO - [2024-06-26T07:02:19.778+0000] {dag.py:3096} INFO - Sync 1 DAGs
[2024-06-26T07:02:19.794+0000] {logging_mixin.py:188} INFO - [2024-06-26T07:02:19.794+0000] {dag.py:3954} INFO - Setting next_dagrun for example_bash_operator to 2024-06-25 00:00:00+00:00, run_after=2024-06-26 00:00:00+00:00
[2024-06-26T07:02:19.812+0000] {processor.py:183} INFO - Processing /home/airflow/.local/lib/python3.12/site-packages/airflow/example_dags/example_bash_operator.py took 0.069 seconds
[2024-06-26T07:02:49.856+0000] {processor.py:161} INFO - Started process (PID=2116) to work on /home/airflow/.local/lib/python3.12/site-packages/airflow/example_dags/example_bash_operator.py
[2024-06-26T07:02:49.857+0000] {processor.py:830} INFO - Processing file /home/airflow/.local/lib/python3.12/site-packages/airflow/example_dags/example_bash_operator.py for tasks to queue
[2024-06-26T07:02:49.858+0000] {logging_mixin.py:188} INFO - [2024-06-26T07:02:49.858+0000] {dagbag.py:545} INFO - Filling up the DagBag from /home/airflow/.local/lib/python3.12/site-packages/airflow/example_dags/example_bash_operator.py
[2024-06-26T07:02:49.866+0000] {processor.py:840} INFO - DAG(s) 'example_bash_operator' retrieved from /home/airflow/.local/lib/python3.12/site-packages/airflow/example_dags/example_bash_operator.py
[2024-06-26T07:02:49.892+0000] {logging_mixin.py:188} INFO - [2024-06-26T07:02:49.892+0000] {dag.py:3096} INFO - Sync 1 DAGs
[2024-06-26T07:02:49.916+0000] {logging_mixin.py:188} INFO - [2024-06-26T07:02:49.916+0000] {dag.py:3954} INFO - Setting next_dagrun for example_bash_operator to 2024-06-25 00:00:00+00:00, run_after=2024-06-26 00:00:00+00:00
[2024-06-26T07:02:49.937+0000] {processor.py:183} INFO - Processing /home/airflow/.local/lib/python3.12/site-packages/airflow/example_dags/example_bash_operator.py took 0.086 seconds
[2024-06-26T07:03:20.010+0000] {processor.py:161} INFO - Started process (PID=2178) to work on /home/airflow/.local/lib/python3.12/site-packages/airflow/example_dags/example_bash_operator.py
[2024-06-26T07:03:20.012+0000] {processor.py:830} INFO - Processing file /home/airflow/.local/lib/python3.12/site-packages/airflow/example_dags/example_bash_operator.py for tasks to queue
[2024-06-26T07:03:20.013+0000] {logging_mixin.py:188} INFO - [2024-06-26T07:03:20.013+0000] {dagbag.py:545} INFO - Filling up the DagBag from /home/airflow/.local/lib/python3.12/site-packages/airflow/example_dags/example_bash_operator.py
[2024-06-26T07:03:20.024+0000] {processor.py:840} INFO - DAG(s) 'example_bash_operator' retrieved from /home/airflow/.local/lib/python3.12/site-packages/airflow/example_dags/example_bash_operator.py
[2024-06-26T07:03:20.052+0000] {logging_mixin.py:188} INFO - [2024-06-26T07:03:20.052+0000] {dag.py:3096} INFO - Sync 1 DAGs
[2024-06-26T07:03:20.075+0000] {logging_mixin.py:188} INFO - [2024-06-26T07:03:20.075+0000] {dag.py:3954} INFO - Setting next_dagrun for example_bash_operator to 2024-06-25 00:00:00+00:00, run_after=2024-06-26 00:00:00+00:00
[2024-06-26T07:03:20.097+0000] {processor.py:183} INFO - Processing /home/airflow/.local/lib/python3.12/site-packages/airflow/example_dags/example_bash_operator.py took 0.092 seconds
[2024-06-26T07:03:50.331+0000] {processor.py:161} INFO - Started process (PID=2244) to work on /home/airflow/.local/lib/python3.12/site-packages/airflow/example_dags/example_bash_operator.py
[2024-06-26T07:03:50.334+0000] {processor.py:830} INFO - Processing file /home/airflow/.local/lib/python3.12/site-packages/airflow/example_dags/example_bash_operator.py for tasks to queue
[2024-06-26T07:03:50.338+0000] {logging_mixin.py:188} INFO - [2024-06-26T07:03:50.337+0000] {dagbag.py:545} INFO - Filling up the DagBag from /home/airflow/.local/lib/python3.12/site-packages/airflow/example_dags/example_bash_operator.py
[2024-06-26T07:03:50.380+0000] {processor.py:840} INFO - DAG(s) 'example_bash_operator' retrieved from /home/airflow/.local/lib/python3.12/site-packages/airflow/example_dags/example_bash_operator.py
[2024-06-26T07:03:50.476+0000] {logging_mixin.py:188} INFO - [2024-06-26T07:03:50.475+0000] {dag.py:3096} INFO - Sync 1 DAGs
[2024-06-26T07:03:50.848+0000] {logging_mixin.py:188} INFO - [2024-06-26T07:03:50.847+0000] {dag.py:3954} INFO - Setting next_dagrun for example_bash_operator to 2024-06-25 00:00:00+00:00, run_after=2024-06-26 00:00:00+00:00
[2024-06-26T07:03:50.910+0000] {processor.py:183} INFO - Processing /home/airflow/.local/lib/python3.12/site-packages/airflow/example_dags/example_bash_operator.py took 0.600 seconds
[2024-06-26T07:04:21.766+0000] {processor.py:161} INFO - Started process (PID=2307) to work on /home/airflow/.local/lib/python3.12/site-packages/airflow/example_dags/example_bash_operator.py
[2024-06-26T07:04:21.767+0000] {processor.py:830} INFO - Processing file /home/airflow/.local/lib/python3.12/site-packages/airflow/example_dags/example_bash_operator.py for tasks to queue
[2024-06-26T07:04:21.768+0000] {logging_mixin.py:188} INFO - [2024-06-26T07:04:21.767+0000] {dagbag.py:545} INFO - Filling up the DagBag from /home/airflow/.local/lib/python3.12/site-packages/airflow/example_dags/example_bash_operator.py
[2024-06-26T07:04:21.777+0000] {processor.py:840} INFO - DAG(s) 'example_bash_operator' retrieved from /home/airflow/.local/lib/python3.12/site-packages/airflow/example_dags/example_bash_operator.py
[2024-06-26T07:04:21.802+0000] {logging_mixin.py:188} INFO - [2024-06-26T07:04:21.802+0000] {dag.py:3096} INFO - Sync 1 DAGs
[2024-06-26T07:04:21.822+0000] {logging_mixin.py:188} INFO - [2024-06-26T07:04:21.822+0000] {dag.py:3954} INFO - Setting next_dagrun for example_bash_operator to 2024-06-25 00:00:00+00:00, run_after=2024-06-26 00:00:00+00:00
[2024-06-26T07:04:21.951+0000] {processor.py:183} INFO - Processing /home/airflow/.local/lib/python3.12/site-packages/airflow/example_dags/example_bash_operator.py took 0.190 seconds
[2024-06-26T07:04:52.428+0000] {processor.py:161} INFO - Started process (PID=2370) to work on /home/airflow/.local/lib/python3.12/site-packages/airflow/example_dags/example_bash_operator.py
[2024-06-26T07:04:52.430+0000] {processor.py:830} INFO - Processing file /home/airflow/.local/lib/python3.12/site-packages/airflow/example_dags/example_bash_operator.py for tasks to queue
[2024-06-26T07:04:52.432+0000] {logging_mixin.py:188} INFO - [2024-06-26T07:04:52.431+0000] {dagbag.py:545} INFO - Filling up the DagBag from /home/airflow/.local/lib/python3.12/site-packages/airflow/example_dags/example_bash_operator.py
[2024-06-26T07:04:52.448+0000] {processor.py:840} INFO - DAG(s) 'example_bash_operator' retrieved from /home/airflow/.local/lib/python3.12/site-packages/airflow/example_dags/example_bash_operator.py
[2024-06-26T07:04:52.486+0000] {logging_mixin.py:188} INFO - [2024-06-26T07:04:52.486+0000] {dag.py:3096} INFO - Sync 1 DAGs
[2024-06-26T07:04:52.520+0000] {logging_mixin.py:188} INFO - [2024-06-26T07:04:52.520+0000] {dag.py:3954} INFO - Setting next_dagrun for example_bash_operator to 2024-06-25 00:00:00+00:00, run_after=2024-06-26 00:00:00+00:00
[2024-06-26T07:04:52.552+0000] {processor.py:183} INFO - Processing /home/airflow/.local/lib/python3.12/site-packages/airflow/example_dags/example_bash_operator.py took 0.131 seconds
[2024-06-26T07:05:22.875+0000] {processor.py:161} INFO - Started process (PID=2436) to work on /home/airflow/.local/lib/python3.12/site-packages/airflow/example_dags/example_bash_operator.py
[2024-06-26T07:05:22.878+0000] {processor.py:830} INFO - Processing file /home/airflow/.local/lib/python3.12/site-packages/airflow/example_dags/example_bash_operator.py for tasks to queue
[2024-06-26T07:05:22.880+0000] {logging_mixin.py:188} INFO - [2024-06-26T07:05:22.879+0000] {dagbag.py:545} INFO - Filling up the DagBag from /home/airflow/.local/lib/python3.12/site-packages/airflow/example_dags/example_bash_operator.py
[2024-06-26T07:05:22.904+0000] {processor.py:840} INFO - DAG(s) 'example_bash_operator' retrieved from /home/airflow/.local/lib/python3.12/site-packages/airflow/example_dags/example_bash_operator.py
[2024-06-26T07:05:22.971+0000] {logging_mixin.py:188} INFO - [2024-06-26T07:05:22.970+0000] {dag.py:3096} INFO - Sync 1 DAGs
[2024-06-26T07:05:23.038+0000] {logging_mixin.py:188} INFO - [2024-06-26T07:05:23.037+0000] {dag.py:3954} INFO - Setting next_dagrun for example_bash_operator to 2024-06-25 00:00:00+00:00, run_after=2024-06-26 00:00:00+00:00
[2024-06-26T07:05:23.100+0000] {processor.py:183} INFO - Processing /home/airflow/.local/lib/python3.12/site-packages/airflow/example_dags/example_bash_operator.py took 0.241 seconds
[2024-06-26T07:05:53.446+0000] {processor.py:161} INFO - Started process (PID=2500) to work on /home/airflow/.local/lib/python3.12/site-packages/airflow/example_dags/example_bash_operator.py
[2024-06-26T07:05:53.448+0000] {processor.py:830} INFO - Processing file /home/airflow/.local/lib/python3.12/site-packages/airflow/example_dags/example_bash_operator.py for tasks to queue
[2024-06-26T07:05:53.451+0000] {logging_mixin.py:188} INFO - [2024-06-26T07:05:53.450+0000] {dagbag.py:545} INFO - Filling up the DagBag from /home/airflow/.local/lib/python3.12/site-packages/airflow/example_dags/example_bash_operator.py
[2024-06-26T07:05:53.474+0000] {processor.py:840} INFO - DAG(s) 'example_bash_operator' retrieved from /home/airflow/.local/lib/python3.12/site-packages/airflow/example_dags/example_bash_operator.py
[2024-06-26T07:05:53.541+0000] {logging_mixin.py:188} INFO - [2024-06-26T07:05:53.540+0000] {dag.py:3096} INFO - Sync 1 DAGs
[2024-06-26T07:05:53.592+0000] {logging_mixin.py:188} INFO - [2024-06-26T07:05:53.592+0000] {dag.py:3954} INFO - Setting next_dagrun for example_bash_operator to 2024-06-25 00:00:00+00:00, run_after=2024-06-26 00:00:00+00:00
[2024-06-26T07:05:53.639+0000] {processor.py:183} INFO - Processing /home/airflow/.local/lib/python3.12/site-packages/airflow/example_dags/example_bash_operator.py took 0.209 seconds
[2024-06-26T07:06:24.284+0000] {processor.py:161} INFO - Started process (PID=2562) to work on /home/airflow/.local/lib/python3.12/site-packages/airflow/example_dags/example_bash_operator.py
[2024-06-26T07:06:24.285+0000] {processor.py:830} INFO - Processing file /home/airflow/.local/lib/python3.12/site-packages/airflow/example_dags/example_bash_operator.py for tasks to queue
[2024-06-26T07:06:24.286+0000] {logging_mixin.py:188} INFO - [2024-06-26T07:06:24.286+0000] {dagbag.py:545} INFO - Filling up the DagBag from /home/airflow/.local/lib/python3.12/site-packages/airflow/example_dags/example_bash_operator.py
[2024-06-26T07:06:24.294+0000] {processor.py:840} INFO - DAG(s) 'example_bash_operator' retrieved from /home/airflow/.local/lib/python3.12/site-packages/airflow/example_dags/example_bash_operator.py
[2024-06-26T07:06:24.315+0000] {logging_mixin.py:188} INFO - [2024-06-26T07:06:24.315+0000] {dag.py:3096} INFO - Sync 1 DAGs
[2024-06-26T07:06:24.332+0000] {logging_mixin.py:188} INFO - [2024-06-26T07:06:24.332+0000] {dag.py:3954} INFO - Setting next_dagrun for example_bash_operator to 2024-06-25 00:00:00+00:00, run_after=2024-06-26 00:00:00+00:00
[2024-06-26T07:06:24.352+0000] {processor.py:183} INFO - Processing /home/airflow/.local/lib/python3.12/site-packages/airflow/example_dags/example_bash_operator.py took 0.072 seconds
[2024-06-26T07:06:55.777+0000] {processor.py:161} INFO - Started process (PID=2624) to work on /home/airflow/.local/lib/python3.12/site-packages/airflow/example_dags/example_bash_operator.py
[2024-06-26T07:06:55.781+0000] {processor.py:830} INFO - Processing file /home/airflow/.local/lib/python3.12/site-packages/airflow/example_dags/example_bash_operator.py for tasks to queue
[2024-06-26T07:06:55.790+0000] {logging_mixin.py:188} INFO - [2024-06-26T07:06:55.787+0000] {dagbag.py:545} INFO - Filling up the DagBag from /home/airflow/.local/lib/python3.12/site-packages/airflow/example_dags/example_bash_operator.py
[2024-06-26T07:06:55.843+0000] {processor.py:840} INFO - DAG(s) 'example_bash_operator' retrieved from /home/airflow/.local/lib/python3.12/site-packages/airflow/example_dags/example_bash_operator.py
[2024-06-26T07:06:55.983+0000] {logging_mixin.py:188} INFO - [2024-06-26T07:06:55.982+0000] {dag.py:3096} INFO - Sync 1 DAGs
[2024-06-26T07:06:56.120+0000] {logging_mixin.py:188} INFO - [2024-06-26T07:06:56.119+0000] {dag.py:3954} INFO - Setting next_dagrun for example_bash_operator to 2024-06-25 00:00:00+00:00, run_after=2024-06-26 00:00:00+00:00
[2024-06-26T07:06:56.263+0000] {processor.py:183} INFO - Processing /home/airflow/.local/lib/python3.12/site-packages/airflow/example_dags/example_bash_operator.py took 0.516 seconds
[2024-06-26T07:07:26.965+0000] {processor.py:161} INFO - Started process (PID=2686) to work on /home/airflow/.local/lib/python3.12/site-packages/airflow/example_dags/example_bash_operator.py
[2024-06-26T07:07:26.966+0000] {processor.py:830} INFO - Processing file /home/airflow/.local/lib/python3.12/site-packages/airflow/example_dags/example_bash_operator.py for tasks to queue
[2024-06-26T07:07:26.967+0000] {logging_mixin.py:188} INFO - [2024-06-26T07:07:26.967+0000] {dagbag.py:545} INFO - Filling up the DagBag from /home/airflow/.local/lib/python3.12/site-packages/airflow/example_dags/example_bash_operator.py
[2024-06-26T07:07:26.978+0000] {processor.py:840} INFO - DAG(s) 'example_bash_operator' retrieved from /home/airflow/.local/lib/python3.12/site-packages/airflow/example_dags/example_bash_operator.py
[2024-06-26T07:07:27.003+0000] {logging_mixin.py:188} INFO - [2024-06-26T07:07:27.003+0000] {dag.py:3096} INFO - Sync 1 DAGs
[2024-06-26T07:07:27.024+0000] {logging_mixin.py:188} INFO - [2024-06-26T07:07:27.023+0000] {dag.py:3954} INFO - Setting next_dagrun for example_bash_operator to 2024-06-25 00:00:00+00:00, run_after=2024-06-26 00:00:00+00:00
[2024-06-26T07:07:27.045+0000] {processor.py:183} INFO - Processing /home/airflow/.local/lib/python3.12/site-packages/airflow/example_dags/example_bash_operator.py took 0.085 seconds
[2024-06-26T07:08:03.755+0000] {processor.py:161} INFO - Started process (PID=2743) to work on /home/airflow/.local/lib/python3.12/site-packages/airflow/example_dags/example_bash_operator.py
[2024-06-26T07:08:03.760+0000] {processor.py:830} INFO - Processing file /home/airflow/.local/lib/python3.12/site-packages/airflow/example_dags/example_bash_operator.py for tasks to queue
[2024-06-26T07:08:03.765+0000] {logging_mixin.py:188} INFO - [2024-06-26T07:08:03.764+0000] {dagbag.py:545} INFO - Filling up the DagBag from /home/airflow/.local/lib/python3.12/site-packages/airflow/example_dags/example_bash_operator.py
[2024-06-26T07:08:03.833+0000] {processor.py:840} INFO - DAG(s) 'example_bash_operator' retrieved from /home/airflow/.local/lib/python3.12/site-packages/airflow/example_dags/example_bash_operator.py
[2024-06-26T07:08:04.004+0000] {logging_mixin.py:188} INFO - [2024-06-26T07:08:04.002+0000] {dag.py:3096} INFO - Sync 1 DAGs
[2024-06-26T07:08:04.158+0000] {logging_mixin.py:188} INFO - [2024-06-26T07:08:04.157+0000] {dag.py:3954} INFO - Setting next_dagrun for example_bash_operator to 2024-06-25 00:00:00+00:00, run_after=2024-06-26 00:00:00+00:00
[2024-06-26T07:08:04.324+0000] {processor.py:183} INFO - Processing /home/airflow/.local/lib/python3.12/site-packages/airflow/example_dags/example_bash_operator.py took 0.604 seconds
[2024-06-26T07:08:34.563+0000] {processor.py:161} INFO - Started process (PID=2805) to work on /home/airflow/.local/lib/python3.12/site-packages/airflow/example_dags/example_bash_operator.py
[2024-06-26T07:08:34.565+0000] {processor.py:830} INFO - Processing file /home/airflow/.local/lib/python3.12/site-packages/airflow/example_dags/example_bash_operator.py for tasks to queue
[2024-06-26T07:08:34.567+0000] {logging_mixin.py:188} INFO - [2024-06-26T07:08:34.567+0000] {dagbag.py:545} INFO - Filling up the DagBag from /home/airflow/.local/lib/python3.12/site-packages/airflow/example_dags/example_bash_operator.py
[2024-06-26T07:08:34.585+0000] {processor.py:840} INFO - DAG(s) 'example_bash_operator' retrieved from /home/airflow/.local/lib/python3.12/site-packages/airflow/example_dags/example_bash_operator.py
[2024-06-26T07:08:34.634+0000] {logging_mixin.py:188} INFO - [2024-06-26T07:08:34.633+0000] {dag.py:3096} INFO - Sync 1 DAGs
[2024-06-26T07:08:34.674+0000] {logging_mixin.py:188} INFO - [2024-06-26T07:08:34.673+0000] {dag.py:3954} INFO - Setting next_dagrun for example_bash_operator to 2024-06-25 00:00:00+00:00, run_after=2024-06-26 00:00:00+00:00
[2024-06-26T07:08:34.713+0000] {processor.py:183} INFO - Processing /home/airflow/.local/lib/python3.12/site-packages/airflow/example_dags/example_bash_operator.py took 0.160 seconds
[2024-06-26T07:09:13.674+0000] {processor.py:161} INFO - Started process (PID=2867) to work on /home/airflow/.local/lib/python3.12/site-packages/airflow/example_dags/example_bash_operator.py
[2024-06-26T07:09:13.679+0000] {processor.py:830} INFO - Processing file /home/airflow/.local/lib/python3.12/site-packages/airflow/example_dags/example_bash_operator.py for tasks to queue
[2024-06-26T07:09:13.683+0000] {logging_mixin.py:188} INFO - [2024-06-26T07:09:13.681+0000] {dagbag.py:545} INFO - Filling up the DagBag from /home/airflow/.local/lib/python3.12/site-packages/airflow/example_dags/example_bash_operator.py
[2024-06-26T07:09:13.794+0000] {processor.py:840} INFO - DAG(s) 'example_bash_operator' retrieved from /home/airflow/.local/lib/python3.12/site-packages/airflow/example_dags/example_bash_operator.py
[2024-06-26T07:09:13.971+0000] {logging_mixin.py:188} INFO - [2024-06-26T07:09:13.961+0000] {dag.py:3096} INFO - Sync 1 DAGs
[2024-06-26T07:09:14.120+0000] {logging_mixin.py:188} INFO - [2024-06-26T07:09:14.119+0000] {dag.py:3954} INFO - Setting next_dagrun for example_bash_operator to 2024-06-25 00:00:00+00:00, run_after=2024-06-26 00:00:00+00:00
[2024-06-26T07:09:14.292+0000] {processor.py:183} INFO - Processing /home/airflow/.local/lib/python3.12/site-packages/airflow/example_dags/example_bash_operator.py took 0.635 seconds
[2024-06-26T07:10:26.681+0000] {processor.py:161} INFO - Started process (PID=2942) to work on /home/airflow/.local/lib/python3.12/site-packages/airflow/example_dags/example_bash_operator.py
[2024-06-26T07:10:26.695+0000] {processor.py:830} INFO - Processing file /home/airflow/.local/lib/python3.12/site-packages/airflow/example_dags/example_bash_operator.py for tasks to queue
[2024-06-26T07:10:26.700+0000] {logging_mixin.py:188} INFO - [2024-06-26T07:10:26.698+0000] {dagbag.py:545} INFO - Filling up the DagBag from /home/airflow/.local/lib/python3.12/site-packages/airflow/example_dags/example_bash_operator.py
[2024-06-26T07:10:26.863+0000] {processor.py:840} INFO - DAG(s) 'example_bash_operator' retrieved from /home/airflow/.local/lib/python3.12/site-packages/airflow/example_dags/example_bash_operator.py
[2024-06-26T07:10:27.229+0000] {logging_mixin.py:188} INFO - [2024-06-26T07:10:27.228+0000] {dag.py:3096} INFO - Sync 1 DAGs
[2024-06-26T07:10:27.502+0000] {logging_mixin.py:188} INFO - [2024-06-26T07:10:27.501+0000] {dag.py:3954} INFO - Setting next_dagrun for example_bash_operator to 2024-06-25 00:00:00+00:00, run_after=2024-06-26 00:00:00+00:00
[2024-06-26T07:10:27.767+0000] {processor.py:183} INFO - Processing /home/airflow/.local/lib/python3.12/site-packages/airflow/example_dags/example_bash_operator.py took 1.140 seconds
[2024-06-26T07:10:58.175+0000] {processor.py:161} INFO - Started process (PID=3005) to work on /home/airflow/.local/lib/python3.12/site-packages/airflow/example_dags/example_bash_operator.py
[2024-06-26T07:10:58.177+0000] {processor.py:830} INFO - Processing file /home/airflow/.local/lib/python3.12/site-packages/airflow/example_dags/example_bash_operator.py for tasks to queue
[2024-06-26T07:10:58.180+0000] {logging_mixin.py:188} INFO - [2024-06-26T07:10:58.179+0000] {dagbag.py:545} INFO - Filling up the DagBag from /home/airflow/.local/lib/python3.12/site-packages/airflow/example_dags/example_bash_operator.py
[2024-06-26T07:10:58.204+0000] {processor.py:840} INFO - DAG(s) 'example_bash_operator' retrieved from /home/airflow/.local/lib/python3.12/site-packages/airflow/example_dags/example_bash_operator.py
[2024-06-26T07:10:58.260+0000] {logging_mixin.py:188} INFO - [2024-06-26T07:10:58.260+0000] {dag.py:3096} INFO - Sync 1 DAGs
[2024-06-26T07:10:58.307+0000] {logging_mixin.py:188} INFO - [2024-06-26T07:10:58.306+0000] {dag.py:3954} INFO - Setting next_dagrun for example_bash_operator to 2024-06-25 00:00:00+00:00, run_after=2024-06-26 00:00:00+00:00
[2024-06-26T07:10:58.350+0000] {processor.py:183} INFO - Processing /home/airflow/.local/lib/python3.12/site-packages/airflow/example_dags/example_bash_operator.py took 0.186 seconds
[2024-06-26T07:11:31.056+0000] {processor.py:161} INFO - Started process (PID=3068) to work on /home/airflow/.local/lib/python3.12/site-packages/airflow/example_dags/example_bash_operator.py
[2024-06-26T07:11:31.074+0000] {processor.py:830} INFO - Processing file /home/airflow/.local/lib/python3.12/site-packages/airflow/example_dags/example_bash_operator.py for tasks to queue
[2024-06-26T07:11:31.088+0000] {logging_mixin.py:188} INFO - [2024-06-26T07:11:31.087+0000] {dagbag.py:545} INFO - Filling up the DagBag from /home/airflow/.local/lib/python3.12/site-packages/airflow/example_dags/example_bash_operator.py
[2024-06-26T07:11:31.269+0000] {processor.py:840} INFO - DAG(s) 'example_bash_operator' retrieved from /home/airflow/.local/lib/python3.12/site-packages/airflow/example_dags/example_bash_operator.py
[2024-06-26T07:11:31.702+0000] {logging_mixin.py:188} INFO - [2024-06-26T07:11:31.701+0000] {dag.py:3096} INFO - Sync 1 DAGs
[2024-06-26T07:11:31.853+0000] {logging_mixin.py:188} INFO - [2024-06-26T07:11:31.852+0000] {dag.py:3954} INFO - Setting next_dagrun for example_bash_operator to 2024-06-25 00:00:00+00:00, run_after=2024-06-26 00:00:00+00:00
[2024-06-26T07:11:31.931+0000] {processor.py:183} INFO - Processing /home/airflow/.local/lib/python3.12/site-packages/airflow/example_dags/example_bash_operator.py took 0.972 seconds
[2024-06-26T07:12:02.166+0000] {processor.py:161} INFO - Started process (PID=3131) to work on /home/airflow/.local/lib/python3.12/site-packages/airflow/example_dags/example_bash_operator.py
[2024-06-26T07:12:02.168+0000] {processor.py:830} INFO - Processing file /home/airflow/.local/lib/python3.12/site-packages/airflow/example_dags/example_bash_operator.py for tasks to queue
[2024-06-26T07:12:02.171+0000] {logging_mixin.py:188} INFO - [2024-06-26T07:12:02.170+0000] {dagbag.py:545} INFO - Filling up the DagBag from /home/airflow/.local/lib/python3.12/site-packages/airflow/example_dags/example_bash_operator.py
[2024-06-26T07:12:02.204+0000] {processor.py:840} INFO - DAG(s) 'example_bash_operator' retrieved from /home/airflow/.local/lib/python3.12/site-packages/airflow/example_dags/example_bash_operator.py
[2024-06-26T07:12:02.291+0000] {logging_mixin.py:188} INFO - [2024-06-26T07:12:02.291+0000] {dag.py:3096} INFO - Sync 1 DAGs
[2024-06-26T07:12:02.365+0000] {logging_mixin.py:188} INFO - [2024-06-26T07:12:02.364+0000] {dag.py:3954} INFO - Setting next_dagrun for example_bash_operator to 2024-06-25 00:00:00+00:00, run_after=2024-06-26 00:00:00+00:00
[2024-06-26T07:12:02.419+0000] {processor.py:183} INFO - Processing /home/airflow/.local/lib/python3.12/site-packages/airflow/example_dags/example_bash_operator.py took 0.266 seconds
[2024-06-26T07:12:51.334+0000] {processor.py:161} INFO - Started process (PID=3189) to work on /home/airflow/.local/lib/python3.12/site-packages/airflow/example_dags/example_bash_operator.py
[2024-06-26T07:12:51.348+0000] {processor.py:830} INFO - Processing file /home/airflow/.local/lib/python3.12/site-packages/airflow/example_dags/example_bash_operator.py for tasks to queue
[2024-06-26T07:12:51.355+0000] {logging_mixin.py:188} INFO - [2024-06-26T07:12:51.352+0000] {dagbag.py:545} INFO - Filling up the DagBag from /home/airflow/.local/lib/python3.12/site-packages/airflow/example_dags/example_bash_operator.py
[2024-06-26T07:12:51.549+0000] {processor.py:840} INFO - DAG(s) 'example_bash_operator' retrieved from /home/airflow/.local/lib/python3.12/site-packages/airflow/example_dags/example_bash_operator.py
[2024-06-26T07:12:51.895+0000] {logging_mixin.py:188} INFO - [2024-06-26T07:12:51.894+0000] {dag.py:3096} INFO - Sync 1 DAGs
[2024-06-26T07:12:52.264+0000] {logging_mixin.py:188} INFO - [2024-06-26T07:12:52.262+0000] {dag.py:3954} INFO - Setting next_dagrun for example_bash_operator to 2024-06-25 00:00:00+00:00, run_after=2024-06-26 00:00:00+00:00
[2024-06-26T07:12:52.762+0000] {processor.py:183} INFO - Processing /home/airflow/.local/lib/python3.12/site-packages/airflow/example_dags/example_bash_operator.py took 1.496 seconds
[2024-06-26T07:13:26.817+0000] {processor.py:161} INFO - Started process (PID=3251) to work on /home/airflow/.local/lib/python3.12/site-packages/airflow/example_dags/example_bash_operator.py
[2024-06-26T07:13:26.822+0000] {processor.py:830} INFO - Processing file /home/airflow/.local/lib/python3.12/site-packages/airflow/example_dags/example_bash_operator.py for tasks to queue
[2024-06-26T07:13:26.828+0000] {logging_mixin.py:188} INFO - [2024-06-26T07:13:26.826+0000] {dagbag.py:545} INFO - Filling up the DagBag from /home/airflow/.local/lib/python3.12/site-packages/airflow/example_dags/example_bash_operator.py
[2024-06-26T07:13:26.912+0000] {processor.py:840} INFO - DAG(s) 'example_bash_operator' retrieved from /home/airflow/.local/lib/python3.12/site-packages/airflow/example_dags/example_bash_operator.py
[2024-06-26T07:13:27.084+0000] {logging_mixin.py:188} INFO - [2024-06-26T07:13:27.083+0000] {dag.py:3096} INFO - Sync 1 DAGs
[2024-06-26T07:13:27.373+0000] {logging_mixin.py:188} INFO - [2024-06-26T07:13:27.371+0000] {dag.py:3954} INFO - Setting next_dagrun for example_bash_operator to 2024-06-25 00:00:00+00:00, run_after=2024-06-26 00:00:00+00:00
[2024-06-26T07:13:27.754+0000] {processor.py:183} INFO - Processing /home/airflow/.local/lib/python3.12/site-packages/airflow/example_dags/example_bash_operator.py took 0.970 seconds
[2024-06-26T07:14:00.063+0000] {processor.py:161} INFO - Started process (PID=3314) to work on /home/airflow/.local/lib/python3.12/site-packages/airflow/example_dags/example_bash_operator.py
[2024-06-26T07:14:00.069+0000] {processor.py:830} INFO - Processing file /home/airflow/.local/lib/python3.12/site-packages/airflow/example_dags/example_bash_operator.py for tasks to queue
[2024-06-26T07:14:00.073+0000] {logging_mixin.py:188} INFO - [2024-06-26T07:14:00.072+0000] {dagbag.py:545} INFO - Filling up the DagBag from /home/airflow/.local/lib/python3.12/site-packages/airflow/example_dags/example_bash_operator.py
[2024-06-26T07:14:00.167+0000] {processor.py:840} INFO - DAG(s) 'example_bash_operator' retrieved from /home/airflow/.local/lib/python3.12/site-packages/airflow/example_dags/example_bash_operator.py
[2024-06-26T07:14:00.326+0000] {logging_mixin.py:188} INFO - [2024-06-26T07:14:00.325+0000] {dag.py:3096} INFO - Sync 1 DAGs
[2024-06-26T07:14:00.446+0000] {logging_mixin.py:188} INFO - [2024-06-26T07:14:00.445+0000] {dag.py:3954} INFO - Setting next_dagrun for example_bash_operator to 2024-06-25 00:00:00+00:00, run_after=2024-06-26 00:00:00+00:00
[2024-06-26T07:14:00.542+0000] {processor.py:183} INFO - Processing /home/airflow/.local/lib/python3.12/site-packages/airflow/example_dags/example_bash_operator.py took 0.535 seconds
[2024-06-26T07:14:30.818+0000] {processor.py:161} INFO - Started process (PID=3376) to work on /home/airflow/.local/lib/python3.12/site-packages/airflow/example_dags/example_bash_operator.py
[2024-06-26T07:14:30.820+0000] {processor.py:830} INFO - Processing file /home/airflow/.local/lib/python3.12/site-packages/airflow/example_dags/example_bash_operator.py for tasks to queue
[2024-06-26T07:14:30.822+0000] {logging_mixin.py:188} INFO - [2024-06-26T07:14:30.822+0000] {dagbag.py:545} INFO - Filling up the DagBag from /home/airflow/.local/lib/python3.12/site-packages/airflow/example_dags/example_bash_operator.py
[2024-06-26T07:14:30.844+0000] {processor.py:840} INFO - DAG(s) 'example_bash_operator' retrieved from /home/airflow/.local/lib/python3.12/site-packages/airflow/example_dags/example_bash_operator.py
[2024-06-26T07:14:30.904+0000] {logging_mixin.py:188} INFO - [2024-06-26T07:14:30.903+0000] {dag.py:3096} INFO - Sync 1 DAGs
[2024-06-26T07:14:30.951+0000] {logging_mixin.py:188} INFO - [2024-06-26T07:14:30.951+0000] {dag.py:3954} INFO - Setting next_dagrun for example_bash_operator to 2024-06-25 00:00:00+00:00, run_after=2024-06-26 00:00:00+00:00
[2024-06-26T07:14:30.993+0000] {processor.py:183} INFO - Processing /home/airflow/.local/lib/python3.12/site-packages/airflow/example_dags/example_bash_operator.py took 0.186 seconds
[2024-06-26T07:15:01.137+0000] {processor.py:161} INFO - Started process (PID=3438) to work on /home/airflow/.local/lib/python3.12/site-packages/airflow/example_dags/example_bash_operator.py
[2024-06-26T07:15:01.141+0000] {processor.py:830} INFO - Processing file /home/airflow/.local/lib/python3.12/site-packages/airflow/example_dags/example_bash_operator.py for tasks to queue
[2024-06-26T07:15:01.145+0000] {logging_mixin.py:188} INFO - [2024-06-26T07:15:01.144+0000] {dagbag.py:545} INFO - Filling up the DagBag from /home/airflow/.local/lib/python3.12/site-packages/airflow/example_dags/example_bash_operator.py
[2024-06-26T07:15:01.204+0000] {processor.py:840} INFO - DAG(s) 'example_bash_operator' retrieved from /home/airflow/.local/lib/python3.12/site-packages/airflow/example_dags/example_bash_operator.py
[2024-06-26T07:15:01.460+0000] {logging_mixin.py:188} INFO - [2024-06-26T07:15:01.459+0000] {dag.py:3096} INFO - Sync 1 DAGs
[2024-06-26T07:15:01.593+0000] {logging_mixin.py:188} INFO - [2024-06-26T07:15:01.592+0000] {dag.py:3954} INFO - Setting next_dagrun for example_bash_operator to 2024-06-25 00:00:00+00:00, run_after=2024-06-26 00:00:00+00:00
[2024-06-26T07:15:01.690+0000] {processor.py:183} INFO - Processing /home/airflow/.local/lib/python3.12/site-packages/airflow/example_dags/example_bash_operator.py took 0.575 seconds
[2024-06-26T07:15:38.457+0000] {processor.py:161} INFO - Started process (PID=3492) to work on /home/airflow/.local/lib/python3.12/site-packages/airflow/example_dags/example_bash_operator.py
[2024-06-26T07:15:38.473+0000] {processor.py:830} INFO - Processing file /home/airflow/.local/lib/python3.12/site-packages/airflow/example_dags/example_bash_operator.py for tasks to queue
[2024-06-26T07:15:38.541+0000] {logging_mixin.py:188} INFO - [2024-06-26T07:15:38.539+0000] {dagbag.py:545} INFO - Filling up the DagBag from /home/airflow/.local/lib/python3.12/site-packages/airflow/example_dags/example_bash_operator.py
[2024-06-26T07:15:38.673+0000] {processor.py:840} INFO - DAG(s) 'example_bash_operator' retrieved from /home/airflow/.local/lib/python3.12/site-packages/airflow/example_dags/example_bash_operator.py
[2024-06-26T07:15:39.189+0000] {logging_mixin.py:188} INFO - [2024-06-26T07:15:39.188+0000] {dag.py:3096} INFO - Sync 1 DAGs
[2024-06-26T07:15:39.547+0000] {logging_mixin.py:188} INFO - [2024-06-26T07:15:39.546+0000] {dag.py:3954} INFO - Setting next_dagrun for example_bash_operator to 2024-06-25 00:00:00+00:00, run_after=2024-06-26 00:00:00+00:00
[2024-06-26T07:15:39.820+0000] {processor.py:183} INFO - Processing /home/airflow/.local/lib/python3.12/site-packages/airflow/example_dags/example_bash_operator.py took 1.406 seconds
[2024-06-26T07:16:19.669+0000] {processor.py:161} INFO - Started process (PID=3544) to work on /home/airflow/.local/lib/python3.12/site-packages/airflow/example_dags/example_bash_operator.py
[2024-06-26T07:16:19.717+0000] {processor.py:830} INFO - Processing file /home/airflow/.local/lib/python3.12/site-packages/airflow/example_dags/example_bash_operator.py for tasks to queue
[2024-06-26T07:16:19.733+0000] {logging_mixin.py:188} INFO - [2024-06-26T07:16:19.723+0000] {dagbag.py:545} INFO - Filling up the DagBag from /home/airflow/.local/lib/python3.12/site-packages/airflow/example_dags/example_bash_operator.py
[2024-06-26T07:16:19.824+0000] {processor.py:840} INFO - DAG(s) 'example_bash_operator' retrieved from /home/airflow/.local/lib/python3.12/site-packages/airflow/example_dags/example_bash_operator.py
[2024-06-26T07:16:20.313+0000] {logging_mixin.py:188} INFO - [2024-06-26T07:16:20.312+0000] {dag.py:3096} INFO - Sync 1 DAGs
[2024-06-26T07:16:20.657+0000] {logging_mixin.py:188} INFO - [2024-06-26T07:16:20.655+0000] {dag.py:3954} INFO - Setting next_dagrun for example_bash_operator to 2024-06-25 00:00:00+00:00, run_after=2024-06-26 00:00:00+00:00
[2024-06-26T07:16:20.968+0000] {processor.py:183} INFO - Processing /home/airflow/.local/lib/python3.12/site-packages/airflow/example_dags/example_bash_operator.py took 1.370 seconds
[2024-06-26T07:39:13.848+0000] {processor.py:161} INFO - Started process (PID=61) to work on /home/airflow/.local/lib/python3.12/site-packages/airflow/example_dags/example_bash_operator.py
[2024-06-26T07:39:13.852+0000] {processor.py:830} INFO - Processing file /home/airflow/.local/lib/python3.12/site-packages/airflow/example_dags/example_bash_operator.py for tasks to queue
[2024-06-26T07:39:13.856+0000] {logging_mixin.py:188} INFO - [2024-06-26T07:39:13.855+0000] {dagbag.py:545} INFO - Filling up the DagBag from /home/airflow/.local/lib/python3.12/site-packages/airflow/example_dags/example_bash_operator.py
[2024-06-26T07:39:13.893+0000] {processor.py:840} INFO - DAG(s) 'example_bash_operator' retrieved from /home/airflow/.local/lib/python3.12/site-packages/airflow/example_dags/example_bash_operator.py
[2024-06-26T07:39:14.188+0000] {logging_mixin.py:188} INFO - [2024-06-26T07:39:14.187+0000] {dag.py:3096} INFO - Sync 1 DAGs
[2024-06-26T07:39:14.237+0000] {logging_mixin.py:188} INFO - [2024-06-26T07:39:14.237+0000] {dag.py:3954} INFO - Setting next_dagrun for example_bash_operator to 2024-06-25 00:00:00+00:00, run_after=2024-06-26 00:00:00+00:00
[2024-06-26T07:39:14.288+0000] {processor.py:183} INFO - Processing /home/airflow/.local/lib/python3.12/site-packages/airflow/example_dags/example_bash_operator.py took 0.458 seconds
[2024-06-26T07:39:44.397+0000] {processor.py:161} INFO - Started process (PID=126) to work on /home/airflow/.local/lib/python3.12/site-packages/airflow/example_dags/example_bash_operator.py
[2024-06-26T07:39:44.398+0000] {processor.py:830} INFO - Processing file /home/airflow/.local/lib/python3.12/site-packages/airflow/example_dags/example_bash_operator.py for tasks to queue
[2024-06-26T07:39:44.401+0000] {logging_mixin.py:188} INFO - [2024-06-26T07:39:44.400+0000] {dagbag.py:545} INFO - Filling up the DagBag from /home/airflow/.local/lib/python3.12/site-packages/airflow/example_dags/example_bash_operator.py
[2024-06-26T07:39:44.414+0000] {processor.py:840} INFO - DAG(s) 'example_bash_operator' retrieved from /home/airflow/.local/lib/python3.12/site-packages/airflow/example_dags/example_bash_operator.py
[2024-06-26T07:39:44.450+0000] {logging_mixin.py:188} INFO - [2024-06-26T07:39:44.450+0000] {dag.py:3096} INFO - Sync 1 DAGs
[2024-06-26T07:39:44.478+0000] {logging_mixin.py:188} INFO - [2024-06-26T07:39:44.478+0000] {dag.py:3954} INFO - Setting next_dagrun for example_bash_operator to 2024-06-25 00:00:00+00:00, run_after=2024-06-26 00:00:00+00:00
[2024-06-26T07:39:44.503+0000] {processor.py:183} INFO - Processing /home/airflow/.local/lib/python3.12/site-packages/airflow/example_dags/example_bash_operator.py took 0.113 seconds
[2024-06-26T07:40:41.740+0000] {processor.py:161} INFO - Started process (PID=198) to work on /home/airflow/.local/lib/python3.12/site-packages/airflow/example_dags/example_bash_operator.py
[2024-06-26T07:40:41.762+0000] {processor.py:830} INFO - Processing file /home/airflow/.local/lib/python3.12/site-packages/airflow/example_dags/example_bash_operator.py for tasks to queue
[2024-06-26T07:40:41.779+0000] {logging_mixin.py:188} INFO - [2024-06-26T07:40:41.777+0000] {dagbag.py:545} INFO - Filling up the DagBag from /home/airflow/.local/lib/python3.12/site-packages/airflow/example_dags/example_bash_operator.py
[2024-06-26T07:40:41.930+0000] {processor.py:840} INFO - DAG(s) 'example_bash_operator' retrieved from /home/airflow/.local/lib/python3.12/site-packages/airflow/example_dags/example_bash_operator.py
[2024-06-26T07:40:42.400+0000] {logging_mixin.py:188} INFO - [2024-06-26T07:40:42.399+0000] {dag.py:3096} INFO - Sync 1 DAGs
[2024-06-26T07:40:42.776+0000] {logging_mixin.py:188} INFO - [2024-06-26T07:40:42.763+0000] {dag.py:3954} INFO - Setting next_dagrun for example_bash_operator to 2024-06-25 00:00:00+00:00, run_after=2024-06-26 00:00:00+00:00
[2024-06-26T07:40:43.131+0000] {processor.py:183} INFO - Processing /home/airflow/.local/lib/python3.12/site-packages/airflow/example_dags/example_bash_operator.py took 1.479 seconds
[2024-06-26T07:41:48.842+0000] {processor.py:161} INFO - Started process (PID=262) to work on /home/airflow/.local/lib/python3.12/site-packages/airflow/example_dags/example_bash_operator.py
[2024-06-26T07:41:48.859+0000] {processor.py:830} INFO - Processing file /home/airflow/.local/lib/python3.12/site-packages/airflow/example_dags/example_bash_operator.py for tasks to queue
[2024-06-26T07:41:48.888+0000] {logging_mixin.py:188} INFO - [2024-06-26T07:41:48.887+0000] {dagbag.py:545} INFO - Filling up the DagBag from /home/airflow/.local/lib/python3.12/site-packages/airflow/example_dags/example_bash_operator.py
[2024-06-26T07:41:49.120+0000] {processor.py:840} INFO - DAG(s) 'example_bash_operator' retrieved from /home/airflow/.local/lib/python3.12/site-packages/airflow/example_dags/example_bash_operator.py
[2024-06-26T07:41:49.616+0000] {logging_mixin.py:188} INFO - [2024-06-26T07:41:49.615+0000] {dag.py:3096} INFO - Sync 1 DAGs
[2024-06-26T07:41:50.158+0000] {logging_mixin.py:188} INFO - [2024-06-26T07:41:50.144+0000] {dag.py:3954} INFO - Setting next_dagrun for example_bash_operator to 2024-06-25 00:00:00+00:00, run_after=2024-06-26 00:00:00+00:00
[2024-06-26T07:41:50.622+0000] {processor.py:183} INFO - Processing /home/airflow/.local/lib/python3.12/site-packages/airflow/example_dags/example_bash_operator.py took 1.831 seconds
[2024-06-26T07:43:49.717+0000] {processor.py:161} INFO - Started process (PID=349) to work on /home/airflow/.local/lib/python3.12/site-packages/airflow/example_dags/example_bash_operator.py
[2024-06-26T07:43:49.732+0000] {processor.py:830} INFO - Processing file /home/airflow/.local/lib/python3.12/site-packages/airflow/example_dags/example_bash_operator.py for tasks to queue
[2024-06-26T07:43:49.765+0000] {logging_mixin.py:188} INFO - [2024-06-26T07:43:49.753+0000] {dagbag.py:545} INFO - Filling up the DagBag from /home/airflow/.local/lib/python3.12/site-packages/airflow/example_dags/example_bash_operator.py
[2024-06-26T07:43:50.056+0000] {processor.py:840} INFO - DAG(s) 'example_bash_operator' retrieved from /home/airflow/.local/lib/python3.12/site-packages/airflow/example_dags/example_bash_operator.py
[2024-06-26T07:43:51.066+0000] {logging_mixin.py:188} INFO - [2024-06-26T07:43:51.064+0000] {dag.py:3096} INFO - Sync 1 DAGs
[2024-06-26T07:43:52.083+0000] {logging_mixin.py:188} INFO - [2024-06-26T07:43:52.081+0000] {dag.py:3954} INFO - Setting next_dagrun for example_bash_operator to 2024-06-25 00:00:00+00:00, run_after=2024-06-26 00:00:00+00:00
[2024-06-26T07:43:53.940+0000] {processor.py:183} INFO - Processing /home/airflow/.local/lib/python3.12/site-packages/airflow/example_dags/example_bash_operator.py took 4.309 seconds
[2024-06-26T07:47:20.475+0000] {processor.py:161} INFO - Started process (PID=416) to work on /home/airflow/.local/lib/python3.12/site-packages/airflow/example_dags/example_bash_operator.py
[2024-06-26T07:47:20.502+0000] {processor.py:830} INFO - Processing file /home/airflow/.local/lib/python3.12/site-packages/airflow/example_dags/example_bash_operator.py for tasks to queue
[2024-06-26T07:47:20.509+0000] {logging_mixin.py:188} INFO - [2024-06-26T07:47:20.507+0000] {dagbag.py:545} INFO - Filling up the DagBag from /home/airflow/.local/lib/python3.12/site-packages/airflow/example_dags/example_bash_operator.py
[2024-06-26T07:47:20.744+0000] {processor.py:840} INFO - DAG(s) 'example_bash_operator' retrieved from /home/airflow/.local/lib/python3.12/site-packages/airflow/example_dags/example_bash_operator.py
[2024-06-26T07:47:21.270+0000] {logging_mixin.py:188} INFO - [2024-06-26T07:47:21.257+0000] {dag.py:3096} INFO - Sync 1 DAGs
[2024-06-26T07:47:21.948+0000] {logging_mixin.py:188} INFO - [2024-06-26T07:47:21.935+0000] {dag.py:3954} INFO - Setting next_dagrun for example_bash_operator to 2024-06-25 00:00:00+00:00, run_after=2024-06-26 00:00:00+00:00
[2024-06-26T07:47:22.323+0000] {processor.py:183} INFO - Processing /home/airflow/.local/lib/python3.12/site-packages/airflow/example_dags/example_bash_operator.py took 1.929 seconds
