[2024-06-26T06:06:37.079+0000] {processor.py:161} INFO - Started process (PID=126) to work on /home/airflow/.local/lib/python3.12/site-packages/airflow/example_dags/example_complex.py
[2024-06-26T06:06:37.088+0000] {processor.py:830} INFO - Processing file /home/airflow/.local/lib/python3.12/site-packages/airflow/example_dags/example_complex.py for tasks to queue
[2024-06-26T06:06:37.096+0000] {logging_mixin.py:188} INFO - [2024-06-26T06:06:37.095+0000] {dagbag.py:545} INFO - Filling up the DagBag from /home/airflow/.local/lib/python3.12/site-packages/airflow/example_dags/example_complex.py
[2024-06-26T06:06:37.159+0000] {processor.py:840} INFO - DAG(s) 'example_complex' retrieved from /home/airflow/.local/lib/python3.12/site-packages/airflow/example_dags/example_complex.py
[2024-06-26T06:06:37.370+0000] {logging_mixin.py:188} INFO - [2024-06-26T06:06:37.368+0000] {dag.py:3096} INFO - Sync 1 DAGs
[2024-06-26T06:06:37.429+0000] {logging_mixin.py:188} INFO - [2024-06-26T06:06:37.429+0000] {dag.py:3954} INFO - Setting next_dagrun for example_complex to None, run_after=None
[2024-06-26T06:06:37.551+0000] {processor.py:183} INFO - Processing /home/airflow/.local/lib/python3.12/site-packages/airflow/example_dags/example_complex.py took 0.520 seconds
[2024-06-26T06:08:12.674+0000] {processor.py:161} INFO - Started process (PID=205) to work on /home/airflow/.local/lib/python3.12/site-packages/airflow/example_dags/example_complex.py
[2024-06-26T06:08:12.805+0000] {processor.py:830} INFO - Processing file /home/airflow/.local/lib/python3.12/site-packages/airflow/example_dags/example_complex.py for tasks to queue
[2024-06-26T06:08:12.864+0000] {logging_mixin.py:188} INFO - [2024-06-26T06:08:12.857+0000] {dagbag.py:545} INFO - Filling up the DagBag from /home/airflow/.local/lib/python3.12/site-packages/airflow/example_dags/example_complex.py
[2024-06-26T06:08:13.099+0000] {processor.py:840} INFO - DAG(s) 'example_complex' retrieved from /home/airflow/.local/lib/python3.12/site-packages/airflow/example_dags/example_complex.py
[2024-06-26T06:08:13.606+0000] {logging_mixin.py:188} INFO - [2024-06-26T06:08:13.596+0000] {dag.py:3096} INFO - Sync 1 DAGs
[2024-06-26T06:08:14.242+0000] {logging_mixin.py:188} INFO - [2024-06-26T06:08:14.241+0000] {dag.py:3954} INFO - Setting next_dagrun for example_complex to None, run_after=None
[2024-06-26T06:08:18.698+0000] {processor.py:183} INFO - Processing /home/airflow/.local/lib/python3.12/site-packages/airflow/example_dags/example_complex.py took 6.095 seconds
[2024-06-26T06:22:17.652+0000] {processor.py:161} INFO - Started process (PID=124) to work on /home/airflow/.local/lib/python3.12/site-packages/airflow/example_dags/example_complex.py
[2024-06-26T06:22:17.833+0000] {processor.py:830} INFO - Processing file /home/airflow/.local/lib/python3.12/site-packages/airflow/example_dags/example_complex.py for tasks to queue
[2024-06-26T06:22:18.686+0000] {logging_mixin.py:188} INFO - [2024-06-26T06:22:18.685+0000] {dagbag.py:545} INFO - Filling up the DagBag from /home/airflow/.local/lib/python3.12/site-packages/airflow/example_dags/example_complex.py
[2024-06-26T06:22:18.941+0000] {processor.py:840} INFO - DAG(s) 'example_complex' retrieved from /home/airflow/.local/lib/python3.12/site-packages/airflow/example_dags/example_complex.py
[2024-06-26T06:22:19.618+0000] {logging_mixin.py:188} INFO - [2024-06-26T06:22:19.617+0000] {dag.py:3096} INFO - Sync 1 DAGs
[2024-06-26T06:22:19.887+0000] {logging_mixin.py:188} INFO - [2024-06-26T06:22:19.874+0000] {dag.py:3954} INFO - Setting next_dagrun for example_complex to None, run_after=None
[2024-06-26T06:22:20.949+0000] {processor.py:183} INFO - Processing /home/airflow/.local/lib/python3.12/site-packages/airflow/example_dags/example_complex.py took 3.367 seconds
[2024-06-26T06:24:09.708+0000] {processor.py:161} INFO - Started process (PID=220) to work on /home/airflow/.local/lib/python3.12/site-packages/airflow/example_dags/example_complex.py
[2024-06-26T06:24:09.819+0000] {processor.py:830} INFO - Processing file /home/airflow/.local/lib/python3.12/site-packages/airflow/example_dags/example_complex.py for tasks to queue
[2024-06-26T06:24:09.864+0000] {logging_mixin.py:188} INFO - [2024-06-26T06:24:09.863+0000] {dagbag.py:545} INFO - Filling up the DagBag from /home/airflow/.local/lib/python3.12/site-packages/airflow/example_dags/example_complex.py
[2024-06-26T06:24:10.167+0000] {processor.py:840} INFO - DAG(s) 'example_complex' retrieved from /home/airflow/.local/lib/python3.12/site-packages/airflow/example_dags/example_complex.py
[2024-06-26T06:24:12.424+0000] {logging_mixin.py:188} INFO - [2024-06-26T06:24:12.423+0000] {dag.py:3096} INFO - Sync 1 DAGs
[2024-06-26T06:24:12.683+0000] {logging_mixin.py:188} INFO - [2024-06-26T06:24:12.682+0000] {dag.py:3954} INFO - Setting next_dagrun for example_complex to None, run_after=None
[2024-06-26T06:24:12.925+0000] {processor.py:183} INFO - Processing /home/airflow/.local/lib/python3.12/site-packages/airflow/example_dags/example_complex.py took 3.809 seconds
[2024-06-26T06:25:31.392+0000] {processor.py:161} INFO - Started process (PID=299) to work on /home/airflow/.local/lib/python3.12/site-packages/airflow/example_dags/example_complex.py
[2024-06-26T06:25:31.396+0000] {processor.py:830} INFO - Processing file /home/airflow/.local/lib/python3.12/site-packages/airflow/example_dags/example_complex.py for tasks to queue
[2024-06-26T06:25:31.402+0000] {logging_mixin.py:188} INFO - [2024-06-26T06:25:31.401+0000] {dagbag.py:545} INFO - Filling up the DagBag from /home/airflow/.local/lib/python3.12/site-packages/airflow/example_dags/example_complex.py
[2024-06-26T06:25:31.462+0000] {processor.py:840} INFO - DAG(s) 'example_complex' retrieved from /home/airflow/.local/lib/python3.12/site-packages/airflow/example_dags/example_complex.py
[2024-06-26T06:25:31.608+0000] {logging_mixin.py:188} INFO - [2024-06-26T06:25:31.607+0000] {dag.py:3096} INFO - Sync 1 DAGs
[2024-06-26T06:25:31.674+0000] {logging_mixin.py:188} INFO - [2024-06-26T06:25:31.673+0000] {dag.py:3954} INFO - Setting next_dagrun for example_complex to None, run_after=None
[2024-06-26T06:25:31.769+0000] {processor.py:183} INFO - Processing /home/airflow/.local/lib/python3.12/site-packages/airflow/example_dags/example_complex.py took 0.400 seconds
[2024-06-26T06:26:02.352+0000] {processor.py:161} INFO - Started process (PID=361) to work on /home/airflow/.local/lib/python3.12/site-packages/airflow/example_dags/example_complex.py
[2024-06-26T06:26:02.358+0000] {processor.py:830} INFO - Processing file /home/airflow/.local/lib/python3.12/site-packages/airflow/example_dags/example_complex.py for tasks to queue
[2024-06-26T06:26:02.365+0000] {logging_mixin.py:188} INFO - [2024-06-26T06:26:02.364+0000] {dagbag.py:545} INFO - Filling up the DagBag from /home/airflow/.local/lib/python3.12/site-packages/airflow/example_dags/example_complex.py
[2024-06-26T06:26:02.441+0000] {processor.py:840} INFO - DAG(s) 'example_complex' retrieved from /home/airflow/.local/lib/python3.12/site-packages/airflow/example_dags/example_complex.py
[2024-06-26T06:26:02.638+0000] {logging_mixin.py:188} INFO - [2024-06-26T06:26:02.636+0000] {dag.py:3096} INFO - Sync 1 DAGs
[2024-06-26T06:26:02.716+0000] {logging_mixin.py:188} INFO - [2024-06-26T06:26:02.715+0000] {dag.py:3954} INFO - Setting next_dagrun for example_complex to None, run_after=None
[2024-06-26T06:26:02.796+0000] {processor.py:183} INFO - Processing /home/airflow/.local/lib/python3.12/site-packages/airflow/example_dags/example_complex.py took 0.459 seconds
[2024-06-26T06:41:05.129+0000] {processor.py:161} INFO - Started process (PID=107) to work on /home/airflow/.local/lib/python3.12/site-packages/airflow/example_dags/example_complex.py
[2024-06-26T06:41:05.138+0000] {processor.py:830} INFO - Processing file /home/airflow/.local/lib/python3.12/site-packages/airflow/example_dags/example_complex.py for tasks to queue
[2024-06-26T06:41:05.165+0000] {logging_mixin.py:188} INFO - [2024-06-26T06:41:05.163+0000] {dagbag.py:545} INFO - Filling up the DagBag from /home/airflow/.local/lib/python3.12/site-packages/airflow/example_dags/example_complex.py
[2024-06-26T06:41:05.254+0000] {processor.py:840} INFO - DAG(s) 'example_complex' retrieved from /home/airflow/.local/lib/python3.12/site-packages/airflow/example_dags/example_complex.py
[2024-06-26T06:41:05.997+0000] {logging_mixin.py:188} INFO - [2024-06-26T06:41:05.996+0000] {dag.py:3096} INFO - Sync 1 DAGs
[2024-06-26T06:41:06.041+0000] {logging_mixin.py:188} INFO - [2024-06-26T06:41:06.040+0000] {dag.py:3954} INFO - Setting next_dagrun for example_complex to None, run_after=None
[2024-06-26T06:41:06.127+0000] {processor.py:183} INFO - Processing /home/airflow/.local/lib/python3.12/site-packages/airflow/example_dags/example_complex.py took 1.053 seconds
[2024-06-26T06:41:36.871+0000] {processor.py:161} INFO - Started process (PID=169) to work on /home/airflow/.local/lib/python3.12/site-packages/airflow/example_dags/example_complex.py
[2024-06-26T06:41:36.872+0000] {processor.py:830} INFO - Processing file /home/airflow/.local/lib/python3.12/site-packages/airflow/example_dags/example_complex.py for tasks to queue
[2024-06-26T06:41:36.874+0000] {logging_mixin.py:188} INFO - [2024-06-26T06:41:36.873+0000] {dagbag.py:545} INFO - Filling up the DagBag from /home/airflow/.local/lib/python3.12/site-packages/airflow/example_dags/example_complex.py
[2024-06-26T06:41:36.881+0000] {processor.py:840} INFO - DAG(s) 'example_complex' retrieved from /home/airflow/.local/lib/python3.12/site-packages/airflow/example_dags/example_complex.py
[2024-06-26T06:41:36.906+0000] {logging_mixin.py:188} INFO - [2024-06-26T06:41:36.906+0000] {dag.py:3096} INFO - Sync 1 DAGs
[2024-06-26T06:41:36.916+0000] {logging_mixin.py:188} INFO - [2024-06-26T06:41:36.916+0000] {dag.py:3954} INFO - Setting next_dagrun for example_complex to None, run_after=None
[2024-06-26T06:41:36.934+0000] {processor.py:183} INFO - Processing /home/airflow/.local/lib/python3.12/site-packages/airflow/example_dags/example_complex.py took 0.067 seconds
[2024-06-26T06:42:07.043+0000] {processor.py:161} INFO - Started process (PID=231) to work on /home/airflow/.local/lib/python3.12/site-packages/airflow/example_dags/example_complex.py
[2024-06-26T06:42:07.044+0000] {processor.py:830} INFO - Processing file /home/airflow/.local/lib/python3.12/site-packages/airflow/example_dags/example_complex.py for tasks to queue
[2024-06-26T06:42:07.046+0000] {logging_mixin.py:188} INFO - [2024-06-26T06:42:07.045+0000] {dagbag.py:545} INFO - Filling up the DagBag from /home/airflow/.local/lib/python3.12/site-packages/airflow/example_dags/example_complex.py
[2024-06-26T06:42:07.054+0000] {processor.py:840} INFO - DAG(s) 'example_complex' retrieved from /home/airflow/.local/lib/python3.12/site-packages/airflow/example_dags/example_complex.py
[2024-06-26T06:42:07.080+0000] {logging_mixin.py:188} INFO - [2024-06-26T06:42:07.080+0000] {dag.py:3096} INFO - Sync 1 DAGs
[2024-06-26T06:42:07.090+0000] {logging_mixin.py:188} INFO - [2024-06-26T06:42:07.090+0000] {dag.py:3954} INFO - Setting next_dagrun for example_complex to None, run_after=None
[2024-06-26T06:42:07.107+0000] {processor.py:183} INFO - Processing /home/airflow/.local/lib/python3.12/site-packages/airflow/example_dags/example_complex.py took 0.069 seconds
[2024-06-26T06:42:37.557+0000] {processor.py:161} INFO - Started process (PID=293) to work on /home/airflow/.local/lib/python3.12/site-packages/airflow/example_dags/example_complex.py
[2024-06-26T06:42:37.559+0000] {processor.py:830} INFO - Processing file /home/airflow/.local/lib/python3.12/site-packages/airflow/example_dags/example_complex.py for tasks to queue
[2024-06-26T06:42:37.562+0000] {logging_mixin.py:188} INFO - [2024-06-26T06:42:37.562+0000] {dagbag.py:545} INFO - Filling up the DagBag from /home/airflow/.local/lib/python3.12/site-packages/airflow/example_dags/example_complex.py
[2024-06-26T06:42:37.581+0000] {processor.py:840} INFO - DAG(s) 'example_complex' retrieved from /home/airflow/.local/lib/python3.12/site-packages/airflow/example_dags/example_complex.py
[2024-06-26T06:42:37.649+0000] {logging_mixin.py:188} INFO - [2024-06-26T06:42:37.648+0000] {dag.py:3096} INFO - Sync 1 DAGs
[2024-06-26T06:42:37.674+0000] {logging_mixin.py:188} INFO - [2024-06-26T06:42:37.674+0000] {dag.py:3954} INFO - Setting next_dagrun for example_complex to None, run_after=None
[2024-06-26T06:42:37.716+0000] {processor.py:183} INFO - Processing /home/airflow/.local/lib/python3.12/site-packages/airflow/example_dags/example_complex.py took 0.169 seconds
[2024-06-26T06:43:08.423+0000] {processor.py:161} INFO - Started process (PID=355) to work on /home/airflow/.local/lib/python3.12/site-packages/airflow/example_dags/example_complex.py
[2024-06-26T06:43:08.424+0000] {processor.py:830} INFO - Processing file /home/airflow/.local/lib/python3.12/site-packages/airflow/example_dags/example_complex.py for tasks to queue
[2024-06-26T06:43:08.427+0000] {logging_mixin.py:188} INFO - [2024-06-26T06:43:08.426+0000] {dagbag.py:545} INFO - Filling up the DagBag from /home/airflow/.local/lib/python3.12/site-packages/airflow/example_dags/example_complex.py
[2024-06-26T06:43:08.440+0000] {processor.py:840} INFO - DAG(s) 'example_complex' retrieved from /home/airflow/.local/lib/python3.12/site-packages/airflow/example_dags/example_complex.py
[2024-06-26T06:43:08.486+0000] {logging_mixin.py:188} INFO - [2024-06-26T06:43:08.485+0000] {dag.py:3096} INFO - Sync 1 DAGs
[2024-06-26T06:43:08.504+0000] {logging_mixin.py:188} INFO - [2024-06-26T06:43:08.503+0000] {dag.py:3954} INFO - Setting next_dagrun for example_complex to None, run_after=None
[2024-06-26T06:43:08.534+0000] {processor.py:183} INFO - Processing /home/airflow/.local/lib/python3.12/site-packages/airflow/example_dags/example_complex.py took 0.118 seconds
[2024-06-26T06:43:39.090+0000] {processor.py:161} INFO - Started process (PID=417) to work on /home/airflow/.local/lib/python3.12/site-packages/airflow/example_dags/example_complex.py
[2024-06-26T06:43:39.091+0000] {processor.py:830} INFO - Processing file /home/airflow/.local/lib/python3.12/site-packages/airflow/example_dags/example_complex.py for tasks to queue
[2024-06-26T06:43:39.095+0000] {logging_mixin.py:188} INFO - [2024-06-26T06:43:39.094+0000] {dagbag.py:545} INFO - Filling up the DagBag from /home/airflow/.local/lib/python3.12/site-packages/airflow/example_dags/example_complex.py
[2024-06-26T06:43:39.111+0000] {processor.py:840} INFO - DAG(s) 'example_complex' retrieved from /home/airflow/.local/lib/python3.12/site-packages/airflow/example_dags/example_complex.py
[2024-06-26T06:43:39.166+0000] {logging_mixin.py:188} INFO - [2024-06-26T06:43:39.165+0000] {dag.py:3096} INFO - Sync 1 DAGs
[2024-06-26T06:43:39.187+0000] {logging_mixin.py:188} INFO - [2024-06-26T06:43:39.187+0000] {dag.py:3954} INFO - Setting next_dagrun for example_complex to None, run_after=None
[2024-06-26T06:43:39.221+0000] {processor.py:183} INFO - Processing /home/airflow/.local/lib/python3.12/site-packages/airflow/example_dags/example_complex.py took 0.140 seconds
[2024-06-26T06:44:09.355+0000] {processor.py:161} INFO - Started process (PID=479) to work on /home/airflow/.local/lib/python3.12/site-packages/airflow/example_dags/example_complex.py
[2024-06-26T06:44:09.356+0000] {processor.py:830} INFO - Processing file /home/airflow/.local/lib/python3.12/site-packages/airflow/example_dags/example_complex.py for tasks to queue
[2024-06-26T06:44:09.359+0000] {logging_mixin.py:188} INFO - [2024-06-26T06:44:09.359+0000] {dagbag.py:545} INFO - Filling up the DagBag from /home/airflow/.local/lib/python3.12/site-packages/airflow/example_dags/example_complex.py
[2024-06-26T06:44:09.376+0000] {processor.py:840} INFO - DAG(s) 'example_complex' retrieved from /home/airflow/.local/lib/python3.12/site-packages/airflow/example_dags/example_complex.py
[2024-06-26T06:44:09.427+0000] {logging_mixin.py:188} INFO - [2024-06-26T06:44:09.426+0000] {dag.py:3096} INFO - Sync 1 DAGs
[2024-06-26T06:44:09.446+0000] {logging_mixin.py:188} INFO - [2024-06-26T06:44:09.446+0000] {dag.py:3954} INFO - Setting next_dagrun for example_complex to None, run_after=None
[2024-06-26T06:44:09.477+0000] {processor.py:183} INFO - Processing /home/airflow/.local/lib/python3.12/site-packages/airflow/example_dags/example_complex.py took 0.130 seconds
[2024-06-26T06:44:39.700+0000] {processor.py:161} INFO - Started process (PID=541) to work on /home/airflow/.local/lib/python3.12/site-packages/airflow/example_dags/example_complex.py
[2024-06-26T06:44:39.704+0000] {processor.py:830} INFO - Processing file /home/airflow/.local/lib/python3.12/site-packages/airflow/example_dags/example_complex.py for tasks to queue
[2024-06-26T06:44:39.712+0000] {logging_mixin.py:188} INFO - [2024-06-26T06:44:39.711+0000] {dagbag.py:545} INFO - Filling up the DagBag from /home/airflow/.local/lib/python3.12/site-packages/airflow/example_dags/example_complex.py
[2024-06-26T06:44:39.768+0000] {processor.py:840} INFO - DAG(s) 'example_complex' retrieved from /home/airflow/.local/lib/python3.12/site-packages/airflow/example_dags/example_complex.py
[2024-06-26T06:44:40.002+0000] {logging_mixin.py:188} INFO - [2024-06-26T06:44:39.998+0000] {dag.py:3096} INFO - Sync 1 DAGs
[2024-06-26T06:44:40.149+0000] {logging_mixin.py:188} INFO - [2024-06-26T06:44:40.147+0000] {dag.py:3954} INFO - Setting next_dagrun for example_complex to None, run_after=None
[2024-06-26T06:44:40.556+0000] {processor.py:183} INFO - Processing /home/airflow/.local/lib/python3.12/site-packages/airflow/example_dags/example_complex.py took 0.877 seconds
[2024-06-26T06:45:35.386+0000] {processor.py:161} INFO - Started process (PID=608) to work on /home/airflow/.local/lib/python3.12/site-packages/airflow/example_dags/example_complex.py
[2024-06-26T06:45:35.402+0000] {processor.py:830} INFO - Processing file /home/airflow/.local/lib/python3.12/site-packages/airflow/example_dags/example_complex.py for tasks to queue
[2024-06-26T06:45:35.434+0000] {logging_mixin.py:188} INFO - [2024-06-26T06:45:35.432+0000] {dagbag.py:545} INFO - Filling up the DagBag from /home/airflow/.local/lib/python3.12/site-packages/airflow/example_dags/example_complex.py
[2024-06-26T06:45:35.523+0000] {processor.py:840} INFO - DAG(s) 'example_complex' retrieved from /home/airflow/.local/lib/python3.12/site-packages/airflow/example_dags/example_complex.py
[2024-06-26T06:45:36.022+0000] {logging_mixin.py:188} INFO - [2024-06-26T06:45:36.010+0000] {dag.py:3096} INFO - Sync 1 DAGs
[2024-06-26T06:45:36.308+0000] {logging_mixin.py:188} INFO - [2024-06-26T06:45:36.307+0000] {dag.py:3954} INFO - Setting next_dagrun for example_complex to None, run_after=None
[2024-06-26T06:45:36.553+0000] {processor.py:183} INFO - Processing /home/airflow/.local/lib/python3.12/site-packages/airflow/example_dags/example_complex.py took 1.247 seconds
[2024-06-26T06:46:52.750+0000] {processor.py:161} INFO - Started process (PID=683) to work on /home/airflow/.local/lib/python3.12/site-packages/airflow/example_dags/example_complex.py
[2024-06-26T06:46:52.790+0000] {processor.py:830} INFO - Processing file /home/airflow/.local/lib/python3.12/site-packages/airflow/example_dags/example_complex.py for tasks to queue
[2024-06-26T06:46:52.821+0000] {logging_mixin.py:188} INFO - [2024-06-26T06:46:52.808+0000] {dagbag.py:545} INFO - Filling up the DagBag from /home/airflow/.local/lib/python3.12/site-packages/airflow/example_dags/example_complex.py
[2024-06-26T06:46:53.067+0000] {processor.py:840} INFO - DAG(s) 'example_complex' retrieved from /home/airflow/.local/lib/python3.12/site-packages/airflow/example_dags/example_complex.py
[2024-06-26T06:46:53.705+0000] {logging_mixin.py:188} INFO - [2024-06-26T06:46:53.688+0000] {dag.py:3096} INFO - Sync 1 DAGs
[2024-06-26T06:46:54.072+0000] {logging_mixin.py:188} INFO - [2024-06-26T06:46:54.071+0000] {dag.py:3954} INFO - Setting next_dagrun for example_complex to None, run_after=None
[2024-06-26T06:46:54.383+0000] {processor.py:183} INFO - Processing /home/airflow/.local/lib/python3.12/site-packages/airflow/example_dags/example_complex.py took 1.754 seconds
[2024-06-26T06:47:50.076+0000] {processor.py:161} INFO - Started process (PID=759) to work on /home/airflow/.local/lib/python3.12/site-packages/airflow/example_dags/example_complex.py
[2024-06-26T06:47:50.092+0000] {processor.py:830} INFO - Processing file /home/airflow/.local/lib/python3.12/site-packages/airflow/example_dags/example_complex.py for tasks to queue
[2024-06-26T06:47:50.121+0000] {logging_mixin.py:188} INFO - [2024-06-26T06:47:50.110+0000] {dagbag.py:545} INFO - Filling up the DagBag from /home/airflow/.local/lib/python3.12/site-packages/airflow/example_dags/example_complex.py
[2024-06-26T06:47:50.269+0000] {processor.py:840} INFO - DAG(s) 'example_complex' retrieved from /home/airflow/.local/lib/python3.12/site-packages/airflow/example_dags/example_complex.py
[2024-06-26T06:47:50.663+0000] {logging_mixin.py:188} INFO - [2024-06-26T06:47:50.652+0000] {dag.py:3096} INFO - Sync 1 DAGs
[2024-06-26T06:47:50.893+0000] {logging_mixin.py:188} INFO - [2024-06-26T06:47:50.892+0000] {dag.py:3954} INFO - Setting next_dagrun for example_complex to None, run_after=None
[2024-06-26T06:47:51.225+0000] {processor.py:183} INFO - Processing /home/airflow/.local/lib/python3.12/site-packages/airflow/example_dags/example_complex.py took 1.194 seconds
[2024-06-26T06:48:28.755+0000] {processor.py:161} INFO - Started process (PID=822) to work on /home/airflow/.local/lib/python3.12/site-packages/airflow/example_dags/example_complex.py
[2024-06-26T06:48:28.780+0000] {processor.py:830} INFO - Processing file /home/airflow/.local/lib/python3.12/site-packages/airflow/example_dags/example_complex.py for tasks to queue
[2024-06-26T06:48:28.798+0000] {logging_mixin.py:188} INFO - [2024-06-26T06:48:28.797+0000] {dagbag.py:545} INFO - Filling up the DagBag from /home/airflow/.local/lib/python3.12/site-packages/airflow/example_dags/example_complex.py
[2024-06-26T06:48:28.835+0000] {processor.py:840} INFO - DAG(s) 'example_complex' retrieved from /home/airflow/.local/lib/python3.12/site-packages/airflow/example_dags/example_complex.py
[2024-06-26T06:48:28.994+0000] {logging_mixin.py:188} INFO - [2024-06-26T06:48:28.993+0000] {dag.py:3096} INFO - Sync 1 DAGs
[2024-06-26T06:48:29.071+0000] {logging_mixin.py:188} INFO - [2024-06-26T06:48:29.070+0000] {dag.py:3954} INFO - Setting next_dagrun for example_complex to None, run_after=None
[2024-06-26T06:48:29.141+0000] {processor.py:183} INFO - Processing /home/airflow/.local/lib/python3.12/site-packages/airflow/example_dags/example_complex.py took 0.422 seconds
[2024-06-26T06:49:01.854+0000] {processor.py:161} INFO - Started process (PID=886) to work on /home/airflow/.local/lib/python3.12/site-packages/airflow/example_dags/example_complex.py
[2024-06-26T06:49:01.859+0000] {processor.py:830} INFO - Processing file /home/airflow/.local/lib/python3.12/site-packages/airflow/example_dags/example_complex.py for tasks to queue
[2024-06-26T06:49:01.869+0000] {logging_mixin.py:188} INFO - [2024-06-26T06:49:01.867+0000] {dagbag.py:545} INFO - Filling up the DagBag from /home/airflow/.local/lib/python3.12/site-packages/airflow/example_dags/example_complex.py
[2024-06-26T06:49:01.925+0000] {processor.py:840} INFO - DAG(s) 'example_complex' retrieved from /home/airflow/.local/lib/python3.12/site-packages/airflow/example_dags/example_complex.py
[2024-06-26T06:49:02.087+0000] {logging_mixin.py:188} INFO - [2024-06-26T06:49:02.086+0000] {dag.py:3096} INFO - Sync 1 DAGs
[2024-06-26T06:49:02.163+0000] {logging_mixin.py:188} INFO - [2024-06-26T06:49:02.162+0000] {dag.py:3954} INFO - Setting next_dagrun for example_complex to None, run_after=None
[2024-06-26T06:49:02.257+0000] {processor.py:183} INFO - Processing /home/airflow/.local/lib/python3.12/site-packages/airflow/example_dags/example_complex.py took 0.429 seconds
[2024-06-26T06:49:59.348+0000] {processor.py:161} INFO - Started process (PID=963) to work on /home/airflow/.local/lib/python3.12/site-packages/airflow/example_dags/example_complex.py
[2024-06-26T06:49:59.367+0000] {processor.py:830} INFO - Processing file /home/airflow/.local/lib/python3.12/site-packages/airflow/example_dags/example_complex.py for tasks to queue
[2024-06-26T06:49:59.398+0000] {logging_mixin.py:188} INFO - [2024-06-26T06:49:59.397+0000] {dagbag.py:545} INFO - Filling up the DagBag from /home/airflow/.local/lib/python3.12/site-packages/airflow/example_dags/example_complex.py
[2024-06-26T06:49:59.581+0000] {processor.py:840} INFO - DAG(s) 'example_complex' retrieved from /home/airflow/.local/lib/python3.12/site-packages/airflow/example_dags/example_complex.py
[2024-06-26T06:50:00.081+0000] {logging_mixin.py:188} INFO - [2024-06-26T06:50:00.080+0000] {dag.py:3096} INFO - Sync 1 DAGs
[2024-06-26T06:50:00.297+0000] {logging_mixin.py:188} INFO - [2024-06-26T06:50:00.296+0000] {dag.py:3954} INFO - Setting next_dagrun for example_complex to None, run_after=None
[2024-06-26T06:50:00.626+0000] {processor.py:183} INFO - Processing /home/airflow/.local/lib/python3.12/site-packages/airflow/example_dags/example_complex.py took 1.349 seconds
[2024-06-26T06:51:21.489+0000] {processor.py:161} INFO - Started process (PID=1031) to work on /home/airflow/.local/lib/python3.12/site-packages/airflow/example_dags/example_complex.py
[2024-06-26T06:51:21.513+0000] {processor.py:830} INFO - Processing file /home/airflow/.local/lib/python3.12/site-packages/airflow/example_dags/example_complex.py for tasks to queue
[2024-06-26T06:51:21.526+0000] {logging_mixin.py:188} INFO - [2024-06-26T06:51:21.525+0000] {dagbag.py:545} INFO - Filling up the DagBag from /home/airflow/.local/lib/python3.12/site-packages/airflow/example_dags/example_complex.py
[2024-06-26T06:51:21.743+0000] {processor.py:840} INFO - DAG(s) 'example_complex' retrieved from /home/airflow/.local/lib/python3.12/site-packages/airflow/example_dags/example_complex.py
[2024-06-26T06:51:22.219+0000] {logging_mixin.py:188} INFO - [2024-06-26T06:51:22.218+0000] {dag.py:3096} INFO - Sync 1 DAGs
[2024-06-26T06:51:22.485+0000] {logging_mixin.py:188} INFO - [2024-06-26T06:51:22.483+0000] {dag.py:3954} INFO - Setting next_dagrun for example_complex to None, run_after=None
[2024-06-26T06:51:22.912+0000] {processor.py:183} INFO - Processing /home/airflow/.local/lib/python3.12/site-packages/airflow/example_dags/example_complex.py took 1.517 seconds
[2024-06-26T06:52:06.773+0000] {processor.py:161} INFO - Started process (PID=1102) to work on /home/airflow/.local/lib/python3.12/site-packages/airflow/example_dags/example_complex.py
[2024-06-26T06:52:06.779+0000] {processor.py:830} INFO - Processing file /home/airflow/.local/lib/python3.12/site-packages/airflow/example_dags/example_complex.py for tasks to queue
[2024-06-26T06:52:06.786+0000] {logging_mixin.py:188} INFO - [2024-06-26T06:52:06.785+0000] {dagbag.py:545} INFO - Filling up the DagBag from /home/airflow/.local/lib/python3.12/site-packages/airflow/example_dags/example_complex.py
[2024-06-26T06:52:06.837+0000] {processor.py:840} INFO - DAG(s) 'example_complex' retrieved from /home/airflow/.local/lib/python3.12/site-packages/airflow/example_dags/example_complex.py
[2024-06-26T06:52:06.956+0000] {logging_mixin.py:188} INFO - [2024-06-26T06:52:06.955+0000] {dag.py:3096} INFO - Sync 1 DAGs
[2024-06-26T06:52:07.043+0000] {logging_mixin.py:188} INFO - [2024-06-26T06:52:07.042+0000] {dag.py:3954} INFO - Setting next_dagrun for example_complex to None, run_after=None
[2024-06-26T06:52:07.168+0000] {processor.py:183} INFO - Processing /home/airflow/.local/lib/python3.12/site-packages/airflow/example_dags/example_complex.py took 0.411 seconds
[2024-06-26T06:52:37.540+0000] {processor.py:161} INFO - Started process (PID=1164) to work on /home/airflow/.local/lib/python3.12/site-packages/airflow/example_dags/example_complex.py
[2024-06-26T06:52:37.545+0000] {processor.py:830} INFO - Processing file /home/airflow/.local/lib/python3.12/site-packages/airflow/example_dags/example_complex.py for tasks to queue
[2024-06-26T06:52:37.554+0000] {logging_mixin.py:188} INFO - [2024-06-26T06:52:37.553+0000] {dagbag.py:545} INFO - Filling up the DagBag from /home/airflow/.local/lib/python3.12/site-packages/airflow/example_dags/example_complex.py
[2024-06-26T06:52:37.637+0000] {processor.py:840} INFO - DAG(s) 'example_complex' retrieved from /home/airflow/.local/lib/python3.12/site-packages/airflow/example_dags/example_complex.py
[2024-06-26T06:52:37.809+0000] {logging_mixin.py:188} INFO - [2024-06-26T06:52:37.808+0000] {dag.py:3096} INFO - Sync 1 DAGs
[2024-06-26T06:52:37.875+0000] {logging_mixin.py:188} INFO - [2024-06-26T06:52:37.874+0000] {dag.py:3954} INFO - Setting next_dagrun for example_complex to None, run_after=None
[2024-06-26T06:52:37.971+0000] {processor.py:183} INFO - Processing /home/airflow/.local/lib/python3.12/site-packages/airflow/example_dags/example_complex.py took 0.451 seconds
[2024-06-26T06:53:08.284+0000] {processor.py:161} INFO - Started process (PID=1226) to work on /home/airflow/.local/lib/python3.12/site-packages/airflow/example_dags/example_complex.py
[2024-06-26T06:53:08.285+0000] {processor.py:830} INFO - Processing file /home/airflow/.local/lib/python3.12/site-packages/airflow/example_dags/example_complex.py for tasks to queue
[2024-06-26T06:53:08.287+0000] {logging_mixin.py:188} INFO - [2024-06-26T06:53:08.287+0000] {dagbag.py:545} INFO - Filling up the DagBag from /home/airflow/.local/lib/python3.12/site-packages/airflow/example_dags/example_complex.py
[2024-06-26T06:53:08.298+0000] {processor.py:840} INFO - DAG(s) 'example_complex' retrieved from /home/airflow/.local/lib/python3.12/site-packages/airflow/example_dags/example_complex.py
[2024-06-26T06:53:08.339+0000] {logging_mixin.py:188} INFO - [2024-06-26T06:53:08.339+0000] {dag.py:3096} INFO - Sync 1 DAGs
[2024-06-26T06:53:08.354+0000] {logging_mixin.py:188} INFO - [2024-06-26T06:53:08.354+0000] {dag.py:3954} INFO - Setting next_dagrun for example_complex to None, run_after=None
[2024-06-26T06:53:08.377+0000] {processor.py:183} INFO - Processing /home/airflow/.local/lib/python3.12/site-packages/airflow/example_dags/example_complex.py took 0.099 seconds
[2024-06-26T06:53:38.661+0000] {processor.py:161} INFO - Started process (PID=1288) to work on /home/airflow/.local/lib/python3.12/site-packages/airflow/example_dags/example_complex.py
[2024-06-26T06:53:38.662+0000] {processor.py:830} INFO - Processing file /home/airflow/.local/lib/python3.12/site-packages/airflow/example_dags/example_complex.py for tasks to queue
[2024-06-26T06:53:38.664+0000] {logging_mixin.py:188} INFO - [2024-06-26T06:53:38.664+0000] {dagbag.py:545} INFO - Filling up the DagBag from /home/airflow/.local/lib/python3.12/site-packages/airflow/example_dags/example_complex.py
[2024-06-26T06:53:38.676+0000] {processor.py:840} INFO - DAG(s) 'example_complex' retrieved from /home/airflow/.local/lib/python3.12/site-packages/airflow/example_dags/example_complex.py
[2024-06-26T06:53:38.714+0000] {logging_mixin.py:188} INFO - [2024-06-26T06:53:38.714+0000] {dag.py:3096} INFO - Sync 1 DAGs
[2024-06-26T06:53:38.732+0000] {logging_mixin.py:188} INFO - [2024-06-26T06:53:38.731+0000] {dag.py:3954} INFO - Setting next_dagrun for example_complex to None, run_after=None
[2024-06-26T06:53:38.757+0000] {processor.py:183} INFO - Processing /home/airflow/.local/lib/python3.12/site-packages/airflow/example_dags/example_complex.py took 0.102 seconds
[2024-06-26T06:54:27.795+0000] {processor.py:161} INFO - Started process (PID=1375) to work on /home/airflow/.local/lib/python3.12/site-packages/airflow/example_dags/example_complex.py
[2024-06-26T06:54:27.837+0000] {processor.py:830} INFO - Processing file /home/airflow/.local/lib/python3.12/site-packages/airflow/example_dags/example_complex.py for tasks to queue
[2024-06-26T06:54:27.898+0000] {logging_mixin.py:188} INFO - [2024-06-26T06:54:27.896+0000] {dagbag.py:545} INFO - Filling up the DagBag from /home/airflow/.local/lib/python3.12/site-packages/airflow/example_dags/example_complex.py
[2024-06-26T06:54:28.084+0000] {processor.py:840} INFO - DAG(s) 'example_complex' retrieved from /home/airflow/.local/lib/python3.12/site-packages/airflow/example_dags/example_complex.py
[2024-06-26T06:54:29.097+0000] {logging_mixin.py:188} INFO - [2024-06-26T06:54:29.096+0000] {dag.py:3096} INFO - Sync 1 DAGs
[2024-06-26T06:54:29.272+0000] {logging_mixin.py:188} INFO - [2024-06-26T06:54:29.271+0000] {dag.py:3954} INFO - Setting next_dagrun for example_complex to None, run_after=None
[2024-06-26T06:54:29.410+0000] {processor.py:183} INFO - Processing /home/airflow/.local/lib/python3.12/site-packages/airflow/example_dags/example_complex.py took 1.669 seconds
[2024-06-26T06:56:07.267+0000] {processor.py:161} INFO - Started process (PID=1456) to work on /home/airflow/.local/lib/python3.12/site-packages/airflow/example_dags/example_complex.py
[2024-06-26T06:56:07.278+0000] {processor.py:830} INFO - Processing file /home/airflow/.local/lib/python3.12/site-packages/airflow/example_dags/example_complex.py for tasks to queue
[2024-06-26T06:56:07.283+0000] {logging_mixin.py:188} INFO - [2024-06-26T06:56:07.282+0000] {dagbag.py:545} INFO - Filling up the DagBag from /home/airflow/.local/lib/python3.12/site-packages/airflow/example_dags/example_complex.py
[2024-06-26T06:56:07.452+0000] {processor.py:840} INFO - DAG(s) 'example_complex' retrieved from /home/airflow/.local/lib/python3.12/site-packages/airflow/example_dags/example_complex.py
[2024-06-26T06:56:08.250+0000] {logging_mixin.py:188} INFO - [2024-06-26T06:56:08.249+0000] {dag.py:3096} INFO - Sync 1 DAGs
[2024-06-26T06:56:08.657+0000] {logging_mixin.py:188} INFO - [2024-06-26T06:56:08.656+0000] {dag.py:3954} INFO - Setting next_dagrun for example_complex to None, run_after=None
[2024-06-26T06:56:08.975+0000] {processor.py:183} INFO - Processing /home/airflow/.local/lib/python3.12/site-packages/airflow/example_dags/example_complex.py took 1.789 seconds
[2024-06-26T06:57:02.841+0000] {processor.py:161} INFO - Started process (PID=1519) to work on /home/airflow/.local/lib/python3.12/site-packages/airflow/example_dags/example_complex.py
[2024-06-26T06:57:02.845+0000] {processor.py:830} INFO - Processing file /home/airflow/.local/lib/python3.12/site-packages/airflow/example_dags/example_complex.py for tasks to queue
[2024-06-26T06:57:02.862+0000] {logging_mixin.py:188} INFO - [2024-06-26T06:57:02.860+0000] {dagbag.py:545} INFO - Filling up the DagBag from /home/airflow/.local/lib/python3.12/site-packages/airflow/example_dags/example_complex.py
[2024-06-26T06:57:03.041+0000] {processor.py:840} INFO - DAG(s) 'example_complex' retrieved from /home/airflow/.local/lib/python3.12/site-packages/airflow/example_dags/example_complex.py
[2024-06-26T06:57:03.524+0000] {logging_mixin.py:188} INFO - [2024-06-26T06:57:03.523+0000] {dag.py:3096} INFO - Sync 1 DAGs
[2024-06-26T06:57:03.697+0000] {logging_mixin.py:188} INFO - [2024-06-26T06:57:03.696+0000] {dag.py:3954} INFO - Setting next_dagrun for example_complex to None, run_after=None
[2024-06-26T06:57:03.939+0000] {processor.py:183} INFO - Processing /home/airflow/.local/lib/python3.12/site-packages/airflow/example_dags/example_complex.py took 1.181 seconds
[2024-06-26T06:58:17.234+0000] {processor.py:161} INFO - Started process (PID=1607) to work on /home/airflow/.local/lib/python3.12/site-packages/airflow/example_dags/example_complex.py
[2024-06-26T06:58:17.248+0000] {processor.py:830} INFO - Processing file /home/airflow/.local/lib/python3.12/site-packages/airflow/example_dags/example_complex.py for tasks to queue
[2024-06-26T06:58:17.263+0000] {logging_mixin.py:188} INFO - [2024-06-26T06:58:17.262+0000] {dagbag.py:545} INFO - Filling up the DagBag from /home/airflow/.local/lib/python3.12/site-packages/airflow/example_dags/example_complex.py
[2024-06-26T06:58:17.442+0000] {processor.py:840} INFO - DAG(s) 'example_complex' retrieved from /home/airflow/.local/lib/python3.12/site-packages/airflow/example_dags/example_complex.py
[2024-06-26T06:58:17.922+0000] {logging_mixin.py:188} INFO - [2024-06-26T06:58:17.910+0000] {dag.py:3096} INFO - Sync 1 DAGs
[2024-06-26T06:58:18.026+0000] {logging_mixin.py:188} INFO - [2024-06-26T06:58:18.025+0000] {dag.py:3954} INFO - Setting next_dagrun for example_complex to None, run_after=None
[2024-06-26T06:58:18.746+0000] {processor.py:183} INFO - Processing /home/airflow/.local/lib/python3.12/site-packages/airflow/example_dags/example_complex.py took 1.581 seconds
[2024-06-26T06:59:12.278+0000] {processor.py:161} INFO - Started process (PID=1683) to work on /home/airflow/.local/lib/python3.12/site-packages/airflow/example_dags/example_complex.py
[2024-06-26T06:59:12.346+0000] {processor.py:830} INFO - Processing file /home/airflow/.local/lib/python3.12/site-packages/airflow/example_dags/example_complex.py for tasks to queue
[2024-06-26T06:59:12.430+0000] {logging_mixin.py:188} INFO - [2024-06-26T06:59:12.429+0000] {dagbag.py:545} INFO - Filling up the DagBag from /home/airflow/.local/lib/python3.12/site-packages/airflow/example_dags/example_complex.py
[2024-06-26T06:59:12.608+0000] {processor.py:840} INFO - DAG(s) 'example_complex' retrieved from /home/airflow/.local/lib/python3.12/site-packages/airflow/example_dags/example_complex.py
[2024-06-26T06:59:12.961+0000] {logging_mixin.py:188} INFO - [2024-06-26T06:59:12.959+0000] {dag.py:3096} INFO - Sync 1 DAGs
[2024-06-26T06:59:13.153+0000] {logging_mixin.py:188} INFO - [2024-06-26T06:59:13.152+0000] {dag.py:3954} INFO - Setting next_dagrun for example_complex to None, run_after=None
[2024-06-26T06:59:13.364+0000] {processor.py:183} INFO - Processing /home/airflow/.local/lib/python3.12/site-packages/airflow/example_dags/example_complex.py took 1.165 seconds
[2024-06-26T06:59:58.656+0000] {processor.py:161} INFO - Started process (PID=1757) to work on /home/airflow/.local/lib/python3.12/site-packages/airflow/example_dags/example_complex.py
[2024-06-26T06:59:58.701+0000] {processor.py:830} INFO - Processing file /home/airflow/.local/lib/python3.12/site-packages/airflow/example_dags/example_complex.py for tasks to queue
[2024-06-26T06:59:58.713+0000] {logging_mixin.py:188} INFO - [2024-06-26T06:59:58.711+0000] {dagbag.py:545} INFO - Filling up the DagBag from /home/airflow/.local/lib/python3.12/site-packages/airflow/example_dags/example_complex.py
[2024-06-26T06:59:58.899+0000] {processor.py:840} INFO - DAG(s) 'example_complex' retrieved from /home/airflow/.local/lib/python3.12/site-packages/airflow/example_dags/example_complex.py
[2024-06-26T06:59:59.325+0000] {logging_mixin.py:188} INFO - [2024-06-26T06:59:59.320+0000] {dag.py:3096} INFO - Sync 1 DAGs
[2024-06-26T06:59:59.570+0000] {logging_mixin.py:188} INFO - [2024-06-26T06:59:59.569+0000] {dag.py:3954} INFO - Setting next_dagrun for example_complex to None, run_after=None
[2024-06-26T06:59:59.931+0000] {processor.py:183} INFO - Processing /home/airflow/.local/lib/python3.12/site-packages/airflow/example_dags/example_complex.py took 1.362 seconds
[2024-06-26T07:00:30.256+0000] {processor.py:161} INFO - Started process (PID=1820) to work on /home/airflow/.local/lib/python3.12/site-packages/airflow/example_dags/example_complex.py
[2024-06-26T07:00:30.257+0000] {processor.py:830} INFO - Processing file /home/airflow/.local/lib/python3.12/site-packages/airflow/example_dags/example_complex.py for tasks to queue
[2024-06-26T07:00:30.258+0000] {logging_mixin.py:188} INFO - [2024-06-26T07:00:30.258+0000] {dagbag.py:545} INFO - Filling up the DagBag from /home/airflow/.local/lib/python3.12/site-packages/airflow/example_dags/example_complex.py
[2024-06-26T07:00:30.270+0000] {processor.py:840} INFO - DAG(s) 'example_complex' retrieved from /home/airflow/.local/lib/python3.12/site-packages/airflow/example_dags/example_complex.py
[2024-06-26T07:00:30.303+0000] {logging_mixin.py:188} INFO - [2024-06-26T07:00:30.303+0000] {dag.py:3096} INFO - Sync 1 DAGs
[2024-06-26T07:00:30.316+0000] {logging_mixin.py:188} INFO - [2024-06-26T07:00:30.316+0000] {dag.py:3954} INFO - Setting next_dagrun for example_complex to None, run_after=None
[2024-06-26T07:00:30.340+0000] {processor.py:183} INFO - Processing /home/airflow/.local/lib/python3.12/site-packages/airflow/example_dags/example_complex.py took 0.089 seconds
[2024-06-26T07:01:00.786+0000] {processor.py:161} INFO - Started process (PID=1883) to work on /home/airflow/.local/lib/python3.12/site-packages/airflow/example_dags/example_complex.py
[2024-06-26T07:01:00.787+0000] {processor.py:830} INFO - Processing file /home/airflow/.local/lib/python3.12/site-packages/airflow/example_dags/example_complex.py for tasks to queue
[2024-06-26T07:01:00.788+0000] {logging_mixin.py:188} INFO - [2024-06-26T07:01:00.788+0000] {dagbag.py:545} INFO - Filling up the DagBag from /home/airflow/.local/lib/python3.12/site-packages/airflow/example_dags/example_complex.py
[2024-06-26T07:01:00.800+0000] {processor.py:840} INFO - DAG(s) 'example_complex' retrieved from /home/airflow/.local/lib/python3.12/site-packages/airflow/example_dags/example_complex.py
[2024-06-26T07:01:00.844+0000] {logging_mixin.py:188} INFO - [2024-06-26T07:01:00.843+0000] {dag.py:3096} INFO - Sync 1 DAGs
[2024-06-26T07:01:00.859+0000] {logging_mixin.py:188} INFO - [2024-06-26T07:01:00.859+0000] {dag.py:3954} INFO - Setting next_dagrun for example_complex to None, run_after=None
[2024-06-26T07:01:00.889+0000] {processor.py:183} INFO - Processing /home/airflow/.local/lib/python3.12/site-packages/airflow/example_dags/example_complex.py took 0.110 seconds
[2024-06-26T07:01:31.266+0000] {processor.py:161} INFO - Started process (PID=1946) to work on /home/airflow/.local/lib/python3.12/site-packages/airflow/example_dags/example_complex.py
[2024-06-26T07:01:31.267+0000] {processor.py:830} INFO - Processing file /home/airflow/.local/lib/python3.12/site-packages/airflow/example_dags/example_complex.py for tasks to queue
[2024-06-26T07:01:31.269+0000] {logging_mixin.py:188} INFO - [2024-06-26T07:01:31.269+0000] {dagbag.py:545} INFO - Filling up the DagBag from /home/airflow/.local/lib/python3.12/site-packages/airflow/example_dags/example_complex.py
[2024-06-26T07:01:31.285+0000] {processor.py:840} INFO - DAG(s) 'example_complex' retrieved from /home/airflow/.local/lib/python3.12/site-packages/airflow/example_dags/example_complex.py
[2024-06-26T07:01:31.337+0000] {logging_mixin.py:188} INFO - [2024-06-26T07:01:31.336+0000] {dag.py:3096} INFO - Sync 1 DAGs
[2024-06-26T07:01:31.356+0000] {logging_mixin.py:188} INFO - [2024-06-26T07:01:31.356+0000] {dag.py:3954} INFO - Setting next_dagrun for example_complex to None, run_after=None
[2024-06-26T07:01:31.393+0000] {processor.py:183} INFO - Processing /home/airflow/.local/lib/python3.12/site-packages/airflow/example_dags/example_complex.py took 0.136 seconds
[2024-06-26T07:02:01.441+0000] {processor.py:161} INFO - Started process (PID=2009) to work on /home/airflow/.local/lib/python3.12/site-packages/airflow/example_dags/example_complex.py
[2024-06-26T07:02:01.442+0000] {processor.py:830} INFO - Processing file /home/airflow/.local/lib/python3.12/site-packages/airflow/example_dags/example_complex.py for tasks to queue
[2024-06-26T07:02:01.442+0000] {logging_mixin.py:188} INFO - [2024-06-26T07:02:01.442+0000] {dagbag.py:545} INFO - Filling up the DagBag from /home/airflow/.local/lib/python3.12/site-packages/airflow/example_dags/example_complex.py
[2024-06-26T07:02:01.450+0000] {processor.py:840} INFO - DAG(s) 'example_complex' retrieved from /home/airflow/.local/lib/python3.12/site-packages/airflow/example_dags/example_complex.py
[2024-06-26T07:02:01.476+0000] {logging_mixin.py:188} INFO - [2024-06-26T07:02:01.476+0000] {dag.py:3096} INFO - Sync 1 DAGs
[2024-06-26T07:02:01.486+0000] {logging_mixin.py:188} INFO - [2024-06-26T07:02:01.486+0000] {dag.py:3954} INFO - Setting next_dagrun for example_complex to None, run_after=None
[2024-06-26T07:02:01.506+0000] {processor.py:183} INFO - Processing /home/airflow/.local/lib/python3.12/site-packages/airflow/example_dags/example_complex.py took 0.070 seconds
[2024-06-26T07:02:31.901+0000] {processor.py:161} INFO - Started process (PID=2072) to work on /home/airflow/.local/lib/python3.12/site-packages/airflow/example_dags/example_complex.py
[2024-06-26T07:02:31.902+0000] {processor.py:830} INFO - Processing file /home/airflow/.local/lib/python3.12/site-packages/airflow/example_dags/example_complex.py for tasks to queue
[2024-06-26T07:02:31.903+0000] {logging_mixin.py:188} INFO - [2024-06-26T07:02:31.903+0000] {dagbag.py:545} INFO - Filling up the DagBag from /home/airflow/.local/lib/python3.12/site-packages/airflow/example_dags/example_complex.py
[2024-06-26T07:02:31.911+0000] {processor.py:840} INFO - DAG(s) 'example_complex' retrieved from /home/airflow/.local/lib/python3.12/site-packages/airflow/example_dags/example_complex.py
[2024-06-26T07:02:31.936+0000] {logging_mixin.py:188} INFO - [2024-06-26T07:02:31.936+0000] {dag.py:3096} INFO - Sync 1 DAGs
[2024-06-26T07:02:31.947+0000] {logging_mixin.py:188} INFO - [2024-06-26T07:02:31.946+0000] {dag.py:3954} INFO - Setting next_dagrun for example_complex to None, run_after=None
[2024-06-26T07:02:32.072+0000] {processor.py:183} INFO - Processing /home/airflow/.local/lib/python3.12/site-packages/airflow/example_dags/example_complex.py took 0.177 seconds
[2024-06-26T07:03:02.123+0000] {processor.py:161} INFO - Started process (PID=2135) to work on /home/airflow/.local/lib/python3.12/site-packages/airflow/example_dags/example_complex.py
[2024-06-26T07:03:02.124+0000] {processor.py:830} INFO - Processing file /home/airflow/.local/lib/python3.12/site-packages/airflow/example_dags/example_complex.py for tasks to queue
[2024-06-26T07:03:02.125+0000] {logging_mixin.py:188} INFO - [2024-06-26T07:03:02.125+0000] {dagbag.py:545} INFO - Filling up the DagBag from /home/airflow/.local/lib/python3.12/site-packages/airflow/example_dags/example_complex.py
[2024-06-26T07:03:02.137+0000] {processor.py:840} INFO - DAG(s) 'example_complex' retrieved from /home/airflow/.local/lib/python3.12/site-packages/airflow/example_dags/example_complex.py
[2024-06-26T07:03:02.179+0000] {logging_mixin.py:188} INFO - [2024-06-26T07:03:02.178+0000] {dag.py:3096} INFO - Sync 1 DAGs
[2024-06-26T07:03:02.195+0000] {logging_mixin.py:188} INFO - [2024-06-26T07:03:02.195+0000] {dag.py:3954} INFO - Setting next_dagrun for example_complex to None, run_after=None
[2024-06-26T07:03:02.229+0000] {processor.py:183} INFO - Processing /home/airflow/.local/lib/python3.12/site-packages/airflow/example_dags/example_complex.py took 0.113 seconds
[2024-06-26T07:03:32.871+0000] {processor.py:161} INFO - Started process (PID=2200) to work on /home/airflow/.local/lib/python3.12/site-packages/airflow/example_dags/example_complex.py
[2024-06-26T07:03:32.873+0000] {processor.py:830} INFO - Processing file /home/airflow/.local/lib/python3.12/site-packages/airflow/example_dags/example_complex.py for tasks to queue
[2024-06-26T07:03:32.874+0000] {logging_mixin.py:188} INFO - [2024-06-26T07:03:32.874+0000] {dagbag.py:545} INFO - Filling up the DagBag from /home/airflow/.local/lib/python3.12/site-packages/airflow/example_dags/example_complex.py
[2024-06-26T07:03:32.888+0000] {processor.py:840} INFO - DAG(s) 'example_complex' retrieved from /home/airflow/.local/lib/python3.12/site-packages/airflow/example_dags/example_complex.py
[2024-06-26T07:03:32.935+0000] {logging_mixin.py:188} INFO - [2024-06-26T07:03:32.934+0000] {dag.py:3096} INFO - Sync 1 DAGs
[2024-06-26T07:03:32.952+0000] {logging_mixin.py:188} INFO - [2024-06-26T07:03:32.951+0000] {dag.py:3954} INFO - Setting next_dagrun for example_complex to None, run_after=None
[2024-06-26T07:03:32.982+0000] {processor.py:183} INFO - Processing /home/airflow/.local/lib/python3.12/site-packages/airflow/example_dags/example_complex.py took 0.118 seconds
[2024-06-26T07:04:03.551+0000] {processor.py:161} INFO - Started process (PID=2265) to work on /home/airflow/.local/lib/python3.12/site-packages/airflow/example_dags/example_complex.py
[2024-06-26T07:04:03.554+0000] {processor.py:830} INFO - Processing file /home/airflow/.local/lib/python3.12/site-packages/airflow/example_dags/example_complex.py for tasks to queue
[2024-06-26T07:04:03.556+0000] {logging_mixin.py:188} INFO - [2024-06-26T07:04:03.556+0000] {dagbag.py:545} INFO - Filling up the DagBag from /home/airflow/.local/lib/python3.12/site-packages/airflow/example_dags/example_complex.py
[2024-06-26T07:04:03.578+0000] {processor.py:840} INFO - DAG(s) 'example_complex' retrieved from /home/airflow/.local/lib/python3.12/site-packages/airflow/example_dags/example_complex.py
[2024-06-26T07:04:03.661+0000] {logging_mixin.py:188} INFO - [2024-06-26T07:04:03.660+0000] {dag.py:3096} INFO - Sync 1 DAGs
[2024-06-26T07:04:03.688+0000] {logging_mixin.py:188} INFO - [2024-06-26T07:04:03.688+0000] {dag.py:3954} INFO - Setting next_dagrun for example_complex to None, run_after=None
[2024-06-26T07:04:03.741+0000] {processor.py:183} INFO - Processing /home/airflow/.local/lib/python3.12/site-packages/airflow/example_dags/example_complex.py took 0.200 seconds
[2024-06-26T07:04:34.274+0000] {processor.py:161} INFO - Started process (PID=2329) to work on /home/airflow/.local/lib/python3.12/site-packages/airflow/example_dags/example_complex.py
[2024-06-26T07:04:34.280+0000] {processor.py:830} INFO - Processing file /home/airflow/.local/lib/python3.12/site-packages/airflow/example_dags/example_complex.py for tasks to queue
[2024-06-26T07:04:34.284+0000] {logging_mixin.py:188} INFO - [2024-06-26T07:04:34.283+0000] {dagbag.py:545} INFO - Filling up the DagBag from /home/airflow/.local/lib/python3.12/site-packages/airflow/example_dags/example_complex.py
[2024-06-26T07:04:34.340+0000] {processor.py:840} INFO - DAG(s) 'example_complex' retrieved from /home/airflow/.local/lib/python3.12/site-packages/airflow/example_dags/example_complex.py
[2024-06-26T07:04:34.907+0000] {logging_mixin.py:188} INFO - [2024-06-26T07:04:34.906+0000] {dag.py:3096} INFO - Sync 1 DAGs
[2024-06-26T07:04:34.959+0000] {logging_mixin.py:188} INFO - [2024-06-26T07:04:34.958+0000] {dag.py:3954} INFO - Setting next_dagrun for example_complex to None, run_after=None
[2024-06-26T07:04:35.068+0000] {processor.py:183} INFO - Processing /home/airflow/.local/lib/python3.12/site-packages/airflow/example_dags/example_complex.py took 0.824 seconds
[2024-06-26T07:05:05.721+0000] {processor.py:161} INFO - Started process (PID=2392) to work on /home/airflow/.local/lib/python3.12/site-packages/airflow/example_dags/example_complex.py
[2024-06-26T07:05:05.723+0000] {processor.py:830} INFO - Processing file /home/airflow/.local/lib/python3.12/site-packages/airflow/example_dags/example_complex.py for tasks to queue
[2024-06-26T07:05:05.724+0000] {logging_mixin.py:188} INFO - [2024-06-26T07:05:05.724+0000] {dagbag.py:545} INFO - Filling up the DagBag from /home/airflow/.local/lib/python3.12/site-packages/airflow/example_dags/example_complex.py
[2024-06-26T07:05:05.735+0000] {processor.py:840} INFO - DAG(s) 'example_complex' retrieved from /home/airflow/.local/lib/python3.12/site-packages/airflow/example_dags/example_complex.py
[2024-06-26T07:05:05.773+0000] {logging_mixin.py:188} INFO - [2024-06-26T07:05:05.773+0000] {dag.py:3096} INFO - Sync 1 DAGs
[2024-06-26T07:05:05.788+0000] {logging_mixin.py:188} INFO - [2024-06-26T07:05:05.788+0000] {dag.py:3954} INFO - Setting next_dagrun for example_complex to None, run_after=None
[2024-06-26T07:05:05.813+0000] {processor.py:183} INFO - Processing /home/airflow/.local/lib/python3.12/site-packages/airflow/example_dags/example_complex.py took 0.098 seconds
[2024-06-26T07:05:36.422+0000] {processor.py:161} INFO - Started process (PID=2459) to work on /home/airflow/.local/lib/python3.12/site-packages/airflow/example_dags/example_complex.py
[2024-06-26T07:05:36.424+0000] {processor.py:830} INFO - Processing file /home/airflow/.local/lib/python3.12/site-packages/airflow/example_dags/example_complex.py for tasks to queue
[2024-06-26T07:05:36.425+0000] {logging_mixin.py:188} INFO - [2024-06-26T07:05:36.425+0000] {dagbag.py:545} INFO - Filling up the DagBag from /home/airflow/.local/lib/python3.12/site-packages/airflow/example_dags/example_complex.py
[2024-06-26T07:05:36.436+0000] {processor.py:840} INFO - DAG(s) 'example_complex' retrieved from /home/airflow/.local/lib/python3.12/site-packages/airflow/example_dags/example_complex.py
[2024-06-26T07:05:36.473+0000] {logging_mixin.py:188} INFO - [2024-06-26T07:05:36.473+0000] {dag.py:3096} INFO - Sync 1 DAGs
[2024-06-26T07:05:36.488+0000] {logging_mixin.py:188} INFO - [2024-06-26T07:05:36.488+0000] {dag.py:3954} INFO - Setting next_dagrun for example_complex to None, run_after=None
[2024-06-26T07:05:36.515+0000] {processor.py:183} INFO - Processing /home/airflow/.local/lib/python3.12/site-packages/airflow/example_dags/example_complex.py took 0.098 seconds
[2024-06-26T07:06:06.888+0000] {processor.py:161} INFO - Started process (PID=2521) to work on /home/airflow/.local/lib/python3.12/site-packages/airflow/example_dags/example_complex.py
[2024-06-26T07:06:06.889+0000] {processor.py:830} INFO - Processing file /home/airflow/.local/lib/python3.12/site-packages/airflow/example_dags/example_complex.py for tasks to queue
[2024-06-26T07:06:06.890+0000] {logging_mixin.py:188} INFO - [2024-06-26T07:06:06.890+0000] {dagbag.py:545} INFO - Filling up the DagBag from /home/airflow/.local/lib/python3.12/site-packages/airflow/example_dags/example_complex.py
[2024-06-26T07:06:06.898+0000] {processor.py:840} INFO - DAG(s) 'example_complex' retrieved from /home/airflow/.local/lib/python3.12/site-packages/airflow/example_dags/example_complex.py
[2024-06-26T07:06:06.923+0000] {logging_mixin.py:188} INFO - [2024-06-26T07:06:06.923+0000] {dag.py:3096} INFO - Sync 1 DAGs
[2024-06-26T07:06:06.933+0000] {logging_mixin.py:188} INFO - [2024-06-26T07:06:06.933+0000] {dag.py:3954} INFO - Setting next_dagrun for example_complex to None, run_after=None
[2024-06-26T07:06:06.952+0000] {processor.py:183} INFO - Processing /home/airflow/.local/lib/python3.12/site-packages/airflow/example_dags/example_complex.py took 0.068 seconds
[2024-06-26T07:06:37.513+0000] {processor.py:161} INFO - Started process (PID=2583) to work on /home/airflow/.local/lib/python3.12/site-packages/airflow/example_dags/example_complex.py
[2024-06-26T07:06:37.514+0000] {processor.py:830} INFO - Processing file /home/airflow/.local/lib/python3.12/site-packages/airflow/example_dags/example_complex.py for tasks to queue
[2024-06-26T07:06:37.515+0000] {logging_mixin.py:188} INFO - [2024-06-26T07:06:37.514+0000] {dagbag.py:545} INFO - Filling up the DagBag from /home/airflow/.local/lib/python3.12/site-packages/airflow/example_dags/example_complex.py
[2024-06-26T07:06:37.522+0000] {processor.py:840} INFO - DAG(s) 'example_complex' retrieved from /home/airflow/.local/lib/python3.12/site-packages/airflow/example_dags/example_complex.py
[2024-06-26T07:06:37.546+0000] {logging_mixin.py:188} INFO - [2024-06-26T07:06:37.546+0000] {dag.py:3096} INFO - Sync 1 DAGs
[2024-06-26T07:06:37.556+0000] {logging_mixin.py:188} INFO - [2024-06-26T07:06:37.556+0000] {dag.py:3954} INFO - Setting next_dagrun for example_complex to None, run_after=None
[2024-06-26T07:06:37.574+0000] {processor.py:183} INFO - Processing /home/airflow/.local/lib/python3.12/site-packages/airflow/example_dags/example_complex.py took 0.066 seconds
[2024-06-26T07:07:10.717+0000] {processor.py:161} INFO - Started process (PID=2645) to work on /home/airflow/.local/lib/python3.12/site-packages/airflow/example_dags/example_complex.py
[2024-06-26T07:07:10.720+0000] {processor.py:830} INFO - Processing file /home/airflow/.local/lib/python3.12/site-packages/airflow/example_dags/example_complex.py for tasks to queue
[2024-06-26T07:07:10.724+0000] {logging_mixin.py:188} INFO - [2024-06-26T07:07:10.723+0000] {dagbag.py:545} INFO - Filling up the DagBag from /home/airflow/.local/lib/python3.12/site-packages/airflow/example_dags/example_complex.py
[2024-06-26T07:07:10.779+0000] {processor.py:840} INFO - DAG(s) 'example_complex' retrieved from /home/airflow/.local/lib/python3.12/site-packages/airflow/example_dags/example_complex.py
[2024-06-26T07:07:10.979+0000] {logging_mixin.py:188} INFO - [2024-06-26T07:07:10.978+0000] {dag.py:3096} INFO - Sync 1 DAGs
[2024-06-26T07:07:11.084+0000] {logging_mixin.py:188} INFO - [2024-06-26T07:07:11.083+0000] {dag.py:3954} INFO - Setting next_dagrun for example_complex to None, run_after=None
[2024-06-26T07:07:11.207+0000] {processor.py:183} INFO - Processing /home/airflow/.local/lib/python3.12/site-packages/airflow/example_dags/example_complex.py took 0.513 seconds
[2024-06-26T07:07:41.979+0000] {processor.py:161} INFO - Started process (PID=2707) to work on /home/airflow/.local/lib/python3.12/site-packages/airflow/example_dags/example_complex.py
[2024-06-26T07:07:41.984+0000] {processor.py:830} INFO - Processing file /home/airflow/.local/lib/python3.12/site-packages/airflow/example_dags/example_complex.py for tasks to queue
[2024-06-26T07:07:41.989+0000] {logging_mixin.py:188} INFO - [2024-06-26T07:07:41.987+0000] {dagbag.py:545} INFO - Filling up the DagBag from /home/airflow/.local/lib/python3.12/site-packages/airflow/example_dags/example_complex.py
[2024-06-26T07:07:42.055+0000] {processor.py:840} INFO - DAG(s) 'example_complex' retrieved from /home/airflow/.local/lib/python3.12/site-packages/airflow/example_dags/example_complex.py
[2024-06-26T07:07:42.586+0000] {logging_mixin.py:188} INFO - [2024-06-26T07:07:42.584+0000] {dag.py:3096} INFO - Sync 1 DAGs
[2024-06-26T07:07:43.143+0000] {logging_mixin.py:188} INFO - [2024-06-26T07:07:43.142+0000] {dag.py:3954} INFO - Setting next_dagrun for example_complex to None, run_after=None
[2024-06-26T07:07:43.446+0000] {processor.py:183} INFO - Processing /home/airflow/.local/lib/python3.12/site-packages/airflow/example_dags/example_complex.py took 1.496 seconds
[2024-06-26T07:08:14.409+0000] {processor.py:161} INFO - Started process (PID=2776) to work on /home/airflow/.local/lib/python3.12/site-packages/airflow/example_dags/example_complex.py
[2024-06-26T07:08:14.413+0000] {processor.py:830} INFO - Processing file /home/airflow/.local/lib/python3.12/site-packages/airflow/example_dags/example_complex.py for tasks to queue
[2024-06-26T07:08:14.416+0000] {logging_mixin.py:188} INFO - [2024-06-26T07:08:14.415+0000] {dagbag.py:545} INFO - Filling up the DagBag from /home/airflow/.local/lib/python3.12/site-packages/airflow/example_dags/example_complex.py
[2024-06-26T07:08:14.454+0000] {processor.py:840} INFO - DAG(s) 'example_complex' retrieved from /home/airflow/.local/lib/python3.12/site-packages/airflow/example_dags/example_complex.py
[2024-06-26T07:08:14.577+0000] {logging_mixin.py:188} INFO - [2024-06-26T07:08:14.576+0000] {dag.py:3096} INFO - Sync 1 DAGs
[2024-06-26T07:08:14.640+0000] {logging_mixin.py:188} INFO - [2024-06-26T07:08:14.639+0000] {dag.py:3954} INFO - Setting next_dagrun for example_complex to None, run_after=None
[2024-06-26T07:08:14.705+0000] {processor.py:183} INFO - Processing /home/airflow/.local/lib/python3.12/site-packages/airflow/example_dags/example_complex.py took 0.315 seconds
[2024-06-26T07:08:48.007+0000] {processor.py:161} INFO - Started process (PID=2838) to work on /home/airflow/.local/lib/python3.12/site-packages/airflow/example_dags/example_complex.py
[2024-06-26T07:08:48.017+0000] {processor.py:830} INFO - Processing file /home/airflow/.local/lib/python3.12/site-packages/airflow/example_dags/example_complex.py for tasks to queue
[2024-06-26T07:08:48.083+0000] {logging_mixin.py:188} INFO - [2024-06-26T07:08:48.081+0000] {dagbag.py:545} INFO - Filling up the DagBag from /home/airflow/.local/lib/python3.12/site-packages/airflow/example_dags/example_complex.py
[2024-06-26T07:08:48.184+0000] {processor.py:840} INFO - DAG(s) 'example_complex' retrieved from /home/airflow/.local/lib/python3.12/site-packages/airflow/example_dags/example_complex.py
[2024-06-26T07:08:48.392+0000] {logging_mixin.py:188} INFO - [2024-06-26T07:08:48.391+0000] {dag.py:3096} INFO - Sync 1 DAGs
[2024-06-26T07:08:48.459+0000] {logging_mixin.py:188} INFO - [2024-06-26T07:08:48.458+0000] {dag.py:3954} INFO - Setting next_dagrun for example_complex to None, run_after=None
[2024-06-26T07:08:48.561+0000] {processor.py:183} INFO - Processing /home/airflow/.local/lib/python3.12/site-packages/airflow/example_dags/example_complex.py took 0.576 seconds
[2024-06-26T07:09:32.657+0000] {processor.py:161} INFO - Started process (PID=2901) to work on /home/airflow/.local/lib/python3.12/site-packages/airflow/example_dags/example_complex.py
[2024-06-26T07:09:32.737+0000] {processor.py:830} INFO - Processing file /home/airflow/.local/lib/python3.12/site-packages/airflow/example_dags/example_complex.py for tasks to queue
[2024-06-26T07:09:32.750+0000] {logging_mixin.py:188} INFO - [2024-06-26T07:09:32.749+0000] {dagbag.py:545} INFO - Filling up the DagBag from /home/airflow/.local/lib/python3.12/site-packages/airflow/example_dags/example_complex.py
[2024-06-26T07:09:32.959+0000] {processor.py:840} INFO - DAG(s) 'example_complex' retrieved from /home/airflow/.local/lib/python3.12/site-packages/airflow/example_dags/example_complex.py
[2024-06-26T07:09:33.306+0000] {logging_mixin.py:188} INFO - [2024-06-26T07:09:33.305+0000] {dag.py:3096} INFO - Sync 1 DAGs
[2024-06-26T07:09:33.482+0000] {logging_mixin.py:188} INFO - [2024-06-26T07:09:33.481+0000] {dag.py:3954} INFO - Setting next_dagrun for example_complex to None, run_after=None
[2024-06-26T07:09:33.750+0000] {processor.py:183} INFO - Processing /home/airflow/.local/lib/python3.12/site-packages/airflow/example_dags/example_complex.py took 1.175 seconds
[2024-06-26T07:10:47.401+0000] {processor.py:161} INFO - Started process (PID=2982) to work on /home/airflow/.local/lib/python3.12/site-packages/airflow/example_dags/example_complex.py
[2024-06-26T07:10:47.405+0000] {processor.py:830} INFO - Processing file /home/airflow/.local/lib/python3.12/site-packages/airflow/example_dags/example_complex.py for tasks to queue
[2024-06-26T07:10:47.412+0000] {logging_mixin.py:188} INFO - [2024-06-26T07:10:47.411+0000] {dagbag.py:545} INFO - Filling up the DagBag from /home/airflow/.local/lib/python3.12/site-packages/airflow/example_dags/example_complex.py
[2024-06-26T07:10:47.479+0000] {processor.py:840} INFO - DAG(s) 'example_complex' retrieved from /home/airflow/.local/lib/python3.12/site-packages/airflow/example_dags/example_complex.py
[2024-06-26T07:10:47.732+0000] {logging_mixin.py:188} INFO - [2024-06-26T07:10:47.730+0000] {dag.py:3096} INFO - Sync 1 DAGs
[2024-06-26T07:10:47.805+0000] {logging_mixin.py:188} INFO - [2024-06-26T07:10:47.805+0000] {dag.py:3954} INFO - Setting next_dagrun for example_complex to None, run_after=None
[2024-06-26T07:10:48.000+0000] {processor.py:183} INFO - Processing /home/airflow/.local/lib/python3.12/site-packages/airflow/example_dags/example_complex.py took 0.633 seconds
[2024-06-26T07:11:18.277+0000] {processor.py:161} INFO - Started process (PID=3045) to work on /home/airflow/.local/lib/python3.12/site-packages/airflow/example_dags/example_complex.py
[2024-06-26T07:11:18.281+0000] {processor.py:830} INFO - Processing file /home/airflow/.local/lib/python3.12/site-packages/airflow/example_dags/example_complex.py for tasks to queue
[2024-06-26T07:11:18.286+0000] {logging_mixin.py:188} INFO - [2024-06-26T07:11:18.285+0000] {dagbag.py:545} INFO - Filling up the DagBag from /home/airflow/.local/lib/python3.12/site-packages/airflow/example_dags/example_complex.py
[2024-06-26T07:11:18.341+0000] {processor.py:840} INFO - DAG(s) 'example_complex' retrieved from /home/airflow/.local/lib/python3.12/site-packages/airflow/example_dags/example_complex.py
[2024-06-26T07:11:18.503+0000] {logging_mixin.py:188} INFO - [2024-06-26T07:11:18.501+0000] {dag.py:3096} INFO - Sync 1 DAGs
[2024-06-26T07:11:18.569+0000] {logging_mixin.py:188} INFO - [2024-06-26T07:11:18.568+0000] {dag.py:3954} INFO - Setting next_dagrun for example_complex to None, run_after=None
[2024-06-26T07:11:18.658+0000] {processor.py:183} INFO - Processing /home/airflow/.local/lib/python3.12/site-packages/airflow/example_dags/example_complex.py took 0.408 seconds
[2024-06-26T07:11:52.805+0000] {processor.py:161} INFO - Started process (PID=3112) to work on /home/airflow/.local/lib/python3.12/site-packages/airflow/example_dags/example_complex.py
[2024-06-26T07:11:52.812+0000] {processor.py:830} INFO - Processing file /home/airflow/.local/lib/python3.12/site-packages/airflow/example_dags/example_complex.py for tasks to queue
[2024-06-26T07:11:52.819+0000] {logging_mixin.py:188} INFO - [2024-06-26T07:11:52.817+0000] {dagbag.py:545} INFO - Filling up the DagBag from /home/airflow/.local/lib/python3.12/site-packages/airflow/example_dags/example_complex.py
[2024-06-26T07:11:52.879+0000] {processor.py:840} INFO - DAG(s) 'example_complex' retrieved from /home/airflow/.local/lib/python3.12/site-packages/airflow/example_dags/example_complex.py
[2024-06-26T07:11:53.056+0000] {logging_mixin.py:188} INFO - [2024-06-26T07:11:53.055+0000] {dag.py:3096} INFO - Sync 1 DAGs
[2024-06-26T07:11:53.121+0000] {logging_mixin.py:188} INFO - [2024-06-26T07:11:53.119+0000] {dag.py:3954} INFO - Setting next_dagrun for example_complex to None, run_after=None
[2024-06-26T07:11:53.225+0000] {processor.py:183} INFO - Processing /home/airflow/.local/lib/python3.12/site-packages/airflow/example_dags/example_complex.py took 0.459 seconds
[2024-06-26T07:12:38.452+0000] {processor.py:161} INFO - Started process (PID=3176) to work on /home/airflow/.local/lib/python3.12/site-packages/airflow/example_dags/example_complex.py
[2024-06-26T07:12:38.468+0000] {processor.py:830} INFO - Processing file /home/airflow/.local/lib/python3.12/site-packages/airflow/example_dags/example_complex.py for tasks to queue
[2024-06-26T07:12:38.523+0000] {logging_mixin.py:188} INFO - [2024-06-26T07:12:38.521+0000] {dagbag.py:545} INFO - Filling up the DagBag from /home/airflow/.local/lib/python3.12/site-packages/airflow/example_dags/example_complex.py
[2024-06-26T07:12:38.704+0000] {processor.py:840} INFO - DAG(s) 'example_complex' retrieved from /home/airflow/.local/lib/python3.12/site-packages/airflow/example_dags/example_complex.py
[2024-06-26T07:12:39.284+0000] {logging_mixin.py:188} INFO - [2024-06-26T07:12:39.283+0000] {dag.py:3096} INFO - Sync 1 DAGs
[2024-06-26T07:12:39.492+0000] {logging_mixin.py:188} INFO - [2024-06-26T07:12:39.491+0000] {dag.py:3954} INFO - Setting next_dagrun for example_complex to None, run_after=None
[2024-06-26T07:12:39.903+0000] {processor.py:183} INFO - Processing /home/airflow/.local/lib/python3.12/site-packages/airflow/example_dags/example_complex.py took 1.527 seconds
[2024-06-26T07:13:28.021+0000] {processor.py:161} INFO - Started process (PID=3253) to work on /home/airflow/.local/lib/python3.12/site-packages/airflow/example_dags/example_complex.py
[2024-06-26T07:13:28.025+0000] {processor.py:830} INFO - Processing file /home/airflow/.local/lib/python3.12/site-packages/airflow/example_dags/example_complex.py for tasks to queue
[2024-06-26T07:13:28.030+0000] {logging_mixin.py:188} INFO - [2024-06-26T07:13:28.029+0000] {dagbag.py:545} INFO - Filling up the DagBag from /home/airflow/.local/lib/python3.12/site-packages/airflow/example_dags/example_complex.py
[2024-06-26T07:13:28.102+0000] {processor.py:840} INFO - DAG(s) 'example_complex' retrieved from /home/airflow/.local/lib/python3.12/site-packages/airflow/example_dags/example_complex.py
[2024-06-26T07:13:28.272+0000] {logging_mixin.py:188} INFO - [2024-06-26T07:13:28.271+0000] {dag.py:3096} INFO - Sync 1 DAGs
[2024-06-26T07:13:28.346+0000] {logging_mixin.py:188} INFO - [2024-06-26T07:13:28.345+0000] {dag.py:3954} INFO - Setting next_dagrun for example_complex to None, run_after=None
[2024-06-26T07:13:28.433+0000] {processor.py:183} INFO - Processing /home/airflow/.local/lib/python3.12/site-packages/airflow/example_dags/example_complex.py took 0.480 seconds
[2024-06-26T07:14:01.268+0000] {processor.py:161} INFO - Started process (PID=3316) to work on /home/airflow/.local/lib/python3.12/site-packages/airflow/example_dags/example_complex.py
[2024-06-26T07:14:01.271+0000] {processor.py:830} INFO - Processing file /home/airflow/.local/lib/python3.12/site-packages/airflow/example_dags/example_complex.py for tasks to queue
[2024-06-26T07:14:01.275+0000] {logging_mixin.py:188} INFO - [2024-06-26T07:14:01.274+0000] {dagbag.py:545} INFO - Filling up the DagBag from /home/airflow/.local/lib/python3.12/site-packages/airflow/example_dags/example_complex.py
[2024-06-26T07:14:01.311+0000] {processor.py:840} INFO - DAG(s) 'example_complex' retrieved from /home/airflow/.local/lib/python3.12/site-packages/airflow/example_dags/example_complex.py
[2024-06-26T07:14:01.424+0000] {logging_mixin.py:188} INFO - [2024-06-26T07:14:01.423+0000] {dag.py:3096} INFO - Sync 1 DAGs
[2024-06-26T07:14:01.473+0000] {logging_mixin.py:188} INFO - [2024-06-26T07:14:01.472+0000] {dag.py:3954} INFO - Setting next_dagrun for example_complex to None, run_after=None
[2024-06-26T07:14:01.551+0000] {processor.py:183} INFO - Processing /home/airflow/.local/lib/python3.12/site-packages/airflow/example_dags/example_complex.py took 0.301 seconds
[2024-06-26T07:14:31.785+0000] {processor.py:161} INFO - Started process (PID=3379) to work on /home/airflow/.local/lib/python3.12/site-packages/airflow/example_dags/example_complex.py
[2024-06-26T07:14:31.789+0000] {processor.py:830} INFO - Processing file /home/airflow/.local/lib/python3.12/site-packages/airflow/example_dags/example_complex.py for tasks to queue
[2024-06-26T07:14:31.793+0000] {logging_mixin.py:188} INFO - [2024-06-26T07:14:31.791+0000] {dagbag.py:545} INFO - Filling up the DagBag from /home/airflow/.local/lib/python3.12/site-packages/airflow/example_dags/example_complex.py
[2024-06-26T07:14:31.833+0000] {processor.py:840} INFO - DAG(s) 'example_complex' retrieved from /home/airflow/.local/lib/python3.12/site-packages/airflow/example_dags/example_complex.py
[2024-06-26T07:14:31.952+0000] {logging_mixin.py:188} INFO - [2024-06-26T07:14:31.951+0000] {dag.py:3096} INFO - Sync 1 DAGs
[2024-06-26T07:14:31.988+0000] {logging_mixin.py:188} INFO - [2024-06-26T07:14:31.988+0000] {dag.py:3954} INFO - Setting next_dagrun for example_complex to None, run_after=None
[2024-06-26T07:14:32.056+0000] {processor.py:183} INFO - Processing /home/airflow/.local/lib/python3.12/site-packages/airflow/example_dags/example_complex.py took 0.294 seconds
[2024-06-26T07:15:03.353+0000] {processor.py:161} INFO - Started process (PID=3442) to work on /home/airflow/.local/lib/python3.12/site-packages/airflow/example_dags/example_complex.py
[2024-06-26T07:15:03.357+0000] {processor.py:830} INFO - Processing file /home/airflow/.local/lib/python3.12/site-packages/airflow/example_dags/example_complex.py for tasks to queue
[2024-06-26T07:15:03.362+0000] {logging_mixin.py:188} INFO - [2024-06-26T07:15:03.361+0000] {dagbag.py:545} INFO - Filling up the DagBag from /home/airflow/.local/lib/python3.12/site-packages/airflow/example_dags/example_complex.py
[2024-06-26T07:15:03.425+0000] {processor.py:840} INFO - DAG(s) 'example_complex' retrieved from /home/airflow/.local/lib/python3.12/site-packages/airflow/example_dags/example_complex.py
[2024-06-26T07:15:03.616+0000] {logging_mixin.py:188} INFO - [2024-06-26T07:15:03.614+0000] {dag.py:3096} INFO - Sync 1 DAGs
[2024-06-26T07:15:03.700+0000] {logging_mixin.py:188} INFO - [2024-06-26T07:15:03.699+0000] {dag.py:3954} INFO - Setting next_dagrun for example_complex to None, run_after=None
[2024-06-26T07:15:03.802+0000] {processor.py:183} INFO - Processing /home/airflow/.local/lib/python3.12/site-packages/airflow/example_dags/example_complex.py took 0.474 seconds
[2024-06-26T07:16:02.080+0000] {processor.py:161} INFO - Started process (PID=3522) to work on /home/airflow/.local/lib/python3.12/site-packages/airflow/example_dags/example_complex.py
[2024-06-26T07:16:02.096+0000] {processor.py:830} INFO - Processing file /home/airflow/.local/lib/python3.12/site-packages/airflow/example_dags/example_complex.py for tasks to queue
[2024-06-26T07:16:02.119+0000] {logging_mixin.py:188} INFO - [2024-06-26T07:16:02.117+0000] {dagbag.py:545} INFO - Filling up the DagBag from /home/airflow/.local/lib/python3.12/site-packages/airflow/example_dags/example_complex.py
[2024-06-26T07:16:02.304+0000] {processor.py:840} INFO - DAG(s) 'example_complex' retrieved from /home/airflow/.local/lib/python3.12/site-packages/airflow/example_dags/example_complex.py
[2024-06-26T07:16:02.659+0000] {logging_mixin.py:188} INFO - [2024-06-26T07:16:02.657+0000] {dag.py:3096} INFO - Sync 1 DAGs
[2024-06-26T07:16:02.829+0000] {logging_mixin.py:188} INFO - [2024-06-26T07:16:02.816+0000] {dag.py:3954} INFO - Setting next_dagrun for example_complex to None, run_after=None
[2024-06-26T07:16:03.066+0000] {processor.py:183} INFO - Processing /home/airflow/.local/lib/python3.12/site-packages/airflow/example_dags/example_complex.py took 1.040 seconds
[2024-06-26T07:39:23.249+0000] {processor.py:161} INFO - Started process (PID=97) to work on /home/airflow/.local/lib/python3.12/site-packages/airflow/example_dags/example_complex.py
[2024-06-26T07:39:23.252+0000] {processor.py:830} INFO - Processing file /home/airflow/.local/lib/python3.12/site-packages/airflow/example_dags/example_complex.py for tasks to queue
[2024-06-26T07:39:23.257+0000] {logging_mixin.py:188} INFO - [2024-06-26T07:39:23.256+0000] {dagbag.py:545} INFO - Filling up the DagBag from /home/airflow/.local/lib/python3.12/site-packages/airflow/example_dags/example_complex.py
[2024-06-26T07:39:23.284+0000] {processor.py:840} INFO - DAG(s) 'example_complex' retrieved from /home/airflow/.local/lib/python3.12/site-packages/airflow/example_dags/example_complex.py
[2024-06-26T07:39:23.560+0000] {logging_mixin.py:188} INFO - [2024-06-26T07:39:23.559+0000] {dag.py:3096} INFO - Sync 1 DAGs
[2024-06-26T07:39:23.586+0000] {logging_mixin.py:188} INFO - [2024-06-26T07:39:23.585+0000] {dag.py:3954} INFO - Setting next_dagrun for example_complex to None, run_after=None
[2024-06-26T07:39:23.638+0000] {processor.py:183} INFO - Processing /home/airflow/.local/lib/python3.12/site-packages/airflow/example_dags/example_complex.py took 0.401 seconds
[2024-06-26T07:39:53.825+0000] {processor.py:161} INFO - Started process (PID=162) to work on /home/airflow/.local/lib/python3.12/site-packages/airflow/example_dags/example_complex.py
[2024-06-26T07:39:53.826+0000] {processor.py:830} INFO - Processing file /home/airflow/.local/lib/python3.12/site-packages/airflow/example_dags/example_complex.py for tasks to queue
[2024-06-26T07:39:53.829+0000] {logging_mixin.py:188} INFO - [2024-06-26T07:39:53.829+0000] {dagbag.py:545} INFO - Filling up the DagBag from /home/airflow/.local/lib/python3.12/site-packages/airflow/example_dags/example_complex.py
[2024-06-26T07:39:53.844+0000] {processor.py:840} INFO - DAG(s) 'example_complex' retrieved from /home/airflow/.local/lib/python3.12/site-packages/airflow/example_dags/example_complex.py
[2024-06-26T07:39:53.900+0000] {logging_mixin.py:188} INFO - [2024-06-26T07:39:53.899+0000] {dag.py:3096} INFO - Sync 1 DAGs
[2024-06-26T07:39:53.923+0000] {logging_mixin.py:188} INFO - [2024-06-26T07:39:53.923+0000] {dag.py:3954} INFO - Setting next_dagrun for example_complex to None, run_after=None
[2024-06-26T07:39:53.958+0000] {processor.py:183} INFO - Processing /home/airflow/.local/lib/python3.12/site-packages/airflow/example_dags/example_complex.py took 0.142 seconds
[2024-06-26T07:41:14.903+0000] {processor.py:161} INFO - Started process (PID=235) to work on /home/airflow/.local/lib/python3.12/site-packages/airflow/example_dags/example_complex.py
[2024-06-26T07:41:14.927+0000] {processor.py:830} INFO - Processing file /home/airflow/.local/lib/python3.12/site-packages/airflow/example_dags/example_complex.py for tasks to queue
[2024-06-26T07:41:14.952+0000] {logging_mixin.py:188} INFO - [2024-06-26T07:41:14.951+0000] {dagbag.py:545} INFO - Filling up the DagBag from /home/airflow/.local/lib/python3.12/site-packages/airflow/example_dags/example_complex.py
[2024-06-26T07:41:15.147+0000] {processor.py:840} INFO - DAG(s) 'example_complex' retrieved from /home/airflow/.local/lib/python3.12/site-packages/airflow/example_dags/example_complex.py
[2024-06-26T07:41:15.700+0000] {logging_mixin.py:188} INFO - [2024-06-26T07:41:15.699+0000] {dag.py:3096} INFO - Sync 1 DAGs
[2024-06-26T07:41:15.963+0000] {logging_mixin.py:188} INFO - [2024-06-26T07:41:15.962+0000] {dag.py:3954} INFO - Setting next_dagrun for example_complex to None, run_after=None
[2024-06-26T07:41:16.322+0000] {processor.py:183} INFO - Processing /home/airflow/.local/lib/python3.12/site-packages/airflow/example_dags/example_complex.py took 1.459 seconds
[2024-06-26T07:42:44.821+0000] {processor.py:161} INFO - Started process (PID=316) to work on /home/airflow/.local/lib/python3.12/site-packages/airflow/example_dags/example_complex.py
[2024-06-26T07:42:44.838+0000] {processor.py:830} INFO - Processing file /home/airflow/.local/lib/python3.12/site-packages/airflow/example_dags/example_complex.py for tasks to queue
[2024-06-26T07:42:44.866+0000] {logging_mixin.py:188} INFO - [2024-06-26T07:42:44.855+0000] {dagbag.py:545} INFO - Filling up the DagBag from /home/airflow/.local/lib/python3.12/site-packages/airflow/example_dags/example_complex.py
[2024-06-26T07:42:44.996+0000] {processor.py:840} INFO - DAG(s) 'example_complex' retrieved from /home/airflow/.local/lib/python3.12/site-packages/airflow/example_dags/example_complex.py
[2024-06-26T07:42:45.369+0000] {logging_mixin.py:188} INFO - [2024-06-26T07:42:45.368+0000] {dag.py:3096} INFO - Sync 1 DAGs
[2024-06-26T07:42:45.549+0000] {logging_mixin.py:188} INFO - [2024-06-26T07:42:45.548+0000] {dag.py:3954} INFO - Setting next_dagrun for example_complex to None, run_after=None
[2024-06-26T07:42:46.097+0000] {processor.py:183} INFO - Processing /home/airflow/.local/lib/python3.12/site-packages/airflow/example_dags/example_complex.py took 1.345 seconds
