[2024-06-26T06:06:19.601+0000] {processor.py:161} INFO - Started process (PID=104) to work on /home/airflow/.local/lib/python3.12/site-packages/airflow/example_dags/example_branch_labels.py
[2024-06-26T06:06:19.612+0000] {processor.py:830} INFO - Processing file /home/airflow/.local/lib/python3.12/site-packages/airflow/example_dags/example_branch_labels.py for tasks to queue
[2024-06-26T06:06:19.633+0000] {logging_mixin.py:188} INFO - [2024-06-26T06:06:19.631+0000] {dagbag.py:545} INFO - Filling up the DagBag from /home/airflow/.local/lib/python3.12/site-packages/airflow/example_dags/example_branch_labels.py
[2024-06-26T06:06:19.768+0000] {processor.py:840} INFO - DAG(s) 'example_branch_labels' retrieved from /home/airflow/.local/lib/python3.12/site-packages/airflow/example_dags/example_branch_labels.py
[2024-06-26T06:06:20.036+0000] {logging_mixin.py:188} INFO - [2024-06-26T06:06:20.035+0000] {dag.py:3096} INFO - Sync 1 DAGs
[2024-06-26T06:06:20.142+0000] {logging_mixin.py:188} INFO - [2024-06-26T06:06:20.141+0000] {dag.py:3954} INFO - Setting next_dagrun for example_branch_labels to 2024-06-25 00:00:00+00:00, run_after=2024-06-26 00:00:00+00:00
[2024-06-26T06:06:20.212+0000] {processor.py:183} INFO - Processing /home/airflow/.local/lib/python3.12/site-packages/airflow/example_dags/example_branch_labels.py took 0.691 seconds
[2024-06-26T06:07:42.648+0000] {processor.py:161} INFO - Started process (PID=177) to work on /home/airflow/.local/lib/python3.12/site-packages/airflow/example_dags/example_branch_labels.py
[2024-06-26T06:07:42.661+0000] {processor.py:830} INFO - Processing file /home/airflow/.local/lib/python3.12/site-packages/airflow/example_dags/example_branch_labels.py for tasks to queue
[2024-06-26T06:07:42.678+0000] {logging_mixin.py:188} INFO - [2024-06-26T06:07:42.675+0000] {dagbag.py:545} INFO - Filling up the DagBag from /home/airflow/.local/lib/python3.12/site-packages/airflow/example_dags/example_branch_labels.py
[2024-06-26T06:07:42.736+0000] {processor.py:840} INFO - DAG(s) 'example_branch_labels' retrieved from /home/airflow/.local/lib/python3.12/site-packages/airflow/example_dags/example_branch_labels.py
[2024-06-26T06:07:42.937+0000] {logging_mixin.py:188} INFO - [2024-06-26T06:07:42.936+0000] {dag.py:3096} INFO - Sync 1 DAGs
[2024-06-26T06:07:43.125+0000] {logging_mixin.py:188} INFO - [2024-06-26T06:07:43.124+0000] {dag.py:3954} INFO - Setting next_dagrun for example_branch_labels to 2024-06-25 00:00:00+00:00, run_after=2024-06-26 00:00:00+00:00
[2024-06-26T06:07:43.327+0000] {processor.py:183} INFO - Processing /home/airflow/.local/lib/python3.12/site-packages/airflow/example_dags/example_branch_labels.py took 0.724 seconds
[2024-06-26T06:21:48.688+0000] {processor.py:161} INFO - Started process (PID=96) to work on /home/airflow/.local/lib/python3.12/site-packages/airflow/example_dags/example_branch_labels.py
[2024-06-26T06:21:48.703+0000] {processor.py:830} INFO - Processing file /home/airflow/.local/lib/python3.12/site-packages/airflow/example_dags/example_branch_labels.py for tasks to queue
[2024-06-26T06:21:48.740+0000] {logging_mixin.py:188} INFO - [2024-06-26T06:21:48.738+0000] {dagbag.py:545} INFO - Filling up the DagBag from /home/airflow/.local/lib/python3.12/site-packages/airflow/example_dags/example_branch_labels.py
[2024-06-26T06:21:48.867+0000] {processor.py:840} INFO - DAG(s) 'example_branch_labels' retrieved from /home/airflow/.local/lib/python3.12/site-packages/airflow/example_dags/example_branch_labels.py
[2024-06-26T06:21:49.241+0000] {logging_mixin.py:188} INFO - [2024-06-26T06:21:49.240+0000] {dag.py:3096} INFO - Sync 1 DAGs
[2024-06-26T06:21:49.775+0000] {logging_mixin.py:188} INFO - [2024-06-26T06:21:49.762+0000] {dag.py:3954} INFO - Setting next_dagrun for example_branch_labels to 2024-06-25 00:00:00+00:00, run_after=2024-06-26 00:00:00+00:00
[2024-06-26T06:21:50.084+0000] {processor.py:183} INFO - Processing /home/airflow/.local/lib/python3.12/site-packages/airflow/example_dags/example_branch_labels.py took 1.460 seconds
[2024-06-26T06:23:04.158+0000] {processor.py:161} INFO - Started process (PID=170) to work on /home/airflow/.local/lib/python3.12/site-packages/airflow/example_dags/example_branch_labels.py
[2024-06-26T06:23:04.178+0000] {processor.py:830} INFO - Processing file /home/airflow/.local/lib/python3.12/site-packages/airflow/example_dags/example_branch_labels.py for tasks to queue
[2024-06-26T06:23:04.648+0000] {logging_mixin.py:188} INFO - [2024-06-26T06:23:04.647+0000] {dagbag.py:545} INFO - Filling up the DagBag from /home/airflow/.local/lib/python3.12/site-packages/airflow/example_dags/example_branch_labels.py
[2024-06-26T06:23:04.857+0000] {processor.py:840} INFO - DAG(s) 'example_branch_labels' retrieved from /home/airflow/.local/lib/python3.12/site-packages/airflow/example_dags/example_branch_labels.py
[2024-06-26T06:23:05.406+0000] {logging_mixin.py:188} INFO - [2024-06-26T06:23:05.405+0000] {dag.py:3096} INFO - Sync 1 DAGs
[2024-06-26T06:23:06.059+0000] {logging_mixin.py:188} INFO - [2024-06-26T06:23:06.058+0000] {dag.py:3954} INFO - Setting next_dagrun for example_branch_labels to 2024-06-25 00:00:00+00:00, run_after=2024-06-26 00:00:00+00:00
[2024-06-26T06:23:06.722+0000] {processor.py:183} INFO - Processing /home/airflow/.local/lib/python3.12/site-packages/airflow/example_dags/example_branch_labels.py took 2.655 seconds
[2024-06-26T06:25:09.093+0000] {processor.py:161} INFO - Started process (PID=266) to work on /home/airflow/.local/lib/python3.12/site-packages/airflow/example_dags/example_branch_labels.py
[2024-06-26T06:25:09.110+0000] {processor.py:830} INFO - Processing file /home/airflow/.local/lib/python3.12/site-packages/airflow/example_dags/example_branch_labels.py for tasks to queue
[2024-06-26T06:25:09.142+0000] {logging_mixin.py:188} INFO - [2024-06-26T06:25:09.140+0000] {dagbag.py:545} INFO - Filling up the DagBag from /home/airflow/.local/lib/python3.12/site-packages/airflow/example_dags/example_branch_labels.py
[2024-06-26T06:25:09.301+0000] {processor.py:840} INFO - DAG(s) 'example_branch_labels' retrieved from /home/airflow/.local/lib/python3.12/site-packages/airflow/example_dags/example_branch_labels.py
[2024-06-26T06:25:10.939+0000] {logging_mixin.py:188} INFO - [2024-06-26T06:25:10.938+0000] {dag.py:3096} INFO - Sync 1 DAGs
[2024-06-26T06:25:11.190+0000] {logging_mixin.py:188} INFO - [2024-06-26T06:25:11.190+0000] {dag.py:3954} INFO - Setting next_dagrun for example_branch_labels to 2024-06-25 00:00:00+00:00, run_after=2024-06-26 00:00:00+00:00
[2024-06-26T06:25:11.393+0000] {processor.py:183} INFO - Processing /home/airflow/.local/lib/python3.12/site-packages/airflow/example_dags/example_branch_labels.py took 2.388 seconds
[2024-06-26T06:25:42.349+0000] {processor.py:161} INFO - Started process (PID=328) to work on /home/airflow/.local/lib/python3.12/site-packages/airflow/example_dags/example_branch_labels.py
[2024-06-26T06:25:42.353+0000] {processor.py:830} INFO - Processing file /home/airflow/.local/lib/python3.12/site-packages/airflow/example_dags/example_branch_labels.py for tasks to queue
[2024-06-26T06:25:42.362+0000] {logging_mixin.py:188} INFO - [2024-06-26T06:25:42.360+0000] {dagbag.py:545} INFO - Filling up the DagBag from /home/airflow/.local/lib/python3.12/site-packages/airflow/example_dags/example_branch_labels.py
[2024-06-26T06:25:42.393+0000] {processor.py:840} INFO - DAG(s) 'example_branch_labels' retrieved from /home/airflow/.local/lib/python3.12/site-packages/airflow/example_dags/example_branch_labels.py
[2024-06-26T06:25:42.484+0000] {logging_mixin.py:188} INFO - [2024-06-26T06:25:42.483+0000] {dag.py:3096} INFO - Sync 1 DAGs
[2024-06-26T06:25:42.592+0000] {logging_mixin.py:188} INFO - [2024-06-26T06:25:42.591+0000] {dag.py:3954} INFO - Setting next_dagrun for example_branch_labels to 2024-06-25 00:00:00+00:00, run_after=2024-06-26 00:00:00+00:00
[2024-06-26T06:25:42.675+0000] {processor.py:183} INFO - Processing /home/airflow/.local/lib/python3.12/site-packages/airflow/example_dags/example_branch_labels.py took 0.345 seconds
[2024-06-26T06:26:12.980+0000] {processor.py:161} INFO - Started process (PID=390) to work on /home/airflow/.local/lib/python3.12/site-packages/airflow/example_dags/example_branch_labels.py
[2024-06-26T06:26:13.015+0000] {processor.py:830} INFO - Processing file /home/airflow/.local/lib/python3.12/site-packages/airflow/example_dags/example_branch_labels.py for tasks to queue
[2024-06-26T06:26:13.034+0000] {logging_mixin.py:188} INFO - [2024-06-26T06:26:13.030+0000] {dagbag.py:545} INFO - Filling up the DagBag from /home/airflow/.local/lib/python3.12/site-packages/airflow/example_dags/example_branch_labels.py
[2024-06-26T06:26:13.168+0000] {processor.py:840} INFO - DAG(s) 'example_branch_labels' retrieved from /home/airflow/.local/lib/python3.12/site-packages/airflow/example_dags/example_branch_labels.py
[2024-06-26T06:26:13.358+0000] {logging_mixin.py:188} INFO - [2024-06-26T06:26:13.358+0000] {dag.py:3096} INFO - Sync 1 DAGs
[2024-06-26T06:26:13.651+0000] {logging_mixin.py:188} INFO - [2024-06-26T06:26:13.647+0000] {dag.py:3954} INFO - Setting next_dagrun for example_branch_labels to 2024-06-25 00:00:00+00:00, run_after=2024-06-26 00:00:00+00:00
[2024-06-26T06:26:13.836+0000] {processor.py:183} INFO - Processing /home/airflow/.local/lib/python3.12/site-packages/airflow/example_dags/example_branch_labels.py took 0.941 seconds
[2024-06-26T06:40:38.100+0000] {processor.py:161} INFO - Started process (PID=78) to work on /home/airflow/.local/lib/python3.12/site-packages/airflow/example_dags/example_branch_labels.py
[2024-06-26T06:40:38.116+0000] {processor.py:830} INFO - Processing file /home/airflow/.local/lib/python3.12/site-packages/airflow/example_dags/example_branch_labels.py for tasks to queue
[2024-06-26T06:40:38.138+0000] {logging_mixin.py:188} INFO - [2024-06-26T06:40:38.135+0000] {dagbag.py:545} INFO - Filling up the DagBag from /home/airflow/.local/lib/python3.12/site-packages/airflow/example_dags/example_branch_labels.py
[2024-06-26T06:40:38.290+0000] {processor.py:840} INFO - DAG(s) 'example_branch_labels' retrieved from /home/airflow/.local/lib/python3.12/site-packages/airflow/example_dags/example_branch_labels.py
[2024-06-26T06:40:39.824+0000] {logging_mixin.py:188} INFO - [2024-06-26T06:40:39.823+0000] {dag.py:3096} INFO - Sync 1 DAGs
[2024-06-26T06:40:40.228+0000] {logging_mixin.py:188} INFO - [2024-06-26T06:40:40.216+0000] {dag.py:3954} INFO - Setting next_dagrun for example_branch_labels to 2024-06-25 00:00:00+00:00, run_after=2024-06-26 00:00:00+00:00
[2024-06-26T06:40:40.537+0000] {processor.py:183} INFO - Processing /home/airflow/.local/lib/python3.12/site-packages/airflow/example_dags/example_branch_labels.py took 2.567 seconds
[2024-06-26T06:41:16.369+0000] {processor.py:161} INFO - Started process (PID=147) to work on /home/airflow/.local/lib/python3.12/site-packages/airflow/example_dags/example_branch_labels.py
[2024-06-26T06:41:16.388+0000] {processor.py:830} INFO - Processing file /home/airflow/.local/lib/python3.12/site-packages/airflow/example_dags/example_branch_labels.py for tasks to queue
[2024-06-26T06:41:16.417+0000] {logging_mixin.py:188} INFO - [2024-06-26T06:41:16.416+0000] {dagbag.py:545} INFO - Filling up the DagBag from /home/airflow/.local/lib/python3.12/site-packages/airflow/example_dags/example_branch_labels.py
[2024-06-26T06:41:16.496+0000] {processor.py:840} INFO - DAG(s) 'example_branch_labels' retrieved from /home/airflow/.local/lib/python3.12/site-packages/airflow/example_dags/example_branch_labels.py
[2024-06-26T06:41:16.697+0000] {logging_mixin.py:188} INFO - [2024-06-26T06:41:16.696+0000] {dag.py:3096} INFO - Sync 1 DAGs
[2024-06-26T06:41:16.866+0000] {logging_mixin.py:188} INFO - [2024-06-26T06:41:16.865+0000] {dag.py:3954} INFO - Setting next_dagrun for example_branch_labels to 2024-06-25 00:00:00+00:00, run_after=2024-06-26 00:00:00+00:00
[2024-06-26T06:41:16.980+0000] {processor.py:183} INFO - Processing /home/airflow/.local/lib/python3.12/site-packages/airflow/example_dags/example_branch_labels.py took 0.728 seconds
[2024-06-26T06:41:47.730+0000] {processor.py:161} INFO - Started process (PID=209) to work on /home/airflow/.local/lib/python3.12/site-packages/airflow/example_dags/example_branch_labels.py
[2024-06-26T06:41:47.732+0000] {processor.py:830} INFO - Processing file /home/airflow/.local/lib/python3.12/site-packages/airflow/example_dags/example_branch_labels.py for tasks to queue
[2024-06-26T06:41:47.735+0000] {logging_mixin.py:188} INFO - [2024-06-26T06:41:47.734+0000] {dagbag.py:545} INFO - Filling up the DagBag from /home/airflow/.local/lib/python3.12/site-packages/airflow/example_dags/example_branch_labels.py
[2024-06-26T06:41:47.747+0000] {processor.py:840} INFO - DAG(s) 'example_branch_labels' retrieved from /home/airflow/.local/lib/python3.12/site-packages/airflow/example_dags/example_branch_labels.py
[2024-06-26T06:41:47.781+0000] {logging_mixin.py:188} INFO - [2024-06-26T06:41:47.781+0000] {dag.py:3096} INFO - Sync 1 DAGs
[2024-06-26T06:41:47.816+0000] {logging_mixin.py:188} INFO - [2024-06-26T06:41:47.816+0000] {dag.py:3954} INFO - Setting next_dagrun for example_branch_labels to 2024-06-25 00:00:00+00:00, run_after=2024-06-26 00:00:00+00:00
[2024-06-26T06:41:47.848+0000] {processor.py:183} INFO - Processing /home/airflow/.local/lib/python3.12/site-packages/airflow/example_dags/example_branch_labels.py took 0.127 seconds
[2024-06-26T06:42:18.199+0000] {processor.py:161} INFO - Started process (PID=271) to work on /home/airflow/.local/lib/python3.12/site-packages/airflow/example_dags/example_branch_labels.py
[2024-06-26T06:42:18.200+0000] {processor.py:830} INFO - Processing file /home/airflow/.local/lib/python3.12/site-packages/airflow/example_dags/example_branch_labels.py for tasks to queue
[2024-06-26T06:42:18.202+0000] {logging_mixin.py:188} INFO - [2024-06-26T06:42:18.202+0000] {dagbag.py:545} INFO - Filling up the DagBag from /home/airflow/.local/lib/python3.12/site-packages/airflow/example_dags/example_branch_labels.py
[2024-06-26T06:42:18.210+0000] {processor.py:840} INFO - DAG(s) 'example_branch_labels' retrieved from /home/airflow/.local/lib/python3.12/site-packages/airflow/example_dags/example_branch_labels.py
[2024-06-26T06:42:18.233+0000] {logging_mixin.py:188} INFO - [2024-06-26T06:42:18.233+0000] {dag.py:3096} INFO - Sync 1 DAGs
[2024-06-26T06:42:18.259+0000] {logging_mixin.py:188} INFO - [2024-06-26T06:42:18.258+0000] {dag.py:3954} INFO - Setting next_dagrun for example_branch_labels to 2024-06-25 00:00:00+00:00, run_after=2024-06-26 00:00:00+00:00
[2024-06-26T06:42:18.286+0000] {processor.py:183} INFO - Processing /home/airflow/.local/lib/python3.12/site-packages/airflow/example_dags/example_branch_labels.py took 0.093 seconds
[2024-06-26T06:42:48.832+0000] {processor.py:161} INFO - Started process (PID=333) to work on /home/airflow/.local/lib/python3.12/site-packages/airflow/example_dags/example_branch_labels.py
[2024-06-26T06:42:48.833+0000] {processor.py:830} INFO - Processing file /home/airflow/.local/lib/python3.12/site-packages/airflow/example_dags/example_branch_labels.py for tasks to queue
[2024-06-26T06:42:48.836+0000] {logging_mixin.py:188} INFO - [2024-06-26T06:42:48.836+0000] {dagbag.py:545} INFO - Filling up the DagBag from /home/airflow/.local/lib/python3.12/site-packages/airflow/example_dags/example_branch_labels.py
[2024-06-26T06:42:48.845+0000] {processor.py:840} INFO - DAG(s) 'example_branch_labels' retrieved from /home/airflow/.local/lib/python3.12/site-packages/airflow/example_dags/example_branch_labels.py
[2024-06-26T06:42:48.869+0000] {logging_mixin.py:188} INFO - [2024-06-26T06:42:48.868+0000] {dag.py:3096} INFO - Sync 1 DAGs
[2024-06-26T06:42:48.897+0000] {logging_mixin.py:188} INFO - [2024-06-26T06:42:48.897+0000] {dag.py:3954} INFO - Setting next_dagrun for example_branch_labels to 2024-06-25 00:00:00+00:00, run_after=2024-06-26 00:00:00+00:00
[2024-06-26T06:42:48.927+0000] {processor.py:183} INFO - Processing /home/airflow/.local/lib/python3.12/site-packages/airflow/example_dags/example_branch_labels.py took 0.100 seconds
[2024-06-26T06:43:19.490+0000] {processor.py:161} INFO - Started process (PID=395) to work on /home/airflow/.local/lib/python3.12/site-packages/airflow/example_dags/example_branch_labels.py
[2024-06-26T06:43:19.493+0000] {processor.py:830} INFO - Processing file /home/airflow/.local/lib/python3.12/site-packages/airflow/example_dags/example_branch_labels.py for tasks to queue
[2024-06-26T06:43:19.499+0000] {logging_mixin.py:188} INFO - [2024-06-26T06:43:19.498+0000] {dagbag.py:545} INFO - Filling up the DagBag from /home/airflow/.local/lib/python3.12/site-packages/airflow/example_dags/example_branch_labels.py
[2024-06-26T06:43:19.517+0000] {processor.py:840} INFO - DAG(s) 'example_branch_labels' retrieved from /home/airflow/.local/lib/python3.12/site-packages/airflow/example_dags/example_branch_labels.py
[2024-06-26T06:43:19.574+0000] {logging_mixin.py:188} INFO - [2024-06-26T06:43:19.573+0000] {dag.py:3096} INFO - Sync 1 DAGs
[2024-06-26T06:43:19.631+0000] {logging_mixin.py:188} INFO - [2024-06-26T06:43:19.630+0000] {dag.py:3954} INFO - Setting next_dagrun for example_branch_labels to 2024-06-25 00:00:00+00:00, run_after=2024-06-26 00:00:00+00:00
[2024-06-26T06:43:19.682+0000] {processor.py:183} INFO - Processing /home/airflow/.local/lib/python3.12/site-packages/airflow/example_dags/example_branch_labels.py took 0.209 seconds
[2024-06-26T06:43:50.335+0000] {processor.py:161} INFO - Started process (PID=457) to work on /home/airflow/.local/lib/python3.12/site-packages/airflow/example_dags/example_branch_labels.py
[2024-06-26T06:43:50.338+0000] {processor.py:830} INFO - Processing file /home/airflow/.local/lib/python3.12/site-packages/airflow/example_dags/example_branch_labels.py for tasks to queue
[2024-06-26T06:43:50.348+0000] {logging_mixin.py:188} INFO - [2024-06-26T06:43:50.347+0000] {dagbag.py:545} INFO - Filling up the DagBag from /home/airflow/.local/lib/python3.12/site-packages/airflow/example_dags/example_branch_labels.py
[2024-06-26T06:43:50.375+0000] {processor.py:840} INFO - DAG(s) 'example_branch_labels' retrieved from /home/airflow/.local/lib/python3.12/site-packages/airflow/example_dags/example_branch_labels.py
[2024-06-26T06:43:50.447+0000] {logging_mixin.py:188} INFO - [2024-06-26T06:43:50.446+0000] {dag.py:3096} INFO - Sync 1 DAGs
[2024-06-26T06:43:50.546+0000] {logging_mixin.py:188} INFO - [2024-06-26T06:43:50.545+0000] {dag.py:3954} INFO - Setting next_dagrun for example_branch_labels to 2024-06-25 00:00:00+00:00, run_after=2024-06-26 00:00:00+00:00
[2024-06-26T06:43:50.634+0000] {processor.py:183} INFO - Processing /home/airflow/.local/lib/python3.12/site-packages/airflow/example_dags/example_branch_labels.py took 0.325 seconds
[2024-06-26T06:44:27.604+0000] {processor.py:161} INFO - Started process (PID=519) to work on /home/airflow/.local/lib/python3.12/site-packages/airflow/example_dags/example_branch_labels.py
[2024-06-26T06:44:27.608+0000] {processor.py:830} INFO - Processing file /home/airflow/.local/lib/python3.12/site-packages/airflow/example_dags/example_branch_labels.py for tasks to queue
[2024-06-26T06:44:27.614+0000] {logging_mixin.py:188} INFO - [2024-06-26T06:44:27.613+0000] {dagbag.py:545} INFO - Filling up the DagBag from /home/airflow/.local/lib/python3.12/site-packages/airflow/example_dags/example_branch_labels.py
[2024-06-26T06:44:27.640+0000] {processor.py:840} INFO - DAG(s) 'example_branch_labels' retrieved from /home/airflow/.local/lib/python3.12/site-packages/airflow/example_dags/example_branch_labels.py
[2024-06-26T06:44:27.712+0000] {logging_mixin.py:188} INFO - [2024-06-26T06:44:27.711+0000] {dag.py:3096} INFO - Sync 1 DAGs
[2024-06-26T06:44:27.832+0000] {logging_mixin.py:188} INFO - [2024-06-26T06:44:27.832+0000] {dag.py:3954} INFO - Setting next_dagrun for example_branch_labels to 2024-06-25 00:00:00+00:00, run_after=2024-06-26 00:00:00+00:00
[2024-06-26T06:44:27.898+0000] {processor.py:183} INFO - Processing /home/airflow/.local/lib/python3.12/site-packages/airflow/example_dags/example_branch_labels.py took 0.311 seconds
[2024-06-26T06:45:14.931+0000] {processor.py:161} INFO - Started process (PID=586) to work on /home/airflow/.local/lib/python3.12/site-packages/airflow/example_dags/example_branch_labels.py
[2024-06-26T06:45:14.979+0000] {processor.py:830} INFO - Processing file /home/airflow/.local/lib/python3.12/site-packages/airflow/example_dags/example_branch_labels.py for tasks to queue
[2024-06-26T06:45:15.019+0000] {logging_mixin.py:188} INFO - [2024-06-26T06:45:15.017+0000] {dagbag.py:545} INFO - Filling up the DagBag from /home/airflow/.local/lib/python3.12/site-packages/airflow/example_dags/example_branch_labels.py
[2024-06-26T06:45:15.227+0000] {processor.py:840} INFO - DAG(s) 'example_branch_labels' retrieved from /home/airflow/.local/lib/python3.12/site-packages/airflow/example_dags/example_branch_labels.py
[2024-06-26T06:45:15.589+0000] {logging_mixin.py:188} INFO - [2024-06-26T06:45:15.588+0000] {dag.py:3096} INFO - Sync 1 DAGs
[2024-06-26T06:45:16.003+0000] {logging_mixin.py:188} INFO - [2024-06-26T06:45:16.002+0000] {dag.py:3954} INFO - Setting next_dagrun for example_branch_labels to 2024-06-25 00:00:00+00:00, run_after=2024-06-26 00:00:00+00:00
[2024-06-26T06:45:16.418+0000] {processor.py:183} INFO - Processing /home/airflow/.local/lib/python3.12/site-packages/airflow/example_dags/example_branch_labels.py took 1.585 seconds
[2024-06-26T06:46:31.246+0000] {processor.py:161} INFO - Started process (PID=655) to work on /home/airflow/.local/lib/python3.12/site-packages/airflow/example_dags/example_branch_labels.py
[2024-06-26T06:46:31.265+0000] {processor.py:830} INFO - Processing file /home/airflow/.local/lib/python3.12/site-packages/airflow/example_dags/example_branch_labels.py for tasks to queue
[2024-06-26T06:46:31.383+0000] {logging_mixin.py:188} INFO - [2024-06-26T06:46:31.381+0000] {dagbag.py:545} INFO - Filling up the DagBag from /home/airflow/.local/lib/python3.12/site-packages/airflow/example_dags/example_branch_labels.py
[2024-06-26T06:46:31.507+0000] {processor.py:840} INFO - DAG(s) 'example_branch_labels' retrieved from /home/airflow/.local/lib/python3.12/site-packages/airflow/example_dags/example_branch_labels.py
[2024-06-26T06:46:31.764+0000] {logging_mixin.py:188} INFO - [2024-06-26T06:46:31.762+0000] {dag.py:3096} INFO - Sync 1 DAGs
[2024-06-26T06:46:32.258+0000] {logging_mixin.py:188} INFO - [2024-06-26T06:46:32.244+0000] {dag.py:3954} INFO - Setting next_dagrun for example_branch_labels to 2024-06-25 00:00:00+00:00, run_after=2024-06-26 00:00:00+00:00
[2024-06-26T06:46:32.761+0000] {processor.py:183} INFO - Processing /home/airflow/.local/lib/python3.12/site-packages/airflow/example_dags/example_branch_labels.py took 1.546 seconds
[2024-06-26T06:47:23.543+0000] {processor.py:161} INFO - Started process (PID=723) to work on /home/airflow/.local/lib/python3.12/site-packages/airflow/example_dags/example_branch_labels.py
[2024-06-26T06:47:23.557+0000] {processor.py:830} INFO - Processing file /home/airflow/.local/lib/python3.12/site-packages/airflow/example_dags/example_branch_labels.py for tasks to queue
[2024-06-26T06:47:23.577+0000] {logging_mixin.py:188} INFO - [2024-06-26T06:47:23.575+0000] {dagbag.py:545} INFO - Filling up the DagBag from /home/airflow/.local/lib/python3.12/site-packages/airflow/example_dags/example_branch_labels.py
[2024-06-26T06:47:23.628+0000] {processor.py:840} INFO - DAG(s) 'example_branch_labels' retrieved from /home/airflow/.local/lib/python3.12/site-packages/airflow/example_dags/example_branch_labels.py
[2024-06-26T06:47:23.916+0000] {logging_mixin.py:188} INFO - [2024-06-26T06:47:23.906+0000] {dag.py:3096} INFO - Sync 1 DAGs
[2024-06-26T06:47:24.226+0000] {logging_mixin.py:188} INFO - [2024-06-26T06:47:24.224+0000] {dag.py:3954} INFO - Setting next_dagrun for example_branch_labels to 2024-06-25 00:00:00+00:00, run_after=2024-06-26 00:00:00+00:00
[2024-06-26T06:47:24.571+0000] {processor.py:183} INFO - Processing /home/airflow/.local/lib/python3.12/site-packages/airflow/example_dags/example_branch_labels.py took 1.098 seconds
[2024-06-26T06:48:11.987+0000] {processor.py:161} INFO - Started process (PID=786) to work on /home/airflow/.local/lib/python3.12/site-packages/airflow/example_dags/example_branch_labels.py
[2024-06-26T06:48:12.036+0000] {processor.py:830} INFO - Processing file /home/airflow/.local/lib/python3.12/site-packages/airflow/example_dags/example_branch_labels.py for tasks to queue
[2024-06-26T06:48:12.063+0000] {logging_mixin.py:188} INFO - [2024-06-26T06:48:12.061+0000] {dagbag.py:545} INFO - Filling up the DagBag from /home/airflow/.local/lib/python3.12/site-packages/airflow/example_dags/example_branch_labels.py
[2024-06-26T06:48:12.161+0000] {processor.py:840} INFO - DAG(s) 'example_branch_labels' retrieved from /home/airflow/.local/lib/python3.12/site-packages/airflow/example_dags/example_branch_labels.py
[2024-06-26T06:48:12.440+0000] {logging_mixin.py:188} INFO - [2024-06-26T06:48:12.439+0000] {dag.py:3096} INFO - Sync 1 DAGs
[2024-06-26T06:48:12.633+0000] {logging_mixin.py:188} INFO - [2024-06-26T06:48:12.632+0000] {dag.py:3954} INFO - Setting next_dagrun for example_branch_labels to 2024-06-25 00:00:00+00:00, run_after=2024-06-26 00:00:00+00:00
[2024-06-26T06:48:12.791+0000] {processor.py:183} INFO - Processing /home/airflow/.local/lib/python3.12/site-packages/airflow/example_dags/example_branch_labels.py took 0.846 seconds
[2024-06-26T06:48:43.484+0000] {processor.py:161} INFO - Started process (PID=849) to work on /home/airflow/.local/lib/python3.12/site-packages/airflow/example_dags/example_branch_labels.py
[2024-06-26T06:48:43.485+0000] {processor.py:830} INFO - Processing file /home/airflow/.local/lib/python3.12/site-packages/airflow/example_dags/example_branch_labels.py for tasks to queue
[2024-06-26T06:48:43.487+0000] {logging_mixin.py:188} INFO - [2024-06-26T06:48:43.486+0000] {dagbag.py:545} INFO - Filling up the DagBag from /home/airflow/.local/lib/python3.12/site-packages/airflow/example_dags/example_branch_labels.py
[2024-06-26T06:48:43.494+0000] {processor.py:840} INFO - DAG(s) 'example_branch_labels' retrieved from /home/airflow/.local/lib/python3.12/site-packages/airflow/example_dags/example_branch_labels.py
[2024-06-26T06:48:43.516+0000] {logging_mixin.py:188} INFO - [2024-06-26T06:48:43.516+0000] {dag.py:3096} INFO - Sync 1 DAGs
[2024-06-26T06:48:43.537+0000] {logging_mixin.py:188} INFO - [2024-06-26T06:48:43.537+0000] {dag.py:3954} INFO - Setting next_dagrun for example_branch_labels to 2024-06-25 00:00:00+00:00, run_after=2024-06-26 00:00:00+00:00
[2024-06-26T06:48:43.557+0000] {processor.py:183} INFO - Processing /home/airflow/.local/lib/python3.12/site-packages/airflow/example_dags/example_branch_labels.py took 0.079 seconds
[2024-06-26T06:49:15.197+0000] {processor.py:161} INFO - Started process (PID=911) to work on /home/airflow/.local/lib/python3.12/site-packages/airflow/example_dags/example_branch_labels.py
[2024-06-26T06:49:15.200+0000] {processor.py:830} INFO - Processing file /home/airflow/.local/lib/python3.12/site-packages/airflow/example_dags/example_branch_labels.py for tasks to queue
[2024-06-26T06:49:15.208+0000] {logging_mixin.py:188} INFO - [2024-06-26T06:49:15.207+0000] {dagbag.py:545} INFO - Filling up the DagBag from /home/airflow/.local/lib/python3.12/site-packages/airflow/example_dags/example_branch_labels.py
[2024-06-26T06:49:15.243+0000] {processor.py:840} INFO - DAG(s) 'example_branch_labels' retrieved from /home/airflow/.local/lib/python3.12/site-packages/airflow/example_dags/example_branch_labels.py
[2024-06-26T06:49:15.354+0000] {logging_mixin.py:188} INFO - [2024-06-26T06:49:15.353+0000] {dag.py:3096} INFO - Sync 1 DAGs
[2024-06-26T06:49:15.519+0000] {logging_mixin.py:188} INFO - [2024-06-26T06:49:15.514+0000] {dag.py:3954} INFO - Setting next_dagrun for example_branch_labels to 2024-06-25 00:00:00+00:00, run_after=2024-06-26 00:00:00+00:00
[2024-06-26T06:49:15.696+0000] {processor.py:183} INFO - Processing /home/airflow/.local/lib/python3.12/site-packages/airflow/example_dags/example_branch_labels.py took 0.520 seconds
[2024-06-26T06:50:15.221+0000] {processor.py:161} INFO - Started process (PID=980) to work on /home/airflow/.local/lib/python3.12/site-packages/airflow/example_dags/example_branch_labels.py
[2024-06-26T06:50:15.223+0000] {processor.py:830} INFO - Processing file /home/airflow/.local/lib/python3.12/site-packages/airflow/example_dags/example_branch_labels.py for tasks to queue
[2024-06-26T06:50:15.228+0000] {logging_mixin.py:188} INFO - [2024-06-26T06:50:15.227+0000] {dagbag.py:545} INFO - Filling up the DagBag from /home/airflow/.local/lib/python3.12/site-packages/airflow/example_dags/example_branch_labels.py
[2024-06-26T06:50:15.326+0000] {processor.py:840} INFO - DAG(s) 'example_branch_labels' retrieved from /home/airflow/.local/lib/python3.12/site-packages/airflow/example_dags/example_branch_labels.py
[2024-06-26T06:50:15.635+0000] {logging_mixin.py:188} INFO - [2024-06-26T06:50:15.620+0000] {dag.py:3096} INFO - Sync 1 DAGs
[2024-06-26T06:50:16.191+0000] {logging_mixin.py:188} INFO - [2024-06-26T06:50:16.179+0000] {dag.py:3954} INFO - Setting next_dagrun for example_branch_labels to 2024-06-25 00:00:00+00:00, run_after=2024-06-26 00:00:00+00:00
[2024-06-26T06:50:16.528+0000] {processor.py:183} INFO - Processing /home/airflow/.local/lib/python3.12/site-packages/airflow/example_dags/example_branch_labels.py took 1.405 seconds
[2024-06-26T06:51:30.896+0000] {processor.py:161} INFO - Started process (PID=1047) to work on /home/airflow/.local/lib/python3.12/site-packages/airflow/example_dags/example_branch_labels.py
[2024-06-26T06:51:30.914+0000] {processor.py:830} INFO - Processing file /home/airflow/.local/lib/python3.12/site-packages/airflow/example_dags/example_branch_labels.py for tasks to queue
[2024-06-26T06:51:30.930+0000] {logging_mixin.py:188} INFO - [2024-06-26T06:51:30.929+0000] {dagbag.py:545} INFO - Filling up the DagBag from /home/airflow/.local/lib/python3.12/site-packages/airflow/example_dags/example_branch_labels.py
[2024-06-26T06:51:31.047+0000] {processor.py:840} INFO - DAG(s) 'example_branch_labels' retrieved from /home/airflow/.local/lib/python3.12/site-packages/airflow/example_dags/example_branch_labels.py
[2024-06-26T06:51:31.328+0000] {logging_mixin.py:188} INFO - [2024-06-26T06:51:31.321+0000] {dag.py:3096} INFO - Sync 1 DAGs
[2024-06-26T06:51:31.702+0000] {logging_mixin.py:188} INFO - [2024-06-26T06:51:31.701+0000] {dag.py:3954} INFO - Setting next_dagrun for example_branch_labels to 2024-06-25 00:00:00+00:00, run_after=2024-06-26 00:00:00+00:00
[2024-06-26T06:51:32.000+0000] {processor.py:183} INFO - Processing /home/airflow/.local/lib/python3.12/site-packages/airflow/example_dags/example_branch_labels.py took 1.186 seconds
[2024-06-26T06:52:08.749+0000] {processor.py:161} INFO - Started process (PID=1109) to work on /home/airflow/.local/lib/python3.12/site-packages/airflow/example_dags/example_branch_labels.py
[2024-06-26T06:52:08.754+0000] {processor.py:830} INFO - Processing file /home/airflow/.local/lib/python3.12/site-packages/airflow/example_dags/example_branch_labels.py for tasks to queue
[2024-06-26T06:52:08.759+0000] {logging_mixin.py:188} INFO - [2024-06-26T06:52:08.758+0000] {dagbag.py:545} INFO - Filling up the DagBag from /home/airflow/.local/lib/python3.12/site-packages/airflow/example_dags/example_branch_labels.py
[2024-06-26T06:52:08.787+0000] {processor.py:840} INFO - DAG(s) 'example_branch_labels' retrieved from /home/airflow/.local/lib/python3.12/site-packages/airflow/example_dags/example_branch_labels.py
[2024-06-26T06:52:08.888+0000] {logging_mixin.py:188} INFO - [2024-06-26T06:52:08.887+0000] {dag.py:3096} INFO - Sync 1 DAGs
[2024-06-26T06:52:08.970+0000] {logging_mixin.py:188} INFO - [2024-06-26T06:52:08.969+0000] {dag.py:3954} INFO - Setting next_dagrun for example_branch_labels to 2024-06-25 00:00:00+00:00, run_after=2024-06-26 00:00:00+00:00
[2024-06-26T06:52:09.033+0000] {processor.py:183} INFO - Processing /home/airflow/.local/lib/python3.12/site-packages/airflow/example_dags/example_branch_labels.py took 0.310 seconds
[2024-06-26T06:52:40.126+0000] {processor.py:161} INFO - Started process (PID=1171) to work on /home/airflow/.local/lib/python3.12/site-packages/airflow/example_dags/example_branch_labels.py
[2024-06-26T06:52:40.134+0000] {processor.py:830} INFO - Processing file /home/airflow/.local/lib/python3.12/site-packages/airflow/example_dags/example_branch_labels.py for tasks to queue
[2024-06-26T06:52:40.141+0000] {logging_mixin.py:188} INFO - [2024-06-26T06:52:40.140+0000] {dagbag.py:545} INFO - Filling up the DagBag from /home/airflow/.local/lib/python3.12/site-packages/airflow/example_dags/example_branch_labels.py
[2024-06-26T06:52:40.171+0000] {processor.py:840} INFO - DAG(s) 'example_branch_labels' retrieved from /home/airflow/.local/lib/python3.12/site-packages/airflow/example_dags/example_branch_labels.py
[2024-06-26T06:52:40.244+0000] {logging_mixin.py:188} INFO - [2024-06-26T06:52:40.243+0000] {dag.py:3096} INFO - Sync 1 DAGs
[2024-06-26T06:52:40.328+0000] {logging_mixin.py:188} INFO - [2024-06-26T06:52:40.327+0000] {dag.py:3954} INFO - Setting next_dagrun for example_branch_labels to 2024-06-25 00:00:00+00:00, run_after=2024-06-26 00:00:00+00:00
[2024-06-26T06:52:40.395+0000] {processor.py:183} INFO - Processing /home/airflow/.local/lib/python3.12/site-packages/airflow/example_dags/example_branch_labels.py took 0.284 seconds
[2024-06-26T06:53:10.735+0000] {processor.py:161} INFO - Started process (PID=1233) to work on /home/airflow/.local/lib/python3.12/site-packages/airflow/example_dags/example_branch_labels.py
[2024-06-26T06:53:10.737+0000] {processor.py:830} INFO - Processing file /home/airflow/.local/lib/python3.12/site-packages/airflow/example_dags/example_branch_labels.py for tasks to queue
[2024-06-26T06:53:10.741+0000] {logging_mixin.py:188} INFO - [2024-06-26T06:53:10.740+0000] {dagbag.py:545} INFO - Filling up the DagBag from /home/airflow/.local/lib/python3.12/site-packages/airflow/example_dags/example_branch_labels.py
[2024-06-26T06:53:10.754+0000] {processor.py:840} INFO - DAG(s) 'example_branch_labels' retrieved from /home/airflow/.local/lib/python3.12/site-packages/airflow/example_dags/example_branch_labels.py
[2024-06-26T06:53:10.795+0000] {logging_mixin.py:188} INFO - [2024-06-26T06:53:10.795+0000] {dag.py:3096} INFO - Sync 1 DAGs
[2024-06-26T06:53:10.836+0000] {logging_mixin.py:188} INFO - [2024-06-26T06:53:10.836+0000] {dag.py:3954} INFO - Setting next_dagrun for example_branch_labels to 2024-06-25 00:00:00+00:00, run_after=2024-06-26 00:00:00+00:00
[2024-06-26T06:53:10.872+0000] {processor.py:183} INFO - Processing /home/airflow/.local/lib/python3.12/site-packages/airflow/example_dags/example_branch_labels.py took 0.147 seconds
[2024-06-26T06:53:40.933+0000] {processor.py:161} INFO - Started process (PID=1295) to work on /home/airflow/.local/lib/python3.12/site-packages/airflow/example_dags/example_branch_labels.py
[2024-06-26T06:53:40.934+0000] {processor.py:830} INFO - Processing file /home/airflow/.local/lib/python3.12/site-packages/airflow/example_dags/example_branch_labels.py for tasks to queue
[2024-06-26T06:53:40.936+0000] {logging_mixin.py:188} INFO - [2024-06-26T06:53:40.936+0000] {dagbag.py:545} INFO - Filling up the DagBag from /home/airflow/.local/lib/python3.12/site-packages/airflow/example_dags/example_branch_labels.py
[2024-06-26T06:53:40.943+0000] {processor.py:840} INFO - DAG(s) 'example_branch_labels' retrieved from /home/airflow/.local/lib/python3.12/site-packages/airflow/example_dags/example_branch_labels.py
[2024-06-26T06:53:40.964+0000] {logging_mixin.py:188} INFO - [2024-06-26T06:53:40.964+0000] {dag.py:3096} INFO - Sync 1 DAGs
[2024-06-26T06:53:40.986+0000] {logging_mixin.py:188} INFO - [2024-06-26T06:53:40.986+0000] {dag.py:3954} INFO - Setting next_dagrun for example_branch_labels to 2024-06-25 00:00:00+00:00, run_after=2024-06-26 00:00:00+00:00
[2024-06-26T06:53:41.010+0000] {processor.py:183} INFO - Processing /home/airflow/.local/lib/python3.12/site-packages/airflow/example_dags/example_branch_labels.py took 0.082 seconds
[2024-06-26T06:54:18.845+0000] {processor.py:161} INFO - Started process (PID=1352) to work on /home/airflow/.local/lib/python3.12/site-packages/airflow/example_dags/example_branch_labels.py
[2024-06-26T06:54:18.853+0000] {processor.py:830} INFO - Processing file /home/airflow/.local/lib/python3.12/site-packages/airflow/example_dags/example_branch_labels.py for tasks to queue
[2024-06-26T06:54:18.862+0000] {logging_mixin.py:188} INFO - [2024-06-26T06:54:18.860+0000] {dagbag.py:545} INFO - Filling up the DagBag from /home/airflow/.local/lib/python3.12/site-packages/airflow/example_dags/example_branch_labels.py
[2024-06-26T06:54:18.935+0000] {processor.py:840} INFO - DAG(s) 'example_branch_labels' retrieved from /home/airflow/.local/lib/python3.12/site-packages/airflow/example_dags/example_branch_labels.py
[2024-06-26T06:54:19.082+0000] {logging_mixin.py:188} INFO - [2024-06-26T06:54:19.081+0000] {dag.py:3096} INFO - Sync 1 DAGs
[2024-06-26T06:54:19.229+0000] {logging_mixin.py:188} INFO - [2024-06-26T06:54:19.228+0000] {dag.py:3954} INFO - Setting next_dagrun for example_branch_labels to 2024-06-25 00:00:00+00:00, run_after=2024-06-26 00:00:00+00:00
[2024-06-26T06:54:19.353+0000] {processor.py:183} INFO - Processing /home/airflow/.local/lib/python3.12/site-packages/airflow/example_dags/example_branch_labels.py took 0.541 seconds
[2024-06-26T06:55:36.075+0000] {processor.py:161} INFO - Started process (PID=1428) to work on /home/airflow/.local/lib/python3.12/site-packages/airflow/example_dags/example_branch_labels.py
[2024-06-26T06:55:36.079+0000] {processor.py:830} INFO - Processing file /home/airflow/.local/lib/python3.12/site-packages/airflow/example_dags/example_branch_labels.py for tasks to queue
[2024-06-26T06:55:36.084+0000] {logging_mixin.py:188} INFO - [2024-06-26T06:55:36.083+0000] {dagbag.py:545} INFO - Filling up the DagBag from /home/airflow/.local/lib/python3.12/site-packages/airflow/example_dags/example_branch_labels.py
[2024-06-26T06:55:36.127+0000] {processor.py:840} INFO - DAG(s) 'example_branch_labels' retrieved from /home/airflow/.local/lib/python3.12/site-packages/airflow/example_dags/example_branch_labels.py
[2024-06-26T06:55:36.335+0000] {logging_mixin.py:188} INFO - [2024-06-26T06:55:36.334+0000] {dag.py:3096} INFO - Sync 1 DAGs
[2024-06-26T06:55:36.766+0000] {logging_mixin.py:188} INFO - [2024-06-26T06:55:36.765+0000] {dag.py:3954} INFO - Setting next_dagrun for example_branch_labels to 2024-06-25 00:00:00+00:00, run_after=2024-06-26 00:00:00+00:00
[2024-06-26T06:55:37.363+0000] {processor.py:183} INFO - Processing /home/airflow/.local/lib/python3.12/site-packages/airflow/example_dags/example_branch_labels.py took 1.314 seconds
[2024-06-26T06:56:40.607+0000] {processor.py:161} INFO - Started process (PID=1495) to work on /home/airflow/.local/lib/python3.12/site-packages/airflow/example_dags/example_branch_labels.py
[2024-06-26T06:56:40.652+0000] {processor.py:830} INFO - Processing file /home/airflow/.local/lib/python3.12/site-packages/airflow/example_dags/example_branch_labels.py for tasks to queue
[2024-06-26T06:56:40.675+0000] {logging_mixin.py:188} INFO - [2024-06-26T06:56:40.673+0000] {dagbag.py:545} INFO - Filling up the DagBag from /home/airflow/.local/lib/python3.12/site-packages/airflow/example_dags/example_branch_labels.py
[2024-06-26T06:56:40.880+0000] {processor.py:840} INFO - DAG(s) 'example_branch_labels' retrieved from /home/airflow/.local/lib/python3.12/site-packages/airflow/example_dags/example_branch_labels.py
[2024-06-26T06:56:41.271+0000] {logging_mixin.py:188} INFO - [2024-06-26T06:56:41.270+0000] {dag.py:3096} INFO - Sync 1 DAGs
[2024-06-26T06:56:41.757+0000] {logging_mixin.py:188} INFO - [2024-06-26T06:56:41.756+0000] {dag.py:3954} INFO - Setting next_dagrun for example_branch_labels to 2024-06-25 00:00:00+00:00, run_after=2024-06-26 00:00:00+00:00
[2024-06-26T06:56:42.343+0000] {processor.py:183} INFO - Processing /home/airflow/.local/lib/python3.12/site-packages/airflow/example_dags/example_branch_labels.py took 1.857 seconds
[2024-06-26T06:57:35.137+0000] {processor.py:161} INFO - Started process (PID=1558) to work on /home/airflow/.local/lib/python3.12/site-packages/airflow/example_dags/example_branch_labels.py
[2024-06-26T06:57:35.171+0000] {processor.py:830} INFO - Processing file /home/airflow/.local/lib/python3.12/site-packages/airflow/example_dags/example_branch_labels.py for tasks to queue
[2024-06-26T06:57:35.195+0000] {logging_mixin.py:188} INFO - [2024-06-26T06:57:35.193+0000] {dagbag.py:545} INFO - Filling up the DagBag from /home/airflow/.local/lib/python3.12/site-packages/airflow/example_dags/example_branch_labels.py
[2024-06-26T06:57:35.323+0000] {processor.py:840} INFO - DAG(s) 'example_branch_labels' retrieved from /home/airflow/.local/lib/python3.12/site-packages/airflow/example_dags/example_branch_labels.py
[2024-06-26T06:57:35.554+0000] {logging_mixin.py:188} INFO - [2024-06-26T06:57:35.553+0000] {dag.py:3096} INFO - Sync 1 DAGs
[2024-06-26T06:57:35.905+0000] {logging_mixin.py:188} INFO - [2024-06-26T06:57:35.892+0000] {dag.py:3954} INFO - Setting next_dagrun for example_branch_labels to 2024-06-25 00:00:00+00:00, run_after=2024-06-26 00:00:00+00:00
[2024-06-26T06:57:36.161+0000] {processor.py:183} INFO - Processing /home/airflow/.local/lib/python3.12/site-packages/airflow/example_dags/example_branch_labels.py took 1.098 seconds
[2024-06-26T06:58:35.386+0000] {processor.py:161} INFO - Started process (PID=1625) to work on /home/airflow/.local/lib/python3.12/site-packages/airflow/example_dags/example_branch_labels.py
[2024-06-26T06:58:35.391+0000] {processor.py:830} INFO - Processing file /home/airflow/.local/lib/python3.12/site-packages/airflow/example_dags/example_branch_labels.py for tasks to queue
[2024-06-26T06:58:35.396+0000] {logging_mixin.py:188} INFO - [2024-06-26T06:58:35.395+0000] {dagbag.py:545} INFO - Filling up the DagBag from /home/airflow/.local/lib/python3.12/site-packages/airflow/example_dags/example_branch_labels.py
[2024-06-26T06:58:35.485+0000] {processor.py:840} INFO - DAG(s) 'example_branch_labels' retrieved from /home/airflow/.local/lib/python3.12/site-packages/airflow/example_dags/example_branch_labels.py
[2024-06-26T06:58:35.751+0000] {logging_mixin.py:188} INFO - [2024-06-26T06:58:35.749+0000] {dag.py:3096} INFO - Sync 1 DAGs
[2024-06-26T06:58:36.093+0000] {logging_mixin.py:188} INFO - [2024-06-26T06:58:36.091+0000] {dag.py:3954} INFO - Setting next_dagrun for example_branch_labels to 2024-06-25 00:00:00+00:00, run_after=2024-06-26 00:00:00+00:00
[2024-06-26T06:58:36.295+0000] {processor.py:183} INFO - Processing /home/airflow/.local/lib/python3.12/site-packages/airflow/example_dags/example_branch_labels.py took 0.940 seconds
[2024-06-26T06:59:17.795+0000] {processor.py:161} INFO - Started process (PID=1694) to work on /home/airflow/.local/lib/python3.12/site-packages/airflow/example_dags/example_branch_labels.py
[2024-06-26T06:59:17.817+0000] {processor.py:830} INFO - Processing file /home/airflow/.local/lib/python3.12/site-packages/airflow/example_dags/example_branch_labels.py for tasks to queue
[2024-06-26T06:59:17.846+0000] {logging_mixin.py:188} INFO - [2024-06-26T06:59:17.844+0000] {dagbag.py:545} INFO - Filling up the DagBag from /home/airflow/.local/lib/python3.12/site-packages/airflow/example_dags/example_branch_labels.py
[2024-06-26T06:59:18.007+0000] {processor.py:840} INFO - DAG(s) 'example_branch_labels' retrieved from /home/airflow/.local/lib/python3.12/site-packages/airflow/example_dags/example_branch_labels.py
[2024-06-26T06:59:18.295+0000] {logging_mixin.py:188} INFO - [2024-06-26T06:59:18.294+0000] {dag.py:3096} INFO - Sync 1 DAGs
[2024-06-26T06:59:18.549+0000] {logging_mixin.py:188} INFO - [2024-06-26T06:59:18.547+0000] {dag.py:3954} INFO - Setting next_dagrun for example_branch_labels to 2024-06-25 00:00:00+00:00, run_after=2024-06-26 00:00:00+00:00
[2024-06-26T06:59:18.670+0000] {processor.py:183} INFO - Processing /home/airflow/.local/lib/python3.12/site-packages/airflow/example_dags/example_branch_labels.py took 0.974 seconds
[2024-06-26T06:59:55.223+0000] {processor.py:161} INFO - Started process (PID=1748) to work on /home/airflow/.local/lib/python3.12/site-packages/airflow/example_dags/example_branch_labels.py
[2024-06-26T06:59:55.226+0000] {processor.py:830} INFO - Processing file /home/airflow/.local/lib/python3.12/site-packages/airflow/example_dags/example_branch_labels.py for tasks to queue
[2024-06-26T06:59:55.230+0000] {logging_mixin.py:188} INFO - [2024-06-26T06:59:55.229+0000] {dagbag.py:545} INFO - Filling up the DagBag from /home/airflow/.local/lib/python3.12/site-packages/airflow/example_dags/example_branch_labels.py
[2024-06-26T06:59:55.257+0000] {processor.py:840} INFO - DAG(s) 'example_branch_labels' retrieved from /home/airflow/.local/lib/python3.12/site-packages/airflow/example_dags/example_branch_labels.py
[2024-06-26T06:59:55.332+0000] {logging_mixin.py:188} INFO - [2024-06-26T06:59:55.331+0000] {dag.py:3096} INFO - Sync 1 DAGs
[2024-06-26T06:59:55.421+0000] {logging_mixin.py:188} INFO - [2024-06-26T06:59:55.420+0000] {dag.py:3954} INFO - Setting next_dagrun for example_branch_labels to 2024-06-25 00:00:00+00:00, run_after=2024-06-26 00:00:00+00:00
[2024-06-26T06:59:55.508+0000] {processor.py:183} INFO - Processing /home/airflow/.local/lib/python3.12/site-packages/airflow/example_dags/example_branch_labels.py took 0.306 seconds
[2024-06-26T07:00:25.581+0000] {processor.py:161} INFO - Started process (PID=1811) to work on /home/airflow/.local/lib/python3.12/site-packages/airflow/example_dags/example_branch_labels.py
[2024-06-26T07:00:25.582+0000] {processor.py:830} INFO - Processing file /home/airflow/.local/lib/python3.12/site-packages/airflow/example_dags/example_branch_labels.py for tasks to queue
[2024-06-26T07:00:25.584+0000] {logging_mixin.py:188} INFO - [2024-06-26T07:00:25.583+0000] {dagbag.py:545} INFO - Filling up the DagBag from /home/airflow/.local/lib/python3.12/site-packages/airflow/example_dags/example_branch_labels.py
[2024-06-26T07:00:25.592+0000] {processor.py:840} INFO - DAG(s) 'example_branch_labels' retrieved from /home/airflow/.local/lib/python3.12/site-packages/airflow/example_dags/example_branch_labels.py
[2024-06-26T07:00:25.621+0000] {logging_mixin.py:188} INFO - [2024-06-26T07:00:25.620+0000] {dag.py:3096} INFO - Sync 1 DAGs
[2024-06-26T07:00:25.649+0000] {logging_mixin.py:188} INFO - [2024-06-26T07:00:25.649+0000] {dag.py:3954} INFO - Setting next_dagrun for example_branch_labels to 2024-06-25 00:00:00+00:00, run_after=2024-06-26 00:00:00+00:00
[2024-06-26T07:00:25.676+0000] {processor.py:183} INFO - Processing /home/airflow/.local/lib/python3.12/site-packages/airflow/example_dags/example_branch_labels.py took 0.101 seconds
[2024-06-26T07:00:56.547+0000] {processor.py:161} INFO - Started process (PID=1874) to work on /home/airflow/.local/lib/python3.12/site-packages/airflow/example_dags/example_branch_labels.py
[2024-06-26T07:00:56.550+0000] {processor.py:830} INFO - Processing file /home/airflow/.local/lib/python3.12/site-packages/airflow/example_dags/example_branch_labels.py for tasks to queue
[2024-06-26T07:00:56.553+0000] {logging_mixin.py:188} INFO - [2024-06-26T07:00:56.552+0000] {dagbag.py:545} INFO - Filling up the DagBag from /home/airflow/.local/lib/python3.12/site-packages/airflow/example_dags/example_branch_labels.py
[2024-06-26T07:00:56.573+0000] {processor.py:840} INFO - DAG(s) 'example_branch_labels' retrieved from /home/airflow/.local/lib/python3.12/site-packages/airflow/example_dags/example_branch_labels.py
[2024-06-26T07:00:56.624+0000] {logging_mixin.py:188} INFO - [2024-06-26T07:00:56.623+0000] {dag.py:3096} INFO - Sync 1 DAGs
[2024-06-26T07:00:56.690+0000] {logging_mixin.py:188} INFO - [2024-06-26T07:00:56.689+0000] {dag.py:3954} INFO - Setting next_dagrun for example_branch_labels to 2024-06-25 00:00:00+00:00, run_after=2024-06-26 00:00:00+00:00
[2024-06-26T07:00:56.742+0000] {processor.py:183} INFO - Processing /home/airflow/.local/lib/python3.12/site-packages/airflow/example_dags/example_branch_labels.py took 0.211 seconds
[2024-06-26T07:01:26.971+0000] {processor.py:161} INFO - Started process (PID=1937) to work on /home/airflow/.local/lib/python3.12/site-packages/airflow/example_dags/example_branch_labels.py
[2024-06-26T07:01:26.973+0000] {processor.py:830} INFO - Processing file /home/airflow/.local/lib/python3.12/site-packages/airflow/example_dags/example_branch_labels.py for tasks to queue
[2024-06-26T07:01:26.975+0000] {logging_mixin.py:188} INFO - [2024-06-26T07:01:26.975+0000] {dagbag.py:545} INFO - Filling up the DagBag from /home/airflow/.local/lib/python3.12/site-packages/airflow/example_dags/example_branch_labels.py
[2024-06-26T07:01:26.991+0000] {processor.py:840} INFO - DAG(s) 'example_branch_labels' retrieved from /home/airflow/.local/lib/python3.12/site-packages/airflow/example_dags/example_branch_labels.py
[2024-06-26T07:01:27.038+0000] {logging_mixin.py:188} INFO - [2024-06-26T07:01:27.037+0000] {dag.py:3096} INFO - Sync 1 DAGs
[2024-06-26T07:01:27.085+0000] {logging_mixin.py:188} INFO - [2024-06-26T07:01:27.085+0000] {dag.py:3954} INFO - Setting next_dagrun for example_branch_labels to 2024-06-25 00:00:00+00:00, run_after=2024-06-26 00:00:00+00:00
[2024-06-26T07:01:27.127+0000] {processor.py:183} INFO - Processing /home/airflow/.local/lib/python3.12/site-packages/airflow/example_dags/example_branch_labels.py took 0.167 seconds
[2024-06-26T07:01:57.282+0000] {processor.py:161} INFO - Started process (PID=1999) to work on /home/airflow/.local/lib/python3.12/site-packages/airflow/example_dags/example_branch_labels.py
[2024-06-26T07:01:57.283+0000] {processor.py:830} INFO - Processing file /home/airflow/.local/lib/python3.12/site-packages/airflow/example_dags/example_branch_labels.py for tasks to queue
[2024-06-26T07:01:57.284+0000] {logging_mixin.py:188} INFO - [2024-06-26T07:01:57.284+0000] {dagbag.py:545} INFO - Filling up the DagBag from /home/airflow/.local/lib/python3.12/site-packages/airflow/example_dags/example_branch_labels.py
[2024-06-26T07:01:57.292+0000] {processor.py:840} INFO - DAG(s) 'example_branch_labels' retrieved from /home/airflow/.local/lib/python3.12/site-packages/airflow/example_dags/example_branch_labels.py
[2024-06-26T07:01:57.314+0000] {logging_mixin.py:188} INFO - [2024-06-26T07:01:57.313+0000] {dag.py:3096} INFO - Sync 1 DAGs
[2024-06-26T07:01:57.339+0000] {logging_mixin.py:188} INFO - [2024-06-26T07:01:57.339+0000] {dag.py:3954} INFO - Setting next_dagrun for example_branch_labels to 2024-06-25 00:00:00+00:00, run_after=2024-06-26 00:00:00+00:00
[2024-06-26T07:01:57.494+0000] {processor.py:183} INFO - Processing /home/airflow/.local/lib/python3.12/site-packages/airflow/example_dags/example_branch_labels.py took 0.218 seconds
[2024-06-26T07:02:28.095+0000] {processor.py:161} INFO - Started process (PID=2062) to work on /home/airflow/.local/lib/python3.12/site-packages/airflow/example_dags/example_branch_labels.py
[2024-06-26T07:02:28.096+0000] {processor.py:830} INFO - Processing file /home/airflow/.local/lib/python3.12/site-packages/airflow/example_dags/example_branch_labels.py for tasks to queue
[2024-06-26T07:02:28.096+0000] {logging_mixin.py:188} INFO - [2024-06-26T07:02:28.096+0000] {dagbag.py:545} INFO - Filling up the DagBag from /home/airflow/.local/lib/python3.12/site-packages/airflow/example_dags/example_branch_labels.py
[2024-06-26T07:02:28.102+0000] {processor.py:840} INFO - DAG(s) 'example_branch_labels' retrieved from /home/airflow/.local/lib/python3.12/site-packages/airflow/example_dags/example_branch_labels.py
[2024-06-26T07:02:28.119+0000] {logging_mixin.py:188} INFO - [2024-06-26T07:02:28.119+0000] {dag.py:3096} INFO - Sync 1 DAGs
[2024-06-26T07:02:28.134+0000] {logging_mixin.py:188} INFO - [2024-06-26T07:02:28.134+0000] {dag.py:3954} INFO - Setting next_dagrun for example_branch_labels to 2024-06-25 00:00:00+00:00, run_after=2024-06-26 00:00:00+00:00
[2024-06-26T07:02:28.153+0000] {processor.py:183} INFO - Processing /home/airflow/.local/lib/python3.12/site-packages/airflow/example_dags/example_branch_labels.py took 0.063 seconds
[2024-06-26T07:02:58.296+0000] {processor.py:161} INFO - Started process (PID=2125) to work on /home/airflow/.local/lib/python3.12/site-packages/airflow/example_dags/example_branch_labels.py
[2024-06-26T07:02:58.297+0000] {processor.py:830} INFO - Processing file /home/airflow/.local/lib/python3.12/site-packages/airflow/example_dags/example_branch_labels.py for tasks to queue
[2024-06-26T07:02:58.298+0000] {logging_mixin.py:188} INFO - [2024-06-26T07:02:58.298+0000] {dagbag.py:545} INFO - Filling up the DagBag from /home/airflow/.local/lib/python3.12/site-packages/airflow/example_dags/example_branch_labels.py
[2024-06-26T07:02:58.305+0000] {processor.py:840} INFO - DAG(s) 'example_branch_labels' retrieved from /home/airflow/.local/lib/python3.12/site-packages/airflow/example_dags/example_branch_labels.py
[2024-06-26T07:02:58.321+0000] {logging_mixin.py:188} INFO - [2024-06-26T07:02:58.320+0000] {dag.py:3096} INFO - Sync 1 DAGs
[2024-06-26T07:02:58.340+0000] {logging_mixin.py:188} INFO - [2024-06-26T07:02:58.339+0000] {dag.py:3954} INFO - Setting next_dagrun for example_branch_labels to 2024-06-25 00:00:00+00:00, run_after=2024-06-26 00:00:00+00:00
[2024-06-26T07:02:58.356+0000] {processor.py:183} INFO - Processing /home/airflow/.local/lib/python3.12/site-packages/airflow/example_dags/example_branch_labels.py took 0.064 seconds
[2024-06-26T07:03:28.688+0000] {processor.py:161} INFO - Started process (PID=2190) to work on /home/airflow/.local/lib/python3.12/site-packages/airflow/example_dags/example_branch_labels.py
[2024-06-26T07:03:28.690+0000] {processor.py:830} INFO - Processing file /home/airflow/.local/lib/python3.12/site-packages/airflow/example_dags/example_branch_labels.py for tasks to queue
[2024-06-26T07:03:28.691+0000] {logging_mixin.py:188} INFO - [2024-06-26T07:03:28.691+0000] {dagbag.py:545} INFO - Filling up the DagBag from /home/airflow/.local/lib/python3.12/site-packages/airflow/example_dags/example_branch_labels.py
[2024-06-26T07:03:28.702+0000] {processor.py:840} INFO - DAG(s) 'example_branch_labels' retrieved from /home/airflow/.local/lib/python3.12/site-packages/airflow/example_dags/example_branch_labels.py
[2024-06-26T07:03:28.737+0000] {logging_mixin.py:188} INFO - [2024-06-26T07:03:28.737+0000] {dag.py:3096} INFO - Sync 1 DAGs
[2024-06-26T07:03:28.778+0000] {logging_mixin.py:188} INFO - [2024-06-26T07:03:28.777+0000] {dag.py:3954} INFO - Setting next_dagrun for example_branch_labels to 2024-06-25 00:00:00+00:00, run_after=2024-06-26 00:00:00+00:00
[2024-06-26T07:03:28.811+0000] {processor.py:183} INFO - Processing /home/airflow/.local/lib/python3.12/site-packages/airflow/example_dags/example_branch_labels.py took 0.131 seconds
[2024-06-26T07:03:58.896+0000] {processor.py:161} INFO - Started process (PID=2255) to work on /home/airflow/.local/lib/python3.12/site-packages/airflow/example_dags/example_branch_labels.py
[2024-06-26T07:03:58.897+0000] {processor.py:830} INFO - Processing file /home/airflow/.local/lib/python3.12/site-packages/airflow/example_dags/example_branch_labels.py for tasks to queue
[2024-06-26T07:03:58.899+0000] {logging_mixin.py:188} INFO - [2024-06-26T07:03:58.898+0000] {dagbag.py:545} INFO - Filling up the DagBag from /home/airflow/.local/lib/python3.12/site-packages/airflow/example_dags/example_branch_labels.py
[2024-06-26T07:03:58.907+0000] {processor.py:840} INFO - DAG(s) 'example_branch_labels' retrieved from /home/airflow/.local/lib/python3.12/site-packages/airflow/example_dags/example_branch_labels.py
[2024-06-26T07:03:58.933+0000] {logging_mixin.py:188} INFO - [2024-06-26T07:03:58.932+0000] {dag.py:3096} INFO - Sync 1 DAGs
[2024-06-26T07:03:58.955+0000] {logging_mixin.py:188} INFO - [2024-06-26T07:03:58.955+0000] {dag.py:3954} INFO - Setting next_dagrun for example_branch_labels to 2024-06-25 00:00:00+00:00, run_after=2024-06-26 00:00:00+00:00
[2024-06-26T07:03:58.976+0000] {processor.py:183} INFO - Processing /home/airflow/.local/lib/python3.12/site-packages/airflow/example_dags/example_branch_labels.py took 0.086 seconds
[2024-06-26T07:04:29.489+0000] {processor.py:161} INFO - Started process (PID=2319) to work on /home/airflow/.local/lib/python3.12/site-packages/airflow/example_dags/example_branch_labels.py
[2024-06-26T07:04:29.490+0000] {processor.py:830} INFO - Processing file /home/airflow/.local/lib/python3.12/site-packages/airflow/example_dags/example_branch_labels.py for tasks to queue
[2024-06-26T07:04:29.491+0000] {logging_mixin.py:188} INFO - [2024-06-26T07:04:29.491+0000] {dagbag.py:545} INFO - Filling up the DagBag from /home/airflow/.local/lib/python3.12/site-packages/airflow/example_dags/example_branch_labels.py
[2024-06-26T07:04:29.500+0000] {processor.py:840} INFO - DAG(s) 'example_branch_labels' retrieved from /home/airflow/.local/lib/python3.12/site-packages/airflow/example_dags/example_branch_labels.py
[2024-06-26T07:04:29.524+0000] {logging_mixin.py:188} INFO - [2024-06-26T07:04:29.523+0000] {dag.py:3096} INFO - Sync 1 DAGs
[2024-06-26T07:04:29.697+0000] {logging_mixin.py:188} INFO - [2024-06-26T07:04:29.696+0000] {dag.py:3954} INFO - Setting next_dagrun for example_branch_labels to 2024-06-25 00:00:00+00:00, run_after=2024-06-26 00:00:00+00:00
[2024-06-26T07:04:29.720+0000] {processor.py:183} INFO - Processing /home/airflow/.local/lib/python3.12/site-packages/airflow/example_dags/example_branch_labels.py took 0.238 seconds
[2024-06-26T07:05:00.020+0000] {processor.py:161} INFO - Started process (PID=2382) to work on /home/airflow/.local/lib/python3.12/site-packages/airflow/example_dags/example_branch_labels.py
[2024-06-26T07:05:00.021+0000] {processor.py:830} INFO - Processing file /home/airflow/.local/lib/python3.12/site-packages/airflow/example_dags/example_branch_labels.py for tasks to queue
[2024-06-26T07:05:00.023+0000] {logging_mixin.py:188} INFO - [2024-06-26T07:05:00.022+0000] {dagbag.py:545} INFO - Filling up the DagBag from /home/airflow/.local/lib/python3.12/site-packages/airflow/example_dags/example_branch_labels.py
[2024-06-26T07:05:00.034+0000] {processor.py:840} INFO - DAG(s) 'example_branch_labels' retrieved from /home/airflow/.local/lib/python3.12/site-packages/airflow/example_dags/example_branch_labels.py
[2024-06-26T07:05:00.060+0000] {logging_mixin.py:188} INFO - [2024-06-26T07:05:00.060+0000] {dag.py:3096} INFO - Sync 1 DAGs
[2024-06-26T07:05:00.091+0000] {logging_mixin.py:188} INFO - [2024-06-26T07:05:00.091+0000] {dag.py:3954} INFO - Setting next_dagrun for example_branch_labels to 2024-06-25 00:00:00+00:00, run_after=2024-06-26 00:00:00+00:00
[2024-06-26T07:05:00.116+0000] {processor.py:183} INFO - Processing /home/airflow/.local/lib/python3.12/site-packages/airflow/example_dags/example_branch_labels.py took 0.103 seconds
[2024-06-26T07:05:31.181+0000] {processor.py:161} INFO - Started process (PID=2449) to work on /home/airflow/.local/lib/python3.12/site-packages/airflow/example_dags/example_branch_labels.py
[2024-06-26T07:05:31.183+0000] {processor.py:830} INFO - Processing file /home/airflow/.local/lib/python3.12/site-packages/airflow/example_dags/example_branch_labels.py for tasks to queue
[2024-06-26T07:05:31.186+0000] {logging_mixin.py:188} INFO - [2024-06-26T07:05:31.185+0000] {dagbag.py:545} INFO - Filling up the DagBag from /home/airflow/.local/lib/python3.12/site-packages/airflow/example_dags/example_branch_labels.py
[2024-06-26T07:05:31.204+0000] {processor.py:840} INFO - DAG(s) 'example_branch_labels' retrieved from /home/airflow/.local/lib/python3.12/site-packages/airflow/example_dags/example_branch_labels.py
[2024-06-26T07:05:31.258+0000] {logging_mixin.py:188} INFO - [2024-06-26T07:05:31.258+0000] {dag.py:3096} INFO - Sync 1 DAGs
[2024-06-26T07:05:31.317+0000] {logging_mixin.py:188} INFO - [2024-06-26T07:05:31.316+0000] {dag.py:3954} INFO - Setting next_dagrun for example_branch_labels to 2024-06-25 00:00:00+00:00, run_after=2024-06-26 00:00:00+00:00
[2024-06-26T07:05:31.443+0000] {processor.py:183} INFO - Processing /home/airflow/.local/lib/python3.12/site-packages/airflow/example_dags/example_branch_labels.py took 0.274 seconds
[2024-06-26T07:06:02.306+0000] {processor.py:161} INFO - Started process (PID=2511) to work on /home/airflow/.local/lib/python3.12/site-packages/airflow/example_dags/example_branch_labels.py
[2024-06-26T07:06:02.307+0000] {processor.py:830} INFO - Processing file /home/airflow/.local/lib/python3.12/site-packages/airflow/example_dags/example_branch_labels.py for tasks to queue
[2024-06-26T07:06:02.308+0000] {logging_mixin.py:188} INFO - [2024-06-26T07:06:02.308+0000] {dagbag.py:545} INFO - Filling up the DagBag from /home/airflow/.local/lib/python3.12/site-packages/airflow/example_dags/example_branch_labels.py
[2024-06-26T07:06:02.313+0000] {processor.py:840} INFO - DAG(s) 'example_branch_labels' retrieved from /home/airflow/.local/lib/python3.12/site-packages/airflow/example_dags/example_branch_labels.py
[2024-06-26T07:06:02.330+0000] {logging_mixin.py:188} INFO - [2024-06-26T07:06:02.330+0000] {dag.py:3096} INFO - Sync 1 DAGs
[2024-06-26T07:06:02.348+0000] {logging_mixin.py:188} INFO - [2024-06-26T07:06:02.347+0000] {dag.py:3954} INFO - Setting next_dagrun for example_branch_labels to 2024-06-25 00:00:00+00:00, run_after=2024-06-26 00:00:00+00:00
[2024-06-26T07:06:02.366+0000] {processor.py:183} INFO - Processing /home/airflow/.local/lib/python3.12/site-packages/airflow/example_dags/example_branch_labels.py took 0.064 seconds
[2024-06-26T07:06:32.866+0000] {processor.py:161} INFO - Started process (PID=2573) to work on /home/airflow/.local/lib/python3.12/site-packages/airflow/example_dags/example_branch_labels.py
[2024-06-26T07:06:32.867+0000] {processor.py:830} INFO - Processing file /home/airflow/.local/lib/python3.12/site-packages/airflow/example_dags/example_branch_labels.py for tasks to queue
[2024-06-26T07:06:32.869+0000] {logging_mixin.py:188} INFO - [2024-06-26T07:06:32.869+0000] {dagbag.py:545} INFO - Filling up the DagBag from /home/airflow/.local/lib/python3.12/site-packages/airflow/example_dags/example_branch_labels.py
[2024-06-26T07:06:32.884+0000] {processor.py:840} INFO - DAG(s) 'example_branch_labels' retrieved from /home/airflow/.local/lib/python3.12/site-packages/airflow/example_dags/example_branch_labels.py
[2024-06-26T07:06:32.921+0000] {logging_mixin.py:188} INFO - [2024-06-26T07:06:32.921+0000] {dag.py:3096} INFO - Sync 1 DAGs
[2024-06-26T07:06:32.961+0000] {logging_mixin.py:188} INFO - [2024-06-26T07:06:32.961+0000] {dag.py:3954} INFO - Setting next_dagrun for example_branch_labels to 2024-06-25 00:00:00+00:00, run_after=2024-06-26 00:00:00+00:00
[2024-06-26T07:06:32.997+0000] {processor.py:183} INFO - Processing /home/airflow/.local/lib/python3.12/site-packages/airflow/example_dags/example_branch_labels.py took 0.141 seconds
[2024-06-26T07:07:05.853+0000] {processor.py:161} INFO - Started process (PID=2635) to work on /home/airflow/.local/lib/python3.12/site-packages/airflow/example_dags/example_branch_labels.py
[2024-06-26T07:07:05.887+0000] {processor.py:830} INFO - Processing file /home/airflow/.local/lib/python3.12/site-packages/airflow/example_dags/example_branch_labels.py for tasks to queue
[2024-06-26T07:07:05.902+0000] {logging_mixin.py:188} INFO - [2024-06-26T07:07:05.900+0000] {dagbag.py:545} INFO - Filling up the DagBag from /home/airflow/.local/lib/python3.12/site-packages/airflow/example_dags/example_branch_labels.py
[2024-06-26T07:07:06.003+0000] {processor.py:840} INFO - DAG(s) 'example_branch_labels' retrieved from /home/airflow/.local/lib/python3.12/site-packages/airflow/example_dags/example_branch_labels.py
[2024-06-26T07:07:06.299+0000] {logging_mixin.py:188} INFO - [2024-06-26T07:07:06.287+0000] {dag.py:3096} INFO - Sync 1 DAGs
[2024-06-26T07:07:06.642+0000] {logging_mixin.py:188} INFO - [2024-06-26T07:07:06.642+0000] {dag.py:3954} INFO - Setting next_dagrun for example_branch_labels to 2024-06-25 00:00:00+00:00, run_after=2024-06-26 00:00:00+00:00
[2024-06-26T07:07:06.796+0000] {processor.py:183} INFO - Processing /home/airflow/.local/lib/python3.12/site-packages/airflow/example_dags/example_branch_labels.py took 1.007 seconds
[2024-06-26T07:07:37.146+0000] {processor.py:161} INFO - Started process (PID=2697) to work on /home/airflow/.local/lib/python3.12/site-packages/airflow/example_dags/example_branch_labels.py
[2024-06-26T07:07:37.150+0000] {processor.py:830} INFO - Processing file /home/airflow/.local/lib/python3.12/site-packages/airflow/example_dags/example_branch_labels.py for tasks to queue
[2024-06-26T07:07:37.155+0000] {logging_mixin.py:188} INFO - [2024-06-26T07:07:37.154+0000] {dagbag.py:545} INFO - Filling up the DagBag from /home/airflow/.local/lib/python3.12/site-packages/airflow/example_dags/example_branch_labels.py
[2024-06-26T07:07:37.190+0000] {processor.py:840} INFO - DAG(s) 'example_branch_labels' retrieved from /home/airflow/.local/lib/python3.12/site-packages/airflow/example_dags/example_branch_labels.py
[2024-06-26T07:07:37.278+0000] {logging_mixin.py:188} INFO - [2024-06-26T07:07:37.277+0000] {dag.py:3096} INFO - Sync 1 DAGs
[2024-06-26T07:07:37.383+0000] {logging_mixin.py:188} INFO - [2024-06-26T07:07:37.382+0000] {dag.py:3954} INFO - Setting next_dagrun for example_branch_labels to 2024-06-25 00:00:00+00:00, run_after=2024-06-26 00:00:00+00:00
[2024-06-26T07:07:37.460+0000] {processor.py:183} INFO - Processing /home/airflow/.local/lib/python3.12/site-packages/airflow/example_dags/example_branch_labels.py took 0.334 seconds
[2024-06-26T07:08:10.030+0000] {processor.py:161} INFO - Started process (PID=2756) to work on /home/airflow/.local/lib/python3.12/site-packages/airflow/example_dags/example_branch_labels.py
[2024-06-26T07:08:10.033+0000] {processor.py:830} INFO - Processing file /home/airflow/.local/lib/python3.12/site-packages/airflow/example_dags/example_branch_labels.py for tasks to queue
[2024-06-26T07:08:10.040+0000] {logging_mixin.py:188} INFO - [2024-06-26T07:08:10.038+0000] {dagbag.py:545} INFO - Filling up the DagBag from /home/airflow/.local/lib/python3.12/site-packages/airflow/example_dags/example_branch_labels.py
[2024-06-26T07:08:10.072+0000] {processor.py:840} INFO - DAG(s) 'example_branch_labels' retrieved from /home/airflow/.local/lib/python3.12/site-packages/airflow/example_dags/example_branch_labels.py
[2024-06-26T07:08:10.167+0000] {logging_mixin.py:188} INFO - [2024-06-26T07:08:10.166+0000] {dag.py:3096} INFO - Sync 1 DAGs
[2024-06-26T07:08:10.292+0000] {logging_mixin.py:188} INFO - [2024-06-26T07:08:10.291+0000] {dag.py:3954} INFO - Setting next_dagrun for example_branch_labels to 2024-06-25 00:00:00+00:00, run_after=2024-06-26 00:00:00+00:00
[2024-06-26T07:08:10.450+0000] {processor.py:183} INFO - Processing /home/airflow/.local/lib/python3.12/site-packages/airflow/example_dags/example_branch_labels.py took 0.451 seconds
[2024-06-26T07:08:42.268+0000] {processor.py:161} INFO - Started process (PID=2818) to work on /home/airflow/.local/lib/python3.12/site-packages/airflow/example_dags/example_branch_labels.py
[2024-06-26T07:08:42.272+0000] {processor.py:830} INFO - Processing file /home/airflow/.local/lib/python3.12/site-packages/airflow/example_dags/example_branch_labels.py for tasks to queue
[2024-06-26T07:08:42.274+0000] {logging_mixin.py:188} INFO - [2024-06-26T07:08:42.274+0000] {dagbag.py:545} INFO - Filling up the DagBag from /home/airflow/.local/lib/python3.12/site-packages/airflow/example_dags/example_branch_labels.py
[2024-06-26T07:08:42.293+0000] {processor.py:840} INFO - DAG(s) 'example_branch_labels' retrieved from /home/airflow/.local/lib/python3.12/site-packages/airflow/example_dags/example_branch_labels.py
[2024-06-26T07:08:42.344+0000] {logging_mixin.py:188} INFO - [2024-06-26T07:08:42.344+0000] {dag.py:3096} INFO - Sync 1 DAGs
[2024-06-26T07:08:42.404+0000] {logging_mixin.py:188} INFO - [2024-06-26T07:08:42.403+0000] {dag.py:3954} INFO - Setting next_dagrun for example_branch_labels to 2024-06-25 00:00:00+00:00, run_after=2024-06-26 00:00:00+00:00
[2024-06-26T07:08:42.455+0000] {processor.py:183} INFO - Processing /home/airflow/.local/lib/python3.12/site-packages/airflow/example_dags/example_branch_labels.py took 0.200 seconds
[2024-06-26T07:09:16.284+0000] {processor.py:161} INFO - Started process (PID=2882) to work on /home/airflow/.local/lib/python3.12/site-packages/airflow/example_dags/example_branch_labels.py
[2024-06-26T07:09:16.294+0000] {processor.py:830} INFO - Processing file /home/airflow/.local/lib/python3.12/site-packages/airflow/example_dags/example_branch_labels.py for tasks to queue
[2024-06-26T07:09:16.299+0000] {logging_mixin.py:188} INFO - [2024-06-26T07:09:16.298+0000] {dagbag.py:545} INFO - Filling up the DagBag from /home/airflow/.local/lib/python3.12/site-packages/airflow/example_dags/example_branch_labels.py
[2024-06-26T07:09:16.327+0000] {processor.py:840} INFO - DAG(s) 'example_branch_labels' retrieved from /home/airflow/.local/lib/python3.12/site-packages/airflow/example_dags/example_branch_labels.py
[2024-06-26T07:09:16.522+0000] {logging_mixin.py:188} INFO - [2024-06-26T07:09:16.511+0000] {dag.py:3096} INFO - Sync 1 DAGs
[2024-06-26T07:09:16.869+0000] {logging_mixin.py:188} INFO - [2024-06-26T07:09:16.860+0000] {dag.py:3954} INFO - Setting next_dagrun for example_branch_labels to 2024-06-25 00:00:00+00:00, run_after=2024-06-26 00:00:00+00:00
[2024-06-26T07:09:16.996+0000] {processor.py:183} INFO - Processing /home/airflow/.local/lib/python3.12/site-packages/airflow/example_dags/example_branch_labels.py took 0.766 seconds
[2024-06-26T07:10:34.947+0000] {processor.py:161} INFO - Started process (PID=2950) to work on /home/airflow/.local/lib/python3.12/site-packages/airflow/example_dags/example_branch_labels.py
[2024-06-26T07:10:34.953+0000] {processor.py:830} INFO - Processing file /home/airflow/.local/lib/python3.12/site-packages/airflow/example_dags/example_branch_labels.py for tasks to queue
[2024-06-26T07:10:34.966+0000] {logging_mixin.py:188} INFO - [2024-06-26T07:10:34.964+0000] {dagbag.py:545} INFO - Filling up the DagBag from /home/airflow/.local/lib/python3.12/site-packages/airflow/example_dags/example_branch_labels.py
[2024-06-26T07:10:35.075+0000] {processor.py:840} INFO - DAG(s) 'example_branch_labels' retrieved from /home/airflow/.local/lib/python3.12/site-packages/airflow/example_dags/example_branch_labels.py
[2024-06-26T07:10:35.319+0000] {logging_mixin.py:188} INFO - [2024-06-26T07:10:35.319+0000] {dag.py:3096} INFO - Sync 1 DAGs
[2024-06-26T07:10:35.493+0000] {logging_mixin.py:188} INFO - [2024-06-26T07:10:35.493+0000] {dag.py:3954} INFO - Setting next_dagrun for example_branch_labels to 2024-06-25 00:00:00+00:00, run_after=2024-06-26 00:00:00+00:00
[2024-06-26T07:10:35.646+0000] {processor.py:183} INFO - Processing /home/airflow/.local/lib/python3.12/site-packages/airflow/example_dags/example_branch_labels.py took 0.734 seconds
[2024-06-26T07:11:05.896+0000] {processor.py:161} INFO - Started process (PID=3013) to work on /home/airflow/.local/lib/python3.12/site-packages/airflow/example_dags/example_branch_labels.py
[2024-06-26T07:11:05.904+0000] {processor.py:830} INFO - Processing file /home/airflow/.local/lib/python3.12/site-packages/airflow/example_dags/example_branch_labels.py for tasks to queue
[2024-06-26T07:11:05.912+0000] {logging_mixin.py:188} INFO - [2024-06-26T07:11:05.910+0000] {dagbag.py:545} INFO - Filling up the DagBag from /home/airflow/.local/lib/python3.12/site-packages/airflow/example_dags/example_branch_labels.py
[2024-06-26T07:11:05.944+0000] {processor.py:840} INFO - DAG(s) 'example_branch_labels' retrieved from /home/airflow/.local/lib/python3.12/site-packages/airflow/example_dags/example_branch_labels.py
[2024-06-26T07:11:06.041+0000] {logging_mixin.py:188} INFO - [2024-06-26T07:11:06.040+0000] {dag.py:3096} INFO - Sync 1 DAGs
[2024-06-26T07:11:06.150+0000] {logging_mixin.py:188} INFO - [2024-06-26T07:11:06.149+0000] {dag.py:3954} INFO - Setting next_dagrun for example_branch_labels to 2024-06-25 00:00:00+00:00, run_after=2024-06-26 00:00:00+00:00
[2024-06-26T07:11:06.226+0000] {processor.py:183} INFO - Processing /home/airflow/.local/lib/python3.12/site-packages/airflow/example_dags/example_branch_labels.py took 0.358 seconds
[2024-06-26T07:11:38.756+0000] {processor.py:161} INFO - Started process (PID=3076) to work on /home/airflow/.local/lib/python3.12/site-packages/airflow/example_dags/example_branch_labels.py
[2024-06-26T07:11:38.765+0000] {processor.py:830} INFO - Processing file /home/airflow/.local/lib/python3.12/site-packages/airflow/example_dags/example_branch_labels.py for tasks to queue
[2024-06-26T07:11:38.771+0000] {logging_mixin.py:188} INFO - [2024-06-26T07:11:38.769+0000] {dagbag.py:545} INFO - Filling up the DagBag from /home/airflow/.local/lib/python3.12/site-packages/airflow/example_dags/example_branch_labels.py
[2024-06-26T07:11:38.826+0000] {processor.py:840} INFO - DAG(s) 'example_branch_labels' retrieved from /home/airflow/.local/lib/python3.12/site-packages/airflow/example_dags/example_branch_labels.py
[2024-06-26T07:11:38.996+0000] {logging_mixin.py:188} INFO - [2024-06-26T07:11:38.995+0000] {dag.py:3096} INFO - Sync 1 DAGs
[2024-06-26T07:11:39.154+0000] {logging_mixin.py:188} INFO - [2024-06-26T07:11:39.152+0000] {dag.py:3954} INFO - Setting next_dagrun for example_branch_labels to 2024-06-25 00:00:00+00:00, run_after=2024-06-26 00:00:00+00:00
[2024-06-26T07:11:39.482+0000] {processor.py:183} INFO - Processing /home/airflow/.local/lib/python3.12/site-packages/airflow/example_dags/example_branch_labels.py took 0.777 seconds
[2024-06-26T07:12:09.741+0000] {processor.py:161} INFO - Started process (PID=3139) to work on /home/airflow/.local/lib/python3.12/site-packages/airflow/example_dags/example_branch_labels.py
[2024-06-26T07:12:09.743+0000] {processor.py:830} INFO - Processing file /home/airflow/.local/lib/python3.12/site-packages/airflow/example_dags/example_branch_labels.py for tasks to queue
[2024-06-26T07:12:09.745+0000] {logging_mixin.py:188} INFO - [2024-06-26T07:12:09.744+0000] {dagbag.py:545} INFO - Filling up the DagBag from /home/airflow/.local/lib/python3.12/site-packages/airflow/example_dags/example_branch_labels.py
[2024-06-26T07:12:09.755+0000] {processor.py:840} INFO - DAG(s) 'example_branch_labels' retrieved from /home/airflow/.local/lib/python3.12/site-packages/airflow/example_dags/example_branch_labels.py
[2024-06-26T07:12:09.786+0000] {logging_mixin.py:188} INFO - [2024-06-26T07:12:09.785+0000] {dag.py:3096} INFO - Sync 1 DAGs
[2024-06-26T07:12:09.815+0000] {logging_mixin.py:188} INFO - [2024-06-26T07:12:09.815+0000] {dag.py:3954} INFO - Setting next_dagrun for example_branch_labels to 2024-06-25 00:00:00+00:00, run_after=2024-06-26 00:00:00+00:00
[2024-06-26T07:12:09.846+0000] {processor.py:183} INFO - Processing /home/airflow/.local/lib/python3.12/site-packages/airflow/example_dags/example_branch_labels.py took 0.113 seconds
[2024-06-26T07:13:00.835+0000] {processor.py:161} INFO - Started process (PID=3203) to work on /home/airflow/.local/lib/python3.12/site-packages/airflow/example_dags/example_branch_labels.py
[2024-06-26T07:13:00.839+0000] {processor.py:830} INFO - Processing file /home/airflow/.local/lib/python3.12/site-packages/airflow/example_dags/example_branch_labels.py for tasks to queue
[2024-06-26T07:13:00.855+0000] {logging_mixin.py:188} INFO - [2024-06-26T07:13:00.853+0000] {dagbag.py:545} INFO - Filling up the DagBag from /home/airflow/.local/lib/python3.12/site-packages/airflow/example_dags/example_branch_labels.py
[2024-06-26T07:13:01.007+0000] {processor.py:840} INFO - DAG(s) 'example_branch_labels' retrieved from /home/airflow/.local/lib/python3.12/site-packages/airflow/example_dags/example_branch_labels.py
[2024-06-26T07:13:01.271+0000] {logging_mixin.py:188} INFO - [2024-06-26T07:13:01.259+0000] {dag.py:3096} INFO - Sync 1 DAGs
[2024-06-26T07:13:01.991+0000] {logging_mixin.py:188} INFO - [2024-06-26T07:13:01.978+0000] {dag.py:3954} INFO - Setting next_dagrun for example_branch_labels to 2024-06-25 00:00:00+00:00, run_after=2024-06-26 00:00:00+00:00
[2024-06-26T07:13:02.280+0000] {processor.py:183} INFO - Processing /home/airflow/.local/lib/python3.12/site-packages/airflow/example_dags/example_branch_labels.py took 1.547 seconds
[2024-06-26T07:13:32.432+0000] {processor.py:161} INFO - Started process (PID=3266) to work on /home/airflow/.local/lib/python3.12/site-packages/airflow/example_dags/example_branch_labels.py
[2024-06-26T07:13:32.434+0000] {processor.py:830} INFO - Processing file /home/airflow/.local/lib/python3.12/site-packages/airflow/example_dags/example_branch_labels.py for tasks to queue
[2024-06-26T07:13:32.436+0000] {logging_mixin.py:188} INFO - [2024-06-26T07:13:32.435+0000] {dagbag.py:545} INFO - Filling up the DagBag from /home/airflow/.local/lib/python3.12/site-packages/airflow/example_dags/example_branch_labels.py
[2024-06-26T07:13:32.449+0000] {processor.py:840} INFO - DAG(s) 'example_branch_labels' retrieved from /home/airflow/.local/lib/python3.12/site-packages/airflow/example_dags/example_branch_labels.py
[2024-06-26T07:13:32.488+0000] {logging_mixin.py:188} INFO - [2024-06-26T07:13:32.488+0000] {dag.py:3096} INFO - Sync 1 DAGs
[2024-06-26T07:13:32.533+0000] {logging_mixin.py:188} INFO - [2024-06-26T07:13:32.532+0000] {dag.py:3954} INFO - Setting next_dagrun for example_branch_labels to 2024-06-25 00:00:00+00:00, run_after=2024-06-26 00:00:00+00:00
[2024-06-26T07:13:32.568+0000] {processor.py:183} INFO - Processing /home/airflow/.local/lib/python3.12/site-packages/airflow/example_dags/example_branch_labels.py took 0.146 seconds
[2024-06-26T07:14:03.920+0000] {processor.py:161} INFO - Started process (PID=3329) to work on /home/airflow/.local/lib/python3.12/site-packages/airflow/example_dags/example_branch_labels.py
[2024-06-26T07:14:03.923+0000] {processor.py:830} INFO - Processing file /home/airflow/.local/lib/python3.12/site-packages/airflow/example_dags/example_branch_labels.py for tasks to queue
[2024-06-26T07:14:03.926+0000] {logging_mixin.py:188} INFO - [2024-06-26T07:14:03.925+0000] {dagbag.py:545} INFO - Filling up the DagBag from /home/airflow/.local/lib/python3.12/site-packages/airflow/example_dags/example_branch_labels.py
[2024-06-26T07:14:03.957+0000] {processor.py:840} INFO - DAG(s) 'example_branch_labels' retrieved from /home/airflow/.local/lib/python3.12/site-packages/airflow/example_dags/example_branch_labels.py
[2024-06-26T07:14:04.033+0000] {logging_mixin.py:188} INFO - [2024-06-26T07:14:04.032+0000] {dag.py:3096} INFO - Sync 1 DAGs
[2024-06-26T07:14:04.164+0000] {logging_mixin.py:188} INFO - [2024-06-26T07:14:04.163+0000] {dag.py:3954} INFO - Setting next_dagrun for example_branch_labels to 2024-06-25 00:00:00+00:00, run_after=2024-06-26 00:00:00+00:00
[2024-06-26T07:14:04.255+0000] {processor.py:183} INFO - Processing /home/airflow/.local/lib/python3.12/site-packages/airflow/example_dags/example_branch_labels.py took 0.355 seconds
[2024-06-26T07:14:36.756+0000] {processor.py:161} INFO - Started process (PID=3392) to work on /home/airflow/.local/lib/python3.12/site-packages/airflow/example_dags/example_branch_labels.py
[2024-06-26T07:14:36.760+0000] {processor.py:830} INFO - Processing file /home/airflow/.local/lib/python3.12/site-packages/airflow/example_dags/example_branch_labels.py for tasks to queue
[2024-06-26T07:14:36.764+0000] {logging_mixin.py:188} INFO - [2024-06-26T07:14:36.763+0000] {dagbag.py:545} INFO - Filling up the DagBag from /home/airflow/.local/lib/python3.12/site-packages/airflow/example_dags/example_branch_labels.py
[2024-06-26T07:14:36.796+0000] {processor.py:840} INFO - DAG(s) 'example_branch_labels' retrieved from /home/airflow/.local/lib/python3.12/site-packages/airflow/example_dags/example_branch_labels.py
[2024-06-26T07:14:36.871+0000] {logging_mixin.py:188} INFO - [2024-06-26T07:14:36.870+0000] {dag.py:3096} INFO - Sync 1 DAGs
[2024-06-26T07:14:36.959+0000] {logging_mixin.py:188} INFO - [2024-06-26T07:14:36.959+0000] {dag.py:3954} INFO - Setting next_dagrun for example_branch_labels to 2024-06-25 00:00:00+00:00, run_after=2024-06-26 00:00:00+00:00
[2024-06-26T07:14:37.028+0000] {processor.py:183} INFO - Processing /home/airflow/.local/lib/python3.12/site-packages/airflow/example_dags/example_branch_labels.py took 0.292 seconds
[2024-06-26T07:15:08.713+0000] {processor.py:161} INFO - Started process (PID=3451) to work on /home/airflow/.local/lib/python3.12/site-packages/airflow/example_dags/example_branch_labels.py
[2024-06-26T07:15:08.716+0000] {processor.py:830} INFO - Processing file /home/airflow/.local/lib/python3.12/site-packages/airflow/example_dags/example_branch_labels.py for tasks to queue
[2024-06-26T07:15:08.720+0000] {logging_mixin.py:188} INFO - [2024-06-26T07:15:08.719+0000] {dagbag.py:545} INFO - Filling up the DagBag from /home/airflow/.local/lib/python3.12/site-packages/airflow/example_dags/example_branch_labels.py
[2024-06-26T07:15:08.759+0000] {processor.py:840} INFO - DAG(s) 'example_branch_labels' retrieved from /home/airflow/.local/lib/python3.12/site-packages/airflow/example_dags/example_branch_labels.py
[2024-06-26T07:15:08.865+0000] {logging_mixin.py:188} INFO - [2024-06-26T07:15:08.863+0000] {dag.py:3096} INFO - Sync 1 DAGs
[2024-06-26T07:15:09.003+0000] {logging_mixin.py:188} INFO - [2024-06-26T07:15:09.002+0000] {dag.py:3954} INFO - Setting next_dagrun for example_branch_labels to 2024-06-25 00:00:00+00:00, run_after=2024-06-26 00:00:00+00:00
[2024-06-26T07:15:09.220+0000] {processor.py:183} INFO - Processing /home/airflow/.local/lib/python3.12/site-packages/airflow/example_dags/example_branch_labels.py took 0.525 seconds
[2024-06-26T07:15:59.573+0000] {processor.py:161} INFO - Started process (PID=3518) to work on /home/airflow/.local/lib/python3.12/site-packages/airflow/example_dags/example_branch_labels.py
[2024-06-26T07:15:59.579+0000] {processor.py:830} INFO - Processing file /home/airflow/.local/lib/python3.12/site-packages/airflow/example_dags/example_branch_labels.py for tasks to queue
[2024-06-26T07:15:59.597+0000] {logging_mixin.py:188} INFO - [2024-06-26T07:15:59.595+0000] {dagbag.py:545} INFO - Filling up the DagBag from /home/airflow/.local/lib/python3.12/site-packages/airflow/example_dags/example_branch_labels.py
[2024-06-26T07:15:59.744+0000] {processor.py:840} INFO - DAG(s) 'example_branch_labels' retrieved from /home/airflow/.local/lib/python3.12/site-packages/airflow/example_dags/example_branch_labels.py
[2024-06-26T07:15:59.991+0000] {logging_mixin.py:188} INFO - [2024-06-26T07:15:59.990+0000] {dag.py:3096} INFO - Sync 1 DAGs
[2024-06-26T07:16:00.325+0000] {logging_mixin.py:188} INFO - [2024-06-26T07:16:00.324+0000] {dag.py:3954} INFO - Setting next_dagrun for example_branch_labels to 2024-06-25 00:00:00+00:00, run_after=2024-06-26 00:00:00+00:00
[2024-06-26T07:16:00.626+0000] {processor.py:183} INFO - Processing /home/airflow/.local/lib/python3.12/site-packages/airflow/example_dags/example_branch_labels.py took 1.148 seconds
[2024-06-26T07:39:16.516+0000] {processor.py:161} INFO - Started process (PID=75) to work on /home/airflow/.local/lib/python3.12/site-packages/airflow/example_dags/example_branch_labels.py
[2024-06-26T07:39:16.518+0000] {processor.py:830} INFO - Processing file /home/airflow/.local/lib/python3.12/site-packages/airflow/example_dags/example_branch_labels.py for tasks to queue
[2024-06-26T07:39:16.523+0000] {logging_mixin.py:188} INFO - [2024-06-26T07:39:16.522+0000] {dagbag.py:545} INFO - Filling up the DagBag from /home/airflow/.local/lib/python3.12/site-packages/airflow/example_dags/example_branch_labels.py
[2024-06-26T07:39:16.552+0000] {processor.py:840} INFO - DAG(s) 'example_branch_labels' retrieved from /home/airflow/.local/lib/python3.12/site-packages/airflow/example_dags/example_branch_labels.py
[2024-06-26T07:39:16.784+0000] {logging_mixin.py:188} INFO - [2024-06-26T07:39:16.783+0000] {dag.py:3096} INFO - Sync 1 DAGs
[2024-06-26T07:39:16.827+0000] {logging_mixin.py:188} INFO - [2024-06-26T07:39:16.826+0000] {dag.py:3954} INFO - Setting next_dagrun for example_branch_labels to 2024-06-25 00:00:00+00:00, run_after=2024-06-26 00:00:00+00:00
[2024-06-26T07:39:16.871+0000] {processor.py:183} INFO - Processing /home/airflow/.local/lib/python3.12/site-packages/airflow/example_dags/example_branch_labels.py took 0.368 seconds
[2024-06-26T07:39:46.947+0000] {processor.py:161} INFO - Started process (PID=140) to work on /home/airflow/.local/lib/python3.12/site-packages/airflow/example_dags/example_branch_labels.py
[2024-06-26T07:39:46.950+0000] {processor.py:830} INFO - Processing file /home/airflow/.local/lib/python3.12/site-packages/airflow/example_dags/example_branch_labels.py for tasks to queue
[2024-06-26T07:39:46.952+0000] {logging_mixin.py:188} INFO - [2024-06-26T07:39:46.952+0000] {dagbag.py:545} INFO - Filling up the DagBag from /home/airflow/.local/lib/python3.12/site-packages/airflow/example_dags/example_branch_labels.py
[2024-06-26T07:39:46.962+0000] {processor.py:840} INFO - DAG(s) 'example_branch_labels' retrieved from /home/airflow/.local/lib/python3.12/site-packages/airflow/example_dags/example_branch_labels.py
[2024-06-26T07:39:46.987+0000] {logging_mixin.py:188} INFO - [2024-06-26T07:39:46.987+0000] {dag.py:3096} INFO - Sync 1 DAGs
[2024-06-26T07:39:47.014+0000] {logging_mixin.py:188} INFO - [2024-06-26T07:39:47.014+0000] {dag.py:3954} INFO - Setting next_dagrun for example_branch_labels to 2024-06-25 00:00:00+00:00, run_after=2024-06-26 00:00:00+00:00
[2024-06-26T07:39:47.039+0000] {processor.py:183} INFO - Processing /home/airflow/.local/lib/python3.12/site-packages/airflow/example_dags/example_branch_labels.py took 0.098 seconds
[2024-06-26T07:40:51.285+0000] {processor.py:161} INFO - Started process (PID=206) to work on /home/airflow/.local/lib/python3.12/site-packages/airflow/example_dags/example_branch_labels.py
[2024-06-26T07:40:51.326+0000] {processor.py:830} INFO - Processing file /home/airflow/.local/lib/python3.12/site-packages/airflow/example_dags/example_branch_labels.py for tasks to queue
[2024-06-26T07:40:51.381+0000] {logging_mixin.py:188} INFO - [2024-06-26T07:40:51.380+0000] {dagbag.py:545} INFO - Filling up the DagBag from /home/airflow/.local/lib/python3.12/site-packages/airflow/example_dags/example_branch_labels.py
[2024-06-26T07:40:51.779+0000] {processor.py:840} INFO - DAG(s) 'example_branch_labels' retrieved from /home/airflow/.local/lib/python3.12/site-packages/airflow/example_dags/example_branch_labels.py
[2024-06-26T07:40:52.207+0000] {logging_mixin.py:188} INFO - [2024-06-26T07:40:52.183+0000] {dag.py:3096} INFO - Sync 1 DAGs
[2024-06-26T07:40:52.617+0000] {logging_mixin.py:188} INFO - [2024-06-26T07:40:52.616+0000] {dag.py:3954} INFO - Setting next_dagrun for example_branch_labels to 2024-06-25 00:00:00+00:00, run_after=2024-06-26 00:00:00+00:00
[2024-06-26T07:40:52.964+0000] {processor.py:183} INFO - Processing /home/airflow/.local/lib/python3.12/site-packages/airflow/example_dags/example_branch_labels.py took 1.812 seconds
[2024-06-26T07:42:20.283+0000] {processor.py:161} INFO - Started process (PID=288) to work on /home/airflow/.local/lib/python3.12/site-packages/airflow/example_dags/example_branch_labels.py
[2024-06-26T07:42:20.404+0000] {processor.py:830} INFO - Processing file /home/airflow/.local/lib/python3.12/site-packages/airflow/example_dags/example_branch_labels.py for tasks to queue
[2024-06-26T07:42:20.414+0000] {logging_mixin.py:188} INFO - [2024-06-26T07:42:20.413+0000] {dagbag.py:545} INFO - Filling up the DagBag from /home/airflow/.local/lib/python3.12/site-packages/airflow/example_dags/example_branch_labels.py
[2024-06-26T07:42:20.483+0000] {processor.py:840} INFO - DAG(s) 'example_branch_labels' retrieved from /home/airflow/.local/lib/python3.12/site-packages/airflow/example_dags/example_branch_labels.py
[2024-06-26T07:42:20.726+0000] {logging_mixin.py:188} INFO - [2024-06-26T07:42:20.724+0000] {dag.py:3096} INFO - Sync 1 DAGs
[2024-06-26T07:42:21.239+0000] {logging_mixin.py:188} INFO - [2024-06-26T07:42:21.238+0000] {dag.py:3954} INFO - Setting next_dagrun for example_branch_labels to 2024-06-25 00:00:00+00:00, run_after=2024-06-26 00:00:00+00:00
[2024-06-26T07:42:21.730+0000] {processor.py:183} INFO - Processing /home/airflow/.local/lib/python3.12/site-packages/airflow/example_dags/example_branch_labels.py took 1.533 seconds
[2024-06-26T07:47:30.598+0000] {processor.py:161} INFO - Started process (PID=424) to work on /home/airflow/.local/lib/python3.12/site-packages/airflow/example_dags/example_branch_labels.py
[2024-06-26T07:47:30.602+0000] {processor.py:830} INFO - Processing file /home/airflow/.local/lib/python3.12/site-packages/airflow/example_dags/example_branch_labels.py for tasks to queue
[2024-06-26T07:47:30.607+0000] {logging_mixin.py:188} INFO - [2024-06-26T07:47:30.606+0000] {dagbag.py:545} INFO - Filling up the DagBag from /home/airflow/.local/lib/python3.12/site-packages/airflow/example_dags/example_branch_labels.py
[2024-06-26T07:47:30.692+0000] {processor.py:840} INFO - DAG(s) 'example_branch_labels' retrieved from /home/airflow/.local/lib/python3.12/site-packages/airflow/example_dags/example_branch_labels.py
[2024-06-26T07:47:31.199+0000] {logging_mixin.py:188} INFO - [2024-06-26T07:47:31.197+0000] {dag.py:3096} INFO - Sync 1 DAGs
[2024-06-26T07:47:31.555+0000] {logging_mixin.py:188} INFO - [2024-06-26T07:47:31.554+0000] {dag.py:3954} INFO - Setting next_dagrun for example_branch_labels to 2024-06-25 00:00:00+00:00, run_after=2024-06-26 00:00:00+00:00
[2024-06-26T07:47:31.841+0000] {processor.py:183} INFO - Processing /home/airflow/.local/lib/python3.12/site-packages/airflow/example_dags/example_branch_labels.py took 1.285 seconds
