[2024-06-26T06:06:28.517+0000] {processor.py:161} INFO - Started process (PID=112) to work on /home/airflow/.local/lib/python3.12/site-packages/airflow/example_dags/example_bash_decorator.py
[2024-06-26T06:06:28.598+0000] {processor.py:830} INFO - Processing file /home/airflow/.local/lib/python3.12/site-packages/airflow/example_dags/example_bash_decorator.py for tasks to queue
[2024-06-26T06:06:28.624+0000] {logging_mixin.py:188} INFO - [2024-06-26T06:06:28.622+0000] {dagbag.py:545} INFO - Filling up the DagBag from /home/airflow/.local/lib/python3.12/site-packages/airflow/example_dags/example_bash_decorator.py
[2024-06-26T06:06:28.958+0000] {processor.py:840} INFO - DAG(s) 'example_bash_decorator' retrieved from /home/airflow/.local/lib/python3.12/site-packages/airflow/example_dags/example_bash_decorator.py
[2024-06-26T06:06:30.466+0000] {logging_mixin.py:188} INFO - [2024-06-26T06:06:30.466+0000] {dag.py:3096} INFO - Sync 1 DAGs
[2024-06-26T06:06:30.513+0000] {logging_mixin.py:188} INFO - [2024-06-26T06:06:30.512+0000] {dag.py:3954} INFO - Setting next_dagrun for example_bash_decorator to None, run_after=None
[2024-06-26T06:06:30.607+0000] {processor.py:183} INFO - Processing /home/airflow/.local/lib/python3.12/site-packages/airflow/example_dags/example_bash_decorator.py took 2.182 seconds
[2024-06-26T06:07:50.490+0000] {processor.py:161} INFO - Started process (PID=185) to work on /home/airflow/.local/lib/python3.12/site-packages/airflow/example_dags/example_bash_decorator.py
[2024-06-26T06:07:50.496+0000] {processor.py:830} INFO - Processing file /home/airflow/.local/lib/python3.12/site-packages/airflow/example_dags/example_bash_decorator.py for tasks to queue
[2024-06-26T06:07:50.521+0000] {logging_mixin.py:188} INFO - [2024-06-26T06:07:50.520+0000] {dagbag.py:545} INFO - Filling up the DagBag from /home/airflow/.local/lib/python3.12/site-packages/airflow/example_dags/example_bash_decorator.py
[2024-06-26T06:07:50.947+0000] {processor.py:840} INFO - DAG(s) 'example_bash_decorator' retrieved from /home/airflow/.local/lib/python3.12/site-packages/airflow/example_dags/example_bash_decorator.py
[2024-06-26T06:07:51.623+0000] {logging_mixin.py:188} INFO - [2024-06-26T06:07:51.613+0000] {dag.py:3096} INFO - Sync 1 DAGs
[2024-06-26T06:07:51.799+0000] {logging_mixin.py:188} INFO - [2024-06-26T06:07:51.797+0000] {dag.py:3954} INFO - Setting next_dagrun for example_bash_decorator to None, run_after=None
[2024-06-26T06:07:52.114+0000] {processor.py:183} INFO - Processing /home/airflow/.local/lib/python3.12/site-packages/airflow/example_dags/example_bash_decorator.py took 1.692 seconds
[2024-06-26T06:21:58.080+0000] {processor.py:161} INFO - Started process (PID=104) to work on /home/airflow/.local/lib/python3.12/site-packages/airflow/example_dags/example_bash_decorator.py
[2024-06-26T06:21:58.112+0000] {processor.py:830} INFO - Processing file /home/airflow/.local/lib/python3.12/site-packages/airflow/example_dags/example_bash_decorator.py for tasks to queue
[2024-06-26T06:21:58.162+0000] {logging_mixin.py:188} INFO - [2024-06-26T06:21:58.161+0000] {dagbag.py:545} INFO - Filling up the DagBag from /home/airflow/.local/lib/python3.12/site-packages/airflow/example_dags/example_bash_decorator.py
[2024-06-26T06:21:58.452+0000] {processor.py:840} INFO - DAG(s) 'example_bash_decorator' retrieved from /home/airflow/.local/lib/python3.12/site-packages/airflow/example_dags/example_bash_decorator.py
[2024-06-26T06:22:00.188+0000] {logging_mixin.py:188} INFO - [2024-06-26T06:22:00.187+0000] {dag.py:3096} INFO - Sync 1 DAGs
[2024-06-26T06:22:00.358+0000] {logging_mixin.py:188} INFO - [2024-06-26T06:22:00.357+0000] {dag.py:3954} INFO - Setting next_dagrun for example_bash_decorator to None, run_after=None
[2024-06-26T06:22:00.754+0000] {processor.py:183} INFO - Processing /home/airflow/.local/lib/python3.12/site-packages/airflow/example_dags/example_bash_decorator.py took 2.808 seconds
[2024-06-26T06:23:21.112+0000] {processor.py:161} INFO - Started process (PID=178) to work on /home/airflow/.local/lib/python3.12/site-packages/airflow/example_dags/example_bash_decorator.py
[2024-06-26T06:23:21.117+0000] {processor.py:830} INFO - Processing file /home/airflow/.local/lib/python3.12/site-packages/airflow/example_dags/example_bash_decorator.py for tasks to queue
[2024-06-26T06:23:21.136+0000] {logging_mixin.py:188} INFO - [2024-06-26T06:23:21.130+0000] {dagbag.py:545} INFO - Filling up the DagBag from /home/airflow/.local/lib/python3.12/site-packages/airflow/example_dags/example_bash_decorator.py
[2024-06-26T06:23:21.349+0000] {processor.py:840} INFO - DAG(s) 'example_bash_decorator' retrieved from /home/airflow/.local/lib/python3.12/site-packages/airflow/example_dags/example_bash_decorator.py
[2024-06-26T06:23:21.605+0000] {logging_mixin.py:188} INFO - [2024-06-26T06:23:21.604+0000] {dag.py:3096} INFO - Sync 1 DAGs
[2024-06-26T06:23:23.700+0000] {logging_mixin.py:188} INFO - [2024-06-26T06:23:23.699+0000] {dag.py:3954} INFO - Setting next_dagrun for example_bash_decorator to None, run_after=None
[2024-06-26T06:23:24.397+0000] {processor.py:183} INFO - Processing /home/airflow/.local/lib/python3.12/site-packages/airflow/example_dags/example_bash_decorator.py took 3.382 seconds
[2024-06-26T06:25:18.146+0000] {processor.py:161} INFO - Started process (PID=274) to work on /home/airflow/.local/lib/python3.12/site-packages/airflow/example_dags/example_bash_decorator.py
[2024-06-26T06:25:18.149+0000] {processor.py:830} INFO - Processing file /home/airflow/.local/lib/python3.12/site-packages/airflow/example_dags/example_bash_decorator.py for tasks to queue
[2024-06-26T06:25:18.166+0000] {logging_mixin.py:188} INFO - [2024-06-26T06:25:18.165+0000] {dagbag.py:545} INFO - Filling up the DagBag from /home/airflow/.local/lib/python3.12/site-packages/airflow/example_dags/example_bash_decorator.py
[2024-06-26T06:25:18.215+0000] {processor.py:840} INFO - DAG(s) 'example_bash_decorator' retrieved from /home/airflow/.local/lib/python3.12/site-packages/airflow/example_dags/example_bash_decorator.py
[2024-06-26T06:25:18.774+0000] {logging_mixin.py:188} INFO - [2024-06-26T06:25:18.773+0000] {dag.py:3096} INFO - Sync 1 DAGs
[2024-06-26T06:25:18.825+0000] {logging_mixin.py:188} INFO - [2024-06-26T06:25:18.824+0000] {dag.py:3954} INFO - Setting next_dagrun for example_bash_decorator to None, run_after=None
[2024-06-26T06:25:18.910+0000] {processor.py:183} INFO - Processing /home/airflow/.local/lib/python3.12/site-packages/airflow/example_dags/example_bash_decorator.py took 0.799 seconds
[2024-06-26T06:25:50.193+0000] {processor.py:161} INFO - Started process (PID=336) to work on /home/airflow/.local/lib/python3.12/site-packages/airflow/example_dags/example_bash_decorator.py
[2024-06-26T06:25:50.208+0000] {processor.py:830} INFO - Processing file /home/airflow/.local/lib/python3.12/site-packages/airflow/example_dags/example_bash_decorator.py for tasks to queue
[2024-06-26T06:25:50.229+0000] {logging_mixin.py:188} INFO - [2024-06-26T06:25:50.227+0000] {dagbag.py:545} INFO - Filling up the DagBag from /home/airflow/.local/lib/python3.12/site-packages/airflow/example_dags/example_bash_decorator.py
[2024-06-26T06:25:50.377+0000] {processor.py:840} INFO - DAG(s) 'example_bash_decorator' retrieved from /home/airflow/.local/lib/python3.12/site-packages/airflow/example_dags/example_bash_decorator.py
[2024-06-26T06:25:50.571+0000] {logging_mixin.py:188} INFO - [2024-06-26T06:25:50.568+0000] {dag.py:3096} INFO - Sync 1 DAGs
[2024-06-26T06:25:50.699+0000] {logging_mixin.py:188} INFO - [2024-06-26T06:25:50.695+0000] {dag.py:3954} INFO - Setting next_dagrun for example_bash_decorator to None, run_after=None
[2024-06-26T06:25:50.888+0000] {processor.py:183} INFO - Processing /home/airflow/.local/lib/python3.12/site-packages/airflow/example_dags/example_bash_decorator.py took 0.750 seconds
[2024-06-26T06:26:22.555+0000] {processor.py:161} INFO - Started process (PID=398) to work on /home/airflow/.local/lib/python3.12/site-packages/airflow/example_dags/example_bash_decorator.py
[2024-06-26T06:26:22.628+0000] {processor.py:830} INFO - Processing file /home/airflow/.local/lib/python3.12/site-packages/airflow/example_dags/example_bash_decorator.py for tasks to queue
[2024-06-26T06:26:22.653+0000] {logging_mixin.py:188} INFO - [2024-06-26T06:26:22.651+0000] {dagbag.py:545} INFO - Filling up the DagBag from /home/airflow/.local/lib/python3.12/site-packages/airflow/example_dags/example_bash_decorator.py
[2024-06-26T06:26:22.759+0000] {processor.py:840} INFO - DAG(s) 'example_bash_decorator' retrieved from /home/airflow/.local/lib/python3.12/site-packages/airflow/example_dags/example_bash_decorator.py
[2024-06-26T06:26:23.040+0000] {logging_mixin.py:188} INFO - [2024-06-26T06:26:23.040+0000] {dag.py:3096} INFO - Sync 1 DAGs
[2024-06-26T06:26:23.154+0000] {logging_mixin.py:188} INFO - [2024-06-26T06:26:23.153+0000] {dag.py:3954} INFO - Setting next_dagrun for example_bash_decorator to None, run_after=None
[2024-06-26T06:26:23.261+0000] {processor.py:183} INFO - Processing /home/airflow/.local/lib/python3.12/site-packages/airflow/example_dags/example_bash_decorator.py took 0.788 seconds
[2024-06-26T06:40:49.388+0000] {processor.py:161} INFO - Started process (PID=93) to work on /home/airflow/.local/lib/python3.12/site-packages/airflow/example_dags/example_bash_decorator.py
[2024-06-26T06:40:49.393+0000] {processor.py:830} INFO - Processing file /home/airflow/.local/lib/python3.12/site-packages/airflow/example_dags/example_bash_decorator.py for tasks to queue
[2024-06-26T06:40:49.422+0000] {logging_mixin.py:188} INFO - [2024-06-26T06:40:49.412+0000] {dagbag.py:545} INFO - Filling up the DagBag from /home/airflow/.local/lib/python3.12/site-packages/airflow/example_dags/example_bash_decorator.py
[2024-06-26T06:40:49.668+0000] {processor.py:840} INFO - DAG(s) 'example_bash_decorator' retrieved from /home/airflow/.local/lib/python3.12/site-packages/airflow/example_dags/example_bash_decorator.py
[2024-06-26T06:40:50.889+0000] {logging_mixin.py:188} INFO - [2024-06-26T06:40:50.888+0000] {dag.py:3096} INFO - Sync 1 DAGs
[2024-06-26T06:40:51.112+0000] {logging_mixin.py:188} INFO - [2024-06-26T06:40:51.111+0000] {dag.py:3954} INFO - Setting next_dagrun for example_bash_decorator to None, run_after=None
[2024-06-26T06:40:51.508+0000] {processor.py:183} INFO - Processing /home/airflow/.local/lib/python3.12/site-packages/airflow/example_dags/example_bash_decorator.py took 2.142 seconds
[2024-06-26T06:41:22.101+0000] {processor.py:161} INFO - Started process (PID=155) to work on /home/airflow/.local/lib/python3.12/site-packages/airflow/example_dags/example_bash_decorator.py
[2024-06-26T06:41:22.106+0000] {processor.py:830} INFO - Processing file /home/airflow/.local/lib/python3.12/site-packages/airflow/example_dags/example_bash_decorator.py for tasks to queue
[2024-06-26T06:41:22.117+0000] {logging_mixin.py:188} INFO - [2024-06-26T06:41:22.115+0000] {dagbag.py:545} INFO - Filling up the DagBag from /home/airflow/.local/lib/python3.12/site-packages/airflow/example_dags/example_bash_decorator.py
[2024-06-26T06:41:22.185+0000] {processor.py:840} INFO - DAG(s) 'example_bash_decorator' retrieved from /home/airflow/.local/lib/python3.12/site-packages/airflow/example_dags/example_bash_decorator.py
[2024-06-26T06:41:22.364+0000] {logging_mixin.py:188} INFO - [2024-06-26T06:41:22.362+0000] {dag.py:3096} INFO - Sync 1 DAGs
[2024-06-26T06:41:22.509+0000] {logging_mixin.py:188} INFO - [2024-06-26T06:41:22.508+0000] {dag.py:3954} INFO - Setting next_dagrun for example_bash_decorator to None, run_after=None
[2024-06-26T06:41:22.775+0000] {processor.py:183} INFO - Processing /home/airflow/.local/lib/python3.12/site-packages/airflow/example_dags/example_bash_decorator.py took 0.699 seconds
[2024-06-26T06:41:53.524+0000] {processor.py:161} INFO - Started process (PID=217) to work on /home/airflow/.local/lib/python3.12/site-packages/airflow/example_dags/example_bash_decorator.py
[2024-06-26T06:41:53.527+0000] {processor.py:830} INFO - Processing file /home/airflow/.local/lib/python3.12/site-packages/airflow/example_dags/example_bash_decorator.py for tasks to queue
[2024-06-26T06:41:53.531+0000] {logging_mixin.py:188} INFO - [2024-06-26T06:41:53.530+0000] {dagbag.py:545} INFO - Filling up the DagBag from /home/airflow/.local/lib/python3.12/site-packages/airflow/example_dags/example_bash_decorator.py
[2024-06-26T06:41:53.564+0000] {processor.py:840} INFO - DAG(s) 'example_bash_decorator' retrieved from /home/airflow/.local/lib/python3.12/site-packages/airflow/example_dags/example_bash_decorator.py
[2024-06-26T06:41:53.625+0000] {logging_mixin.py:188} INFO - [2024-06-26T06:41:53.624+0000] {dag.py:3096} INFO - Sync 1 DAGs
[2024-06-26T06:41:53.660+0000] {logging_mixin.py:188} INFO - [2024-06-26T06:41:53.659+0000] {dag.py:3954} INFO - Setting next_dagrun for example_bash_decorator to None, run_after=None
[2024-06-26T06:41:53.733+0000] {processor.py:183} INFO - Processing /home/airflow/.local/lib/python3.12/site-packages/airflow/example_dags/example_bash_decorator.py took 0.221 seconds
[2024-06-26T06:42:23.809+0000] {processor.py:161} INFO - Started process (PID=279) to work on /home/airflow/.local/lib/python3.12/site-packages/airflow/example_dags/example_bash_decorator.py
[2024-06-26T06:42:23.810+0000] {processor.py:830} INFO - Processing file /home/airflow/.local/lib/python3.12/site-packages/airflow/example_dags/example_bash_decorator.py for tasks to queue
[2024-06-26T06:42:23.812+0000] {logging_mixin.py:188} INFO - [2024-06-26T06:42:23.812+0000] {dagbag.py:545} INFO - Filling up the DagBag from /home/airflow/.local/lib/python3.12/site-packages/airflow/example_dags/example_bash_decorator.py
[2024-06-26T06:42:23.825+0000] {processor.py:840} INFO - DAG(s) 'example_bash_decorator' retrieved from /home/airflow/.local/lib/python3.12/site-packages/airflow/example_dags/example_bash_decorator.py
[2024-06-26T06:42:23.849+0000] {logging_mixin.py:188} INFO - [2024-06-26T06:42:23.849+0000] {dag.py:3096} INFO - Sync 1 DAGs
[2024-06-26T06:42:23.861+0000] {logging_mixin.py:188} INFO - [2024-06-26T06:42:23.861+0000] {dag.py:3954} INFO - Setting next_dagrun for example_bash_decorator to None, run_after=None
[2024-06-26T06:42:23.882+0000] {processor.py:183} INFO - Processing /home/airflow/.local/lib/python3.12/site-packages/airflow/example_dags/example_bash_decorator.py took 0.078 seconds
[2024-06-26T06:42:54.647+0000] {processor.py:161} INFO - Started process (PID=341) to work on /home/airflow/.local/lib/python3.12/site-packages/airflow/example_dags/example_bash_decorator.py
[2024-06-26T06:42:54.648+0000] {processor.py:830} INFO - Processing file /home/airflow/.local/lib/python3.12/site-packages/airflow/example_dags/example_bash_decorator.py for tasks to queue
[2024-06-26T06:42:54.651+0000] {logging_mixin.py:188} INFO - [2024-06-26T06:42:54.651+0000] {dagbag.py:545} INFO - Filling up the DagBag from /home/airflow/.local/lib/python3.12/site-packages/airflow/example_dags/example_bash_decorator.py
[2024-06-26T06:42:54.668+0000] {processor.py:840} INFO - DAG(s) 'example_bash_decorator' retrieved from /home/airflow/.local/lib/python3.12/site-packages/airflow/example_dags/example_bash_decorator.py
[2024-06-26T06:42:54.700+0000] {logging_mixin.py:188} INFO - [2024-06-26T06:42:54.700+0000] {dag.py:3096} INFO - Sync 1 DAGs
[2024-06-26T06:42:54.716+0000] {logging_mixin.py:188} INFO - [2024-06-26T06:42:54.716+0000] {dag.py:3954} INFO - Setting next_dagrun for example_bash_decorator to None, run_after=None
[2024-06-26T06:42:54.745+0000] {processor.py:183} INFO - Processing /home/airflow/.local/lib/python3.12/site-packages/airflow/example_dags/example_bash_decorator.py took 0.105 seconds
[2024-06-26T06:43:25.449+0000] {processor.py:161} INFO - Started process (PID=403) to work on /home/airflow/.local/lib/python3.12/site-packages/airflow/example_dags/example_bash_decorator.py
[2024-06-26T06:43:25.450+0000] {processor.py:830} INFO - Processing file /home/airflow/.local/lib/python3.12/site-packages/airflow/example_dags/example_bash_decorator.py for tasks to queue
[2024-06-26T06:43:25.451+0000] {logging_mixin.py:188} INFO - [2024-06-26T06:43:25.451+0000] {dagbag.py:545} INFO - Filling up the DagBag from /home/airflow/.local/lib/python3.12/site-packages/airflow/example_dags/example_bash_decorator.py
[2024-06-26T06:43:25.463+0000] {processor.py:840} INFO - DAG(s) 'example_bash_decorator' retrieved from /home/airflow/.local/lib/python3.12/site-packages/airflow/example_dags/example_bash_decorator.py
[2024-06-26T06:43:25.484+0000] {logging_mixin.py:188} INFO - [2024-06-26T06:43:25.483+0000] {dag.py:3096} INFO - Sync 1 DAGs
[2024-06-26T06:43:25.495+0000] {logging_mixin.py:188} INFO - [2024-06-26T06:43:25.495+0000] {dag.py:3954} INFO - Setting next_dagrun for example_bash_decorator to None, run_after=None
[2024-06-26T06:43:25.517+0000] {processor.py:183} INFO - Processing /home/airflow/.local/lib/python3.12/site-packages/airflow/example_dags/example_bash_decorator.py took 0.073 seconds
[2024-06-26T06:43:55.780+0000] {processor.py:161} INFO - Started process (PID=465) to work on /home/airflow/.local/lib/python3.12/site-packages/airflow/example_dags/example_bash_decorator.py
[2024-06-26T06:43:55.785+0000] {processor.py:830} INFO - Processing file /home/airflow/.local/lib/python3.12/site-packages/airflow/example_dags/example_bash_decorator.py for tasks to queue
[2024-06-26T06:43:55.791+0000] {logging_mixin.py:188} INFO - [2024-06-26T06:43:55.790+0000] {dagbag.py:545} INFO - Filling up the DagBag from /home/airflow/.local/lib/python3.12/site-packages/airflow/example_dags/example_bash_decorator.py
[2024-06-26T06:43:55.848+0000] {processor.py:840} INFO - DAG(s) 'example_bash_decorator' retrieved from /home/airflow/.local/lib/python3.12/site-packages/airflow/example_dags/example_bash_decorator.py
[2024-06-26T06:43:55.945+0000] {logging_mixin.py:188} INFO - [2024-06-26T06:43:55.944+0000] {dag.py:3096} INFO - Sync 1 DAGs
[2024-06-26T06:43:56.012+0000] {logging_mixin.py:188} INFO - [2024-06-26T06:43:56.010+0000] {dag.py:3954} INFO - Setting next_dagrun for example_bash_decorator to None, run_after=None
[2024-06-26T06:43:56.124+0000] {processor.py:183} INFO - Processing /home/airflow/.local/lib/python3.12/site-packages/airflow/example_dags/example_bash_decorator.py took 0.368 seconds
[2024-06-26T06:44:30.173+0000] {processor.py:161} INFO - Started process (PID=527) to work on /home/airflow/.local/lib/python3.12/site-packages/airflow/example_dags/example_bash_decorator.py
[2024-06-26T06:44:30.179+0000] {processor.py:830} INFO - Processing file /home/airflow/.local/lib/python3.12/site-packages/airflow/example_dags/example_bash_decorator.py for tasks to queue
[2024-06-26T06:44:30.191+0000] {logging_mixin.py:188} INFO - [2024-06-26T06:44:30.189+0000] {dagbag.py:545} INFO - Filling up the DagBag from /home/airflow/.local/lib/python3.12/site-packages/airflow/example_dags/example_bash_decorator.py
[2024-06-26T06:44:30.255+0000] {processor.py:840} INFO - DAG(s) 'example_bash_decorator' retrieved from /home/airflow/.local/lib/python3.12/site-packages/airflow/example_dags/example_bash_decorator.py
[2024-06-26T06:44:30.376+0000] {logging_mixin.py:188} INFO - [2024-06-26T06:44:30.375+0000] {dag.py:3096} INFO - Sync 1 DAGs
[2024-06-26T06:44:30.443+0000] {logging_mixin.py:188} INFO - [2024-06-26T06:44:30.441+0000] {dag.py:3954} INFO - Setting next_dagrun for example_bash_decorator to None, run_after=None
[2024-06-26T06:44:30.566+0000] {processor.py:183} INFO - Processing /home/airflow/.local/lib/python3.12/site-packages/airflow/example_dags/example_bash_decorator.py took 0.431 seconds
[2024-06-26T06:45:21.880+0000] {processor.py:161} INFO - Started process (PID=594) to work on /home/airflow/.local/lib/python3.12/site-packages/airflow/example_dags/example_bash_decorator.py
[2024-06-26T06:45:21.893+0000] {processor.py:830} INFO - Processing file /home/airflow/.local/lib/python3.12/site-packages/airflow/example_dags/example_bash_decorator.py for tasks to queue
[2024-06-26T06:45:21.921+0000] {logging_mixin.py:188} INFO - [2024-06-26T06:45:21.920+0000] {dagbag.py:545} INFO - Filling up the DagBag from /home/airflow/.local/lib/python3.12/site-packages/airflow/example_dags/example_bash_decorator.py
[2024-06-26T06:45:22.070+0000] {processor.py:840} INFO - DAG(s) 'example_bash_decorator' retrieved from /home/airflow/.local/lib/python3.12/site-packages/airflow/example_dags/example_bash_decorator.py
[2024-06-26T06:45:22.451+0000] {logging_mixin.py:188} INFO - [2024-06-26T06:45:22.443+0000] {dag.py:3096} INFO - Sync 1 DAGs
[2024-06-26T06:45:22.667+0000] {logging_mixin.py:188} INFO - [2024-06-26T06:45:22.666+0000] {dag.py:3954} INFO - Setting next_dagrun for example_bash_decorator to None, run_after=None
[2024-06-26T06:45:22.985+0000] {processor.py:183} INFO - Processing /home/airflow/.local/lib/python3.12/site-packages/airflow/example_dags/example_bash_decorator.py took 1.143 seconds
[2024-06-26T06:46:38.182+0000] {processor.py:161} INFO - Started process (PID=663) to work on /home/airflow/.local/lib/python3.12/site-packages/airflow/example_dags/example_bash_decorator.py
[2024-06-26T06:46:38.201+0000] {processor.py:830} INFO - Processing file /home/airflow/.local/lib/python3.12/site-packages/airflow/example_dags/example_bash_decorator.py for tasks to queue
[2024-06-26T06:46:38.221+0000] {logging_mixin.py:188} INFO - [2024-06-26T06:46:38.219+0000] {dagbag.py:545} INFO - Filling up the DagBag from /home/airflow/.local/lib/python3.12/site-packages/airflow/example_dags/example_bash_decorator.py
[2024-06-26T06:46:38.399+0000] {processor.py:840} INFO - DAG(s) 'example_bash_decorator' retrieved from /home/airflow/.local/lib/python3.12/site-packages/airflow/example_dags/example_bash_decorator.py
[2024-06-26T06:46:38.738+0000] {logging_mixin.py:188} INFO - [2024-06-26T06:46:38.736+0000] {dag.py:3096} INFO - Sync 1 DAGs
[2024-06-26T06:46:38.963+0000] {logging_mixin.py:188} INFO - [2024-06-26T06:46:38.950+0000] {dag.py:3954} INFO - Setting next_dagrun for example_bash_decorator to None, run_after=None
[2024-06-26T06:46:39.177+0000] {processor.py:183} INFO - Processing /home/airflow/.local/lib/python3.12/site-packages/airflow/example_dags/example_bash_decorator.py took 1.048 seconds
[2024-06-26T06:47:30.320+0000] {processor.py:161} INFO - Started process (PID=731) to work on /home/airflow/.local/lib/python3.12/site-packages/airflow/example_dags/example_bash_decorator.py
[2024-06-26T06:47:30.334+0000] {processor.py:830} INFO - Processing file /home/airflow/.local/lib/python3.12/site-packages/airflow/example_dags/example_bash_decorator.py for tasks to queue
[2024-06-26T06:47:30.358+0000] {logging_mixin.py:188} INFO - [2024-06-26T06:47:30.357+0000] {dagbag.py:545} INFO - Filling up the DagBag from /home/airflow/.local/lib/python3.12/site-packages/airflow/example_dags/example_bash_decorator.py
[2024-06-26T06:47:30.539+0000] {processor.py:840} INFO - DAG(s) 'example_bash_decorator' retrieved from /home/airflow/.local/lib/python3.12/site-packages/airflow/example_dags/example_bash_decorator.py
[2024-06-26T06:47:31.169+0000] {logging_mixin.py:188} INFO - [2024-06-26T06:47:31.168+0000] {dag.py:3096} INFO - Sync 1 DAGs
[2024-06-26T06:47:31.355+0000] {logging_mixin.py:188} INFO - [2024-06-26T06:47:31.354+0000] {dag.py:3954} INFO - Setting next_dagrun for example_bash_decorator to None, run_after=None
[2024-06-26T06:47:31.651+0000] {processor.py:183} INFO - Processing /home/airflow/.local/lib/python3.12/site-packages/airflow/example_dags/example_bash_decorator.py took 1.412 seconds
[2024-06-26T06:48:16.042+0000] {processor.py:161} INFO - Started process (PID=794) to work on /home/airflow/.local/lib/python3.12/site-packages/airflow/example_dags/example_bash_decorator.py
[2024-06-26T06:48:16.047+0000] {processor.py:830} INFO - Processing file /home/airflow/.local/lib/python3.12/site-packages/airflow/example_dags/example_bash_decorator.py for tasks to queue
[2024-06-26T06:48:16.064+0000] {logging_mixin.py:188} INFO - [2024-06-26T06:48:16.062+0000] {dagbag.py:545} INFO - Filling up the DagBag from /home/airflow/.local/lib/python3.12/site-packages/airflow/example_dags/example_bash_decorator.py
[2024-06-26T06:48:16.125+0000] {processor.py:840} INFO - DAG(s) 'example_bash_decorator' retrieved from /home/airflow/.local/lib/python3.12/site-packages/airflow/example_dags/example_bash_decorator.py
[2024-06-26T06:48:16.298+0000] {logging_mixin.py:188} INFO - [2024-06-26T06:48:16.295+0000] {dag.py:3096} INFO - Sync 1 DAGs
[2024-06-26T06:48:16.462+0000] {logging_mixin.py:188} INFO - [2024-06-26T06:48:16.459+0000] {dag.py:3954} INFO - Setting next_dagrun for example_bash_decorator to None, run_after=None
[2024-06-26T06:48:16.670+0000] {processor.py:183} INFO - Processing /home/airflow/.local/lib/python3.12/site-packages/airflow/example_dags/example_bash_decorator.py took 0.653 seconds
[2024-06-26T06:48:47.751+0000] {processor.py:161} INFO - Started process (PID=863) to work on /home/airflow/.local/lib/python3.12/site-packages/airflow/example_dags/example_bash_decorator.py
[2024-06-26T06:48:47.752+0000] {processor.py:830} INFO - Processing file /home/airflow/.local/lib/python3.12/site-packages/airflow/example_dags/example_bash_decorator.py for tasks to queue
[2024-06-26T06:48:47.754+0000] {logging_mixin.py:188} INFO - [2024-06-26T06:48:47.753+0000] {dagbag.py:545} INFO - Filling up the DagBag from /home/airflow/.local/lib/python3.12/site-packages/airflow/example_dags/example_bash_decorator.py
[2024-06-26T06:48:47.765+0000] {processor.py:840} INFO - DAG(s) 'example_bash_decorator' retrieved from /home/airflow/.local/lib/python3.12/site-packages/airflow/example_dags/example_bash_decorator.py
[2024-06-26T06:48:47.784+0000] {logging_mixin.py:188} INFO - [2024-06-26T06:48:47.783+0000] {dag.py:3096} INFO - Sync 1 DAGs
[2024-06-26T06:48:47.794+0000] {logging_mixin.py:188} INFO - [2024-06-26T06:48:47.794+0000] {dag.py:3954} INFO - Setting next_dagrun for example_bash_decorator to None, run_after=None
[2024-06-26T06:48:47.812+0000] {processor.py:183} INFO - Processing /home/airflow/.local/lib/python3.12/site-packages/airflow/example_dags/example_bash_decorator.py took 0.066 seconds
[2024-06-26T06:49:24.010+0000] {processor.py:161} INFO - Started process (PID=925) to work on /home/airflow/.local/lib/python3.12/site-packages/airflow/example_dags/example_bash_decorator.py
[2024-06-26T06:49:24.040+0000] {processor.py:830} INFO - Processing file /home/airflow/.local/lib/python3.12/site-packages/airflow/example_dags/example_bash_decorator.py for tasks to queue
[2024-06-26T06:49:24.136+0000] {logging_mixin.py:188} INFO - [2024-06-26T06:49:24.134+0000] {dagbag.py:545} INFO - Filling up the DagBag from /home/airflow/.local/lib/python3.12/site-packages/airflow/example_dags/example_bash_decorator.py
[2024-06-26T06:49:24.335+0000] {processor.py:840} INFO - DAG(s) 'example_bash_decorator' retrieved from /home/airflow/.local/lib/python3.12/site-packages/airflow/example_dags/example_bash_decorator.py
[2024-06-26T06:49:24.595+0000] {logging_mixin.py:188} INFO - [2024-06-26T06:49:24.594+0000] {dag.py:3096} INFO - Sync 1 DAGs
[2024-06-26T06:49:24.750+0000] {logging_mixin.py:188} INFO - [2024-06-26T06:49:24.749+0000] {dag.py:3954} INFO - Setting next_dagrun for example_bash_decorator to None, run_after=None
[2024-06-26T06:49:24.978+0000] {processor.py:183} INFO - Processing /home/airflow/.local/lib/python3.12/site-packages/airflow/example_dags/example_bash_decorator.py took 1.055 seconds
[2024-06-26T06:50:23.316+0000] {processor.py:161} INFO - Started process (PID=994) to work on /home/airflow/.local/lib/python3.12/site-packages/airflow/example_dags/example_bash_decorator.py
[2024-06-26T06:50:23.325+0000] {processor.py:830} INFO - Processing file /home/airflow/.local/lib/python3.12/site-packages/airflow/example_dags/example_bash_decorator.py for tasks to queue
[2024-06-26T06:50:23.345+0000] {logging_mixin.py:188} INFO - [2024-06-26T06:50:23.343+0000] {dagbag.py:545} INFO - Filling up the DagBag from /home/airflow/.local/lib/python3.12/site-packages/airflow/example_dags/example_bash_decorator.py
[2024-06-26T06:50:23.661+0000] {processor.py:840} INFO - DAG(s) 'example_bash_decorator' retrieved from /home/airflow/.local/lib/python3.12/site-packages/airflow/example_dags/example_bash_decorator.py
[2024-06-26T06:50:24.057+0000] {logging_mixin.py:188} INFO - [2024-06-26T06:50:24.056+0000] {dag.py:3096} INFO - Sync 1 DAGs
[2024-06-26T06:50:24.219+0000] {logging_mixin.py:188} INFO - [2024-06-26T06:50:24.206+0000] {dag.py:3954} INFO - Setting next_dagrun for example_bash_decorator to None, run_after=None
[2024-06-26T06:50:24.555+0000] {processor.py:183} INFO - Processing /home/airflow/.local/lib/python3.12/site-packages/airflow/example_dags/example_bash_decorator.py took 1.315 seconds
[2024-06-26T06:51:36.978+0000] {processor.py:161} INFO - Started process (PID=1055) to work on /home/airflow/.local/lib/python3.12/site-packages/airflow/example_dags/example_bash_decorator.py
[2024-06-26T06:51:36.989+0000] {processor.py:830} INFO - Processing file /home/airflow/.local/lib/python3.12/site-packages/airflow/example_dags/example_bash_decorator.py for tasks to queue
[2024-06-26T06:51:37.012+0000] {logging_mixin.py:188} INFO - [2024-06-26T06:51:37.010+0000] {dagbag.py:545} INFO - Filling up the DagBag from /home/airflow/.local/lib/python3.12/site-packages/airflow/example_dags/example_bash_decorator.py
[2024-06-26T06:51:37.263+0000] {processor.py:840} INFO - DAG(s) 'example_bash_decorator' retrieved from /home/airflow/.local/lib/python3.12/site-packages/airflow/example_dags/example_bash_decorator.py
[2024-06-26T06:51:37.660+0000] {logging_mixin.py:188} INFO - [2024-06-26T06:51:37.658+0000] {dag.py:3096} INFO - Sync 1 DAGs
[2024-06-26T06:51:37.951+0000] {logging_mixin.py:188} INFO - [2024-06-26T06:51:37.950+0000] {dag.py:3954} INFO - Setting next_dagrun for example_bash_decorator to None, run_after=None
[2024-06-26T06:51:38.358+0000] {processor.py:183} INFO - Processing /home/airflow/.local/lib/python3.12/site-packages/airflow/example_dags/example_bash_decorator.py took 1.396 seconds
[2024-06-26T06:52:11.217+0000] {processor.py:161} INFO - Started process (PID=1117) to work on /home/airflow/.local/lib/python3.12/site-packages/airflow/example_dags/example_bash_decorator.py
[2024-06-26T06:52:11.220+0000] {processor.py:830} INFO - Processing file /home/airflow/.local/lib/python3.12/site-packages/airflow/example_dags/example_bash_decorator.py for tasks to queue
[2024-06-26T06:52:11.225+0000] {logging_mixin.py:188} INFO - [2024-06-26T06:52:11.224+0000] {dagbag.py:545} INFO - Filling up the DagBag from /home/airflow/.local/lib/python3.12/site-packages/airflow/example_dags/example_bash_decorator.py
[2024-06-26T06:52:11.261+0000] {processor.py:840} INFO - DAG(s) 'example_bash_decorator' retrieved from /home/airflow/.local/lib/python3.12/site-packages/airflow/example_dags/example_bash_decorator.py
[2024-06-26T06:52:11.358+0000] {logging_mixin.py:188} INFO - [2024-06-26T06:52:11.357+0000] {dag.py:3096} INFO - Sync 1 DAGs
[2024-06-26T06:52:11.399+0000] {logging_mixin.py:188} INFO - [2024-06-26T06:52:11.398+0000] {dag.py:3954} INFO - Setting next_dagrun for example_bash_decorator to None, run_after=None
[2024-06-26T06:52:11.459+0000] {processor.py:183} INFO - Processing /home/airflow/.local/lib/python3.12/site-packages/airflow/example_dags/example_bash_decorator.py took 0.254 seconds
[2024-06-26T06:52:41.566+0000] {processor.py:161} INFO - Started process (PID=1179) to work on /home/airflow/.local/lib/python3.12/site-packages/airflow/example_dags/example_bash_decorator.py
[2024-06-26T06:52:41.568+0000] {processor.py:830} INFO - Processing file /home/airflow/.local/lib/python3.12/site-packages/airflow/example_dags/example_bash_decorator.py for tasks to queue
[2024-06-26T06:52:41.573+0000] {logging_mixin.py:188} INFO - [2024-06-26T06:52:41.572+0000] {dagbag.py:545} INFO - Filling up the DagBag from /home/airflow/.local/lib/python3.12/site-packages/airflow/example_dags/example_bash_decorator.py
[2024-06-26T06:52:41.607+0000] {processor.py:840} INFO - DAG(s) 'example_bash_decorator' retrieved from /home/airflow/.local/lib/python3.12/site-packages/airflow/example_dags/example_bash_decorator.py
[2024-06-26T06:52:41.657+0000] {logging_mixin.py:188} INFO - [2024-06-26T06:52:41.657+0000] {dag.py:3096} INFO - Sync 1 DAGs
[2024-06-26T06:52:41.685+0000] {logging_mixin.py:188} INFO - [2024-06-26T06:52:41.685+0000] {dag.py:3954} INFO - Setting next_dagrun for example_bash_decorator to None, run_after=None
[2024-06-26T06:52:41.731+0000] {processor.py:183} INFO - Processing /home/airflow/.local/lib/python3.12/site-packages/airflow/example_dags/example_bash_decorator.py took 0.181 seconds
[2024-06-26T06:53:12.731+0000] {processor.py:161} INFO - Started process (PID=1241) to work on /home/airflow/.local/lib/python3.12/site-packages/airflow/example_dags/example_bash_decorator.py
[2024-06-26T06:53:12.734+0000] {processor.py:830} INFO - Processing file /home/airflow/.local/lib/python3.12/site-packages/airflow/example_dags/example_bash_decorator.py for tasks to queue
[2024-06-26T06:53:12.741+0000] {logging_mixin.py:188} INFO - [2024-06-26T06:53:12.740+0000] {dagbag.py:545} INFO - Filling up the DagBag from /home/airflow/.local/lib/python3.12/site-packages/airflow/example_dags/example_bash_decorator.py
[2024-06-26T06:53:12.788+0000] {processor.py:840} INFO - DAG(s) 'example_bash_decorator' retrieved from /home/airflow/.local/lib/python3.12/site-packages/airflow/example_dags/example_bash_decorator.py
[2024-06-26T06:53:12.868+0000] {logging_mixin.py:188} INFO - [2024-06-26T06:53:12.868+0000] {dag.py:3096} INFO - Sync 1 DAGs
[2024-06-26T06:53:12.911+0000] {logging_mixin.py:188} INFO - [2024-06-26T06:53:12.910+0000] {dag.py:3954} INFO - Setting next_dagrun for example_bash_decorator to None, run_after=None
[2024-06-26T06:53:12.974+0000] {processor.py:183} INFO - Processing /home/airflow/.local/lib/python3.12/site-packages/airflow/example_dags/example_bash_decorator.py took 0.260 seconds
[2024-06-26T06:53:43.179+0000] {processor.py:161} INFO - Started process (PID=1303) to work on /home/airflow/.local/lib/python3.12/site-packages/airflow/example_dags/example_bash_decorator.py
[2024-06-26T06:53:43.181+0000] {processor.py:830} INFO - Processing file /home/airflow/.local/lib/python3.12/site-packages/airflow/example_dags/example_bash_decorator.py for tasks to queue
[2024-06-26T06:53:43.183+0000] {logging_mixin.py:188} INFO - [2024-06-26T06:53:43.183+0000] {dagbag.py:545} INFO - Filling up the DagBag from /home/airflow/.local/lib/python3.12/site-packages/airflow/example_dags/example_bash_decorator.py
[2024-06-26T06:53:43.196+0000] {processor.py:840} INFO - DAG(s) 'example_bash_decorator' retrieved from /home/airflow/.local/lib/python3.12/site-packages/airflow/example_dags/example_bash_decorator.py
[2024-06-26T06:53:43.220+0000] {logging_mixin.py:188} INFO - [2024-06-26T06:53:43.219+0000] {dag.py:3096} INFO - Sync 1 DAGs
[2024-06-26T06:53:43.232+0000] {logging_mixin.py:188} INFO - [2024-06-26T06:53:43.232+0000] {dag.py:3954} INFO - Setting next_dagrun for example_bash_decorator to None, run_after=None
[2024-06-26T06:53:43.253+0000] {processor.py:183} INFO - Processing /home/airflow/.local/lib/python3.12/site-packages/airflow/example_dags/example_bash_decorator.py took 0.079 seconds
[2024-06-26T06:54:23.813+0000] {processor.py:161} INFO - Started process (PID=1360) to work on /home/airflow/.local/lib/python3.12/site-packages/airflow/example_dags/example_bash_decorator.py
[2024-06-26T06:54:23.831+0000] {processor.py:830} INFO - Processing file /home/airflow/.local/lib/python3.12/site-packages/airflow/example_dags/example_bash_decorator.py for tasks to queue
[2024-06-26T06:54:23.847+0000] {logging_mixin.py:188} INFO - [2024-06-26T06:54:23.844+0000] {dagbag.py:545} INFO - Filling up the DagBag from /home/airflow/.local/lib/python3.12/site-packages/airflow/example_dags/example_bash_decorator.py
[2024-06-26T06:54:23.902+0000] {processor.py:840} INFO - DAG(s) 'example_bash_decorator' retrieved from /home/airflow/.local/lib/python3.12/site-packages/airflow/example_dags/example_bash_decorator.py
[2024-06-26T06:54:24.066+0000] {logging_mixin.py:188} INFO - [2024-06-26T06:54:24.065+0000] {dag.py:3096} INFO - Sync 1 DAGs
[2024-06-26T06:54:24.224+0000] {logging_mixin.py:188} INFO - [2024-06-26T06:54:24.223+0000] {dag.py:3954} INFO - Setting next_dagrun for example_bash_decorator to None, run_after=None
[2024-06-26T06:54:24.403+0000] {processor.py:183} INFO - Processing /home/airflow/.local/lib/python3.12/site-packages/airflow/example_dags/example_bash_decorator.py took 0.607 seconds
[2024-06-26T06:55:48.273+0000] {processor.py:161} INFO - Started process (PID=1436) to work on /home/airflow/.local/lib/python3.12/site-packages/airflow/example_dags/example_bash_decorator.py
[2024-06-26T06:55:48.277+0000] {processor.py:830} INFO - Processing file /home/airflow/.local/lib/python3.12/site-packages/airflow/example_dags/example_bash_decorator.py for tasks to queue
[2024-06-26T06:55:48.281+0000] {logging_mixin.py:188} INFO - [2024-06-26T06:55:48.280+0000] {dagbag.py:545} INFO - Filling up the DagBag from /home/airflow/.local/lib/python3.12/site-packages/airflow/example_dags/example_bash_decorator.py
[2024-06-26T06:55:48.435+0000] {processor.py:840} INFO - DAG(s) 'example_bash_decorator' retrieved from /home/airflow/.local/lib/python3.12/site-packages/airflow/example_dags/example_bash_decorator.py
[2024-06-26T06:55:48.857+0000] {logging_mixin.py:188} INFO - [2024-06-26T06:55:48.856+0000] {dag.py:3096} INFO - Sync 1 DAGs
[2024-06-26T06:55:49.849+0000] {logging_mixin.py:188} INFO - [2024-06-26T06:55:49.848+0000] {dag.py:3954} INFO - Setting next_dagrun for example_bash_decorator to None, run_after=None
[2024-06-26T06:55:50.850+0000] {processor.py:183} INFO - Processing /home/airflow/.local/lib/python3.12/site-packages/airflow/example_dags/example_bash_decorator.py took 2.629 seconds
[2024-06-26T06:56:51.135+0000] {processor.py:161} INFO - Started process (PID=1505) to work on /home/airflow/.local/lib/python3.12/site-packages/airflow/example_dags/example_bash_decorator.py
[2024-06-26T06:56:51.150+0000] {processor.py:830} INFO - Processing file /home/airflow/.local/lib/python3.12/site-packages/airflow/example_dags/example_bash_decorator.py for tasks to queue
[2024-06-26T06:56:51.155+0000] {logging_mixin.py:188} INFO - [2024-06-26T06:56:51.153+0000] {dagbag.py:545} INFO - Filling up the DagBag from /home/airflow/.local/lib/python3.12/site-packages/airflow/example_dags/example_bash_decorator.py
[2024-06-26T06:56:51.344+0000] {processor.py:840} INFO - DAG(s) 'example_bash_decorator' retrieved from /home/airflow/.local/lib/python3.12/site-packages/airflow/example_dags/example_bash_decorator.py
[2024-06-26T06:56:51.626+0000] {logging_mixin.py:188} INFO - [2024-06-26T06:56:51.616+0000] {dag.py:3096} INFO - Sync 1 DAGs
[2024-06-26T06:56:51.775+0000] {logging_mixin.py:188} INFO - [2024-06-26T06:56:51.762+0000] {dag.py:3954} INFO - Setting next_dagrun for example_bash_decorator to None, run_after=None
[2024-06-26T06:56:52.028+0000] {processor.py:183} INFO - Processing /home/airflow/.local/lib/python3.12/site-packages/airflow/example_dags/example_bash_decorator.py took 0.962 seconds
[2024-06-26T06:57:42.568+0000] {processor.py:161} INFO - Started process (PID=1572) to work on /home/airflow/.local/lib/python3.12/site-packages/airflow/example_dags/example_bash_decorator.py
[2024-06-26T06:57:42.584+0000] {processor.py:830} INFO - Processing file /home/airflow/.local/lib/python3.12/site-packages/airflow/example_dags/example_bash_decorator.py for tasks to queue
[2024-06-26T06:57:42.599+0000] {logging_mixin.py:188} INFO - [2024-06-26T06:57:42.597+0000] {dagbag.py:545} INFO - Filling up the DagBag from /home/airflow/.local/lib/python3.12/site-packages/airflow/example_dags/example_bash_decorator.py
[2024-06-26T06:57:42.706+0000] {processor.py:840} INFO - DAG(s) 'example_bash_decorator' retrieved from /home/airflow/.local/lib/python3.12/site-packages/airflow/example_dags/example_bash_decorator.py
[2024-06-26T06:57:42.951+0000] {logging_mixin.py:188} INFO - [2024-06-26T06:57:42.950+0000] {dag.py:3096} INFO - Sync 1 DAGs
[2024-06-26T06:57:43.182+0000] {logging_mixin.py:188} INFO - [2024-06-26T06:57:43.169+0000] {dag.py:3954} INFO - Setting next_dagrun for example_bash_decorator to None, run_after=None
[2024-06-26T06:57:43.652+0000] {processor.py:183} INFO - Processing /home/airflow/.local/lib/python3.12/site-packages/airflow/example_dags/example_bash_decorator.py took 1.170 seconds
[2024-06-26T06:58:42.299+0000] {processor.py:161} INFO - Started process (PID=1639) to work on /home/airflow/.local/lib/python3.12/site-packages/airflow/example_dags/example_bash_decorator.py
[2024-06-26T06:58:42.314+0000] {processor.py:830} INFO - Processing file /home/airflow/.local/lib/python3.12/site-packages/airflow/example_dags/example_bash_decorator.py for tasks to queue
[2024-06-26T06:58:42.330+0000] {logging_mixin.py:188} INFO - [2024-06-26T06:58:42.318+0000] {dagbag.py:545} INFO - Filling up the DagBag from /home/airflow/.local/lib/python3.12/site-packages/airflow/example_dags/example_bash_decorator.py
[2024-06-26T06:58:42.588+0000] {processor.py:840} INFO - DAG(s) 'example_bash_decorator' retrieved from /home/airflow/.local/lib/python3.12/site-packages/airflow/example_dags/example_bash_decorator.py
[2024-06-26T06:58:42.978+0000] {logging_mixin.py:188} INFO - [2024-06-26T06:58:42.977+0000] {dag.py:3096} INFO - Sync 1 DAGs
[2024-06-26T06:58:43.185+0000] {logging_mixin.py:188} INFO - [2024-06-26T06:58:43.184+0000] {dag.py:3954} INFO - Setting next_dagrun for example_bash_decorator to None, run_after=None
[2024-06-26T06:58:43.421+0000] {processor.py:183} INFO - Processing /home/airflow/.local/lib/python3.12/site-packages/airflow/example_dags/example_bash_decorator.py took 1.204 seconds
[2024-06-26T06:59:21.713+0000] {processor.py:161} INFO - Started process (PID=1702) to work on /home/airflow/.local/lib/python3.12/site-packages/airflow/example_dags/example_bash_decorator.py
[2024-06-26T06:59:21.721+0000] {processor.py:830} INFO - Processing file /home/airflow/.local/lib/python3.12/site-packages/airflow/example_dags/example_bash_decorator.py for tasks to queue
[2024-06-26T06:59:21.725+0000] {logging_mixin.py:188} INFO - [2024-06-26T06:59:21.724+0000] {dagbag.py:545} INFO - Filling up the DagBag from /home/airflow/.local/lib/python3.12/site-packages/airflow/example_dags/example_bash_decorator.py
[2024-06-26T06:59:21.797+0000] {processor.py:840} INFO - DAG(s) 'example_bash_decorator' retrieved from /home/airflow/.local/lib/python3.12/site-packages/airflow/example_dags/example_bash_decorator.py
[2024-06-26T06:59:21.963+0000] {logging_mixin.py:188} INFO - [2024-06-26T06:59:21.962+0000] {dag.py:3096} INFO - Sync 1 DAGs
[2024-06-26T06:59:22.047+0000] {logging_mixin.py:188} INFO - [2024-06-26T06:59:22.046+0000] {dag.py:3954} INFO - Setting next_dagrun for example_bash_decorator to None, run_after=None
[2024-06-26T06:59:22.274+0000] {processor.py:183} INFO - Processing /home/airflow/.local/lib/python3.12/site-packages/airflow/example_dags/example_bash_decorator.py took 0.595 seconds
[2024-06-26T07:00:06.468+0000] {processor.py:161} INFO - Started process (PID=1773) to work on /home/airflow/.local/lib/python3.12/site-packages/airflow/example_dags/example_bash_decorator.py
[2024-06-26T07:00:06.471+0000] {processor.py:830} INFO - Processing file /home/airflow/.local/lib/python3.12/site-packages/airflow/example_dags/example_bash_decorator.py for tasks to queue
[2024-06-26T07:00:06.474+0000] {logging_mixin.py:188} INFO - [2024-06-26T07:00:06.473+0000] {dagbag.py:545} INFO - Filling up the DagBag from /home/airflow/.local/lib/python3.12/site-packages/airflow/example_dags/example_bash_decorator.py
[2024-06-26T07:00:06.519+0000] {processor.py:840} INFO - DAG(s) 'example_bash_decorator' retrieved from /home/airflow/.local/lib/python3.12/site-packages/airflow/example_dags/example_bash_decorator.py
[2024-06-26T07:00:06.600+0000] {logging_mixin.py:188} INFO - [2024-06-26T07:00:06.599+0000] {dag.py:3096} INFO - Sync 1 DAGs
[2024-06-26T07:00:06.652+0000] {logging_mixin.py:188} INFO - [2024-06-26T07:00:06.651+0000] {dag.py:3954} INFO - Setting next_dagrun for example_bash_decorator to None, run_after=None
[2024-06-26T07:00:06.721+0000] {processor.py:183} INFO - Processing /home/airflow/.local/lib/python3.12/site-packages/airflow/example_dags/example_bash_decorator.py took 0.272 seconds
[2024-06-26T07:00:37.027+0000] {processor.py:161} INFO - Started process (PID=1836) to work on /home/airflow/.local/lib/python3.12/site-packages/airflow/example_dags/example_bash_decorator.py
[2024-06-26T07:00:37.028+0000] {processor.py:830} INFO - Processing file /home/airflow/.local/lib/python3.12/site-packages/airflow/example_dags/example_bash_decorator.py for tasks to queue
[2024-06-26T07:00:37.030+0000] {logging_mixin.py:188} INFO - [2024-06-26T07:00:37.030+0000] {dagbag.py:545} INFO - Filling up the DagBag from /home/airflow/.local/lib/python3.12/site-packages/airflow/example_dags/example_bash_decorator.py
[2024-06-26T07:00:37.050+0000] {processor.py:840} INFO - DAG(s) 'example_bash_decorator' retrieved from /home/airflow/.local/lib/python3.12/site-packages/airflow/example_dags/example_bash_decorator.py
[2024-06-26T07:00:37.086+0000] {logging_mixin.py:188} INFO - [2024-06-26T07:00:37.085+0000] {dag.py:3096} INFO - Sync 1 DAGs
[2024-06-26T07:00:37.106+0000] {logging_mixin.py:188} INFO - [2024-06-26T07:00:37.106+0000] {dag.py:3954} INFO - Setting next_dagrun for example_bash_decorator to None, run_after=None
[2024-06-26T07:00:37.139+0000] {processor.py:183} INFO - Processing /home/airflow/.local/lib/python3.12/site-packages/airflow/example_dags/example_bash_decorator.py took 0.121 seconds
[2024-06-26T07:01:07.463+0000] {processor.py:161} INFO - Started process (PID=1897) to work on /home/airflow/.local/lib/python3.12/site-packages/airflow/example_dags/example_bash_decorator.py
[2024-06-26T07:01:07.464+0000] {processor.py:830} INFO - Processing file /home/airflow/.local/lib/python3.12/site-packages/airflow/example_dags/example_bash_decorator.py for tasks to queue
[2024-06-26T07:01:07.465+0000] {logging_mixin.py:188} INFO - [2024-06-26T07:01:07.464+0000] {dagbag.py:545} INFO - Filling up the DagBag from /home/airflow/.local/lib/python3.12/site-packages/airflow/example_dags/example_bash_decorator.py
[2024-06-26T07:01:07.475+0000] {processor.py:840} INFO - DAG(s) 'example_bash_decorator' retrieved from /home/airflow/.local/lib/python3.12/site-packages/airflow/example_dags/example_bash_decorator.py
[2024-06-26T07:01:07.494+0000] {logging_mixin.py:188} INFO - [2024-06-26T07:01:07.494+0000] {dag.py:3096} INFO - Sync 1 DAGs
[2024-06-26T07:01:07.504+0000] {logging_mixin.py:188} INFO - [2024-06-26T07:01:07.504+0000] {dag.py:3954} INFO - Setting next_dagrun for example_bash_decorator to None, run_after=None
[2024-06-26T07:01:07.520+0000] {processor.py:183} INFO - Processing /home/airflow/.local/lib/python3.12/site-packages/airflow/example_dags/example_bash_decorator.py took 0.062 seconds
[2024-06-26T07:01:38.477+0000] {processor.py:161} INFO - Started process (PID=1960) to work on /home/airflow/.local/lib/python3.12/site-packages/airflow/example_dags/example_bash_decorator.py
[2024-06-26T07:01:38.478+0000] {processor.py:830} INFO - Processing file /home/airflow/.local/lib/python3.12/site-packages/airflow/example_dags/example_bash_decorator.py for tasks to queue
[2024-06-26T07:01:38.480+0000] {logging_mixin.py:188} INFO - [2024-06-26T07:01:38.479+0000] {dagbag.py:545} INFO - Filling up the DagBag from /home/airflow/.local/lib/python3.12/site-packages/airflow/example_dags/example_bash_decorator.py
[2024-06-26T07:01:38.496+0000] {processor.py:840} INFO - DAG(s) 'example_bash_decorator' retrieved from /home/airflow/.local/lib/python3.12/site-packages/airflow/example_dags/example_bash_decorator.py
[2024-06-26T07:01:38.529+0000] {logging_mixin.py:188} INFO - [2024-06-26T07:01:38.528+0000] {dag.py:3096} INFO - Sync 1 DAGs
[2024-06-26T07:01:38.546+0000] {logging_mixin.py:188} INFO - [2024-06-26T07:01:38.545+0000] {dag.py:3954} INFO - Setting next_dagrun for example_bash_decorator to None, run_after=None
[2024-06-26T07:01:38.574+0000] {processor.py:183} INFO - Processing /home/airflow/.local/lib/python3.12/site-packages/airflow/example_dags/example_bash_decorator.py took 0.104 seconds
[2024-06-26T07:02:09.037+0000] {processor.py:161} INFO - Started process (PID=2023) to work on /home/airflow/.local/lib/python3.12/site-packages/airflow/example_dags/example_bash_decorator.py
[2024-06-26T07:02:09.038+0000] {processor.py:830} INFO - Processing file /home/airflow/.local/lib/python3.12/site-packages/airflow/example_dags/example_bash_decorator.py for tasks to queue
[2024-06-26T07:02:09.039+0000] {logging_mixin.py:188} INFO - [2024-06-26T07:02:09.038+0000] {dagbag.py:545} INFO - Filling up the DagBag from /home/airflow/.local/lib/python3.12/site-packages/airflow/example_dags/example_bash_decorator.py
[2024-06-26T07:02:09.050+0000] {processor.py:840} INFO - DAG(s) 'example_bash_decorator' retrieved from /home/airflow/.local/lib/python3.12/site-packages/airflow/example_dags/example_bash_decorator.py
[2024-06-26T07:02:09.072+0000] {logging_mixin.py:188} INFO - [2024-06-26T07:02:09.072+0000] {dag.py:3096} INFO - Sync 1 DAGs
[2024-06-26T07:02:09.084+0000] {logging_mixin.py:188} INFO - [2024-06-26T07:02:09.084+0000] {dag.py:3954} INFO - Setting next_dagrun for example_bash_decorator to None, run_after=None
[2024-06-26T07:02:09.106+0000] {processor.py:183} INFO - Processing /home/airflow/.local/lib/python3.12/site-packages/airflow/example_dags/example_bash_decorator.py took 0.074 seconds
[2024-06-26T07:02:39.763+0000] {processor.py:161} INFO - Started process (PID=2086) to work on /home/airflow/.local/lib/python3.12/site-packages/airflow/example_dags/example_bash_decorator.py
[2024-06-26T07:02:39.764+0000] {processor.py:830} INFO - Processing file /home/airflow/.local/lib/python3.12/site-packages/airflow/example_dags/example_bash_decorator.py for tasks to queue
[2024-06-26T07:02:39.764+0000] {logging_mixin.py:188} INFO - [2024-06-26T07:02:39.764+0000] {dagbag.py:545} INFO - Filling up the DagBag from /home/airflow/.local/lib/python3.12/site-packages/airflow/example_dags/example_bash_decorator.py
[2024-06-26T07:02:39.775+0000] {processor.py:840} INFO - DAG(s) 'example_bash_decorator' retrieved from /home/airflow/.local/lib/python3.12/site-packages/airflow/example_dags/example_bash_decorator.py
[2024-06-26T07:02:39.794+0000] {logging_mixin.py:188} INFO - [2024-06-26T07:02:39.794+0000] {dag.py:3096} INFO - Sync 1 DAGs
[2024-06-26T07:02:39.804+0000] {logging_mixin.py:188} INFO - [2024-06-26T07:02:39.803+0000] {dag.py:3954} INFO - Setting next_dagrun for example_bash_decorator to None, run_after=None
[2024-06-26T07:02:39.820+0000] {processor.py:183} INFO - Processing /home/airflow/.local/lib/python3.12/site-packages/airflow/example_dags/example_bash_decorator.py took 0.062 seconds
[2024-06-26T07:03:10.401+0000] {processor.py:161} INFO - Started process (PID=2149) to work on /home/airflow/.local/lib/python3.12/site-packages/airflow/example_dags/example_bash_decorator.py
[2024-06-26T07:03:10.403+0000] {processor.py:830} INFO - Processing file /home/airflow/.local/lib/python3.12/site-packages/airflow/example_dags/example_bash_decorator.py for tasks to queue
[2024-06-26T07:03:10.405+0000] {logging_mixin.py:188} INFO - [2024-06-26T07:03:10.404+0000] {dagbag.py:545} INFO - Filling up the DagBag from /home/airflow/.local/lib/python3.12/site-packages/airflow/example_dags/example_bash_decorator.py
[2024-06-26T07:03:10.424+0000] {processor.py:840} INFO - DAG(s) 'example_bash_decorator' retrieved from /home/airflow/.local/lib/python3.12/site-packages/airflow/example_dags/example_bash_decorator.py
[2024-06-26T07:03:10.461+0000] {logging_mixin.py:188} INFO - [2024-06-26T07:03:10.460+0000] {dag.py:3096} INFO - Sync 1 DAGs
[2024-06-26T07:03:10.481+0000] {logging_mixin.py:188} INFO - [2024-06-26T07:03:10.481+0000] {dag.py:3954} INFO - Setting next_dagrun for example_bash_decorator to None, run_after=None
[2024-06-26T07:03:10.702+0000] {processor.py:183} INFO - Processing /home/airflow/.local/lib/python3.12/site-packages/airflow/example_dags/example_bash_decorator.py took 0.309 seconds
[2024-06-26T07:03:40.914+0000] {processor.py:161} INFO - Started process (PID=2214) to work on /home/airflow/.local/lib/python3.12/site-packages/airflow/example_dags/example_bash_decorator.py
[2024-06-26T07:03:40.915+0000] {processor.py:830} INFO - Processing file /home/airflow/.local/lib/python3.12/site-packages/airflow/example_dags/example_bash_decorator.py for tasks to queue
[2024-06-26T07:03:40.916+0000] {logging_mixin.py:188} INFO - [2024-06-26T07:03:40.916+0000] {dagbag.py:545} INFO - Filling up the DagBag from /home/airflow/.local/lib/python3.12/site-packages/airflow/example_dags/example_bash_decorator.py
[2024-06-26T07:03:40.928+0000] {processor.py:840} INFO - DAG(s) 'example_bash_decorator' retrieved from /home/airflow/.local/lib/python3.12/site-packages/airflow/example_dags/example_bash_decorator.py
[2024-06-26T07:03:40.961+0000] {logging_mixin.py:188} INFO - [2024-06-26T07:03:40.961+0000] {dag.py:3096} INFO - Sync 1 DAGs
[2024-06-26T07:03:40.975+0000] {logging_mixin.py:188} INFO - [2024-06-26T07:03:40.974+0000] {dag.py:3954} INFO - Setting next_dagrun for example_bash_decorator to None, run_after=None
[2024-06-26T07:03:40.998+0000] {processor.py:183} INFO - Processing /home/airflow/.local/lib/python3.12/site-packages/airflow/example_dags/example_bash_decorator.py took 0.088 seconds
[2024-06-26T07:04:11.514+0000] {processor.py:161} INFO - Started process (PID=2278) to work on /home/airflow/.local/lib/python3.12/site-packages/airflow/example_dags/example_bash_decorator.py
[2024-06-26T07:04:11.516+0000] {processor.py:830} INFO - Processing file /home/airflow/.local/lib/python3.12/site-packages/airflow/example_dags/example_bash_decorator.py for tasks to queue
[2024-06-26T07:04:11.518+0000] {logging_mixin.py:188} INFO - [2024-06-26T07:04:11.518+0000] {dagbag.py:545} INFO - Filling up the DagBag from /home/airflow/.local/lib/python3.12/site-packages/airflow/example_dags/example_bash_decorator.py
[2024-06-26T07:04:11.550+0000] {processor.py:840} INFO - DAG(s) 'example_bash_decorator' retrieved from /home/airflow/.local/lib/python3.12/site-packages/airflow/example_dags/example_bash_decorator.py
[2024-06-26T07:04:11.614+0000] {logging_mixin.py:188} INFO - [2024-06-26T07:04:11.614+0000] {dag.py:3096} INFO - Sync 1 DAGs
[2024-06-26T07:04:11.650+0000] {logging_mixin.py:188} INFO - [2024-06-26T07:04:11.650+0000] {dag.py:3954} INFO - Setting next_dagrun for example_bash_decorator to None, run_after=None
[2024-06-26T07:04:11.699+0000] {processor.py:183} INFO - Processing /home/airflow/.local/lib/python3.12/site-packages/airflow/example_dags/example_bash_decorator.py took 0.196 seconds
[2024-06-26T07:04:42.188+0000] {processor.py:161} INFO - Started process (PID=2342) to work on /home/airflow/.local/lib/python3.12/site-packages/airflow/example_dags/example_bash_decorator.py
[2024-06-26T07:04:42.190+0000] {processor.py:830} INFO - Processing file /home/airflow/.local/lib/python3.12/site-packages/airflow/example_dags/example_bash_decorator.py for tasks to queue
[2024-06-26T07:04:42.192+0000] {logging_mixin.py:188} INFO - [2024-06-26T07:04:42.192+0000] {dagbag.py:545} INFO - Filling up the DagBag from /home/airflow/.local/lib/python3.12/site-packages/airflow/example_dags/example_bash_decorator.py
[2024-06-26T07:04:42.214+0000] {processor.py:840} INFO - DAG(s) 'example_bash_decorator' retrieved from /home/airflow/.local/lib/python3.12/site-packages/airflow/example_dags/example_bash_decorator.py
[2024-06-26T07:04:42.255+0000] {logging_mixin.py:188} INFO - [2024-06-26T07:04:42.255+0000] {dag.py:3096} INFO - Sync 1 DAGs
[2024-06-26T07:04:42.275+0000] {logging_mixin.py:188} INFO - [2024-06-26T07:04:42.275+0000] {dag.py:3954} INFO - Setting next_dagrun for example_bash_decorator to None, run_after=None
[2024-06-26T07:04:42.311+0000] {processor.py:183} INFO - Processing /home/airflow/.local/lib/python3.12/site-packages/airflow/example_dags/example_bash_decorator.py took 0.131 seconds
[2024-06-26T07:05:13.869+0000] {processor.py:161} INFO - Started process (PID=2414) to work on /home/airflow/.local/lib/python3.12/site-packages/airflow/example_dags/example_bash_decorator.py
[2024-06-26T07:05:13.873+0000] {processor.py:830} INFO - Processing file /home/airflow/.local/lib/python3.12/site-packages/airflow/example_dags/example_bash_decorator.py for tasks to queue
[2024-06-26T07:05:13.878+0000] {logging_mixin.py:188} INFO - [2024-06-26T07:05:13.876+0000] {dagbag.py:545} INFO - Filling up the DagBag from /home/airflow/.local/lib/python3.12/site-packages/airflow/example_dags/example_bash_decorator.py
[2024-06-26T07:05:13.944+0000] {processor.py:840} INFO - DAG(s) 'example_bash_decorator' retrieved from /home/airflow/.local/lib/python3.12/site-packages/airflow/example_dags/example_bash_decorator.py
[2024-06-26T07:05:14.042+0000] {logging_mixin.py:188} INFO - [2024-06-26T07:05:14.041+0000] {dag.py:3096} INFO - Sync 1 DAGs
[2024-06-26T07:05:14.090+0000] {logging_mixin.py:188} INFO - [2024-06-26T07:05:14.089+0000] {dag.py:3954} INFO - Setting next_dagrun for example_bash_decorator to None, run_after=None
[2024-06-26T07:05:14.161+0000] {processor.py:183} INFO - Processing /home/airflow/.local/lib/python3.12/site-packages/airflow/example_dags/example_bash_decorator.py took 0.323 seconds
[2024-06-26T07:05:45.098+0000] {processor.py:161} INFO - Started process (PID=2478) to work on /home/airflow/.local/lib/python3.12/site-packages/airflow/example_dags/example_bash_decorator.py
[2024-06-26T07:05:45.101+0000] {processor.py:830} INFO - Processing file /home/airflow/.local/lib/python3.12/site-packages/airflow/example_dags/example_bash_decorator.py for tasks to queue
[2024-06-26T07:05:45.105+0000] {logging_mixin.py:188} INFO - [2024-06-26T07:05:45.104+0000] {dagbag.py:545} INFO - Filling up the DagBag from /home/airflow/.local/lib/python3.12/site-packages/airflow/example_dags/example_bash_decorator.py
[2024-06-26T07:05:45.156+0000] {processor.py:840} INFO - DAG(s) 'example_bash_decorator' retrieved from /home/airflow/.local/lib/python3.12/site-packages/airflow/example_dags/example_bash_decorator.py
[2024-06-26T07:05:45.256+0000] {logging_mixin.py:188} INFO - [2024-06-26T07:05:45.255+0000] {dag.py:3096} INFO - Sync 1 DAGs
[2024-06-26T07:05:45.311+0000] {logging_mixin.py:188} INFO - [2024-06-26T07:05:45.310+0000] {dag.py:3954} INFO - Setting next_dagrun for example_bash_decorator to None, run_after=None
[2024-06-26T07:05:45.419+0000] {processor.py:183} INFO - Processing /home/airflow/.local/lib/python3.12/site-packages/airflow/example_dags/example_bash_decorator.py took 0.342 seconds
[2024-06-26T07:06:16.383+0000] {processor.py:161} INFO - Started process (PID=2540) to work on /home/airflow/.local/lib/python3.12/site-packages/airflow/example_dags/example_bash_decorator.py
[2024-06-26T07:06:16.384+0000] {processor.py:830} INFO - Processing file /home/airflow/.local/lib/python3.12/site-packages/airflow/example_dags/example_bash_decorator.py for tasks to queue
[2024-06-26T07:06:16.385+0000] {logging_mixin.py:188} INFO - [2024-06-26T07:06:16.384+0000] {dagbag.py:545} INFO - Filling up the DagBag from /home/airflow/.local/lib/python3.12/site-packages/airflow/example_dags/example_bash_decorator.py
[2024-06-26T07:06:16.395+0000] {processor.py:840} INFO - DAG(s) 'example_bash_decorator' retrieved from /home/airflow/.local/lib/python3.12/site-packages/airflow/example_dags/example_bash_decorator.py
[2024-06-26T07:06:16.412+0000] {logging_mixin.py:188} INFO - [2024-06-26T07:06:16.411+0000] {dag.py:3096} INFO - Sync 1 DAGs
[2024-06-26T07:06:16.422+0000] {logging_mixin.py:188} INFO - [2024-06-26T07:06:16.422+0000] {dag.py:3954} INFO - Setting next_dagrun for example_bash_decorator to None, run_after=None
[2024-06-26T07:06:16.439+0000] {processor.py:183} INFO - Processing /home/airflow/.local/lib/python3.12/site-packages/airflow/example_dags/example_bash_decorator.py took 0.060 seconds
[2024-06-26T07:06:47.029+0000] {processor.py:161} INFO - Started process (PID=2602) to work on /home/airflow/.local/lib/python3.12/site-packages/airflow/example_dags/example_bash_decorator.py
[2024-06-26T07:06:47.030+0000] {processor.py:830} INFO - Processing file /home/airflow/.local/lib/python3.12/site-packages/airflow/example_dags/example_bash_decorator.py for tasks to queue
[2024-06-26T07:06:47.031+0000] {logging_mixin.py:188} INFO - [2024-06-26T07:06:47.031+0000] {dagbag.py:545} INFO - Filling up the DagBag from /home/airflow/.local/lib/python3.12/site-packages/airflow/example_dags/example_bash_decorator.py
[2024-06-26T07:06:47.041+0000] {processor.py:840} INFO - DAG(s) 'example_bash_decorator' retrieved from /home/airflow/.local/lib/python3.12/site-packages/airflow/example_dags/example_bash_decorator.py
[2024-06-26T07:06:47.061+0000] {logging_mixin.py:188} INFO - [2024-06-26T07:06:47.061+0000] {dag.py:3096} INFO - Sync 1 DAGs
[2024-06-26T07:06:47.070+0000] {logging_mixin.py:188} INFO - [2024-06-26T07:06:47.070+0000] {dag.py:3954} INFO - Setting next_dagrun for example_bash_decorator to None, run_after=None
[2024-06-26T07:06:47.090+0000] {processor.py:183} INFO - Processing /home/airflow/.local/lib/python3.12/site-packages/airflow/example_dags/example_bash_decorator.py took 0.064 seconds
[2024-06-26T07:07:17.495+0000] {processor.py:161} INFO - Started process (PID=2664) to work on /home/airflow/.local/lib/python3.12/site-packages/airflow/example_dags/example_bash_decorator.py
[2024-06-26T07:07:17.497+0000] {processor.py:830} INFO - Processing file /home/airflow/.local/lib/python3.12/site-packages/airflow/example_dags/example_bash_decorator.py for tasks to queue
[2024-06-26T07:07:17.500+0000] {logging_mixin.py:188} INFO - [2024-06-26T07:07:17.499+0000] {dagbag.py:545} INFO - Filling up the DagBag from /home/airflow/.local/lib/python3.12/site-packages/airflow/example_dags/example_bash_decorator.py
[2024-06-26T07:07:17.526+0000] {processor.py:840} INFO - DAG(s) 'example_bash_decorator' retrieved from /home/airflow/.local/lib/python3.12/site-packages/airflow/example_dags/example_bash_decorator.py
[2024-06-26T07:07:17.573+0000] {logging_mixin.py:188} INFO - [2024-06-26T07:07:17.572+0000] {dag.py:3096} INFO - Sync 1 DAGs
[2024-06-26T07:07:17.597+0000] {logging_mixin.py:188} INFO - [2024-06-26T07:07:17.596+0000] {dag.py:3954} INFO - Setting next_dagrun for example_bash_decorator to None, run_after=None
[2024-06-26T07:07:17.633+0000] {processor.py:183} INFO - Processing /home/airflow/.local/lib/python3.12/site-packages/airflow/example_dags/example_bash_decorator.py took 0.149 seconds
[2024-06-26T07:07:49.747+0000] {processor.py:161} INFO - Started process (PID=2728) to work on /home/airflow/.local/lib/python3.12/site-packages/airflow/example_dags/example_bash_decorator.py
[2024-06-26T07:07:49.751+0000] {processor.py:830} INFO - Processing file /home/airflow/.local/lib/python3.12/site-packages/airflow/example_dags/example_bash_decorator.py for tasks to queue
[2024-06-26T07:07:49.755+0000] {logging_mixin.py:188} INFO - [2024-06-26T07:07:49.754+0000] {dagbag.py:545} INFO - Filling up the DagBag from /home/airflow/.local/lib/python3.12/site-packages/airflow/example_dags/example_bash_decorator.py
[2024-06-26T07:07:49.809+0000] {processor.py:840} INFO - DAG(s) 'example_bash_decorator' retrieved from /home/airflow/.local/lib/python3.12/site-packages/airflow/example_dags/example_bash_decorator.py
[2024-06-26T07:07:49.928+0000] {logging_mixin.py:188} INFO - [2024-06-26T07:07:49.927+0000] {dag.py:3096} INFO - Sync 1 DAGs
[2024-06-26T07:07:49.995+0000] {logging_mixin.py:188} INFO - [2024-06-26T07:07:49.993+0000] {dag.py:3954} INFO - Setting next_dagrun for example_bash_decorator to None, run_after=None
[2024-06-26T07:07:50.081+0000] {processor.py:183} INFO - Processing /home/airflow/.local/lib/python3.12/site-packages/airflow/example_dags/example_bash_decorator.py took 0.360 seconds
[2024-06-26T07:08:20.739+0000] {processor.py:161} INFO - Started process (PID=2790) to work on /home/airflow/.local/lib/python3.12/site-packages/airflow/example_dags/example_bash_decorator.py
[2024-06-26T07:08:20.741+0000] {processor.py:830} INFO - Processing file /home/airflow/.local/lib/python3.12/site-packages/airflow/example_dags/example_bash_decorator.py for tasks to queue
[2024-06-26T07:08:20.744+0000] {logging_mixin.py:188} INFO - [2024-06-26T07:08:20.743+0000] {dagbag.py:545} INFO - Filling up the DagBag from /home/airflow/.local/lib/python3.12/site-packages/airflow/example_dags/example_bash_decorator.py
[2024-06-26T07:08:20.768+0000] {processor.py:840} INFO - DAG(s) 'example_bash_decorator' retrieved from /home/airflow/.local/lib/python3.12/site-packages/airflow/example_dags/example_bash_decorator.py
[2024-06-26T07:08:20.804+0000] {logging_mixin.py:188} INFO - [2024-06-26T07:08:20.804+0000] {dag.py:3096} INFO - Sync 1 DAGs
[2024-06-26T07:08:20.826+0000] {logging_mixin.py:188} INFO - [2024-06-26T07:08:20.825+0000] {dag.py:3954} INFO - Setting next_dagrun for example_bash_decorator to None, run_after=None
[2024-06-26T07:08:20.867+0000] {processor.py:183} INFO - Processing /home/airflow/.local/lib/python3.12/site-packages/airflow/example_dags/example_bash_decorator.py took 0.141 seconds
[2024-06-26T07:09:00.728+0000] {processor.py:161} INFO - Started process (PID=2853) to work on /home/airflow/.local/lib/python3.12/site-packages/airflow/example_dags/example_bash_decorator.py
[2024-06-26T07:09:00.836+0000] {processor.py:830} INFO - Processing file /home/airflow/.local/lib/python3.12/site-packages/airflow/example_dags/example_bash_decorator.py for tasks to queue
[2024-06-26T07:09:00.848+0000] {logging_mixin.py:188} INFO - [2024-06-26T07:09:00.845+0000] {dagbag.py:545} INFO - Filling up the DagBag from /home/airflow/.local/lib/python3.12/site-packages/airflow/example_dags/example_bash_decorator.py
[2024-06-26T07:09:01.063+0000] {processor.py:840} INFO - DAG(s) 'example_bash_decorator' retrieved from /home/airflow/.local/lib/python3.12/site-packages/airflow/example_dags/example_bash_decorator.py
[2024-06-26T07:09:01.588+0000] {logging_mixin.py:188} INFO - [2024-06-26T07:09:01.576+0000] {dag.py:3096} INFO - Sync 1 DAGs
[2024-06-26T07:09:01.749+0000] {logging_mixin.py:188} INFO - [2024-06-26T07:09:01.748+0000] {dag.py:3954} INFO - Setting next_dagrun for example_bash_decorator to None, run_after=None
[2024-06-26T07:09:02.630+0000] {processor.py:183} INFO - Processing /home/airflow/.local/lib/python3.12/site-packages/airflow/example_dags/example_bash_decorator.py took 1.932 seconds
[2024-06-26T07:09:43.717+0000] {processor.py:161} INFO - Started process (PID=2910) to work on /home/airflow/.local/lib/python3.12/site-packages/airflow/example_dags/example_bash_decorator.py
[2024-06-26T07:09:43.749+0000] {processor.py:830} INFO - Processing file /home/airflow/.local/lib/python3.12/site-packages/airflow/example_dags/example_bash_decorator.py for tasks to queue
[2024-06-26T07:09:44.063+0000] {logging_mixin.py:188} INFO - [2024-06-26T07:09:44.062+0000] {dagbag.py:545} INFO - Filling up the DagBag from /home/airflow/.local/lib/python3.12/site-packages/airflow/example_dags/example_bash_decorator.py
[2024-06-26T07:09:44.306+0000] {processor.py:840} INFO - DAG(s) 'example_bash_decorator' retrieved from /home/airflow/.local/lib/python3.12/site-packages/airflow/example_dags/example_bash_decorator.py
[2024-06-26T07:09:44.645+0000] {logging_mixin.py:188} INFO - [2024-06-26T07:09:44.644+0000] {dag.py:3096} INFO - Sync 1 DAGs
[2024-06-26T07:09:44.869+0000] {logging_mixin.py:188} INFO - [2024-06-26T07:09:44.868+0000] {dag.py:3954} INFO - Setting next_dagrun for example_bash_decorator to None, run_after=None
[2024-06-26T07:09:45.233+0000] {processor.py:183} INFO - Processing /home/airflow/.local/lib/python3.12/site-packages/airflow/example_dags/example_bash_decorator.py took 1.583 seconds
[2024-06-26T07:10:45.950+0000] {processor.py:161} INFO - Started process (PID=2978) to work on /home/airflow/.local/lib/python3.12/site-packages/airflow/example_dags/example_bash_decorator.py
[2024-06-26T07:10:45.954+0000] {processor.py:830} INFO - Processing file /home/airflow/.local/lib/python3.12/site-packages/airflow/example_dags/example_bash_decorator.py for tasks to queue
[2024-06-26T07:10:45.958+0000] {logging_mixin.py:188} INFO - [2024-06-26T07:10:45.957+0000] {dagbag.py:545} INFO - Filling up the DagBag from /home/airflow/.local/lib/python3.12/site-packages/airflow/example_dags/example_bash_decorator.py
[2024-06-26T07:10:46.019+0000] {processor.py:840} INFO - DAG(s) 'example_bash_decorator' retrieved from /home/airflow/.local/lib/python3.12/site-packages/airflow/example_dags/example_bash_decorator.py
[2024-06-26T07:10:46.190+0000] {logging_mixin.py:188} INFO - [2024-06-26T07:10:46.189+0000] {dag.py:3096} INFO - Sync 1 DAGs
[2024-06-26T07:10:46.315+0000] {logging_mixin.py:188} INFO - [2024-06-26T07:10:46.302+0000] {dag.py:3954} INFO - Setting next_dagrun for example_bash_decorator to None, run_after=None
[2024-06-26T07:10:46.509+0000] {processor.py:183} INFO - Processing /home/airflow/.local/lib/python3.12/site-packages/airflow/example_dags/example_bash_decorator.py took 0.620 seconds
[2024-06-26T07:11:16.839+0000] {processor.py:161} INFO - Started process (PID=3041) to work on /home/airflow/.local/lib/python3.12/site-packages/airflow/example_dags/example_bash_decorator.py
[2024-06-26T07:11:16.841+0000] {processor.py:830} INFO - Processing file /home/airflow/.local/lib/python3.12/site-packages/airflow/example_dags/example_bash_decorator.py for tasks to queue
[2024-06-26T07:11:16.844+0000] {logging_mixin.py:188} INFO - [2024-06-26T07:11:16.843+0000] {dagbag.py:545} INFO - Filling up the DagBag from /home/airflow/.local/lib/python3.12/site-packages/airflow/example_dags/example_bash_decorator.py
[2024-06-26T07:11:16.871+0000] {processor.py:840} INFO - DAG(s) 'example_bash_decorator' retrieved from /home/airflow/.local/lib/python3.12/site-packages/airflow/example_dags/example_bash_decorator.py
[2024-06-26T07:11:16.927+0000] {logging_mixin.py:188} INFO - [2024-06-26T07:11:16.926+0000] {dag.py:3096} INFO - Sync 1 DAGs
[2024-06-26T07:11:16.959+0000] {logging_mixin.py:188} INFO - [2024-06-26T07:11:16.958+0000] {dag.py:3954} INFO - Setting next_dagrun for example_bash_decorator to None, run_after=None
[2024-06-26T07:11:17.005+0000] {processor.py:183} INFO - Processing /home/airflow/.local/lib/python3.12/site-packages/airflow/example_dags/example_bash_decorator.py took 0.177 seconds
[2024-06-26T07:11:51.261+0000] {processor.py:161} INFO - Started process (PID=3106) to work on /home/airflow/.local/lib/python3.12/site-packages/airflow/example_dags/example_bash_decorator.py
[2024-06-26T07:11:51.266+0000] {processor.py:830} INFO - Processing file /home/airflow/.local/lib/python3.12/site-packages/airflow/example_dags/example_bash_decorator.py for tasks to queue
[2024-06-26T07:11:51.270+0000] {logging_mixin.py:188} INFO - [2024-06-26T07:11:51.269+0000] {dagbag.py:545} INFO - Filling up the DagBag from /home/airflow/.local/lib/python3.12/site-packages/airflow/example_dags/example_bash_decorator.py
[2024-06-26T07:11:51.321+0000] {processor.py:840} INFO - DAG(s) 'example_bash_decorator' retrieved from /home/airflow/.local/lib/python3.12/site-packages/airflow/example_dags/example_bash_decorator.py
[2024-06-26T07:11:51.412+0000] {logging_mixin.py:188} INFO - [2024-06-26T07:11:51.411+0000] {dag.py:3096} INFO - Sync 1 DAGs
[2024-06-26T07:11:51.464+0000] {logging_mixin.py:188} INFO - [2024-06-26T07:11:51.463+0000] {dag.py:3954} INFO - Setting next_dagrun for example_bash_decorator to None, run_after=None
[2024-06-26T07:11:51.537+0000] {processor.py:183} INFO - Processing /home/airflow/.local/lib/python3.12/site-packages/airflow/example_dags/example_bash_decorator.py took 0.302 seconds
[2024-06-26T07:12:33.424+0000] {processor.py:161} INFO - Started process (PID=3170) to work on /home/airflow/.local/lib/python3.12/site-packages/airflow/example_dags/example_bash_decorator.py
[2024-06-26T07:12:33.464+0000] {processor.py:830} INFO - Processing file /home/airflow/.local/lib/python3.12/site-packages/airflow/example_dags/example_bash_decorator.py for tasks to queue
[2024-06-26T07:12:33.482+0000] {logging_mixin.py:188} INFO - [2024-06-26T07:12:33.480+0000] {dagbag.py:545} INFO - Filling up the DagBag from /home/airflow/.local/lib/python3.12/site-packages/airflow/example_dags/example_bash_decorator.py
[2024-06-26T07:12:33.726+0000] {processor.py:840} INFO - DAG(s) 'example_bash_decorator' retrieved from /home/airflow/.local/lib/python3.12/site-packages/airflow/example_dags/example_bash_decorator.py
[2024-06-26T07:12:34.029+0000] {logging_mixin.py:188} INFO - [2024-06-26T07:12:34.028+0000] {dag.py:3096} INFO - Sync 1 DAGs
[2024-06-26T07:12:34.181+0000] {logging_mixin.py:188} INFO - [2024-06-26T07:12:34.179+0000] {dag.py:3954} INFO - Setting next_dagrun for example_bash_decorator to None, run_after=None
[2024-06-26T07:12:34.577+0000] {processor.py:183} INFO - Processing /home/airflow/.local/lib/python3.12/site-packages/airflow/example_dags/example_bash_decorator.py took 1.209 seconds
[2024-06-26T07:13:19.512+0000] {processor.py:161} INFO - Started process (PID=3225) to work on /home/airflow/.local/lib/python3.12/site-packages/airflow/example_dags/example_bash_decorator.py
[2024-06-26T07:13:19.516+0000] {processor.py:830} INFO - Processing file /home/airflow/.local/lib/python3.12/site-packages/airflow/example_dags/example_bash_decorator.py for tasks to queue
[2024-06-26T07:13:19.519+0000] {logging_mixin.py:188} INFO - [2024-06-26T07:13:19.518+0000] {dagbag.py:545} INFO - Filling up the DagBag from /home/airflow/.local/lib/python3.12/site-packages/airflow/example_dags/example_bash_decorator.py
[2024-06-26T07:13:19.570+0000] {processor.py:840} INFO - DAG(s) 'example_bash_decorator' retrieved from /home/airflow/.local/lib/python3.12/site-packages/airflow/example_dags/example_bash_decorator.py
[2024-06-26T07:13:19.683+0000] {logging_mixin.py:188} INFO - [2024-06-26T07:13:19.682+0000] {dag.py:3096} INFO - Sync 1 DAGs
[2024-06-26T07:13:19.745+0000] {logging_mixin.py:188} INFO - [2024-06-26T07:13:19.744+0000] {dag.py:3954} INFO - Setting next_dagrun for example_bash_decorator to None, run_after=None
[2024-06-26T07:13:19.836+0000] {processor.py:183} INFO - Processing /home/airflow/.local/lib/python3.12/site-packages/airflow/example_dags/example_bash_decorator.py took 0.344 seconds
[2024-06-26T07:13:50.419+0000] {processor.py:161} INFO - Started process (PID=3288) to work on /home/airflow/.local/lib/python3.12/site-packages/airflow/example_dags/example_bash_decorator.py
[2024-06-26T07:13:50.425+0000] {processor.py:830} INFO - Processing file /home/airflow/.local/lib/python3.12/site-packages/airflow/example_dags/example_bash_decorator.py for tasks to queue
[2024-06-26T07:13:50.431+0000] {logging_mixin.py:188} INFO - [2024-06-26T07:13:50.429+0000] {dagbag.py:545} INFO - Filling up the DagBag from /home/airflow/.local/lib/python3.12/site-packages/airflow/example_dags/example_bash_decorator.py
[2024-06-26T07:13:50.507+0000] {processor.py:840} INFO - DAG(s) 'example_bash_decorator' retrieved from /home/airflow/.local/lib/python3.12/site-packages/airflow/example_dags/example_bash_decorator.py
[2024-06-26T07:13:50.645+0000] {logging_mixin.py:188} INFO - [2024-06-26T07:13:50.643+0000] {dag.py:3096} INFO - Sync 1 DAGs
[2024-06-26T07:13:50.710+0000] {logging_mixin.py:188} INFO - [2024-06-26T07:13:50.709+0000] {dag.py:3954} INFO - Setting next_dagrun for example_bash_decorator to None, run_after=None
[2024-06-26T07:13:50.811+0000] {processor.py:183} INFO - Processing /home/airflow/.local/lib/python3.12/site-packages/airflow/example_dags/example_bash_decorator.py took 0.422 seconds
[2024-06-26T07:14:20.992+0000] {processor.py:161} INFO - Started process (PID=3351) to work on /home/airflow/.local/lib/python3.12/site-packages/airflow/example_dags/example_bash_decorator.py
[2024-06-26T07:14:20.995+0000] {processor.py:830} INFO - Processing file /home/airflow/.local/lib/python3.12/site-packages/airflow/example_dags/example_bash_decorator.py for tasks to queue
[2024-06-26T07:14:20.998+0000] {logging_mixin.py:188} INFO - [2024-06-26T07:14:20.997+0000] {dagbag.py:545} INFO - Filling up the DagBag from /home/airflow/.local/lib/python3.12/site-packages/airflow/example_dags/example_bash_decorator.py
[2024-06-26T07:14:21.056+0000] {processor.py:840} INFO - DAG(s) 'example_bash_decorator' retrieved from /home/airflow/.local/lib/python3.12/site-packages/airflow/example_dags/example_bash_decorator.py
[2024-06-26T07:14:21.149+0000] {logging_mixin.py:188} INFO - [2024-06-26T07:14:21.148+0000] {dag.py:3096} INFO - Sync 1 DAGs
[2024-06-26T07:14:21.199+0000] {logging_mixin.py:188} INFO - [2024-06-26T07:14:21.198+0000] {dag.py:3954} INFO - Setting next_dagrun for example_bash_decorator to None, run_after=None
[2024-06-26T07:14:21.279+0000] {processor.py:183} INFO - Processing /home/airflow/.local/lib/python3.12/site-packages/airflow/example_dags/example_bash_decorator.py took 0.306 seconds
[2024-06-26T07:14:52.799+0000] {processor.py:161} INFO - Started process (PID=3414) to work on /home/airflow/.local/lib/python3.12/site-packages/airflow/example_dags/example_bash_decorator.py
[2024-06-26T07:14:52.856+0000] {processor.py:830} INFO - Processing file /home/airflow/.local/lib/python3.12/site-packages/airflow/example_dags/example_bash_decorator.py for tasks to queue
[2024-06-26T07:14:52.932+0000] {logging_mixin.py:188} INFO - [2024-06-26T07:14:52.931+0000] {dagbag.py:545} INFO - Filling up the DagBag from /home/airflow/.local/lib/python3.12/site-packages/airflow/example_dags/example_bash_decorator.py
[2024-06-26T07:14:53.205+0000] {processor.py:840} INFO - DAG(s) 'example_bash_decorator' retrieved from /home/airflow/.local/lib/python3.12/site-packages/airflow/example_dags/example_bash_decorator.py
[2024-06-26T07:14:53.548+0000] {logging_mixin.py:188} INFO - [2024-06-26T07:14:53.547+0000] {dag.py:3096} INFO - Sync 1 DAGs
[2024-06-26T07:14:53.831+0000] {logging_mixin.py:188} INFO - [2024-06-26T07:14:53.819+0000] {dag.py:3954} INFO - Setting next_dagrun for example_bash_decorator to None, run_after=None
[2024-06-26T07:14:54.278+0000] {processor.py:183} INFO - Processing /home/airflow/.local/lib/python3.12/site-packages/airflow/example_dags/example_bash_decorator.py took 1.593 seconds
[2024-06-26T07:15:30.711+0000] {processor.py:161} INFO - Started process (PID=3483) to work on /home/airflow/.local/lib/python3.12/site-packages/airflow/example_dags/example_bash_decorator.py
[2024-06-26T07:15:30.715+0000] {processor.py:830} INFO - Processing file /home/airflow/.local/lib/python3.12/site-packages/airflow/example_dags/example_bash_decorator.py for tasks to queue
[2024-06-26T07:15:30.729+0000] {logging_mixin.py:188} INFO - [2024-06-26T07:15:30.728+0000] {dagbag.py:545} INFO - Filling up the DagBag from /home/airflow/.local/lib/python3.12/site-packages/airflow/example_dags/example_bash_decorator.py
[2024-06-26T07:15:30.922+0000] {processor.py:840} INFO - DAG(s) 'example_bash_decorator' retrieved from /home/airflow/.local/lib/python3.12/site-packages/airflow/example_dags/example_bash_decorator.py
[2024-06-26T07:15:31.194+0000] {logging_mixin.py:188} INFO - [2024-06-26T07:15:31.193+0000] {dag.py:3096} INFO - Sync 1 DAGs
[2024-06-26T07:15:31.359+0000] {logging_mixin.py:188} INFO - [2024-06-26T07:15:31.346+0000] {dag.py:3954} INFO - Setting next_dagrun for example_bash_decorator to None, run_after=None
[2024-06-26T07:15:31.759+0000] {processor.py:183} INFO - Processing /home/airflow/.local/lib/python3.12/site-packages/airflow/example_dags/example_bash_decorator.py took 1.112 seconds
[2024-06-26T07:16:25.372+0000] {processor.py:161} INFO - Started process (PID=3550) to work on /home/airflow/.local/lib/python3.12/site-packages/airflow/example_dags/example_bash_decorator.py
[2024-06-26T07:16:25.376+0000] {processor.py:830} INFO - Processing file /home/airflow/.local/lib/python3.12/site-packages/airflow/example_dags/example_bash_decorator.py for tasks to queue
[2024-06-26T07:16:25.390+0000] {logging_mixin.py:188} INFO - [2024-06-26T07:16:25.389+0000] {dagbag.py:545} INFO - Filling up the DagBag from /home/airflow/.local/lib/python3.12/site-packages/airflow/example_dags/example_bash_decorator.py
[2024-06-26T07:16:25.571+0000] {processor.py:840} INFO - DAG(s) 'example_bash_decorator' retrieved from /home/airflow/.local/lib/python3.12/site-packages/airflow/example_dags/example_bash_decorator.py
[2024-06-26T07:16:25.894+0000] {logging_mixin.py:188} INFO - [2024-06-26T07:16:25.893+0000] {dag.py:3096} INFO - Sync 1 DAGs
[2024-06-26T07:16:26.124+0000] {logging_mixin.py:188} INFO - [2024-06-26T07:16:26.123+0000] {dag.py:3954} INFO - Setting next_dagrun for example_bash_decorator to None, run_after=None
[2024-06-26T07:16:26.441+0000] {processor.py:183} INFO - Processing /home/airflow/.local/lib/python3.12/site-packages/airflow/example_dags/example_bash_decorator.py took 1.150 seconds
[2024-06-26T07:39:18.557+0000] {processor.py:161} INFO - Started process (PID=83) to work on /home/airflow/.local/lib/python3.12/site-packages/airflow/example_dags/example_bash_decorator.py
[2024-06-26T07:39:18.559+0000] {processor.py:830} INFO - Processing file /home/airflow/.local/lib/python3.12/site-packages/airflow/example_dags/example_bash_decorator.py for tasks to queue
[2024-06-26T07:39:18.564+0000] {logging_mixin.py:188} INFO - [2024-06-26T07:39:18.563+0000] {dagbag.py:545} INFO - Filling up the DagBag from /home/airflow/.local/lib/python3.12/site-packages/airflow/example_dags/example_bash_decorator.py
[2024-06-26T07:39:18.614+0000] {processor.py:840} INFO - DAG(s) 'example_bash_decorator' retrieved from /home/airflow/.local/lib/python3.12/site-packages/airflow/example_dags/example_bash_decorator.py
[2024-06-26T07:39:18.902+0000] {logging_mixin.py:188} INFO - [2024-06-26T07:39:18.902+0000] {dag.py:3096} INFO - Sync 1 DAGs
[2024-06-26T07:39:18.927+0000] {logging_mixin.py:188} INFO - [2024-06-26T07:39:18.927+0000] {dag.py:3954} INFO - Setting next_dagrun for example_bash_decorator to None, run_after=None
[2024-06-26T07:39:18.975+0000] {processor.py:183} INFO - Processing /home/airflow/.local/lib/python3.12/site-packages/airflow/example_dags/example_bash_decorator.py took 0.431 seconds
[2024-06-26T07:39:49.457+0000] {processor.py:161} INFO - Started process (PID=148) to work on /home/airflow/.local/lib/python3.12/site-packages/airflow/example_dags/example_bash_decorator.py
[2024-06-26T07:39:49.459+0000] {processor.py:830} INFO - Processing file /home/airflow/.local/lib/python3.12/site-packages/airflow/example_dags/example_bash_decorator.py for tasks to queue
[2024-06-26T07:39:49.461+0000] {logging_mixin.py:188} INFO - [2024-06-26T07:39:49.461+0000] {dagbag.py:545} INFO - Filling up the DagBag from /home/airflow/.local/lib/python3.12/site-packages/airflow/example_dags/example_bash_decorator.py
[2024-06-26T07:39:49.475+0000] {processor.py:840} INFO - DAG(s) 'example_bash_decorator' retrieved from /home/airflow/.local/lib/python3.12/site-packages/airflow/example_dags/example_bash_decorator.py
[2024-06-26T07:39:49.503+0000] {logging_mixin.py:188} INFO - [2024-06-26T07:39:49.502+0000] {dag.py:3096} INFO - Sync 1 DAGs
[2024-06-26T07:39:49.517+0000] {logging_mixin.py:188} INFO - [2024-06-26T07:39:49.517+0000] {dag.py:3954} INFO - Setting next_dagrun for example_bash_decorator to None, run_after=None
[2024-06-26T07:39:49.540+0000] {processor.py:183} INFO - Processing /home/airflow/.local/lib/python3.12/site-packages/airflow/example_dags/example_bash_decorator.py took 0.088 seconds
[2024-06-26T07:40:58.367+0000] {processor.py:161} INFO - Started process (PID=221) to work on /home/airflow/.local/lib/python3.12/site-packages/airflow/example_dags/example_bash_decorator.py
[2024-06-26T07:40:58.384+0000] {processor.py:830} INFO - Processing file /home/airflow/.local/lib/python3.12/site-packages/airflow/example_dags/example_bash_decorator.py for tasks to queue
[2024-06-26T07:40:58.407+0000] {logging_mixin.py:188} INFO - [2024-06-26T07:40:58.406+0000] {dagbag.py:545} INFO - Filling up the DagBag from /home/airflow/.local/lib/python3.12/site-packages/airflow/example_dags/example_bash_decorator.py
[2024-06-26T07:40:58.672+0000] {processor.py:840} INFO - DAG(s) 'example_bash_decorator' retrieved from /home/airflow/.local/lib/python3.12/site-packages/airflow/example_dags/example_bash_decorator.py
[2024-06-26T07:40:59.191+0000] {logging_mixin.py:188} INFO - [2024-06-26T07:40:59.190+0000] {dag.py:3096} INFO - Sync 1 DAGs
[2024-06-26T07:40:59.513+0000] {logging_mixin.py:188} INFO - [2024-06-26T07:40:59.512+0000] {dag.py:3954} INFO - Setting next_dagrun for example_bash_decorator to None, run_after=None
[2024-06-26T07:40:59.697+0000] {processor.py:183} INFO - Processing /home/airflow/.local/lib/python3.12/site-packages/airflow/example_dags/example_bash_decorator.py took 1.460 seconds
[2024-06-26T07:42:28.204+0000] {processor.py:161} INFO - Started process (PID=302) to work on /home/airflow/.local/lib/python3.12/site-packages/airflow/example_dags/example_bash_decorator.py
[2024-06-26T07:42:28.213+0000] {processor.py:830} INFO - Processing file /home/airflow/.local/lib/python3.12/site-packages/airflow/example_dags/example_bash_decorator.py for tasks to queue
[2024-06-26T07:42:28.219+0000] {logging_mixin.py:188} INFO - [2024-06-26T07:42:28.218+0000] {dagbag.py:545} INFO - Filling up the DagBag from /home/airflow/.local/lib/python3.12/site-packages/airflow/example_dags/example_bash_decorator.py
[2024-06-26T07:42:28.422+0000] {processor.py:840} INFO - DAG(s) 'example_bash_decorator' retrieved from /home/airflow/.local/lib/python3.12/site-packages/airflow/example_dags/example_bash_decorator.py
[2024-06-26T07:42:28.699+0000] {logging_mixin.py:188} INFO - [2024-06-26T07:42:28.698+0000] {dag.py:3096} INFO - Sync 1 DAGs
[2024-06-26T07:42:28.854+0000] {logging_mixin.py:188} INFO - [2024-06-26T07:42:28.853+0000] {dag.py:3954} INFO - Setting next_dagrun for example_bash_decorator to None, run_after=None
[2024-06-26T07:42:30.499+0000] {processor.py:183} INFO - Processing /home/airflow/.local/lib/python3.12/site-packages/airflow/example_dags/example_bash_decorator.py took 2.351 seconds
[2024-06-26T07:47:39.973+0000] {processor.py:161} INFO - Started process (PID=438) to work on /home/airflow/.local/lib/python3.12/site-packages/airflow/example_dags/example_bash_decorator.py
[2024-06-26T07:47:39.999+0000] {processor.py:830} INFO - Processing file /home/airflow/.local/lib/python3.12/site-packages/airflow/example_dags/example_bash_decorator.py for tasks to queue
[2024-06-26T07:47:40.009+0000] {logging_mixin.py:188} INFO - [2024-06-26T07:47:40.007+0000] {dagbag.py:545} INFO - Filling up the DagBag from /home/airflow/.local/lib/python3.12/site-packages/airflow/example_dags/example_bash_decorator.py
[2024-06-26T07:47:40.288+0000] {processor.py:840} INFO - DAG(s) 'example_bash_decorator' retrieved from /home/airflow/.local/lib/python3.12/site-packages/airflow/example_dags/example_bash_decorator.py
[2024-06-26T07:47:40.669+0000] {logging_mixin.py:188} INFO - [2024-06-26T07:47:40.667+0000] {dag.py:3096} INFO - Sync 1 DAGs
[2024-06-26T07:47:41.002+0000] {logging_mixin.py:188} INFO - [2024-06-26T07:47:41.000+0000] {dag.py:3954} INFO - Setting next_dagrun for example_bash_decorator to None, run_after=None
[2024-06-26T07:47:41.618+0000] {processor.py:183} INFO - Processing /home/airflow/.local/lib/python3.12/site-packages/airflow/example_dags/example_bash_decorator.py took 1.746 seconds
