[2024-06-26T06:06:10.928+0000] {processor.py:161} INFO - Started process (PID=97) to work on /home/airflow/.local/lib/python3.12/site-packages/airflow/example_dags/example_branch_operator.py
[2024-06-26T06:06:10.932+0000] {processor.py:830} INFO - Processing file /home/airflow/.local/lib/python3.12/site-packages/airflow/example_dags/example_branch_operator.py for tasks to queue
[2024-06-26T06:06:10.942+0000] {logging_mixin.py:188} INFO - [2024-06-26T06:06:10.940+0000] {dagbag.py:545} INFO - Filling up the DagBag from /home/airflow/.local/lib/python3.12/site-packages/airflow/example_dags/example_branch_operator.py
[2024-06-26T06:06:11.048+0000] {processor.py:840} INFO - DAG(s) 'example_branch_operator' retrieved from /home/airflow/.local/lib/python3.12/site-packages/airflow/example_dags/example_branch_operator.py
[2024-06-26T06:06:12.716+0000] {logging_mixin.py:188} INFO - [2024-06-26T06:06:12.715+0000] {dag.py:3096} INFO - Sync 1 DAGs
[2024-06-26T06:06:13.051+0000] {logging_mixin.py:188} INFO - [2024-06-26T06:06:13.050+0000] {dag.py:3954} INFO - Setting next_dagrun for example_branch_operator to 2024-06-25 00:00:00+00:00, run_after=2024-06-26 00:00:00+00:00
[2024-06-26T06:06:13.435+0000] {processor.py:183} INFO - Processing /home/airflow/.local/lib/python3.12/site-packages/airflow/example_dags/example_branch_operator.py took 2.543 seconds
[2024-06-26T06:07:18.254+0000] {processor.py:161} INFO - Started process (PID=158) to work on /home/airflow/.local/lib/python3.12/site-packages/airflow/example_dags/example_branch_operator.py
[2024-06-26T06:07:18.260+0000] {processor.py:830} INFO - Processing file /home/airflow/.local/lib/python3.12/site-packages/airflow/example_dags/example_branch_operator.py for tasks to queue
[2024-06-26T06:07:19.448+0000] {logging_mixin.py:188} INFO - [2024-06-26T06:07:19.250+0000] {dagbag.py:545} INFO - Filling up the DagBag from /home/airflow/.local/lib/python3.12/site-packages/airflow/example_dags/example_branch_operator.py
[2024-06-26T06:07:19.851+0000] {processor.py:840} INFO - DAG(s) 'example_branch_operator' retrieved from /home/airflow/.local/lib/python3.12/site-packages/airflow/example_dags/example_branch_operator.py
[2024-06-26T06:07:20.429+0000] {logging_mixin.py:188} INFO - [2024-06-26T06:07:20.427+0000] {dag.py:3096} INFO - Sync 1 DAGs
[2024-06-26T06:07:20.891+0000] {logging_mixin.py:188} INFO - [2024-06-26T06:07:20.890+0000] {dag.py:3954} INFO - Setting next_dagrun for example_branch_operator to 2024-06-25 00:00:00+00:00, run_after=2024-06-26 00:00:00+00:00
[2024-06-26T06:07:21.773+0000] {processor.py:183} INFO - Processing /home/airflow/.local/lib/python3.12/site-packages/airflow/example_dags/example_branch_operator.py took 5.411 seconds
[2024-06-26T06:21:37.437+0000] {processor.py:161} INFO - Started process (PID=89) to work on /home/airflow/.local/lib/python3.12/site-packages/airflow/example_dags/example_branch_operator.py
[2024-06-26T06:21:37.450+0000] {processor.py:830} INFO - Processing file /home/airflow/.local/lib/python3.12/site-packages/airflow/example_dags/example_branch_operator.py for tasks to queue
[2024-06-26T06:21:37.468+0000] {logging_mixin.py:188} INFO - [2024-06-26T06:21:37.466+0000] {dagbag.py:545} INFO - Filling up the DagBag from /home/airflow/.local/lib/python3.12/site-packages/airflow/example_dags/example_branch_operator.py
[2024-06-26T06:21:37.765+0000] {processor.py:840} INFO - DAG(s) 'example_branch_operator' retrieved from /home/airflow/.local/lib/python3.12/site-packages/airflow/example_dags/example_branch_operator.py
[2024-06-26T06:21:40.607+0000] {logging_mixin.py:188} INFO - [2024-06-26T06:21:40.606+0000] {dag.py:3096} INFO - Sync 1 DAGs
[2024-06-26T06:21:41.100+0000] {logging_mixin.py:188} INFO - [2024-06-26T06:21:41.086+0000] {dag.py:3954} INFO - Setting next_dagrun for example_branch_operator to 2024-06-25 00:00:00+00:00, run_after=2024-06-26 00:00:00+00:00
[2024-06-26T06:21:41.454+0000] {processor.py:183} INFO - Processing /home/airflow/.local/lib/python3.12/site-packages/airflow/example_dags/example_branch_operator.py took 4.089 seconds
[2024-06-26T06:22:51.945+0000] {processor.py:161} INFO - Started process (PID=157) to work on /home/airflow/.local/lib/python3.12/site-packages/airflow/example_dags/example_branch_operator.py
[2024-06-26T06:22:52.072+0000] {processor.py:830} INFO - Processing file /home/airflow/.local/lib/python3.12/site-packages/airflow/example_dags/example_branch_operator.py for tasks to queue
[2024-06-26T06:22:52.187+0000] {logging_mixin.py:188} INFO - [2024-06-26T06:22:52.186+0000] {dagbag.py:545} INFO - Filling up the DagBag from /home/airflow/.local/lib/python3.12/site-packages/airflow/example_dags/example_branch_operator.py
[2024-06-26T06:22:52.653+0000] {processor.py:840} INFO - DAG(s) 'example_branch_operator' retrieved from /home/airflow/.local/lib/python3.12/site-packages/airflow/example_dags/example_branch_operator.py
[2024-06-26T06:22:53.144+0000] {logging_mixin.py:188} INFO - [2024-06-26T06:22:53.143+0000] {dag.py:3096} INFO - Sync 1 DAGs
[2024-06-26T06:22:53.681+0000] {logging_mixin.py:188} INFO - [2024-06-26T06:22:53.680+0000] {dag.py:3954} INFO - Setting next_dagrun for example_branch_operator to 2024-06-25 00:00:00+00:00, run_after=2024-06-26 00:00:00+00:00
[2024-06-26T06:22:54.084+0000] {processor.py:183} INFO - Processing /home/airflow/.local/lib/python3.12/site-packages/airflow/example_dags/example_branch_operator.py took 2.252 seconds
[2024-06-26T06:23:41.767+0000] {processor.py:161} INFO - Started process (PID=201) to work on /home/airflow/.local/lib/python3.12/site-packages/airflow/example_dags/example_branch_operator.py
[2024-06-26T06:23:41.796+0000] {processor.py:830} INFO - Processing file /home/airflow/.local/lib/python3.12/site-packages/airflow/example_dags/example_branch_operator.py for tasks to queue
[2024-06-26T06:23:41.833+0000] {logging_mixin.py:188} INFO - [2024-06-26T06:23:41.831+0000] {dagbag.py:545} INFO - Filling up the DagBag from /home/airflow/.local/lib/python3.12/site-packages/airflow/example_dags/example_branch_operator.py
[2024-06-26T06:23:42.129+0000] {processor.py:840} INFO - DAG(s) 'example_branch_operator' retrieved from /home/airflow/.local/lib/python3.12/site-packages/airflow/example_dags/example_branch_operator.py
[2024-06-26T06:23:44.148+0000] {logging_mixin.py:188} INFO - [2024-06-26T06:23:44.147+0000] {dag.py:3096} INFO - Sync 1 DAGs
[2024-06-26T06:23:44.495+0000] {logging_mixin.py:188} INFO - [2024-06-26T06:23:44.494+0000] {dag.py:3954} INFO - Setting next_dagrun for example_branch_operator to 2024-06-25 00:00:00+00:00, run_after=2024-06-26 00:00:00+00:00
[2024-06-26T06:23:44.839+0000] {processor.py:183} INFO - Processing /home/airflow/.local/lib/python3.12/site-packages/airflow/example_dags/example_branch_operator.py took 3.091 seconds
[2024-06-26T06:24:56.222+0000] {processor.py:161} INFO - Started process (PID=253) to work on /home/airflow/.local/lib/python3.12/site-packages/airflow/example_dags/example_branch_operator.py
[2024-06-26T06:24:56.225+0000] {processor.py:830} INFO - Processing file /home/airflow/.local/lib/python3.12/site-packages/airflow/example_dags/example_branch_operator.py for tasks to queue
[2024-06-26T06:24:56.253+0000] {logging_mixin.py:188} INFO - [2024-06-26T06:24:56.241+0000] {dagbag.py:545} INFO - Filling up the DagBag from /home/airflow/.local/lib/python3.12/site-packages/airflow/example_dags/example_branch_operator.py
[2024-06-26T06:24:56.499+0000] {processor.py:840} INFO - DAG(s) 'example_branch_operator' retrieved from /home/airflow/.local/lib/python3.12/site-packages/airflow/example_dags/example_branch_operator.py
[2024-06-26T06:24:56.987+0000] {logging_mixin.py:188} INFO - [2024-06-26T06:24:56.986+0000] {dag.py:3096} INFO - Sync 1 DAGs
[2024-06-26T06:24:57.409+0000] {logging_mixin.py:188} INFO - [2024-06-26T06:24:57.408+0000] {dag.py:3954} INFO - Setting next_dagrun for example_branch_operator to 2024-06-25 00:00:00+00:00, run_after=2024-06-26 00:00:00+00:00
[2024-06-26T06:24:57.556+0000] {processor.py:183} INFO - Processing /home/airflow/.local/lib/python3.12/site-packages/airflow/example_dags/example_branch_operator.py took 1.401 seconds
[2024-06-26T06:25:35.381+0000] {processor.py:161} INFO - Started process (PID=315) to work on /home/airflow/.local/lib/python3.12/site-packages/airflow/example_dags/example_branch_operator.py
[2024-06-26T06:25:35.385+0000] {processor.py:830} INFO - Processing file /home/airflow/.local/lib/python3.12/site-packages/airflow/example_dags/example_branch_operator.py for tasks to queue
[2024-06-26T06:25:35.391+0000] {logging_mixin.py:188} INFO - [2024-06-26T06:25:35.390+0000] {dagbag.py:545} INFO - Filling up the DagBag from /home/airflow/.local/lib/python3.12/site-packages/airflow/example_dags/example_branch_operator.py
[2024-06-26T06:25:35.454+0000] {processor.py:840} INFO - DAG(s) 'example_branch_operator' retrieved from /home/airflow/.local/lib/python3.12/site-packages/airflow/example_dags/example_branch_operator.py
[2024-06-26T06:25:35.559+0000] {logging_mixin.py:188} INFO - [2024-06-26T06:25:35.558+0000] {dag.py:3096} INFO - Sync 1 DAGs
[2024-06-26T06:25:35.650+0000] {logging_mixin.py:188} INFO - [2024-06-26T06:25:35.649+0000] {dag.py:3954} INFO - Setting next_dagrun for example_branch_operator to 2024-06-25 00:00:00+00:00, run_after=2024-06-26 00:00:00+00:00
[2024-06-26T06:25:35.726+0000] {processor.py:183} INFO - Processing /home/airflow/.local/lib/python3.12/site-packages/airflow/example_dags/example_branch_operator.py took 0.364 seconds
[2024-06-26T06:26:06.385+0000] {processor.py:161} INFO - Started process (PID=377) to work on /home/airflow/.local/lib/python3.12/site-packages/airflow/example_dags/example_branch_operator.py
[2024-06-26T06:26:06.389+0000] {processor.py:830} INFO - Processing file /home/airflow/.local/lib/python3.12/site-packages/airflow/example_dags/example_branch_operator.py for tasks to queue
[2024-06-26T06:26:06.396+0000] {logging_mixin.py:188} INFO - [2024-06-26T06:26:06.395+0000] {dagbag.py:545} INFO - Filling up the DagBag from /home/airflow/.local/lib/python3.12/site-packages/airflow/example_dags/example_branch_operator.py
[2024-06-26T06:26:06.458+0000] {processor.py:840} INFO - DAG(s) 'example_branch_operator' retrieved from /home/airflow/.local/lib/python3.12/site-packages/airflow/example_dags/example_branch_operator.py
[2024-06-26T06:26:06.574+0000] {logging_mixin.py:188} INFO - [2024-06-26T06:26:06.573+0000] {dag.py:3096} INFO - Sync 1 DAGs
[2024-06-26T06:26:06.668+0000] {logging_mixin.py:188} INFO - [2024-06-26T06:26:06.667+0000] {dag.py:3954} INFO - Setting next_dagrun for example_branch_operator to 2024-06-25 00:00:00+00:00, run_after=2024-06-26 00:00:00+00:00
[2024-06-26T06:26:06.746+0000] {processor.py:183} INFO - Processing /home/airflow/.local/lib/python3.12/site-packages/airflow/example_dags/example_branch_operator.py took 0.382 seconds
[2024-06-26T06:40:23.446+0000] {processor.py:161} INFO - Started process (PID=71) to work on /home/airflow/.local/lib/python3.12/site-packages/airflow/example_dags/example_branch_operator.py
[2024-06-26T06:40:23.472+0000] {processor.py:830} INFO - Processing file /home/airflow/.local/lib/python3.12/site-packages/airflow/example_dags/example_branch_operator.py for tasks to queue
[2024-06-26T06:40:23.491+0000] {logging_mixin.py:188} INFO - [2024-06-26T06:40:23.485+0000] {dagbag.py:545} INFO - Filling up the DagBag from /home/airflow/.local/lib/python3.12/site-packages/airflow/example_dags/example_branch_operator.py
[2024-06-26T06:40:23.845+0000] {processor.py:840} INFO - DAG(s) 'example_branch_operator' retrieved from /home/airflow/.local/lib/python3.12/site-packages/airflow/example_dags/example_branch_operator.py
[2024-06-26T06:40:25.367+0000] {logging_mixin.py:188} INFO - [2024-06-26T06:40:25.366+0000] {dag.py:3096} INFO - Sync 1 DAGs
[2024-06-26T06:40:25.744+0000] {logging_mixin.py:188} INFO - [2024-06-26T06:40:25.731+0000] {dag.py:3954} INFO - Setting next_dagrun for example_branch_operator to 2024-06-25 00:00:00+00:00, run_after=2024-06-26 00:00:00+00:00
[2024-06-26T06:40:25.995+0000] {processor.py:183} INFO - Processing /home/airflow/.local/lib/python3.12/site-packages/airflow/example_dags/example_branch_operator.py took 2.614 seconds
[2024-06-26T06:41:13.926+0000] {processor.py:161} INFO - Started process (PID=140) to work on /home/airflow/.local/lib/python3.12/site-packages/airflow/example_dags/example_branch_operator.py
[2024-06-26T06:41:13.930+0000] {processor.py:830} INFO - Processing file /home/airflow/.local/lib/python3.12/site-packages/airflow/example_dags/example_branch_operator.py for tasks to queue
[2024-06-26T06:41:13.937+0000] {logging_mixin.py:188} INFO - [2024-06-26T06:41:13.936+0000] {dagbag.py:545} INFO - Filling up the DagBag from /home/airflow/.local/lib/python3.12/site-packages/airflow/example_dags/example_branch_operator.py
[2024-06-26T06:41:14.023+0000] {processor.py:840} INFO - DAG(s) 'example_branch_operator' retrieved from /home/airflow/.local/lib/python3.12/site-packages/airflow/example_dags/example_branch_operator.py
[2024-06-26T06:41:14.169+0000] {logging_mixin.py:188} INFO - [2024-06-26T06:41:14.168+0000] {dag.py:3096} INFO - Sync 1 DAGs
[2024-06-26T06:41:14.266+0000] {logging_mixin.py:188} INFO - [2024-06-26T06:41:14.265+0000] {dag.py:3954} INFO - Setting next_dagrun for example_branch_operator to 2024-06-25 00:00:00+00:00, run_after=2024-06-26 00:00:00+00:00
[2024-06-26T06:41:14.341+0000] {processor.py:183} INFO - Processing /home/airflow/.local/lib/python3.12/site-packages/airflow/example_dags/example_branch_operator.py took 0.438 seconds
[2024-06-26T06:41:44.497+0000] {processor.py:161} INFO - Started process (PID=202) to work on /home/airflow/.local/lib/python3.12/site-packages/airflow/example_dags/example_branch_operator.py
[2024-06-26T06:41:44.501+0000] {processor.py:830} INFO - Processing file /home/airflow/.local/lib/python3.12/site-packages/airflow/example_dags/example_branch_operator.py for tasks to queue
[2024-06-26T06:41:44.507+0000] {logging_mixin.py:188} INFO - [2024-06-26T06:41:44.506+0000] {dagbag.py:545} INFO - Filling up the DagBag from /home/airflow/.local/lib/python3.12/site-packages/airflow/example_dags/example_branch_operator.py
[2024-06-26T06:41:44.559+0000] {processor.py:840} INFO - DAG(s) 'example_branch_operator' retrieved from /home/airflow/.local/lib/python3.12/site-packages/airflow/example_dags/example_branch_operator.py
[2024-06-26T06:41:44.639+0000] {logging_mixin.py:188} INFO - [2024-06-26T06:41:44.639+0000] {dag.py:3096} INFO - Sync 1 DAGs
[2024-06-26T06:41:44.695+0000] {logging_mixin.py:188} INFO - [2024-06-26T06:41:44.695+0000] {dag.py:3954} INFO - Setting next_dagrun for example_branch_operator to 2024-06-25 00:00:00+00:00, run_after=2024-06-26 00:00:00+00:00
[2024-06-26T06:41:44.751+0000] {processor.py:183} INFO - Processing /home/airflow/.local/lib/python3.12/site-packages/airflow/example_dags/example_branch_operator.py took 0.273 seconds
[2024-06-26T06:42:15.661+0000] {processor.py:161} INFO - Started process (PID=264) to work on /home/airflow/.local/lib/python3.12/site-packages/airflow/example_dags/example_branch_operator.py
[2024-06-26T06:42:15.663+0000] {processor.py:830} INFO - Processing file /home/airflow/.local/lib/python3.12/site-packages/airflow/example_dags/example_branch_operator.py for tasks to queue
[2024-06-26T06:42:15.665+0000] {logging_mixin.py:188} INFO - [2024-06-26T06:42:15.665+0000] {dagbag.py:545} INFO - Filling up the DagBag from /home/airflow/.local/lib/python3.12/site-packages/airflow/example_dags/example_branch_operator.py
[2024-06-26T06:42:15.690+0000] {processor.py:840} INFO - DAG(s) 'example_branch_operator' retrieved from /home/airflow/.local/lib/python3.12/site-packages/airflow/example_dags/example_branch_operator.py
[2024-06-26T06:42:15.734+0000] {logging_mixin.py:188} INFO - [2024-06-26T06:42:15.734+0000] {dag.py:3096} INFO - Sync 1 DAGs
[2024-06-26T06:42:15.769+0000] {logging_mixin.py:188} INFO - [2024-06-26T06:42:15.769+0000] {dag.py:3954} INFO - Setting next_dagrun for example_branch_operator to 2024-06-25 00:00:00+00:00, run_after=2024-06-26 00:00:00+00:00
[2024-06-26T06:42:15.802+0000] {processor.py:183} INFO - Processing /home/airflow/.local/lib/python3.12/site-packages/airflow/example_dags/example_branch_operator.py took 0.149 seconds
[2024-06-26T06:42:46.264+0000] {processor.py:161} INFO - Started process (PID=326) to work on /home/airflow/.local/lib/python3.12/site-packages/airflow/example_dags/example_branch_operator.py
[2024-06-26T06:42:46.266+0000] {processor.py:830} INFO - Processing file /home/airflow/.local/lib/python3.12/site-packages/airflow/example_dags/example_branch_operator.py for tasks to queue
[2024-06-26T06:42:46.269+0000] {logging_mixin.py:188} INFO - [2024-06-26T06:42:46.269+0000] {dagbag.py:545} INFO - Filling up the DagBag from /home/airflow/.local/lib/python3.12/site-packages/airflow/example_dags/example_branch_operator.py
[2024-06-26T06:42:46.294+0000] {processor.py:840} INFO - DAG(s) 'example_branch_operator' retrieved from /home/airflow/.local/lib/python3.12/site-packages/airflow/example_dags/example_branch_operator.py
[2024-06-26T06:42:46.339+0000] {logging_mixin.py:188} INFO - [2024-06-26T06:42:46.339+0000] {dag.py:3096} INFO - Sync 1 DAGs
[2024-06-26T06:42:46.374+0000] {logging_mixin.py:188} INFO - [2024-06-26T06:42:46.374+0000] {dag.py:3954} INFO - Setting next_dagrun for example_branch_operator to 2024-06-25 00:00:00+00:00, run_after=2024-06-26 00:00:00+00:00
[2024-06-26T06:42:46.406+0000] {processor.py:183} INFO - Processing /home/airflow/.local/lib/python3.12/site-packages/airflow/example_dags/example_branch_operator.py took 0.149 seconds
[2024-06-26T06:43:17.817+0000] {processor.py:161} INFO - Started process (PID=388) to work on /home/airflow/.local/lib/python3.12/site-packages/airflow/example_dags/example_branch_operator.py
[2024-06-26T06:43:17.821+0000] {processor.py:830} INFO - Processing file /home/airflow/.local/lib/python3.12/site-packages/airflow/example_dags/example_branch_operator.py for tasks to queue
[2024-06-26T06:43:17.833+0000] {logging_mixin.py:188} INFO - [2024-06-26T06:43:17.832+0000] {dagbag.py:545} INFO - Filling up the DagBag from /home/airflow/.local/lib/python3.12/site-packages/airflow/example_dags/example_branch_operator.py
[2024-06-26T06:43:17.893+0000] {processor.py:840} INFO - DAG(s) 'example_branch_operator' retrieved from /home/airflow/.local/lib/python3.12/site-packages/airflow/example_dags/example_branch_operator.py
[2024-06-26T06:43:18.033+0000] {logging_mixin.py:188} INFO - [2024-06-26T06:43:18.032+0000] {dag.py:3096} INFO - Sync 1 DAGs
[2024-06-26T06:43:18.138+0000] {logging_mixin.py:188} INFO - [2024-06-26T06:43:18.137+0000] {dag.py:3954} INFO - Setting next_dagrun for example_branch_operator to 2024-06-25 00:00:00+00:00, run_after=2024-06-26 00:00:00+00:00
[2024-06-26T06:43:18.214+0000] {processor.py:183} INFO - Processing /home/airflow/.local/lib/python3.12/site-packages/airflow/example_dags/example_branch_operator.py took 0.417 seconds
[2024-06-26T06:43:48.393+0000] {processor.py:161} INFO - Started process (PID=450) to work on /home/airflow/.local/lib/python3.12/site-packages/airflow/example_dags/example_branch_operator.py
[2024-06-26T06:43:48.395+0000] {processor.py:830} INFO - Processing file /home/airflow/.local/lib/python3.12/site-packages/airflow/example_dags/example_branch_operator.py for tasks to queue
[2024-06-26T06:43:48.400+0000] {logging_mixin.py:188} INFO - [2024-06-26T06:43:48.399+0000] {dagbag.py:545} INFO - Filling up the DagBag from /home/airflow/.local/lib/python3.12/site-packages/airflow/example_dags/example_branch_operator.py
[2024-06-26T06:43:48.442+0000] {processor.py:840} INFO - DAG(s) 'example_branch_operator' retrieved from /home/airflow/.local/lib/python3.12/site-packages/airflow/example_dags/example_branch_operator.py
[2024-06-26T06:43:48.510+0000] {logging_mixin.py:188} INFO - [2024-06-26T06:43:48.509+0000] {dag.py:3096} INFO - Sync 1 DAGs
[2024-06-26T06:43:48.565+0000] {logging_mixin.py:188} INFO - [2024-06-26T06:43:48.564+0000] {dag.py:3954} INFO - Setting next_dagrun for example_branch_operator to 2024-06-25 00:00:00+00:00, run_after=2024-06-26 00:00:00+00:00
[2024-06-26T06:43:48.609+0000] {processor.py:183} INFO - Processing /home/airflow/.local/lib/python3.12/site-packages/airflow/example_dags/example_branch_operator.py took 0.230 seconds
[2024-06-26T06:44:22.946+0000] {processor.py:161} INFO - Started process (PID=512) to work on /home/airflow/.local/lib/python3.12/site-packages/airflow/example_dags/example_branch_operator.py
[2024-06-26T06:44:22.964+0000] {processor.py:830} INFO - Processing file /home/airflow/.local/lib/python3.12/site-packages/airflow/example_dags/example_branch_operator.py for tasks to queue
[2024-06-26T06:44:22.989+0000] {logging_mixin.py:188} INFO - [2024-06-26T06:44:22.988+0000] {dagbag.py:545} INFO - Filling up the DagBag from /home/airflow/.local/lib/python3.12/site-packages/airflow/example_dags/example_branch_operator.py
[2024-06-26T06:44:23.406+0000] {processor.py:840} INFO - DAG(s) 'example_branch_operator' retrieved from /home/airflow/.local/lib/python3.12/site-packages/airflow/example_dags/example_branch_operator.py
[2024-06-26T06:44:23.709+0000] {logging_mixin.py:188} INFO - [2024-06-26T06:44:23.708+0000] {dag.py:3096} INFO - Sync 1 DAGs
[2024-06-26T06:44:24.162+0000] {logging_mixin.py:188} INFO - [2024-06-26T06:44:24.162+0000] {dag.py:3954} INFO - Setting next_dagrun for example_branch_operator to 2024-06-25 00:00:00+00:00, run_after=2024-06-26 00:00:00+00:00
[2024-06-26T06:44:24.440+0000] {processor.py:183} INFO - Processing /home/airflow/.local/lib/python3.12/site-packages/airflow/example_dags/example_branch_operator.py took 1.550 seconds
[2024-06-26T06:45:06.691+0000] {processor.py:161} INFO - Started process (PID=573) to work on /home/airflow/.local/lib/python3.12/site-packages/airflow/example_dags/example_branch_operator.py
[2024-06-26T06:45:06.711+0000] {processor.py:830} INFO - Processing file /home/airflow/.local/lib/python3.12/site-packages/airflow/example_dags/example_branch_operator.py for tasks to queue
[2024-06-26T06:45:06.732+0000] {logging_mixin.py:188} INFO - [2024-06-26T06:45:06.731+0000] {dagbag.py:545} INFO - Filling up the DagBag from /home/airflow/.local/lib/python3.12/site-packages/airflow/example_dags/example_branch_operator.py
[2024-06-26T06:45:06.991+0000] {processor.py:840} INFO - DAG(s) 'example_branch_operator' retrieved from /home/airflow/.local/lib/python3.12/site-packages/airflow/example_dags/example_branch_operator.py
[2024-06-26T06:45:07.546+0000] {logging_mixin.py:188} INFO - [2024-06-26T06:45:07.545+0000] {dag.py:3096} INFO - Sync 1 DAGs
[2024-06-26T06:45:07.914+0000] {logging_mixin.py:188} INFO - [2024-06-26T06:45:07.912+0000] {dag.py:3954} INFO - Setting next_dagrun for example_branch_operator to 2024-06-25 00:00:00+00:00, run_after=2024-06-26 00:00:00+00:00
[2024-06-26T06:45:08.244+0000] {processor.py:183} INFO - Processing /home/airflow/.local/lib/python3.12/site-packages/airflow/example_dags/example_branch_operator.py took 1.636 seconds
[2024-06-26T06:46:19.278+0000] {processor.py:161} INFO - Started process (PID=648) to work on /home/airflow/.local/lib/python3.12/site-packages/airflow/example_dags/example_branch_operator.py
[2024-06-26T06:46:19.285+0000] {processor.py:830} INFO - Processing file /home/airflow/.local/lib/python3.12/site-packages/airflow/example_dags/example_branch_operator.py for tasks to queue
[2024-06-26T06:46:19.330+0000] {logging_mixin.py:188} INFO - [2024-06-26T06:46:19.329+0000] {dagbag.py:545} INFO - Filling up the DagBag from /home/airflow/.local/lib/python3.12/site-packages/airflow/example_dags/example_branch_operator.py
[2024-06-26T06:46:19.576+0000] {processor.py:840} INFO - DAG(s) 'example_branch_operator' retrieved from /home/airflow/.local/lib/python3.12/site-packages/airflow/example_dags/example_branch_operator.py
[2024-06-26T06:46:20.104+0000] {logging_mixin.py:188} INFO - [2024-06-26T06:46:20.103+0000] {dag.py:3096} INFO - Sync 1 DAGs
[2024-06-26T06:46:20.509+0000] {logging_mixin.py:188} INFO - [2024-06-26T06:46:20.508+0000] {dag.py:3954} INFO - Setting next_dagrun for example_branch_operator to 2024-06-25 00:00:00+00:00, run_after=2024-06-26 00:00:00+00:00
[2024-06-26T06:46:20.824+0000] {processor.py:183} INFO - Processing /home/airflow/.local/lib/python3.12/site-packages/airflow/example_dags/example_branch_operator.py took 1.605 seconds
[2024-06-26T06:47:09.529+0000] {processor.py:161} INFO - Started process (PID=701) to work on /home/airflow/.local/lib/python3.12/site-packages/airflow/example_dags/example_branch_operator.py
[2024-06-26T06:47:09.545+0000] {processor.py:830} INFO - Processing file /home/airflow/.local/lib/python3.12/site-packages/airflow/example_dags/example_branch_operator.py for tasks to queue
[2024-06-26T06:47:09.588+0000] {logging_mixin.py:188} INFO - [2024-06-26T06:47:09.587+0000] {dagbag.py:545} INFO - Filling up the DagBag from /home/airflow/.local/lib/python3.12/site-packages/airflow/example_dags/example_branch_operator.py
[2024-06-26T06:47:09.825+0000] {processor.py:840} INFO - DAG(s) 'example_branch_operator' retrieved from /home/airflow/.local/lib/python3.12/site-packages/airflow/example_dags/example_branch_operator.py
[2024-06-26T06:47:10.281+0000] {logging_mixin.py:188} INFO - [2024-06-26T06:47:10.280+0000] {dag.py:3096} INFO - Sync 1 DAGs
[2024-06-26T06:47:10.632+0000] {logging_mixin.py:188} INFO - [2024-06-26T06:47:10.618+0000] {dag.py:3954} INFO - Setting next_dagrun for example_branch_operator to 2024-06-25 00:00:00+00:00, run_after=2024-06-26 00:00:00+00:00
[2024-06-26T06:47:10.897+0000] {processor.py:183} INFO - Processing /home/airflow/.local/lib/python3.12/site-packages/airflow/example_dags/example_branch_operator.py took 1.428 seconds
[2024-06-26T06:47:57.643+0000] {processor.py:161} INFO - Started process (PID=769) to work on /home/airflow/.local/lib/python3.12/site-packages/airflow/example_dags/example_branch_operator.py
[2024-06-26T06:47:57.656+0000] {processor.py:830} INFO - Processing file /home/airflow/.local/lib/python3.12/site-packages/airflow/example_dags/example_branch_operator.py for tasks to queue
[2024-06-26T06:47:57.674+0000] {logging_mixin.py:188} INFO - [2024-06-26T06:47:57.673+0000] {dagbag.py:545} INFO - Filling up the DagBag from /home/airflow/.local/lib/python3.12/site-packages/airflow/example_dags/example_branch_operator.py
[2024-06-26T06:47:57.887+0000] {processor.py:840} INFO - DAG(s) 'example_branch_operator' retrieved from /home/airflow/.local/lib/python3.12/site-packages/airflow/example_dags/example_branch_operator.py
[2024-06-26T06:47:58.328+0000] {logging_mixin.py:188} INFO - [2024-06-26T06:47:58.326+0000] {dag.py:3096} INFO - Sync 1 DAGs
[2024-06-26T06:47:58.671+0000] {logging_mixin.py:188} INFO - [2024-06-26T06:47:58.657+0000] {dag.py:3954} INFO - Setting next_dagrun for example_branch_operator to 2024-06-25 00:00:00+00:00, run_after=2024-06-26 00:00:00+00:00
[2024-06-26T06:47:59.002+0000] {processor.py:183} INFO - Processing /home/airflow/.local/lib/python3.12/site-packages/airflow/example_dags/example_branch_operator.py took 1.435 seconds
[2024-06-26T06:48:33.046+0000] {processor.py:161} INFO - Started process (PID=832) to work on /home/airflow/.local/lib/python3.12/site-packages/airflow/example_dags/example_branch_operator.py
[2024-06-26T06:48:33.109+0000] {processor.py:830} INFO - Processing file /home/airflow/.local/lib/python3.12/site-packages/airflow/example_dags/example_branch_operator.py for tasks to queue
[2024-06-26T06:48:33.154+0000] {logging_mixin.py:188} INFO - [2024-06-26T06:48:33.153+0000] {dagbag.py:545} INFO - Filling up the DagBag from /home/airflow/.local/lib/python3.12/site-packages/airflow/example_dags/example_branch_operator.py
[2024-06-26T06:48:33.365+0000] {processor.py:840} INFO - DAG(s) 'example_branch_operator' retrieved from /home/airflow/.local/lib/python3.12/site-packages/airflow/example_dags/example_branch_operator.py
[2024-06-26T06:48:33.485+0000] {logging_mixin.py:188} INFO - [2024-06-26T06:48:33.484+0000] {dag.py:3096} INFO - Sync 1 DAGs
[2024-06-26T06:48:33.583+0000] {logging_mixin.py:188} INFO - [2024-06-26T06:48:33.582+0000] {dag.py:3954} INFO - Setting next_dagrun for example_branch_operator to 2024-06-25 00:00:00+00:00, run_after=2024-06-26 00:00:00+00:00
[2024-06-26T06:48:33.689+0000] {processor.py:183} INFO - Processing /home/airflow/.local/lib/python3.12/site-packages/airflow/example_dags/example_branch_operator.py took 0.675 seconds
[2024-06-26T06:49:03.816+0000] {processor.py:161} INFO - Started process (PID=893) to work on /home/airflow/.local/lib/python3.12/site-packages/airflow/example_dags/example_branch_operator.py
[2024-06-26T06:49:03.820+0000] {processor.py:830} INFO - Processing file /home/airflow/.local/lib/python3.12/site-packages/airflow/example_dags/example_branch_operator.py for tasks to queue
[2024-06-26T06:49:03.827+0000] {logging_mixin.py:188} INFO - [2024-06-26T06:49:03.825+0000] {dagbag.py:545} INFO - Filling up the DagBag from /home/airflow/.local/lib/python3.12/site-packages/airflow/example_dags/example_branch_operator.py
[2024-06-26T06:49:03.889+0000] {processor.py:840} INFO - DAG(s) 'example_branch_operator' retrieved from /home/airflow/.local/lib/python3.12/site-packages/airflow/example_dags/example_branch_operator.py
[2024-06-26T06:49:04.002+0000] {logging_mixin.py:188} INFO - [2024-06-26T06:49:04.001+0000] {dag.py:3096} INFO - Sync 1 DAGs
[2024-06-26T06:49:04.098+0000] {logging_mixin.py:188} INFO - [2024-06-26T06:49:04.097+0000] {dag.py:3954} INFO - Setting next_dagrun for example_branch_operator to 2024-06-25 00:00:00+00:00, run_after=2024-06-26 00:00:00+00:00
[2024-06-26T06:49:04.184+0000] {processor.py:183} INFO - Processing /home/airflow/.local/lib/python3.12/site-packages/airflow/example_dags/example_branch_operator.py took 0.386 seconds
[2024-06-26T06:49:45.630+0000] {processor.py:161} INFO - Started process (PID=947) to work on /home/airflow/.local/lib/python3.12/site-packages/airflow/example_dags/example_branch_operator.py
[2024-06-26T06:49:46.111+0000] {processor.py:830} INFO - Processing file /home/airflow/.local/lib/python3.12/site-packages/airflow/example_dags/example_branch_operator.py for tasks to queue
[2024-06-26T06:49:46.119+0000] {logging_mixin.py:188} INFO - [2024-06-26T06:49:46.118+0000] {dagbag.py:545} INFO - Filling up the DagBag from /home/airflow/.local/lib/python3.12/site-packages/airflow/example_dags/example_branch_operator.py
[2024-06-26T06:49:46.329+0000] {processor.py:840} INFO - DAG(s) 'example_branch_operator' retrieved from /home/airflow/.local/lib/python3.12/site-packages/airflow/example_dags/example_branch_operator.py
[2024-06-26T06:49:46.763+0000] {logging_mixin.py:188} INFO - [2024-06-26T06:49:46.762+0000] {dag.py:3096} INFO - Sync 1 DAGs
[2024-06-26T06:49:47.275+0000] {logging_mixin.py:188} INFO - [2024-06-26T06:49:47.273+0000] {dag.py:3954} INFO - Setting next_dagrun for example_branch_operator to 2024-06-25 00:00:00+00:00, run_after=2024-06-26 00:00:00+00:00
[2024-06-26T06:49:47.529+0000] {processor.py:183} INFO - Processing /home/airflow/.local/lib/python3.12/site-packages/airflow/example_dags/example_branch_operator.py took 1.966 seconds
[2024-06-26T06:51:08.723+0000] {processor.py:161} INFO - Started process (PID=1020) to work on /home/airflow/.local/lib/python3.12/site-packages/airflow/example_dags/example_branch_operator.py
[2024-06-26T06:51:08.738+0000] {processor.py:830} INFO - Processing file /home/airflow/.local/lib/python3.12/site-packages/airflow/example_dags/example_branch_operator.py for tasks to queue
[2024-06-26T06:51:08.801+0000] {logging_mixin.py:188} INFO - [2024-06-26T06:51:08.787+0000] {dagbag.py:545} INFO - Filling up the DagBag from /home/airflow/.local/lib/python3.12/site-packages/airflow/example_dags/example_branch_operator.py
[2024-06-26T06:51:09.055+0000] {processor.py:840} INFO - DAG(s) 'example_branch_operator' retrieved from /home/airflow/.local/lib/python3.12/site-packages/airflow/example_dags/example_branch_operator.py
[2024-06-26T06:51:09.463+0000] {logging_mixin.py:188} INFO - [2024-06-26T06:51:09.462+0000] {dag.py:3096} INFO - Sync 1 DAGs
[2024-06-26T06:51:09.949+0000] {logging_mixin.py:188} INFO - [2024-06-26T06:51:09.947+0000] {dag.py:3954} INFO - Setting next_dagrun for example_branch_operator to 2024-06-25 00:00:00+00:00, run_after=2024-06-26 00:00:00+00:00
[2024-06-26T06:51:10.734+0000] {processor.py:183} INFO - Processing /home/airflow/.local/lib/python3.12/site-packages/airflow/example_dags/example_branch_operator.py took 2.093 seconds
[2024-06-26T06:51:54.210+0000] {processor.py:161} INFO - Started process (PID=1086) to work on /home/airflow/.local/lib/python3.12/site-packages/airflow/example_dags/example_branch_operator.py
[2024-06-26T06:51:54.247+0000] {processor.py:830} INFO - Processing file /home/airflow/.local/lib/python3.12/site-packages/airflow/example_dags/example_branch_operator.py for tasks to queue
[2024-06-26T06:51:54.306+0000] {logging_mixin.py:188} INFO - [2024-06-26T06:51:54.304+0000] {dagbag.py:545} INFO - Filling up the DagBag from /home/airflow/.local/lib/python3.12/site-packages/airflow/example_dags/example_branch_operator.py
[2024-06-26T06:51:54.564+0000] {processor.py:840} INFO - DAG(s) 'example_branch_operator' retrieved from /home/airflow/.local/lib/python3.12/site-packages/airflow/example_dags/example_branch_operator.py
[2024-06-26T06:51:54.934+0000] {logging_mixin.py:188} INFO - [2024-06-26T06:51:54.933+0000] {dag.py:3096} INFO - Sync 1 DAGs
[2024-06-26T06:51:55.345+0000] {logging_mixin.py:188} INFO - [2024-06-26T06:51:55.344+0000] {dag.py:3954} INFO - Setting next_dagrun for example_branch_operator to 2024-06-25 00:00:00+00:00, run_after=2024-06-26 00:00:00+00:00
[2024-06-26T06:51:55.605+0000] {processor.py:183} INFO - Processing /home/airflow/.local/lib/python3.12/site-packages/airflow/example_dags/example_branch_operator.py took 1.481 seconds
[2024-06-26T06:52:26.566+0000] {processor.py:161} INFO - Started process (PID=1148) to work on /home/airflow/.local/lib/python3.12/site-packages/airflow/example_dags/example_branch_operator.py
[2024-06-26T06:52:26.567+0000] {processor.py:830} INFO - Processing file /home/airflow/.local/lib/python3.12/site-packages/airflow/example_dags/example_branch_operator.py for tasks to queue
[2024-06-26T06:52:26.569+0000] {logging_mixin.py:188} INFO - [2024-06-26T06:52:26.568+0000] {dagbag.py:545} INFO - Filling up the DagBag from /home/airflow/.local/lib/python3.12/site-packages/airflow/example_dags/example_branch_operator.py
[2024-06-26T06:52:26.584+0000] {processor.py:840} INFO - DAG(s) 'example_branch_operator' retrieved from /home/airflow/.local/lib/python3.12/site-packages/airflow/example_dags/example_branch_operator.py
[2024-06-26T06:52:26.609+0000] {logging_mixin.py:188} INFO - [2024-06-26T06:52:26.609+0000] {dag.py:3096} INFO - Sync 1 DAGs
[2024-06-26T06:52:26.631+0000] {logging_mixin.py:188} INFO - [2024-06-26T06:52:26.630+0000] {dag.py:3954} INFO - Setting next_dagrun for example_branch_operator to 2024-06-25 00:00:00+00:00, run_after=2024-06-26 00:00:00+00:00
[2024-06-26T06:52:26.651+0000] {processor.py:183} INFO - Processing /home/airflow/.local/lib/python3.12/site-packages/airflow/example_dags/example_branch_operator.py took 0.089 seconds
[2024-06-26T06:52:57.114+0000] {processor.py:161} INFO - Started process (PID=1210) to work on /home/airflow/.local/lib/python3.12/site-packages/airflow/example_dags/example_branch_operator.py
[2024-06-26T06:52:57.115+0000] {processor.py:830} INFO - Processing file /home/airflow/.local/lib/python3.12/site-packages/airflow/example_dags/example_branch_operator.py for tasks to queue
[2024-06-26T06:52:57.117+0000] {logging_mixin.py:188} INFO - [2024-06-26T06:52:57.117+0000] {dagbag.py:545} INFO - Filling up the DagBag from /home/airflow/.local/lib/python3.12/site-packages/airflow/example_dags/example_branch_operator.py
[2024-06-26T06:52:57.135+0000] {processor.py:840} INFO - DAG(s) 'example_branch_operator' retrieved from /home/airflow/.local/lib/python3.12/site-packages/airflow/example_dags/example_branch_operator.py
[2024-06-26T06:52:57.174+0000] {logging_mixin.py:188} INFO - [2024-06-26T06:52:57.173+0000] {dag.py:3096} INFO - Sync 1 DAGs
[2024-06-26T06:52:57.206+0000] {logging_mixin.py:188} INFO - [2024-06-26T06:52:57.206+0000] {dag.py:3954} INFO - Setting next_dagrun for example_branch_operator to 2024-06-25 00:00:00+00:00, run_after=2024-06-26 00:00:00+00:00
[2024-06-26T06:52:57.237+0000] {processor.py:183} INFO - Processing /home/airflow/.local/lib/python3.12/site-packages/airflow/example_dags/example_branch_operator.py took 0.128 seconds
[2024-06-26T06:53:27.642+0000] {processor.py:161} INFO - Started process (PID=1272) to work on /home/airflow/.local/lib/python3.12/site-packages/airflow/example_dags/example_branch_operator.py
[2024-06-26T06:53:27.644+0000] {processor.py:830} INFO - Processing file /home/airflow/.local/lib/python3.12/site-packages/airflow/example_dags/example_branch_operator.py for tasks to queue
[2024-06-26T06:53:27.648+0000] {logging_mixin.py:188} INFO - [2024-06-26T06:53:27.647+0000] {dagbag.py:545} INFO - Filling up the DagBag from /home/airflow/.local/lib/python3.12/site-packages/airflow/example_dags/example_branch_operator.py
[2024-06-26T06:53:27.679+0000] {processor.py:840} INFO - DAG(s) 'example_branch_operator' retrieved from /home/airflow/.local/lib/python3.12/site-packages/airflow/example_dags/example_branch_operator.py
[2024-06-26T06:53:27.737+0000] {logging_mixin.py:188} INFO - [2024-06-26T06:53:27.737+0000] {dag.py:3096} INFO - Sync 1 DAGs
[2024-06-26T06:53:27.782+0000] {logging_mixin.py:188} INFO - [2024-06-26T06:53:27.781+0000] {dag.py:3954} INFO - Setting next_dagrun for example_branch_operator to 2024-06-25 00:00:00+00:00, run_after=2024-06-26 00:00:00+00:00
[2024-06-26T06:53:27.828+0000] {processor.py:183} INFO - Processing /home/airflow/.local/lib/python3.12/site-packages/airflow/example_dags/example_branch_operator.py took 0.197 seconds
[2024-06-26T06:53:57.910+0000] {processor.py:161} INFO - Started process (PID=1334) to work on /home/airflow/.local/lib/python3.12/site-packages/airflow/example_dags/example_branch_operator.py
[2024-06-26T06:53:57.911+0000] {processor.py:830} INFO - Processing file /home/airflow/.local/lib/python3.12/site-packages/airflow/example_dags/example_branch_operator.py for tasks to queue
[2024-06-26T06:53:57.914+0000] {logging_mixin.py:188} INFO - [2024-06-26T06:53:57.914+0000] {dagbag.py:545} INFO - Filling up the DagBag from /home/airflow/.local/lib/python3.12/site-packages/airflow/example_dags/example_branch_operator.py
[2024-06-26T06:53:57.933+0000] {processor.py:840} INFO - DAG(s) 'example_branch_operator' retrieved from /home/airflow/.local/lib/python3.12/site-packages/airflow/example_dags/example_branch_operator.py
[2024-06-26T06:53:57.967+0000] {logging_mixin.py:188} INFO - [2024-06-26T06:53:57.967+0000] {dag.py:3096} INFO - Sync 1 DAGs
[2024-06-26T06:53:57.992+0000] {logging_mixin.py:188} INFO - [2024-06-26T06:53:57.992+0000] {dag.py:3954} INFO - Setting next_dagrun for example_branch_operator to 2024-06-25 00:00:00+00:00, run_after=2024-06-26 00:00:00+00:00
[2024-06-26T06:53:58.015+0000] {processor.py:183} INFO - Processing /home/airflow/.local/lib/python3.12/site-packages/airflow/example_dags/example_branch_operator.py took 0.111 seconds
[2024-06-26T06:55:12.057+0000] {processor.py:161} INFO - Started process (PID=1401) to work on /home/airflow/.local/lib/python3.12/site-packages/airflow/example_dags/example_branch_operator.py
[2024-06-26T06:55:13.343+0000] {processor.py:830} INFO - Processing file /home/airflow/.local/lib/python3.12/site-packages/airflow/example_dags/example_branch_operator.py for tasks to queue
[2024-06-26T06:55:13.359+0000] {logging_mixin.py:188} INFO - [2024-06-26T06:55:13.358+0000] {dagbag.py:545} INFO - Filling up the DagBag from /home/airflow/.local/lib/python3.12/site-packages/airflow/example_dags/example_branch_operator.py
[2024-06-26T06:55:13.608+0000] {processor.py:840} INFO - DAG(s) 'example_branch_operator' retrieved from /home/airflow/.local/lib/python3.12/site-packages/airflow/example_dags/example_branch_operator.py
[2024-06-26T06:55:14.484+0000] {logging_mixin.py:188} INFO - [2024-06-26T06:55:14.483+0000] {dag.py:3096} INFO - Sync 1 DAGs
[2024-06-26T06:55:14.794+0000] {logging_mixin.py:188} INFO - [2024-06-26T06:55:14.792+0000] {dag.py:3954} INFO - Setting next_dagrun for example_branch_operator to 2024-06-25 00:00:00+00:00, run_after=2024-06-26 00:00:00+00:00
[2024-06-26T06:55:15.103+0000] {processor.py:183} INFO - Processing /home/airflow/.local/lib/python3.12/site-packages/airflow/example_dags/example_branch_operator.py took 3.067 seconds
[2024-06-26T06:56:31.360+0000] {processor.py:161} INFO - Started process (PID=1482) to work on /home/airflow/.local/lib/python3.12/site-packages/airflow/example_dags/example_branch_operator.py
[2024-06-26T06:56:31.384+0000] {processor.py:830} INFO - Processing file /home/airflow/.local/lib/python3.12/site-packages/airflow/example_dags/example_branch_operator.py for tasks to queue
[2024-06-26T06:56:31.389+0000] {logging_mixin.py:188} INFO - [2024-06-26T06:56:31.388+0000] {dagbag.py:545} INFO - Filling up the DagBag from /home/airflow/.local/lib/python3.12/site-packages/airflow/example_dags/example_branch_operator.py
[2024-06-26T06:56:31.884+0000] {processor.py:840} INFO - DAG(s) 'example_branch_operator' retrieved from /home/airflow/.local/lib/python3.12/site-packages/airflow/example_dags/example_branch_operator.py
[2024-06-26T06:56:32.385+0000] {logging_mixin.py:188} INFO - [2024-06-26T06:56:32.384+0000] {dag.py:3096} INFO - Sync 1 DAGs
[2024-06-26T06:56:32.876+0000] {logging_mixin.py:188} INFO - [2024-06-26T06:56:32.875+0000] {dag.py:3954} INFO - Setting next_dagrun for example_branch_operator to 2024-06-25 00:00:00+00:00, run_after=2024-06-26 00:00:00+00:00
[2024-06-26T06:56:33.214+0000] {processor.py:183} INFO - Processing /home/airflow/.local/lib/python3.12/site-packages/airflow/example_dags/example_branch_operator.py took 1.925 seconds
[2024-06-26T06:57:25.492+0000] {processor.py:161} INFO - Started process (PID=1549) to work on /home/airflow/.local/lib/python3.12/site-packages/airflow/example_dags/example_branch_operator.py
[2024-06-26T06:57:25.535+0000] {processor.py:830} INFO - Processing file /home/airflow/.local/lib/python3.12/site-packages/airflow/example_dags/example_branch_operator.py for tasks to queue
[2024-06-26T06:57:25.542+0000] {logging_mixin.py:188} INFO - [2024-06-26T06:57:25.540+0000] {dagbag.py:545} INFO - Filling up the DagBag from /home/airflow/.local/lib/python3.12/site-packages/airflow/example_dags/example_branch_operator.py
[2024-06-26T06:57:25.852+0000] {processor.py:840} INFO - DAG(s) 'example_branch_operator' retrieved from /home/airflow/.local/lib/python3.12/site-packages/airflow/example_dags/example_branch_operator.py
[2024-06-26T06:57:26.291+0000] {logging_mixin.py:188} INFO - [2024-06-26T06:57:26.289+0000] {dag.py:3096} INFO - Sync 1 DAGs
[2024-06-26T06:57:26.636+0000] {logging_mixin.py:188} INFO - [2024-06-26T06:57:26.634+0000] {dag.py:3954} INFO - Setting next_dagrun for example_branch_operator to 2024-06-25 00:00:00+00:00, run_after=2024-06-26 00:00:00+00:00
[2024-06-26T06:57:26.982+0000] {processor.py:183} INFO - Processing /home/airflow/.local/lib/python3.12/site-packages/airflow/example_dags/example_branch_operator.py took 1.542 seconds
[2024-06-26T06:58:25.989+0000] {processor.py:161} INFO - Started process (PID=1618) to work on /home/airflow/.local/lib/python3.12/site-packages/airflow/example_dags/example_branch_operator.py
[2024-06-26T06:58:26.028+0000] {processor.py:830} INFO - Processing file /home/airflow/.local/lib/python3.12/site-packages/airflow/example_dags/example_branch_operator.py for tasks to queue
[2024-06-26T06:58:26.041+0000] {logging_mixin.py:188} INFO - [2024-06-26T06:58:26.039+0000] {dagbag.py:545} INFO - Filling up the DagBag from /home/airflow/.local/lib/python3.12/site-packages/airflow/example_dags/example_branch_operator.py
[2024-06-26T06:58:26.305+0000] {processor.py:840} INFO - DAG(s) 'example_branch_operator' retrieved from /home/airflow/.local/lib/python3.12/site-packages/airflow/example_dags/example_branch_operator.py
[2024-06-26T06:58:26.772+0000] {logging_mixin.py:188} INFO - [2024-06-26T06:58:26.771+0000] {dag.py:3096} INFO - Sync 1 DAGs
[2024-06-26T06:58:27.249+0000] {logging_mixin.py:188} INFO - [2024-06-26T06:58:27.247+0000] {dag.py:3954} INFO - Setting next_dagrun for example_branch_operator to 2024-06-25 00:00:00+00:00, run_after=2024-06-26 00:00:00+00:00
[2024-06-26T06:58:27.531+0000] {processor.py:183} INFO - Processing /home/airflow/.local/lib/python3.12/site-packages/airflow/example_dags/example_branch_operator.py took 1.623 seconds
[2024-06-26T06:59:07.127+0000] {processor.py:161} INFO - Started process (PID=1672) to work on /home/airflow/.local/lib/python3.12/site-packages/airflow/example_dags/example_branch_operator.py
[2024-06-26T06:59:07.155+0000] {processor.py:830} INFO - Processing file /home/airflow/.local/lib/python3.12/site-packages/airflow/example_dags/example_branch_operator.py for tasks to queue
[2024-06-26T06:59:07.171+0000] {logging_mixin.py:188} INFO - [2024-06-26T06:59:07.158+0000] {dagbag.py:545} INFO - Filling up the DagBag from /home/airflow/.local/lib/python3.12/site-packages/airflow/example_dags/example_branch_operator.py
[2024-06-26T06:59:07.400+0000] {processor.py:840} INFO - DAG(s) 'example_branch_operator' retrieved from /home/airflow/.local/lib/python3.12/site-packages/airflow/example_dags/example_branch_operator.py
[2024-06-26T06:59:07.831+0000] {logging_mixin.py:188} INFO - [2024-06-26T06:59:07.829+0000] {dag.py:3096} INFO - Sync 1 DAGs
[2024-06-26T06:59:08.205+0000] {logging_mixin.py:188} INFO - [2024-06-26T06:59:08.204+0000] {dag.py:3954} INFO - Setting next_dagrun for example_branch_operator to 2024-06-25 00:00:00+00:00, run_after=2024-06-26 00:00:00+00:00
[2024-06-26T06:59:08.540+0000] {processor.py:183} INFO - Processing /home/airflow/.local/lib/python3.12/site-packages/airflow/example_dags/example_branch_operator.py took 1.461 seconds
[2024-06-26T06:59:45.597+0000] {processor.py:161} INFO - Started process (PID=1739) to work on /home/airflow/.local/lib/python3.12/site-packages/airflow/example_dags/example_branch_operator.py
[2024-06-26T06:59:45.602+0000] {processor.py:830} INFO - Processing file /home/airflow/.local/lib/python3.12/site-packages/airflow/example_dags/example_branch_operator.py for tasks to queue
[2024-06-26T06:59:45.608+0000] {logging_mixin.py:188} INFO - [2024-06-26T06:59:45.606+0000] {dagbag.py:545} INFO - Filling up the DagBag from /home/airflow/.local/lib/python3.12/site-packages/airflow/example_dags/example_branch_operator.py
[2024-06-26T06:59:45.960+0000] {processor.py:840} INFO - DAG(s) 'example_branch_operator' retrieved from /home/airflow/.local/lib/python3.12/site-packages/airflow/example_dags/example_branch_operator.py
[2024-06-26T06:59:46.440+0000] {logging_mixin.py:188} INFO - [2024-06-26T06:59:46.439+0000] {dag.py:3096} INFO - Sync 1 DAGs
[2024-06-26T06:59:46.777+0000] {logging_mixin.py:188} INFO - [2024-06-26T06:59:46.775+0000] {dag.py:3954} INFO - Setting next_dagrun for example_branch_operator to 2024-06-25 00:00:00+00:00, run_after=2024-06-26 00:00:00+00:00
[2024-06-26T06:59:47.072+0000] {processor.py:183} INFO - Processing /home/airflow/.local/lib/python3.12/site-packages/airflow/example_dags/example_branch_operator.py took 1.521 seconds
[2024-06-26T07:00:20.430+0000] {processor.py:161} INFO - Started process (PID=1802) to work on /home/airflow/.local/lib/python3.12/site-packages/airflow/example_dags/example_branch_operator.py
[2024-06-26T07:00:20.433+0000] {processor.py:830} INFO - Processing file /home/airflow/.local/lib/python3.12/site-packages/airflow/example_dags/example_branch_operator.py for tasks to queue
[2024-06-26T07:00:20.437+0000] {logging_mixin.py:188} INFO - [2024-06-26T07:00:20.436+0000] {dagbag.py:545} INFO - Filling up the DagBag from /home/airflow/.local/lib/python3.12/site-packages/airflow/example_dags/example_branch_operator.py
[2024-06-26T07:00:20.538+0000] {processor.py:840} INFO - DAG(s) 'example_branch_operator' retrieved from /home/airflow/.local/lib/python3.12/site-packages/airflow/example_dags/example_branch_operator.py
[2024-06-26T07:00:20.663+0000] {logging_mixin.py:188} INFO - [2024-06-26T07:00:20.662+0000] {dag.py:3096} INFO - Sync 1 DAGs
[2024-06-26T07:00:20.770+0000] {logging_mixin.py:188} INFO - [2024-06-26T07:00:20.768+0000] {dag.py:3954} INFO - Setting next_dagrun for example_branch_operator to 2024-06-25 00:00:00+00:00, run_after=2024-06-26 00:00:00+00:00
[2024-06-26T07:00:20.861+0000] {processor.py:183} INFO - Processing /home/airflow/.local/lib/python3.12/site-packages/airflow/example_dags/example_branch_operator.py took 0.450 seconds
[2024-06-26T07:00:51.391+0000] {processor.py:161} INFO - Started process (PID=1865) to work on /home/airflow/.local/lib/python3.12/site-packages/airflow/example_dags/example_branch_operator.py
[2024-06-26T07:00:51.394+0000] {processor.py:830} INFO - Processing file /home/airflow/.local/lib/python3.12/site-packages/airflow/example_dags/example_branch_operator.py for tasks to queue
[2024-06-26T07:00:51.396+0000] {logging_mixin.py:188} INFO - [2024-06-26T07:00:51.396+0000] {dagbag.py:545} INFO - Filling up the DagBag from /home/airflow/.local/lib/python3.12/site-packages/airflow/example_dags/example_branch_operator.py
[2024-06-26T07:00:51.446+0000] {processor.py:840} INFO - DAG(s) 'example_branch_operator' retrieved from /home/airflow/.local/lib/python3.12/site-packages/airflow/example_dags/example_branch_operator.py
[2024-06-26T07:00:51.567+0000] {logging_mixin.py:188} INFO - [2024-06-26T07:00:51.566+0000] {dag.py:3096} INFO - Sync 1 DAGs
[2024-06-26T07:00:51.665+0000] {logging_mixin.py:188} INFO - [2024-06-26T07:00:51.665+0000] {dag.py:3954} INFO - Setting next_dagrun for example_branch_operator to 2024-06-25 00:00:00+00:00, run_after=2024-06-26 00:00:00+00:00
[2024-06-26T07:00:51.737+0000] {processor.py:183} INFO - Processing /home/airflow/.local/lib/python3.12/site-packages/airflow/example_dags/example_branch_operator.py took 0.359 seconds
[2024-06-26T07:01:22.062+0000] {processor.py:161} INFO - Started process (PID=1929) to work on /home/airflow/.local/lib/python3.12/site-packages/airflow/example_dags/example_branch_operator.py
[2024-06-26T07:01:22.063+0000] {processor.py:830} INFO - Processing file /home/airflow/.local/lib/python3.12/site-packages/airflow/example_dags/example_branch_operator.py for tasks to queue
[2024-06-26T07:01:22.065+0000] {logging_mixin.py:188} INFO - [2024-06-26T07:01:22.064+0000] {dagbag.py:545} INFO - Filling up the DagBag from /home/airflow/.local/lib/python3.12/site-packages/airflow/example_dags/example_branch_operator.py
[2024-06-26T07:01:22.089+0000] {processor.py:840} INFO - DAG(s) 'example_branch_operator' retrieved from /home/airflow/.local/lib/python3.12/site-packages/airflow/example_dags/example_branch_operator.py
[2024-06-26T07:01:22.131+0000] {logging_mixin.py:188} INFO - [2024-06-26T07:01:22.131+0000] {dag.py:3096} INFO - Sync 1 DAGs
[2024-06-26T07:01:22.168+0000] {logging_mixin.py:188} INFO - [2024-06-26T07:01:22.168+0000] {dag.py:3954} INFO - Setting next_dagrun for example_branch_operator to 2024-06-25 00:00:00+00:00, run_after=2024-06-26 00:00:00+00:00
[2024-06-26T07:01:22.208+0000] {processor.py:183} INFO - Processing /home/airflow/.local/lib/python3.12/site-packages/airflow/example_dags/example_branch_operator.py took 0.154 seconds
[2024-06-26T07:01:52.344+0000] {processor.py:161} INFO - Started process (PID=1991) to work on /home/airflow/.local/lib/python3.12/site-packages/airflow/example_dags/example_branch_operator.py
[2024-06-26T07:01:52.347+0000] {processor.py:830} INFO - Processing file /home/airflow/.local/lib/python3.12/site-packages/airflow/example_dags/example_branch_operator.py for tasks to queue
[2024-06-26T07:01:52.350+0000] {logging_mixin.py:188} INFO - [2024-06-26T07:01:52.349+0000] {dagbag.py:545} INFO - Filling up the DagBag from /home/airflow/.local/lib/python3.12/site-packages/airflow/example_dags/example_branch_operator.py
[2024-06-26T07:01:52.389+0000] {processor.py:840} INFO - DAG(s) 'example_branch_operator' retrieved from /home/airflow/.local/lib/python3.12/site-packages/airflow/example_dags/example_branch_operator.py
[2024-06-26T07:01:52.472+0000] {logging_mixin.py:188} INFO - [2024-06-26T07:01:52.472+0000] {dag.py:3096} INFO - Sync 1 DAGs
[2024-06-26T07:01:52.541+0000] {logging_mixin.py:188} INFO - [2024-06-26T07:01:52.540+0000] {dag.py:3954} INFO - Setting next_dagrun for example_branch_operator to 2024-06-25 00:00:00+00:00, run_after=2024-06-26 00:00:00+00:00
[2024-06-26T07:01:52.859+0000] {processor.py:183} INFO - Processing /home/airflow/.local/lib/python3.12/site-packages/airflow/example_dags/example_branch_operator.py took 0.529 seconds
[2024-06-26T07:02:23.800+0000] {processor.py:161} INFO - Started process (PID=2055) to work on /home/airflow/.local/lib/python3.12/site-packages/airflow/example_dags/example_branch_operator.py
[2024-06-26T07:02:23.801+0000] {processor.py:830} INFO - Processing file /home/airflow/.local/lib/python3.12/site-packages/airflow/example_dags/example_branch_operator.py for tasks to queue
[2024-06-26T07:02:23.802+0000] {logging_mixin.py:188} INFO - [2024-06-26T07:02:23.802+0000] {dagbag.py:545} INFO - Filling up the DagBag from /home/airflow/.local/lib/python3.12/site-packages/airflow/example_dags/example_branch_operator.py
[2024-06-26T07:02:23.815+0000] {processor.py:840} INFO - DAG(s) 'example_branch_operator' retrieved from /home/airflow/.local/lib/python3.12/site-packages/airflow/example_dags/example_branch_operator.py
[2024-06-26T07:02:23.840+0000] {logging_mixin.py:188} INFO - [2024-06-26T07:02:23.840+0000] {dag.py:3096} INFO - Sync 1 DAGs
[2024-06-26T07:02:23.859+0000] {logging_mixin.py:188} INFO - [2024-06-26T07:02:23.859+0000] {dag.py:3954} INFO - Setting next_dagrun for example_branch_operator to 2024-06-25 00:00:00+00:00, run_after=2024-06-26 00:00:00+00:00
[2024-06-26T07:02:23.880+0000] {processor.py:183} INFO - Processing /home/airflow/.local/lib/python3.12/site-packages/airflow/example_dags/example_branch_operator.py took 0.085 seconds
[2024-06-26T07:02:54.012+0000] {processor.py:161} INFO - Started process (PID=2118) to work on /home/airflow/.local/lib/python3.12/site-packages/airflow/example_dags/example_branch_operator.py
[2024-06-26T07:02:54.013+0000] {processor.py:830} INFO - Processing file /home/airflow/.local/lib/python3.12/site-packages/airflow/example_dags/example_branch_operator.py for tasks to queue
[2024-06-26T07:02:54.014+0000] {logging_mixin.py:188} INFO - [2024-06-26T07:02:54.014+0000] {dagbag.py:545} INFO - Filling up the DagBag from /home/airflow/.local/lib/python3.12/site-packages/airflow/example_dags/example_branch_operator.py
[2024-06-26T07:02:54.029+0000] {processor.py:840} INFO - DAG(s) 'example_branch_operator' retrieved from /home/airflow/.local/lib/python3.12/site-packages/airflow/example_dags/example_branch_operator.py
[2024-06-26T07:02:54.054+0000] {logging_mixin.py:188} INFO - [2024-06-26T07:02:54.054+0000] {dag.py:3096} INFO - Sync 1 DAGs
[2024-06-26T07:02:54.071+0000] {logging_mixin.py:188} INFO - [2024-06-26T07:02:54.070+0000] {dag.py:3954} INFO - Setting next_dagrun for example_branch_operator to 2024-06-25 00:00:00+00:00, run_after=2024-06-26 00:00:00+00:00
[2024-06-26T07:02:54.089+0000] {processor.py:183} INFO - Processing /home/airflow/.local/lib/python3.12/site-packages/airflow/example_dags/example_branch_operator.py took 0.081 seconds
[2024-06-26T07:03:24.178+0000] {processor.py:161} INFO - Started process (PID=2182) to work on /home/airflow/.local/lib/python3.12/site-packages/airflow/example_dags/example_branch_operator.py
[2024-06-26T07:03:24.180+0000] {processor.py:830} INFO - Processing file /home/airflow/.local/lib/python3.12/site-packages/airflow/example_dags/example_branch_operator.py for tasks to queue
[2024-06-26T07:03:24.181+0000] {logging_mixin.py:188} INFO - [2024-06-26T07:03:24.181+0000] {dagbag.py:545} INFO - Filling up the DagBag from /home/airflow/.local/lib/python3.12/site-packages/airflow/example_dags/example_branch_operator.py
[2024-06-26T07:03:24.194+0000] {processor.py:840} INFO - DAG(s) 'example_branch_operator' retrieved from /home/airflow/.local/lib/python3.12/site-packages/airflow/example_dags/example_branch_operator.py
[2024-06-26T07:03:24.231+0000] {logging_mixin.py:188} INFO - [2024-06-26T07:03:24.230+0000] {dag.py:3096} INFO - Sync 1 DAGs
[2024-06-26T07:03:24.257+0000] {logging_mixin.py:188} INFO - [2024-06-26T07:03:24.257+0000] {dag.py:3954} INFO - Setting next_dagrun for example_branch_operator to 2024-06-25 00:00:00+00:00, run_after=2024-06-26 00:00:00+00:00
[2024-06-26T07:03:24.278+0000] {processor.py:183} INFO - Processing /home/airflow/.local/lib/python3.12/site-packages/airflow/example_dags/example_branch_operator.py took 0.105 seconds
[2024-06-26T07:03:54.362+0000] {processor.py:161} INFO - Started process (PID=2248) to work on /home/airflow/.local/lib/python3.12/site-packages/airflow/example_dags/example_branch_operator.py
[2024-06-26T07:03:54.364+0000] {processor.py:830} INFO - Processing file /home/airflow/.local/lib/python3.12/site-packages/airflow/example_dags/example_branch_operator.py for tasks to queue
[2024-06-26T07:03:54.366+0000] {logging_mixin.py:188} INFO - [2024-06-26T07:03:54.365+0000] {dagbag.py:545} INFO - Filling up the DagBag from /home/airflow/.local/lib/python3.12/site-packages/airflow/example_dags/example_branch_operator.py
[2024-06-26T07:03:54.392+0000] {processor.py:840} INFO - DAG(s) 'example_branch_operator' retrieved from /home/airflow/.local/lib/python3.12/site-packages/airflow/example_dags/example_branch_operator.py
[2024-06-26T07:03:54.613+0000] {logging_mixin.py:188} INFO - [2024-06-26T07:03:54.612+0000] {dag.py:3096} INFO - Sync 1 DAGs
[2024-06-26T07:03:54.644+0000] {logging_mixin.py:188} INFO - [2024-06-26T07:03:54.644+0000] {dag.py:3954} INFO - Setting next_dagrun for example_branch_operator to 2024-06-25 00:00:00+00:00, run_after=2024-06-26 00:00:00+00:00
[2024-06-26T07:03:54.675+0000] {processor.py:183} INFO - Processing /home/airflow/.local/lib/python3.12/site-packages/airflow/example_dags/example_branch_operator.py took 0.322 seconds
[2024-06-26T07:04:25.060+0000] {processor.py:161} INFO - Started process (PID=2311) to work on /home/airflow/.local/lib/python3.12/site-packages/airflow/example_dags/example_branch_operator.py
[2024-06-26T07:04:25.062+0000] {processor.py:830} INFO - Processing file /home/airflow/.local/lib/python3.12/site-packages/airflow/example_dags/example_branch_operator.py for tasks to queue
[2024-06-26T07:04:25.063+0000] {logging_mixin.py:188} INFO - [2024-06-26T07:04:25.063+0000] {dagbag.py:545} INFO - Filling up the DagBag from /home/airflow/.local/lib/python3.12/site-packages/airflow/example_dags/example_branch_operator.py
[2024-06-26T07:04:25.091+0000] {processor.py:840} INFO - DAG(s) 'example_branch_operator' retrieved from /home/airflow/.local/lib/python3.12/site-packages/airflow/example_dags/example_branch_operator.py
[2024-06-26T07:04:25.144+0000] {logging_mixin.py:188} INFO - [2024-06-26T07:04:25.143+0000] {dag.py:3096} INFO - Sync 1 DAGs
[2024-06-26T07:04:25.369+0000] {logging_mixin.py:188} INFO - [2024-06-26T07:04:25.369+0000] {dag.py:3954} INFO - Setting next_dagrun for example_branch_operator to 2024-06-25 00:00:00+00:00, run_after=2024-06-26 00:00:00+00:00
[2024-06-26T07:04:25.406+0000] {processor.py:183} INFO - Processing /home/airflow/.local/lib/python3.12/site-packages/airflow/example_dags/example_branch_operator.py took 0.357 seconds
[2024-06-26T07:04:55.632+0000] {processor.py:161} INFO - Started process (PID=2374) to work on /home/airflow/.local/lib/python3.12/site-packages/airflow/example_dags/example_branch_operator.py
[2024-06-26T07:04:55.633+0000] {processor.py:830} INFO - Processing file /home/airflow/.local/lib/python3.12/site-packages/airflow/example_dags/example_branch_operator.py for tasks to queue
[2024-06-26T07:04:55.634+0000] {logging_mixin.py:188} INFO - [2024-06-26T07:04:55.633+0000] {dagbag.py:545} INFO - Filling up the DagBag from /home/airflow/.local/lib/python3.12/site-packages/airflow/example_dags/example_branch_operator.py
[2024-06-26T07:04:55.648+0000] {processor.py:840} INFO - DAG(s) 'example_branch_operator' retrieved from /home/airflow/.local/lib/python3.12/site-packages/airflow/example_dags/example_branch_operator.py
[2024-06-26T07:04:55.677+0000] {logging_mixin.py:188} INFO - [2024-06-26T07:04:55.677+0000] {dag.py:3096} INFO - Sync 1 DAGs
[2024-06-26T07:04:55.699+0000] {logging_mixin.py:188} INFO - [2024-06-26T07:04:55.698+0000] {dag.py:3954} INFO - Setting next_dagrun for example_branch_operator to 2024-06-25 00:00:00+00:00, run_after=2024-06-26 00:00:00+00:00
[2024-06-26T07:04:55.721+0000] {processor.py:183} INFO - Processing /home/airflow/.local/lib/python3.12/site-packages/airflow/example_dags/example_branch_operator.py took 0.094 seconds
[2024-06-26T07:05:26.222+0000] {processor.py:161} INFO - Started process (PID=2440) to work on /home/airflow/.local/lib/python3.12/site-packages/airflow/example_dags/example_branch_operator.py
[2024-06-26T07:05:26.224+0000] {processor.py:830} INFO - Processing file /home/airflow/.local/lib/python3.12/site-packages/airflow/example_dags/example_branch_operator.py for tasks to queue
[2024-06-26T07:05:26.228+0000] {logging_mixin.py:188} INFO - [2024-06-26T07:05:26.227+0000] {dagbag.py:545} INFO - Filling up the DagBag from /home/airflow/.local/lib/python3.12/site-packages/airflow/example_dags/example_branch_operator.py
[2024-06-26T07:05:26.289+0000] {processor.py:840} INFO - DAG(s) 'example_branch_operator' retrieved from /home/airflow/.local/lib/python3.12/site-packages/airflow/example_dags/example_branch_operator.py
[2024-06-26T07:05:26.384+0000] {logging_mixin.py:188} INFO - [2024-06-26T07:05:26.384+0000] {dag.py:3096} INFO - Sync 1 DAGs
[2024-06-26T07:05:26.441+0000] {logging_mixin.py:188} INFO - [2024-06-26T07:05:26.441+0000] {dag.py:3954} INFO - Setting next_dagrun for example_branch_operator to 2024-06-25 00:00:00+00:00, run_after=2024-06-26 00:00:00+00:00
[2024-06-26T07:05:26.500+0000] {processor.py:183} INFO - Processing /home/airflow/.local/lib/python3.12/site-packages/airflow/example_dags/example_branch_operator.py took 0.297 seconds
[2024-06-26T07:05:56.604+0000] {processor.py:161} INFO - Started process (PID=2504) to work on /home/airflow/.local/lib/python3.12/site-packages/airflow/example_dags/example_branch_operator.py
[2024-06-26T07:05:56.606+0000] {processor.py:830} INFO - Processing file /home/airflow/.local/lib/python3.12/site-packages/airflow/example_dags/example_branch_operator.py for tasks to queue
[2024-06-26T07:05:56.608+0000] {logging_mixin.py:188} INFO - [2024-06-26T07:05:56.608+0000] {dagbag.py:545} INFO - Filling up the DagBag from /home/airflow/.local/lib/python3.12/site-packages/airflow/example_dags/example_branch_operator.py
[2024-06-26T07:05:56.637+0000] {processor.py:840} INFO - DAG(s) 'example_branch_operator' retrieved from /home/airflow/.local/lib/python3.12/site-packages/airflow/example_dags/example_branch_operator.py
[2024-06-26T07:05:56.684+0000] {logging_mixin.py:188} INFO - [2024-06-26T07:05:56.683+0000] {dag.py:3096} INFO - Sync 1 DAGs
[2024-06-26T07:05:56.718+0000] {logging_mixin.py:188} INFO - [2024-06-26T07:05:56.718+0000] {dag.py:3954} INFO - Setting next_dagrun for example_branch_operator to 2024-06-25 00:00:00+00:00, run_after=2024-06-26 00:00:00+00:00
[2024-06-26T07:05:56.750+0000] {processor.py:183} INFO - Processing /home/airflow/.local/lib/python3.12/site-packages/airflow/example_dags/example_branch_operator.py took 0.155 seconds
[2024-06-26T07:06:27.470+0000] {processor.py:161} INFO - Started process (PID=2566) to work on /home/airflow/.local/lib/python3.12/site-packages/airflow/example_dags/example_branch_operator.py
[2024-06-26T07:06:27.471+0000] {processor.py:830} INFO - Processing file /home/airflow/.local/lib/python3.12/site-packages/airflow/example_dags/example_branch_operator.py for tasks to queue
[2024-06-26T07:06:27.471+0000] {logging_mixin.py:188} INFO - [2024-06-26T07:06:27.471+0000] {dagbag.py:545} INFO - Filling up the DagBag from /home/airflow/.local/lib/python3.12/site-packages/airflow/example_dags/example_branch_operator.py
[2024-06-26T07:06:27.485+0000] {processor.py:840} INFO - DAG(s) 'example_branch_operator' retrieved from /home/airflow/.local/lib/python3.12/site-packages/airflow/example_dags/example_branch_operator.py
[2024-06-26T07:06:27.508+0000] {logging_mixin.py:188} INFO - [2024-06-26T07:06:27.508+0000] {dag.py:3096} INFO - Sync 1 DAGs
[2024-06-26T07:06:27.529+0000] {logging_mixin.py:188} INFO - [2024-06-26T07:06:27.529+0000] {dag.py:3954} INFO - Setting next_dagrun for example_branch_operator to 2024-06-25 00:00:00+00:00, run_after=2024-06-26 00:00:00+00:00
[2024-06-26T07:06:27.547+0000] {processor.py:183} INFO - Processing /home/airflow/.local/lib/python3.12/site-packages/airflow/example_dags/example_branch_operator.py took 0.082 seconds
[2024-06-26T07:06:58.025+0000] {processor.py:161} INFO - Started process (PID=2628) to work on /home/airflow/.local/lib/python3.12/site-packages/airflow/example_dags/example_branch_operator.py
[2024-06-26T07:06:58.029+0000] {processor.py:830} INFO - Processing file /home/airflow/.local/lib/python3.12/site-packages/airflow/example_dags/example_branch_operator.py for tasks to queue
[2024-06-26T07:06:58.033+0000] {logging_mixin.py:188} INFO - [2024-06-26T07:06:58.032+0000] {dagbag.py:545} INFO - Filling up the DagBag from /home/airflow/.local/lib/python3.12/site-packages/airflow/example_dags/example_branch_operator.py
[2024-06-26T07:06:58.208+0000] {processor.py:840} INFO - DAG(s) 'example_branch_operator' retrieved from /home/airflow/.local/lib/python3.12/site-packages/airflow/example_dags/example_branch_operator.py
[2024-06-26T07:06:58.405+0000] {logging_mixin.py:188} INFO - [2024-06-26T07:06:58.404+0000] {dag.py:3096} INFO - Sync 1 DAGs
[2024-06-26T07:06:58.679+0000] {logging_mixin.py:188} INFO - [2024-06-26T07:06:58.678+0000] {dag.py:3954} INFO - Setting next_dagrun for example_branch_operator to 2024-06-25 00:00:00+00:00, run_after=2024-06-26 00:00:00+00:00
[2024-06-26T07:06:58.927+0000] {processor.py:183} INFO - Processing /home/airflow/.local/lib/python3.12/site-packages/airflow/example_dags/example_branch_operator.py took 0.929 seconds
[2024-06-26T07:07:29.107+0000] {processor.py:161} INFO - Started process (PID=2688) to work on /home/airflow/.local/lib/python3.12/site-packages/airflow/example_dags/example_branch_operator.py
[2024-06-26T07:07:29.109+0000] {processor.py:830} INFO - Processing file /home/airflow/.local/lib/python3.12/site-packages/airflow/example_dags/example_branch_operator.py for tasks to queue
[2024-06-26T07:07:29.110+0000] {logging_mixin.py:188} INFO - [2024-06-26T07:07:29.110+0000] {dagbag.py:545} INFO - Filling up the DagBag from /home/airflow/.local/lib/python3.12/site-packages/airflow/example_dags/example_branch_operator.py
[2024-06-26T07:07:29.126+0000] {processor.py:840} INFO - DAG(s) 'example_branch_operator' retrieved from /home/airflow/.local/lib/python3.12/site-packages/airflow/example_dags/example_branch_operator.py
[2024-06-26T07:07:29.159+0000] {logging_mixin.py:188} INFO - [2024-06-26T07:07:29.158+0000] {dag.py:3096} INFO - Sync 1 DAGs
[2024-06-26T07:07:29.182+0000] {logging_mixin.py:188} INFO - [2024-06-26T07:07:29.181+0000] {dag.py:3954} INFO - Setting next_dagrun for example_branch_operator to 2024-06-25 00:00:00+00:00, run_after=2024-06-26 00:00:00+00:00
[2024-06-26T07:07:29.204+0000] {processor.py:183} INFO - Processing /home/airflow/.local/lib/python3.12/site-packages/airflow/example_dags/example_branch_operator.py took 0.102 seconds
[2024-06-26T07:08:04.042+0000] {processor.py:161} INFO - Started process (PID=2744) to work on /home/airflow/.local/lib/python3.12/site-packages/airflow/example_dags/example_branch_operator.py
[2024-06-26T07:08:04.049+0000] {processor.py:830} INFO - Processing file /home/airflow/.local/lib/python3.12/site-packages/airflow/example_dags/example_branch_operator.py for tasks to queue
[2024-06-26T07:08:04.055+0000] {logging_mixin.py:188} INFO - [2024-06-26T07:08:04.053+0000] {dagbag.py:545} INFO - Filling up the DagBag from /home/airflow/.local/lib/python3.12/site-packages/airflow/example_dags/example_branch_operator.py
[2024-06-26T07:08:04.163+0000] {processor.py:840} INFO - DAG(s) 'example_branch_operator' retrieved from /home/airflow/.local/lib/python3.12/site-packages/airflow/example_dags/example_branch_operator.py
[2024-06-26T07:08:04.415+0000] {logging_mixin.py:188} INFO - [2024-06-26T07:08:04.413+0000] {dag.py:3096} INFO - Sync 1 DAGs
[2024-06-26T07:08:04.566+0000] {logging_mixin.py:188} INFO - [2024-06-26T07:08:04.565+0000] {dag.py:3954} INFO - Setting next_dagrun for example_branch_operator to 2024-06-25 00:00:00+00:00, run_after=2024-06-26 00:00:00+00:00
[2024-06-26T07:08:04.717+0000] {processor.py:183} INFO - Processing /home/airflow/.local/lib/python3.12/site-packages/airflow/example_dags/example_branch_operator.py took 0.699 seconds
[2024-06-26T07:08:35.608+0000] {processor.py:161} INFO - Started process (PID=2806) to work on /home/airflow/.local/lib/python3.12/site-packages/airflow/example_dags/example_branch_operator.py
[2024-06-26T07:08:35.610+0000] {processor.py:830} INFO - Processing file /home/airflow/.local/lib/python3.12/site-packages/airflow/example_dags/example_branch_operator.py for tasks to queue
[2024-06-26T07:08:35.613+0000] {logging_mixin.py:188} INFO - [2024-06-26T07:08:35.612+0000] {dagbag.py:545} INFO - Filling up the DagBag from /home/airflow/.local/lib/python3.12/site-packages/airflow/example_dags/example_branch_operator.py
[2024-06-26T07:08:35.657+0000] {processor.py:840} INFO - DAG(s) 'example_branch_operator' retrieved from /home/airflow/.local/lib/python3.12/site-packages/airflow/example_dags/example_branch_operator.py
[2024-06-26T07:08:35.724+0000] {logging_mixin.py:188} INFO - [2024-06-26T07:08:35.723+0000] {dag.py:3096} INFO - Sync 1 DAGs
[2024-06-26T07:08:35.783+0000] {logging_mixin.py:188} INFO - [2024-06-26T07:08:35.782+0000] {dag.py:3954} INFO - Setting next_dagrun for example_branch_operator to 2024-06-25 00:00:00+00:00, run_after=2024-06-26 00:00:00+00:00
[2024-06-26T07:08:35.833+0000] {processor.py:183} INFO - Processing /home/airflow/.local/lib/python3.12/site-packages/airflow/example_dags/example_branch_operator.py took 0.239 seconds
[2024-06-26T07:09:13.955+0000] {processor.py:161} INFO - Started process (PID=2868) to work on /home/airflow/.local/lib/python3.12/site-packages/airflow/example_dags/example_branch_operator.py
[2024-06-26T07:09:13.972+0000] {processor.py:830} INFO - Processing file /home/airflow/.local/lib/python3.12/site-packages/airflow/example_dags/example_branch_operator.py for tasks to queue
[2024-06-26T07:09:13.975+0000] {logging_mixin.py:188} INFO - [2024-06-26T07:09:13.974+0000] {dagbag.py:545} INFO - Filling up the DagBag from /home/airflow/.local/lib/python3.12/site-packages/airflow/example_dags/example_branch_operator.py
[2024-06-26T07:09:14.049+0000] {processor.py:840} INFO - DAG(s) 'example_branch_operator' retrieved from /home/airflow/.local/lib/python3.12/site-packages/airflow/example_dags/example_branch_operator.py
[2024-06-26T07:09:14.289+0000] {logging_mixin.py:188} INFO - [2024-06-26T07:09:14.289+0000] {dag.py:3096} INFO - Sync 1 DAGs
[2024-06-26T07:09:14.448+0000] {logging_mixin.py:188} INFO - [2024-06-26T07:09:14.447+0000] {dag.py:3954} INFO - Setting next_dagrun for example_branch_operator to 2024-06-25 00:00:00+00:00, run_after=2024-06-26 00:00:00+00:00
[2024-06-26T07:09:14.652+0000] {processor.py:183} INFO - Processing /home/airflow/.local/lib/python3.12/site-packages/airflow/example_dags/example_branch_operator.py took 0.733 seconds
[2024-06-26T07:10:28.385+0000] {processor.py:161} INFO - Started process (PID=2943) to work on /home/airflow/.local/lib/python3.12/site-packages/airflow/example_dags/example_branch_operator.py
[2024-06-26T07:10:28.393+0000] {processor.py:830} INFO - Processing file /home/airflow/.local/lib/python3.12/site-packages/airflow/example_dags/example_branch_operator.py for tasks to queue
[2024-06-26T07:10:28.416+0000] {logging_mixin.py:188} INFO - [2024-06-26T07:10:28.402+0000] {dagbag.py:545} INFO - Filling up the DagBag from /home/airflow/.local/lib/python3.12/site-packages/airflow/example_dags/example_branch_operator.py
[2024-06-26T07:10:28.645+0000] {processor.py:840} INFO - DAG(s) 'example_branch_operator' retrieved from /home/airflow/.local/lib/python3.12/site-packages/airflow/example_dags/example_branch_operator.py
[2024-06-26T07:10:29.106+0000] {logging_mixin.py:188} INFO - [2024-06-26T07:10:29.105+0000] {dag.py:3096} INFO - Sync 1 DAGs
[2024-06-26T07:10:29.593+0000] {logging_mixin.py:188} INFO - [2024-06-26T07:10:29.589+0000] {dag.py:3954} INFO - Setting next_dagrun for example_branch_operator to 2024-06-25 00:00:00+00:00, run_after=2024-06-26 00:00:00+00:00
[2024-06-26T07:10:29.996+0000] {processor.py:183} INFO - Processing /home/airflow/.local/lib/python3.12/site-packages/airflow/example_dags/example_branch_operator.py took 1.691 seconds
[2024-06-26T07:11:00.518+0000] {processor.py:161} INFO - Started process (PID=3006) to work on /home/airflow/.local/lib/python3.12/site-packages/airflow/example_dags/example_branch_operator.py
[2024-06-26T07:11:00.521+0000] {processor.py:830} INFO - Processing file /home/airflow/.local/lib/python3.12/site-packages/airflow/example_dags/example_branch_operator.py for tasks to queue
[2024-06-26T07:11:00.526+0000] {logging_mixin.py:188} INFO - [2024-06-26T07:11:00.524+0000] {dagbag.py:545} INFO - Filling up the DagBag from /home/airflow/.local/lib/python3.12/site-packages/airflow/example_dags/example_branch_operator.py
[2024-06-26T07:11:00.600+0000] {processor.py:840} INFO - DAG(s) 'example_branch_operator' retrieved from /home/airflow/.local/lib/python3.12/site-packages/airflow/example_dags/example_branch_operator.py
[2024-06-26T07:11:00.731+0000] {logging_mixin.py:188} INFO - [2024-06-26T07:11:00.730+0000] {dag.py:3096} INFO - Sync 1 DAGs
[2024-06-26T07:11:00.849+0000] {logging_mixin.py:188} INFO - [2024-06-26T07:11:00.848+0000] {dag.py:3954} INFO - Setting next_dagrun for example_branch_operator to 2024-06-25 00:00:00+00:00, run_after=2024-06-26 00:00:00+00:00
[2024-06-26T07:11:00.967+0000] {processor.py:183} INFO - Processing /home/airflow/.local/lib/python3.12/site-packages/airflow/example_dags/example_branch_operator.py took 0.469 seconds
[2024-06-26T07:11:31.822+0000] {processor.py:161} INFO - Started process (PID=3069) to work on /home/airflow/.local/lib/python3.12/site-packages/airflow/example_dags/example_branch_operator.py
[2024-06-26T07:11:31.825+0000] {processor.py:830} INFO - Processing file /home/airflow/.local/lib/python3.12/site-packages/airflow/example_dags/example_branch_operator.py for tasks to queue
[2024-06-26T07:11:31.829+0000] {logging_mixin.py:188} INFO - [2024-06-26T07:11:31.828+0000] {dagbag.py:545} INFO - Filling up the DagBag from /home/airflow/.local/lib/python3.12/site-packages/airflow/example_dags/example_branch_operator.py
[2024-06-26T07:11:31.893+0000] {processor.py:840} INFO - DAG(s) 'example_branch_operator' retrieved from /home/airflow/.local/lib/python3.12/site-packages/airflow/example_dags/example_branch_operator.py
[2024-06-26T07:11:32.003+0000] {logging_mixin.py:188} INFO - [2024-06-26T07:11:32.003+0000] {dag.py:3096} INFO - Sync 1 DAGs
[2024-06-26T07:11:32.099+0000] {logging_mixin.py:188} INFO - [2024-06-26T07:11:32.098+0000] {dag.py:3954} INFO - Setting next_dagrun for example_branch_operator to 2024-06-25 00:00:00+00:00, run_after=2024-06-26 00:00:00+00:00
[2024-06-26T07:11:32.166+0000] {processor.py:183} INFO - Processing /home/airflow/.local/lib/python3.12/site-packages/airflow/example_dags/example_branch_operator.py took 0.378 seconds
[2024-06-26T07:12:02.520+0000] {processor.py:161} INFO - Started process (PID=3132) to work on /home/airflow/.local/lib/python3.12/site-packages/airflow/example_dags/example_branch_operator.py
[2024-06-26T07:12:02.524+0000] {processor.py:830} INFO - Processing file /home/airflow/.local/lib/python3.12/site-packages/airflow/example_dags/example_branch_operator.py for tasks to queue
[2024-06-26T07:12:02.526+0000] {logging_mixin.py:188} INFO - [2024-06-26T07:12:02.525+0000] {dagbag.py:545} INFO - Filling up the DagBag from /home/airflow/.local/lib/python3.12/site-packages/airflow/example_dags/example_branch_operator.py
[2024-06-26T07:12:02.567+0000] {processor.py:840} INFO - DAG(s) 'example_branch_operator' retrieved from /home/airflow/.local/lib/python3.12/site-packages/airflow/example_dags/example_branch_operator.py
[2024-06-26T07:12:02.655+0000] {logging_mixin.py:188} INFO - [2024-06-26T07:12:02.655+0000] {dag.py:3096} INFO - Sync 1 DAGs
[2024-06-26T07:12:02.719+0000] {logging_mixin.py:188} INFO - [2024-06-26T07:12:02.719+0000] {dag.py:3954} INFO - Setting next_dagrun for example_branch_operator to 2024-06-25 00:00:00+00:00, run_after=2024-06-26 00:00:00+00:00
[2024-06-26T07:12:02.766+0000] {processor.py:183} INFO - Processing /home/airflow/.local/lib/python3.12/site-packages/airflow/example_dags/example_branch_operator.py took 0.261 seconds
[2024-06-26T07:12:52.662+0000] {processor.py:161} INFO - Started process (PID=3190) to work on /home/airflow/.local/lib/python3.12/site-packages/airflow/example_dags/example_branch_operator.py
[2024-06-26T07:12:52.693+0000] {processor.py:830} INFO - Processing file /home/airflow/.local/lib/python3.12/site-packages/airflow/example_dags/example_branch_operator.py for tasks to queue
[2024-06-26T07:12:52.749+0000] {logging_mixin.py:188} INFO - [2024-06-26T07:12:52.746+0000] {dagbag.py:545} INFO - Filling up the DagBag from /home/airflow/.local/lib/python3.12/site-packages/airflow/example_dags/example_branch_operator.py
[2024-06-26T07:12:52.928+0000] {processor.py:840} INFO - DAG(s) 'example_branch_operator' retrieved from /home/airflow/.local/lib/python3.12/site-packages/airflow/example_dags/example_branch_operator.py
[2024-06-26T07:12:53.326+0000] {logging_mixin.py:188} INFO - [2024-06-26T07:12:53.325+0000] {dag.py:3096} INFO - Sync 1 DAGs
[2024-06-26T07:12:53.602+0000] {logging_mixin.py:188} INFO - [2024-06-26T07:12:53.601+0000] {dag.py:3954} INFO - Setting next_dagrun for example_branch_operator to 2024-06-25 00:00:00+00:00, run_after=2024-06-26 00:00:00+00:00
[2024-06-26T07:12:53.898+0000] {processor.py:183} INFO - Processing /home/airflow/.local/lib/python3.12/site-packages/airflow/example_dags/example_branch_operator.py took 1.306 seconds
[2024-06-26T07:13:27.002+0000] {processor.py:161} INFO - Started process (PID=3252) to work on /home/airflow/.local/lib/python3.12/site-packages/airflow/example_dags/example_branch_operator.py
[2024-06-26T07:13:27.007+0000] {processor.py:830} INFO - Processing file /home/airflow/.local/lib/python3.12/site-packages/airflow/example_dags/example_branch_operator.py for tasks to queue
[2024-06-26T07:13:27.012+0000] {logging_mixin.py:188} INFO - [2024-06-26T07:13:27.011+0000] {dagbag.py:545} INFO - Filling up the DagBag from /home/airflow/.local/lib/python3.12/site-packages/airflow/example_dags/example_branch_operator.py
[2024-06-26T07:13:27.123+0000] {processor.py:840} INFO - DAG(s) 'example_branch_operator' retrieved from /home/airflow/.local/lib/python3.12/site-packages/airflow/example_dags/example_branch_operator.py
[2024-06-26T07:13:27.574+0000] {logging_mixin.py:188} INFO - [2024-06-26T07:13:27.573+0000] {dag.py:3096} INFO - Sync 1 DAGs
[2024-06-26T07:13:27.928+0000] {logging_mixin.py:188} INFO - [2024-06-26T07:13:27.927+0000] {dag.py:3954} INFO - Setting next_dagrun for example_branch_operator to 2024-06-25 00:00:00+00:00, run_after=2024-06-26 00:00:00+00:00
[2024-06-26T07:13:28.087+0000] {processor.py:183} INFO - Processing /home/airflow/.local/lib/python3.12/site-packages/airflow/example_dags/example_branch_operator.py took 1.115 seconds
[2024-06-26T07:14:00.686+0000] {processor.py:161} INFO - Started process (PID=3315) to work on /home/airflow/.local/lib/python3.12/site-packages/airflow/example_dags/example_branch_operator.py
[2024-06-26T07:14:00.690+0000] {processor.py:830} INFO - Processing file /home/airflow/.local/lib/python3.12/site-packages/airflow/example_dags/example_branch_operator.py for tasks to queue
[2024-06-26T07:14:00.693+0000] {logging_mixin.py:188} INFO - [2024-06-26T07:14:00.692+0000] {dagbag.py:545} INFO - Filling up the DagBag from /home/airflow/.local/lib/python3.12/site-packages/airflow/example_dags/example_branch_operator.py
[2024-06-26T07:14:00.763+0000] {processor.py:840} INFO - DAG(s) 'example_branch_operator' retrieved from /home/airflow/.local/lib/python3.12/site-packages/airflow/example_dags/example_branch_operator.py
[2024-06-26T07:14:00.917+0000] {logging_mixin.py:188} INFO - [2024-06-26T07:14:00.916+0000] {dag.py:3096} INFO - Sync 1 DAGs
[2024-06-26T07:14:01.056+0000] {logging_mixin.py:188} INFO - [2024-06-26T07:14:01.055+0000] {dag.py:3954} INFO - Setting next_dagrun for example_branch_operator to 2024-06-25 00:00:00+00:00, run_after=2024-06-26 00:00:00+00:00
[2024-06-26T07:14:01.134+0000] {processor.py:183} INFO - Processing /home/airflow/.local/lib/python3.12/site-packages/airflow/example_dags/example_branch_operator.py took 0.466 seconds
[2024-06-26T07:14:31.783+0000] {processor.py:161} INFO - Started process (PID=3378) to work on /home/airflow/.local/lib/python3.12/site-packages/airflow/example_dags/example_branch_operator.py
[2024-06-26T07:14:31.786+0000] {processor.py:830} INFO - Processing file /home/airflow/.local/lib/python3.12/site-packages/airflow/example_dags/example_branch_operator.py for tasks to queue
[2024-06-26T07:14:31.791+0000] {logging_mixin.py:188} INFO - [2024-06-26T07:14:31.789+0000] {dagbag.py:545} INFO - Filling up the DagBag from /home/airflow/.local/lib/python3.12/site-packages/airflow/example_dags/example_branch_operator.py
[2024-06-26T07:14:31.850+0000] {processor.py:840} INFO - DAG(s) 'example_branch_operator' retrieved from /home/airflow/.local/lib/python3.12/site-packages/airflow/example_dags/example_branch_operator.py
[2024-06-26T07:14:31.952+0000] {logging_mixin.py:188} INFO - [2024-06-26T07:14:31.951+0000] {dag.py:3096} INFO - Sync 1 DAGs
[2024-06-26T07:14:32.035+0000] {logging_mixin.py:188} INFO - [2024-06-26T07:14:32.034+0000] {dag.py:3954} INFO - Setting next_dagrun for example_branch_operator to 2024-06-25 00:00:00+00:00, run_after=2024-06-26 00:00:00+00:00
[2024-06-26T07:14:32.106+0000] {processor.py:183} INFO - Processing /home/airflow/.local/lib/python3.12/site-packages/airflow/example_dags/example_branch_operator.py took 0.344 seconds
[2024-06-26T07:15:02.711+0000] {processor.py:161} INFO - Started process (PID=3441) to work on /home/airflow/.local/lib/python3.12/site-packages/airflow/example_dags/example_branch_operator.py
[2024-06-26T07:15:02.717+0000] {processor.py:830} INFO - Processing file /home/airflow/.local/lib/python3.12/site-packages/airflow/example_dags/example_branch_operator.py for tasks to queue
[2024-06-26T07:15:02.722+0000] {logging_mixin.py:188} INFO - [2024-06-26T07:15:02.721+0000] {dagbag.py:545} INFO - Filling up the DagBag from /home/airflow/.local/lib/python3.12/site-packages/airflow/example_dags/example_branch_operator.py
[2024-06-26T07:15:02.821+0000] {processor.py:840} INFO - DAG(s) 'example_branch_operator' retrieved from /home/airflow/.local/lib/python3.12/site-packages/airflow/example_dags/example_branch_operator.py
[2024-06-26T07:15:02.978+0000] {logging_mixin.py:188} INFO - [2024-06-26T07:15:02.977+0000] {dag.py:3096} INFO - Sync 1 DAGs
[2024-06-26T07:15:03.100+0000] {logging_mixin.py:188} INFO - [2024-06-26T07:15:03.099+0000] {dag.py:3954} INFO - Setting next_dagrun for example_branch_operator to 2024-06-25 00:00:00+00:00, run_after=2024-06-26 00:00:00+00:00
[2024-06-26T07:15:03.203+0000] {processor.py:183} INFO - Processing /home/airflow/.local/lib/python3.12/site-packages/airflow/example_dags/example_branch_operator.py took 0.522 seconds
[2024-06-26T07:15:38.733+0000] {processor.py:161} INFO - Started process (PID=3493) to work on /home/airflow/.local/lib/python3.12/site-packages/airflow/example_dags/example_branch_operator.py
[2024-06-26T07:15:38.811+0000] {processor.py:830} INFO - Processing file /home/airflow/.local/lib/python3.12/site-packages/airflow/example_dags/example_branch_operator.py for tasks to queue
[2024-06-26T07:15:38.870+0000] {logging_mixin.py:188} INFO - [2024-06-26T07:15:38.869+0000] {dagbag.py:545} INFO - Filling up the DagBag from /home/airflow/.local/lib/python3.12/site-packages/airflow/example_dags/example_branch_operator.py
[2024-06-26T07:15:39.155+0000] {processor.py:840} INFO - DAG(s) 'example_branch_operator' retrieved from /home/airflow/.local/lib/python3.12/site-packages/airflow/example_dags/example_branch_operator.py
[2024-06-26T07:15:39.616+0000] {logging_mixin.py:188} INFO - [2024-06-26T07:15:39.615+0000] {dag.py:3096} INFO - Sync 1 DAGs
[2024-06-26T07:15:39.872+0000] {logging_mixin.py:188} INFO - [2024-06-26T07:15:39.871+0000] {dag.py:3954} INFO - Setting next_dagrun for example_branch_operator to 2024-06-25 00:00:00+00:00, run_after=2024-06-26 00:00:00+00:00
[2024-06-26T07:15:40.175+0000] {processor.py:183} INFO - Processing /home/airflow/.local/lib/python3.12/site-packages/airflow/example_dags/example_branch_operator.py took 1.507 seconds
[2024-06-26T07:16:20.418+0000] {processor.py:161} INFO - Started process (PID=3545) to work on /home/airflow/.local/lib/python3.12/site-packages/airflow/example_dags/example_branch_operator.py
[2024-06-26T07:16:20.434+0000] {processor.py:830} INFO - Processing file /home/airflow/.local/lib/python3.12/site-packages/airflow/example_dags/example_branch_operator.py for tasks to queue
[2024-06-26T07:16:20.450+0000] {logging_mixin.py:188} INFO - [2024-06-26T07:16:20.443+0000] {dagbag.py:545} INFO - Filling up the DagBag from /home/airflow/.local/lib/python3.12/site-packages/airflow/example_dags/example_branch_operator.py
[2024-06-26T07:16:20.748+0000] {processor.py:840} INFO - DAG(s) 'example_branch_operator' retrieved from /home/airflow/.local/lib/python3.12/site-packages/airflow/example_dags/example_branch_operator.py
[2024-06-26T07:16:21.210+0000] {logging_mixin.py:188} INFO - [2024-06-26T07:16:21.209+0000] {dag.py:3096} INFO - Sync 1 DAGs
[2024-06-26T07:16:21.604+0000] {logging_mixin.py:188} INFO - [2024-06-26T07:16:21.603+0000] {dag.py:3954} INFO - Setting next_dagrun for example_branch_operator to 2024-06-25 00:00:00+00:00, run_after=2024-06-26 00:00:00+00:00
[2024-06-26T07:16:21.902+0000] {processor.py:183} INFO - Processing /home/airflow/.local/lib/python3.12/site-packages/airflow/example_dags/example_branch_operator.py took 1.561 seconds
[2024-06-26T07:39:14.167+0000] {processor.py:161} INFO - Started process (PID=62) to work on /home/airflow/.local/lib/python3.12/site-packages/airflow/example_dags/example_branch_operator.py
[2024-06-26T07:39:14.170+0000] {processor.py:830} INFO - Processing file /home/airflow/.local/lib/python3.12/site-packages/airflow/example_dags/example_branch_operator.py for tasks to queue
[2024-06-26T07:39:14.174+0000] {logging_mixin.py:188} INFO - [2024-06-26T07:39:14.173+0000] {dagbag.py:545} INFO - Filling up the DagBag from /home/airflow/.local/lib/python3.12/site-packages/airflow/example_dags/example_branch_operator.py
[2024-06-26T07:39:14.222+0000] {processor.py:840} INFO - DAG(s) 'example_branch_operator' retrieved from /home/airflow/.local/lib/python3.12/site-packages/airflow/example_dags/example_branch_operator.py
[2024-06-26T07:39:14.507+0000] {logging_mixin.py:188} INFO - [2024-06-26T07:39:14.507+0000] {dag.py:3096} INFO - Sync 1 DAGs
[2024-06-26T07:39:14.555+0000] {logging_mixin.py:188} INFO - [2024-06-26T07:39:14.555+0000] {dag.py:3954} INFO - Setting next_dagrun for example_branch_operator to 2024-06-25 00:00:00+00:00, run_after=2024-06-26 00:00:00+00:00
[2024-06-26T07:39:14.605+0000] {processor.py:183} INFO - Processing /home/airflow/.local/lib/python3.12/site-packages/airflow/example_dags/example_branch_operator.py took 0.452 seconds
[2024-06-26T07:39:45.405+0000] {processor.py:161} INFO - Started process (PID=127) to work on /home/airflow/.local/lib/python3.12/site-packages/airflow/example_dags/example_branch_operator.py
[2024-06-26T07:39:45.406+0000] {processor.py:830} INFO - Processing file /home/airflow/.local/lib/python3.12/site-packages/airflow/example_dags/example_branch_operator.py for tasks to queue
[2024-06-26T07:39:45.408+0000] {logging_mixin.py:188} INFO - [2024-06-26T07:39:45.408+0000] {dagbag.py:545} INFO - Filling up the DagBag from /home/airflow/.local/lib/python3.12/site-packages/airflow/example_dags/example_branch_operator.py
[2024-06-26T07:39:45.425+0000] {processor.py:840} INFO - DAG(s) 'example_branch_operator' retrieved from /home/airflow/.local/lib/python3.12/site-packages/airflow/example_dags/example_branch_operator.py
[2024-06-26T07:39:45.455+0000] {logging_mixin.py:188} INFO - [2024-06-26T07:39:45.455+0000] {dag.py:3096} INFO - Sync 1 DAGs
[2024-06-26T07:39:45.479+0000] {logging_mixin.py:188} INFO - [2024-06-26T07:39:45.478+0000] {dag.py:3954} INFO - Setting next_dagrun for example_branch_operator to 2024-06-25 00:00:00+00:00, run_after=2024-06-26 00:00:00+00:00
[2024-06-26T07:39:45.500+0000] {processor.py:183} INFO - Processing /home/airflow/.local/lib/python3.12/site-packages/airflow/example_dags/example_branch_operator.py took 0.100 seconds
[2024-06-26T07:40:42.426+0000] {processor.py:161} INFO - Started process (PID=199) to work on /home/airflow/.local/lib/python3.12/site-packages/airflow/example_dags/example_branch_operator.py
[2024-06-26T07:40:42.449+0000] {processor.py:830} INFO - Processing file /home/airflow/.local/lib/python3.12/site-packages/airflow/example_dags/example_branch_operator.py for tasks to queue
[2024-06-26T07:40:42.496+0000] {logging_mixin.py:188} INFO - [2024-06-26T07:40:42.494+0000] {dagbag.py:545} INFO - Filling up the DagBag from /home/airflow/.local/lib/python3.12/site-packages/airflow/example_dags/example_branch_operator.py
[2024-06-26T07:40:42.740+0000] {processor.py:840} INFO - DAG(s) 'example_branch_operator' retrieved from /home/airflow/.local/lib/python3.12/site-packages/airflow/example_dags/example_branch_operator.py
[2024-06-26T07:40:43.206+0000] {logging_mixin.py:188} INFO - [2024-06-26T07:40:43.192+0000] {dag.py:3096} INFO - Sync 1 DAGs
[2024-06-26T07:40:43.700+0000] {logging_mixin.py:188} INFO - [2024-06-26T07:40:43.699+0000] {dag.py:3954} INFO - Setting next_dagrun for example_branch_operator to 2024-06-25 00:00:00+00:00, run_after=2024-06-26 00:00:00+00:00
[2024-06-26T07:40:44.017+0000] {processor.py:183} INFO - Processing /home/airflow/.local/lib/python3.12/site-packages/airflow/example_dags/example_branch_operator.py took 1.623 seconds
[2024-06-26T07:41:49.127+0000] {processor.py:161} INFO - Started process (PID=263) to work on /home/airflow/.local/lib/python3.12/site-packages/airflow/example_dags/example_branch_operator.py
[2024-06-26T07:41:49.148+0000] {processor.py:830} INFO - Processing file /home/airflow/.local/lib/python3.12/site-packages/airflow/example_dags/example_branch_operator.py for tasks to queue
[2024-06-26T07:41:49.209+0000] {logging_mixin.py:188} INFO - [2024-06-26T07:41:49.194+0000] {dagbag.py:545} INFO - Filling up the DagBag from /home/airflow/.local/lib/python3.12/site-packages/airflow/example_dags/example_branch_operator.py
[2024-06-26T07:41:49.510+0000] {processor.py:840} INFO - DAG(s) 'example_branch_operator' retrieved from /home/airflow/.local/lib/python3.12/site-packages/airflow/example_dags/example_branch_operator.py
[2024-06-26T07:41:50.344+0000] {logging_mixin.py:188} INFO - [2024-06-26T07:41:50.333+0000] {dag.py:3096} INFO - Sync 1 DAGs
[2024-06-26T07:41:50.865+0000] {logging_mixin.py:188} INFO - [2024-06-26T07:41:50.864+0000] {dag.py:3954} INFO - Setting next_dagrun for example_branch_operator to 2024-06-25 00:00:00+00:00, run_after=2024-06-26 00:00:00+00:00
[2024-06-26T07:41:51.235+0000] {processor.py:183} INFO - Processing /home/airflow/.local/lib/python3.12/site-packages/airflow/example_dags/example_branch_operator.py took 2.193 seconds
[2024-06-26T07:43:55.203+0000] {processor.py:161} INFO - Started process (PID=350) to work on /home/airflow/.local/lib/python3.12/site-packages/airflow/example_dags/example_branch_operator.py
[2024-06-26T07:43:55.520+0000] {processor.py:830} INFO - Processing file /home/airflow/.local/lib/python3.12/site-packages/airflow/example_dags/example_branch_operator.py for tasks to queue
[2024-06-26T07:43:56.104+0000] {logging_mixin.py:188} INFO - [2024-06-26T07:43:56.103+0000] {dagbag.py:545} INFO - Filling up the DagBag from /home/airflow/.local/lib/python3.12/site-packages/airflow/example_dags/example_branch_operator.py
[2024-06-26T07:43:57.397+0000] {processor.py:840} INFO - DAG(s) 'example_branch_operator' retrieved from /home/airflow/.local/lib/python3.12/site-packages/airflow/example_dags/example_branch_operator.py
[2024-06-26T07:43:58.098+0000] {logging_mixin.py:188} INFO - [2024-06-26T07:43:58.096+0000] {dag.py:3096} INFO - Sync 1 DAGs
[2024-06-26T07:43:58.613+0000] {logging_mixin.py:188} INFO - [2024-06-26T07:43:58.612+0000] {dag.py:3954} INFO - Setting next_dagrun for example_branch_operator to 2024-06-25 00:00:00+00:00, run_after=2024-06-26 00:00:00+00:00
[2024-06-26T07:44:00.285+0000] {processor.py:183} INFO - Processing /home/airflow/.local/lib/python3.12/site-packages/airflow/example_dags/example_branch_operator.py took 5.134 seconds
[2024-06-26T07:47:21.391+0000] {processor.py:161} INFO - Started process (PID=417) to work on /home/airflow/.local/lib/python3.12/site-packages/airflow/example_dags/example_branch_operator.py
[2024-06-26T07:47:21.406+0000] {processor.py:830} INFO - Processing file /home/airflow/.local/lib/python3.12/site-packages/airflow/example_dags/example_branch_operator.py for tasks to queue
[2024-06-26T07:47:21.419+0000] {logging_mixin.py:188} INFO - [2024-06-26T07:47:21.418+0000] {dagbag.py:545} INFO - Filling up the DagBag from /home/airflow/.local/lib/python3.12/site-packages/airflow/example_dags/example_branch_operator.py
[2024-06-26T07:47:21.573+0000] {processor.py:840} INFO - DAG(s) 'example_branch_operator' retrieved from /home/airflow/.local/lib/python3.12/site-packages/airflow/example_dags/example_branch_operator.py
[2024-06-26T07:47:22.018+0000] {logging_mixin.py:188} INFO - [2024-06-26T07:47:22.017+0000] {dag.py:3096} INFO - Sync 1 DAGs
[2024-06-26T07:47:22.254+0000] {logging_mixin.py:188} INFO - [2024-06-26T07:47:22.253+0000] {dag.py:3954} INFO - Setting next_dagrun for example_branch_operator to 2024-06-25 00:00:00+00:00, run_after=2024-06-26 00:00:00+00:00
[2024-06-26T07:47:22.511+0000] {processor.py:183} INFO - Processing /home/airflow/.local/lib/python3.12/site-packages/airflow/example_dags/example_branch_operator.py took 1.147 seconds
