[2024-06-26T06:06:15.275+0000] {processor.py:161} INFO - Started process (PID=100) to work on /home/airflow/.local/lib/python3.12/site-packages/airflow/example_dags/example_python_operator.py
[2024-06-26T06:06:15.279+0000] {processor.py:830} INFO - Processing file /home/airflow/.local/lib/python3.12/site-packages/airflow/example_dags/example_python_operator.py for tasks to queue
[2024-06-26T06:06:15.312+0000] {logging_mixin.py:188} INFO - [2024-06-26T06:06:15.311+0000] {dagbag.py:545} INFO - Filling up the DagBag from /home/airflow/.local/lib/python3.12/site-packages/airflow/example_dags/example_python_operator.py
[2024-06-26T06:06:15.492+0000] {processor.py:840} INFO - DAG(s) 'example_python_operator' retrieved from /home/airflow/.local/lib/python3.12/site-packages/airflow/example_dags/example_python_operator.py
[2024-06-26T06:06:16.447+0000] {logging_mixin.py:188} INFO - [2024-06-26T06:06:16.440+0000] {dag.py:3096} INFO - Sync 1 DAGs
[2024-06-26T06:06:16.713+0000] {logging_mixin.py:188} INFO - [2024-06-26T06:06:16.710+0000] {dag.py:3954} INFO - Setting next_dagrun for example_python_operator to None, run_after=None
[2024-06-26T06:06:17.363+0000] {processor.py:183} INFO - Processing /home/airflow/.local/lib/python3.12/site-packages/airflow/example_dags/example_python_operator.py took 2.159 seconds
[2024-06-26T06:07:38.603+0000] {processor.py:161} INFO - Started process (PID=173) to work on /home/airflow/.local/lib/python3.12/site-packages/airflow/example_dags/example_python_operator.py
[2024-06-26T06:07:38.611+0000] {processor.py:830} INFO - Processing file /home/airflow/.local/lib/python3.12/site-packages/airflow/example_dags/example_python_operator.py for tasks to queue
[2024-06-26T06:07:38.637+0000] {logging_mixin.py:188} INFO - [2024-06-26T06:07:38.636+0000] {dagbag.py:545} INFO - Filling up the DagBag from /home/airflow/.local/lib/python3.12/site-packages/airflow/example_dags/example_python_operator.py
[2024-06-26T06:07:38.764+0000] {processor.py:840} INFO - DAG(s) 'example_python_operator' retrieved from /home/airflow/.local/lib/python3.12/site-packages/airflow/example_dags/example_python_operator.py
[2024-06-26T06:07:39.101+0000] {logging_mixin.py:188} INFO - [2024-06-26T06:07:39.099+0000] {dag.py:3096} INFO - Sync 1 DAGs
[2024-06-26T06:07:39.407+0000] {logging_mixin.py:188} INFO - [2024-06-26T06:07:39.406+0000] {dag.py:3954} INFO - Setting next_dagrun for example_python_operator to None, run_after=None
[2024-06-26T06:07:39.883+0000] {processor.py:183} INFO - Processing /home/airflow/.local/lib/python3.12/site-packages/airflow/example_dags/example_python_operator.py took 1.352 seconds
[2024-06-26T06:21:44.063+0000] {processor.py:161} INFO - Started process (PID=92) to work on /home/airflow/.local/lib/python3.12/site-packages/airflow/example_dags/example_python_operator.py
[2024-06-26T06:21:44.067+0000] {processor.py:830} INFO - Processing file /home/airflow/.local/lib/python3.12/site-packages/airflow/example_dags/example_python_operator.py for tasks to queue
[2024-06-26T06:21:44.073+0000] {logging_mixin.py:188} INFO - [2024-06-26T06:21:44.072+0000] {dagbag.py:545} INFO - Filling up the DagBag from /home/airflow/.local/lib/python3.12/site-packages/airflow/example_dags/example_python_operator.py
[2024-06-26T06:21:44.118+0000] {processor.py:840} INFO - DAG(s) 'example_python_operator' retrieved from /home/airflow/.local/lib/python3.12/site-packages/airflow/example_dags/example_python_operator.py
[2024-06-26T06:21:44.695+0000] {logging_mixin.py:188} INFO - [2024-06-26T06:21:44.693+0000] {dag.py:3096} INFO - Sync 1 DAGs
[2024-06-26T06:21:44.792+0000] {logging_mixin.py:188} INFO - [2024-06-26T06:21:44.791+0000] {dag.py:3954} INFO - Setting next_dagrun for example_python_operator to None, run_after=None
[2024-06-26T06:21:45.145+0000] {processor.py:183} INFO - Processing /home/airflow/.local/lib/python3.12/site-packages/airflow/example_dags/example_python_operator.py took 1.105 seconds
[2024-06-26T06:22:55.920+0000] {processor.py:161} INFO - Started process (PID=160) to work on /home/airflow/.local/lib/python3.12/site-packages/airflow/example_dags/example_python_operator.py
[2024-06-26T06:22:55.932+0000] {processor.py:830} INFO - Processing file /home/airflow/.local/lib/python3.12/site-packages/airflow/example_dags/example_python_operator.py for tasks to queue
[2024-06-26T06:22:55.967+0000] {logging_mixin.py:188} INFO - [2024-06-26T06:22:55.966+0000] {dagbag.py:545} INFO - Filling up the DagBag from /home/airflow/.local/lib/python3.12/site-packages/airflow/example_dags/example_python_operator.py
[2024-06-26T06:22:56.067+0000] {processor.py:840} INFO - DAG(s) 'example_python_operator' retrieved from /home/airflow/.local/lib/python3.12/site-packages/airflow/example_dags/example_python_operator.py
[2024-06-26T06:22:56.481+0000] {logging_mixin.py:188} INFO - [2024-06-26T06:22:56.469+0000] {dag.py:3096} INFO - Sync 1 DAGs
[2024-06-26T06:22:57.653+0000] {logging_mixin.py:188} INFO - [2024-06-26T06:22:57.652+0000] {dag.py:3954} INFO - Setting next_dagrun for example_python_operator to None, run_after=None
[2024-06-26T06:22:58.335+0000] {processor.py:183} INFO - Processing /home/airflow/.local/lib/python3.12/site-packages/airflow/example_dags/example_python_operator.py took 2.505 seconds
[2024-06-26T06:25:02.340+0000] {processor.py:161} INFO - Started process (PID=256) to work on /home/airflow/.local/lib/python3.12/site-packages/airflow/example_dags/example_python_operator.py
[2024-06-26T06:25:02.365+0000] {processor.py:830} INFO - Processing file /home/airflow/.local/lib/python3.12/site-packages/airflow/example_dags/example_python_operator.py for tasks to queue
[2024-06-26T06:25:02.403+0000] {logging_mixin.py:188} INFO - [2024-06-26T06:25:02.402+0000] {dagbag.py:545} INFO - Filling up the DagBag from /home/airflow/.local/lib/python3.12/site-packages/airflow/example_dags/example_python_operator.py
[2024-06-26T06:25:02.533+0000] {processor.py:840} INFO - DAG(s) 'example_python_operator' retrieved from /home/airflow/.local/lib/python3.12/site-packages/airflow/example_dags/example_python_operator.py
[2024-06-26T06:25:04.526+0000] {logging_mixin.py:188} INFO - [2024-06-26T06:25:04.524+0000] {dag.py:3096} INFO - Sync 1 DAGs
[2024-06-26T06:25:04.888+0000] {logging_mixin.py:188} INFO - [2024-06-26T06:25:04.887+0000] {dag.py:3954} INFO - Setting next_dagrun for example_python_operator to None, run_after=None
[2024-06-26T06:25:05.482+0000] {processor.py:183} INFO - Processing /home/airflow/.local/lib/python3.12/site-packages/airflow/example_dags/example_python_operator.py took 3.185 seconds
[2024-06-26T06:25:36.227+0000] {processor.py:161} INFO - Started process (PID=318) to work on /home/airflow/.local/lib/python3.12/site-packages/airflow/example_dags/example_python_operator.py
[2024-06-26T06:25:36.231+0000] {processor.py:830} INFO - Processing file /home/airflow/.local/lib/python3.12/site-packages/airflow/example_dags/example_python_operator.py for tasks to queue
[2024-06-26T06:25:36.239+0000] {logging_mixin.py:188} INFO - [2024-06-26T06:25:36.237+0000] {dagbag.py:545} INFO - Filling up the DagBag from /home/airflow/.local/lib/python3.12/site-packages/airflow/example_dags/example_python_operator.py
[2024-06-26T06:25:36.280+0000] {processor.py:840} INFO - DAG(s) 'example_python_operator' retrieved from /home/airflow/.local/lib/python3.12/site-packages/airflow/example_dags/example_python_operator.py
[2024-06-26T06:25:36.385+0000] {logging_mixin.py:188} INFO - [2024-06-26T06:25:36.384+0000] {dag.py:3096} INFO - Sync 1 DAGs
[2024-06-26T06:25:36.447+0000] {logging_mixin.py:188} INFO - [2024-06-26T06:25:36.446+0000] {dag.py:3954} INFO - Setting next_dagrun for example_python_operator to None, run_after=None
[2024-06-26T06:25:36.589+0000] {processor.py:183} INFO - Processing /home/airflow/.local/lib/python3.12/site-packages/airflow/example_dags/example_python_operator.py took 0.384 seconds
[2024-06-26T06:26:07.264+0000] {processor.py:161} INFO - Started process (PID=379) to work on /home/airflow/.local/lib/python3.12/site-packages/airflow/example_dags/example_python_operator.py
[2024-06-26T06:26:07.267+0000] {processor.py:830} INFO - Processing file /home/airflow/.local/lib/python3.12/site-packages/airflow/example_dags/example_python_operator.py for tasks to queue
[2024-06-26T06:26:07.274+0000] {logging_mixin.py:188} INFO - [2024-06-26T06:26:07.273+0000] {dagbag.py:545} INFO - Filling up the DagBag from /home/airflow/.local/lib/python3.12/site-packages/airflow/example_dags/example_python_operator.py
[2024-06-26T06:26:07.307+0000] {processor.py:840} INFO - DAG(s) 'example_python_operator' retrieved from /home/airflow/.local/lib/python3.12/site-packages/airflow/example_dags/example_python_operator.py
[2024-06-26T06:26:07.398+0000] {logging_mixin.py:188} INFO - [2024-06-26T06:26:07.397+0000] {dag.py:3096} INFO - Sync 1 DAGs
[2024-06-26T06:26:07.454+0000] {logging_mixin.py:188} INFO - [2024-06-26T06:26:07.453+0000] {dag.py:3954} INFO - Setting next_dagrun for example_python_operator to None, run_after=None
[2024-06-26T06:26:07.556+0000] {processor.py:183} INFO - Processing /home/airflow/.local/lib/python3.12/site-packages/airflow/example_dags/example_python_operator.py took 0.311 seconds
[2024-06-26T06:40:29.727+0000] {processor.py:161} INFO - Started process (PID=74) to work on /home/airflow/.local/lib/python3.12/site-packages/airflow/example_dags/example_python_operator.py
[2024-06-26T06:40:29.742+0000] {processor.py:830} INFO - Processing file /home/airflow/.local/lib/python3.12/site-packages/airflow/example_dags/example_python_operator.py for tasks to queue
[2024-06-26T06:40:29.761+0000] {logging_mixin.py:188} INFO - [2024-06-26T06:40:29.759+0000] {dagbag.py:545} INFO - Filling up the DagBag from /home/airflow/.local/lib/python3.12/site-packages/airflow/example_dags/example_python_operator.py
[2024-06-26T06:40:29.938+0000] {processor.py:840} INFO - DAG(s) 'example_python_operator' retrieved from /home/airflow/.local/lib/python3.12/site-packages/airflow/example_dags/example_python_operator.py
[2024-06-26T06:40:31.811+0000] {logging_mixin.py:188} INFO - [2024-06-26T06:40:31.798+0000] {dag.py:3096} INFO - Sync 1 DAGs
[2024-06-26T06:40:32.009+0000] {logging_mixin.py:188} INFO - [2024-06-26T06:40:32.008+0000] {dag.py:3954} INFO - Setting next_dagrun for example_python_operator to None, run_after=None
[2024-06-26T06:40:32.237+0000] {processor.py:183} INFO - Processing /home/airflow/.local/lib/python3.12/site-packages/airflow/example_dags/example_python_operator.py took 2.583 seconds
[2024-06-26T06:41:14.809+0000] {processor.py:161} INFO - Started process (PID=143) to work on /home/airflow/.local/lib/python3.12/site-packages/airflow/example_dags/example_python_operator.py
[2024-06-26T06:41:14.813+0000] {processor.py:830} INFO - Processing file /home/airflow/.local/lib/python3.12/site-packages/airflow/example_dags/example_python_operator.py for tasks to queue
[2024-06-26T06:41:14.820+0000] {logging_mixin.py:188} INFO - [2024-06-26T06:41:14.819+0000] {dagbag.py:545} INFO - Filling up the DagBag from /home/airflow/.local/lib/python3.12/site-packages/airflow/example_dags/example_python_operator.py
[2024-06-26T06:41:14.864+0000] {processor.py:840} INFO - DAG(s) 'example_python_operator' retrieved from /home/airflow/.local/lib/python3.12/site-packages/airflow/example_dags/example_python_operator.py
[2024-06-26T06:41:14.960+0000] {logging_mixin.py:188} INFO - [2024-06-26T06:41:14.959+0000] {dag.py:3096} INFO - Sync 1 DAGs
[2024-06-26T06:41:15.016+0000] {logging_mixin.py:188} INFO - [2024-06-26T06:41:15.015+0000] {dag.py:3954} INFO - Setting next_dagrun for example_python_operator to None, run_after=None
[2024-06-26T06:41:15.109+0000] {processor.py:183} INFO - Processing /home/airflow/.local/lib/python3.12/site-packages/airflow/example_dags/example_python_operator.py took 0.321 seconds
[2024-06-26T06:41:45.875+0000] {processor.py:161} INFO - Started process (PID=205) to work on /home/airflow/.local/lib/python3.12/site-packages/airflow/example_dags/example_python_operator.py
[2024-06-26T06:41:45.877+0000] {processor.py:830} INFO - Processing file /home/airflow/.local/lib/python3.12/site-packages/airflow/example_dags/example_python_operator.py for tasks to queue
[2024-06-26T06:41:45.882+0000] {logging_mixin.py:188} INFO - [2024-06-26T06:41:45.881+0000] {dagbag.py:545} INFO - Filling up the DagBag from /home/airflow/.local/lib/python3.12/site-packages/airflow/example_dags/example_python_operator.py
[2024-06-26T06:41:45.906+0000] {processor.py:840} INFO - DAG(s) 'example_python_operator' retrieved from /home/airflow/.local/lib/python3.12/site-packages/airflow/example_dags/example_python_operator.py
[2024-06-26T06:41:45.960+0000] {logging_mixin.py:188} INFO - [2024-06-26T06:41:45.960+0000] {dag.py:3096} INFO - Sync 1 DAGs
[2024-06-26T06:41:45.991+0000] {logging_mixin.py:188} INFO - [2024-06-26T06:41:45.990+0000] {dag.py:3954} INFO - Setting next_dagrun for example_python_operator to None, run_after=None
[2024-06-26T06:41:46.044+0000] {processor.py:183} INFO - Processing /home/airflow/.local/lib/python3.12/site-packages/airflow/example_dags/example_python_operator.py took 0.181 seconds
[2024-06-26T06:42:16.826+0000] {processor.py:161} INFO - Started process (PID=267) to work on /home/airflow/.local/lib/python3.12/site-packages/airflow/example_dags/example_python_operator.py
[2024-06-26T06:42:16.827+0000] {processor.py:830} INFO - Processing file /home/airflow/.local/lib/python3.12/site-packages/airflow/example_dags/example_python_operator.py for tasks to queue
[2024-06-26T06:42:16.829+0000] {logging_mixin.py:188} INFO - [2024-06-26T06:42:16.828+0000] {dagbag.py:545} INFO - Filling up the DagBag from /home/airflow/.local/lib/python3.12/site-packages/airflow/example_dags/example_python_operator.py
[2024-06-26T06:42:16.841+0000] {processor.py:840} INFO - DAG(s) 'example_python_operator' retrieved from /home/airflow/.local/lib/python3.12/site-packages/airflow/example_dags/example_python_operator.py
[2024-06-26T06:42:16.871+0000] {logging_mixin.py:188} INFO - [2024-06-26T06:42:16.871+0000] {dag.py:3096} INFO - Sync 1 DAGs
[2024-06-26T06:42:16.886+0000] {logging_mixin.py:188} INFO - [2024-06-26T06:42:16.886+0000] {dag.py:3954} INFO - Setting next_dagrun for example_python_operator to None, run_after=None
[2024-06-26T06:42:16.915+0000] {processor.py:183} INFO - Processing /home/airflow/.local/lib/python3.12/site-packages/airflow/example_dags/example_python_operator.py took 0.096 seconds
[2024-06-26T06:42:47.425+0000] {processor.py:161} INFO - Started process (PID=329) to work on /home/airflow/.local/lib/python3.12/site-packages/airflow/example_dags/example_python_operator.py
[2024-06-26T06:42:47.427+0000] {processor.py:830} INFO - Processing file /home/airflow/.local/lib/python3.12/site-packages/airflow/example_dags/example_python_operator.py for tasks to queue
[2024-06-26T06:42:47.430+0000] {logging_mixin.py:188} INFO - [2024-06-26T06:42:47.429+0000] {dagbag.py:545} INFO - Filling up the DagBag from /home/airflow/.local/lib/python3.12/site-packages/airflow/example_dags/example_python_operator.py
[2024-06-26T06:42:47.443+0000] {processor.py:840} INFO - DAG(s) 'example_python_operator' retrieved from /home/airflow/.local/lib/python3.12/site-packages/airflow/example_dags/example_python_operator.py
[2024-06-26T06:42:47.474+0000] {logging_mixin.py:188} INFO - [2024-06-26T06:42:47.474+0000] {dag.py:3096} INFO - Sync 1 DAGs
[2024-06-26T06:42:47.491+0000] {logging_mixin.py:188} INFO - [2024-06-26T06:42:47.491+0000] {dag.py:3954} INFO - Setting next_dagrun for example_python_operator to None, run_after=None
[2024-06-26T06:42:47.520+0000] {processor.py:183} INFO - Processing /home/airflow/.local/lib/python3.12/site-packages/airflow/example_dags/example_python_operator.py took 0.101 seconds
[2024-06-26T06:43:18.436+0000] {processor.py:161} INFO - Started process (PID=391) to work on /home/airflow/.local/lib/python3.12/site-packages/airflow/example_dags/example_python_operator.py
[2024-06-26T06:43:18.440+0000] {processor.py:830} INFO - Processing file /home/airflow/.local/lib/python3.12/site-packages/airflow/example_dags/example_python_operator.py for tasks to queue
[2024-06-26T06:43:18.447+0000] {logging_mixin.py:188} INFO - [2024-06-26T06:43:18.445+0000] {dagbag.py:545} INFO - Filling up the DagBag from /home/airflow/.local/lib/python3.12/site-packages/airflow/example_dags/example_python_operator.py
[2024-06-26T06:43:18.501+0000] {processor.py:840} INFO - DAG(s) 'example_python_operator' retrieved from /home/airflow/.local/lib/python3.12/site-packages/airflow/example_dags/example_python_operator.py
[2024-06-26T06:43:18.597+0000] {logging_mixin.py:188} INFO - [2024-06-26T06:43:18.597+0000] {dag.py:3096} INFO - Sync 1 DAGs
[2024-06-26T06:43:18.641+0000] {logging_mixin.py:188} INFO - [2024-06-26T06:43:18.641+0000] {dag.py:3954} INFO - Setting next_dagrun for example_python_operator to None, run_after=None
[2024-06-26T06:43:18.708+0000] {processor.py:183} INFO - Processing /home/airflow/.local/lib/python3.12/site-packages/airflow/example_dags/example_python_operator.py took 0.293 seconds
[2024-06-26T06:43:48.944+0000] {processor.py:161} INFO - Started process (PID=452) to work on /home/airflow/.local/lib/python3.12/site-packages/airflow/example_dags/example_python_operator.py
[2024-06-26T06:43:48.947+0000] {processor.py:830} INFO - Processing file /home/airflow/.local/lib/python3.12/site-packages/airflow/example_dags/example_python_operator.py for tasks to queue
[2024-06-26T06:43:48.951+0000] {logging_mixin.py:188} INFO - [2024-06-26T06:43:48.950+0000] {dagbag.py:545} INFO - Filling up the DagBag from /home/airflow/.local/lib/python3.12/site-packages/airflow/example_dags/example_python_operator.py
[2024-06-26T06:43:48.976+0000] {processor.py:840} INFO - DAG(s) 'example_python_operator' retrieved from /home/airflow/.local/lib/python3.12/site-packages/airflow/example_dags/example_python_operator.py
[2024-06-26T06:43:49.049+0000] {logging_mixin.py:188} INFO - [2024-06-26T06:43:49.049+0000] {dag.py:3096} INFO - Sync 1 DAGs
[2024-06-26T06:43:49.093+0000] {logging_mixin.py:188} INFO - [2024-06-26T06:43:49.092+0000] {dag.py:3954} INFO - Setting next_dagrun for example_python_operator to None, run_after=None
[2024-06-26T06:43:49.162+0000] {processor.py:183} INFO - Processing /home/airflow/.local/lib/python3.12/site-packages/airflow/example_dags/example_python_operator.py took 0.230 seconds
[2024-06-26T06:44:24.988+0000] {processor.py:161} INFO - Started process (PID=515) to work on /home/airflow/.local/lib/python3.12/site-packages/airflow/example_dags/example_python_operator.py
[2024-06-26T06:44:25.036+0000] {processor.py:830} INFO - Processing file /home/airflow/.local/lib/python3.12/site-packages/airflow/example_dags/example_python_operator.py for tasks to queue
[2024-06-26T06:44:25.076+0000] {logging_mixin.py:188} INFO - [2024-06-26T06:44:25.074+0000] {dagbag.py:545} INFO - Filling up the DagBag from /home/airflow/.local/lib/python3.12/site-packages/airflow/example_dags/example_python_operator.py
[2024-06-26T06:44:25.214+0000] {processor.py:840} INFO - DAG(s) 'example_python_operator' retrieved from /home/airflow/.local/lib/python3.12/site-packages/airflow/example_dags/example_python_operator.py
[2024-06-26T06:44:25.524+0000] {logging_mixin.py:188} INFO - [2024-06-26T06:44:25.523+0000] {dag.py:3096} INFO - Sync 1 DAGs
[2024-06-26T06:44:25.808+0000] {logging_mixin.py:188} INFO - [2024-06-26T06:44:25.807+0000] {dag.py:3954} INFO - Setting next_dagrun for example_python_operator to None, run_after=None
[2024-06-26T06:44:26.072+0000] {processor.py:183} INFO - Processing /home/airflow/.local/lib/python3.12/site-packages/airflow/example_dags/example_python_operator.py took 1.138 seconds
[2024-06-26T06:45:10.861+0000] {processor.py:161} INFO - Started process (PID=576) to work on /home/airflow/.local/lib/python3.12/site-packages/airflow/example_dags/example_python_operator.py
[2024-06-26T06:45:10.893+0000] {processor.py:830} INFO - Processing file /home/airflow/.local/lib/python3.12/site-packages/airflow/example_dags/example_python_operator.py for tasks to queue
[2024-06-26T06:45:10.913+0000] {logging_mixin.py:188} INFO - [2024-06-26T06:45:10.912+0000] {dagbag.py:545} INFO - Filling up the DagBag from /home/airflow/.local/lib/python3.12/site-packages/airflow/example_dags/example_python_operator.py
[2024-06-26T06:45:11.078+0000] {processor.py:840} INFO - DAG(s) 'example_python_operator' retrieved from /home/airflow/.local/lib/python3.12/site-packages/airflow/example_dags/example_python_operator.py
[2024-06-26T06:45:11.436+0000] {logging_mixin.py:188} INFO - [2024-06-26T06:45:11.424+0000] {dag.py:3096} INFO - Sync 1 DAGs
[2024-06-26T06:45:11.600+0000] {logging_mixin.py:188} INFO - [2024-06-26T06:45:11.598+0000] {dag.py:3954} INFO - Setting next_dagrun for example_python_operator to None, run_after=None
[2024-06-26T06:45:11.996+0000] {processor.py:183} INFO - Processing /home/airflow/.local/lib/python3.12/site-packages/airflow/example_dags/example_python_operator.py took 1.217 seconds
[2024-06-26T06:46:24.372+0000] {processor.py:161} INFO - Started process (PID=651) to work on /home/airflow/.local/lib/python3.12/site-packages/airflow/example_dags/example_python_operator.py
[2024-06-26T06:46:24.445+0000] {processor.py:830} INFO - Processing file /home/airflow/.local/lib/python3.12/site-packages/airflow/example_dags/example_python_operator.py for tasks to queue
[2024-06-26T06:46:24.463+0000] {logging_mixin.py:188} INFO - [2024-06-26T06:46:24.461+0000] {dagbag.py:545} INFO - Filling up the DagBag from /home/airflow/.local/lib/python3.12/site-packages/airflow/example_dags/example_python_operator.py
[2024-06-26T06:46:24.612+0000] {processor.py:840} INFO - DAG(s) 'example_python_operator' retrieved from /home/airflow/.local/lib/python3.12/site-packages/airflow/example_dags/example_python_operator.py
[2024-06-26T06:46:24.927+0000] {logging_mixin.py:188} INFO - [2024-06-26T06:46:24.926+0000] {dag.py:3096} INFO - Sync 1 DAGs
[2024-06-26T06:46:25.181+0000] {logging_mixin.py:188} INFO - [2024-06-26T06:46:25.180+0000] {dag.py:3954} INFO - Setting next_dagrun for example_python_operator to None, run_after=None
[2024-06-26T06:46:25.521+0000] {processor.py:183} INFO - Processing /home/airflow/.local/lib/python3.12/site-packages/airflow/example_dags/example_python_operator.py took 1.216 seconds
[2024-06-26T06:47:20.123+0000] {processor.py:161} INFO - Started process (PID=719) to work on /home/airflow/.local/lib/python3.12/site-packages/airflow/example_dags/example_python_operator.py
[2024-06-26T06:47:20.152+0000] {processor.py:830} INFO - Processing file /home/airflow/.local/lib/python3.12/site-packages/airflow/example_dags/example_python_operator.py for tasks to queue
[2024-06-26T06:47:20.182+0000] {logging_mixin.py:188} INFO - [2024-06-26T06:47:20.181+0000] {dagbag.py:545} INFO - Filling up the DagBag from /home/airflow/.local/lib/python3.12/site-packages/airflow/example_dags/example_python_operator.py
[2024-06-26T06:47:20.350+0000] {processor.py:840} INFO - DAG(s) 'example_python_operator' retrieved from /home/airflow/.local/lib/python3.12/site-packages/airflow/example_dags/example_python_operator.py
[2024-06-26T06:47:20.640+0000] {logging_mixin.py:188} INFO - [2024-06-26T06:47:20.629+0000] {dag.py:3096} INFO - Sync 1 DAGs
[2024-06-26T06:47:20.800+0000] {logging_mixin.py:188} INFO - [2024-06-26T06:47:20.799+0000] {dag.py:3954} INFO - Setting next_dagrun for example_python_operator to None, run_after=None
[2024-06-26T06:47:21.060+0000] {processor.py:183} INFO - Processing /home/airflow/.local/lib/python3.12/site-packages/airflow/example_dags/example_python_operator.py took 0.952 seconds
[2024-06-26T06:48:00.906+0000] {processor.py:161} INFO - Started process (PID=772) to work on /home/airflow/.local/lib/python3.12/site-packages/airflow/example_dags/example_python_operator.py
[2024-06-26T06:48:00.935+0000] {processor.py:830} INFO - Processing file /home/airflow/.local/lib/python3.12/site-packages/airflow/example_dags/example_python_operator.py for tasks to queue
[2024-06-26T06:48:00.964+0000] {logging_mixin.py:188} INFO - [2024-06-26T06:48:00.962+0000] {dagbag.py:545} INFO - Filling up the DagBag from /home/airflow/.local/lib/python3.12/site-packages/airflow/example_dags/example_python_operator.py
[2024-06-26T06:48:01.130+0000] {processor.py:840} INFO - DAG(s) 'example_python_operator' retrieved from /home/airflow/.local/lib/python3.12/site-packages/airflow/example_dags/example_python_operator.py
[2024-06-26T06:48:01.492+0000] {logging_mixin.py:188} INFO - [2024-06-26T06:48:01.481+0000] {dag.py:3096} INFO - Sync 1 DAGs
[2024-06-26T06:48:01.690+0000] {logging_mixin.py:188} INFO - [2024-06-26T06:48:01.677+0000] {dag.py:3954} INFO - Setting next_dagrun for example_python_operator to None, run_after=None
[2024-06-26T06:48:01.979+0000] {processor.py:183} INFO - Processing /home/airflow/.local/lib/python3.12/site-packages/airflow/example_dags/example_python_operator.py took 1.155 seconds
[2024-06-26T06:48:33.800+0000] {processor.py:161} INFO - Started process (PID=834) to work on /home/airflow/.local/lib/python3.12/site-packages/airflow/example_dags/example_python_operator.py
[2024-06-26T06:48:33.803+0000] {processor.py:830} INFO - Processing file /home/airflow/.local/lib/python3.12/site-packages/airflow/example_dags/example_python_operator.py for tasks to queue
[2024-06-26T06:48:33.811+0000] {logging_mixin.py:188} INFO - [2024-06-26T06:48:33.810+0000] {dagbag.py:545} INFO - Filling up the DagBag from /home/airflow/.local/lib/python3.12/site-packages/airflow/example_dags/example_python_operator.py
[2024-06-26T06:48:33.870+0000] {processor.py:840} INFO - DAG(s) 'example_python_operator' retrieved from /home/airflow/.local/lib/python3.12/site-packages/airflow/example_dags/example_python_operator.py
[2024-06-26T06:48:34.073+0000] {logging_mixin.py:188} INFO - [2024-06-26T06:48:34.072+0000] {dag.py:3096} INFO - Sync 1 DAGs
[2024-06-26T06:48:34.153+0000] {logging_mixin.py:188} INFO - [2024-06-26T06:48:34.146+0000] {dag.py:3954} INFO - Setting next_dagrun for example_python_operator to None, run_after=None
[2024-06-26T06:48:34.309+0000] {processor.py:183} INFO - Processing /home/airflow/.local/lib/python3.12/site-packages/airflow/example_dags/example_python_operator.py took 0.525 seconds
[2024-06-26T06:49:04.631+0000] {processor.py:161} INFO - Started process (PID=896) to work on /home/airflow/.local/lib/python3.12/site-packages/airflow/example_dags/example_python_operator.py
[2024-06-26T06:49:04.634+0000] {processor.py:830} INFO - Processing file /home/airflow/.local/lib/python3.12/site-packages/airflow/example_dags/example_python_operator.py for tasks to queue
[2024-06-26T06:49:04.641+0000] {logging_mixin.py:188} INFO - [2024-06-26T06:49:04.640+0000] {dagbag.py:545} INFO - Filling up the DagBag from /home/airflow/.local/lib/python3.12/site-packages/airflow/example_dags/example_python_operator.py
[2024-06-26T06:49:04.678+0000] {processor.py:840} INFO - DAG(s) 'example_python_operator' retrieved from /home/airflow/.local/lib/python3.12/site-packages/airflow/example_dags/example_python_operator.py
[2024-06-26T06:49:04.758+0000] {logging_mixin.py:188} INFO - [2024-06-26T06:49:04.757+0000] {dag.py:3096} INFO - Sync 1 DAGs
[2024-06-26T06:49:04.804+0000] {logging_mixin.py:188} INFO - [2024-06-26T06:49:04.803+0000] {dag.py:3954} INFO - Setting next_dagrun for example_python_operator to None, run_after=None
[2024-06-26T06:49:04.880+0000] {processor.py:183} INFO - Processing /home/airflow/.local/lib/python3.12/site-packages/airflow/example_dags/example_python_operator.py took 0.270 seconds
[2024-06-26T06:49:50.289+0000] {processor.py:161} INFO - Started process (PID=956) to work on /home/airflow/.local/lib/python3.12/site-packages/airflow/example_dags/example_python_operator.py
[2024-06-26T06:49:50.363+0000] {processor.py:830} INFO - Processing file /home/airflow/.local/lib/python3.12/site-packages/airflow/example_dags/example_python_operator.py for tasks to queue
[2024-06-26T06:49:50.483+0000] {logging_mixin.py:188} INFO - [2024-06-26T06:49:50.412+0000] {dagbag.py:545} INFO - Filling up the DagBag from /home/airflow/.local/lib/python3.12/site-packages/airflow/example_dags/example_python_operator.py
[2024-06-26T06:49:50.746+0000] {processor.py:840} INFO - DAG(s) 'example_python_operator' retrieved from /home/airflow/.local/lib/python3.12/site-packages/airflow/example_dags/example_python_operator.py
[2024-06-26T06:49:51.129+0000] {logging_mixin.py:188} INFO - [2024-06-26T06:49:51.128+0000] {dag.py:3096} INFO - Sync 1 DAGs
[2024-06-26T06:49:51.354+0000] {logging_mixin.py:188} INFO - [2024-06-26T06:49:51.341+0000] {dag.py:3954} INFO - Setting next_dagrun for example_python_operator to None, run_after=None
[2024-06-26T06:49:51.805+0000] {processor.py:183} INFO - Processing /home/airflow/.local/lib/python3.12/site-packages/airflow/example_dags/example_python_operator.py took 1.711 seconds
[2024-06-26T06:51:12.667+0000] {processor.py:161} INFO - Started process (PID=1023) to work on /home/airflow/.local/lib/python3.12/site-packages/airflow/example_dags/example_python_operator.py
[2024-06-26T06:51:12.703+0000] {processor.py:830} INFO - Processing file /home/airflow/.local/lib/python3.12/site-packages/airflow/example_dags/example_python_operator.py for tasks to queue
[2024-06-26T06:51:12.724+0000] {logging_mixin.py:188} INFO - [2024-06-26T06:51:12.722+0000] {dagbag.py:545} INFO - Filling up the DagBag from /home/airflow/.local/lib/python3.12/site-packages/airflow/example_dags/example_python_operator.py
[2024-06-26T06:51:12.893+0000] {processor.py:840} INFO - DAG(s) 'example_python_operator' retrieved from /home/airflow/.local/lib/python3.12/site-packages/airflow/example_dags/example_python_operator.py
[2024-06-26T06:51:13.160+0000] {logging_mixin.py:188} INFO - [2024-06-26T06:51:13.159+0000] {dag.py:3096} INFO - Sync 1 DAGs
[2024-06-26T06:51:13.403+0000] {logging_mixin.py:188} INFO - [2024-06-26T06:51:13.402+0000] {dag.py:3954} INFO - Setting next_dagrun for example_python_operator to None, run_after=None
[2024-06-26T06:51:13.807+0000] {processor.py:183} INFO - Processing /home/airflow/.local/lib/python3.12/site-packages/airflow/example_dags/example_python_operator.py took 1.221 seconds
[2024-06-26T06:51:55.915+0000] {processor.py:161} INFO - Started process (PID=1088) to work on /home/airflow/.local/lib/python3.12/site-packages/airflow/example_dags/example_python_operator.py
[2024-06-26T06:51:55.933+0000] {processor.py:830} INFO - Processing file /home/airflow/.local/lib/python3.12/site-packages/airflow/example_dags/example_python_operator.py for tasks to queue
[2024-06-26T06:51:55.963+0000] {logging_mixin.py:188} INFO - [2024-06-26T06:51:55.962+0000] {dagbag.py:545} INFO - Filling up the DagBag from /home/airflow/.local/lib/python3.12/site-packages/airflow/example_dags/example_python_operator.py
[2024-06-26T06:51:56.142+0000] {processor.py:840} INFO - DAG(s) 'example_python_operator' retrieved from /home/airflow/.local/lib/python3.12/site-packages/airflow/example_dags/example_python_operator.py
[2024-06-26T06:51:56.443+0000] {logging_mixin.py:188} INFO - [2024-06-26T06:51:56.434+0000] {dag.py:3096} INFO - Sync 1 DAGs
[2024-06-26T06:51:56.652+0000] {logging_mixin.py:188} INFO - [2024-06-26T06:51:56.651+0000] {dag.py:3954} INFO - Setting next_dagrun for example_python_operator to None, run_after=None
[2024-06-26T06:51:56.929+0000] {processor.py:183} INFO - Processing /home/airflow/.local/lib/python3.12/site-packages/airflow/example_dags/example_python_operator.py took 1.070 seconds
[2024-06-26T06:52:27.675+0000] {processor.py:161} INFO - Started process (PID=1150) to work on /home/airflow/.local/lib/python3.12/site-packages/airflow/example_dags/example_python_operator.py
[2024-06-26T06:52:27.675+0000] {processor.py:830} INFO - Processing file /home/airflow/.local/lib/python3.12/site-packages/airflow/example_dags/example_python_operator.py for tasks to queue
[2024-06-26T06:52:27.677+0000] {logging_mixin.py:188} INFO - [2024-06-26T06:52:27.677+0000] {dagbag.py:545} INFO - Filling up the DagBag from /home/airflow/.local/lib/python3.12/site-packages/airflow/example_dags/example_python_operator.py
[2024-06-26T06:52:27.685+0000] {processor.py:840} INFO - DAG(s) 'example_python_operator' retrieved from /home/airflow/.local/lib/python3.12/site-packages/airflow/example_dags/example_python_operator.py
[2024-06-26T06:52:27.704+0000] {logging_mixin.py:188} INFO - [2024-06-26T06:52:27.704+0000] {dag.py:3096} INFO - Sync 1 DAGs
[2024-06-26T06:52:27.715+0000] {logging_mixin.py:188} INFO - [2024-06-26T06:52:27.715+0000] {dag.py:3954} INFO - Setting next_dagrun for example_python_operator to None, run_after=None
[2024-06-26T06:52:27.734+0000] {processor.py:183} INFO - Processing /home/airflow/.local/lib/python3.12/site-packages/airflow/example_dags/example_python_operator.py took 0.064 seconds
[2024-06-26T06:52:58.273+0000] {processor.py:161} INFO - Started process (PID=1212) to work on /home/airflow/.local/lib/python3.12/site-packages/airflow/example_dags/example_python_operator.py
[2024-06-26T06:52:58.274+0000] {processor.py:830} INFO - Processing file /home/airflow/.local/lib/python3.12/site-packages/airflow/example_dags/example_python_operator.py for tasks to queue
[2024-06-26T06:52:58.276+0000] {logging_mixin.py:188} INFO - [2024-06-26T06:52:58.276+0000] {dagbag.py:545} INFO - Filling up the DagBag from /home/airflow/.local/lib/python3.12/site-packages/airflow/example_dags/example_python_operator.py
[2024-06-26T06:52:58.287+0000] {processor.py:840} INFO - DAG(s) 'example_python_operator' retrieved from /home/airflow/.local/lib/python3.12/site-packages/airflow/example_dags/example_python_operator.py
[2024-06-26T06:52:58.311+0000] {logging_mixin.py:188} INFO - [2024-06-26T06:52:58.311+0000] {dag.py:3096} INFO - Sync 1 DAGs
[2024-06-26T06:52:58.327+0000] {logging_mixin.py:188} INFO - [2024-06-26T06:52:58.327+0000] {dag.py:3954} INFO - Setting next_dagrun for example_python_operator to None, run_after=None
[2024-06-26T06:52:58.353+0000] {processor.py:183} INFO - Processing /home/airflow/.local/lib/python3.12/site-packages/airflow/example_dags/example_python_operator.py took 0.085 seconds
[2024-06-26T06:53:28.885+0000] {processor.py:161} INFO - Started process (PID=1274) to work on /home/airflow/.local/lib/python3.12/site-packages/airflow/example_dags/example_python_operator.py
[2024-06-26T06:53:28.887+0000] {processor.py:830} INFO - Processing file /home/airflow/.local/lib/python3.12/site-packages/airflow/example_dags/example_python_operator.py for tasks to queue
[2024-06-26T06:53:28.894+0000] {logging_mixin.py:188} INFO - [2024-06-26T06:53:28.892+0000] {dagbag.py:545} INFO - Filling up the DagBag from /home/airflow/.local/lib/python3.12/site-packages/airflow/example_dags/example_python_operator.py
[2024-06-26T06:53:28.927+0000] {processor.py:840} INFO - DAG(s) 'example_python_operator' retrieved from /home/airflow/.local/lib/python3.12/site-packages/airflow/example_dags/example_python_operator.py
[2024-06-26T06:53:28.982+0000] {logging_mixin.py:188} INFO - [2024-06-26T06:53:28.982+0000] {dag.py:3096} INFO - Sync 1 DAGs
[2024-06-26T06:53:29.013+0000] {logging_mixin.py:188} INFO - [2024-06-26T06:53:29.012+0000] {dag.py:3954} INFO - Setting next_dagrun for example_python_operator to None, run_after=None
[2024-06-26T06:53:29.062+0000] {processor.py:183} INFO - Processing /home/airflow/.local/lib/python3.12/site-packages/airflow/example_dags/example_python_operator.py took 0.192 seconds
[2024-06-26T06:54:00.152+0000] {processor.py:161} INFO - Started process (PID=1337) to work on /home/airflow/.local/lib/python3.12/site-packages/airflow/example_dags/example_python_operator.py
[2024-06-26T06:54:00.155+0000] {processor.py:830} INFO - Processing file /home/airflow/.local/lib/python3.12/site-packages/airflow/example_dags/example_python_operator.py for tasks to queue
[2024-06-26T06:54:00.162+0000] {logging_mixin.py:188} INFO - [2024-06-26T06:54:00.160+0000] {dagbag.py:545} INFO - Filling up the DagBag from /home/airflow/.local/lib/python3.12/site-packages/airflow/example_dags/example_python_operator.py
[2024-06-26T06:54:00.201+0000] {processor.py:840} INFO - DAG(s) 'example_python_operator' retrieved from /home/airflow/.local/lib/python3.12/site-packages/airflow/example_dags/example_python_operator.py
[2024-06-26T06:54:00.297+0000] {logging_mixin.py:188} INFO - [2024-06-26T06:54:00.296+0000] {dag.py:3096} INFO - Sync 1 DAGs
[2024-06-26T06:54:00.374+0000] {logging_mixin.py:188} INFO - [2024-06-26T06:54:00.367+0000] {dag.py:3954} INFO - Setting next_dagrun for example_python_operator to None, run_after=None
[2024-06-26T06:54:00.493+0000] {processor.py:183} INFO - Processing /home/airflow/.local/lib/python3.12/site-packages/airflow/example_dags/example_python_operator.py took 0.358 seconds
[2024-06-26T06:55:15.528+0000] {processor.py:161} INFO - Started process (PID=1403) to work on /home/airflow/.local/lib/python3.12/site-packages/airflow/example_dags/example_python_operator.py
[2024-06-26T06:55:15.578+0000] {processor.py:830} INFO - Processing file /home/airflow/.local/lib/python3.12/site-packages/airflow/example_dags/example_python_operator.py for tasks to queue
[2024-06-26T06:55:15.597+0000] {logging_mixin.py:188} INFO - [2024-06-26T06:55:15.595+0000] {dagbag.py:545} INFO - Filling up the DagBag from /home/airflow/.local/lib/python3.12/site-packages/airflow/example_dags/example_python_operator.py
[2024-06-26T06:55:15.728+0000] {processor.py:840} INFO - DAG(s) 'example_python_operator' retrieved from /home/airflow/.local/lib/python3.12/site-packages/airflow/example_dags/example_python_operator.py
[2024-06-26T06:55:16.745+0000] {logging_mixin.py:188} INFO - [2024-06-26T06:55:16.744+0000] {dag.py:3096} INFO - Sync 1 DAGs
[2024-06-26T06:55:16.843+0000] {logging_mixin.py:188} INFO - [2024-06-26T06:55:16.842+0000] {dag.py:3954} INFO - Setting next_dagrun for example_python_operator to None, run_after=None
[2024-06-26T06:55:17.113+0000] {processor.py:183} INFO - Processing /home/airflow/.local/lib/python3.12/site-packages/airflow/example_dags/example_python_operator.py took 1.699 seconds
[2024-06-26T06:56:35.262+0000] {processor.py:161} INFO - Started process (PID=1485) to work on /home/airflow/.local/lib/python3.12/site-packages/airflow/example_dags/example_python_operator.py
[2024-06-26T06:56:35.283+0000] {processor.py:830} INFO - Processing file /home/airflow/.local/lib/python3.12/site-packages/airflow/example_dags/example_python_operator.py for tasks to queue
[2024-06-26T06:56:35.298+0000] {logging_mixin.py:188} INFO - [2024-06-26T06:56:35.296+0000] {dagbag.py:545} INFO - Filling up the DagBag from /home/airflow/.local/lib/python3.12/site-packages/airflow/example_dags/example_python_operator.py
[2024-06-26T06:56:35.473+0000] {processor.py:840} INFO - DAG(s) 'example_python_operator' retrieved from /home/airflow/.local/lib/python3.12/site-packages/airflow/example_dags/example_python_operator.py
[2024-06-26T06:56:35.776+0000] {logging_mixin.py:188} INFO - [2024-06-26T06:56:35.775+0000] {dag.py:3096} INFO - Sync 1 DAGs
[2024-06-26T06:56:36.004+0000] {logging_mixin.py:188} INFO - [2024-06-26T06:56:35.991+0000] {dag.py:3954} INFO - Setting next_dagrun for example_python_operator to None, run_after=None
[2024-06-26T06:56:36.316+0000] {processor.py:183} INFO - Processing /home/airflow/.local/lib/python3.12/site-packages/airflow/example_dags/example_python_operator.py took 1.141 seconds
[2024-06-26T06:57:27.716+0000] {processor.py:161} INFO - Started process (PID=1551) to work on /home/airflow/.local/lib/python3.12/site-packages/airflow/example_dags/example_python_operator.py
[2024-06-26T06:57:27.724+0000] {processor.py:830} INFO - Processing file /home/airflow/.local/lib/python3.12/site-packages/airflow/example_dags/example_python_operator.py for tasks to queue
[2024-06-26T06:57:27.749+0000] {logging_mixin.py:188} INFO - [2024-06-26T06:57:27.747+0000] {dagbag.py:545} INFO - Filling up the DagBag from /home/airflow/.local/lib/python3.12/site-packages/airflow/example_dags/example_python_operator.py
[2024-06-26T06:57:27.891+0000] {processor.py:840} INFO - DAG(s) 'example_python_operator' retrieved from /home/airflow/.local/lib/python3.12/site-packages/airflow/example_dags/example_python_operator.py
[2024-06-26T06:57:28.115+0000] {logging_mixin.py:188} INFO - [2024-06-26T06:57:28.114+0000] {dag.py:3096} INFO - Sync 1 DAGs
[2024-06-26T06:57:28.309+0000] {logging_mixin.py:188} INFO - [2024-06-26T06:57:28.308+0000] {dag.py:3954} INFO - Setting next_dagrun for example_python_operator to None, run_after=None
[2024-06-26T06:57:28.587+0000] {processor.py:183} INFO - Processing /home/airflow/.local/lib/python3.12/site-packages/airflow/example_dags/example_python_operator.py took 0.938 seconds
[2024-06-26T06:58:30.461+0000] {processor.py:161} INFO - Started process (PID=1621) to work on /home/airflow/.local/lib/python3.12/site-packages/airflow/example_dags/example_python_operator.py
[2024-06-26T06:58:30.497+0000] {processor.py:830} INFO - Processing file /home/airflow/.local/lib/python3.12/site-packages/airflow/example_dags/example_python_operator.py for tasks to queue
[2024-06-26T06:58:30.509+0000] {logging_mixin.py:188} INFO - [2024-06-26T06:58:30.508+0000] {dagbag.py:545} INFO - Filling up the DagBag from /home/airflow/.local/lib/python3.12/site-packages/airflow/example_dags/example_python_operator.py
[2024-06-26T06:58:30.638+0000] {processor.py:840} INFO - DAG(s) 'example_python_operator' retrieved from /home/airflow/.local/lib/python3.12/site-packages/airflow/example_dags/example_python_operator.py
[2024-06-26T06:58:30.885+0000] {logging_mixin.py:188} INFO - [2024-06-26T06:58:30.884+0000] {dag.py:3096} INFO - Sync 1 DAGs
[2024-06-26T06:58:31.049+0000] {logging_mixin.py:188} INFO - [2024-06-26T06:58:31.038+0000] {dag.py:3954} INFO - Setting next_dagrun for example_python_operator to None, run_after=None
[2024-06-26T06:58:31.254+0000] {processor.py:183} INFO - Processing /home/airflow/.local/lib/python3.12/site-packages/airflow/example_dags/example_python_operator.py took 0.860 seconds
[2024-06-26T06:59:09.412+0000] {processor.py:161} INFO - Started process (PID=1674) to work on /home/airflow/.local/lib/python3.12/site-packages/airflow/example_dags/example_python_operator.py
[2024-06-26T06:59:09.429+0000] {processor.py:830} INFO - Processing file /home/airflow/.local/lib/python3.12/site-packages/airflow/example_dags/example_python_operator.py for tasks to queue
[2024-06-26T06:59:09.445+0000] {logging_mixin.py:188} INFO - [2024-06-26T06:59:09.444+0000] {dagbag.py:545} INFO - Filling up the DagBag from /home/airflow/.local/lib/python3.12/site-packages/airflow/example_dags/example_python_operator.py
[2024-06-26T06:59:09.618+0000] {processor.py:840} INFO - DAG(s) 'example_python_operator' retrieved from /home/airflow/.local/lib/python3.12/site-packages/airflow/example_dags/example_python_operator.py
[2024-06-26T06:59:09.933+0000] {logging_mixin.py:188} INFO - [2024-06-26T06:59:09.923+0000] {dag.py:3096} INFO - Sync 1 DAGs
[2024-06-26T06:59:10.142+0000] {logging_mixin.py:188} INFO - [2024-06-26T06:59:10.141+0000] {dag.py:3954} INFO - Setting next_dagrun for example_python_operator to None, run_after=None
[2024-06-26T06:59:10.482+0000] {processor.py:183} INFO - Processing /home/airflow/.local/lib/python3.12/site-packages/airflow/example_dags/example_python_operator.py took 1.150 seconds
[2024-06-26T06:59:50.363+0000] {processor.py:161} INFO - Started process (PID=1741) to work on /home/airflow/.local/lib/python3.12/site-packages/airflow/example_dags/example_python_operator.py
[2024-06-26T06:59:50.369+0000] {processor.py:830} INFO - Processing file /home/airflow/.local/lib/python3.12/site-packages/airflow/example_dags/example_python_operator.py for tasks to queue
[2024-06-26T06:59:50.379+0000] {logging_mixin.py:188} INFO - [2024-06-26T06:59:50.378+0000] {dagbag.py:545} INFO - Filling up the DagBag from /home/airflow/.local/lib/python3.12/site-packages/airflow/example_dags/example_python_operator.py
[2024-06-26T06:59:50.480+0000] {processor.py:840} INFO - DAG(s) 'example_python_operator' retrieved from /home/airflow/.local/lib/python3.12/site-packages/airflow/example_dags/example_python_operator.py
[2024-06-26T06:59:50.914+0000] {logging_mixin.py:188} INFO - [2024-06-26T06:59:50.912+0000] {dag.py:3096} INFO - Sync 1 DAGs
[2024-06-26T06:59:51.081+0000] {logging_mixin.py:188} INFO - [2024-06-26T06:59:51.079+0000] {dag.py:3954} INFO - Setting next_dagrun for example_python_operator to None, run_after=None
[2024-06-26T06:59:51.451+0000] {processor.py:183} INFO - Processing /home/airflow/.local/lib/python3.12/site-packages/airflow/example_dags/example_python_operator.py took 1.140 seconds
[2024-06-26T07:00:21.932+0000] {processor.py:161} INFO - Started process (PID=1804) to work on /home/airflow/.local/lib/python3.12/site-packages/airflow/example_dags/example_python_operator.py
[2024-06-26T07:00:21.937+0000] {processor.py:830} INFO - Processing file /home/airflow/.local/lib/python3.12/site-packages/airflow/example_dags/example_python_operator.py for tasks to queue
[2024-06-26T07:00:21.942+0000] {logging_mixin.py:188} INFO - [2024-06-26T07:00:21.940+0000] {dagbag.py:545} INFO - Filling up the DagBag from /home/airflow/.local/lib/python3.12/site-packages/airflow/example_dags/example_python_operator.py
[2024-06-26T07:00:21.993+0000] {processor.py:840} INFO - DAG(s) 'example_python_operator' retrieved from /home/airflow/.local/lib/python3.12/site-packages/airflow/example_dags/example_python_operator.py
[2024-06-26T07:00:22.093+0000] {logging_mixin.py:188} INFO - [2024-06-26T07:00:22.092+0000] {dag.py:3096} INFO - Sync 1 DAGs
[2024-06-26T07:00:22.162+0000] {logging_mixin.py:188} INFO - [2024-06-26T07:00:22.162+0000] {dag.py:3954} INFO - Setting next_dagrun for example_python_operator to None, run_after=None
[2024-06-26T07:00:22.249+0000] {processor.py:183} INFO - Processing /home/airflow/.local/lib/python3.12/site-packages/airflow/example_dags/example_python_operator.py took 0.343 seconds
[2024-06-26T07:00:52.712+0000] {processor.py:161} INFO - Started process (PID=1867) to work on /home/airflow/.local/lib/python3.12/site-packages/airflow/example_dags/example_python_operator.py
[2024-06-26T07:00:52.714+0000] {processor.py:830} INFO - Processing file /home/airflow/.local/lib/python3.12/site-packages/airflow/example_dags/example_python_operator.py for tasks to queue
[2024-06-26T07:00:52.717+0000] {logging_mixin.py:188} INFO - [2024-06-26T07:00:52.716+0000] {dagbag.py:545} INFO - Filling up the DagBag from /home/airflow/.local/lib/python3.12/site-packages/airflow/example_dags/example_python_operator.py
[2024-06-26T07:00:52.736+0000] {processor.py:840} INFO - DAG(s) 'example_python_operator' retrieved from /home/airflow/.local/lib/python3.12/site-packages/airflow/example_dags/example_python_operator.py
[2024-06-26T07:00:52.782+0000] {logging_mixin.py:188} INFO - [2024-06-26T07:00:52.781+0000] {dag.py:3096} INFO - Sync 1 DAGs
[2024-06-26T07:00:52.807+0000] {logging_mixin.py:188} INFO - [2024-06-26T07:00:52.807+0000] {dag.py:3954} INFO - Setting next_dagrun for example_python_operator to None, run_after=None
[2024-06-26T07:00:52.845+0000] {processor.py:183} INFO - Processing /home/airflow/.local/lib/python3.12/site-packages/airflow/example_dags/example_python_operator.py took 0.144 seconds
[2024-06-26T07:01:23.084+0000] {processor.py:161} INFO - Started process (PID=1930) to work on /home/airflow/.local/lib/python3.12/site-packages/airflow/example_dags/example_python_operator.py
[2024-06-26T07:01:23.086+0000] {processor.py:830} INFO - Processing file /home/airflow/.local/lib/python3.12/site-packages/airflow/example_dags/example_python_operator.py for tasks to queue
[2024-06-26T07:01:23.088+0000] {logging_mixin.py:188} INFO - [2024-06-26T07:01:23.087+0000] {dagbag.py:545} INFO - Filling up the DagBag from /home/airflow/.local/lib/python3.12/site-packages/airflow/example_dags/example_python_operator.py
[2024-06-26T07:01:23.106+0000] {processor.py:840} INFO - DAG(s) 'example_python_operator' retrieved from /home/airflow/.local/lib/python3.12/site-packages/airflow/example_dags/example_python_operator.py
[2024-06-26T07:01:23.149+0000] {logging_mixin.py:188} INFO - [2024-06-26T07:01:23.148+0000] {dag.py:3096} INFO - Sync 1 DAGs
[2024-06-26T07:01:23.178+0000] {logging_mixin.py:188} INFO - [2024-06-26T07:01:23.178+0000] {dag.py:3954} INFO - Setting next_dagrun for example_python_operator to None, run_after=None
[2024-06-26T07:01:23.222+0000] {processor.py:183} INFO - Processing /home/airflow/.local/lib/python3.12/site-packages/airflow/example_dags/example_python_operator.py took 0.149 seconds
[2024-06-26T07:01:53.624+0000] {processor.py:161} INFO - Started process (PID=1993) to work on /home/airflow/.local/lib/python3.12/site-packages/airflow/example_dags/example_python_operator.py
[2024-06-26T07:01:53.626+0000] {processor.py:830} INFO - Processing file /home/airflow/.local/lib/python3.12/site-packages/airflow/example_dags/example_python_operator.py for tasks to queue
[2024-06-26T07:01:53.628+0000] {logging_mixin.py:188} INFO - [2024-06-26T07:01:53.627+0000] {dagbag.py:545} INFO - Filling up the DagBag from /home/airflow/.local/lib/python3.12/site-packages/airflow/example_dags/example_python_operator.py
[2024-06-26T07:01:53.643+0000] {processor.py:840} INFO - DAG(s) 'example_python_operator' retrieved from /home/airflow/.local/lib/python3.12/site-packages/airflow/example_dags/example_python_operator.py
[2024-06-26T07:01:53.685+0000] {logging_mixin.py:188} INFO - [2024-06-26T07:01:53.685+0000] {dag.py:3096} INFO - Sync 1 DAGs
[2024-06-26T07:01:53.709+0000] {logging_mixin.py:188} INFO - [2024-06-26T07:01:53.708+0000] {dag.py:3954} INFO - Setting next_dagrun for example_python_operator to None, run_after=None
[2024-06-26T07:01:53.745+0000] {processor.py:183} INFO - Processing /home/airflow/.local/lib/python3.12/site-packages/airflow/example_dags/example_python_operator.py took 0.129 seconds
[2024-06-26T07:02:23.802+0000] {processor.py:161} INFO - Started process (PID=2056) to work on /home/airflow/.local/lib/python3.12/site-packages/airflow/example_dags/example_python_operator.py
[2024-06-26T07:02:23.803+0000] {processor.py:830} INFO - Processing file /home/airflow/.local/lib/python3.12/site-packages/airflow/example_dags/example_python_operator.py for tasks to queue
[2024-06-26T07:02:23.804+0000] {logging_mixin.py:188} INFO - [2024-06-26T07:02:23.803+0000] {dagbag.py:545} INFO - Filling up the DagBag from /home/airflow/.local/lib/python3.12/site-packages/airflow/example_dags/example_python_operator.py
[2024-06-26T07:02:23.812+0000] {processor.py:840} INFO - DAG(s) 'example_python_operator' retrieved from /home/airflow/.local/lib/python3.12/site-packages/airflow/example_dags/example_python_operator.py
[2024-06-26T07:02:23.831+0000] {logging_mixin.py:188} INFO - [2024-06-26T07:02:23.831+0000] {dag.py:3096} INFO - Sync 1 DAGs
[2024-06-26T07:02:23.842+0000] {logging_mixin.py:188} INFO - [2024-06-26T07:02:23.842+0000] {dag.py:3954} INFO - Setting next_dagrun for example_python_operator to None, run_after=None
[2024-06-26T07:02:23.861+0000] {processor.py:183} INFO - Processing /home/airflow/.local/lib/python3.12/site-packages/airflow/example_dags/example_python_operator.py took 0.063 seconds
[2024-06-26T07:02:54.012+0000] {processor.py:161} INFO - Started process (PID=2119) to work on /home/airflow/.local/lib/python3.12/site-packages/airflow/example_dags/example_python_operator.py
[2024-06-26T07:02:54.013+0000] {processor.py:830} INFO - Processing file /home/airflow/.local/lib/python3.12/site-packages/airflow/example_dags/example_python_operator.py for tasks to queue
[2024-06-26T07:02:54.014+0000] {logging_mixin.py:188} INFO - [2024-06-26T07:02:54.014+0000] {dagbag.py:545} INFO - Filling up the DagBag from /home/airflow/.local/lib/python3.12/site-packages/airflow/example_dags/example_python_operator.py
[2024-06-26T07:02:54.023+0000] {processor.py:840} INFO - DAG(s) 'example_python_operator' retrieved from /home/airflow/.local/lib/python3.12/site-packages/airflow/example_dags/example_python_operator.py
[2024-06-26T07:02:54.043+0000] {logging_mixin.py:188} INFO - [2024-06-26T07:02:54.042+0000] {dag.py:3096} INFO - Sync 1 DAGs
[2024-06-26T07:02:54.053+0000] {logging_mixin.py:188} INFO - [2024-06-26T07:02:54.053+0000] {dag.py:3954} INFO - Setting next_dagrun for example_python_operator to None, run_after=None
[2024-06-26T07:02:54.074+0000] {processor.py:183} INFO - Processing /home/airflow/.local/lib/python3.12/site-packages/airflow/example_dags/example_python_operator.py took 0.065 seconds
[2024-06-26T07:03:24.179+0000] {processor.py:161} INFO - Started process (PID=2183) to work on /home/airflow/.local/lib/python3.12/site-packages/airflow/example_dags/example_python_operator.py
[2024-06-26T07:03:24.180+0000] {processor.py:830} INFO - Processing file /home/airflow/.local/lib/python3.12/site-packages/airflow/example_dags/example_python_operator.py for tasks to queue
[2024-06-26T07:03:24.181+0000] {logging_mixin.py:188} INFO - [2024-06-26T07:03:24.180+0000] {dagbag.py:545} INFO - Filling up the DagBag from /home/airflow/.local/lib/python3.12/site-packages/airflow/example_dags/example_python_operator.py
[2024-06-26T07:03:24.190+0000] {processor.py:840} INFO - DAG(s) 'example_python_operator' retrieved from /home/airflow/.local/lib/python3.12/site-packages/airflow/example_dags/example_python_operator.py
[2024-06-26T07:03:24.215+0000] {logging_mixin.py:188} INFO - [2024-06-26T07:03:24.215+0000] {dag.py:3096} INFO - Sync 1 DAGs
[2024-06-26T07:03:24.230+0000] {logging_mixin.py:188} INFO - [2024-06-26T07:03:24.229+0000] {dag.py:3954} INFO - Setting next_dagrun for example_python_operator to None, run_after=None
[2024-06-26T07:03:24.258+0000] {processor.py:183} INFO - Processing /home/airflow/.local/lib/python3.12/site-packages/airflow/example_dags/example_python_operator.py took 0.084 seconds
[2024-06-26T07:03:54.364+0000] {processor.py:161} INFO - Started process (PID=2249) to work on /home/airflow/.local/lib/python3.12/site-packages/airflow/example_dags/example_python_operator.py
[2024-06-26T07:03:54.367+0000] {processor.py:830} INFO - Processing file /home/airflow/.local/lib/python3.12/site-packages/airflow/example_dags/example_python_operator.py for tasks to queue
[2024-06-26T07:03:54.369+0000] {logging_mixin.py:188} INFO - [2024-06-26T07:03:54.368+0000] {dagbag.py:545} INFO - Filling up the DagBag from /home/airflow/.local/lib/python3.12/site-packages/airflow/example_dags/example_python_operator.py
[2024-06-26T07:03:54.386+0000] {processor.py:840} INFO - DAG(s) 'example_python_operator' retrieved from /home/airflow/.local/lib/python3.12/site-packages/airflow/example_dags/example_python_operator.py
[2024-06-26T07:03:54.595+0000] {logging_mixin.py:188} INFO - [2024-06-26T07:03:54.595+0000] {dag.py:3096} INFO - Sync 1 DAGs
[2024-06-26T07:03:54.613+0000] {logging_mixin.py:188} INFO - [2024-06-26T07:03:54.612+0000] {dag.py:3954} INFO - Setting next_dagrun for example_python_operator to None, run_after=None
[2024-06-26T07:03:54.647+0000] {processor.py:183} INFO - Processing /home/airflow/.local/lib/python3.12/site-packages/airflow/example_dags/example_python_operator.py took 0.291 seconds
[2024-06-26T07:04:25.060+0000] {processor.py:161} INFO - Started process (PID=2312) to work on /home/airflow/.local/lib/python3.12/site-packages/airflow/example_dags/example_python_operator.py
[2024-06-26T07:04:25.062+0000] {processor.py:830} INFO - Processing file /home/airflow/.local/lib/python3.12/site-packages/airflow/example_dags/example_python_operator.py for tasks to queue
[2024-06-26T07:04:25.063+0000] {logging_mixin.py:188} INFO - [2024-06-26T07:04:25.063+0000] {dagbag.py:545} INFO - Filling up the DagBag from /home/airflow/.local/lib/python3.12/site-packages/airflow/example_dags/example_python_operator.py
[2024-06-26T07:04:25.082+0000] {processor.py:840} INFO - DAG(s) 'example_python_operator' retrieved from /home/airflow/.local/lib/python3.12/site-packages/airflow/example_dags/example_python_operator.py
[2024-06-26T07:04:25.123+0000] {logging_mixin.py:188} INFO - [2024-06-26T07:04:25.122+0000] {dag.py:3096} INFO - Sync 1 DAGs
[2024-06-26T07:04:25.332+0000] {logging_mixin.py:188} INFO - [2024-06-26T07:04:25.332+0000] {dag.py:3954} INFO - Setting next_dagrun for example_python_operator to None, run_after=None
[2024-06-26T07:04:25.365+0000] {processor.py:183} INFO - Processing /home/airflow/.local/lib/python3.12/site-packages/airflow/example_dags/example_python_operator.py took 0.316 seconds
[2024-06-26T07:04:55.634+0000] {processor.py:161} INFO - Started process (PID=2375) to work on /home/airflow/.local/lib/python3.12/site-packages/airflow/example_dags/example_python_operator.py
[2024-06-26T07:04:55.634+0000] {processor.py:830} INFO - Processing file /home/airflow/.local/lib/python3.12/site-packages/airflow/example_dags/example_python_operator.py for tasks to queue
[2024-06-26T07:04:55.635+0000] {logging_mixin.py:188} INFO - [2024-06-26T07:04:55.635+0000] {dagbag.py:545} INFO - Filling up the DagBag from /home/airflow/.local/lib/python3.12/site-packages/airflow/example_dags/example_python_operator.py
[2024-06-26T07:04:55.645+0000] {processor.py:840} INFO - DAG(s) 'example_python_operator' retrieved from /home/airflow/.local/lib/python3.12/site-packages/airflow/example_dags/example_python_operator.py
[2024-06-26T07:04:55.670+0000] {logging_mixin.py:188} INFO - [2024-06-26T07:04:55.670+0000] {dag.py:3096} INFO - Sync 1 DAGs
[2024-06-26T07:04:55.683+0000] {logging_mixin.py:188} INFO - [2024-06-26T07:04:55.683+0000] {dag.py:3954} INFO - Setting next_dagrun for example_python_operator to None, run_after=None
[2024-06-26T07:04:55.706+0000] {processor.py:183} INFO - Processing /home/airflow/.local/lib/python3.12/site-packages/airflow/example_dags/example_python_operator.py took 0.078 seconds
[2024-06-26T07:05:26.221+0000] {processor.py:161} INFO - Started process (PID=2441) to work on /home/airflow/.local/lib/python3.12/site-packages/airflow/example_dags/example_python_operator.py
[2024-06-26T07:05:26.224+0000] {processor.py:830} INFO - Processing file /home/airflow/.local/lib/python3.12/site-packages/airflow/example_dags/example_python_operator.py for tasks to queue
[2024-06-26T07:05:26.228+0000] {logging_mixin.py:188} INFO - [2024-06-26T07:05:26.227+0000] {dagbag.py:545} INFO - Filling up the DagBag from /home/airflow/.local/lib/python3.12/site-packages/airflow/example_dags/example_python_operator.py
[2024-06-26T07:05:26.264+0000] {processor.py:840} INFO - DAG(s) 'example_python_operator' retrieved from /home/airflow/.local/lib/python3.12/site-packages/airflow/example_dags/example_python_operator.py
[2024-06-26T07:05:26.339+0000] {logging_mixin.py:188} INFO - [2024-06-26T07:05:26.338+0000] {dag.py:3096} INFO - Sync 1 DAGs
[2024-06-26T07:05:26.377+0000] {logging_mixin.py:188} INFO - [2024-06-26T07:05:26.377+0000] {dag.py:3954} INFO - Setting next_dagrun for example_python_operator to None, run_after=None
[2024-06-26T07:05:26.434+0000] {processor.py:183} INFO - Processing /home/airflow/.local/lib/python3.12/site-packages/airflow/example_dags/example_python_operator.py took 0.231 seconds
[2024-06-26T07:05:56.604+0000] {processor.py:161} INFO - Started process (PID=2505) to work on /home/airflow/.local/lib/python3.12/site-packages/airflow/example_dags/example_python_operator.py
[2024-06-26T07:05:56.606+0000] {processor.py:830} INFO - Processing file /home/airflow/.local/lib/python3.12/site-packages/airflow/example_dags/example_python_operator.py for tasks to queue
[2024-06-26T07:05:56.609+0000] {logging_mixin.py:188} INFO - [2024-06-26T07:05:56.608+0000] {dagbag.py:545} INFO - Filling up the DagBag from /home/airflow/.local/lib/python3.12/site-packages/airflow/example_dags/example_python_operator.py
[2024-06-26T07:05:56.625+0000] {processor.py:840} INFO - DAG(s) 'example_python_operator' retrieved from /home/airflow/.local/lib/python3.12/site-packages/airflow/example_dags/example_python_operator.py
[2024-06-26T07:05:56.669+0000] {logging_mixin.py:188} INFO - [2024-06-26T07:05:56.668+0000] {dag.py:3096} INFO - Sync 1 DAGs
[2024-06-26T07:05:56.688+0000] {logging_mixin.py:188} INFO - [2024-06-26T07:05:56.688+0000] {dag.py:3954} INFO - Setting next_dagrun for example_python_operator to None, run_after=None
[2024-06-26T07:05:56.721+0000] {processor.py:183} INFO - Processing /home/airflow/.local/lib/python3.12/site-packages/airflow/example_dags/example_python_operator.py took 0.124 seconds
[2024-06-26T07:06:27.470+0000] {processor.py:161} INFO - Started process (PID=2567) to work on /home/airflow/.local/lib/python3.12/site-packages/airflow/example_dags/example_python_operator.py
[2024-06-26T07:06:27.471+0000] {processor.py:830} INFO - Processing file /home/airflow/.local/lib/python3.12/site-packages/airflow/example_dags/example_python_operator.py for tasks to queue
[2024-06-26T07:06:27.471+0000] {logging_mixin.py:188} INFO - [2024-06-26T07:06:27.471+0000] {dagbag.py:545} INFO - Filling up the DagBag from /home/airflow/.local/lib/python3.12/site-packages/airflow/example_dags/example_python_operator.py
[2024-06-26T07:06:27.480+0000] {processor.py:840} INFO - DAG(s) 'example_python_operator' retrieved from /home/airflow/.local/lib/python3.12/site-packages/airflow/example_dags/example_python_operator.py
[2024-06-26T07:06:27.500+0000] {logging_mixin.py:188} INFO - [2024-06-26T07:06:27.500+0000] {dag.py:3096} INFO - Sync 1 DAGs
[2024-06-26T07:06:27.510+0000] {logging_mixin.py:188} INFO - [2024-06-26T07:06:27.510+0000] {dag.py:3954} INFO - Setting next_dagrun for example_python_operator to None, run_after=None
[2024-06-26T07:06:27.530+0000] {processor.py:183} INFO - Processing /home/airflow/.local/lib/python3.12/site-packages/airflow/example_dags/example_python_operator.py took 0.065 seconds
[2024-06-26T07:07:00.232+0000] {processor.py:161} INFO - Started process (PID=2629) to work on /home/airflow/.local/lib/python3.12/site-packages/airflow/example_dags/example_python_operator.py
[2024-06-26T07:07:00.285+0000] {processor.py:830} INFO - Processing file /home/airflow/.local/lib/python3.12/site-packages/airflow/example_dags/example_python_operator.py for tasks to queue
[2024-06-26T07:07:00.349+0000] {logging_mixin.py:188} INFO - [2024-06-26T07:07:00.347+0000] {dagbag.py:545} INFO - Filling up the DagBag from /home/airflow/.local/lib/python3.12/site-packages/airflow/example_dags/example_python_operator.py
[2024-06-26T07:07:00.546+0000] {processor.py:840} INFO - DAG(s) 'example_python_operator' retrieved from /home/airflow/.local/lib/python3.12/site-packages/airflow/example_dags/example_python_operator.py
[2024-06-26T07:07:00.861+0000] {logging_mixin.py:188} INFO - [2024-06-26T07:07:00.851+0000] {dag.py:3096} INFO - Sync 1 DAGs
[2024-06-26T07:07:01.020+0000] {logging_mixin.py:188} INFO - [2024-06-26T07:07:01.019+0000] {dag.py:3954} INFO - Setting next_dagrun for example_python_operator to None, run_after=None
[2024-06-26T07:07:02.526+0000] {processor.py:183} INFO - Processing /home/airflow/.local/lib/python3.12/site-packages/airflow/example_dags/example_python_operator.py took 2.345 seconds
[2024-06-26T07:07:32.697+0000] {processor.py:161} INFO - Started process (PID=2691) to work on /home/airflow/.local/lib/python3.12/site-packages/airflow/example_dags/example_python_operator.py
[2024-06-26T07:07:32.699+0000] {processor.py:830} INFO - Processing file /home/airflow/.local/lib/python3.12/site-packages/airflow/example_dags/example_python_operator.py for tasks to queue
[2024-06-26T07:07:32.701+0000] {logging_mixin.py:188} INFO - [2024-06-26T07:07:32.701+0000] {dagbag.py:545} INFO - Filling up the DagBag from /home/airflow/.local/lib/python3.12/site-packages/airflow/example_dags/example_python_operator.py
[2024-06-26T07:07:32.720+0000] {processor.py:840} INFO - DAG(s) 'example_python_operator' retrieved from /home/airflow/.local/lib/python3.12/site-packages/airflow/example_dags/example_python_operator.py
[2024-06-26T07:07:32.764+0000] {logging_mixin.py:188} INFO - [2024-06-26T07:07:32.764+0000] {dag.py:3096} INFO - Sync 1 DAGs
[2024-06-26T07:07:32.790+0000] {logging_mixin.py:188} INFO - [2024-06-26T07:07:32.790+0000] {dag.py:3954} INFO - Setting next_dagrun for example_python_operator to None, run_after=None
[2024-06-26T07:07:32.838+0000] {processor.py:183} INFO - Processing /home/airflow/.local/lib/python3.12/site-packages/airflow/example_dags/example_python_operator.py took 0.154 seconds
[2024-06-26T07:08:09.261+0000] {processor.py:161} INFO - Started process (PID=2752) to work on /home/airflow/.local/lib/python3.12/site-packages/airflow/example_dags/example_python_operator.py
[2024-06-26T07:08:09.264+0000] {processor.py:830} INFO - Processing file /home/airflow/.local/lib/python3.12/site-packages/airflow/example_dags/example_python_operator.py for tasks to queue
[2024-06-26T07:08:09.267+0000] {logging_mixin.py:188} INFO - [2024-06-26T07:08:09.266+0000] {dagbag.py:545} INFO - Filling up the DagBag from /home/airflow/.local/lib/python3.12/site-packages/airflow/example_dags/example_python_operator.py
[2024-06-26T07:08:09.299+0000] {processor.py:840} INFO - DAG(s) 'example_python_operator' retrieved from /home/airflow/.local/lib/python3.12/site-packages/airflow/example_dags/example_python_operator.py
[2024-06-26T07:08:09.383+0000] {logging_mixin.py:188} INFO - [2024-06-26T07:08:09.382+0000] {dag.py:3096} INFO - Sync 1 DAGs
[2024-06-26T07:08:09.428+0000] {logging_mixin.py:188} INFO - [2024-06-26T07:08:09.427+0000] {dag.py:3954} INFO - Setting next_dagrun for example_python_operator to None, run_after=None
[2024-06-26T07:08:09.513+0000] {processor.py:183} INFO - Processing /home/airflow/.local/lib/python3.12/site-packages/airflow/example_dags/example_python_operator.py took 0.270 seconds
[2024-06-26T07:08:41.587+0000] {processor.py:161} INFO - Started process (PID=2814) to work on /home/airflow/.local/lib/python3.12/site-packages/airflow/example_dags/example_python_operator.py
[2024-06-26T07:08:41.591+0000] {processor.py:830} INFO - Processing file /home/airflow/.local/lib/python3.12/site-packages/airflow/example_dags/example_python_operator.py for tasks to queue
[2024-06-26T07:08:41.594+0000] {logging_mixin.py:188} INFO - [2024-06-26T07:08:41.593+0000] {dagbag.py:545} INFO - Filling up the DagBag from /home/airflow/.local/lib/python3.12/site-packages/airflow/example_dags/example_python_operator.py
[2024-06-26T07:08:41.668+0000] {processor.py:840} INFO - DAG(s) 'example_python_operator' retrieved from /home/airflow/.local/lib/python3.12/site-packages/airflow/example_dags/example_python_operator.py
[2024-06-26T07:08:41.809+0000] {logging_mixin.py:188} INFO - [2024-06-26T07:08:41.808+0000] {dag.py:3096} INFO - Sync 1 DAGs
[2024-06-26T07:08:41.852+0000] {logging_mixin.py:188} INFO - [2024-06-26T07:08:41.852+0000] {dag.py:3954} INFO - Setting next_dagrun for example_python_operator to None, run_after=None
[2024-06-26T07:08:41.921+0000] {processor.py:183} INFO - Processing /home/airflow/.local/lib/python3.12/site-packages/airflow/example_dags/example_python_operator.py took 0.364 seconds
[2024-06-26T07:09:15.250+0000] {processor.py:161} INFO - Started process (PID=2878) to work on /home/airflow/.local/lib/python3.12/site-packages/airflow/example_dags/example_python_operator.py
[2024-06-26T07:09:15.254+0000] {processor.py:830} INFO - Processing file /home/airflow/.local/lib/python3.12/site-packages/airflow/example_dags/example_python_operator.py for tasks to queue
[2024-06-26T07:09:15.261+0000] {logging_mixin.py:188} INFO - [2024-06-26T07:09:15.260+0000] {dagbag.py:545} INFO - Filling up the DagBag from /home/airflow/.local/lib/python3.12/site-packages/airflow/example_dags/example_python_operator.py
[2024-06-26T07:09:15.313+0000] {processor.py:840} INFO - DAG(s) 'example_python_operator' retrieved from /home/airflow/.local/lib/python3.12/site-packages/airflow/example_dags/example_python_operator.py
[2024-06-26T07:09:15.441+0000] {logging_mixin.py:188} INFO - [2024-06-26T07:09:15.440+0000] {dag.py:3096} INFO - Sync 1 DAGs
[2024-06-26T07:09:15.520+0000] {logging_mixin.py:188} INFO - [2024-06-26T07:09:15.519+0000] {dag.py:3954} INFO - Setting next_dagrun for example_python_operator to None, run_after=None
[2024-06-26T07:09:15.633+0000] {processor.py:183} INFO - Processing /home/airflow/.local/lib/python3.12/site-packages/airflow/example_dags/example_python_operator.py took 0.410 seconds
[2024-06-26T07:10:32.056+0000] {processor.py:161} INFO - Started process (PID=2946) to work on /home/airflow/.local/lib/python3.12/site-packages/airflow/example_dags/example_python_operator.py
[2024-06-26T07:10:32.076+0000] {processor.py:830} INFO - Processing file /home/airflow/.local/lib/python3.12/site-packages/airflow/example_dags/example_python_operator.py for tasks to queue
[2024-06-26T07:10:32.090+0000] {logging_mixin.py:188} INFO - [2024-06-26T07:10:32.088+0000] {dagbag.py:545} INFO - Filling up the DagBag from /home/airflow/.local/lib/python3.12/site-packages/airflow/example_dags/example_python_operator.py
[2024-06-26T07:10:32.189+0000] {processor.py:840} INFO - DAG(s) 'example_python_operator' retrieved from /home/airflow/.local/lib/python3.12/site-packages/airflow/example_dags/example_python_operator.py
[2024-06-26T07:10:32.567+0000] {logging_mixin.py:188} INFO - [2024-06-26T07:10:32.566+0000] {dag.py:3096} INFO - Sync 1 DAGs
[2024-06-26T07:10:32.836+0000] {logging_mixin.py:188} INFO - [2024-06-26T07:10:32.822+0000] {dag.py:3954} INFO - Setting next_dagrun for example_python_operator to None, run_after=None
[2024-06-26T07:10:33.091+0000] {processor.py:183} INFO - Processing /home/airflow/.local/lib/python3.12/site-packages/airflow/example_dags/example_python_operator.py took 1.130 seconds
[2024-06-26T07:11:03.651+0000] {processor.py:161} INFO - Started process (PID=3009) to work on /home/airflow/.local/lib/python3.12/site-packages/airflow/example_dags/example_python_operator.py
[2024-06-26T07:11:03.654+0000] {processor.py:830} INFO - Processing file /home/airflow/.local/lib/python3.12/site-packages/airflow/example_dags/example_python_operator.py for tasks to queue
[2024-06-26T07:11:03.658+0000] {logging_mixin.py:188} INFO - [2024-06-26T07:11:03.657+0000] {dagbag.py:545} INFO - Filling up the DagBag from /home/airflow/.local/lib/python3.12/site-packages/airflow/example_dags/example_python_operator.py
[2024-06-26T07:11:03.705+0000] {processor.py:840} INFO - DAG(s) 'example_python_operator' retrieved from /home/airflow/.local/lib/python3.12/site-packages/airflow/example_dags/example_python_operator.py
[2024-06-26T07:11:03.816+0000] {logging_mixin.py:188} INFO - [2024-06-26T07:11:03.815+0000] {dag.py:3096} INFO - Sync 1 DAGs
[2024-06-26T07:11:03.874+0000] {logging_mixin.py:188} INFO - [2024-06-26T07:11:03.873+0000] {dag.py:3954} INFO - Setting next_dagrun for example_python_operator to None, run_after=None
[2024-06-26T07:11:03.971+0000] {processor.py:183} INFO - Processing /home/airflow/.local/lib/python3.12/site-packages/airflow/example_dags/example_python_operator.py took 0.341 seconds
[2024-06-26T07:11:34.431+0000] {processor.py:161} INFO - Started process (PID=3071) to work on /home/airflow/.local/lib/python3.12/site-packages/airflow/example_dags/example_python_operator.py
[2024-06-26T07:11:34.434+0000] {processor.py:830} INFO - Processing file /home/airflow/.local/lib/python3.12/site-packages/airflow/example_dags/example_python_operator.py for tasks to queue
[2024-06-26T07:11:34.436+0000] {logging_mixin.py:188} INFO - [2024-06-26T07:11:34.436+0000] {dagbag.py:545} INFO - Filling up the DagBag from /home/airflow/.local/lib/python3.12/site-packages/airflow/example_dags/example_python_operator.py
[2024-06-26T07:11:34.477+0000] {processor.py:840} INFO - DAG(s) 'example_python_operator' retrieved from /home/airflow/.local/lib/python3.12/site-packages/airflow/example_dags/example_python_operator.py
[2024-06-26T07:11:34.641+0000] {logging_mixin.py:188} INFO - [2024-06-26T07:11:34.639+0000] {dag.py:3096} INFO - Sync 1 DAGs
[2024-06-26T07:11:34.758+0000] {logging_mixin.py:188} INFO - [2024-06-26T07:11:34.757+0000] {dag.py:3954} INFO - Setting next_dagrun for example_python_operator to None, run_after=None
[2024-06-26T07:11:35.339+0000] {processor.py:183} INFO - Processing /home/airflow/.local/lib/python3.12/site-packages/airflow/example_dags/example_python_operator.py took 0.927 seconds
[2024-06-26T07:12:06.466+0000] {processor.py:161} INFO - Started process (PID=3134) to work on /home/airflow/.local/lib/python3.12/site-packages/airflow/example_dags/example_python_operator.py
[2024-06-26T07:12:06.533+0000] {processor.py:830} INFO - Processing file /home/airflow/.local/lib/python3.12/site-packages/airflow/example_dags/example_python_operator.py for tasks to queue
[2024-06-26T07:12:06.546+0000] {logging_mixin.py:188} INFO - [2024-06-26T07:12:06.545+0000] {dagbag.py:545} INFO - Filling up the DagBag from /home/airflow/.local/lib/python3.12/site-packages/airflow/example_dags/example_python_operator.py
[2024-06-26T07:12:06.708+0000] {processor.py:840} INFO - DAG(s) 'example_python_operator' retrieved from /home/airflow/.local/lib/python3.12/site-packages/airflow/example_dags/example_python_operator.py
[2024-06-26T07:12:06.993+0000] {logging_mixin.py:188} INFO - [2024-06-26T07:12:06.992+0000] {dag.py:3096} INFO - Sync 1 DAGs
[2024-06-26T07:12:07.052+0000] {logging_mixin.py:188} INFO - [2024-06-26T07:12:07.051+0000] {dag.py:3954} INFO - Setting next_dagrun for example_python_operator to None, run_after=None
[2024-06-26T07:12:07.126+0000] {processor.py:183} INFO - Processing /home/airflow/.local/lib/python3.12/site-packages/airflow/example_dags/example_python_operator.py took 0.757 seconds
[2024-06-26T07:12:57.577+0000] {processor.py:161} INFO - Started process (PID=3199) to work on /home/airflow/.local/lib/python3.12/site-packages/airflow/example_dags/example_python_operator.py
[2024-06-26T07:12:57.602+0000] {processor.py:830} INFO - Processing file /home/airflow/.local/lib/python3.12/site-packages/airflow/example_dags/example_python_operator.py for tasks to queue
[2024-06-26T07:12:57.608+0000] {logging_mixin.py:188} INFO - [2024-06-26T07:12:57.607+0000] {dagbag.py:545} INFO - Filling up the DagBag from /home/airflow/.local/lib/python3.12/site-packages/airflow/example_dags/example_python_operator.py
[2024-06-26T07:12:57.850+0000] {processor.py:840} INFO - DAG(s) 'example_python_operator' retrieved from /home/airflow/.local/lib/python3.12/site-packages/airflow/example_dags/example_python_operator.py
[2024-06-26T07:12:58.322+0000] {logging_mixin.py:188} INFO - [2024-06-26T07:12:58.313+0000] {dag.py:3096} INFO - Sync 1 DAGs
[2024-06-26T07:12:58.480+0000] {logging_mixin.py:188} INFO - [2024-06-26T07:12:58.468+0000] {dag.py:3954} INFO - Setting next_dagrun for example_python_operator to None, run_after=None
[2024-06-26T07:12:58.818+0000] {processor.py:183} INFO - Processing /home/airflow/.local/lib/python3.12/site-packages/airflow/example_dags/example_python_operator.py took 1.323 seconds
[2024-06-26T07:13:30.857+0000] {processor.py:161} INFO - Started process (PID=3262) to work on /home/airflow/.local/lib/python3.12/site-packages/airflow/example_dags/example_python_operator.py
[2024-06-26T07:13:30.860+0000] {processor.py:830} INFO - Processing file /home/airflow/.local/lib/python3.12/site-packages/airflow/example_dags/example_python_operator.py for tasks to queue
[2024-06-26T07:13:30.864+0000] {logging_mixin.py:188} INFO - [2024-06-26T07:13:30.863+0000] {dagbag.py:545} INFO - Filling up the DagBag from /home/airflow/.local/lib/python3.12/site-packages/airflow/example_dags/example_python_operator.py
[2024-06-26T07:13:30.896+0000] {processor.py:840} INFO - DAG(s) 'example_python_operator' retrieved from /home/airflow/.local/lib/python3.12/site-packages/airflow/example_dags/example_python_operator.py
[2024-06-26T07:13:30.972+0000] {logging_mixin.py:188} INFO - [2024-06-26T07:13:30.971+0000] {dag.py:3096} INFO - Sync 1 DAGs
[2024-06-26T07:13:31.007+0000] {logging_mixin.py:188} INFO - [2024-06-26T07:13:31.006+0000] {dag.py:3954} INFO - Setting next_dagrun for example_python_operator to None, run_after=None
[2024-06-26T07:13:31.071+0000] {processor.py:183} INFO - Processing /home/airflow/.local/lib/python3.12/site-packages/airflow/example_dags/example_python_operator.py took 0.238 seconds
[2024-06-26T07:14:02.325+0000] {processor.py:161} INFO - Started process (PID=3321) to work on /home/airflow/.local/lib/python3.12/site-packages/airflow/example_dags/example_python_operator.py
[2024-06-26T07:14:02.328+0000] {processor.py:830} INFO - Processing file /home/airflow/.local/lib/python3.12/site-packages/airflow/example_dags/example_python_operator.py for tasks to queue
[2024-06-26T07:14:02.334+0000] {logging_mixin.py:188} INFO - [2024-06-26T07:14:02.331+0000] {dagbag.py:545} INFO - Filling up the DagBag from /home/airflow/.local/lib/python3.12/site-packages/airflow/example_dags/example_python_operator.py
[2024-06-26T07:14:02.375+0000] {processor.py:840} INFO - DAG(s) 'example_python_operator' retrieved from /home/airflow/.local/lib/python3.12/site-packages/airflow/example_dags/example_python_operator.py
[2024-06-26T07:14:02.453+0000] {logging_mixin.py:188} INFO - [2024-06-26T07:14:02.452+0000] {dag.py:3096} INFO - Sync 1 DAGs
[2024-06-26T07:14:02.491+0000] {logging_mixin.py:188} INFO - [2024-06-26T07:14:02.490+0000] {dag.py:3954} INFO - Setting next_dagrun for example_python_operator to None, run_after=None
[2024-06-26T07:14:02.564+0000] {processor.py:183} INFO - Processing /home/airflow/.local/lib/python3.12/site-packages/airflow/example_dags/example_python_operator.py took 0.256 seconds
[2024-06-26T07:14:32.687+0000] {processor.py:161} INFO - Started process (PID=3383) to work on /home/airflow/.local/lib/python3.12/site-packages/airflow/example_dags/example_python_operator.py
[2024-06-26T07:14:32.691+0000] {processor.py:830} INFO - Processing file /home/airflow/.local/lib/python3.12/site-packages/airflow/example_dags/example_python_operator.py for tasks to queue
[2024-06-26T07:14:32.695+0000] {logging_mixin.py:188} INFO - [2024-06-26T07:14:32.693+0000] {dagbag.py:545} INFO - Filling up the DagBag from /home/airflow/.local/lib/python3.12/site-packages/airflow/example_dags/example_python_operator.py
[2024-06-26T07:14:32.731+0000] {processor.py:840} INFO - DAG(s) 'example_python_operator' retrieved from /home/airflow/.local/lib/python3.12/site-packages/airflow/example_dags/example_python_operator.py
[2024-06-26T07:14:32.828+0000] {logging_mixin.py:188} INFO - [2024-06-26T07:14:32.827+0000] {dag.py:3096} INFO - Sync 1 DAGs
[2024-06-26T07:14:32.895+0000] {logging_mixin.py:188} INFO - [2024-06-26T07:14:32.894+0000] {dag.py:3954} INFO - Setting next_dagrun for example_python_operator to None, run_after=None
[2024-06-26T07:14:32.998+0000] {processor.py:183} INFO - Processing /home/airflow/.local/lib/python3.12/site-packages/airflow/example_dags/example_python_operator.py took 0.332 seconds
[2024-06-26T07:15:04.579+0000] {processor.py:161} INFO - Started process (PID=3445) to work on /home/airflow/.local/lib/python3.12/site-packages/airflow/example_dags/example_python_operator.py
[2024-06-26T07:15:04.582+0000] {processor.py:830} INFO - Processing file /home/airflow/.local/lib/python3.12/site-packages/airflow/example_dags/example_python_operator.py for tasks to queue
[2024-06-26T07:15:04.587+0000] {logging_mixin.py:188} INFO - [2024-06-26T07:15:04.586+0000] {dagbag.py:545} INFO - Filling up the DagBag from /home/airflow/.local/lib/python3.12/site-packages/airflow/example_dags/example_python_operator.py
[2024-06-26T07:15:04.647+0000] {processor.py:840} INFO - DAG(s) 'example_python_operator' retrieved from /home/airflow/.local/lib/python3.12/site-packages/airflow/example_dags/example_python_operator.py
[2024-06-26T07:15:04.823+0000] {logging_mixin.py:188} INFO - [2024-06-26T07:15:04.818+0000] {dag.py:3096} INFO - Sync 1 DAGs
[2024-06-26T07:15:04.900+0000] {logging_mixin.py:188} INFO - [2024-06-26T07:15:04.899+0000] {dag.py:3954} INFO - Setting next_dagrun for example_python_operator to None, run_after=None
[2024-06-26T07:15:05.027+0000] {processor.py:183} INFO - Processing /home/airflow/.local/lib/python3.12/site-packages/airflow/example_dags/example_python_operator.py took 0.472 seconds
[2024-06-26T07:15:56.434+0000] {processor.py:161} INFO - Started process (PID=3508) to work on /home/airflow/.local/lib/python3.12/site-packages/airflow/example_dags/example_python_operator.py
[2024-06-26T07:15:56.470+0000] {processor.py:830} INFO - Processing file /home/airflow/.local/lib/python3.12/site-packages/airflow/example_dags/example_python_operator.py for tasks to queue
[2024-06-26T07:15:56.521+0000] {logging_mixin.py:188} INFO - [2024-06-26T07:15:56.520+0000] {dagbag.py:545} INFO - Filling up the DagBag from /home/airflow/.local/lib/python3.12/site-packages/airflow/example_dags/example_python_operator.py
[2024-06-26T07:15:56.689+0000] {processor.py:840} INFO - DAG(s) 'example_python_operator' retrieved from /home/airflow/.local/lib/python3.12/site-packages/airflow/example_dags/example_python_operator.py
[2024-06-26T07:15:57.027+0000] {logging_mixin.py:188} INFO - [2024-06-26T07:15:57.026+0000] {dag.py:3096} INFO - Sync 1 DAGs
[2024-06-26T07:15:57.206+0000] {logging_mixin.py:188} INFO - [2024-06-26T07:15:57.205+0000] {dag.py:3954} INFO - Setting next_dagrun for example_python_operator to None, run_after=None
[2024-06-26T07:15:57.463+0000] {processor.py:183} INFO - Processing /home/airflow/.local/lib/python3.12/site-packages/airflow/example_dags/example_python_operator.py took 1.114 seconds
[2024-06-26T07:16:41.534+0000] {processor.py:161} INFO - Started process (PID=3568) to work on /home/airflow/.local/lib/python3.12/site-packages/airflow/example_dags/example_python_operator.py
[2024-06-26T07:16:41.730+0000] {processor.py:830} INFO - Processing file /home/airflow/.local/lib/python3.12/site-packages/airflow/example_dags/example_python_operator.py for tasks to queue
[2024-06-26T07:16:41.746+0000] {logging_mixin.py:188} INFO - [2024-06-26T07:16:41.745+0000] {dagbag.py:545} INFO - Filling up the DagBag from /home/airflow/.local/lib/python3.12/site-packages/airflow/example_dags/example_python_operator.py
[2024-06-26T07:16:41.869+0000] {processor.py:840} INFO - DAG(s) 'example_python_operator' retrieved from /home/airflow/.local/lib/python3.12/site-packages/airflow/example_dags/example_python_operator.py
[2024-06-26T07:16:42.140+0000] {logging_mixin.py:188} INFO - [2024-06-26T07:16:42.139+0000] {dag.py:3096} INFO - Sync 1 DAGs
[2024-06-26T07:16:42.327+0000] {logging_mixin.py:188} INFO - [2024-06-26T07:16:42.326+0000] {dag.py:3954} INFO - Setting next_dagrun for example_python_operator to None, run_after=None
[2024-06-26T07:16:42.514+0000] {processor.py:183} INFO - Processing /home/airflow/.local/lib/python3.12/site-packages/airflow/example_dags/example_python_operator.py took 1.048 seconds
[2024-06-26T07:39:15.115+0000] {processor.py:161} INFO - Started process (PID=65) to work on /home/airflow/.local/lib/python3.12/site-packages/airflow/example_dags/example_python_operator.py
[2024-06-26T07:39:15.117+0000] {processor.py:830} INFO - Processing file /home/airflow/.local/lib/python3.12/site-packages/airflow/example_dags/example_python_operator.py for tasks to queue
[2024-06-26T07:39:15.122+0000] {logging_mixin.py:188} INFO - [2024-06-26T07:39:15.121+0000] {dagbag.py:545} INFO - Filling up the DagBag from /home/airflow/.local/lib/python3.12/site-packages/airflow/example_dags/example_python_operator.py
[2024-06-26T07:39:15.154+0000] {processor.py:840} INFO - DAG(s) 'example_python_operator' retrieved from /home/airflow/.local/lib/python3.12/site-packages/airflow/example_dags/example_python_operator.py
[2024-06-26T07:39:15.413+0000] {logging_mixin.py:188} INFO - [2024-06-26T07:39:15.413+0000] {dag.py:3096} INFO - Sync 1 DAGs
[2024-06-26T07:39:15.438+0000] {logging_mixin.py:188} INFO - [2024-06-26T07:39:15.438+0000] {dag.py:3954} INFO - Setting next_dagrun for example_python_operator to None, run_after=None
[2024-06-26T07:39:15.505+0000] {processor.py:183} INFO - Processing /home/airflow/.local/lib/python3.12/site-packages/airflow/example_dags/example_python_operator.py took 0.404 seconds
[2024-06-26T07:39:46.530+0000] {processor.py:161} INFO - Started process (PID=136) to work on /home/airflow/.local/lib/python3.12/site-packages/airflow/example_dags/example_python_operator.py
[2024-06-26T07:39:46.531+0000] {processor.py:830} INFO - Processing file /home/airflow/.local/lib/python3.12/site-packages/airflow/example_dags/example_python_operator.py for tasks to queue
[2024-06-26T07:39:46.533+0000] {logging_mixin.py:188} INFO - [2024-06-26T07:39:46.533+0000] {dagbag.py:545} INFO - Filling up the DagBag from /home/airflow/.local/lib/python3.12/site-packages/airflow/example_dags/example_python_operator.py
[2024-06-26T07:39:46.542+0000] {processor.py:840} INFO - DAG(s) 'example_python_operator' retrieved from /home/airflow/.local/lib/python3.12/site-packages/airflow/example_dags/example_python_operator.py
[2024-06-26T07:39:46.563+0000] {logging_mixin.py:188} INFO - [2024-06-26T07:39:46.563+0000] {dag.py:3096} INFO - Sync 1 DAGs
[2024-06-26T07:39:46.576+0000] {logging_mixin.py:188} INFO - [2024-06-26T07:39:46.575+0000] {dag.py:3954} INFO - Setting next_dagrun for example_python_operator to None, run_after=None
[2024-06-26T07:39:46.600+0000] {processor.py:183} INFO - Processing /home/airflow/.local/lib/python3.12/site-packages/airflow/example_dags/example_python_operator.py took 0.075 seconds
[2024-06-26T07:40:46.703+0000] {processor.py:161} INFO - Started process (PID=202) to work on /home/airflow/.local/lib/python3.12/site-packages/airflow/example_dags/example_python_operator.py
[2024-06-26T07:40:46.806+0000] {processor.py:830} INFO - Processing file /home/airflow/.local/lib/python3.12/site-packages/airflow/example_dags/example_python_operator.py for tasks to queue
[2024-06-26T07:40:46.825+0000] {logging_mixin.py:188} INFO - [2024-06-26T07:40:46.823+0000] {dagbag.py:545} INFO - Filling up the DagBag from /home/airflow/.local/lib/python3.12/site-packages/airflow/example_dags/example_python_operator.py
[2024-06-26T07:40:47.021+0000] {processor.py:840} INFO - DAG(s) 'example_python_operator' retrieved from /home/airflow/.local/lib/python3.12/site-packages/airflow/example_dags/example_python_operator.py
[2024-06-26T07:40:47.337+0000] {logging_mixin.py:188} INFO - [2024-06-26T07:40:47.329+0000] {dag.py:3096} INFO - Sync 1 DAGs
[2024-06-26T07:40:47.653+0000] {logging_mixin.py:188} INFO - [2024-06-26T07:40:47.652+0000] {dag.py:3954} INFO - Setting next_dagrun for example_python_operator to None, run_after=None
[2024-06-26T07:40:47.979+0000] {processor.py:183} INFO - Processing /home/airflow/.local/lib/python3.12/site-packages/airflow/example_dags/example_python_operator.py took 1.389 seconds
[2024-06-26T07:41:53.017+0000] {processor.py:161} INFO - Started process (PID=266) to work on /home/airflow/.local/lib/python3.12/site-packages/airflow/example_dags/example_python_operator.py
[2024-06-26T07:41:53.032+0000] {processor.py:830} INFO - Processing file /home/airflow/.local/lib/python3.12/site-packages/airflow/example_dags/example_python_operator.py for tasks to queue
[2024-06-26T07:41:53.050+0000] {logging_mixin.py:188} INFO - [2024-06-26T07:41:53.049+0000] {dagbag.py:545} INFO - Filling up the DagBag from /home/airflow/.local/lib/python3.12/site-packages/airflow/example_dags/example_python_operator.py
[2024-06-26T07:41:53.469+0000] {processor.py:840} INFO - DAG(s) 'example_python_operator' retrieved from /home/airflow/.local/lib/python3.12/site-packages/airflow/example_dags/example_python_operator.py
[2024-06-26T07:41:53.833+0000] {logging_mixin.py:188} INFO - [2024-06-26T07:41:53.821+0000] {dag.py:3096} INFO - Sync 1 DAGs
[2024-06-26T07:41:54.026+0000] {logging_mixin.py:188} INFO - [2024-06-26T07:41:54.025+0000] {dag.py:3954} INFO - Setting next_dagrun for example_python_operator to None, run_after=None
[2024-06-26T07:41:54.632+0000] {processor.py:183} INFO - Processing /home/airflow/.local/lib/python3.12/site-packages/airflow/example_dags/example_python_operator.py took 1.714 seconds
[2024-06-26T07:44:02.843+0000] {processor.py:161} INFO - Started process (PID=358) to work on /home/airflow/.local/lib/python3.12/site-packages/airflow/example_dags/example_python_operator.py
[2024-06-26T07:44:02.999+0000] {processor.py:830} INFO - Processing file /home/airflow/.local/lib/python3.12/site-packages/airflow/example_dags/example_python_operator.py for tasks to queue
[2024-06-26T07:44:03.011+0000] {logging_mixin.py:188} INFO - [2024-06-26T07:44:03.010+0000] {dagbag.py:545} INFO - Filling up the DagBag from /home/airflow/.local/lib/python3.12/site-packages/airflow/example_dags/example_python_operator.py
[2024-06-26T07:44:03.128+0000] {processor.py:840} INFO - DAG(s) 'example_python_operator' retrieved from /home/airflow/.local/lib/python3.12/site-packages/airflow/example_dags/example_python_operator.py
[2024-06-26T07:44:03.434+0000] {logging_mixin.py:188} INFO - [2024-06-26T07:44:03.433+0000] {dag.py:3096} INFO - Sync 1 DAGs
[2024-06-26T07:44:03.651+0000] {logging_mixin.py:188} INFO - [2024-06-26T07:44:03.651+0000] {dag.py:3954} INFO - Setting next_dagrun for example_python_operator to None, run_after=None
[2024-06-26T07:44:03.915+0000] {processor.py:183} INFO - Processing /home/airflow/.local/lib/python3.12/site-packages/airflow/example_dags/example_python_operator.py took 1.138 seconds
[2024-06-26T07:47:24.916+0000] {processor.py:161} INFO - Started process (PID=420) to work on /home/airflow/.local/lib/python3.12/site-packages/airflow/example_dags/example_python_operator.py
[2024-06-26T07:47:24.922+0000] {processor.py:830} INFO - Processing file /home/airflow/.local/lib/python3.12/site-packages/airflow/example_dags/example_python_operator.py for tasks to queue
[2024-06-26T07:47:24.930+0000] {logging_mixin.py:188} INFO - [2024-06-26T07:47:24.929+0000] {dagbag.py:545} INFO - Filling up the DagBag from /home/airflow/.local/lib/python3.12/site-packages/airflow/example_dags/example_python_operator.py
[2024-06-26T07:47:25.032+0000] {processor.py:840} INFO - DAG(s) 'example_python_operator' retrieved from /home/airflow/.local/lib/python3.12/site-packages/airflow/example_dags/example_python_operator.py
[2024-06-26T07:47:25.319+0000] {logging_mixin.py:188} INFO - [2024-06-26T07:47:25.307+0000] {dag.py:3096} INFO - Sync 1 DAGs
[2024-06-26T07:47:25.517+0000] {logging_mixin.py:188} INFO - [2024-06-26T07:47:25.504+0000] {dag.py:3954} INFO - Setting next_dagrun for example_python_operator to None, run_after=None
[2024-06-26T07:47:25.881+0000] {processor.py:183} INFO - Processing /home/airflow/.local/lib/python3.12/site-packages/airflow/example_dags/example_python_operator.py took 1.037 seconds
