[2024-06-26T06:06:17.688+0000] {processor.py:161} INFO - Started process (PID=102) to work on /home/airflow/.local/lib/python3.12/site-packages/airflow/example_dags/example_python_decorator.py
[2024-06-26T06:06:17.708+0000] {processor.py:830} INFO - Processing file /home/airflow/.local/lib/python3.12/site-packages/airflow/example_dags/example_python_decorator.py for tasks to queue
[2024-06-26T06:06:17.723+0000] {logging_mixin.py:188} INFO - [2024-06-26T06:06:17.722+0000] {dagbag.py:545} INFO - Filling up the DagBag from /home/airflow/.local/lib/python3.12/site-packages/airflow/example_dags/example_python_decorator.py
[2024-06-26T06:06:18.004+0000] {processor.py:840} INFO - DAG(s) 'example_python_decorator' retrieved from /home/airflow/.local/lib/python3.12/site-packages/airflow/example_dags/example_python_decorator.py
[2024-06-26T06:06:20.076+0000] {logging_mixin.py:188} INFO - [2024-06-26T06:06:20.075+0000] {dag.py:3096} INFO - Sync 1 DAGs
[2024-06-26T06:06:20.137+0000] {logging_mixin.py:188} INFO - [2024-06-26T06:06:20.136+0000] {dag.py:3954} INFO - Setting next_dagrun for example_python_decorator to None, run_after=None
[2024-06-26T06:06:20.218+0000] {processor.py:183} INFO - Processing /home/airflow/.local/lib/python3.12/site-packages/airflow/example_dags/example_python_decorator.py took 2.614 seconds
[2024-06-26T06:07:41.300+0000] {processor.py:161} INFO - Started process (PID=175) to work on /home/airflow/.local/lib/python3.12/site-packages/airflow/example_dags/example_python_decorator.py
[2024-06-26T06:07:41.335+0000] {processor.py:830} INFO - Processing file /home/airflow/.local/lib/python3.12/site-packages/airflow/example_dags/example_python_decorator.py for tasks to queue
[2024-06-26T06:07:41.388+0000] {logging_mixin.py:188} INFO - [2024-06-26T06:07:41.386+0000] {dagbag.py:545} INFO - Filling up the DagBag from /home/airflow/.local/lib/python3.12/site-packages/airflow/example_dags/example_python_decorator.py
[2024-06-26T06:07:41.703+0000] {processor.py:840} INFO - DAG(s) 'example_python_decorator' retrieved from /home/airflow/.local/lib/python3.12/site-packages/airflow/example_dags/example_python_decorator.py
[2024-06-26T06:07:42.092+0000] {logging_mixin.py:188} INFO - [2024-06-26T06:07:42.091+0000] {dag.py:3096} INFO - Sync 1 DAGs
[2024-06-26T06:07:42.277+0000] {logging_mixin.py:188} INFO - [2024-06-26T06:07:42.276+0000] {dag.py:3954} INFO - Setting next_dagrun for example_python_decorator to None, run_after=None
[2024-06-26T06:07:42.466+0000] {processor.py:183} INFO - Processing /home/airflow/.local/lib/python3.12/site-packages/airflow/example_dags/example_python_decorator.py took 1.241 seconds
[2024-06-26T06:21:45.723+0000] {processor.py:161} INFO - Started process (PID=94) to work on /home/airflow/.local/lib/python3.12/site-packages/airflow/example_dags/example_python_decorator.py
[2024-06-26T06:21:45.738+0000] {processor.py:830} INFO - Processing file /home/airflow/.local/lib/python3.12/site-packages/airflow/example_dags/example_python_decorator.py for tasks to queue
[2024-06-26T06:21:45.756+0000] {logging_mixin.py:188} INFO - [2024-06-26T06:21:45.754+0000] {dagbag.py:545} INFO - Filling up the DagBag from /home/airflow/.local/lib/python3.12/site-packages/airflow/example_dags/example_python_decorator.py
[2024-06-26T06:21:45.971+0000] {processor.py:840} INFO - DAG(s) 'example_python_decorator' retrieved from /home/airflow/.local/lib/python3.12/site-packages/airflow/example_dags/example_python_decorator.py
[2024-06-26T06:21:47.990+0000] {logging_mixin.py:188} INFO - [2024-06-26T06:21:47.988+0000] {dag.py:3096} INFO - Sync 1 DAGs
[2024-06-26T06:21:48.131+0000] {logging_mixin.py:188} INFO - [2024-06-26T06:21:48.130+0000] {dag.py:3954} INFO - Setting next_dagrun for example_python_decorator to None, run_after=None
[2024-06-26T06:21:48.484+0000] {processor.py:183} INFO - Processing /home/airflow/.local/lib/python3.12/site-packages/airflow/example_dags/example_python_decorator.py took 2.828 seconds
[2024-06-26T06:23:00.663+0000] {processor.py:161} INFO - Started process (PID=162) to work on /home/airflow/.local/lib/python3.12/site-packages/airflow/example_dags/example_python_decorator.py
[2024-06-26T06:23:00.693+0000] {processor.py:830} INFO - Processing file /home/airflow/.local/lib/python3.12/site-packages/airflow/example_dags/example_python_decorator.py for tasks to queue
[2024-06-26T06:23:00.712+0000] {logging_mixin.py:188} INFO - [2024-06-26T06:23:00.710+0000] {dagbag.py:545} INFO - Filling up the DagBag from /home/airflow/.local/lib/python3.12/site-packages/airflow/example_dags/example_python_decorator.py
[2024-06-26T06:23:01.036+0000] {processor.py:840} INFO - DAG(s) 'example_python_decorator' retrieved from /home/airflow/.local/lib/python3.12/site-packages/airflow/example_dags/example_python_decorator.py
[2024-06-26T06:23:01.591+0000] {logging_mixin.py:188} INFO - [2024-06-26T06:23:01.578+0000] {dag.py:3096} INFO - Sync 1 DAGs
[2024-06-26T06:23:01.853+0000] {logging_mixin.py:188} INFO - [2024-06-26T06:23:01.852+0000] {dag.py:3954} INFO - Setting next_dagrun for example_python_decorator to None, run_after=None
[2024-06-26T06:23:02.695+0000] {processor.py:183} INFO - Processing /home/airflow/.local/lib/python3.12/site-packages/airflow/example_dags/example_python_decorator.py took 2.129 seconds
[2024-06-26T06:25:05.830+0000] {processor.py:161} INFO - Started process (PID=258) to work on /home/airflow/.local/lib/python3.12/site-packages/airflow/example_dags/example_python_decorator.py
[2024-06-26T06:25:05.844+0000] {processor.py:830} INFO - Processing file /home/airflow/.local/lib/python3.12/site-packages/airflow/example_dags/example_python_decorator.py for tasks to queue
[2024-06-26T06:25:05.864+0000] {logging_mixin.py:188} INFO - [2024-06-26T06:25:05.863+0000] {dagbag.py:545} INFO - Filling up the DagBag from /home/airflow/.local/lib/python3.12/site-packages/airflow/example_dags/example_python_decorator.py
[2024-06-26T06:25:06.116+0000] {processor.py:840} INFO - DAG(s) 'example_python_decorator' retrieved from /home/airflow/.local/lib/python3.12/site-packages/airflow/example_dags/example_python_decorator.py
[2024-06-26T06:25:07.815+0000] {logging_mixin.py:188} INFO - [2024-06-26T06:25:07.814+0000] {dag.py:3096} INFO - Sync 1 DAGs
[2024-06-26T06:25:08.023+0000] {logging_mixin.py:188} INFO - [2024-06-26T06:25:08.022+0000] {dag.py:3954} INFO - Setting next_dagrun for example_python_decorator to None, run_after=None
[2024-06-26T06:25:08.269+0000] {processor.py:183} INFO - Processing /home/airflow/.local/lib/python3.12/site-packages/airflow/example_dags/example_python_decorator.py took 2.521 seconds
[2024-06-26T06:25:39.202+0000] {processor.py:161} INFO - Started process (PID=326) to work on /home/airflow/.local/lib/python3.12/site-packages/airflow/example_dags/example_python_decorator.py
[2024-06-26T06:25:39.206+0000] {processor.py:830} INFO - Processing file /home/airflow/.local/lib/python3.12/site-packages/airflow/example_dags/example_python_decorator.py for tasks to queue
[2024-06-26T06:25:39.282+0000] {logging_mixin.py:188} INFO - [2024-06-26T06:25:39.280+0000] {dagbag.py:545} INFO - Filling up the DagBag from /home/airflow/.local/lib/python3.12/site-packages/airflow/example_dags/example_python_decorator.py
[2024-06-26T06:25:39.448+0000] {processor.py:840} INFO - DAG(s) 'example_python_decorator' retrieved from /home/airflow/.local/lib/python3.12/site-packages/airflow/example_dags/example_python_decorator.py
[2024-06-26T06:25:39.681+0000] {logging_mixin.py:188} INFO - [2024-06-26T06:25:39.680+0000] {dag.py:3096} INFO - Sync 1 DAGs
[2024-06-26T06:25:39.918+0000] {logging_mixin.py:188} INFO - [2024-06-26T06:25:39.907+0000] {dag.py:3954} INFO - Setting next_dagrun for example_python_decorator to None, run_after=None
[2024-06-26T06:25:40.123+0000] {processor.py:183} INFO - Processing /home/airflow/.local/lib/python3.12/site-packages/airflow/example_dags/example_python_decorator.py took 0.962 seconds
[2024-06-26T06:26:10.368+0000] {processor.py:161} INFO - Started process (PID=389) to work on /home/airflow/.local/lib/python3.12/site-packages/airflow/example_dags/example_python_decorator.py
[2024-06-26T06:26:10.370+0000] {processor.py:830} INFO - Processing file /home/airflow/.local/lib/python3.12/site-packages/airflow/example_dags/example_python_decorator.py for tasks to queue
[2024-06-26T06:26:10.374+0000] {logging_mixin.py:188} INFO - [2024-06-26T06:26:10.373+0000] {dagbag.py:545} INFO - Filling up the DagBag from /home/airflow/.local/lib/python3.12/site-packages/airflow/example_dags/example_python_decorator.py
[2024-06-26T06:26:10.395+0000] {processor.py:840} INFO - DAG(s) 'example_python_decorator' retrieved from /home/airflow/.local/lib/python3.12/site-packages/airflow/example_dags/example_python_decorator.py
[2024-06-26T06:26:10.439+0000] {logging_mixin.py:188} INFO - [2024-06-26T06:26:10.438+0000] {dag.py:3096} INFO - Sync 1 DAGs
[2024-06-26T06:26:10.465+0000] {logging_mixin.py:188} INFO - [2024-06-26T06:26:10.465+0000] {dag.py:3954} INFO - Setting next_dagrun for example_python_decorator to None, run_after=None
[2024-06-26T06:26:10.502+0000] {processor.py:183} INFO - Processing /home/airflow/.local/lib/python3.12/site-packages/airflow/example_dags/example_python_decorator.py took 0.144 seconds
[2024-06-26T06:40:35.021+0000] {processor.py:161} INFO - Started process (PID=76) to work on /home/airflow/.local/lib/python3.12/site-packages/airflow/example_dags/example_python_decorator.py
[2024-06-26T06:40:35.029+0000] {processor.py:830} INFO - Processing file /home/airflow/.local/lib/python3.12/site-packages/airflow/example_dags/example_python_decorator.py for tasks to queue
[2024-06-26T06:40:35.048+0000] {logging_mixin.py:188} INFO - [2024-06-26T06:40:35.042+0000] {dagbag.py:545} INFO - Filling up the DagBag from /home/airflow/.local/lib/python3.12/site-packages/airflow/example_dags/example_python_decorator.py
[2024-06-26T06:40:35.378+0000] {processor.py:840} INFO - DAG(s) 'example_python_decorator' retrieved from /home/airflow/.local/lib/python3.12/site-packages/airflow/example_dags/example_python_decorator.py
[2024-06-26T06:40:37.327+0000] {logging_mixin.py:188} INFO - [2024-06-26T06:40:37.325+0000] {dag.py:3096} INFO - Sync 1 DAGs
[2024-06-26T06:40:37.458+0000] {logging_mixin.py:188} INFO - [2024-06-26T06:40:37.456+0000] {dag.py:3954} INFO - Setting next_dagrun for example_python_decorator to None, run_after=None
[2024-06-26T06:40:37.743+0000] {processor.py:183} INFO - Processing /home/airflow/.local/lib/python3.12/site-packages/airflow/example_dags/example_python_decorator.py took 2.835 seconds
[2024-06-26T06:41:15.294+0000] {processor.py:161} INFO - Started process (PID=145) to work on /home/airflow/.local/lib/python3.12/site-packages/airflow/example_dags/example_python_decorator.py
[2024-06-26T06:41:15.299+0000] {processor.py:830} INFO - Processing file /home/airflow/.local/lib/python3.12/site-packages/airflow/example_dags/example_python_decorator.py for tasks to queue
[2024-06-26T06:41:15.308+0000] {logging_mixin.py:188} INFO - [2024-06-26T06:41:15.306+0000] {dagbag.py:545} INFO - Filling up the DagBag from /home/airflow/.local/lib/python3.12/site-packages/airflow/example_dags/example_python_decorator.py
[2024-06-26T06:41:15.408+0000] {processor.py:840} INFO - DAG(s) 'example_python_decorator' retrieved from /home/airflow/.local/lib/python3.12/site-packages/airflow/example_dags/example_python_decorator.py
[2024-06-26T06:41:15.568+0000] {logging_mixin.py:188} INFO - [2024-06-26T06:41:15.567+0000] {dag.py:3096} INFO - Sync 1 DAGs
[2024-06-26T06:41:15.662+0000] {logging_mixin.py:188} INFO - [2024-06-26T06:41:15.660+0000] {dag.py:3954} INFO - Setting next_dagrun for example_python_decorator to None, run_after=None
[2024-06-26T06:41:15.852+0000] {processor.py:183} INFO - Processing /home/airflow/.local/lib/python3.12/site-packages/airflow/example_dags/example_python_decorator.py took 0.585 seconds
[2024-06-26T06:41:46.403+0000] {processor.py:161} INFO - Started process (PID=207) to work on /home/airflow/.local/lib/python3.12/site-packages/airflow/example_dags/example_python_decorator.py
[2024-06-26T06:41:46.406+0000] {processor.py:830} INFO - Processing file /home/airflow/.local/lib/python3.12/site-packages/airflow/example_dags/example_python_decorator.py for tasks to queue
[2024-06-26T06:41:46.413+0000] {logging_mixin.py:188} INFO - [2024-06-26T06:41:46.411+0000] {dagbag.py:545} INFO - Filling up the DagBag from /home/airflow/.local/lib/python3.12/site-packages/airflow/example_dags/example_python_decorator.py
[2024-06-26T06:41:46.458+0000] {processor.py:840} INFO - DAG(s) 'example_python_decorator' retrieved from /home/airflow/.local/lib/python3.12/site-packages/airflow/example_dags/example_python_decorator.py
[2024-06-26T06:41:46.545+0000] {logging_mixin.py:188} INFO - [2024-06-26T06:41:46.544+0000] {dag.py:3096} INFO - Sync 1 DAGs
[2024-06-26T06:41:46.590+0000] {logging_mixin.py:188} INFO - [2024-06-26T06:41:46.589+0000] {dag.py:3954} INFO - Setting next_dagrun for example_python_decorator to None, run_after=None
[2024-06-26T06:41:46.669+0000] {processor.py:183} INFO - Processing /home/airflow/.local/lib/python3.12/site-packages/airflow/example_dags/example_python_decorator.py took 0.284 seconds
[2024-06-26T06:42:17.067+0000] {processor.py:161} INFO - Started process (PID=269) to work on /home/airflow/.local/lib/python3.12/site-packages/airflow/example_dags/example_python_decorator.py
[2024-06-26T06:42:17.069+0000] {processor.py:830} INFO - Processing file /home/airflow/.local/lib/python3.12/site-packages/airflow/example_dags/example_python_decorator.py for tasks to queue
[2024-06-26T06:42:17.071+0000] {logging_mixin.py:188} INFO - [2024-06-26T06:42:17.071+0000] {dagbag.py:545} INFO - Filling up the DagBag from /home/airflow/.local/lib/python3.12/site-packages/airflow/example_dags/example_python_decorator.py
[2024-06-26T06:42:17.089+0000] {processor.py:840} INFO - DAG(s) 'example_python_decorator' retrieved from /home/airflow/.local/lib/python3.12/site-packages/airflow/example_dags/example_python_decorator.py
[2024-06-26T06:42:17.122+0000] {logging_mixin.py:188} INFO - [2024-06-26T06:42:17.122+0000] {dag.py:3096} INFO - Sync 1 DAGs
[2024-06-26T06:42:17.141+0000] {logging_mixin.py:188} INFO - [2024-06-26T06:42:17.141+0000] {dag.py:3954} INFO - Setting next_dagrun for example_python_decorator to None, run_after=None
[2024-06-26T06:42:17.169+0000] {processor.py:183} INFO - Processing /home/airflow/.local/lib/python3.12/site-packages/airflow/example_dags/example_python_decorator.py took 0.109 seconds
[2024-06-26T06:42:47.685+0000] {processor.py:161} INFO - Started process (PID=331) to work on /home/airflow/.local/lib/python3.12/site-packages/airflow/example_dags/example_python_decorator.py
[2024-06-26T06:42:47.687+0000] {processor.py:830} INFO - Processing file /home/airflow/.local/lib/python3.12/site-packages/airflow/example_dags/example_python_decorator.py for tasks to queue
[2024-06-26T06:42:47.690+0000] {logging_mixin.py:188} INFO - [2024-06-26T06:42:47.689+0000] {dagbag.py:545} INFO - Filling up the DagBag from /home/airflow/.local/lib/python3.12/site-packages/airflow/example_dags/example_python_decorator.py
[2024-06-26T06:42:47.709+0000] {processor.py:840} INFO - DAG(s) 'example_python_decorator' retrieved from /home/airflow/.local/lib/python3.12/site-packages/airflow/example_dags/example_python_decorator.py
[2024-06-26T06:42:47.742+0000] {logging_mixin.py:188} INFO - [2024-06-26T06:42:47.742+0000] {dag.py:3096} INFO - Sync 1 DAGs
[2024-06-26T06:42:47.762+0000] {logging_mixin.py:188} INFO - [2024-06-26T06:42:47.761+0000] {dag.py:3954} INFO - Setting next_dagrun for example_python_decorator to None, run_after=None
[2024-06-26T06:42:47.792+0000] {processor.py:183} INFO - Processing /home/airflow/.local/lib/python3.12/site-packages/airflow/example_dags/example_python_decorator.py took 0.115 seconds
[2024-06-26T06:43:19.154+0000] {processor.py:161} INFO - Started process (PID=393) to work on /home/airflow/.local/lib/python3.12/site-packages/airflow/example_dags/example_python_decorator.py
[2024-06-26T06:43:19.168+0000] {processor.py:830} INFO - Processing file /home/airflow/.local/lib/python3.12/site-packages/airflow/example_dags/example_python_decorator.py for tasks to queue
[2024-06-26T06:43:19.175+0000] {logging_mixin.py:188} INFO - [2024-06-26T06:43:19.174+0000] {dagbag.py:545} INFO - Filling up the DagBag from /home/airflow/.local/lib/python3.12/site-packages/airflow/example_dags/example_python_decorator.py
[2024-06-26T06:43:19.218+0000] {processor.py:840} INFO - DAG(s) 'example_python_decorator' retrieved from /home/airflow/.local/lib/python3.12/site-packages/airflow/example_dags/example_python_decorator.py
[2024-06-26T06:43:19.290+0000] {logging_mixin.py:188} INFO - [2024-06-26T06:43:19.289+0000] {dag.py:3096} INFO - Sync 1 DAGs
[2024-06-26T06:43:19.336+0000] {logging_mixin.py:188} INFO - [2024-06-26T06:43:19.335+0000] {dag.py:3954} INFO - Setting next_dagrun for example_python_decorator to None, run_after=None
[2024-06-26T06:43:19.401+0000] {processor.py:183} INFO - Processing /home/airflow/.local/lib/python3.12/site-packages/airflow/example_dags/example_python_decorator.py took 0.274 seconds
[2024-06-26T06:43:49.619+0000] {processor.py:161} INFO - Started process (PID=455) to work on /home/airflow/.local/lib/python3.12/site-packages/airflow/example_dags/example_python_decorator.py
[2024-06-26T06:43:49.622+0000] {processor.py:830} INFO - Processing file /home/airflow/.local/lib/python3.12/site-packages/airflow/example_dags/example_python_decorator.py for tasks to queue
[2024-06-26T06:43:49.630+0000] {logging_mixin.py:188} INFO - [2024-06-26T06:43:49.629+0000] {dagbag.py:545} INFO - Filling up the DagBag from /home/airflow/.local/lib/python3.12/site-packages/airflow/example_dags/example_python_decorator.py
[2024-06-26T06:43:49.684+0000] {processor.py:840} INFO - DAG(s) 'example_python_decorator' retrieved from /home/airflow/.local/lib/python3.12/site-packages/airflow/example_dags/example_python_decorator.py
[2024-06-26T06:43:49.757+0000] {logging_mixin.py:188} INFO - [2024-06-26T06:43:49.757+0000] {dag.py:3096} INFO - Sync 1 DAGs
[2024-06-26T06:43:49.796+0000] {logging_mixin.py:188} INFO - [2024-06-26T06:43:49.796+0000] {dag.py:3954} INFO - Setting next_dagrun for example_python_decorator to None, run_after=None
[2024-06-26T06:43:49.868+0000] {processor.py:183} INFO - Processing /home/airflow/.local/lib/python3.12/site-packages/airflow/example_dags/example_python_decorator.py took 0.273 seconds
[2024-06-26T06:44:26.792+0000] {processor.py:161} INFO - Started process (PID=517) to work on /home/airflow/.local/lib/python3.12/site-packages/airflow/example_dags/example_python_decorator.py
[2024-06-26T06:44:26.796+0000] {processor.py:830} INFO - Processing file /home/airflow/.local/lib/python3.12/site-packages/airflow/example_dags/example_python_decorator.py for tasks to queue
[2024-06-26T06:44:26.801+0000] {logging_mixin.py:188} INFO - [2024-06-26T06:44:26.800+0000] {dagbag.py:545} INFO - Filling up the DagBag from /home/airflow/.local/lib/python3.12/site-packages/airflow/example_dags/example_python_decorator.py
[2024-06-26T06:44:26.847+0000] {processor.py:840} INFO - DAG(s) 'example_python_decorator' retrieved from /home/airflow/.local/lib/python3.12/site-packages/airflow/example_dags/example_python_decorator.py
[2024-06-26T06:44:26.924+0000] {logging_mixin.py:188} INFO - [2024-06-26T06:44:26.923+0000] {dag.py:3096} INFO - Sync 1 DAGs
[2024-06-26T06:44:26.972+0000] {logging_mixin.py:188} INFO - [2024-06-26T06:44:26.971+0000] {dag.py:3954} INFO - Setting next_dagrun for example_python_decorator to None, run_after=None
[2024-06-26T06:44:27.080+0000] {processor.py:183} INFO - Processing /home/airflow/.local/lib/python3.12/site-packages/airflow/example_dags/example_python_decorator.py took 0.305 seconds
[2024-06-26T06:45:13.201+0000] {processor.py:161} INFO - Started process (PID=578) to work on /home/airflow/.local/lib/python3.12/site-packages/airflow/example_dags/example_python_decorator.py
[2024-06-26T06:45:13.222+0000] {processor.py:830} INFO - Processing file /home/airflow/.local/lib/python3.12/site-packages/airflow/example_dags/example_python_decorator.py for tasks to queue
[2024-06-26T06:45:13.295+0000] {logging_mixin.py:188} INFO - [2024-06-26T06:45:13.293+0000] {dagbag.py:545} INFO - Filling up the DagBag from /home/airflow/.local/lib/python3.12/site-packages/airflow/example_dags/example_python_decorator.py
[2024-06-26T06:45:13.511+0000] {processor.py:840} INFO - DAG(s) 'example_python_decorator' retrieved from /home/airflow/.local/lib/python3.12/site-packages/airflow/example_dags/example_python_decorator.py
[2024-06-26T06:45:13.814+0000] {logging_mixin.py:188} INFO - [2024-06-26T06:45:13.813+0000] {dag.py:3096} INFO - Sync 1 DAGs
[2024-06-26T06:45:14.089+0000] {logging_mixin.py:188} INFO - [2024-06-26T06:45:14.088+0000] {dag.py:3954} INFO - Setting next_dagrun for example_python_decorator to None, run_after=None
[2024-06-26T06:45:14.513+0000] {processor.py:183} INFO - Processing /home/airflow/.local/lib/python3.12/site-packages/airflow/example_dags/example_python_decorator.py took 1.385 seconds
[2024-06-26T06:46:28.598+0000] {processor.py:161} INFO - Started process (PID=653) to work on /home/airflow/.local/lib/python3.12/site-packages/airflow/example_dags/example_python_decorator.py
[2024-06-26T06:46:28.827+0000] {processor.py:830} INFO - Processing file /home/airflow/.local/lib/python3.12/site-packages/airflow/example_dags/example_python_decorator.py for tasks to queue
[2024-06-26T06:46:28.937+0000] {logging_mixin.py:188} INFO - [2024-06-26T06:46:28.935+0000] {dagbag.py:545} INFO - Filling up the DagBag from /home/airflow/.local/lib/python3.12/site-packages/airflow/example_dags/example_python_decorator.py
[2024-06-26T06:46:29.153+0000] {processor.py:840} INFO - DAG(s) 'example_python_decorator' retrieved from /home/airflow/.local/lib/python3.12/site-packages/airflow/example_dags/example_python_decorator.py
[2024-06-26T06:46:29.550+0000] {logging_mixin.py:188} INFO - [2024-06-26T06:46:29.549+0000] {dag.py:3096} INFO - Sync 1 DAGs
[2024-06-26T06:46:29.809+0000] {logging_mixin.py:188} INFO - [2024-06-26T06:46:29.808+0000] {dag.py:3954} INFO - Setting next_dagrun for example_python_decorator to None, run_after=None
[2024-06-26T06:46:30.094+0000] {processor.py:183} INFO - Processing /home/airflow/.local/lib/python3.12/site-packages/airflow/example_dags/example_python_decorator.py took 1.578 seconds
[2024-06-26T06:47:22.098+0000] {processor.py:161} INFO - Started process (PID=721) to work on /home/airflow/.local/lib/python3.12/site-packages/airflow/example_dags/example_python_decorator.py
[2024-06-26T06:47:22.102+0000] {processor.py:830} INFO - Processing file /home/airflow/.local/lib/python3.12/site-packages/airflow/example_dags/example_python_decorator.py for tasks to queue
[2024-06-26T06:47:22.131+0000] {logging_mixin.py:188} INFO - [2024-06-26T06:47:22.118+0000] {dagbag.py:545} INFO - Filling up the DagBag from /home/airflow/.local/lib/python3.12/site-packages/airflow/example_dags/example_python_decorator.py
[2024-06-26T06:47:22.279+0000] {processor.py:840} INFO - DAG(s) 'example_python_decorator' retrieved from /home/airflow/.local/lib/python3.12/site-packages/airflow/example_dags/example_python_decorator.py
[2024-06-26T06:47:22.616+0000] {logging_mixin.py:188} INFO - [2024-06-26T06:47:22.615+0000] {dag.py:3096} INFO - Sync 1 DAGs
[2024-06-26T06:47:22.836+0000] {logging_mixin.py:188} INFO - [2024-06-26T06:47:22.835+0000] {dag.py:3954} INFO - Setting next_dagrun for example_python_decorator to None, run_after=None
[2024-06-26T06:47:23.147+0000] {processor.py:183} INFO - Processing /home/airflow/.local/lib/python3.12/site-packages/airflow/example_dags/example_python_decorator.py took 1.131 seconds
[2024-06-26T06:48:10.237+0000] {processor.py:161} INFO - Started process (PID=784) to work on /home/airflow/.local/lib/python3.12/site-packages/airflow/example_dags/example_python_decorator.py
[2024-06-26T06:48:10.244+0000] {processor.py:830} INFO - Processing file /home/airflow/.local/lib/python3.12/site-packages/airflow/example_dags/example_python_decorator.py for tasks to queue
[2024-06-26T06:48:10.263+0000] {logging_mixin.py:188} INFO - [2024-06-26T06:48:10.262+0000] {dagbag.py:545} INFO - Filling up the DagBag from /home/airflow/.local/lib/python3.12/site-packages/airflow/example_dags/example_python_decorator.py
[2024-06-26T06:48:10.486+0000] {processor.py:840} INFO - DAG(s) 'example_python_decorator' retrieved from /home/airflow/.local/lib/python3.12/site-packages/airflow/example_dags/example_python_decorator.py
[2024-06-26T06:48:10.707+0000] {logging_mixin.py:188} INFO - [2024-06-26T06:48:10.697+0000] {dag.py:3096} INFO - Sync 1 DAGs
[2024-06-26T06:48:10.843+0000] {logging_mixin.py:188} INFO - [2024-06-26T06:48:10.842+0000] {dag.py:3954} INFO - Setting next_dagrun for example_python_decorator to None, run_after=None
[2024-06-26T06:48:11.093+0000] {processor.py:183} INFO - Processing /home/airflow/.local/lib/python3.12/site-packages/airflow/example_dags/example_python_decorator.py took 0.910 seconds
[2024-06-26T06:48:41.306+0000] {processor.py:161} INFO - Started process (PID=847) to work on /home/airflow/.local/lib/python3.12/site-packages/airflow/example_dags/example_python_decorator.py
[2024-06-26T06:48:41.308+0000] {processor.py:830} INFO - Processing file /home/airflow/.local/lib/python3.12/site-packages/airflow/example_dags/example_python_decorator.py for tasks to queue
[2024-06-26T06:48:41.311+0000] {logging_mixin.py:188} INFO - [2024-06-26T06:48:41.310+0000] {dagbag.py:545} INFO - Filling up the DagBag from /home/airflow/.local/lib/python3.12/site-packages/airflow/example_dags/example_python_decorator.py
[2024-06-26T06:48:41.329+0000] {processor.py:840} INFO - DAG(s) 'example_python_decorator' retrieved from /home/airflow/.local/lib/python3.12/site-packages/airflow/example_dags/example_python_decorator.py
[2024-06-26T06:48:41.364+0000] {logging_mixin.py:188} INFO - [2024-06-26T06:48:41.363+0000] {dag.py:3096} INFO - Sync 1 DAGs
[2024-06-26T06:48:41.382+0000] {logging_mixin.py:188} INFO - [2024-06-26T06:48:41.381+0000] {dag.py:3954} INFO - Setting next_dagrun for example_python_decorator to None, run_after=None
[2024-06-26T06:48:41.413+0000] {processor.py:183} INFO - Processing /home/airflow/.local/lib/python3.12/site-packages/airflow/example_dags/example_python_decorator.py took 0.115 seconds
[2024-06-26T06:49:13.429+0000] {processor.py:161} INFO - Started process (PID=907) to work on /home/airflow/.local/lib/python3.12/site-packages/airflow/example_dags/example_python_decorator.py
[2024-06-26T06:49:13.444+0000] {processor.py:830} INFO - Processing file /home/airflow/.local/lib/python3.12/site-packages/airflow/example_dags/example_python_decorator.py for tasks to queue
[2024-06-26T06:49:13.462+0000] {logging_mixin.py:188} INFO - [2024-06-26T06:49:13.460+0000] {dagbag.py:545} INFO - Filling up the DagBag from /home/airflow/.local/lib/python3.12/site-packages/airflow/example_dags/example_python_decorator.py
[2024-06-26T06:49:13.701+0000] {processor.py:840} INFO - DAG(s) 'example_python_decorator' retrieved from /home/airflow/.local/lib/python3.12/site-packages/airflow/example_dags/example_python_decorator.py
[2024-06-26T06:49:14.032+0000] {logging_mixin.py:188} INFO - [2024-06-26T06:49:14.031+0000] {dag.py:3096} INFO - Sync 1 DAGs
[2024-06-26T06:49:14.237+0000] {logging_mixin.py:188} INFO - [2024-06-26T06:49:14.236+0000] {dag.py:3954} INFO - Setting next_dagrun for example_python_decorator to None, run_after=None
[2024-06-26T06:49:14.636+0000] {processor.py:183} INFO - Processing /home/airflow/.local/lib/python3.12/site-packages/airflow/example_dags/example_python_decorator.py took 1.268 seconds
[2024-06-26T06:50:13.593+0000] {processor.py:161} INFO - Started process (PID=978) to work on /home/airflow/.local/lib/python3.12/site-packages/airflow/example_dags/example_python_decorator.py
[2024-06-26T06:50:13.597+0000] {processor.py:830} INFO - Processing file /home/airflow/.local/lib/python3.12/site-packages/airflow/example_dags/example_python_decorator.py for tasks to queue
[2024-06-26T06:50:13.616+0000] {logging_mixin.py:188} INFO - [2024-06-26T06:50:13.603+0000] {dagbag.py:545} INFO - Filling up the DagBag from /home/airflow/.local/lib/python3.12/site-packages/airflow/example_dags/example_python_decorator.py
[2024-06-26T06:50:13.911+0000] {processor.py:840} INFO - DAG(s) 'example_python_decorator' retrieved from /home/airflow/.local/lib/python3.12/site-packages/airflow/example_dags/example_python_decorator.py
[2024-06-26T06:50:14.266+0000] {logging_mixin.py:188} INFO - [2024-06-26T06:50:14.264+0000] {dag.py:3096} INFO - Sync 1 DAGs
[2024-06-26T06:50:14.402+0000] {logging_mixin.py:188} INFO - [2024-06-26T06:50:14.400+0000] {dag.py:3954} INFO - Setting next_dagrun for example_python_decorator to None, run_after=None
[2024-06-26T06:50:14.732+0000] {processor.py:183} INFO - Processing /home/airflow/.local/lib/python3.12/site-packages/airflow/example_dags/example_python_decorator.py took 1.229 seconds
[2024-06-26T06:51:29.427+0000] {processor.py:161} INFO - Started process (PID=1045) to work on /home/airflow/.local/lib/python3.12/site-packages/airflow/example_dags/example_python_decorator.py
[2024-06-26T06:51:29.432+0000] {processor.py:830} INFO - Processing file /home/airflow/.local/lib/python3.12/site-packages/airflow/example_dags/example_python_decorator.py for tasks to queue
[2024-06-26T06:51:29.462+0000] {logging_mixin.py:188} INFO - [2024-06-26T06:51:29.461+0000] {dagbag.py:545} INFO - Filling up the DagBag from /home/airflow/.local/lib/python3.12/site-packages/airflow/example_dags/example_python_decorator.py
[2024-06-26T06:51:29.692+0000] {processor.py:840} INFO - DAG(s) 'example_python_decorator' retrieved from /home/airflow/.local/lib/python3.12/site-packages/airflow/example_dags/example_python_decorator.py
[2024-06-26T06:51:30.005+0000] {logging_mixin.py:188} INFO - [2024-06-26T06:51:30.003+0000] {dag.py:3096} INFO - Sync 1 DAGs
[2024-06-26T06:51:30.214+0000] {logging_mixin.py:188} INFO - [2024-06-26T06:51:30.202+0000] {dag.py:3954} INFO - Setting next_dagrun for example_python_decorator to None, run_after=None
[2024-06-26T06:51:30.570+0000] {processor.py:183} INFO - Processing /home/airflow/.local/lib/python3.12/site-packages/airflow/example_dags/example_python_decorator.py took 1.226 seconds
[2024-06-26T06:52:08.078+0000] {processor.py:161} INFO - Started process (PID=1107) to work on /home/airflow/.local/lib/python3.12/site-packages/airflow/example_dags/example_python_decorator.py
[2024-06-26T06:52:08.083+0000] {processor.py:830} INFO - Processing file /home/airflow/.local/lib/python3.12/site-packages/airflow/example_dags/example_python_decorator.py for tasks to queue
[2024-06-26T06:52:08.091+0000] {logging_mixin.py:188} INFO - [2024-06-26T06:52:08.089+0000] {dagbag.py:545} INFO - Filling up the DagBag from /home/airflow/.local/lib/python3.12/site-packages/airflow/example_dags/example_python_decorator.py
[2024-06-26T06:52:08.154+0000] {processor.py:840} INFO - DAG(s) 'example_python_decorator' retrieved from /home/airflow/.local/lib/python3.12/site-packages/airflow/example_dags/example_python_decorator.py
[2024-06-26T06:52:08.295+0000] {logging_mixin.py:188} INFO - [2024-06-26T06:52:08.294+0000] {dag.py:3096} INFO - Sync 1 DAGs
[2024-06-26T06:52:08.432+0000] {logging_mixin.py:188} INFO - [2024-06-26T06:52:08.431+0000] {dag.py:3954} INFO - Setting next_dagrun for example_python_decorator to None, run_after=None
[2024-06-26T06:52:08.568+0000] {processor.py:183} INFO - Processing /home/airflow/.local/lib/python3.12/site-packages/airflow/example_dags/example_python_decorator.py took 0.514 seconds
[2024-06-26T06:52:39.229+0000] {processor.py:161} INFO - Started process (PID=1169) to work on /home/airflow/.local/lib/python3.12/site-packages/airflow/example_dags/example_python_decorator.py
[2024-06-26T06:52:39.234+0000] {processor.py:830} INFO - Processing file /home/airflow/.local/lib/python3.12/site-packages/airflow/example_dags/example_python_decorator.py for tasks to queue
[2024-06-26T06:52:39.243+0000] {logging_mixin.py:188} INFO - [2024-06-26T06:52:39.241+0000] {dagbag.py:545} INFO - Filling up the DagBag from /home/airflow/.local/lib/python3.12/site-packages/airflow/example_dags/example_python_decorator.py
[2024-06-26T06:52:39.303+0000] {processor.py:840} INFO - DAG(s) 'example_python_decorator' retrieved from /home/airflow/.local/lib/python3.12/site-packages/airflow/example_dags/example_python_decorator.py
[2024-06-26T06:52:39.429+0000] {logging_mixin.py:188} INFO - [2024-06-26T06:52:39.428+0000] {dag.py:3096} INFO - Sync 1 DAGs
[2024-06-26T06:52:39.503+0000] {logging_mixin.py:188} INFO - [2024-06-26T06:52:39.502+0000] {dag.py:3954} INFO - Setting next_dagrun for example_python_decorator to None, run_after=None
[2024-06-26T06:52:39.590+0000] {processor.py:183} INFO - Processing /home/airflow/.local/lib/python3.12/site-packages/airflow/example_dags/example_python_decorator.py took 0.384 seconds
[2024-06-26T06:53:09.729+0000] {processor.py:161} INFO - Started process (PID=1231) to work on /home/airflow/.local/lib/python3.12/site-packages/airflow/example_dags/example_python_decorator.py
[2024-06-26T06:53:09.731+0000] {processor.py:830} INFO - Processing file /home/airflow/.local/lib/python3.12/site-packages/airflow/example_dags/example_python_decorator.py for tasks to queue
[2024-06-26T06:53:09.735+0000] {logging_mixin.py:188} INFO - [2024-06-26T06:53:09.734+0000] {dagbag.py:545} INFO - Filling up the DagBag from /home/airflow/.local/lib/python3.12/site-packages/airflow/example_dags/example_python_decorator.py
[2024-06-26T06:53:09.759+0000] {processor.py:840} INFO - DAG(s) 'example_python_decorator' retrieved from /home/airflow/.local/lib/python3.12/site-packages/airflow/example_dags/example_python_decorator.py
[2024-06-26T06:53:09.803+0000] {logging_mixin.py:188} INFO - [2024-06-26T06:53:09.802+0000] {dag.py:3096} INFO - Sync 1 DAGs
[2024-06-26T06:53:09.829+0000] {logging_mixin.py:188} INFO - [2024-06-26T06:53:09.829+0000] {dag.py:3954} INFO - Setting next_dagrun for example_python_decorator to None, run_after=None
[2024-06-26T06:53:09.871+0000] {processor.py:183} INFO - Processing /home/airflow/.local/lib/python3.12/site-packages/airflow/example_dags/example_python_decorator.py took 0.153 seconds
[2024-06-26T06:53:39.918+0000] {processor.py:161} INFO - Started process (PID=1293) to work on /home/airflow/.local/lib/python3.12/site-packages/airflow/example_dags/example_python_decorator.py
[2024-06-26T06:53:39.919+0000] {processor.py:830} INFO - Processing file /home/airflow/.local/lib/python3.12/site-packages/airflow/example_dags/example_python_decorator.py for tasks to queue
[2024-06-26T06:53:39.921+0000] {logging_mixin.py:188} INFO - [2024-06-26T06:53:39.921+0000] {dagbag.py:545} INFO - Filling up the DagBag from /home/airflow/.local/lib/python3.12/site-packages/airflow/example_dags/example_python_decorator.py
[2024-06-26T06:53:39.936+0000] {processor.py:840} INFO - DAG(s) 'example_python_decorator' retrieved from /home/airflow/.local/lib/python3.12/site-packages/airflow/example_dags/example_python_decorator.py
[2024-06-26T06:53:39.961+0000] {logging_mixin.py:188} INFO - [2024-06-26T06:53:39.961+0000] {dag.py:3096} INFO - Sync 1 DAGs
[2024-06-26T06:53:39.976+0000] {logging_mixin.py:188} INFO - [2024-06-26T06:53:39.976+0000] {dag.py:3954} INFO - Setting next_dagrun for example_python_decorator to None, run_after=None
[2024-06-26T06:53:40.001+0000] {processor.py:183} INFO - Processing /home/airflow/.local/lib/python3.12/site-packages/airflow/example_dags/example_python_decorator.py took 0.089 seconds
[2024-06-26T06:54:18.093+0000] {processor.py:161} INFO - Started process (PID=1350) to work on /home/airflow/.local/lib/python3.12/site-packages/airflow/example_dags/example_python_decorator.py
[2024-06-26T06:54:18.103+0000] {processor.py:830} INFO - Processing file /home/airflow/.local/lib/python3.12/site-packages/airflow/example_dags/example_python_decorator.py for tasks to queue
[2024-06-26T06:54:18.122+0000] {logging_mixin.py:188} INFO - [2024-06-26T06:54:18.119+0000] {dagbag.py:545} INFO - Filling up the DagBag from /home/airflow/.local/lib/python3.12/site-packages/airflow/example_dags/example_python_decorator.py
[2024-06-26T06:54:18.248+0000] {processor.py:840} INFO - DAG(s) 'example_python_decorator' retrieved from /home/airflow/.local/lib/python3.12/site-packages/airflow/example_dags/example_python_decorator.py
[2024-06-26T06:54:18.442+0000] {logging_mixin.py:188} INFO - [2024-06-26T06:54:18.439+0000] {dag.py:3096} INFO - Sync 1 DAGs
[2024-06-26T06:54:18.539+0000] {logging_mixin.py:188} INFO - [2024-06-26T06:54:18.537+0000] {dag.py:3954} INFO - Setting next_dagrun for example_python_decorator to None, run_after=None
[2024-06-26T06:54:18.667+0000] {processor.py:183} INFO - Processing /home/airflow/.local/lib/python3.12/site-packages/airflow/example_dags/example_python_decorator.py took 0.600 seconds
[2024-06-26T06:55:34.496+0000] {processor.py:161} INFO - Started process (PID=1420) to work on /home/airflow/.local/lib/python3.12/site-packages/airflow/example_dags/example_python_decorator.py
[2024-06-26T06:55:34.500+0000] {processor.py:830} INFO - Processing file /home/airflow/.local/lib/python3.12/site-packages/airflow/example_dags/example_python_decorator.py for tasks to queue
[2024-06-26T06:55:34.506+0000] {logging_mixin.py:188} INFO - [2024-06-26T06:55:34.504+0000] {dagbag.py:545} INFO - Filling up the DagBag from /home/airflow/.local/lib/python3.12/site-packages/airflow/example_dags/example_python_decorator.py
[2024-06-26T06:55:34.570+0000] {processor.py:840} INFO - DAG(s) 'example_python_decorator' retrieved from /home/airflow/.local/lib/python3.12/site-packages/airflow/example_dags/example_python_decorator.py
[2024-06-26T06:55:34.690+0000] {logging_mixin.py:188} INFO - [2024-06-26T06:55:34.689+0000] {dag.py:3096} INFO - Sync 1 DAGs
[2024-06-26T06:55:34.780+0000] {logging_mixin.py:188} INFO - [2024-06-26T06:55:34.779+0000] {dag.py:3954} INFO - Setting next_dagrun for example_python_decorator to None, run_after=None
[2024-06-26T06:55:34.955+0000] {processor.py:183} INFO - Processing /home/airflow/.local/lib/python3.12/site-packages/airflow/example_dags/example_python_decorator.py took 0.490 seconds
[2024-06-26T06:56:37.869+0000] {processor.py:161} INFO - Started process (PID=1493) to work on /home/airflow/.local/lib/python3.12/site-packages/airflow/example_dags/example_python_decorator.py
[2024-06-26T06:56:37.883+0000] {processor.py:830} INFO - Processing file /home/airflow/.local/lib/python3.12/site-packages/airflow/example_dags/example_python_decorator.py for tasks to queue
[2024-06-26T06:56:37.900+0000] {logging_mixin.py:188} INFO - [2024-06-26T06:56:37.898+0000] {dagbag.py:545} INFO - Filling up the DagBag from /home/airflow/.local/lib/python3.12/site-packages/airflow/example_dags/example_python_decorator.py
[2024-06-26T06:56:38.113+0000] {processor.py:840} INFO - DAG(s) 'example_python_decorator' retrieved from /home/airflow/.local/lib/python3.12/site-packages/airflow/example_dags/example_python_decorator.py
[2024-06-26T06:56:38.499+0000] {logging_mixin.py:188} INFO - [2024-06-26T06:56:38.498+0000] {dag.py:3096} INFO - Sync 1 DAGs
[2024-06-26T06:56:38.856+0000] {logging_mixin.py:188} INFO - [2024-06-26T06:56:38.855+0000] {dag.py:3954} INFO - Setting next_dagrun for example_python_decorator to None, run_after=None
[2024-06-26T06:56:39.185+0000] {processor.py:183} INFO - Processing /home/airflow/.local/lib/python3.12/site-packages/airflow/example_dags/example_python_decorator.py took 1.376 seconds
[2024-06-26T06:57:28.952+0000] {processor.py:161} INFO - Started process (PID=1553) to work on /home/airflow/.local/lib/python3.12/site-packages/airflow/example_dags/example_python_decorator.py
[2024-06-26T06:57:28.967+0000] {processor.py:830} INFO - Processing file /home/airflow/.local/lib/python3.12/site-packages/airflow/example_dags/example_python_decorator.py for tasks to queue
[2024-06-26T06:57:28.977+0000] {logging_mixin.py:188} INFO - [2024-06-26T06:57:28.975+0000] {dagbag.py:545} INFO - Filling up the DagBag from /home/airflow/.local/lib/python3.12/site-packages/airflow/example_dags/example_python_decorator.py
[2024-06-26T06:57:29.162+0000] {processor.py:840} INFO - DAG(s) 'example_python_decorator' retrieved from /home/airflow/.local/lib/python3.12/site-packages/airflow/example_dags/example_python_decorator.py
[2024-06-26T06:57:29.428+0000] {logging_mixin.py:188} INFO - [2024-06-26T06:57:29.427+0000] {dag.py:3096} INFO - Sync 1 DAGs
[2024-06-26T06:57:29.626+0000] {logging_mixin.py:188} INFO - [2024-06-26T06:57:29.625+0000] {dag.py:3954} INFO - Setting next_dagrun for example_python_decorator to None, run_after=None
[2024-06-26T06:57:29.844+0000] {processor.py:183} INFO - Processing /home/airflow/.local/lib/python3.12/site-packages/airflow/example_dags/example_python_decorator.py took 0.950 seconds
[2024-06-26T06:58:32.657+0000] {processor.py:161} INFO - Started process (PID=1623) to work on /home/airflow/.local/lib/python3.12/site-packages/airflow/example_dags/example_python_decorator.py
[2024-06-26T06:58:32.664+0000] {processor.py:830} INFO - Processing file /home/airflow/.local/lib/python3.12/site-packages/airflow/example_dags/example_python_decorator.py for tasks to queue
[2024-06-26T06:58:32.683+0000] {logging_mixin.py:188} INFO - [2024-06-26T06:58:32.681+0000] {dagbag.py:545} INFO - Filling up the DagBag from /home/airflow/.local/lib/python3.12/site-packages/airflow/example_dags/example_python_decorator.py
[2024-06-26T06:58:32.874+0000] {processor.py:840} INFO - DAG(s) 'example_python_decorator' retrieved from /home/airflow/.local/lib/python3.12/site-packages/airflow/example_dags/example_python_decorator.py
[2024-06-26T06:58:34.696+0000] {logging_mixin.py:188} INFO - [2024-06-26T06:58:34.685+0000] {dag.py:3096} INFO - Sync 1 DAGs
[2024-06-26T06:58:34.912+0000] {logging_mixin.py:188} INFO - [2024-06-26T06:58:34.911+0000] {dag.py:3954} INFO - Setting next_dagrun for example_python_decorator to None, run_after=None
[2024-06-26T06:58:35.166+0000] {processor.py:183} INFO - Processing /home/airflow/.local/lib/python3.12/site-packages/airflow/example_dags/example_python_decorator.py took 2.578 seconds
[2024-06-26T06:59:16.104+0000] {processor.py:161} INFO - Started process (PID=1692) to work on /home/airflow/.local/lib/python3.12/site-packages/airflow/example_dags/example_python_decorator.py
[2024-06-26T06:59:16.108+0000] {processor.py:830} INFO - Processing file /home/airflow/.local/lib/python3.12/site-packages/airflow/example_dags/example_python_decorator.py for tasks to queue
[2024-06-26T06:59:16.112+0000] {logging_mixin.py:188} INFO - [2024-06-26T06:59:16.111+0000] {dagbag.py:545} INFO - Filling up the DagBag from /home/airflow/.local/lib/python3.12/site-packages/airflow/example_dags/example_python_decorator.py
[2024-06-26T06:59:16.168+0000] {processor.py:840} INFO - DAG(s) 'example_python_decorator' retrieved from /home/airflow/.local/lib/python3.12/site-packages/airflow/example_dags/example_python_decorator.py
[2024-06-26T06:59:16.283+0000] {logging_mixin.py:188} INFO - [2024-06-26T06:59:16.282+0000] {dag.py:3096} INFO - Sync 1 DAGs
[2024-06-26T06:59:16.349+0000] {logging_mixin.py:188} INFO - [2024-06-26T06:59:16.347+0000] {dag.py:3954} INFO - Setting next_dagrun for example_python_decorator to None, run_after=None
[2024-06-26T06:59:16.460+0000] {processor.py:183} INFO - Processing /home/airflow/.local/lib/python3.12/site-packages/airflow/example_dags/example_python_decorator.py took 0.379 seconds
[2024-06-26T06:59:54.482+0000] {processor.py:161} INFO - Started process (PID=1746) to work on /home/airflow/.local/lib/python3.12/site-packages/airflow/example_dags/example_python_decorator.py
[2024-06-26T06:59:54.486+0000] {processor.py:830} INFO - Processing file /home/airflow/.local/lib/python3.12/site-packages/airflow/example_dags/example_python_decorator.py for tasks to queue
[2024-06-26T06:59:54.489+0000] {logging_mixin.py:188} INFO - [2024-06-26T06:59:54.488+0000] {dagbag.py:545} INFO - Filling up the DagBag from /home/airflow/.local/lib/python3.12/site-packages/airflow/example_dags/example_python_decorator.py
[2024-06-26T06:59:54.535+0000] {processor.py:840} INFO - DAG(s) 'example_python_decorator' retrieved from /home/airflow/.local/lib/python3.12/site-packages/airflow/example_dags/example_python_decorator.py
[2024-06-26T06:59:54.630+0000] {logging_mixin.py:188} INFO - [2024-06-26T06:59:54.629+0000] {dag.py:3096} INFO - Sync 1 DAGs
[2024-06-26T06:59:54.680+0000] {logging_mixin.py:188} INFO - [2024-06-26T06:59:54.679+0000] {dag.py:3954} INFO - Setting next_dagrun for example_python_decorator to None, run_after=None
[2024-06-26T06:59:54.769+0000] {processor.py:183} INFO - Processing /home/airflow/.local/lib/python3.12/site-packages/airflow/example_dags/example_python_decorator.py took 0.302 seconds
[2024-06-26T07:00:25.358+0000] {processor.py:161} INFO - Started process (PID=1808) to work on /home/airflow/.local/lib/python3.12/site-packages/airflow/example_dags/example_python_decorator.py
[2024-06-26T07:00:25.359+0000] {processor.py:830} INFO - Processing file /home/airflow/.local/lib/python3.12/site-packages/airflow/example_dags/example_python_decorator.py for tasks to queue
[2024-06-26T07:00:25.360+0000] {logging_mixin.py:188} INFO - [2024-06-26T07:00:25.360+0000] {dagbag.py:545} INFO - Filling up the DagBag from /home/airflow/.local/lib/python3.12/site-packages/airflow/example_dags/example_python_decorator.py
[2024-06-26T07:00:25.375+0000] {processor.py:840} INFO - DAG(s) 'example_python_decorator' retrieved from /home/airflow/.local/lib/python3.12/site-packages/airflow/example_dags/example_python_decorator.py
[2024-06-26T07:00:25.403+0000] {logging_mixin.py:188} INFO - [2024-06-26T07:00:25.402+0000] {dag.py:3096} INFO - Sync 1 DAGs
[2024-06-26T07:00:25.416+0000] {logging_mixin.py:188} INFO - [2024-06-26T07:00:25.416+0000] {dag.py:3954} INFO - Setting next_dagrun for example_python_decorator to None, run_after=None
[2024-06-26T07:00:25.442+0000] {processor.py:183} INFO - Processing /home/airflow/.local/lib/python3.12/site-packages/airflow/example_dags/example_python_decorator.py took 0.090 seconds
[2024-06-26T07:00:56.157+0000] {processor.py:161} INFO - Started process (PID=1872) to work on /home/airflow/.local/lib/python3.12/site-packages/airflow/example_dags/example_python_decorator.py
[2024-06-26T07:00:56.159+0000] {processor.py:830} INFO - Processing file /home/airflow/.local/lib/python3.12/site-packages/airflow/example_dags/example_python_decorator.py for tasks to queue
[2024-06-26T07:00:56.162+0000] {logging_mixin.py:188} INFO - [2024-06-26T07:00:56.161+0000] {dagbag.py:545} INFO - Filling up the DagBag from /home/airflow/.local/lib/python3.12/site-packages/airflow/example_dags/example_python_decorator.py
[2024-06-26T07:00:56.185+0000] {processor.py:840} INFO - DAG(s) 'example_python_decorator' retrieved from /home/airflow/.local/lib/python3.12/site-packages/airflow/example_dags/example_python_decorator.py
[2024-06-26T07:00:56.228+0000] {logging_mixin.py:188} INFO - [2024-06-26T07:00:56.227+0000] {dag.py:3096} INFO - Sync 1 DAGs
[2024-06-26T07:00:56.251+0000] {logging_mixin.py:188} INFO - [2024-06-26T07:00:56.251+0000] {dag.py:3954} INFO - Setting next_dagrun for example_python_decorator to None, run_after=None
[2024-06-26T07:00:56.289+0000] {processor.py:183} INFO - Processing /home/airflow/.local/lib/python3.12/site-packages/airflow/example_dags/example_python_decorator.py took 0.142 seconds
[2024-06-26T07:01:26.495+0000] {processor.py:161} INFO - Started process (PID=1934) to work on /home/airflow/.local/lib/python3.12/site-packages/airflow/example_dags/example_python_decorator.py
[2024-06-26T07:01:26.496+0000] {processor.py:830} INFO - Processing file /home/airflow/.local/lib/python3.12/site-packages/airflow/example_dags/example_python_decorator.py for tasks to queue
[2024-06-26T07:01:26.498+0000] {logging_mixin.py:188} INFO - [2024-06-26T07:01:26.498+0000] {dagbag.py:545} INFO - Filling up the DagBag from /home/airflow/.local/lib/python3.12/site-packages/airflow/example_dags/example_python_decorator.py
[2024-06-26T07:01:26.526+0000] {processor.py:840} INFO - DAG(s) 'example_python_decorator' retrieved from /home/airflow/.local/lib/python3.12/site-packages/airflow/example_dags/example_python_decorator.py
[2024-06-26T07:01:26.572+0000] {logging_mixin.py:188} INFO - [2024-06-26T07:01:26.571+0000] {dag.py:3096} INFO - Sync 1 DAGs
[2024-06-26T07:01:26.596+0000] {logging_mixin.py:188} INFO - [2024-06-26T07:01:26.595+0000] {dag.py:3954} INFO - Setting next_dagrun for example_python_decorator to None, run_after=None
[2024-06-26T07:01:26.638+0000] {processor.py:183} INFO - Processing /home/airflow/.local/lib/python3.12/site-packages/airflow/example_dags/example_python_decorator.py took 0.152 seconds
[2024-06-26T07:01:56.814+0000] {processor.py:161} INFO - Started process (PID=1997) to work on /home/airflow/.local/lib/python3.12/site-packages/airflow/example_dags/example_python_decorator.py
[2024-06-26T07:01:56.815+0000] {processor.py:830} INFO - Processing file /home/airflow/.local/lib/python3.12/site-packages/airflow/example_dags/example_python_decorator.py for tasks to queue
[2024-06-26T07:01:56.816+0000] {logging_mixin.py:188} INFO - [2024-06-26T07:01:56.816+0000] {dagbag.py:545} INFO - Filling up the DagBag from /home/airflow/.local/lib/python3.12/site-packages/airflow/example_dags/example_python_decorator.py
[2024-06-26T07:01:56.828+0000] {processor.py:840} INFO - DAG(s) 'example_python_decorator' retrieved from /home/airflow/.local/lib/python3.12/site-packages/airflow/example_dags/example_python_decorator.py
[2024-06-26T07:01:56.850+0000] {logging_mixin.py:188} INFO - [2024-06-26T07:01:56.850+0000] {dag.py:3096} INFO - Sync 1 DAGs
[2024-06-26T07:01:56.863+0000] {logging_mixin.py:188} INFO - [2024-06-26T07:01:56.862+0000] {dag.py:3954} INFO - Setting next_dagrun for example_python_decorator to None, run_after=None
[2024-06-26T07:01:57.005+0000] {processor.py:183} INFO - Processing /home/airflow/.local/lib/python3.12/site-packages/airflow/example_dags/example_python_decorator.py took 0.196 seconds
[2024-06-26T07:02:27.080+0000] {processor.py:161} INFO - Started process (PID=2060) to work on /home/airflow/.local/lib/python3.12/site-packages/airflow/example_dags/example_python_decorator.py
[2024-06-26T07:02:27.081+0000] {processor.py:830} INFO - Processing file /home/airflow/.local/lib/python3.12/site-packages/airflow/example_dags/example_python_decorator.py for tasks to queue
[2024-06-26T07:02:27.082+0000] {logging_mixin.py:188} INFO - [2024-06-26T07:02:27.081+0000] {dagbag.py:545} INFO - Filling up the DagBag from /home/airflow/.local/lib/python3.12/site-packages/airflow/example_dags/example_python_decorator.py
[2024-06-26T07:02:27.091+0000] {processor.py:840} INFO - DAG(s) 'example_python_decorator' retrieved from /home/airflow/.local/lib/python3.12/site-packages/airflow/example_dags/example_python_decorator.py
[2024-06-26T07:02:27.109+0000] {logging_mixin.py:188} INFO - [2024-06-26T07:02:27.108+0000] {dag.py:3096} INFO - Sync 1 DAGs
[2024-06-26T07:02:27.118+0000] {logging_mixin.py:188} INFO - [2024-06-26T07:02:27.118+0000] {dag.py:3954} INFO - Setting next_dagrun for example_python_decorator to None, run_after=None
[2024-06-26T07:02:27.137+0000] {processor.py:183} INFO - Processing /home/airflow/.local/lib/python3.12/site-packages/airflow/example_dags/example_python_decorator.py took 0.062 seconds
[2024-06-26T07:02:57.210+0000] {processor.py:161} INFO - Started process (PID=2123) to work on /home/airflow/.local/lib/python3.12/site-packages/airflow/example_dags/example_python_decorator.py
[2024-06-26T07:02:57.210+0000] {processor.py:830} INFO - Processing file /home/airflow/.local/lib/python3.12/site-packages/airflow/example_dags/example_python_decorator.py for tasks to queue
[2024-06-26T07:02:57.211+0000] {logging_mixin.py:188} INFO - [2024-06-26T07:02:57.211+0000] {dagbag.py:545} INFO - Filling up the DagBag from /home/airflow/.local/lib/python3.12/site-packages/airflow/example_dags/example_python_decorator.py
[2024-06-26T07:02:57.222+0000] {processor.py:840} INFO - DAG(s) 'example_python_decorator' retrieved from /home/airflow/.local/lib/python3.12/site-packages/airflow/example_dags/example_python_decorator.py
[2024-06-26T07:02:57.241+0000] {logging_mixin.py:188} INFO - [2024-06-26T07:02:57.240+0000] {dag.py:3096} INFO - Sync 1 DAGs
[2024-06-26T07:02:57.251+0000] {logging_mixin.py:188} INFO - [2024-06-26T07:02:57.251+0000] {dag.py:3954} INFO - Setting next_dagrun for example_python_decorator to None, run_after=None
[2024-06-26T07:02:57.269+0000] {processor.py:183} INFO - Processing /home/airflow/.local/lib/python3.12/site-packages/airflow/example_dags/example_python_decorator.py took 0.064 seconds
[2024-06-26T07:03:27.518+0000] {processor.py:161} INFO - Started process (PID=2188) to work on /home/airflow/.local/lib/python3.12/site-packages/airflow/example_dags/example_python_decorator.py
[2024-06-26T07:03:27.520+0000] {processor.py:830} INFO - Processing file /home/airflow/.local/lib/python3.12/site-packages/airflow/example_dags/example_python_decorator.py for tasks to queue
[2024-06-26T07:03:27.522+0000] {logging_mixin.py:188} INFO - [2024-06-26T07:03:27.522+0000] {dagbag.py:545} INFO - Filling up the DagBag from /home/airflow/.local/lib/python3.12/site-packages/airflow/example_dags/example_python_decorator.py
[2024-06-26T07:03:27.544+0000] {processor.py:840} INFO - DAG(s) 'example_python_decorator' retrieved from /home/airflow/.local/lib/python3.12/site-packages/airflow/example_dags/example_python_decorator.py
[2024-06-26T07:03:27.582+0000] {logging_mixin.py:188} INFO - [2024-06-26T07:03:27.582+0000] {dag.py:3096} INFO - Sync 1 DAGs
[2024-06-26T07:03:27.607+0000] {logging_mixin.py:188} INFO - [2024-06-26T07:03:27.607+0000] {dag.py:3954} INFO - Setting next_dagrun for example_python_decorator to None, run_after=None
[2024-06-26T07:03:27.644+0000] {processor.py:183} INFO - Processing /home/airflow/.local/lib/python3.12/site-packages/airflow/example_dags/example_python_decorator.py took 0.134 seconds
[2024-06-26T07:03:57.770+0000] {processor.py:161} INFO - Started process (PID=2253) to work on /home/airflow/.local/lib/python3.12/site-packages/airflow/example_dags/example_python_decorator.py
[2024-06-26T07:03:57.771+0000] {processor.py:830} INFO - Processing file /home/airflow/.local/lib/python3.12/site-packages/airflow/example_dags/example_python_decorator.py for tasks to queue
[2024-06-26T07:03:57.771+0000] {logging_mixin.py:188} INFO - [2024-06-26T07:03:57.771+0000] {dagbag.py:545} INFO - Filling up the DagBag from /home/airflow/.local/lib/python3.12/site-packages/airflow/example_dags/example_python_decorator.py
[2024-06-26T07:03:57.781+0000] {processor.py:840} INFO - DAG(s) 'example_python_decorator' retrieved from /home/airflow/.local/lib/python3.12/site-packages/airflow/example_dags/example_python_decorator.py
[2024-06-26T07:03:57.802+0000] {logging_mixin.py:188} INFO - [2024-06-26T07:03:57.802+0000] {dag.py:3096} INFO - Sync 1 DAGs
[2024-06-26T07:03:57.814+0000] {logging_mixin.py:188} INFO - [2024-06-26T07:03:57.814+0000] {dag.py:3954} INFO - Setting next_dagrun for example_python_decorator to None, run_after=None
[2024-06-26T07:03:57.836+0000] {processor.py:183} INFO - Processing /home/airflow/.local/lib/python3.12/site-packages/airflow/example_dags/example_python_decorator.py took 0.070 seconds
[2024-06-26T07:04:28.158+0000] {processor.py:161} INFO - Started process (PID=2317) to work on /home/airflow/.local/lib/python3.12/site-packages/airflow/example_dags/example_python_decorator.py
[2024-06-26T07:04:28.159+0000] {processor.py:830} INFO - Processing file /home/airflow/.local/lib/python3.12/site-packages/airflow/example_dags/example_python_decorator.py for tasks to queue
[2024-06-26T07:04:28.161+0000] {logging_mixin.py:188} INFO - [2024-06-26T07:04:28.160+0000] {dagbag.py:545} INFO - Filling up the DagBag from /home/airflow/.local/lib/python3.12/site-packages/airflow/example_dags/example_python_decorator.py
[2024-06-26T07:04:28.180+0000] {processor.py:840} INFO - DAG(s) 'example_python_decorator' retrieved from /home/airflow/.local/lib/python3.12/site-packages/airflow/example_dags/example_python_decorator.py
[2024-06-26T07:04:28.215+0000] {logging_mixin.py:188} INFO - [2024-06-26T07:04:28.215+0000] {dag.py:3096} INFO - Sync 1 DAGs
[2024-06-26T07:04:28.417+0000] {logging_mixin.py:188} INFO - [2024-06-26T07:04:28.416+0000] {dag.py:3954} INFO - Setting next_dagrun for example_python_decorator to None, run_after=None
[2024-06-26T07:04:28.445+0000] {processor.py:183} INFO - Processing /home/airflow/.local/lib/python3.12/site-packages/airflow/example_dags/example_python_decorator.py took 0.295 seconds
[2024-06-26T07:04:58.882+0000] {processor.py:161} INFO - Started process (PID=2380) to work on /home/airflow/.local/lib/python3.12/site-packages/airflow/example_dags/example_python_decorator.py
[2024-06-26T07:04:58.883+0000] {processor.py:830} INFO - Processing file /home/airflow/.local/lib/python3.12/site-packages/airflow/example_dags/example_python_decorator.py for tasks to queue
[2024-06-26T07:04:58.885+0000] {logging_mixin.py:188} INFO - [2024-06-26T07:04:58.885+0000] {dagbag.py:545} INFO - Filling up the DagBag from /home/airflow/.local/lib/python3.12/site-packages/airflow/example_dags/example_python_decorator.py
[2024-06-26T07:04:58.901+0000] {processor.py:840} INFO - DAG(s) 'example_python_decorator' retrieved from /home/airflow/.local/lib/python3.12/site-packages/airflow/example_dags/example_python_decorator.py
[2024-06-26T07:04:58.934+0000] {logging_mixin.py:188} INFO - [2024-06-26T07:04:58.934+0000] {dag.py:3096} INFO - Sync 1 DAGs
[2024-06-26T07:04:58.956+0000] {logging_mixin.py:188} INFO - [2024-06-26T07:04:58.955+0000] {dag.py:3954} INFO - Setting next_dagrun for example_python_decorator to None, run_after=None
[2024-06-26T07:04:58.983+0000] {processor.py:183} INFO - Processing /home/airflow/.local/lib/python3.12/site-packages/airflow/example_dags/example_python_decorator.py took 0.110 seconds
[2024-06-26T07:05:29.929+0000] {processor.py:161} INFO - Started process (PID=2446) to work on /home/airflow/.local/lib/python3.12/site-packages/airflow/example_dags/example_python_decorator.py
[2024-06-26T07:05:29.931+0000] {processor.py:830} INFO - Processing file /home/airflow/.local/lib/python3.12/site-packages/airflow/example_dags/example_python_decorator.py for tasks to queue
[2024-06-26T07:05:29.933+0000] {logging_mixin.py:188} INFO - [2024-06-26T07:05:29.933+0000] {dagbag.py:545} INFO - Filling up the DagBag from /home/airflow/.local/lib/python3.12/site-packages/airflow/example_dags/example_python_decorator.py
[2024-06-26T07:05:29.958+0000] {processor.py:840} INFO - DAG(s) 'example_python_decorator' retrieved from /home/airflow/.local/lib/python3.12/site-packages/airflow/example_dags/example_python_decorator.py
[2024-06-26T07:05:30.012+0000] {logging_mixin.py:188} INFO - [2024-06-26T07:05:30.011+0000] {dag.py:3096} INFO - Sync 1 DAGs
[2024-06-26T07:05:30.042+0000] {logging_mixin.py:188} INFO - [2024-06-26T07:05:30.041+0000] {dag.py:3954} INFO - Setting next_dagrun for example_python_decorator to None, run_after=None
[2024-06-26T07:05:30.084+0000] {processor.py:183} INFO - Processing /home/airflow/.local/lib/python3.12/site-packages/airflow/example_dags/example_python_decorator.py took 0.165 seconds
[2024-06-26T07:06:00.147+0000] {processor.py:161} INFO - Started process (PID=2509) to work on /home/airflow/.local/lib/python3.12/site-packages/airflow/example_dags/example_python_decorator.py
[2024-06-26T07:06:00.149+0000] {processor.py:830} INFO - Processing file /home/airflow/.local/lib/python3.12/site-packages/airflow/example_dags/example_python_decorator.py for tasks to queue
[2024-06-26T07:06:00.150+0000] {logging_mixin.py:188} INFO - [2024-06-26T07:06:00.150+0000] {dagbag.py:545} INFO - Filling up the DagBag from /home/airflow/.local/lib/python3.12/site-packages/airflow/example_dags/example_python_decorator.py
[2024-06-26T07:06:00.167+0000] {processor.py:840} INFO - DAG(s) 'example_python_decorator' retrieved from /home/airflow/.local/lib/python3.12/site-packages/airflow/example_dags/example_python_decorator.py
[2024-06-26T07:06:00.198+0000] {logging_mixin.py:188} INFO - [2024-06-26T07:06:00.198+0000] {dag.py:3096} INFO - Sync 1 DAGs
[2024-06-26T07:06:00.218+0000] {logging_mixin.py:188} INFO - [2024-06-26T07:06:00.218+0000] {dag.py:3954} INFO - Setting next_dagrun for example_python_decorator to None, run_after=None
[2024-06-26T07:06:00.251+0000] {processor.py:183} INFO - Processing /home/airflow/.local/lib/python3.12/site-packages/airflow/example_dags/example_python_decorator.py took 0.111 seconds
[2024-06-26T07:06:30.690+0000] {processor.py:161} INFO - Started process (PID=2571) to work on /home/airflow/.local/lib/python3.12/site-packages/airflow/example_dags/example_python_decorator.py
[2024-06-26T07:06:30.691+0000] {processor.py:830} INFO - Processing file /home/airflow/.local/lib/python3.12/site-packages/airflow/example_dags/example_python_decorator.py for tasks to queue
[2024-06-26T07:06:30.692+0000] {logging_mixin.py:188} INFO - [2024-06-26T07:06:30.692+0000] {dagbag.py:545} INFO - Filling up the DagBag from /home/airflow/.local/lib/python3.12/site-packages/airflow/example_dags/example_python_decorator.py
[2024-06-26T07:06:30.709+0000] {processor.py:840} INFO - DAG(s) 'example_python_decorator' retrieved from /home/airflow/.local/lib/python3.12/site-packages/airflow/example_dags/example_python_decorator.py
[2024-06-26T07:06:30.740+0000] {logging_mixin.py:188} INFO - [2024-06-26T07:06:30.740+0000] {dag.py:3096} INFO - Sync 1 DAGs
[2024-06-26T07:06:30.759+0000] {logging_mixin.py:188} INFO - [2024-06-26T07:06:30.759+0000] {dag.py:3954} INFO - Setting next_dagrun for example_python_decorator to None, run_after=None
[2024-06-26T07:06:30.788+0000] {processor.py:183} INFO - Processing /home/airflow/.local/lib/python3.12/site-packages/airflow/example_dags/example_python_decorator.py took 0.105 seconds
[2024-06-26T07:07:04.655+0000] {processor.py:161} INFO - Started process (PID=2633) to work on /home/airflow/.local/lib/python3.12/site-packages/airflow/example_dags/example_python_decorator.py
[2024-06-26T07:07:04.678+0000] {processor.py:830} INFO - Processing file /home/airflow/.local/lib/python3.12/site-packages/airflow/example_dags/example_python_decorator.py for tasks to queue
[2024-06-26T07:07:04.698+0000] {logging_mixin.py:188} INFO - [2024-06-26T07:07:04.697+0000] {dagbag.py:545} INFO - Filling up the DagBag from /home/airflow/.local/lib/python3.12/site-packages/airflow/example_dags/example_python_decorator.py
[2024-06-26T07:07:04.875+0000] {processor.py:840} INFO - DAG(s) 'example_python_decorator' retrieved from /home/airflow/.local/lib/python3.12/site-packages/airflow/example_dags/example_python_decorator.py
[2024-06-26T07:07:05.093+0000] {logging_mixin.py:188} INFO - [2024-06-26T07:07:05.092+0000] {dag.py:3096} INFO - Sync 1 DAGs
[2024-06-26T07:07:05.252+0000] {logging_mixin.py:188} INFO - [2024-06-26T07:07:05.251+0000] {dag.py:3954} INFO - Setting next_dagrun for example_python_decorator to None, run_after=None
[2024-06-26T07:07:05.485+0000] {processor.py:183} INFO - Processing /home/airflow/.local/lib/python3.12/site-packages/airflow/example_dags/example_python_decorator.py took 0.851 seconds
[2024-06-26T07:07:35.667+0000] {processor.py:161} INFO - Started process (PID=2695) to work on /home/airflow/.local/lib/python3.12/site-packages/airflow/example_dags/example_python_decorator.py
[2024-06-26T07:07:35.670+0000] {processor.py:830} INFO - Processing file /home/airflow/.local/lib/python3.12/site-packages/airflow/example_dags/example_python_decorator.py for tasks to queue
[2024-06-26T07:07:35.674+0000] {logging_mixin.py:188} INFO - [2024-06-26T07:07:35.673+0000] {dagbag.py:545} INFO - Filling up the DagBag from /home/airflow/.local/lib/python3.12/site-packages/airflow/example_dags/example_python_decorator.py
[2024-06-26T07:07:35.734+0000] {processor.py:840} INFO - DAG(s) 'example_python_decorator' retrieved from /home/airflow/.local/lib/python3.12/site-packages/airflow/example_dags/example_python_decorator.py
[2024-06-26T07:07:35.828+0000] {logging_mixin.py:188} INFO - [2024-06-26T07:07:35.827+0000] {dag.py:3096} INFO - Sync 1 DAGs
[2024-06-26T07:07:35.892+0000] {logging_mixin.py:188} INFO - [2024-06-26T07:07:35.891+0000] {dag.py:3954} INFO - Setting next_dagrun for example_python_decorator to None, run_after=None
[2024-06-26T07:07:35.997+0000] {processor.py:183} INFO - Processing /home/airflow/.local/lib/python3.12/site-packages/airflow/example_dags/example_python_decorator.py took 0.350 seconds
[2024-06-26T07:08:09.623+0000] {processor.py:161} INFO - Started process (PID=2754) to work on /home/airflow/.local/lib/python3.12/site-packages/airflow/example_dags/example_python_decorator.py
[2024-06-26T07:08:09.626+0000] {processor.py:830} INFO - Processing file /home/airflow/.local/lib/python3.12/site-packages/airflow/example_dags/example_python_decorator.py for tasks to queue
[2024-06-26T07:08:09.630+0000] {logging_mixin.py:188} INFO - [2024-06-26T07:08:09.628+0000] {dagbag.py:545} INFO - Filling up the DagBag from /home/airflow/.local/lib/python3.12/site-packages/airflow/example_dags/example_python_decorator.py
[2024-06-26T07:08:09.674+0000] {processor.py:840} INFO - DAG(s) 'example_python_decorator' retrieved from /home/airflow/.local/lib/python3.12/site-packages/airflow/example_dags/example_python_decorator.py
[2024-06-26T07:08:09.758+0000] {logging_mixin.py:188} INFO - [2024-06-26T07:08:09.756+0000] {dag.py:3096} INFO - Sync 1 DAGs
[2024-06-26T07:08:09.814+0000] {logging_mixin.py:188} INFO - [2024-06-26T07:08:09.813+0000] {dag.py:3954} INFO - Setting next_dagrun for example_python_decorator to None, run_after=None
[2024-06-26T07:08:09.916+0000] {processor.py:183} INFO - Processing /home/airflow/.local/lib/python3.12/site-packages/airflow/example_dags/example_python_decorator.py took 0.313 seconds
[2024-06-26T07:08:42.003+0000] {processor.py:161} INFO - Started process (PID=2816) to work on /home/airflow/.local/lib/python3.12/site-packages/airflow/example_dags/example_python_decorator.py
[2024-06-26T07:08:42.006+0000] {processor.py:830} INFO - Processing file /home/airflow/.local/lib/python3.12/site-packages/airflow/example_dags/example_python_decorator.py for tasks to queue
[2024-06-26T07:08:42.009+0000] {logging_mixin.py:188} INFO - [2024-06-26T07:08:42.009+0000] {dagbag.py:545} INFO - Filling up the DagBag from /home/airflow/.local/lib/python3.12/site-packages/airflow/example_dags/example_python_decorator.py
[2024-06-26T07:08:42.044+0000] {processor.py:840} INFO - DAG(s) 'example_python_decorator' retrieved from /home/airflow/.local/lib/python3.12/site-packages/airflow/example_dags/example_python_decorator.py
[2024-06-26T07:08:42.105+0000] {logging_mixin.py:188} INFO - [2024-06-26T07:08:42.104+0000] {dag.py:3096} INFO - Sync 1 DAGs
[2024-06-26T07:08:42.137+0000] {logging_mixin.py:188} INFO - [2024-06-26T07:08:42.136+0000] {dag.py:3954} INFO - Setting next_dagrun for example_python_decorator to None, run_after=None
[2024-06-26T07:08:42.193+0000] {processor.py:183} INFO - Processing /home/airflow/.local/lib/python3.12/site-packages/airflow/example_dags/example_python_decorator.py took 0.203 seconds
[2024-06-26T07:09:15.763+0000] {processor.py:161} INFO - Started process (PID=2880) to work on /home/airflow/.local/lib/python3.12/site-packages/airflow/example_dags/example_python_decorator.py
[2024-06-26T07:09:15.768+0000] {processor.py:830} INFO - Processing file /home/airflow/.local/lib/python3.12/site-packages/airflow/example_dags/example_python_decorator.py for tasks to queue
[2024-06-26T07:09:15.774+0000] {logging_mixin.py:188} INFO - [2024-06-26T07:09:15.772+0000] {dagbag.py:545} INFO - Filling up the DagBag from /home/airflow/.local/lib/python3.12/site-packages/airflow/example_dags/example_python_decorator.py
[2024-06-26T07:09:15.832+0000] {processor.py:840} INFO - DAG(s) 'example_python_decorator' retrieved from /home/airflow/.local/lib/python3.12/site-packages/airflow/example_dags/example_python_decorator.py
[2024-06-26T07:09:15.921+0000] {logging_mixin.py:188} INFO - [2024-06-26T07:09:15.920+0000] {dag.py:3096} INFO - Sync 1 DAGs
[2024-06-26T07:09:15.998+0000] {logging_mixin.py:188} INFO - [2024-06-26T07:09:15.997+0000] {dag.py:3954} INFO - Setting next_dagrun for example_python_decorator to None, run_after=None
[2024-06-26T07:09:16.086+0000] {processor.py:183} INFO - Processing /home/airflow/.local/lib/python3.12/site-packages/airflow/example_dags/example_python_decorator.py took 0.348 seconds
[2024-06-26T07:10:34.120+0000] {processor.py:161} INFO - Started process (PID=2948) to work on /home/airflow/.local/lib/python3.12/site-packages/airflow/example_dags/example_python_decorator.py
[2024-06-26T07:10:34.125+0000] {processor.py:830} INFO - Processing file /home/airflow/.local/lib/python3.12/site-packages/airflow/example_dags/example_python_decorator.py for tasks to queue
[2024-06-26T07:10:34.140+0000] {logging_mixin.py:188} INFO - [2024-06-26T07:10:34.139+0000] {dagbag.py:545} INFO - Filling up the DagBag from /home/airflow/.local/lib/python3.12/site-packages/airflow/example_dags/example_python_decorator.py
[2024-06-26T07:10:34.243+0000] {processor.py:840} INFO - DAG(s) 'example_python_decorator' retrieved from /home/airflow/.local/lib/python3.12/site-packages/airflow/example_dags/example_python_decorator.py
[2024-06-26T07:10:34.474+0000] {logging_mixin.py:188} INFO - [2024-06-26T07:10:34.473+0000] {dag.py:3096} INFO - Sync 1 DAGs
[2024-06-26T07:10:34.597+0000] {logging_mixin.py:188} INFO - [2024-06-26T07:10:34.596+0000] {dag.py:3954} INFO - Setting next_dagrun for example_python_decorator to None, run_after=None
[2024-06-26T07:10:34.742+0000] {processor.py:183} INFO - Processing /home/airflow/.local/lib/python3.12/site-packages/airflow/example_dags/example_python_decorator.py took 0.674 seconds
[2024-06-26T07:11:04.917+0000] {processor.py:161} INFO - Started process (PID=3011) to work on /home/airflow/.local/lib/python3.12/site-packages/airflow/example_dags/example_python_decorator.py
[2024-06-26T07:11:04.921+0000] {processor.py:830} INFO - Processing file /home/airflow/.local/lib/python3.12/site-packages/airflow/example_dags/example_python_decorator.py for tasks to queue
[2024-06-26T07:11:04.925+0000] {logging_mixin.py:188} INFO - [2024-06-26T07:11:04.924+0000] {dagbag.py:545} INFO - Filling up the DagBag from /home/airflow/.local/lib/python3.12/site-packages/airflow/example_dags/example_python_decorator.py
[2024-06-26T07:11:04.967+0000] {processor.py:840} INFO - DAG(s) 'example_python_decorator' retrieved from /home/airflow/.local/lib/python3.12/site-packages/airflow/example_dags/example_python_decorator.py
[2024-06-26T07:11:05.057+0000] {logging_mixin.py:188} INFO - [2024-06-26T07:11:05.056+0000] {dag.py:3096} INFO - Sync 1 DAGs
[2024-06-26T07:11:05.117+0000] {logging_mixin.py:188} INFO - [2024-06-26T07:11:05.116+0000] {dag.py:3954} INFO - Setting next_dagrun for example_python_decorator to None, run_after=None
[2024-06-26T07:11:05.212+0000] {processor.py:183} INFO - Processing /home/airflow/.local/lib/python3.12/site-packages/airflow/example_dags/example_python_decorator.py took 0.314 seconds
[2024-06-26T07:11:37.632+0000] {processor.py:161} INFO - Started process (PID=3074) to work on /home/airflow/.local/lib/python3.12/site-packages/airflow/example_dags/example_python_decorator.py
[2024-06-26T07:11:37.635+0000] {processor.py:830} INFO - Processing file /home/airflow/.local/lib/python3.12/site-packages/airflow/example_dags/example_python_decorator.py for tasks to queue
[2024-06-26T07:11:37.639+0000] {logging_mixin.py:188} INFO - [2024-06-26T07:11:37.637+0000] {dagbag.py:545} INFO - Filling up the DagBag from /home/airflow/.local/lib/python3.12/site-packages/airflow/example_dags/example_python_decorator.py
[2024-06-26T07:11:37.690+0000] {processor.py:840} INFO - DAG(s) 'example_python_decorator' retrieved from /home/airflow/.local/lib/python3.12/site-packages/airflow/example_dags/example_python_decorator.py
[2024-06-26T07:11:37.786+0000] {logging_mixin.py:188} INFO - [2024-06-26T07:11:37.785+0000] {dag.py:3096} INFO - Sync 1 DAGs
[2024-06-26T07:11:37.841+0000] {logging_mixin.py:188} INFO - [2024-06-26T07:11:37.840+0000] {dag.py:3954} INFO - Setting next_dagrun for example_python_decorator to None, run_after=None
[2024-06-26T07:11:37.920+0000] {processor.py:183} INFO - Processing /home/airflow/.local/lib/python3.12/site-packages/airflow/example_dags/example_python_decorator.py took 0.307 seconds
[2024-06-26T07:12:08.209+0000] {processor.py:161} INFO - Started process (PID=3136) to work on /home/airflow/.local/lib/python3.12/site-packages/airflow/example_dags/example_python_decorator.py
[2024-06-26T07:12:08.211+0000] {processor.py:830} INFO - Processing file /home/airflow/.local/lib/python3.12/site-packages/airflow/example_dags/example_python_decorator.py for tasks to queue
[2024-06-26T07:12:08.213+0000] {logging_mixin.py:188} INFO - [2024-06-26T07:12:08.213+0000] {dagbag.py:545} INFO - Filling up the DagBag from /home/airflow/.local/lib/python3.12/site-packages/airflow/example_dags/example_python_decorator.py
[2024-06-26T07:12:08.238+0000] {processor.py:840} INFO - DAG(s) 'example_python_decorator' retrieved from /home/airflow/.local/lib/python3.12/site-packages/airflow/example_dags/example_python_decorator.py
[2024-06-26T07:12:08.279+0000] {logging_mixin.py:188} INFO - [2024-06-26T07:12:08.278+0000] {dag.py:3096} INFO - Sync 1 DAGs
[2024-06-26T07:12:08.300+0000] {logging_mixin.py:188} INFO - [2024-06-26T07:12:08.300+0000] {dag.py:3954} INFO - Setting next_dagrun for example_python_decorator to None, run_after=None
[2024-06-26T07:12:08.335+0000] {processor.py:183} INFO - Processing /home/airflow/.local/lib/python3.12/site-packages/airflow/example_dags/example_python_decorator.py took 0.135 seconds
[2024-06-26T07:12:59.256+0000] {processor.py:161} INFO - Started process (PID=3201) to work on /home/airflow/.local/lib/python3.12/site-packages/airflow/example_dags/example_python_decorator.py
[2024-06-26T07:12:59.285+0000] {processor.py:830} INFO - Processing file /home/airflow/.local/lib/python3.12/site-packages/airflow/example_dags/example_python_decorator.py for tasks to queue
[2024-06-26T07:12:59.293+0000] {logging_mixin.py:188} INFO - [2024-06-26T07:12:59.291+0000] {dagbag.py:545} INFO - Filling up the DagBag from /home/airflow/.local/lib/python3.12/site-packages/airflow/example_dags/example_python_decorator.py
[2024-06-26T07:12:59.473+0000] {processor.py:840} INFO - DAG(s) 'example_python_decorator' retrieved from /home/airflow/.local/lib/python3.12/site-packages/airflow/example_dags/example_python_decorator.py
[2024-06-26T07:12:59.897+0000] {logging_mixin.py:188} INFO - [2024-06-26T07:12:59.896+0000] {dag.py:3096} INFO - Sync 1 DAGs
[2024-06-26T07:13:00.151+0000] {logging_mixin.py:188} INFO - [2024-06-26T07:13:00.150+0000] {dag.py:3954} INFO - Setting next_dagrun for example_python_decorator to None, run_after=None
[2024-06-26T07:13:00.520+0000] {processor.py:183} INFO - Processing /home/airflow/.local/lib/python3.12/site-packages/airflow/example_dags/example_python_decorator.py took 1.334 seconds
[2024-06-26T07:13:31.428+0000] {processor.py:161} INFO - Started process (PID=3264) to work on /home/airflow/.local/lib/python3.12/site-packages/airflow/example_dags/example_python_decorator.py
[2024-06-26T07:13:31.431+0000] {processor.py:830} INFO - Processing file /home/airflow/.local/lib/python3.12/site-packages/airflow/example_dags/example_python_decorator.py for tasks to queue
[2024-06-26T07:13:31.433+0000] {logging_mixin.py:188} INFO - [2024-06-26T07:13:31.432+0000] {dagbag.py:545} INFO - Filling up the DagBag from /home/airflow/.local/lib/python3.12/site-packages/airflow/example_dags/example_python_decorator.py
[2024-06-26T07:13:31.463+0000] {processor.py:840} INFO - DAG(s) 'example_python_decorator' retrieved from /home/airflow/.local/lib/python3.12/site-packages/airflow/example_dags/example_python_decorator.py
[2024-06-26T07:13:31.513+0000] {logging_mixin.py:188} INFO - [2024-06-26T07:13:31.512+0000] {dag.py:3096} INFO - Sync 1 DAGs
[2024-06-26T07:13:31.541+0000] {logging_mixin.py:188} INFO - [2024-06-26T07:13:31.541+0000] {dag.py:3954} INFO - Setting next_dagrun for example_python_decorator to None, run_after=None
[2024-06-26T07:13:31.582+0000] {processor.py:183} INFO - Processing /home/airflow/.local/lib/python3.12/site-packages/airflow/example_dags/example_python_decorator.py took 0.167 seconds
[2024-06-26T07:14:02.977+0000] {processor.py:161} INFO - Started process (PID=3323) to work on /home/airflow/.local/lib/python3.12/site-packages/airflow/example_dags/example_python_decorator.py
[2024-06-26T07:14:02.981+0000] {processor.py:830} INFO - Processing file /home/airflow/.local/lib/python3.12/site-packages/airflow/example_dags/example_python_decorator.py for tasks to queue
[2024-06-26T07:14:02.984+0000] {logging_mixin.py:188} INFO - [2024-06-26T07:14:02.983+0000] {dagbag.py:545} INFO - Filling up the DagBag from /home/airflow/.local/lib/python3.12/site-packages/airflow/example_dags/example_python_decorator.py
[2024-06-26T07:14:03.029+0000] {processor.py:840} INFO - DAG(s) 'example_python_decorator' retrieved from /home/airflow/.local/lib/python3.12/site-packages/airflow/example_dags/example_python_decorator.py
[2024-06-26T07:14:03.093+0000] {logging_mixin.py:188} INFO - [2024-06-26T07:14:03.093+0000] {dag.py:3096} INFO - Sync 1 DAGs
[2024-06-26T07:14:03.132+0000] {logging_mixin.py:188} INFO - [2024-06-26T07:14:03.131+0000] {dag.py:3954} INFO - Setting next_dagrun for example_python_decorator to None, run_after=None
[2024-06-26T07:14:03.198+0000] {processor.py:183} INFO - Processing /home/airflow/.local/lib/python3.12/site-packages/airflow/example_dags/example_python_decorator.py took 0.239 seconds
[2024-06-26T07:14:33.603+0000] {processor.py:161} INFO - Started process (PID=3386) to work on /home/airflow/.local/lib/python3.12/site-packages/airflow/example_dags/example_python_decorator.py
[2024-06-26T07:14:33.607+0000] {processor.py:830} INFO - Processing file /home/airflow/.local/lib/python3.12/site-packages/airflow/example_dags/example_python_decorator.py for tasks to queue
[2024-06-26T07:14:33.612+0000] {logging_mixin.py:188} INFO - [2024-06-26T07:14:33.610+0000] {dagbag.py:545} INFO - Filling up the DagBag from /home/airflow/.local/lib/python3.12/site-packages/airflow/example_dags/example_python_decorator.py
[2024-06-26T07:14:33.676+0000] {processor.py:840} INFO - DAG(s) 'example_python_decorator' retrieved from /home/airflow/.local/lib/python3.12/site-packages/airflow/example_dags/example_python_decorator.py
[2024-06-26T07:14:33.814+0000] {logging_mixin.py:188} INFO - [2024-06-26T07:14:33.812+0000] {dag.py:3096} INFO - Sync 1 DAGs
[2024-06-26T07:14:33.899+0000] {logging_mixin.py:188} INFO - [2024-06-26T07:14:33.898+0000] {dag.py:3954} INFO - Setting next_dagrun for example_python_decorator to None, run_after=None
[2024-06-26T07:14:34.049+0000] {processor.py:183} INFO - Processing /home/airflow/.local/lib/python3.12/site-packages/airflow/example_dags/example_python_decorator.py took 0.470 seconds
[2024-06-26T07:15:06.529+0000] {processor.py:161} INFO - Started process (PID=3449) to work on /home/airflow/.local/lib/python3.12/site-packages/airflow/example_dags/example_python_decorator.py
[2024-06-26T07:15:06.571+0000] {processor.py:830} INFO - Processing file /home/airflow/.local/lib/python3.12/site-packages/airflow/example_dags/example_python_decorator.py for tasks to queue
[2024-06-26T07:15:06.581+0000] {logging_mixin.py:188} INFO - [2024-06-26T07:15:06.579+0000] {dagbag.py:545} INFO - Filling up the DagBag from /home/airflow/.local/lib/python3.12/site-packages/airflow/example_dags/example_python_decorator.py
[2024-06-26T07:15:06.789+0000] {processor.py:840} INFO - DAG(s) 'example_python_decorator' retrieved from /home/airflow/.local/lib/python3.12/site-packages/airflow/example_dags/example_python_decorator.py
[2024-06-26T07:15:07.088+0000] {logging_mixin.py:188} INFO - [2024-06-26T07:15:07.086+0000] {dag.py:3096} INFO - Sync 1 DAGs
[2024-06-26T07:15:07.225+0000] {logging_mixin.py:188} INFO - [2024-06-26T07:15:07.224+0000] {dag.py:3954} INFO - Setting next_dagrun for example_python_decorator to None, run_after=None
[2024-06-26T07:15:07.455+0000] {processor.py:183} INFO - Processing /home/airflow/.local/lib/python3.12/site-packages/airflow/example_dags/example_python_decorator.py took 0.980 seconds
[2024-06-26T07:15:57.805+0000] {processor.py:161} INFO - Started process (PID=3516) to work on /home/airflow/.local/lib/python3.12/site-packages/airflow/example_dags/example_python_decorator.py
[2024-06-26T07:15:57.810+0000] {processor.py:830} INFO - Processing file /home/airflow/.local/lib/python3.12/site-packages/airflow/example_dags/example_python_decorator.py for tasks to queue
[2024-06-26T07:15:57.828+0000] {logging_mixin.py:188} INFO - [2024-06-26T07:15:57.826+0000] {dagbag.py:545} INFO - Filling up the DagBag from /home/airflow/.local/lib/python3.12/site-packages/airflow/example_dags/example_python_decorator.py
[2024-06-26T07:15:58.022+0000] {processor.py:840} INFO - DAG(s) 'example_python_decorator' retrieved from /home/airflow/.local/lib/python3.12/site-packages/airflow/example_dags/example_python_decorator.py
[2024-06-26T07:15:58.306+0000] {logging_mixin.py:188} INFO - [2024-06-26T07:15:58.305+0000] {dag.py:3096} INFO - Sync 1 DAGs
[2024-06-26T07:15:58.515+0000] {logging_mixin.py:188} INFO - [2024-06-26T07:15:58.514+0000] {dag.py:3954} INFO - Setting next_dagrun for example_python_decorator to None, run_after=None
[2024-06-26T07:15:58.803+0000] {processor.py:183} INFO - Processing /home/airflow/.local/lib/python3.12/site-packages/airflow/example_dags/example_python_decorator.py took 1.069 seconds
[2024-06-26T07:16:42.764+0000] {processor.py:161} INFO - Started process (PID=3570) to work on /home/airflow/.local/lib/python3.12/site-packages/airflow/example_dags/example_python_decorator.py
[2024-06-26T07:16:42.774+0000] {processor.py:830} INFO - Processing file /home/airflow/.local/lib/python3.12/site-packages/airflow/example_dags/example_python_decorator.py for tasks to queue
[2024-06-26T07:16:42.792+0000] {logging_mixin.py:188} INFO - [2024-06-26T07:16:42.790+0000] {dagbag.py:545} INFO - Filling up the DagBag from /home/airflow/.local/lib/python3.12/site-packages/airflow/example_dags/example_python_decorator.py
[2024-06-26T07:16:42.928+0000] {processor.py:840} INFO - DAG(s) 'example_python_decorator' retrieved from /home/airflow/.local/lib/python3.12/site-packages/airflow/example_dags/example_python_decorator.py
[2024-06-26T07:16:43.075+0000] {logging_mixin.py:188} INFO - [2024-06-26T07:16:43.067+0000] {dag.py:3096} INFO - Sync 1 DAGs
[2024-06-26T07:16:43.183+0000] {logging_mixin.py:188} INFO - [2024-06-26T07:16:43.181+0000] {dag.py:3954} INFO - Setting next_dagrun for example_python_decorator to None, run_after=None
[2024-06-26T07:16:43.342+0000] {processor.py:183} INFO - Processing /home/airflow/.local/lib/python3.12/site-packages/airflow/example_dags/example_python_decorator.py took 0.647 seconds
[2024-06-26T07:39:16.055+0000] {processor.py:161} INFO - Started process (PID=73) to work on /home/airflow/.local/lib/python3.12/site-packages/airflow/example_dags/example_python_decorator.py
[2024-06-26T07:39:16.058+0000] {processor.py:830} INFO - Processing file /home/airflow/.local/lib/python3.12/site-packages/airflow/example_dags/example_python_decorator.py for tasks to queue
[2024-06-26T07:39:16.063+0000] {logging_mixin.py:188} INFO - [2024-06-26T07:39:16.062+0000] {dagbag.py:545} INFO - Filling up the DagBag from /home/airflow/.local/lib/python3.12/site-packages/airflow/example_dags/example_python_decorator.py
[2024-06-26T07:39:16.105+0000] {processor.py:840} INFO - DAG(s) 'example_python_decorator' retrieved from /home/airflow/.local/lib/python3.12/site-packages/airflow/example_dags/example_python_decorator.py
[2024-06-26T07:39:16.363+0000] {logging_mixin.py:188} INFO - [2024-06-26T07:39:16.362+0000] {dag.py:3096} INFO - Sync 1 DAGs
[2024-06-26T07:39:16.389+0000] {logging_mixin.py:188} INFO - [2024-06-26T07:39:16.388+0000] {dag.py:3954} INFO - Setting next_dagrun for example_python_decorator to None, run_after=None
[2024-06-26T07:39:16.436+0000] {processor.py:183} INFO - Processing /home/airflow/.local/lib/python3.12/site-packages/airflow/example_dags/example_python_decorator.py took 0.395 seconds
[2024-06-26T07:39:46.726+0000] {processor.py:161} INFO - Started process (PID=138) to work on /home/airflow/.local/lib/python3.12/site-packages/airflow/example_dags/example_python_decorator.py
[2024-06-26T07:39:46.727+0000] {processor.py:830} INFO - Processing file /home/airflow/.local/lib/python3.12/site-packages/airflow/example_dags/example_python_decorator.py for tasks to queue
[2024-06-26T07:39:46.729+0000] {logging_mixin.py:188} INFO - [2024-06-26T07:39:46.729+0000] {dagbag.py:545} INFO - Filling up the DagBag from /home/airflow/.local/lib/python3.12/site-packages/airflow/example_dags/example_python_decorator.py
[2024-06-26T07:39:46.743+0000] {processor.py:840} INFO - DAG(s) 'example_python_decorator' retrieved from /home/airflow/.local/lib/python3.12/site-packages/airflow/example_dags/example_python_decorator.py
[2024-06-26T07:39:46.767+0000] {logging_mixin.py:188} INFO - [2024-06-26T07:39:46.767+0000] {dag.py:3096} INFO - Sync 1 DAGs
[2024-06-26T07:39:46.782+0000] {logging_mixin.py:188} INFO - [2024-06-26T07:39:46.782+0000] {dag.py:3954} INFO - Setting next_dagrun for example_python_decorator to None, run_after=None
[2024-06-26T07:39:46.804+0000] {processor.py:183} INFO - Processing /home/airflow/.local/lib/python3.12/site-packages/airflow/example_dags/example_python_decorator.py took 0.084 seconds
[2024-06-26T07:40:49.095+0000] {processor.py:161} INFO - Started process (PID=204) to work on /home/airflow/.local/lib/python3.12/site-packages/airflow/example_dags/example_python_decorator.py
[2024-06-26T07:40:49.113+0000] {processor.py:830} INFO - Processing file /home/airflow/.local/lib/python3.12/site-packages/airflow/example_dags/example_python_decorator.py for tasks to queue
[2024-06-26T07:40:49.142+0000] {logging_mixin.py:188} INFO - [2024-06-26T07:40:49.141+0000] {dagbag.py:545} INFO - Filling up the DagBag from /home/airflow/.local/lib/python3.12/site-packages/airflow/example_dags/example_python_decorator.py
[2024-06-26T07:40:49.347+0000] {processor.py:840} INFO - DAG(s) 'example_python_decorator' retrieved from /home/airflow/.local/lib/python3.12/site-packages/airflow/example_dags/example_python_decorator.py
[2024-06-26T07:40:49.698+0000] {logging_mixin.py:188} INFO - [2024-06-26T07:40:49.690+0000] {dag.py:3096} INFO - Sync 1 DAGs
[2024-06-26T07:40:49.962+0000] {logging_mixin.py:188} INFO - [2024-06-26T07:40:49.948+0000] {dag.py:3954} INFO - Setting next_dagrun for example_python_decorator to None, run_after=None
[2024-06-26T07:40:50.559+0000] {processor.py:183} INFO - Processing /home/airflow/.local/lib/python3.12/site-packages/airflow/example_dags/example_python_decorator.py took 1.486 seconds
[2024-06-26T07:42:14.567+0000] {processor.py:161} INFO - Started process (PID=285) to work on /home/airflow/.local/lib/python3.12/site-packages/airflow/example_dags/example_python_decorator.py
[2024-06-26T07:42:14.572+0000] {processor.py:830} INFO - Processing file /home/airflow/.local/lib/python3.12/site-packages/airflow/example_dags/example_python_decorator.py for tasks to queue
[2024-06-26T07:42:14.602+0000] {logging_mixin.py:188} INFO - [2024-06-26T07:42:14.600+0000] {dagbag.py:545} INFO - Filling up the DagBag from /home/airflow/.local/lib/python3.12/site-packages/airflow/example_dags/example_python_decorator.py
[2024-06-26T07:42:14.747+0000] {processor.py:840} INFO - DAG(s) 'example_python_decorator' retrieved from /home/airflow/.local/lib/python3.12/site-packages/airflow/example_dags/example_python_decorator.py
[2024-06-26T07:42:15.048+0000] {logging_mixin.py:188} INFO - [2024-06-26T07:42:15.046+0000] {dag.py:3096} INFO - Sync 1 DAGs
[2024-06-26T07:42:15.215+0000] {logging_mixin.py:188} INFO - [2024-06-26T07:42:15.213+0000] {dag.py:3954} INFO - Setting next_dagrun for example_python_decorator to None, run_after=None
[2024-06-26T07:42:15.869+0000] {processor.py:183} INFO - Processing /home/airflow/.local/lib/python3.12/site-packages/airflow/example_dags/example_python_decorator.py took 1.369 seconds
[2024-06-26T07:44:04.771+0000] {processor.py:161} INFO - Started process (PID=360) to work on /home/airflow/.local/lib/python3.12/site-packages/airflow/example_dags/example_python_decorator.py
[2024-06-26T07:44:04.785+0000] {processor.py:830} INFO - Processing file /home/airflow/.local/lib/python3.12/site-packages/airflow/example_dags/example_python_decorator.py for tasks to queue
[2024-06-26T07:44:04.820+0000] {logging_mixin.py:188} INFO - [2024-06-26T07:44:04.818+0000] {dagbag.py:545} INFO - Filling up the DagBag from /home/airflow/.local/lib/python3.12/site-packages/airflow/example_dags/example_python_decorator.py
[2024-06-26T07:44:05.015+0000] {processor.py:840} INFO - DAG(s) 'example_python_decorator' retrieved from /home/airflow/.local/lib/python3.12/site-packages/airflow/example_dags/example_python_decorator.py
[2024-06-26T07:44:05.424+0000] {logging_mixin.py:188} INFO - [2024-06-26T07:44:05.415+0000] {dag.py:3096} INFO - Sync 1 DAGs
[2024-06-26T07:44:05.703+0000] {logging_mixin.py:188} INFO - [2024-06-26T07:44:05.686+0000] {dag.py:3954} INFO - Setting next_dagrun for example_python_decorator to None, run_after=None
[2024-06-26T07:44:06.620+0000] {processor.py:183} INFO - Processing /home/airflow/.local/lib/python3.12/site-packages/airflow/example_dags/example_python_decorator.py took 1.916 seconds
[2024-06-26T07:47:28.578+0000] {processor.py:161} INFO - Started process (PID=422) to work on /home/airflow/.local/lib/python3.12/site-packages/airflow/example_dags/example_python_decorator.py
[2024-06-26T07:47:28.597+0000] {processor.py:830} INFO - Processing file /home/airflow/.local/lib/python3.12/site-packages/airflow/example_dags/example_python_decorator.py for tasks to queue
[2024-06-26T07:47:28.604+0000] {logging_mixin.py:188} INFO - [2024-06-26T07:47:28.603+0000] {dagbag.py:545} INFO - Filling up the DagBag from /home/airflow/.local/lib/python3.12/site-packages/airflow/example_dags/example_python_decorator.py
[2024-06-26T07:47:29.026+0000] {processor.py:840} INFO - DAG(s) 'example_python_decorator' retrieved from /home/airflow/.local/lib/python3.12/site-packages/airflow/example_dags/example_python_decorator.py
[2024-06-26T07:47:29.585+0000] {logging_mixin.py:188} INFO - [2024-06-26T07:47:29.584+0000] {dag.py:3096} INFO - Sync 1 DAGs
[2024-06-26T07:47:29.810+0000] {logging_mixin.py:188} INFO - [2024-06-26T07:47:29.810+0000] {dag.py:3954} INFO - Setting next_dagrun for example_python_decorator to None, run_after=None
[2024-06-26T07:47:30.170+0000] {processor.py:183} INFO - Processing /home/airflow/.local/lib/python3.12/site-packages/airflow/example_dags/example_python_decorator.py took 1.728 seconds
