[2024-06-26T06:06:06.259+0000] {processor.py:161} INFO - Started process (PID=85) to work on /home/airflow/.local/lib/python3.12/site-packages/airflow/example_dags/example_sensors.py
[2024-06-26T06:06:06.279+0000] {processor.py:830} INFO - Processing file /home/airflow/.local/lib/python3.12/site-packages/airflow/example_dags/example_sensors.py for tasks to queue
[2024-06-26T06:06:06.324+0000] {logging_mixin.py:188} INFO - [2024-06-26T06:06:06.304+0000] {dagbag.py:545} INFO - Filling up the DagBag from /home/airflow/.local/lib/python3.12/site-packages/airflow/example_dags/example_sensors.py
[2024-06-26T06:06:06.555+0000] {processor.py:840} INFO - DAG(s) 'example_sensors' retrieved from /home/airflow/.local/lib/python3.12/site-packages/airflow/example_dags/example_sensors.py
[2024-06-26T06:06:07.223+0000] {logging_mixin.py:188} INFO - [2024-06-26T06:06:07.210+0000] {dag.py:3096} INFO - Sync 1 DAGs
[2024-06-26T06:06:07.450+0000] {logging_mixin.py:188} INFO - [2024-06-26T06:06:07.449+0000] {dag.py:3954} INFO - Setting next_dagrun for example_sensors to None, run_after=None
[2024-06-26T06:06:07.749+0000] {processor.py:183} INFO - Processing /home/airflow/.local/lib/python3.12/site-packages/airflow/example_dags/example_sensors.py took 1.559 seconds
[2024-06-26T06:06:59.946+0000] {processor.py:161} INFO - Started process (PID=152) to work on /home/airflow/.local/lib/python3.12/site-packages/airflow/example_dags/example_sensors.py
[2024-06-26T06:07:00.001+0000] {processor.py:830} INFO - Processing file /home/airflow/.local/lib/python3.12/site-packages/airflow/example_dags/example_sensors.py for tasks to queue
[2024-06-26T06:07:00.035+0000] {logging_mixin.py:188} INFO - [2024-06-26T06:07:00.033+0000] {dagbag.py:545} INFO - Filling up the DagBag from /home/airflow/.local/lib/python3.12/site-packages/airflow/example_dags/example_sensors.py
[2024-06-26T06:07:00.207+0000] {processor.py:840} INFO - DAG(s) 'example_sensors' retrieved from /home/airflow/.local/lib/python3.12/site-packages/airflow/example_dags/example_sensors.py
[2024-06-26T06:07:00.675+0000] {logging_mixin.py:188} INFO - [2024-06-26T06:07:00.664+0000] {dag.py:3096} INFO - Sync 1 DAGs
[2024-06-26T06:07:00.912+0000] {logging_mixin.py:188} INFO - [2024-06-26T06:07:00.911+0000] {dag.py:3954} INFO - Setting next_dagrun for example_sensors to None, run_after=None
[2024-06-26T06:07:01.322+0000] {processor.py:183} INFO - Processing /home/airflow/.local/lib/python3.12/site-packages/airflow/example_dags/example_sensors.py took 1.461 seconds
[2024-06-26T06:21:25.203+0000] {processor.py:161} INFO - Started process (PID=77) to work on /home/airflow/.local/lib/python3.12/site-packages/airflow/example_dags/example_sensors.py
[2024-06-26T06:21:25.284+0000] {processor.py:830} INFO - Processing file /home/airflow/.local/lib/python3.12/site-packages/airflow/example_dags/example_sensors.py for tasks to queue
[2024-06-26T06:21:25.397+0000] {logging_mixin.py:188} INFO - [2024-06-26T06:21:25.385+0000] {dagbag.py:545} INFO - Filling up the DagBag from /home/airflow/.local/lib/python3.12/site-packages/airflow/example_dags/example_sensors.py
[2024-06-26T06:21:25.633+0000] {processor.py:840} INFO - DAG(s) 'example_sensors' retrieved from /home/airflow/.local/lib/python3.12/site-packages/airflow/example_dags/example_sensors.py
[2024-06-26T06:21:26.367+0000] {logging_mixin.py:188} INFO - [2024-06-26T06:21:26.366+0000] {dag.py:3096} INFO - Sync 1 DAGs
[2024-06-26T06:21:26.789+0000] {logging_mixin.py:188} INFO - [2024-06-26T06:21:26.788+0000] {dag.py:3954} INFO - Setting next_dagrun for example_sensors to None, run_after=None
[2024-06-26T06:21:27.511+0000] {processor.py:183} INFO - Processing /home/airflow/.local/lib/python3.12/site-packages/airflow/example_dags/example_sensors.py took 2.371 seconds
[2024-06-26T06:22:46.251+0000] {processor.py:161} INFO - Started process (PID=151) to work on /home/airflow/.local/lib/python3.12/site-packages/airflow/example_dags/example_sensors.py
[2024-06-26T06:22:46.271+0000] {processor.py:830} INFO - Processing file /home/airflow/.local/lib/python3.12/site-packages/airflow/example_dags/example_sensors.py for tasks to queue
[2024-06-26T06:22:46.293+0000] {logging_mixin.py:188} INFO - [2024-06-26T06:22:46.292+0000] {dagbag.py:545} INFO - Filling up the DagBag from /home/airflow/.local/lib/python3.12/site-packages/airflow/example_dags/example_sensors.py
[2024-06-26T06:22:46.404+0000] {processor.py:840} INFO - DAG(s) 'example_sensors' retrieved from /home/airflow/.local/lib/python3.12/site-packages/airflow/example_dags/example_sensors.py
[2024-06-26T06:22:46.763+0000] {logging_mixin.py:188} INFO - [2024-06-26T06:22:46.762+0000] {dag.py:3096} INFO - Sync 1 DAGs
[2024-06-26T06:22:47.008+0000] {logging_mixin.py:188} INFO - [2024-06-26T06:22:47.006+0000] {dag.py:3954} INFO - Setting next_dagrun for example_sensors to None, run_after=None
[2024-06-26T06:22:47.337+0000] {processor.py:183} INFO - Processing /home/airflow/.local/lib/python3.12/site-packages/airflow/example_dags/example_sensors.py took 1.150 seconds
[2024-06-26T06:23:36.570+0000] {processor.py:161} INFO - Started process (PID=195) to work on /home/airflow/.local/lib/python3.12/site-packages/airflow/example_dags/example_sensors.py
[2024-06-26T06:23:36.617+0000] {processor.py:830} INFO - Processing file /home/airflow/.local/lib/python3.12/site-packages/airflow/example_dags/example_sensors.py for tasks to queue
[2024-06-26T06:23:36.640+0000] {logging_mixin.py:188} INFO - [2024-06-26T06:23:36.639+0000] {dagbag.py:545} INFO - Filling up the DagBag from /home/airflow/.local/lib/python3.12/site-packages/airflow/example_dags/example_sensors.py
[2024-06-26T06:23:36.759+0000] {processor.py:840} INFO - DAG(s) 'example_sensors' retrieved from /home/airflow/.local/lib/python3.12/site-packages/airflow/example_dags/example_sensors.py
[2024-06-26T06:23:36.933+0000] {logging_mixin.py:188} INFO - [2024-06-26T06:23:36.922+0000] {dag.py:3096} INFO - Sync 1 DAGs
[2024-06-26T06:23:37.134+0000] {logging_mixin.py:188} INFO - [2024-06-26T06:23:37.121+0000] {dag.py:3954} INFO - Setting next_dagrun for example_sensors to None, run_after=None
[2024-06-26T06:23:37.424+0000] {processor.py:183} INFO - Processing /home/airflow/.local/lib/python3.12/site-packages/airflow/example_dags/example_sensors.py took 0.945 seconds
[2024-06-26T06:24:46.620+0000] {processor.py:161} INFO - Started process (PID=247) to work on /home/airflow/.local/lib/python3.12/site-packages/airflow/example_dags/example_sensors.py
[2024-06-26T06:24:46.645+0000] {processor.py:830} INFO - Processing file /home/airflow/.local/lib/python3.12/site-packages/airflow/example_dags/example_sensors.py for tasks to queue
[2024-06-26T06:24:46.679+0000] {logging_mixin.py:188} INFO - [2024-06-26T06:24:46.677+0000] {dagbag.py:545} INFO - Filling up the DagBag from /home/airflow/.local/lib/python3.12/site-packages/airflow/example_dags/example_sensors.py
[2024-06-26T06:24:46.784+0000] {processor.py:840} INFO - DAG(s) 'example_sensors' retrieved from /home/airflow/.local/lib/python3.12/site-packages/airflow/example_dags/example_sensors.py
[2024-06-26T06:24:48.894+0000] {logging_mixin.py:188} INFO - [2024-06-26T06:24:48.880+0000] {dag.py:3096} INFO - Sync 1 DAGs
[2024-06-26T06:24:49.272+0000] {logging_mixin.py:188} INFO - [2024-06-26T06:24:49.271+0000] {dag.py:3954} INFO - Setting next_dagrun for example_sensors to None, run_after=None
[2024-06-26T06:24:49.749+0000] {processor.py:183} INFO - Processing /home/airflow/.local/lib/python3.12/site-packages/airflow/example_dags/example_sensors.py took 3.237 seconds
[2024-06-26T06:25:27.179+0000] {processor.py:161} INFO - Started process (PID=291) to work on /home/airflow/.local/lib/python3.12/site-packages/airflow/example_dags/example_sensors.py
[2024-06-26T06:25:27.183+0000] {processor.py:830} INFO - Processing file /home/airflow/.local/lib/python3.12/site-packages/airflow/example_dags/example_sensors.py for tasks to queue
[2024-06-26T06:25:27.193+0000] {logging_mixin.py:188} INFO - [2024-06-26T06:25:27.190+0000] {dagbag.py:545} INFO - Filling up the DagBag from /home/airflow/.local/lib/python3.12/site-packages/airflow/example_dags/example_sensors.py
[2024-06-26T06:25:27.237+0000] {processor.py:840} INFO - DAG(s) 'example_sensors' retrieved from /home/airflow/.local/lib/python3.12/site-packages/airflow/example_dags/example_sensors.py
[2024-06-26T06:25:27.388+0000] {logging_mixin.py:188} INFO - [2024-06-26T06:25:27.387+0000] {dag.py:3096} INFO - Sync 1 DAGs
[2024-06-26T06:25:27.482+0000] {logging_mixin.py:188} INFO - [2024-06-26T06:25:27.480+0000] {dag.py:3954} INFO - Setting next_dagrun for example_sensors to None, run_after=None
[2024-06-26T06:25:27.644+0000] {processor.py:183} INFO - Processing /home/airflow/.local/lib/python3.12/site-packages/airflow/example_dags/example_sensors.py took 0.558 seconds
[2024-06-26T06:25:58.255+0000] {processor.py:161} INFO - Started process (PID=353) to work on /home/airflow/.local/lib/python3.12/site-packages/airflow/example_dags/example_sensors.py
[2024-06-26T06:25:58.258+0000] {processor.py:830} INFO - Processing file /home/airflow/.local/lib/python3.12/site-packages/airflow/example_dags/example_sensors.py for tasks to queue
[2024-06-26T06:25:58.266+0000] {logging_mixin.py:188} INFO - [2024-06-26T06:25:58.263+0000] {dagbag.py:545} INFO - Filling up the DagBag from /home/airflow/.local/lib/python3.12/site-packages/airflow/example_dags/example_sensors.py
[2024-06-26T06:25:58.309+0000] {processor.py:840} INFO - DAG(s) 'example_sensors' retrieved from /home/airflow/.local/lib/python3.12/site-packages/airflow/example_dags/example_sensors.py
[2024-06-26T06:25:58.397+0000] {logging_mixin.py:188} INFO - [2024-06-26T06:25:58.395+0000] {dag.py:3096} INFO - Sync 1 DAGs
[2024-06-26T06:25:58.442+0000] {logging_mixin.py:188} INFO - [2024-06-26T06:25:58.442+0000] {dag.py:3954} INFO - Setting next_dagrun for example_sensors to None, run_after=None
[2024-06-26T06:25:58.508+0000] {processor.py:183} INFO - Processing /home/airflow/.local/lib/python3.12/site-packages/airflow/example_dags/example_sensors.py took 0.268 seconds
[2024-06-26T06:40:12.925+0000] {processor.py:161} INFO - Started process (PID=65) to work on /home/airflow/.local/lib/python3.12/site-packages/airflow/example_dags/example_sensors.py
[2024-06-26T06:40:12.959+0000] {processor.py:830} INFO - Processing file /home/airflow/.local/lib/python3.12/site-packages/airflow/example_dags/example_sensors.py for tasks to queue
[2024-06-26T06:40:12.978+0000] {logging_mixin.py:188} INFO - [2024-06-26T06:40:12.977+0000] {dagbag.py:545} INFO - Filling up the DagBag from /home/airflow/.local/lib/python3.12/site-packages/airflow/example_dags/example_sensors.py
[2024-06-26T06:40:13.134+0000] {processor.py:840} INFO - DAG(s) 'example_sensors' retrieved from /home/airflow/.local/lib/python3.12/site-packages/airflow/example_dags/example_sensors.py
[2024-06-26T06:40:14.892+0000] {logging_mixin.py:188} INFO - [2024-06-26T06:40:14.891+0000] {dag.py:3096} INFO - Sync 1 DAGs
[2024-06-26T06:40:15.087+0000] {logging_mixin.py:188} INFO - [2024-06-26T06:40:15.086+0000] {dag.py:3954} INFO - Setting next_dagrun for example_sensors to None, run_after=None
[2024-06-26T06:40:15.713+0000] {processor.py:183} INFO - Processing /home/airflow/.local/lib/python3.12/site-packages/airflow/example_dags/example_sensors.py took 2.801 seconds
[2024-06-26T06:41:12.308+0000] {processor.py:161} INFO - Started process (PID=128) to work on /home/airflow/.local/lib/python3.12/site-packages/airflow/example_dags/example_sensors.py
[2024-06-26T06:41:12.312+0000] {processor.py:830} INFO - Processing file /home/airflow/.local/lib/python3.12/site-packages/airflow/example_dags/example_sensors.py for tasks to queue
[2024-06-26T06:41:12.321+0000] {logging_mixin.py:188} INFO - [2024-06-26T06:41:12.319+0000] {dagbag.py:545} INFO - Filling up the DagBag from /home/airflow/.local/lib/python3.12/site-packages/airflow/example_dags/example_sensors.py
[2024-06-26T06:41:12.358+0000] {processor.py:840} INFO - DAG(s) 'example_sensors' retrieved from /home/airflow/.local/lib/python3.12/site-packages/airflow/example_dags/example_sensors.py
[2024-06-26T06:41:12.435+0000] {logging_mixin.py:188} INFO - [2024-06-26T06:41:12.435+0000] {dag.py:3096} INFO - Sync 1 DAGs
[2024-06-26T06:41:12.477+0000] {logging_mixin.py:188} INFO - [2024-06-26T06:41:12.476+0000] {dag.py:3954} INFO - Setting next_dagrun for example_sensors to None, run_after=None
[2024-06-26T06:41:12.539+0000] {processor.py:183} INFO - Processing /home/airflow/.local/lib/python3.12/site-packages/airflow/example_dags/example_sensors.py took 0.250 seconds
[2024-06-26T06:41:43.362+0000] {processor.py:161} INFO - Started process (PID=196) to work on /home/airflow/.local/lib/python3.12/site-packages/airflow/example_dags/example_sensors.py
[2024-06-26T06:41:43.363+0000] {processor.py:830} INFO - Processing file /home/airflow/.local/lib/python3.12/site-packages/airflow/example_dags/example_sensors.py for tasks to queue
[2024-06-26T06:41:43.366+0000] {logging_mixin.py:188} INFO - [2024-06-26T06:41:43.365+0000] {dagbag.py:545} INFO - Filling up the DagBag from /home/airflow/.local/lib/python3.12/site-packages/airflow/example_dags/example_sensors.py
[2024-06-26T06:41:43.378+0000] {processor.py:840} INFO - DAG(s) 'example_sensors' retrieved from /home/airflow/.local/lib/python3.12/site-packages/airflow/example_dags/example_sensors.py
[2024-06-26T06:41:43.420+0000] {logging_mixin.py:188} INFO - [2024-06-26T06:41:43.420+0000] {dag.py:3096} INFO - Sync 1 DAGs
[2024-06-26T06:41:43.445+0000] {logging_mixin.py:188} INFO - [2024-06-26T06:41:43.445+0000] {dag.py:3954} INFO - Setting next_dagrun for example_sensors to None, run_after=None
[2024-06-26T06:41:43.483+0000] {processor.py:183} INFO - Processing /home/airflow/.local/lib/python3.12/site-packages/airflow/example_dags/example_sensors.py took 0.128 seconds
[2024-06-26T06:42:14.028+0000] {processor.py:161} INFO - Started process (PID=258) to work on /home/airflow/.local/lib/python3.12/site-packages/airflow/example_dags/example_sensors.py
[2024-06-26T06:42:14.030+0000] {processor.py:830} INFO - Processing file /home/airflow/.local/lib/python3.12/site-packages/airflow/example_dags/example_sensors.py for tasks to queue
[2024-06-26T06:42:14.032+0000] {logging_mixin.py:188} INFO - [2024-06-26T06:42:14.032+0000] {dagbag.py:545} INFO - Filling up the DagBag from /home/airflow/.local/lib/python3.12/site-packages/airflow/example_dags/example_sensors.py
[2024-06-26T06:42:14.044+0000] {processor.py:840} INFO - DAG(s) 'example_sensors' retrieved from /home/airflow/.local/lib/python3.12/site-packages/airflow/example_dags/example_sensors.py
[2024-06-26T06:42:14.078+0000] {logging_mixin.py:188} INFO - [2024-06-26T06:42:14.078+0000] {dag.py:3096} INFO - Sync 1 DAGs
[2024-06-26T06:42:14.094+0000] {logging_mixin.py:188} INFO - [2024-06-26T06:42:14.094+0000] {dag.py:3954} INFO - Setting next_dagrun for example_sensors to None, run_after=None
[2024-06-26T06:42:14.123+0000] {processor.py:183} INFO - Processing /home/airflow/.local/lib/python3.12/site-packages/airflow/example_dags/example_sensors.py took 0.101 seconds
[2024-06-26T06:42:44.526+0000] {processor.py:161} INFO - Started process (PID=320) to work on /home/airflow/.local/lib/python3.12/site-packages/airflow/example_dags/example_sensors.py
[2024-06-26T06:42:44.527+0000] {processor.py:830} INFO - Processing file /home/airflow/.local/lib/python3.12/site-packages/airflow/example_dags/example_sensors.py for tasks to queue
[2024-06-26T06:42:44.529+0000] {logging_mixin.py:188} INFO - [2024-06-26T06:42:44.529+0000] {dagbag.py:545} INFO - Filling up the DagBag from /home/airflow/.local/lib/python3.12/site-packages/airflow/example_dags/example_sensors.py
[2024-06-26T06:42:44.541+0000] {processor.py:840} INFO - DAG(s) 'example_sensors' retrieved from /home/airflow/.local/lib/python3.12/site-packages/airflow/example_dags/example_sensors.py
[2024-06-26T06:42:44.576+0000] {logging_mixin.py:188} INFO - [2024-06-26T06:42:44.575+0000] {dag.py:3096} INFO - Sync 1 DAGs
[2024-06-26T06:42:44.592+0000] {logging_mixin.py:188} INFO - [2024-06-26T06:42:44.592+0000] {dag.py:3954} INFO - Setting next_dagrun for example_sensors to None, run_after=None
[2024-06-26T06:42:44.622+0000] {processor.py:183} INFO - Processing /home/airflow/.local/lib/python3.12/site-packages/airflow/example_dags/example_sensors.py took 0.104 seconds
[2024-06-26T06:43:15.497+0000] {processor.py:161} INFO - Started process (PID=382) to work on /home/airflow/.local/lib/python3.12/site-packages/airflow/example_dags/example_sensors.py
[2024-06-26T06:43:15.502+0000] {processor.py:830} INFO - Processing file /home/airflow/.local/lib/python3.12/site-packages/airflow/example_dags/example_sensors.py for tasks to queue
[2024-06-26T06:43:15.510+0000] {logging_mixin.py:188} INFO - [2024-06-26T06:43:15.508+0000] {dagbag.py:545} INFO - Filling up the DagBag from /home/airflow/.local/lib/python3.12/site-packages/airflow/example_dags/example_sensors.py
[2024-06-26T06:43:15.551+0000] {processor.py:840} INFO - DAG(s) 'example_sensors' retrieved from /home/airflow/.local/lib/python3.12/site-packages/airflow/example_dags/example_sensors.py
[2024-06-26T06:43:15.663+0000] {logging_mixin.py:188} INFO - [2024-06-26T06:43:15.662+0000] {dag.py:3096} INFO - Sync 1 DAGs
[2024-06-26T06:43:15.726+0000] {logging_mixin.py:188} INFO - [2024-06-26T06:43:15.725+0000] {dag.py:3954} INFO - Setting next_dagrun for example_sensors to None, run_after=None
[2024-06-26T06:43:15.825+0000] {processor.py:183} INFO - Processing /home/airflow/.local/lib/python3.12/site-packages/airflow/example_dags/example_sensors.py took 0.352 seconds
[2024-06-26T06:43:45.969+0000] {processor.py:161} INFO - Started process (PID=442) to work on /home/airflow/.local/lib/python3.12/site-packages/airflow/example_dags/example_sensors.py
[2024-06-26T06:43:45.971+0000] {processor.py:830} INFO - Processing file /home/airflow/.local/lib/python3.12/site-packages/airflow/example_dags/example_sensors.py for tasks to queue
[2024-06-26T06:43:45.975+0000] {logging_mixin.py:188} INFO - [2024-06-26T06:43:45.974+0000] {dagbag.py:545} INFO - Filling up the DagBag from /home/airflow/.local/lib/python3.12/site-packages/airflow/example_dags/example_sensors.py
[2024-06-26T06:43:45.995+0000] {processor.py:840} INFO - DAG(s) 'example_sensors' retrieved from /home/airflow/.local/lib/python3.12/site-packages/airflow/example_dags/example_sensors.py
[2024-06-26T06:43:46.039+0000] {logging_mixin.py:188} INFO - [2024-06-26T06:43:46.038+0000] {dag.py:3096} INFO - Sync 1 DAGs
[2024-06-26T06:43:46.060+0000] {logging_mixin.py:188} INFO - [2024-06-26T06:43:46.059+0000] {dag.py:3954} INFO - Setting next_dagrun for example_sensors to None, run_after=None
[2024-06-26T06:43:46.094+0000] {processor.py:183} INFO - Processing /home/airflow/.local/lib/python3.12/site-packages/airflow/example_dags/example_sensors.py took 0.135 seconds
[2024-06-26T06:44:16.816+0000] {processor.py:161} INFO - Started process (PID=504) to work on /home/airflow/.local/lib/python3.12/site-packages/airflow/example_dags/example_sensors.py
[2024-06-26T06:44:16.820+0000] {processor.py:830} INFO - Processing file /home/airflow/.local/lib/python3.12/site-packages/airflow/example_dags/example_sensors.py for tasks to queue
[2024-06-26T06:44:16.827+0000] {logging_mixin.py:188} INFO - [2024-06-26T06:44:16.826+0000] {dagbag.py:545} INFO - Filling up the DagBag from /home/airflow/.local/lib/python3.12/site-packages/airflow/example_dags/example_sensors.py
[2024-06-26T06:44:16.862+0000] {processor.py:840} INFO - DAG(s) 'example_sensors' retrieved from /home/airflow/.local/lib/python3.12/site-packages/airflow/example_dags/example_sensors.py
[2024-06-26T06:44:16.989+0000] {logging_mixin.py:188} INFO - [2024-06-26T06:44:16.988+0000] {dag.py:3096} INFO - Sync 1 DAGs
[2024-06-26T06:44:17.066+0000] {logging_mixin.py:188} INFO - [2024-06-26T06:44:17.065+0000] {dag.py:3954} INFO - Setting next_dagrun for example_sensors to None, run_after=None
[2024-06-26T06:44:17.198+0000] {processor.py:183} INFO - Processing /home/airflow/.local/lib/python3.12/site-packages/airflow/example_dags/example_sensors.py took 0.407 seconds
[2024-06-26T06:44:53.531+0000] {processor.py:161} INFO - Started process (PID=563) to work on /home/airflow/.local/lib/python3.12/site-packages/airflow/example_dags/example_sensors.py
[2024-06-26T06:44:53.538+0000] {processor.py:830} INFO - Processing file /home/airflow/.local/lib/python3.12/site-packages/airflow/example_dags/example_sensors.py for tasks to queue
[2024-06-26T06:44:53.548+0000] {logging_mixin.py:188} INFO - [2024-06-26T06:44:53.546+0000] {dagbag.py:545} INFO - Filling up the DagBag from /home/airflow/.local/lib/python3.12/site-packages/airflow/example_dags/example_sensors.py
[2024-06-26T06:44:53.592+0000] {processor.py:840} INFO - DAG(s) 'example_sensors' retrieved from /home/airflow/.local/lib/python3.12/site-packages/airflow/example_dags/example_sensors.py
[2024-06-26T06:44:53.704+0000] {logging_mixin.py:188} INFO - [2024-06-26T06:44:53.703+0000] {dag.py:3096} INFO - Sync 1 DAGs
[2024-06-26T06:44:53.778+0000] {logging_mixin.py:188} INFO - [2024-06-26T06:44:53.777+0000] {dag.py:3954} INFO - Setting next_dagrun for example_sensors to None, run_after=None
[2024-06-26T06:44:53.886+0000] {processor.py:183} INFO - Processing /home/airflow/.local/lib/python3.12/site-packages/airflow/example_dags/example_sensors.py took 0.385 seconds
[2024-06-26T06:45:55.762+0000] {processor.py:161} INFO - Started process (PID=626) to work on /home/airflow/.local/lib/python3.12/site-packages/airflow/example_dags/example_sensors.py
[2024-06-26T06:45:55.766+0000] {processor.py:830} INFO - Processing file /home/airflow/.local/lib/python3.12/site-packages/airflow/example_dags/example_sensors.py for tasks to queue
[2024-06-26T06:45:55.810+0000] {logging_mixin.py:188} INFO - [2024-06-26T06:45:55.808+0000] {dagbag.py:545} INFO - Filling up the DagBag from /home/airflow/.local/lib/python3.12/site-packages/airflow/example_dags/example_sensors.py
[2024-06-26T06:45:55.961+0000] {processor.py:840} INFO - DAG(s) 'example_sensors' retrieved from /home/airflow/.local/lib/python3.12/site-packages/airflow/example_dags/example_sensors.py
[2024-06-26T06:45:56.494+0000] {logging_mixin.py:188} INFO - [2024-06-26T06:45:56.493+0000] {dag.py:3096} INFO - Sync 1 DAGs
[2024-06-26T06:45:56.755+0000] {logging_mixin.py:188} INFO - [2024-06-26T06:45:56.753+0000] {dag.py:3954} INFO - Setting next_dagrun for example_sensors to None, run_after=None
[2024-06-26T06:45:57.077+0000] {processor.py:183} INFO - Processing /home/airflow/.local/lib/python3.12/site-packages/airflow/example_dags/example_sensors.py took 1.353 seconds
[2024-06-26T06:47:04.638+0000] {processor.py:161} INFO - Started process (PID=695) to work on /home/airflow/.local/lib/python3.12/site-packages/airflow/example_dags/example_sensors.py
[2024-06-26T06:47:04.644+0000] {processor.py:830} INFO - Processing file /home/airflow/.local/lib/python3.12/site-packages/airflow/example_dags/example_sensors.py for tasks to queue
[2024-06-26T06:47:04.655+0000] {logging_mixin.py:188} INFO - [2024-06-26T06:47:04.653+0000] {dagbag.py:545} INFO - Filling up the DagBag from /home/airflow/.local/lib/python3.12/site-packages/airflow/example_dags/example_sensors.py
[2024-06-26T06:47:04.726+0000] {processor.py:840} INFO - DAG(s) 'example_sensors' retrieved from /home/airflow/.local/lib/python3.12/site-packages/airflow/example_dags/example_sensors.py
[2024-06-26T06:47:04.982+0000] {logging_mixin.py:188} INFO - [2024-06-26T06:47:04.980+0000] {dag.py:3096} INFO - Sync 1 DAGs
[2024-06-26T06:47:05.095+0000] {logging_mixin.py:188} INFO - [2024-06-26T06:47:05.085+0000] {dag.py:3954} INFO - Setting next_dagrun for example_sensors to None, run_after=None
[2024-06-26T06:47:05.290+0000] {processor.py:183} INFO - Processing /home/airflow/.local/lib/python3.12/site-packages/airflow/example_dags/example_sensors.py took 0.695 seconds
[2024-06-26T06:47:53.414+0000] {processor.py:161} INFO - Started process (PID=763) to work on /home/airflow/.local/lib/python3.12/site-packages/airflow/example_dags/example_sensors.py
[2024-06-26T06:47:53.438+0000] {processor.py:830} INFO - Processing file /home/airflow/.local/lib/python3.12/site-packages/airflow/example_dags/example_sensors.py for tasks to queue
[2024-06-26T06:47:53.465+0000] {logging_mixin.py:188} INFO - [2024-06-26T06:47:53.463+0000] {dagbag.py:545} INFO - Filling up the DagBag from /home/airflow/.local/lib/python3.12/site-packages/airflow/example_dags/example_sensors.py
[2024-06-26T06:47:53.587+0000] {processor.py:840} INFO - DAG(s) 'example_sensors' retrieved from /home/airflow/.local/lib/python3.12/site-packages/airflow/example_dags/example_sensors.py
[2024-06-26T06:47:53.926+0000] {logging_mixin.py:188} INFO - [2024-06-26T06:47:53.925+0000] {dag.py:3096} INFO - Sync 1 DAGs
[2024-06-26T06:47:54.123+0000] {logging_mixin.py:188} INFO - [2024-06-26T06:47:54.122+0000] {dag.py:3954} INFO - Setting next_dagrun for example_sensors to None, run_after=None
[2024-06-26T06:47:54.343+0000] {processor.py:183} INFO - Processing /home/airflow/.local/lib/python3.12/site-packages/airflow/example_dags/example_sensors.py took 1.011 seconds
[2024-06-26T06:48:29.350+0000] {processor.py:161} INFO - Started process (PID=824) to work on /home/airflow/.local/lib/python3.12/site-packages/airflow/example_dags/example_sensors.py
[2024-06-26T06:48:29.353+0000] {processor.py:830} INFO - Processing file /home/airflow/.local/lib/python3.12/site-packages/airflow/example_dags/example_sensors.py for tasks to queue
[2024-06-26T06:48:29.360+0000] {logging_mixin.py:188} INFO - [2024-06-26T06:48:29.359+0000] {dagbag.py:545} INFO - Filling up the DagBag from /home/airflow/.local/lib/python3.12/site-packages/airflow/example_dags/example_sensors.py
[2024-06-26T06:48:29.468+0000] {processor.py:840} INFO - DAG(s) 'example_sensors' retrieved from /home/airflow/.local/lib/python3.12/site-packages/airflow/example_dags/example_sensors.py
[2024-06-26T06:48:29.788+0000] {logging_mixin.py:188} INFO - [2024-06-26T06:48:29.787+0000] {dag.py:3096} INFO - Sync 1 DAGs
[2024-06-26T06:48:29.922+0000] {logging_mixin.py:188} INFO - [2024-06-26T06:48:29.921+0000] {dag.py:3954} INFO - Setting next_dagrun for example_sensors to None, run_after=None
[2024-06-26T06:48:30.033+0000] {processor.py:183} INFO - Processing /home/airflow/.local/lib/python3.12/site-packages/airflow/example_dags/example_sensors.py took 0.745 seconds
[2024-06-26T06:49:00.812+0000] {processor.py:161} INFO - Started process (PID=882) to work on /home/airflow/.local/lib/python3.12/site-packages/airflow/example_dags/example_sensors.py
[2024-06-26T06:49:00.816+0000] {processor.py:830} INFO - Processing file /home/airflow/.local/lib/python3.12/site-packages/airflow/example_dags/example_sensors.py for tasks to queue
[2024-06-26T06:49:00.825+0000] {logging_mixin.py:188} INFO - [2024-06-26T06:49:00.823+0000] {dagbag.py:545} INFO - Filling up the DagBag from /home/airflow/.local/lib/python3.12/site-packages/airflow/example_dags/example_sensors.py
[2024-06-26T06:49:00.860+0000] {processor.py:840} INFO - DAG(s) 'example_sensors' retrieved from /home/airflow/.local/lib/python3.12/site-packages/airflow/example_dags/example_sensors.py
[2024-06-26T06:49:00.951+0000] {logging_mixin.py:188} INFO - [2024-06-26T06:49:00.950+0000] {dag.py:3096} INFO - Sync 1 DAGs
[2024-06-26T06:49:01.021+0000] {logging_mixin.py:188} INFO - [2024-06-26T06:49:01.020+0000] {dag.py:3954} INFO - Setting next_dagrun for example_sensors to None, run_after=None
[2024-06-26T06:49:01.121+0000] {processor.py:183} INFO - Processing /home/airflow/.local/lib/python3.12/site-packages/airflow/example_dags/example_sensors.py took 0.331 seconds
[2024-06-26T06:49:41.131+0000] {processor.py:161} INFO - Started process (PID=941) to work on /home/airflow/.local/lib/python3.12/site-packages/airflow/example_dags/example_sensors.py
[2024-06-26T06:49:41.155+0000] {processor.py:830} INFO - Processing file /home/airflow/.local/lib/python3.12/site-packages/airflow/example_dags/example_sensors.py for tasks to queue
[2024-06-26T06:49:41.170+0000] {logging_mixin.py:188} INFO - [2024-06-26T06:49:41.166+0000] {dagbag.py:545} INFO - Filling up the DagBag from /home/airflow/.local/lib/python3.12/site-packages/airflow/example_dags/example_sensors.py
[2024-06-26T06:49:41.328+0000] {processor.py:840} INFO - DAG(s) 'example_sensors' retrieved from /home/airflow/.local/lib/python3.12/site-packages/airflow/example_dags/example_sensors.py
[2024-06-26T06:49:41.673+0000] {logging_mixin.py:188} INFO - [2024-06-26T06:49:41.672+0000] {dag.py:3096} INFO - Sync 1 DAGs
[2024-06-26T06:49:41.867+0000] {logging_mixin.py:188} INFO - [2024-06-26T06:49:41.866+0000] {dag.py:3954} INFO - Setting next_dagrun for example_sensors to None, run_after=None
[2024-06-26T06:49:42.158+0000] {processor.py:183} INFO - Processing /home/airflow/.local/lib/python3.12/site-packages/airflow/example_dags/example_sensors.py took 1.107 seconds
[2024-06-26T06:51:02.297+0000] {processor.py:161} INFO - Started process (PID=1014) to work on /home/airflow/.local/lib/python3.12/site-packages/airflow/example_dags/example_sensors.py
[2024-06-26T06:51:02.317+0000] {processor.py:830} INFO - Processing file /home/airflow/.local/lib/python3.12/site-packages/airflow/example_dags/example_sensors.py for tasks to queue
[2024-06-26T06:51:02.345+0000] {logging_mixin.py:188} INFO - [2024-06-26T06:51:02.337+0000] {dagbag.py:545} INFO - Filling up the DagBag from /home/airflow/.local/lib/python3.12/site-packages/airflow/example_dags/example_sensors.py
[2024-06-26T06:51:02.563+0000] {processor.py:840} INFO - DAG(s) 'example_sensors' retrieved from /home/airflow/.local/lib/python3.12/site-packages/airflow/example_dags/example_sensors.py
[2024-06-26T06:51:03.041+0000] {logging_mixin.py:188} INFO - [2024-06-26T06:51:03.039+0000] {dag.py:3096} INFO - Sync 1 DAGs
[2024-06-26T06:51:03.364+0000] {logging_mixin.py:188} INFO - [2024-06-26T06:51:03.351+0000] {dag.py:3954} INFO - Setting next_dagrun for example_sensors to None, run_after=None
[2024-06-26T06:51:03.818+0000] {processor.py:183} INFO - Processing /home/airflow/.local/lib/python3.12/site-packages/airflow/example_dags/example_sensors.py took 1.645 seconds
[2024-06-26T06:51:48.885+0000] {processor.py:161} INFO - Started process (PID=1074) to work on /home/airflow/.local/lib/python3.12/site-packages/airflow/example_dags/example_sensors.py
[2024-06-26T06:51:48.890+0000] {processor.py:830} INFO - Processing file /home/airflow/.local/lib/python3.12/site-packages/airflow/example_dags/example_sensors.py for tasks to queue
[2024-06-26T06:51:48.904+0000] {logging_mixin.py:188} INFO - [2024-06-26T06:51:48.903+0000] {dagbag.py:545} INFO - Filling up the DagBag from /home/airflow/.local/lib/python3.12/site-packages/airflow/example_dags/example_sensors.py
[2024-06-26T06:51:49.024+0000] {processor.py:840} INFO - DAG(s) 'example_sensors' retrieved from /home/airflow/.local/lib/python3.12/site-packages/airflow/example_dags/example_sensors.py
[2024-06-26T06:51:49.242+0000] {logging_mixin.py:188} INFO - [2024-06-26T06:51:49.241+0000] {dag.py:3096} INFO - Sync 1 DAGs
[2024-06-26T06:51:49.372+0000] {logging_mixin.py:188} INFO - [2024-06-26T06:51:49.371+0000] {dag.py:3954} INFO - Setting next_dagrun for example_sensors to None, run_after=None
[2024-06-26T06:51:49.582+0000] {processor.py:183} INFO - Processing /home/airflow/.local/lib/python3.12/site-packages/airflow/example_dags/example_sensors.py took 0.784 seconds
[2024-06-26T06:52:20.306+0000] {processor.py:161} INFO - Started process (PID=1134) to work on /home/airflow/.local/lib/python3.12/site-packages/airflow/example_dags/example_sensors.py
[2024-06-26T06:52:20.308+0000] {processor.py:830} INFO - Processing file /home/airflow/.local/lib/python3.12/site-packages/airflow/example_dags/example_sensors.py for tasks to queue
[2024-06-26T06:52:20.312+0000] {logging_mixin.py:188} INFO - [2024-06-26T06:52:20.311+0000] {dagbag.py:545} INFO - Filling up the DagBag from /home/airflow/.local/lib/python3.12/site-packages/airflow/example_dags/example_sensors.py
[2024-06-26T06:52:20.328+0000] {processor.py:840} INFO - DAG(s) 'example_sensors' retrieved from /home/airflow/.local/lib/python3.12/site-packages/airflow/example_dags/example_sensors.py
[2024-06-26T06:52:20.369+0000] {logging_mixin.py:188} INFO - [2024-06-26T06:52:20.369+0000] {dag.py:3096} INFO - Sync 1 DAGs
[2024-06-26T06:52:20.389+0000] {logging_mixin.py:188} INFO - [2024-06-26T06:52:20.389+0000] {dag.py:3954} INFO - Setting next_dagrun for example_sensors to None, run_after=None
[2024-06-26T06:52:20.425+0000] {processor.py:183} INFO - Processing /home/airflow/.local/lib/python3.12/site-packages/airflow/example_dags/example_sensors.py took 0.126 seconds
[2024-06-26T06:52:50.489+0000] {processor.py:161} INFO - Started process (PID=1196) to work on /home/airflow/.local/lib/python3.12/site-packages/airflow/example_dags/example_sensors.py
[2024-06-26T06:52:50.491+0000] {processor.py:830} INFO - Processing file /home/airflow/.local/lib/python3.12/site-packages/airflow/example_dags/example_sensors.py for tasks to queue
[2024-06-26T06:52:50.494+0000] {logging_mixin.py:188} INFO - [2024-06-26T06:52:50.493+0000] {dagbag.py:545} INFO - Filling up the DagBag from /home/airflow/.local/lib/python3.12/site-packages/airflow/example_dags/example_sensors.py
[2024-06-26T06:52:50.507+0000] {processor.py:840} INFO - DAG(s) 'example_sensors' retrieved from /home/airflow/.local/lib/python3.12/site-packages/airflow/example_dags/example_sensors.py
[2024-06-26T06:52:50.548+0000] {logging_mixin.py:188} INFO - [2024-06-26T06:52:50.548+0000] {dag.py:3096} INFO - Sync 1 DAGs
[2024-06-26T06:52:50.568+0000] {logging_mixin.py:188} INFO - [2024-06-26T06:52:50.567+0000] {dag.py:3954} INFO - Setting next_dagrun for example_sensors to None, run_after=None
[2024-06-26T06:52:50.603+0000] {processor.py:183} INFO - Processing /home/airflow/.local/lib/python3.12/site-packages/airflow/example_dags/example_sensors.py took 0.122 seconds
[2024-06-26T06:53:21.097+0000] {processor.py:161} INFO - Started process (PID=1258) to work on /home/airflow/.local/lib/python3.12/site-packages/airflow/example_dags/example_sensors.py
[2024-06-26T06:53:21.098+0000] {processor.py:830} INFO - Processing file /home/airflow/.local/lib/python3.12/site-packages/airflow/example_dags/example_sensors.py for tasks to queue
[2024-06-26T06:53:21.100+0000] {logging_mixin.py:188} INFO - [2024-06-26T06:53:21.099+0000] {dagbag.py:545} INFO - Filling up the DagBag from /home/airflow/.local/lib/python3.12/site-packages/airflow/example_dags/example_sensors.py
[2024-06-26T06:53:21.108+0000] {processor.py:840} INFO - DAG(s) 'example_sensors' retrieved from /home/airflow/.local/lib/python3.12/site-packages/airflow/example_dags/example_sensors.py
[2024-06-26T06:53:21.134+0000] {logging_mixin.py:188} INFO - [2024-06-26T06:53:21.134+0000] {dag.py:3096} INFO - Sync 1 DAGs
[2024-06-26T06:53:21.149+0000] {logging_mixin.py:188} INFO - [2024-06-26T06:53:21.149+0000] {dag.py:3954} INFO - Setting next_dagrun for example_sensors to None, run_after=None
[2024-06-26T06:53:21.174+0000] {processor.py:183} INFO - Processing /home/airflow/.local/lib/python3.12/site-packages/airflow/example_dags/example_sensors.py took 0.082 seconds
[2024-06-26T06:53:51.579+0000] {processor.py:161} INFO - Started process (PID=1320) to work on /home/airflow/.local/lib/python3.12/site-packages/airflow/example_dags/example_sensors.py
[2024-06-26T06:53:51.580+0000] {processor.py:830} INFO - Processing file /home/airflow/.local/lib/python3.12/site-packages/airflow/example_dags/example_sensors.py for tasks to queue
[2024-06-26T06:53:51.583+0000] {logging_mixin.py:188} INFO - [2024-06-26T06:53:51.582+0000] {dagbag.py:545} INFO - Filling up the DagBag from /home/airflow/.local/lib/python3.12/site-packages/airflow/example_dags/example_sensors.py
[2024-06-26T06:53:51.595+0000] {processor.py:840} INFO - DAG(s) 'example_sensors' retrieved from /home/airflow/.local/lib/python3.12/site-packages/airflow/example_dags/example_sensors.py
[2024-06-26T06:53:51.626+0000] {logging_mixin.py:188} INFO - [2024-06-26T06:53:51.626+0000] {dag.py:3096} INFO - Sync 1 DAGs
[2024-06-26T06:53:51.643+0000] {logging_mixin.py:188} INFO - [2024-06-26T06:53:51.643+0000] {dag.py:3954} INFO - Setting next_dagrun for example_sensors to None, run_after=None
[2024-06-26T06:53:51.672+0000] {processor.py:183} INFO - Processing /home/airflow/.local/lib/python3.12/site-packages/airflow/example_dags/example_sensors.py took 0.099 seconds
[2024-06-26T06:54:41.039+0000] {processor.py:161} INFO - Started process (PID=1389) to work on /home/airflow/.local/lib/python3.12/site-packages/airflow/example_dags/example_sensors.py
[2024-06-26T06:54:41.083+0000] {processor.py:830} INFO - Processing file /home/airflow/.local/lib/python3.12/site-packages/airflow/example_dags/example_sensors.py for tasks to queue
[2024-06-26T06:54:41.164+0000] {logging_mixin.py:188} INFO - [2024-06-26T06:54:41.163+0000] {dagbag.py:545} INFO - Filling up the DagBag from /home/airflow/.local/lib/python3.12/site-packages/airflow/example_dags/example_sensors.py
[2024-06-26T06:54:41.530+0000] {processor.py:840} INFO - DAG(s) 'example_sensors' retrieved from /home/airflow/.local/lib/python3.12/site-packages/airflow/example_dags/example_sensors.py
[2024-06-26T06:54:42.085+0000] {logging_mixin.py:188} INFO - [2024-06-26T06:54:42.073+0000] {dag.py:3096} INFO - Sync 1 DAGs
[2024-06-26T06:54:42.350+0000] {logging_mixin.py:188} INFO - [2024-06-26T06:54:42.349+0000] {dag.py:3954} INFO - Setting next_dagrun for example_sensors to None, run_after=None
[2024-06-26T06:54:42.667+0000] {processor.py:183} INFO - Processing /home/airflow/.local/lib/python3.12/site-packages/airflow/example_dags/example_sensors.py took 1.712 seconds
[2024-06-26T06:55:31.778+0000] {processor.py:161} INFO - Started process (PID=1415) to work on /home/airflow/.local/lib/python3.12/site-packages/airflow/example_dags/example_sensors.py
[2024-06-26T06:55:31.860+0000] {processor.py:830} INFO - Processing file /home/airflow/.local/lib/python3.12/site-packages/airflow/example_dags/example_sensors.py for tasks to queue
[2024-06-26T06:55:31.897+0000] {logging_mixin.py:188} INFO - [2024-06-26T06:55:31.896+0000] {dagbag.py:545} INFO - Filling up the DagBag from /home/airflow/.local/lib/python3.12/site-packages/airflow/example_dags/example_sensors.py
[2024-06-26T06:55:32.045+0000] {processor.py:840} INFO - DAG(s) 'example_sensors' retrieved from /home/airflow/.local/lib/python3.12/site-packages/airflow/example_dags/example_sensors.py
[2024-06-26T06:55:32.530+0000] {logging_mixin.py:188} INFO - [2024-06-26T06:55:32.529+0000] {dag.py:3096} INFO - Sync 1 DAGs
[2024-06-26T06:55:32.704+0000] {logging_mixin.py:188} INFO - [2024-06-26T06:55:32.692+0000] {dag.py:3954} INFO - Setting next_dagrun for example_sensors to None, run_after=None
[2024-06-26T06:55:32.890+0000] {processor.py:183} INFO - Processing /home/airflow/.local/lib/python3.12/site-packages/airflow/example_dags/example_sensors.py took 1.182 seconds
[2024-06-26T06:56:25.655+0000] {processor.py:161} INFO - Started process (PID=1476) to work on /home/airflow/.local/lib/python3.12/site-packages/airflow/example_dags/example_sensors.py
[2024-06-26T06:56:25.662+0000] {processor.py:830} INFO - Processing file /home/airflow/.local/lib/python3.12/site-packages/airflow/example_dags/example_sensors.py for tasks to queue
[2024-06-26T06:56:25.674+0000] {logging_mixin.py:188} INFO - [2024-06-26T06:56:25.670+0000] {dagbag.py:545} INFO - Filling up the DagBag from /home/airflow/.local/lib/python3.12/site-packages/airflow/example_dags/example_sensors.py
[2024-06-26T06:56:25.874+0000] {processor.py:840} INFO - DAG(s) 'example_sensors' retrieved from /home/airflow/.local/lib/python3.12/site-packages/airflow/example_dags/example_sensors.py
[2024-06-26T06:56:26.475+0000] {logging_mixin.py:188} INFO - [2024-06-26T06:56:26.474+0000] {dag.py:3096} INFO - Sync 1 DAGs
[2024-06-26T06:56:26.686+0000] {logging_mixin.py:188} INFO - [2024-06-26T06:56:26.685+0000] {dag.py:3954} INFO - Setting next_dagrun for example_sensors to None, run_after=None
[2024-06-26T06:56:27.041+0000] {processor.py:183} INFO - Processing /home/airflow/.local/lib/python3.12/site-packages/airflow/example_dags/example_sensors.py took 1.472 seconds
[2024-06-26T06:57:19.550+0000] {processor.py:161} INFO - Started process (PID=1543) to work on /home/airflow/.local/lib/python3.12/site-packages/airflow/example_dags/example_sensors.py
[2024-06-26T06:57:19.555+0000] {processor.py:830} INFO - Processing file /home/airflow/.local/lib/python3.12/site-packages/airflow/example_dags/example_sensors.py for tasks to queue
[2024-06-26T06:57:19.569+0000] {logging_mixin.py:188} INFO - [2024-06-26T06:57:19.567+0000] {dagbag.py:545} INFO - Filling up the DagBag from /home/airflow/.local/lib/python3.12/site-packages/airflow/example_dags/example_sensors.py
[2024-06-26T06:57:19.701+0000] {processor.py:840} INFO - DAG(s) 'example_sensors' retrieved from /home/airflow/.local/lib/python3.12/site-packages/airflow/example_dags/example_sensors.py
[2024-06-26T06:57:20.010+0000] {logging_mixin.py:188} INFO - [2024-06-26T06:57:20.008+0000] {dag.py:3096} INFO - Sync 1 DAGs
[2024-06-26T06:57:20.238+0000] {logging_mixin.py:188} INFO - [2024-06-26T06:57:20.226+0000] {dag.py:3954} INFO - Setting next_dagrun for example_sensors to None, run_after=None
[2024-06-26T06:57:20.796+0000] {processor.py:183} INFO - Processing /home/airflow/.local/lib/python3.12/site-packages/airflow/example_dags/example_sensors.py took 1.280 seconds
[2024-06-26T06:58:09.669+0000] {processor.py:161} INFO - Started process (PID=1599) to work on /home/airflow/.local/lib/python3.12/site-packages/airflow/example_dags/example_sensors.py
[2024-06-26T06:58:09.766+0000] {processor.py:830} INFO - Processing file /home/airflow/.local/lib/python3.12/site-packages/airflow/example_dags/example_sensors.py for tasks to queue
[2024-06-26T06:58:09.785+0000] {logging_mixin.py:188} INFO - [2024-06-26T06:58:09.783+0000] {dagbag.py:545} INFO - Filling up the DagBag from /home/airflow/.local/lib/python3.12/site-packages/airflow/example_dags/example_sensors.py
[2024-06-26T06:58:09.899+0000] {processor.py:840} INFO - DAG(s) 'example_sensors' retrieved from /home/airflow/.local/lib/python3.12/site-packages/airflow/example_dags/example_sensors.py
[2024-06-26T06:58:10.217+0000] {logging_mixin.py:188} INFO - [2024-06-26T06:58:10.216+0000] {dag.py:3096} INFO - Sync 1 DAGs
[2024-06-26T06:58:10.470+0000] {logging_mixin.py:188} INFO - [2024-06-26T06:58:10.469+0000] {dag.py:3954} INFO - Setting next_dagrun for example_sensors to None, run_after=None
[2024-06-26T06:58:10.798+0000] {processor.py:183} INFO - Processing /home/airflow/.local/lib/python3.12/site-packages/airflow/example_dags/example_sensors.py took 1.212 seconds
[2024-06-26T06:58:56.914+0000] {processor.py:161} INFO - Started process (PID=1662) to work on /home/airflow/.local/lib/python3.12/site-packages/airflow/example_dags/example_sensors.py
[2024-06-26T06:58:57.028+0000] {processor.py:830} INFO - Processing file /home/airflow/.local/lib/python3.12/site-packages/airflow/example_dags/example_sensors.py for tasks to queue
[2024-06-26T06:58:57.068+0000] {logging_mixin.py:188} INFO - [2024-06-26T06:58:57.066+0000] {dagbag.py:545} INFO - Filling up the DagBag from /home/airflow/.local/lib/python3.12/site-packages/airflow/example_dags/example_sensors.py
[2024-06-26T06:58:57.497+0000] {processor.py:840} INFO - DAG(s) 'example_sensors' retrieved from /home/airflow/.local/lib/python3.12/site-packages/airflow/example_dags/example_sensors.py
[2024-06-26T06:58:58.493+0000] {logging_mixin.py:188} INFO - [2024-06-26T06:58:58.492+0000] {dag.py:3096} INFO - Sync 1 DAGs
[2024-06-26T06:58:59.515+0000] {logging_mixin.py:188} INFO - [2024-06-26T06:58:59.503+0000] {dag.py:3954} INFO - Setting next_dagrun for example_sensors to None, run_after=None
[2024-06-26T06:58:59.805+0000] {processor.py:183} INFO - Processing /home/airflow/.local/lib/python3.12/site-packages/airflow/example_dags/example_sensors.py took 3.046 seconds
[2024-06-26T06:59:38.914+0000] {processor.py:161} INFO - Started process (PID=1725) to work on /home/airflow/.local/lib/python3.12/site-packages/airflow/example_dags/example_sensors.py
[2024-06-26T06:59:38.922+0000] {processor.py:830} INFO - Processing file /home/airflow/.local/lib/python3.12/site-packages/airflow/example_dags/example_sensors.py for tasks to queue
[2024-06-26T06:59:38.929+0000] {logging_mixin.py:188} INFO - [2024-06-26T06:59:38.928+0000] {dagbag.py:545} INFO - Filling up the DagBag from /home/airflow/.local/lib/python3.12/site-packages/airflow/example_dags/example_sensors.py
[2024-06-26T06:59:39.020+0000] {processor.py:840} INFO - DAG(s) 'example_sensors' retrieved from /home/airflow/.local/lib/python3.12/site-packages/airflow/example_dags/example_sensors.py
[2024-06-26T06:59:39.262+0000] {logging_mixin.py:188} INFO - [2024-06-26T06:59:39.261+0000] {dag.py:3096} INFO - Sync 1 DAGs
[2024-06-26T06:59:39.419+0000] {logging_mixin.py:188} INFO - [2024-06-26T06:59:39.410+0000] {dag.py:3954} INFO - Setting next_dagrun for example_sensors to None, run_after=None
[2024-06-26T06:59:39.607+0000] {processor.py:183} INFO - Processing /home/airflow/.local/lib/python3.12/site-packages/airflow/example_dags/example_sensors.py took 0.746 seconds
[2024-06-26T07:00:10.103+0000] {processor.py:161} INFO - Started process (PID=1786) to work on /home/airflow/.local/lib/python3.12/site-packages/airflow/example_dags/example_sensors.py
[2024-06-26T07:00:10.110+0000] {processor.py:830} INFO - Processing file /home/airflow/.local/lib/python3.12/site-packages/airflow/example_dags/example_sensors.py for tasks to queue
[2024-06-26T07:00:10.115+0000] {logging_mixin.py:188} INFO - [2024-06-26T07:00:10.113+0000] {dagbag.py:545} INFO - Filling up the DagBag from /home/airflow/.local/lib/python3.12/site-packages/airflow/example_dags/example_sensors.py
[2024-06-26T07:00:10.173+0000] {processor.py:840} INFO - DAG(s) 'example_sensors' retrieved from /home/airflow/.local/lib/python3.12/site-packages/airflow/example_dags/example_sensors.py
[2024-06-26T07:00:10.326+0000] {logging_mixin.py:188} INFO - [2024-06-26T07:00:10.325+0000] {dag.py:3096} INFO - Sync 1 DAGs
[2024-06-26T07:00:10.427+0000] {logging_mixin.py:188} INFO - [2024-06-26T07:00:10.426+0000] {dag.py:3954} INFO - Setting next_dagrun for example_sensors to None, run_after=None
[2024-06-26T07:00:10.572+0000] {processor.py:183} INFO - Processing /home/airflow/.local/lib/python3.12/site-packages/airflow/example_dags/example_sensors.py took 0.493 seconds
[2024-06-26T07:00:41.092+0000] {processor.py:161} INFO - Started process (PID=1849) to work on /home/airflow/.local/lib/python3.12/site-packages/airflow/example_dags/example_sensors.py
[2024-06-26T07:00:41.096+0000] {processor.py:830} INFO - Processing file /home/airflow/.local/lib/python3.12/site-packages/airflow/example_dags/example_sensors.py for tasks to queue
[2024-06-26T07:00:41.101+0000] {logging_mixin.py:188} INFO - [2024-06-26T07:00:41.099+0000] {dagbag.py:545} INFO - Filling up the DagBag from /home/airflow/.local/lib/python3.12/site-packages/airflow/example_dags/example_sensors.py
[2024-06-26T07:00:41.139+0000] {processor.py:840} INFO - DAG(s) 'example_sensors' retrieved from /home/airflow/.local/lib/python3.12/site-packages/airflow/example_dags/example_sensors.py
[2024-06-26T07:00:41.225+0000] {logging_mixin.py:188} INFO - [2024-06-26T07:00:41.225+0000] {dag.py:3096} INFO - Sync 1 DAGs
[2024-06-26T07:00:41.270+0000] {logging_mixin.py:188} INFO - [2024-06-26T07:00:41.269+0000] {dag.py:3954} INFO - Setting next_dagrun for example_sensors to None, run_after=None
[2024-06-26T07:00:41.339+0000] {processor.py:183} INFO - Processing /home/airflow/.local/lib/python3.12/site-packages/airflow/example_dags/example_sensors.py took 0.273 seconds
[2024-06-26T07:01:11.448+0000] {processor.py:161} INFO - Started process (PID=1912) to work on /home/airflow/.local/lib/python3.12/site-packages/airflow/example_dags/example_sensors.py
[2024-06-26T07:01:11.449+0000] {processor.py:830} INFO - Processing file /home/airflow/.local/lib/python3.12/site-packages/airflow/example_dags/example_sensors.py for tasks to queue
[2024-06-26T07:01:11.450+0000] {logging_mixin.py:188} INFO - [2024-06-26T07:01:11.450+0000] {dagbag.py:545} INFO - Filling up the DagBag from /home/airflow/.local/lib/python3.12/site-packages/airflow/example_dags/example_sensors.py
[2024-06-26T07:01:11.462+0000] {processor.py:840} INFO - DAG(s) 'example_sensors' retrieved from /home/airflow/.local/lib/python3.12/site-packages/airflow/example_dags/example_sensors.py
[2024-06-26T07:01:11.500+0000] {logging_mixin.py:188} INFO - [2024-06-26T07:01:11.499+0000] {dag.py:3096} INFO - Sync 1 DAGs
[2024-06-26T07:01:11.517+0000] {logging_mixin.py:188} INFO - [2024-06-26T07:01:11.516+0000] {dag.py:3954} INFO - Setting next_dagrun for example_sensors to None, run_after=None
[2024-06-26T07:01:11.546+0000] {processor.py:183} INFO - Processing /home/airflow/.local/lib/python3.12/site-packages/airflow/example_dags/example_sensors.py took 0.106 seconds
[2024-06-26T07:01:41.666+0000] {processor.py:161} INFO - Started process (PID=1972) to work on /home/airflow/.local/lib/python3.12/site-packages/airflow/example_dags/example_sensors.py
[2024-06-26T07:01:41.668+0000] {processor.py:830} INFO - Processing file /home/airflow/.local/lib/python3.12/site-packages/airflow/example_dags/example_sensors.py for tasks to queue
[2024-06-26T07:01:41.670+0000] {logging_mixin.py:188} INFO - [2024-06-26T07:01:41.669+0000] {dagbag.py:545} INFO - Filling up the DagBag from /home/airflow/.local/lib/python3.12/site-packages/airflow/example_dags/example_sensors.py
[2024-06-26T07:01:41.684+0000] {processor.py:840} INFO - DAG(s) 'example_sensors' retrieved from /home/airflow/.local/lib/python3.12/site-packages/airflow/example_dags/example_sensors.py
[2024-06-26T07:01:41.725+0000] {logging_mixin.py:188} INFO - [2024-06-26T07:01:41.724+0000] {dag.py:3096} INFO - Sync 1 DAGs
[2024-06-26T07:01:41.746+0000] {logging_mixin.py:188} INFO - [2024-06-26T07:01:41.745+0000] {dag.py:3954} INFO - Setting next_dagrun for example_sensors to None, run_after=None
[2024-06-26T07:01:41.776+0000] {processor.py:183} INFO - Processing /home/airflow/.local/lib/python3.12/site-packages/airflow/example_dags/example_sensors.py took 0.118 seconds
[2024-06-26T07:02:12.011+0000] {processor.py:161} INFO - Started process (PID=2035) to work on /home/airflow/.local/lib/python3.12/site-packages/airflow/example_dags/example_sensors.py
[2024-06-26T07:02:12.013+0000] {processor.py:830} INFO - Processing file /home/airflow/.local/lib/python3.12/site-packages/airflow/example_dags/example_sensors.py for tasks to queue
[2024-06-26T07:02:12.014+0000] {logging_mixin.py:188} INFO - [2024-06-26T07:02:12.014+0000] {dagbag.py:545} INFO - Filling up the DagBag from /home/airflow/.local/lib/python3.12/site-packages/airflow/example_dags/example_sensors.py
[2024-06-26T07:02:12.022+0000] {processor.py:840} INFO - DAG(s) 'example_sensors' retrieved from /home/airflow/.local/lib/python3.12/site-packages/airflow/example_dags/example_sensors.py
[2024-06-26T07:02:12.047+0000] {logging_mixin.py:188} INFO - [2024-06-26T07:02:12.046+0000] {dag.py:3096} INFO - Sync 1 DAGs
[2024-06-26T07:02:12.058+0000] {logging_mixin.py:188} INFO - [2024-06-26T07:02:12.058+0000] {dag.py:3954} INFO - Setting next_dagrun for example_sensors to None, run_after=None
[2024-06-26T07:02:12.080+0000] {processor.py:183} INFO - Processing /home/airflow/.local/lib/python3.12/site-packages/airflow/example_dags/example_sensors.py took 0.074 seconds
[2024-06-26T07:02:42.461+0000] {processor.py:161} INFO - Started process (PID=2098) to work on /home/airflow/.local/lib/python3.12/site-packages/airflow/example_dags/example_sensors.py
[2024-06-26T07:02:42.462+0000] {processor.py:830} INFO - Processing file /home/airflow/.local/lib/python3.12/site-packages/airflow/example_dags/example_sensors.py for tasks to queue
[2024-06-26T07:02:42.462+0000] {logging_mixin.py:188} INFO - [2024-06-26T07:02:42.462+0000] {dagbag.py:545} INFO - Filling up the DagBag from /home/airflow/.local/lib/python3.12/site-packages/airflow/example_dags/example_sensors.py
[2024-06-26T07:02:42.470+0000] {processor.py:840} INFO - DAG(s) 'example_sensors' retrieved from /home/airflow/.local/lib/python3.12/site-packages/airflow/example_dags/example_sensors.py
[2024-06-26T07:02:42.491+0000] {logging_mixin.py:188} INFO - [2024-06-26T07:02:42.491+0000] {dag.py:3096} INFO - Sync 1 DAGs
[2024-06-26T07:02:42.500+0000] {logging_mixin.py:188} INFO - [2024-06-26T07:02:42.500+0000] {dag.py:3954} INFO - Setting next_dagrun for example_sensors to None, run_after=None
[2024-06-26T07:02:42.519+0000] {processor.py:183} INFO - Processing /home/airflow/.local/lib/python3.12/site-packages/airflow/example_dags/example_sensors.py took 0.063 seconds
[2024-06-26T07:03:13.218+0000] {processor.py:161} INFO - Started process (PID=2167) to work on /home/airflow/.local/lib/python3.12/site-packages/airflow/example_dags/example_sensors.py
[2024-06-26T07:03:13.222+0000] {processor.py:830} INFO - Processing file /home/airflow/.local/lib/python3.12/site-packages/airflow/example_dags/example_sensors.py for tasks to queue
[2024-06-26T07:03:13.226+0000] {logging_mixin.py:188} INFO - [2024-06-26T07:03:13.225+0000] {dagbag.py:545} INFO - Filling up the DagBag from /home/airflow/.local/lib/python3.12/site-packages/airflow/example_dags/example_sensors.py
[2024-06-26T07:03:13.263+0000] {processor.py:840} INFO - DAG(s) 'example_sensors' retrieved from /home/airflow/.local/lib/python3.12/site-packages/airflow/example_dags/example_sensors.py
[2024-06-26T07:03:13.328+0000] {logging_mixin.py:188} INFO - [2024-06-26T07:03:13.328+0000] {dag.py:3096} INFO - Sync 1 DAGs
[2024-06-26T07:03:13.610+0000] {logging_mixin.py:188} INFO - [2024-06-26T07:03:13.610+0000] {dag.py:3954} INFO - Setting next_dagrun for example_sensors to None, run_after=None
[2024-06-26T07:03:13.647+0000] {processor.py:183} INFO - Processing /home/airflow/.local/lib/python3.12/site-packages/airflow/example_dags/example_sensors.py took 0.453 seconds
[2024-06-26T07:03:43.836+0000] {processor.py:161} INFO - Started process (PID=2232) to work on /home/airflow/.local/lib/python3.12/site-packages/airflow/example_dags/example_sensors.py
[2024-06-26T07:03:43.838+0000] {processor.py:830} INFO - Processing file /home/airflow/.local/lib/python3.12/site-packages/airflow/example_dags/example_sensors.py for tasks to queue
[2024-06-26T07:03:43.839+0000] {logging_mixin.py:188} INFO - [2024-06-26T07:03:43.839+0000] {dagbag.py:545} INFO - Filling up the DagBag from /home/airflow/.local/lib/python3.12/site-packages/airflow/example_dags/example_sensors.py
[2024-06-26T07:03:43.850+0000] {processor.py:840} INFO - DAG(s) 'example_sensors' retrieved from /home/airflow/.local/lib/python3.12/site-packages/airflow/example_dags/example_sensors.py
[2024-06-26T07:03:43.880+0000] {logging_mixin.py:188} INFO - [2024-06-26T07:03:43.880+0000] {dag.py:3096} INFO - Sync 1 DAGs
[2024-06-26T07:03:43.895+0000] {logging_mixin.py:188} INFO - [2024-06-26T07:03:43.894+0000] {dag.py:3954} INFO - Setting next_dagrun for example_sensors to None, run_after=None
[2024-06-26T07:03:43.918+0000] {processor.py:183} INFO - Processing /home/airflow/.local/lib/python3.12/site-packages/airflow/example_dags/example_sensors.py took 0.088 seconds
[2024-06-26T07:04:14.424+0000] {processor.py:161} INFO - Started process (PID=2295) to work on /home/airflow/.local/lib/python3.12/site-packages/airflow/example_dags/example_sensors.py
[2024-06-26T07:04:14.427+0000] {processor.py:830} INFO - Processing file /home/airflow/.local/lib/python3.12/site-packages/airflow/example_dags/example_sensors.py for tasks to queue
[2024-06-26T07:04:14.431+0000] {logging_mixin.py:188} INFO - [2024-06-26T07:04:14.430+0000] {dagbag.py:545} INFO - Filling up the DagBag from /home/airflow/.local/lib/python3.12/site-packages/airflow/example_dags/example_sensors.py
[2024-06-26T07:04:14.464+0000] {processor.py:840} INFO - DAG(s) 'example_sensors' retrieved from /home/airflow/.local/lib/python3.12/site-packages/airflow/example_dags/example_sensors.py
[2024-06-26T07:04:14.570+0000] {logging_mixin.py:188} INFO - [2024-06-26T07:04:14.569+0000] {dag.py:3096} INFO - Sync 1 DAGs
[2024-06-26T07:04:14.607+0000] {logging_mixin.py:188} INFO - [2024-06-26T07:04:14.606+0000] {dag.py:3954} INFO - Setting next_dagrun for example_sensors to None, run_after=None
[2024-06-26T07:04:14.676+0000] {processor.py:183} INFO - Processing /home/airflow/.local/lib/python3.12/site-packages/airflow/example_dags/example_sensors.py took 0.272 seconds
[2024-06-26T07:04:45.006+0000] {processor.py:161} INFO - Started process (PID=2357) to work on /home/airflow/.local/lib/python3.12/site-packages/airflow/example_dags/example_sensors.py
[2024-06-26T07:04:45.007+0000] {processor.py:830} INFO - Processing file /home/airflow/.local/lib/python3.12/site-packages/airflow/example_dags/example_sensors.py for tasks to queue
[2024-06-26T07:04:45.008+0000] {logging_mixin.py:188} INFO - [2024-06-26T07:04:45.007+0000] {dagbag.py:545} INFO - Filling up the DagBag from /home/airflow/.local/lib/python3.12/site-packages/airflow/example_dags/example_sensors.py
[2024-06-26T07:04:45.018+0000] {processor.py:840} INFO - DAG(s) 'example_sensors' retrieved from /home/airflow/.local/lib/python3.12/site-packages/airflow/example_dags/example_sensors.py
[2024-06-26T07:04:45.046+0000] {logging_mixin.py:188} INFO - [2024-06-26T07:04:45.046+0000] {dag.py:3096} INFO - Sync 1 DAGs
[2024-06-26T07:04:45.062+0000] {logging_mixin.py:188} INFO - [2024-06-26T07:04:45.062+0000] {dag.py:3954} INFO - Setting next_dagrun for example_sensors to None, run_after=None
[2024-06-26T07:04:45.089+0000] {processor.py:183} INFO - Processing /home/airflow/.local/lib/python3.12/site-packages/airflow/example_dags/example_sensors.py took 0.090 seconds
[2024-06-26T07:05:15.923+0000] {processor.py:161} INFO - Started process (PID=2423) to work on /home/airflow/.local/lib/python3.12/site-packages/airflow/example_dags/example_sensors.py
[2024-06-26T07:05:15.926+0000] {processor.py:830} INFO - Processing file /home/airflow/.local/lib/python3.12/site-packages/airflow/example_dags/example_sensors.py for tasks to queue
[2024-06-26T07:05:15.930+0000] {logging_mixin.py:188} INFO - [2024-06-26T07:05:15.929+0000] {dagbag.py:545} INFO - Filling up the DagBag from /home/airflow/.local/lib/python3.12/site-packages/airflow/example_dags/example_sensors.py
[2024-06-26T07:05:15.963+0000] {processor.py:840} INFO - DAG(s) 'example_sensors' retrieved from /home/airflow/.local/lib/python3.12/site-packages/airflow/example_dags/example_sensors.py
[2024-06-26T07:05:16.030+0000] {logging_mixin.py:188} INFO - [2024-06-26T07:05:16.029+0000] {dag.py:3096} INFO - Sync 1 DAGs
[2024-06-26T07:05:16.083+0000] {logging_mixin.py:188} INFO - [2024-06-26T07:05:16.082+0000] {dag.py:3954} INFO - Setting next_dagrun for example_sensors to None, run_after=None
[2024-06-26T07:05:16.147+0000] {processor.py:183} INFO - Processing /home/airflow/.local/lib/python3.12/site-packages/airflow/example_dags/example_sensors.py took 0.242 seconds
[2024-06-26T07:05:47.360+0000] {processor.py:161} INFO - Started process (PID=2484) to work on /home/airflow/.local/lib/python3.12/site-packages/airflow/example_dags/example_sensors.py
[2024-06-26T07:05:47.364+0000] {processor.py:830} INFO - Processing file /home/airflow/.local/lib/python3.12/site-packages/airflow/example_dags/example_sensors.py for tasks to queue
[2024-06-26T07:05:47.367+0000] {logging_mixin.py:188} INFO - [2024-06-26T07:05:47.366+0000] {dagbag.py:545} INFO - Filling up the DagBag from /home/airflow/.local/lib/python3.12/site-packages/airflow/example_dags/example_sensors.py
[2024-06-26T07:05:47.398+0000] {processor.py:840} INFO - DAG(s) 'example_sensors' retrieved from /home/airflow/.local/lib/python3.12/site-packages/airflow/example_dags/example_sensors.py
[2024-06-26T07:05:47.493+0000] {logging_mixin.py:188} INFO - [2024-06-26T07:05:47.492+0000] {dag.py:3096} INFO - Sync 1 DAGs
[2024-06-26T07:05:47.561+0000] {logging_mixin.py:188} INFO - [2024-06-26T07:05:47.560+0000] {dag.py:3954} INFO - Setting next_dagrun for example_sensors to None, run_after=None
[2024-06-26T07:05:47.644+0000] {processor.py:183} INFO - Processing /home/airflow/.local/lib/python3.12/site-packages/airflow/example_dags/example_sensors.py took 0.302 seconds
[2024-06-26T07:06:18.506+0000] {processor.py:161} INFO - Started process (PID=2546) to work on /home/airflow/.local/lib/python3.12/site-packages/airflow/example_dags/example_sensors.py
[2024-06-26T07:06:18.507+0000] {processor.py:830} INFO - Processing file /home/airflow/.local/lib/python3.12/site-packages/airflow/example_dags/example_sensors.py for tasks to queue
[2024-06-26T07:06:18.507+0000] {logging_mixin.py:188} INFO - [2024-06-26T07:06:18.507+0000] {dagbag.py:545} INFO - Filling up the DagBag from /home/airflow/.local/lib/python3.12/site-packages/airflow/example_dags/example_sensors.py
[2024-06-26T07:06:18.514+0000] {processor.py:840} INFO - DAG(s) 'example_sensors' retrieved from /home/airflow/.local/lib/python3.12/site-packages/airflow/example_dags/example_sensors.py
[2024-06-26T07:06:18.536+0000] {logging_mixin.py:188} INFO - [2024-06-26T07:06:18.535+0000] {dag.py:3096} INFO - Sync 1 DAGs
[2024-06-26T07:06:18.545+0000] {logging_mixin.py:188} INFO - [2024-06-26T07:06:18.545+0000] {dag.py:3954} INFO - Setting next_dagrun for example_sensors to None, run_after=None
[2024-06-26T07:06:18.563+0000] {processor.py:183} INFO - Processing /home/airflow/.local/lib/python3.12/site-packages/airflow/example_dags/example_sensors.py took 0.062 seconds
[2024-06-26T07:06:49.147+0000] {processor.py:161} INFO - Started process (PID=2608) to work on /home/airflow/.local/lib/python3.12/site-packages/airflow/example_dags/example_sensors.py
[2024-06-26T07:06:49.147+0000] {processor.py:830} INFO - Processing file /home/airflow/.local/lib/python3.12/site-packages/airflow/example_dags/example_sensors.py for tasks to queue
[2024-06-26T07:06:49.148+0000] {logging_mixin.py:188} INFO - [2024-06-26T07:06:49.148+0000] {dagbag.py:545} INFO - Filling up the DagBag from /home/airflow/.local/lib/python3.12/site-packages/airflow/example_dags/example_sensors.py
[2024-06-26T07:06:49.155+0000] {processor.py:840} INFO - DAG(s) 'example_sensors' retrieved from /home/airflow/.local/lib/python3.12/site-packages/airflow/example_dags/example_sensors.py
[2024-06-26T07:06:49.174+0000] {logging_mixin.py:188} INFO - [2024-06-26T07:06:49.174+0000] {dag.py:3096} INFO - Sync 1 DAGs
[2024-06-26T07:06:49.183+0000] {logging_mixin.py:188} INFO - [2024-06-26T07:06:49.183+0000] {dag.py:3954} INFO - Setting next_dagrun for example_sensors to None, run_after=None
[2024-06-26T07:06:49.202+0000] {processor.py:183} INFO - Processing /home/airflow/.local/lib/python3.12/site-packages/airflow/example_dags/example_sensors.py took 0.060 seconds
[2024-06-26T07:07:19.720+0000] {processor.py:161} INFO - Started process (PID=2670) to work on /home/airflow/.local/lib/python3.12/site-packages/airflow/example_dags/example_sensors.py
[2024-06-26T07:07:19.721+0000] {processor.py:830} INFO - Processing file /home/airflow/.local/lib/python3.12/site-packages/airflow/example_dags/example_sensors.py for tasks to queue
[2024-06-26T07:07:19.722+0000] {logging_mixin.py:188} INFO - [2024-06-26T07:07:19.722+0000] {dagbag.py:545} INFO - Filling up the DagBag from /home/airflow/.local/lib/python3.12/site-packages/airflow/example_dags/example_sensors.py
[2024-06-26T07:07:19.732+0000] {processor.py:840} INFO - DAG(s) 'example_sensors' retrieved from /home/airflow/.local/lib/python3.12/site-packages/airflow/example_dags/example_sensors.py
[2024-06-26T07:07:19.763+0000] {logging_mixin.py:188} INFO - [2024-06-26T07:07:19.762+0000] {dag.py:3096} INFO - Sync 1 DAGs
[2024-06-26T07:07:19.777+0000] {logging_mixin.py:188} INFO - [2024-06-26T07:07:19.777+0000] {dag.py:3954} INFO - Setting next_dagrun for example_sensors to None, run_after=None
[2024-06-26T07:07:19.804+0000] {processor.py:183} INFO - Processing /home/airflow/.local/lib/python3.12/site-packages/airflow/example_dags/example_sensors.py took 0.090 seconds
[2024-06-26T07:07:54.676+0000] {processor.py:161} INFO - Started process (PID=2733) to work on /home/airflow/.local/lib/python3.12/site-packages/airflow/example_dags/example_sensors.py
[2024-06-26T07:07:54.698+0000] {processor.py:830} INFO - Processing file /home/airflow/.local/lib/python3.12/site-packages/airflow/example_dags/example_sensors.py for tasks to queue
[2024-06-26T07:07:54.762+0000] {logging_mixin.py:188} INFO - [2024-06-26T07:07:54.760+0000] {dagbag.py:545} INFO - Filling up the DagBag from /home/airflow/.local/lib/python3.12/site-packages/airflow/example_dags/example_sensors.py
[2024-06-26T07:07:55.898+0000] {processor.py:840} INFO - DAG(s) 'example_sensors' retrieved from /home/airflow/.local/lib/python3.12/site-packages/airflow/example_dags/example_sensors.py
[2024-06-26T07:07:56.842+0000] {logging_mixin.py:188} INFO - [2024-06-26T07:07:56.841+0000] {dag.py:3096} INFO - Sync 1 DAGs
[2024-06-26T07:07:58.437+0000] {logging_mixin.py:188} INFO - [2024-06-26T07:07:58.436+0000] {dag.py:3954} INFO - Setting next_dagrun for example_sensors to None, run_after=None
[2024-06-26T07:08:00.107+0000] {processor.py:183} INFO - Processing /home/airflow/.local/lib/python3.12/site-packages/airflow/example_dags/example_sensors.py took 5.483 seconds
[2024-06-26T07:08:30.363+0000] {processor.py:161} INFO - Started process (PID=2795) to work on /home/airflow/.local/lib/python3.12/site-packages/airflow/example_dags/example_sensors.py
[2024-06-26T07:08:30.367+0000] {processor.py:830} INFO - Processing file /home/airflow/.local/lib/python3.12/site-packages/airflow/example_dags/example_sensors.py for tasks to queue
[2024-06-26T07:08:30.372+0000] {logging_mixin.py:188} INFO - [2024-06-26T07:08:30.371+0000] {dagbag.py:545} INFO - Filling up the DagBag from /home/airflow/.local/lib/python3.12/site-packages/airflow/example_dags/example_sensors.py
[2024-06-26T07:08:30.407+0000] {processor.py:840} INFO - DAG(s) 'example_sensors' retrieved from /home/airflow/.local/lib/python3.12/site-packages/airflow/example_dags/example_sensors.py
[2024-06-26T07:08:30.515+0000] {logging_mixin.py:188} INFO - [2024-06-26T07:08:30.514+0000] {dag.py:3096} INFO - Sync 1 DAGs
[2024-06-26T07:08:30.561+0000] {logging_mixin.py:188} INFO - [2024-06-26T07:08:30.560+0000] {dag.py:3954} INFO - Setting next_dagrun for example_sensors to None, run_after=None
[2024-06-26T07:08:30.627+0000] {processor.py:183} INFO - Processing /home/airflow/.local/lib/python3.12/site-packages/airflow/example_dags/example_sensors.py took 0.282 seconds
[2024-06-26T07:09:04.723+0000] {processor.py:161} INFO - Started process (PID=2857) to work on /home/airflow/.local/lib/python3.12/site-packages/airflow/example_dags/example_sensors.py
[2024-06-26T07:09:04.737+0000] {processor.py:830} INFO - Processing file /home/airflow/.local/lib/python3.12/site-packages/airflow/example_dags/example_sensors.py for tasks to queue
[2024-06-26T07:09:04.751+0000] {logging_mixin.py:188} INFO - [2024-06-26T07:09:04.741+0000] {dagbag.py:545} INFO - Filling up the DagBag from /home/airflow/.local/lib/python3.12/site-packages/airflow/example_dags/example_sensors.py
[2024-06-26T07:09:04.984+0000] {processor.py:840} INFO - DAG(s) 'example_sensors' retrieved from /home/airflow/.local/lib/python3.12/site-packages/airflow/example_dags/example_sensors.py
[2024-06-26T07:09:05.436+0000] {logging_mixin.py:188} INFO - [2024-06-26T07:09:05.434+0000] {dag.py:3096} INFO - Sync 1 DAGs
[2024-06-26T07:09:05.685+0000] {logging_mixin.py:188} INFO - [2024-06-26T07:09:05.671+0000] {dag.py:3954} INFO - Setting next_dagrun for example_sensors to None, run_after=None
[2024-06-26T07:09:06.029+0000] {processor.py:183} INFO - Processing /home/airflow/.local/lib/python3.12/site-packages/airflow/example_dags/example_sensors.py took 1.370 seconds
[2024-06-26T07:10:12.202+0000] {processor.py:161} INFO - Started process (PID=2931) to work on /home/airflow/.local/lib/python3.12/site-packages/airflow/example_dags/example_sensors.py
[2024-06-26T07:10:12.289+0000] {processor.py:830} INFO - Processing file /home/airflow/.local/lib/python3.12/site-packages/airflow/example_dags/example_sensors.py for tasks to queue
[2024-06-26T07:10:12.320+0000] {logging_mixin.py:188} INFO - [2024-06-26T07:10:12.318+0000] {dagbag.py:545} INFO - Filling up the DagBag from /home/airflow/.local/lib/python3.12/site-packages/airflow/example_dags/example_sensors.py
[2024-06-26T07:10:12.569+0000] {processor.py:840} INFO - DAG(s) 'example_sensors' retrieved from /home/airflow/.local/lib/python3.12/site-packages/airflow/example_dags/example_sensors.py
[2024-06-26T07:10:13.364+0000] {logging_mixin.py:188} INFO - [2024-06-26T07:10:13.363+0000] {dag.py:3096} INFO - Sync 1 DAGs
[2024-06-26T07:10:13.612+0000] {logging_mixin.py:188} INFO - [2024-06-26T07:10:13.611+0000] {dag.py:3954} INFO - Setting next_dagrun for example_sensors to None, run_after=None
[2024-06-26T07:10:14.319+0000] {processor.py:183} INFO - Processing /home/airflow/.local/lib/python3.12/site-packages/airflow/example_dags/example_sensors.py took 2.205 seconds
[2024-06-26T07:10:51.726+0000] {processor.py:161} INFO - Started process (PID=2998) to work on /home/airflow/.local/lib/python3.12/site-packages/airflow/example_dags/example_sensors.py
[2024-06-26T07:10:51.737+0000] {processor.py:830} INFO - Processing file /home/airflow/.local/lib/python3.12/site-packages/airflow/example_dags/example_sensors.py for tasks to queue
[2024-06-26T07:10:51.747+0000] {logging_mixin.py:188} INFO - [2024-06-26T07:10:51.746+0000] {dagbag.py:545} INFO - Filling up the DagBag from /home/airflow/.local/lib/python3.12/site-packages/airflow/example_dags/example_sensors.py
[2024-06-26T07:10:51.848+0000] {processor.py:840} INFO - DAG(s) 'example_sensors' retrieved from /home/airflow/.local/lib/python3.12/site-packages/airflow/example_dags/example_sensors.py
[2024-06-26T07:10:52.011+0000] {logging_mixin.py:188} INFO - [2024-06-26T07:10:52.010+0000] {dag.py:3096} INFO - Sync 1 DAGs
[2024-06-26T07:10:52.205+0000] {logging_mixin.py:188} INFO - [2024-06-26T07:10:52.204+0000] {dag.py:3954} INFO - Setting next_dagrun for example_sensors to None, run_after=None
[2024-06-26T07:10:52.517+0000] {processor.py:183} INFO - Processing /home/airflow/.local/lib/python3.12/site-packages/airflow/example_dags/example_sensors.py took 0.830 seconds
[2024-06-26T07:11:23.102+0000] {processor.py:161} INFO - Started process (PID=3059) to work on /home/airflow/.local/lib/python3.12/site-packages/airflow/example_dags/example_sensors.py
[2024-06-26T07:11:23.103+0000] {processor.py:830} INFO - Processing file /home/airflow/.local/lib/python3.12/site-packages/airflow/example_dags/example_sensors.py for tasks to queue
[2024-06-26T07:11:23.105+0000] {logging_mixin.py:188} INFO - [2024-06-26T07:11:23.104+0000] {dagbag.py:545} INFO - Filling up the DagBag from /home/airflow/.local/lib/python3.12/site-packages/airflow/example_dags/example_sensors.py
[2024-06-26T07:11:23.114+0000] {processor.py:840} INFO - DAG(s) 'example_sensors' retrieved from /home/airflow/.local/lib/python3.12/site-packages/airflow/example_dags/example_sensors.py
[2024-06-26T07:11:23.142+0000] {logging_mixin.py:188} INFO - [2024-06-26T07:11:23.141+0000] {dag.py:3096} INFO - Sync 1 DAGs
[2024-06-26T07:11:23.154+0000] {logging_mixin.py:188} INFO - [2024-06-26T07:11:23.153+0000] {dag.py:3954} INFO - Setting next_dagrun for example_sensors to None, run_after=None
[2024-06-26T07:11:23.178+0000] {processor.py:183} INFO - Processing /home/airflow/.local/lib/python3.12/site-packages/airflow/example_dags/example_sensors.py took 0.081 seconds
[2024-06-26T07:11:53.646+0000] {processor.py:161} INFO - Started process (PID=3115) to work on /home/airflow/.local/lib/python3.12/site-packages/airflow/example_dags/example_sensors.py
[2024-06-26T07:11:53.669+0000] {processor.py:830} INFO - Processing file /home/airflow/.local/lib/python3.12/site-packages/airflow/example_dags/example_sensors.py for tasks to queue
[2024-06-26T07:11:53.691+0000] {logging_mixin.py:188} INFO - [2024-06-26T07:11:53.690+0000] {dagbag.py:545} INFO - Filling up the DagBag from /home/airflow/.local/lib/python3.12/site-packages/airflow/example_dags/example_sensors.py
[2024-06-26T07:11:53.846+0000] {processor.py:840} INFO - DAG(s) 'example_sensors' retrieved from /home/airflow/.local/lib/python3.12/site-packages/airflow/example_dags/example_sensors.py
[2024-06-26T07:11:54.034+0000] {logging_mixin.py:188} INFO - [2024-06-26T07:11:54.033+0000] {dag.py:3096} INFO - Sync 1 DAGs
[2024-06-26T07:11:54.156+0000] {logging_mixin.py:188} INFO - [2024-06-26T07:11:54.155+0000] {dag.py:3954} INFO - Setting next_dagrun for example_sensors to None, run_after=None
[2024-06-26T07:11:54.324+0000] {processor.py:183} INFO - Processing /home/airflow/.local/lib/python3.12/site-packages/airflow/example_dags/example_sensors.py took 0.744 seconds
[2024-06-26T07:12:32.663+0000] {processor.py:161} INFO - Started process (PID=3169) to work on /home/airflow/.local/lib/python3.12/site-packages/airflow/example_dags/example_sensors.py
[2024-06-26T07:12:32.679+0000] {processor.py:830} INFO - Processing file /home/airflow/.local/lib/python3.12/site-packages/airflow/example_dags/example_sensors.py for tasks to queue
[2024-06-26T07:12:32.702+0000] {logging_mixin.py:188} INFO - [2024-06-26T07:12:32.686+0000] {dagbag.py:545} INFO - Filling up the DagBag from /home/airflow/.local/lib/python3.12/site-packages/airflow/example_dags/example_sensors.py
[2024-06-26T07:12:32.873+0000] {processor.py:840} INFO - DAG(s) 'example_sensors' retrieved from /home/airflow/.local/lib/python3.12/site-packages/airflow/example_dags/example_sensors.py
[2024-06-26T07:12:33.320+0000] {logging_mixin.py:188} INFO - [2024-06-26T07:12:33.318+0000] {dag.py:3096} INFO - Sync 1 DAGs
[2024-06-26T07:12:33.526+0000] {logging_mixin.py:188} INFO - [2024-06-26T07:12:33.512+0000] {dag.py:3954} INFO - Setting next_dagrun for example_sensors to None, run_after=None
[2024-06-26T07:12:33.803+0000] {processor.py:183} INFO - Processing /home/airflow/.local/lib/python3.12/site-packages/airflow/example_dags/example_sensors.py took 1.249 seconds
[2024-06-26T07:13:17.854+0000] {processor.py:161} INFO - Started process (PID=3220) to work on /home/airflow/.local/lib/python3.12/site-packages/airflow/example_dags/example_sensors.py
[2024-06-26T07:13:17.874+0000] {processor.py:830} INFO - Processing file /home/airflow/.local/lib/python3.12/site-packages/airflow/example_dags/example_sensors.py for tasks to queue
[2024-06-26T07:13:17.889+0000] {logging_mixin.py:188} INFO - [2024-06-26T07:13:17.888+0000] {dagbag.py:545} INFO - Filling up the DagBag from /home/airflow/.local/lib/python3.12/site-packages/airflow/example_dags/example_sensors.py
[2024-06-26T07:13:17.950+0000] {processor.py:840} INFO - DAG(s) 'example_sensors' retrieved from /home/airflow/.local/lib/python3.12/site-packages/airflow/example_dags/example_sensors.py
[2024-06-26T07:13:18.132+0000] {logging_mixin.py:188} INFO - [2024-06-26T07:13:18.130+0000] {dag.py:3096} INFO - Sync 1 DAGs
[2024-06-26T07:13:18.196+0000] {logging_mixin.py:188} INFO - [2024-06-26T07:13:18.195+0000] {dag.py:3954} INFO - Setting next_dagrun for example_sensors to None, run_after=None
[2024-06-26T07:13:18.270+0000] {processor.py:183} INFO - Processing /home/airflow/.local/lib/python3.12/site-packages/airflow/example_dags/example_sensors.py took 0.467 seconds
[2024-06-26T07:13:48.688+0000] {processor.py:161} INFO - Started process (PID=3283) to work on /home/airflow/.local/lib/python3.12/site-packages/airflow/example_dags/example_sensors.py
[2024-06-26T07:13:48.693+0000] {processor.py:830} INFO - Processing file /home/airflow/.local/lib/python3.12/site-packages/airflow/example_dags/example_sensors.py for tasks to queue
[2024-06-26T07:13:48.698+0000] {logging_mixin.py:188} INFO - [2024-06-26T07:13:48.697+0000] {dagbag.py:545} INFO - Filling up the DagBag from /home/airflow/.local/lib/python3.12/site-packages/airflow/example_dags/example_sensors.py
[2024-06-26T07:13:48.748+0000] {processor.py:840} INFO - DAG(s) 'example_sensors' retrieved from /home/airflow/.local/lib/python3.12/site-packages/airflow/example_dags/example_sensors.py
[2024-06-26T07:13:48.915+0000] {logging_mixin.py:188} INFO - [2024-06-26T07:13:48.914+0000] {dag.py:3096} INFO - Sync 1 DAGs
[2024-06-26T07:13:48.998+0000] {logging_mixin.py:188} INFO - [2024-06-26T07:13:48.997+0000] {dag.py:3954} INFO - Setting next_dagrun for example_sensors to None, run_after=None
[2024-06-26T07:13:49.079+0000] {processor.py:183} INFO - Processing /home/airflow/.local/lib/python3.12/site-packages/airflow/example_dags/example_sensors.py took 0.423 seconds
[2024-06-26T07:14:19.245+0000] {processor.py:161} INFO - Started process (PID=3346) to work on /home/airflow/.local/lib/python3.12/site-packages/airflow/example_dags/example_sensors.py
[2024-06-26T07:14:19.247+0000] {processor.py:830} INFO - Processing file /home/airflow/.local/lib/python3.12/site-packages/airflow/example_dags/example_sensors.py for tasks to queue
[2024-06-26T07:14:19.249+0000] {logging_mixin.py:188} INFO - [2024-06-26T07:14:19.248+0000] {dagbag.py:545} INFO - Filling up the DagBag from /home/airflow/.local/lib/python3.12/site-packages/airflow/example_dags/example_sensors.py
[2024-06-26T07:14:19.266+0000] {processor.py:840} INFO - DAG(s) 'example_sensors' retrieved from /home/airflow/.local/lib/python3.12/site-packages/airflow/example_dags/example_sensors.py
[2024-06-26T07:14:19.363+0000] {logging_mixin.py:188} INFO - [2024-06-26T07:14:19.363+0000] {dag.py:3096} INFO - Sync 1 DAGs
[2024-06-26T07:14:19.396+0000] {logging_mixin.py:188} INFO - [2024-06-26T07:14:19.396+0000] {dag.py:3954} INFO - Setting next_dagrun for example_sensors to None, run_after=None
[2024-06-26T07:14:19.448+0000] {processor.py:183} INFO - Processing /home/airflow/.local/lib/python3.12/site-packages/airflow/example_dags/example_sensors.py took 0.213 seconds
[2024-06-26T07:14:50.056+0000] {processor.py:161} INFO - Started process (PID=3409) to work on /home/airflow/.local/lib/python3.12/site-packages/airflow/example_dags/example_sensors.py
[2024-06-26T07:14:50.071+0000] {processor.py:830} INFO - Processing file /home/airflow/.local/lib/python3.12/site-packages/airflow/example_dags/example_sensors.py for tasks to queue
[2024-06-26T07:14:50.082+0000] {logging_mixin.py:188} INFO - [2024-06-26T07:14:50.076+0000] {dagbag.py:545} INFO - Filling up the DagBag from /home/airflow/.local/lib/python3.12/site-packages/airflow/example_dags/example_sensors.py
[2024-06-26T07:14:50.127+0000] {processor.py:840} INFO - DAG(s) 'example_sensors' retrieved from /home/airflow/.local/lib/python3.12/site-packages/airflow/example_dags/example_sensors.py
[2024-06-26T07:14:50.269+0000] {logging_mixin.py:188} INFO - [2024-06-26T07:14:50.268+0000] {dag.py:3096} INFO - Sync 1 DAGs
[2024-06-26T07:14:50.338+0000] {logging_mixin.py:188} INFO - [2024-06-26T07:14:50.336+0000] {dag.py:3954} INFO - Setting next_dagrun for example_sensors to None, run_after=None
[2024-06-26T07:14:50.473+0000] {processor.py:183} INFO - Processing /home/airflow/.local/lib/python3.12/site-packages/airflow/example_dags/example_sensors.py took 0.440 seconds
[2024-06-26T07:15:26.562+0000] {processor.py:161} INFO - Started process (PID=3478) to work on /home/airflow/.local/lib/python3.12/site-packages/airflow/example_dags/example_sensors.py
[2024-06-26T07:15:26.628+0000] {processor.py:830} INFO - Processing file /home/airflow/.local/lib/python3.12/site-packages/airflow/example_dags/example_sensors.py for tasks to queue
[2024-06-26T07:15:26.641+0000] {logging_mixin.py:188} INFO - [2024-06-26T07:15:26.640+0000] {dagbag.py:545} INFO - Filling up the DagBag from /home/airflow/.local/lib/python3.12/site-packages/airflow/example_dags/example_sensors.py
[2024-06-26T07:15:26.782+0000] {processor.py:840} INFO - DAG(s) 'example_sensors' retrieved from /home/airflow/.local/lib/python3.12/site-packages/airflow/example_dags/example_sensors.py
[2024-06-26T07:15:27.202+0000] {logging_mixin.py:188} INFO - [2024-06-26T07:15:27.201+0000] {dag.py:3096} INFO - Sync 1 DAGs
[2024-06-26T07:15:27.459+0000] {logging_mixin.py:188} INFO - [2024-06-26T07:15:27.458+0000] {dag.py:3954} INFO - Setting next_dagrun for example_sensors to None, run_after=None
[2024-06-26T07:15:27.853+0000] {processor.py:183} INFO - Processing /home/airflow/.local/lib/python3.12/site-packages/airflow/example_dags/example_sensors.py took 1.375 seconds
[2024-06-26T07:16:15.858+0000] {processor.py:161} INFO - Started process (PID=3539) to work on /home/airflow/.local/lib/python3.12/site-packages/airflow/example_dags/example_sensors.py
[2024-06-26T07:16:15.875+0000] {processor.py:830} INFO - Processing file /home/airflow/.local/lib/python3.12/site-packages/airflow/example_dags/example_sensors.py for tasks to queue
[2024-06-26T07:16:15.891+0000] {logging_mixin.py:188} INFO - [2024-06-26T07:16:15.890+0000] {dagbag.py:545} INFO - Filling up the DagBag from /home/airflow/.local/lib/python3.12/site-packages/airflow/example_dags/example_sensors.py
[2024-06-26T07:16:16.033+0000] {processor.py:840} INFO - DAG(s) 'example_sensors' retrieved from /home/airflow/.local/lib/python3.12/site-packages/airflow/example_dags/example_sensors.py
[2024-06-26T07:16:16.415+0000] {logging_mixin.py:188} INFO - [2024-06-26T07:16:16.414+0000] {dag.py:3096} INFO - Sync 1 DAGs
[2024-06-26T07:16:16.629+0000] {logging_mixin.py:188} INFO - [2024-06-26T07:16:16.617+0000] {dag.py:3954} INFO - Setting next_dagrun for example_sensors to None, run_after=None
[2024-06-26T07:16:16.880+0000] {processor.py:183} INFO - Processing /home/airflow/.local/lib/python3.12/site-packages/airflow/example_dags/example_sensors.py took 1.092 seconds
[2024-06-26T07:39:12.841+0000] {processor.py:161} INFO - Started process (PID=56) to work on /home/airflow/.local/lib/python3.12/site-packages/airflow/example_dags/example_sensors.py
[2024-06-26T07:39:12.843+0000] {processor.py:830} INFO - Processing file /home/airflow/.local/lib/python3.12/site-packages/airflow/example_dags/example_sensors.py for tasks to queue
[2024-06-26T07:39:12.848+0000] {logging_mixin.py:188} INFO - [2024-06-26T07:39:12.847+0000] {dagbag.py:545} INFO - Filling up the DagBag from /home/airflow/.local/lib/python3.12/site-packages/airflow/example_dags/example_sensors.py
[2024-06-26T07:39:12.875+0000] {processor.py:840} INFO - DAG(s) 'example_sensors' retrieved from /home/airflow/.local/lib/python3.12/site-packages/airflow/example_dags/example_sensors.py
[2024-06-26T07:39:13.146+0000] {logging_mixin.py:188} INFO - [2024-06-26T07:39:13.145+0000] {dag.py:3096} INFO - Sync 1 DAGs
[2024-06-26T07:39:13.170+0000] {logging_mixin.py:188} INFO - [2024-06-26T07:39:13.169+0000] {dag.py:3954} INFO - Setting next_dagrun for example_sensors to None, run_after=None
[2024-06-26T07:39:13.214+0000] {processor.py:183} INFO - Processing /home/airflow/.local/lib/python3.12/site-packages/airflow/example_dags/example_sensors.py took 0.386 seconds
[2024-06-26T07:39:44.026+0000] {processor.py:161} INFO - Started process (PID=121) to work on /home/airflow/.local/lib/python3.12/site-packages/airflow/example_dags/example_sensors.py
[2024-06-26T07:39:44.027+0000] {processor.py:830} INFO - Processing file /home/airflow/.local/lib/python3.12/site-packages/airflow/example_dags/example_sensors.py for tasks to queue
[2024-06-26T07:39:44.029+0000] {logging_mixin.py:188} INFO - [2024-06-26T07:39:44.028+0000] {dagbag.py:545} INFO - Filling up the DagBag from /home/airflow/.local/lib/python3.12/site-packages/airflow/example_dags/example_sensors.py
[2024-06-26T07:39:44.039+0000] {processor.py:840} INFO - DAG(s) 'example_sensors' retrieved from /home/airflow/.local/lib/python3.12/site-packages/airflow/example_dags/example_sensors.py
[2024-06-26T07:39:44.071+0000] {logging_mixin.py:188} INFO - [2024-06-26T07:39:44.071+0000] {dag.py:3096} INFO - Sync 1 DAGs
[2024-06-26T07:39:44.086+0000] {logging_mixin.py:188} INFO - [2024-06-26T07:39:44.086+0000] {dag.py:3954} INFO - Setting next_dagrun for example_sensors to None, run_after=None
[2024-06-26T07:39:44.113+0000] {processor.py:183} INFO - Processing /home/airflow/.local/lib/python3.12/site-packages/airflow/example_dags/example_sensors.py took 0.094 seconds
[2024-06-26T07:40:35.456+0000] {processor.py:161} INFO - Started process (PID=192) to work on /home/airflow/.local/lib/python3.12/site-packages/airflow/example_dags/example_sensors.py
[2024-06-26T07:40:35.478+0000] {processor.py:830} INFO - Processing file /home/airflow/.local/lib/python3.12/site-packages/airflow/example_dags/example_sensors.py for tasks to queue
[2024-06-26T07:40:35.510+0000] {logging_mixin.py:188} INFO - [2024-06-26T07:40:35.508+0000] {dagbag.py:545} INFO - Filling up the DagBag from /home/airflow/.local/lib/python3.12/site-packages/airflow/example_dags/example_sensors.py
[2024-06-26T07:40:35.629+0000] {processor.py:840} INFO - DAG(s) 'example_sensors' retrieved from /home/airflow/.local/lib/python3.12/site-packages/airflow/example_dags/example_sensors.py
[2024-06-26T07:40:35.903+0000] {logging_mixin.py:188} INFO - [2024-06-26T07:40:35.902+0000] {dag.py:3096} INFO - Sync 1 DAGs
[2024-06-26T07:40:36.119+0000] {logging_mixin.py:188} INFO - [2024-06-26T07:40:36.118+0000] {dag.py:3954} INFO - Setting next_dagrun for example_sensors to None, run_after=None
[2024-06-26T07:40:36.404+0000] {processor.py:183} INFO - Processing /home/airflow/.local/lib/python3.12/site-packages/airflow/example_dags/example_sensors.py took 0.978 seconds
[2024-06-26T07:41:42.918+0000] {processor.py:161} INFO - Started process (PID=257) to work on /home/airflow/.local/lib/python3.12/site-packages/airflow/example_dags/example_sensors.py
[2024-06-26T07:41:42.929+0000] {processor.py:830} INFO - Processing file /home/airflow/.local/lib/python3.12/site-packages/airflow/example_dags/example_sensors.py for tasks to queue
[2024-06-26T07:41:42.967+0000] {logging_mixin.py:188} INFO - [2024-06-26T07:41:42.966+0000] {dagbag.py:545} INFO - Filling up the DagBag from /home/airflow/.local/lib/python3.12/site-packages/airflow/example_dags/example_sensors.py
[2024-06-26T07:41:43.115+0000] {processor.py:840} INFO - DAG(s) 'example_sensors' retrieved from /home/airflow/.local/lib/python3.12/site-packages/airflow/example_dags/example_sensors.py
[2024-06-26T07:41:43.511+0000] {logging_mixin.py:188} INFO - [2024-06-26T07:41:43.500+0000] {dag.py:3096} INFO - Sync 1 DAGs
[2024-06-26T07:41:43.776+0000] {logging_mixin.py:188} INFO - [2024-06-26T07:41:43.763+0000] {dag.py:3954} INFO - Setting next_dagrun for example_sensors to None, run_after=None
[2024-06-26T07:41:44.205+0000] {processor.py:183} INFO - Processing /home/airflow/.local/lib/python3.12/site-packages/airflow/example_dags/example_sensors.py took 1.357 seconds
[2024-06-26T07:43:27.213+0000] {processor.py:161} INFO - Started process (PID=342) to work on /home/airflow/.local/lib/python3.12/site-packages/airflow/example_dags/example_sensors.py
[2024-06-26T07:43:27.267+0000] {processor.py:830} INFO - Processing file /home/airflow/.local/lib/python3.12/site-packages/airflow/example_dags/example_sensors.py for tasks to queue
[2024-06-26T07:43:27.335+0000] {logging_mixin.py:188} INFO - [2024-06-26T07:43:27.334+0000] {dagbag.py:545} INFO - Filling up the DagBag from /home/airflow/.local/lib/python3.12/site-packages/airflow/example_dags/example_sensors.py
[2024-06-26T07:43:27.675+0000] {processor.py:840} INFO - DAG(s) 'example_sensors' retrieved from /home/airflow/.local/lib/python3.12/site-packages/airflow/example_dags/example_sensors.py
[2024-06-26T07:43:30.369+0000] {logging_mixin.py:188} INFO - [2024-06-26T07:43:30.368+0000] {dag.py:3096} INFO - Sync 1 DAGs
[2024-06-26T07:43:30.600+0000] {logging_mixin.py:188} INFO - [2024-06-26T07:43:30.589+0000] {dag.py:3954} INFO - Setting next_dagrun for example_sensors to None, run_after=None
[2024-06-26T07:43:30.917+0000] {processor.py:183} INFO - Processing /home/airflow/.local/lib/python3.12/site-packages/airflow/example_dags/example_sensors.py took 3.803 seconds
[2024-06-26T07:47:05.544+0000] {processor.py:161} INFO - Started process (PID=405) to work on /home/airflow/.local/lib/python3.12/site-packages/airflow/example_dags/example_sensors.py
[2024-06-26T07:47:05.721+0000] {processor.py:830} INFO - Processing file /home/airflow/.local/lib/python3.12/site-packages/airflow/example_dags/example_sensors.py for tasks to queue
[2024-06-26T07:47:05.738+0000] {logging_mixin.py:188} INFO - [2024-06-26T07:47:05.736+0000] {dagbag.py:545} INFO - Filling up the DagBag from /home/airflow/.local/lib/python3.12/site-packages/airflow/example_dags/example_sensors.py
[2024-06-26T07:47:06.859+0000] {processor.py:840} INFO - DAG(s) 'example_sensors' retrieved from /home/airflow/.local/lib/python3.12/site-packages/airflow/example_dags/example_sensors.py
[2024-06-26T07:47:08.011+0000] {logging_mixin.py:188} INFO - [2024-06-26T07:47:08.010+0000] {dag.py:3096} INFO - Sync 1 DAGs
[2024-06-26T07:47:08.295+0000] {logging_mixin.py:188} INFO - [2024-06-26T07:47:08.294+0000] {dag.py:3954} INFO - Setting next_dagrun for example_sensors to None, run_after=None
[2024-06-26T07:47:09.106+0000] {processor.py:183} INFO - Processing /home/airflow/.local/lib/python3.12/site-packages/airflow/example_dags/example_sensors.py took 4.117 seconds
