[2024-06-26T06:06:26.330+0000] {processor.py:161} INFO - Started process (PID=111) to work on /home/airflow/.local/lib/python3.12/site-packages/airflow/example_dags/example_latest_only.py
[2024-06-26T06:06:26.350+0000] {processor.py:830} INFO - Processing file /home/airflow/.local/lib/python3.12/site-packages/airflow/example_dags/example_latest_only.py for tasks to queue
[2024-06-26T06:06:26.386+0000] {logging_mixin.py:188} INFO - [2024-06-26T06:06:26.384+0000] {dagbag.py:545} INFO - Filling up the DagBag from /home/airflow/.local/lib/python3.12/site-packages/airflow/example_dags/example_latest_only.py
[2024-06-26T06:06:26.440+0000] {processor.py:840} INFO - DAG(s) 'latest_only' retrieved from /home/airflow/.local/lib/python3.12/site-packages/airflow/example_dags/example_latest_only.py
[2024-06-26T06:06:26.588+0000] {logging_mixin.py:188} INFO - [2024-06-26T06:06:26.587+0000] {dag.py:3096} INFO - Sync 1 DAGs
[2024-06-26T06:06:26.834+0000] {logging_mixin.py:188} INFO - [2024-06-26T06:06:26.833+0000] {dag.py:3954} INFO - Setting next_dagrun for latest_only to 2024-06-26 00:00:00+00:00, run_after=2024-06-26 04:00:00+00:00
[2024-06-26T06:06:27.609+0000] {processor.py:183} INFO - Processing /home/airflow/.local/lib/python3.12/site-packages/airflow/example_dags/example_latest_only.py took 1.326 seconds
[2024-06-26T06:07:48.552+0000] {processor.py:161} INFO - Started process (PID=184) to work on /home/airflow/.local/lib/python3.12/site-packages/airflow/example_dags/example_latest_only.py
[2024-06-26T06:07:48.567+0000] {processor.py:830} INFO - Processing file /home/airflow/.local/lib/python3.12/site-packages/airflow/example_dags/example_latest_only.py for tasks to queue
[2024-06-26T06:07:48.581+0000] {logging_mixin.py:188} INFO - [2024-06-26T06:07:48.580+0000] {dagbag.py:545} INFO - Filling up the DagBag from /home/airflow/.local/lib/python3.12/site-packages/airflow/example_dags/example_latest_only.py
[2024-06-26T06:07:48.628+0000] {processor.py:840} INFO - DAG(s) 'latest_only' retrieved from /home/airflow/.local/lib/python3.12/site-packages/airflow/example_dags/example_latest_only.py
[2024-06-26T06:07:49.135+0000] {logging_mixin.py:188} INFO - [2024-06-26T06:07:49.134+0000] {dag.py:3096} INFO - Sync 1 DAGs
[2024-06-26T06:07:49.495+0000] {logging_mixin.py:188} INFO - [2024-06-26T06:07:49.494+0000] {dag.py:3954} INFO - Setting next_dagrun for latest_only to 2024-06-26 00:00:00+00:00, run_after=2024-06-26 04:00:00+00:00
[2024-06-26T06:07:50.619+0000] {processor.py:183} INFO - Processing /home/airflow/.local/lib/python3.12/site-packages/airflow/example_dags/example_latest_only.py took 2.119 seconds
[2024-06-26T06:21:57.793+0000] {processor.py:161} INFO - Started process (PID=103) to work on /home/airflow/.local/lib/python3.12/site-packages/airflow/example_dags/example_latest_only.py
[2024-06-26T06:21:57.801+0000] {processor.py:830} INFO - Processing file /home/airflow/.local/lib/python3.12/site-packages/airflow/example_dags/example_latest_only.py for tasks to queue
[2024-06-26T06:21:57.845+0000] {logging_mixin.py:188} INFO - [2024-06-26T06:21:57.843+0000] {dagbag.py:545} INFO - Filling up the DagBag from /home/airflow/.local/lib/python3.12/site-packages/airflow/example_dags/example_latest_only.py
[2024-06-26T06:21:58.031+0000] {processor.py:840} INFO - DAG(s) 'latest_only' retrieved from /home/airflow/.local/lib/python3.12/site-packages/airflow/example_dags/example_latest_only.py
[2024-06-26T06:21:58.318+0000] {logging_mixin.py:188} INFO - [2024-06-26T06:21:58.317+0000] {dag.py:3096} INFO - Sync 1 DAGs
[2024-06-26T06:21:58.753+0000] {logging_mixin.py:188} INFO - [2024-06-26T06:21:58.752+0000] {dag.py:3954} INFO - Setting next_dagrun for latest_only to 2024-06-26 00:00:00+00:00, run_after=2024-06-26 04:00:00+00:00
[2024-06-26T06:21:59.088+0000] {processor.py:183} INFO - Processing /home/airflow/.local/lib/python3.12/site-packages/airflow/example_dags/example_latest_only.py took 1.376 seconds
[2024-06-26T06:23:19.709+0000] {processor.py:161} INFO - Started process (PID=177) to work on /home/airflow/.local/lib/python3.12/site-packages/airflow/example_dags/example_latest_only.py
[2024-06-26T06:23:20.278+0000] {processor.py:830} INFO - Processing file /home/airflow/.local/lib/python3.12/site-packages/airflow/example_dags/example_latest_only.py for tasks to queue
[2024-06-26T06:23:20.294+0000] {logging_mixin.py:188} INFO - [2024-06-26T06:23:20.292+0000] {dagbag.py:545} INFO - Filling up the DagBag from /home/airflow/.local/lib/python3.12/site-packages/airflow/example_dags/example_latest_only.py
[2024-06-26T06:23:20.357+0000] {processor.py:840} INFO - DAG(s) 'latest_only' retrieved from /home/airflow/.local/lib/python3.12/site-packages/airflow/example_dags/example_latest_only.py
[2024-06-26T06:23:20.633+0000] {logging_mixin.py:188} INFO - [2024-06-26T06:23:20.632+0000] {dag.py:3096} INFO - Sync 1 DAGs
[2024-06-26T06:23:23.891+0000] {logging_mixin.py:188} INFO - [2024-06-26T06:23:23.889+0000] {dag.py:3954} INFO - Setting next_dagrun for latest_only to 2024-06-26 00:00:00+00:00, run_after=2024-06-26 04:00:00+00:00
[2024-06-26T06:23:24.551+0000] {processor.py:183} INFO - Processing /home/airflow/.local/lib/python3.12/site-packages/airflow/example_dags/example_latest_only.py took 4.932 seconds
[2024-06-26T06:25:16.416+0000] {processor.py:161} INFO - Started process (PID=273) to work on /home/airflow/.local/lib/python3.12/site-packages/airflow/example_dags/example_latest_only.py
[2024-06-26T06:25:16.421+0000] {processor.py:830} INFO - Processing file /home/airflow/.local/lib/python3.12/site-packages/airflow/example_dags/example_latest_only.py for tasks to queue
[2024-06-26T06:25:16.465+0000] {logging_mixin.py:188} INFO - [2024-06-26T06:25:16.455+0000] {dagbag.py:545} INFO - Filling up the DagBag from /home/airflow/.local/lib/python3.12/site-packages/airflow/example_dags/example_latest_only.py
[2024-06-26T06:25:16.529+0000] {processor.py:840} INFO - DAG(s) 'latest_only' retrieved from /home/airflow/.local/lib/python3.12/site-packages/airflow/example_dags/example_latest_only.py
[2024-06-26T06:25:18.057+0000] {logging_mixin.py:188} INFO - [2024-06-26T06:25:18.056+0000] {dag.py:3096} INFO - Sync 1 DAGs
[2024-06-26T06:25:18.189+0000] {logging_mixin.py:188} INFO - [2024-06-26T06:25:18.188+0000] {dag.py:3954} INFO - Setting next_dagrun for latest_only to 2024-06-26 00:00:00+00:00, run_after=2024-06-26 04:00:00+00:00
[2024-06-26T06:25:18.270+0000] {processor.py:183} INFO - Processing /home/airflow/.local/lib/python3.12/site-packages/airflow/example_dags/example_latest_only.py took 1.949 seconds
[2024-06-26T06:25:48.783+0000] {processor.py:161} INFO - Started process (PID=335) to work on /home/airflow/.local/lib/python3.12/site-packages/airflow/example_dags/example_latest_only.py
[2024-06-26T06:25:48.788+0000] {processor.py:830} INFO - Processing file /home/airflow/.local/lib/python3.12/site-packages/airflow/example_dags/example_latest_only.py for tasks to queue
[2024-06-26T06:25:48.795+0000] {logging_mixin.py:188} INFO - [2024-06-26T06:25:48.794+0000] {dagbag.py:545} INFO - Filling up the DagBag from /home/airflow/.local/lib/python3.12/site-packages/airflow/example_dags/example_latest_only.py
[2024-06-26T06:25:48.822+0000] {processor.py:840} INFO - DAG(s) 'latest_only' retrieved from /home/airflow/.local/lib/python3.12/site-packages/airflow/example_dags/example_latest_only.py
[2024-06-26T06:25:48.925+0000] {logging_mixin.py:188} INFO - [2024-06-26T06:25:48.924+0000] {dag.py:3096} INFO - Sync 1 DAGs
[2024-06-26T06:25:49.102+0000] {logging_mixin.py:188} INFO - [2024-06-26T06:25:49.100+0000] {dag.py:3954} INFO - Setting next_dagrun for latest_only to 2024-06-26 00:00:00+00:00, run_after=2024-06-26 04:00:00+00:00
[2024-06-26T06:25:49.695+0000] {processor.py:183} INFO - Processing /home/airflow/.local/lib/python3.12/site-packages/airflow/example_dags/example_latest_only.py took 0.937 seconds
[2024-06-26T06:26:20.455+0000] {processor.py:161} INFO - Started process (PID=397) to work on /home/airflow/.local/lib/python3.12/site-packages/airflow/example_dags/example_latest_only.py
[2024-06-26T06:26:20.458+0000] {processor.py:830} INFO - Processing file /home/airflow/.local/lib/python3.12/site-packages/airflow/example_dags/example_latest_only.py for tasks to queue
[2024-06-26T06:26:20.464+0000] {logging_mixin.py:188} INFO - [2024-06-26T06:26:20.464+0000] {dagbag.py:545} INFO - Filling up the DagBag from /home/airflow/.local/lib/python3.12/site-packages/airflow/example_dags/example_latest_only.py
[2024-06-26T06:26:20.479+0000] {processor.py:840} INFO - DAG(s) 'latest_only' retrieved from /home/airflow/.local/lib/python3.12/site-packages/airflow/example_dags/example_latest_only.py
[2024-06-26T06:26:20.553+0000] {logging_mixin.py:188} INFO - [2024-06-26T06:26:20.552+0000] {dag.py:3096} INFO - Sync 1 DAGs
[2024-06-26T06:26:20.652+0000] {logging_mixin.py:188} INFO - [2024-06-26T06:26:20.650+0000] {dag.py:3954} INFO - Setting next_dagrun for latest_only to 2024-06-26 00:00:00+00:00, run_after=2024-06-26 04:00:00+00:00
[2024-06-26T06:26:20.744+0000] {processor.py:183} INFO - Processing /home/airflow/.local/lib/python3.12/site-packages/airflow/example_dags/example_latest_only.py took 0.306 seconds
[2024-06-26T06:40:49.254+0000] {processor.py:161} INFO - Started process (PID=92) to work on /home/airflow/.local/lib/python3.12/site-packages/airflow/example_dags/example_latest_only.py
[2024-06-26T06:40:49.272+0000] {processor.py:830} INFO - Processing file /home/airflow/.local/lib/python3.12/site-packages/airflow/example_dags/example_latest_only.py for tasks to queue
[2024-06-26T06:40:49.301+0000] {logging_mixin.py:188} INFO - [2024-06-26T06:40:49.299+0000] {dagbag.py:545} INFO - Filling up the DagBag from /home/airflow/.local/lib/python3.12/site-packages/airflow/example_dags/example_latest_only.py
[2024-06-26T06:40:49.347+0000] {processor.py:840} INFO - DAG(s) 'latest_only' retrieved from /home/airflow/.local/lib/python3.12/site-packages/airflow/example_dags/example_latest_only.py
[2024-06-26T06:40:50.549+0000] {logging_mixin.py:188} INFO - [2024-06-26T06:40:50.547+0000] {dag.py:3096} INFO - Sync 1 DAGs
[2024-06-26T06:40:50.880+0000] {logging_mixin.py:188} INFO - [2024-06-26T06:40:50.878+0000] {dag.py:3954} INFO - Setting next_dagrun for latest_only to 2024-06-26 00:00:00+00:00, run_after=2024-06-26 04:00:00+00:00
[2024-06-26T06:40:51.298+0000] {processor.py:183} INFO - Processing /home/airflow/.local/lib/python3.12/site-packages/airflow/example_dags/example_latest_only.py took 2.121 seconds
[2024-06-26T06:41:21.575+0000] {processor.py:161} INFO - Started process (PID=154) to work on /home/airflow/.local/lib/python3.12/site-packages/airflow/example_dags/example_latest_only.py
[2024-06-26T06:41:21.580+0000] {processor.py:830} INFO - Processing file /home/airflow/.local/lib/python3.12/site-packages/airflow/example_dags/example_latest_only.py for tasks to queue
[2024-06-26T06:41:21.588+0000] {logging_mixin.py:188} INFO - [2024-06-26T06:41:21.587+0000] {dagbag.py:545} INFO - Filling up the DagBag from /home/airflow/.local/lib/python3.12/site-packages/airflow/example_dags/example_latest_only.py
[2024-06-26T06:41:21.612+0000] {processor.py:840} INFO - DAG(s) 'latest_only' retrieved from /home/airflow/.local/lib/python3.12/site-packages/airflow/example_dags/example_latest_only.py
[2024-06-26T06:41:21.710+0000] {logging_mixin.py:188} INFO - [2024-06-26T06:41:21.709+0000] {dag.py:3096} INFO - Sync 1 DAGs
[2024-06-26T06:41:21.814+0000] {logging_mixin.py:188} INFO - [2024-06-26T06:41:21.813+0000] {dag.py:3954} INFO - Setting next_dagrun for latest_only to 2024-06-26 00:00:00+00:00, run_after=2024-06-26 04:00:00+00:00
[2024-06-26T06:41:21.908+0000] {processor.py:183} INFO - Processing /home/airflow/.local/lib/python3.12/site-packages/airflow/example_dags/example_latest_only.py took 0.358 seconds
[2024-06-26T06:41:52.473+0000] {processor.py:161} INFO - Started process (PID=216) to work on /home/airflow/.local/lib/python3.12/site-packages/airflow/example_dags/example_latest_only.py
[2024-06-26T06:41:52.475+0000] {processor.py:830} INFO - Processing file /home/airflow/.local/lib/python3.12/site-packages/airflow/example_dags/example_latest_only.py for tasks to queue
[2024-06-26T06:41:52.477+0000] {logging_mixin.py:188} INFO - [2024-06-26T06:41:52.477+0000] {dagbag.py:545} INFO - Filling up the DagBag from /home/airflow/.local/lib/python3.12/site-packages/airflow/example_dags/example_latest_only.py
[2024-06-26T06:41:52.483+0000] {processor.py:840} INFO - DAG(s) 'latest_only' retrieved from /home/airflow/.local/lib/python3.12/site-packages/airflow/example_dags/example_latest_only.py
[2024-06-26T06:41:52.508+0000] {logging_mixin.py:188} INFO - [2024-06-26T06:41:52.508+0000] {dag.py:3096} INFO - Sync 1 DAGs
[2024-06-26T06:41:52.534+0000] {logging_mixin.py:188} INFO - [2024-06-26T06:41:52.534+0000] {dag.py:3954} INFO - Setting next_dagrun for latest_only to 2024-06-26 00:00:00+00:00, run_after=2024-06-26 04:00:00+00:00
[2024-06-26T06:41:52.569+0000] {processor.py:183} INFO - Processing /home/airflow/.local/lib/python3.12/site-packages/airflow/example_dags/example_latest_only.py took 0.102 seconds
[2024-06-26T06:42:22.773+0000] {processor.py:161} INFO - Started process (PID=278) to work on /home/airflow/.local/lib/python3.12/site-packages/airflow/example_dags/example_latest_only.py
[2024-06-26T06:42:22.774+0000] {processor.py:830} INFO - Processing file /home/airflow/.local/lib/python3.12/site-packages/airflow/example_dags/example_latest_only.py for tasks to queue
[2024-06-26T06:42:22.776+0000] {logging_mixin.py:188} INFO - [2024-06-26T06:42:22.776+0000] {dagbag.py:545} INFO - Filling up the DagBag from /home/airflow/.local/lib/python3.12/site-packages/airflow/example_dags/example_latest_only.py
[2024-06-26T06:42:22.781+0000] {processor.py:840} INFO - DAG(s) 'latest_only' retrieved from /home/airflow/.local/lib/python3.12/site-packages/airflow/example_dags/example_latest_only.py
[2024-06-26T06:42:22.797+0000] {logging_mixin.py:188} INFO - [2024-06-26T06:42:22.797+0000] {dag.py:3096} INFO - Sync 1 DAGs
[2024-06-26T06:42:22.817+0000] {logging_mixin.py:188} INFO - [2024-06-26T06:42:22.817+0000] {dag.py:3954} INFO - Setting next_dagrun for latest_only to 2024-06-26 00:00:00+00:00, run_after=2024-06-26 04:00:00+00:00
[2024-06-26T06:42:22.839+0000] {processor.py:183} INFO - Processing /home/airflow/.local/lib/python3.12/site-packages/airflow/example_dags/example_latest_only.py took 0.070 seconds
[2024-06-26T06:42:53.606+0000] {processor.py:161} INFO - Started process (PID=340) to work on /home/airflow/.local/lib/python3.12/site-packages/airflow/example_dags/example_latest_only.py
[2024-06-26T06:42:53.607+0000] {processor.py:830} INFO - Processing file /home/airflow/.local/lib/python3.12/site-packages/airflow/example_dags/example_latest_only.py for tasks to queue
[2024-06-26T06:42:53.611+0000] {logging_mixin.py:188} INFO - [2024-06-26T06:42:53.610+0000] {dagbag.py:545} INFO - Filling up the DagBag from /home/airflow/.local/lib/python3.12/site-packages/airflow/example_dags/example_latest_only.py
[2024-06-26T06:42:53.619+0000] {processor.py:840} INFO - DAG(s) 'latest_only' retrieved from /home/airflow/.local/lib/python3.12/site-packages/airflow/example_dags/example_latest_only.py
[2024-06-26T06:42:53.653+0000] {logging_mixin.py:188} INFO - [2024-06-26T06:42:53.652+0000] {dag.py:3096} INFO - Sync 1 DAGs
[2024-06-26T06:42:53.689+0000] {logging_mixin.py:188} INFO - [2024-06-26T06:42:53.688+0000] {dag.py:3954} INFO - Setting next_dagrun for latest_only to 2024-06-26 00:00:00+00:00, run_after=2024-06-26 04:00:00+00:00
[2024-06-26T06:42:53.725+0000] {processor.py:183} INFO - Processing /home/airflow/.local/lib/python3.12/site-packages/airflow/example_dags/example_latest_only.py took 0.128 seconds
[2024-06-26T06:43:24.415+0000] {processor.py:161} INFO - Started process (PID=402) to work on /home/airflow/.local/lib/python3.12/site-packages/airflow/example_dags/example_latest_only.py
[2024-06-26T06:43:24.416+0000] {processor.py:830} INFO - Processing file /home/airflow/.local/lib/python3.12/site-packages/airflow/example_dags/example_latest_only.py for tasks to queue
[2024-06-26T06:43:24.418+0000] {logging_mixin.py:188} INFO - [2024-06-26T06:43:24.418+0000] {dagbag.py:545} INFO - Filling up the DagBag from /home/airflow/.local/lib/python3.12/site-packages/airflow/example_dags/example_latest_only.py
[2024-06-26T06:43:24.424+0000] {processor.py:840} INFO - DAG(s) 'latest_only' retrieved from /home/airflow/.local/lib/python3.12/site-packages/airflow/example_dags/example_latest_only.py
[2024-06-26T06:43:24.442+0000] {logging_mixin.py:188} INFO - [2024-06-26T06:43:24.442+0000] {dag.py:3096} INFO - Sync 1 DAGs
[2024-06-26T06:43:24.464+0000] {logging_mixin.py:188} INFO - [2024-06-26T06:43:24.463+0000] {dag.py:3954} INFO - Setting next_dagrun for latest_only to 2024-06-26 00:00:00+00:00, run_after=2024-06-26 04:00:00+00:00
[2024-06-26T06:43:24.489+0000] {processor.py:183} INFO - Processing /home/airflow/.local/lib/python3.12/site-packages/airflow/example_dags/example_latest_only.py took 0.080 seconds
[2024-06-26T06:43:54.802+0000] {processor.py:161} INFO - Started process (PID=464) to work on /home/airflow/.local/lib/python3.12/site-packages/airflow/example_dags/example_latest_only.py
[2024-06-26T06:43:54.806+0000] {processor.py:830} INFO - Processing file /home/airflow/.local/lib/python3.12/site-packages/airflow/example_dags/example_latest_only.py for tasks to queue
[2024-06-26T06:43:54.817+0000] {logging_mixin.py:188} INFO - [2024-06-26T06:43:54.815+0000] {dagbag.py:545} INFO - Filling up the DagBag from /home/airflow/.local/lib/python3.12/site-packages/airflow/example_dags/example_latest_only.py
[2024-06-26T06:43:54.831+0000] {processor.py:840} INFO - DAG(s) 'latest_only' retrieved from /home/airflow/.local/lib/python3.12/site-packages/airflow/example_dags/example_latest_only.py
[2024-06-26T06:43:54.928+0000] {logging_mixin.py:188} INFO - [2024-06-26T06:43:54.927+0000] {dag.py:3096} INFO - Sync 1 DAGs
[2024-06-26T06:43:55.025+0000] {logging_mixin.py:188} INFO - [2024-06-26T06:43:55.024+0000] {dag.py:3954} INFO - Setting next_dagrun for latest_only to 2024-06-26 00:00:00+00:00, run_after=2024-06-26 04:00:00+00:00
[2024-06-26T06:43:55.118+0000] {processor.py:183} INFO - Processing /home/airflow/.local/lib/python3.12/site-packages/airflow/example_dags/example_latest_only.py took 0.364 seconds
[2024-06-26T06:44:29.492+0000] {processor.py:161} INFO - Started process (PID=526) to work on /home/airflow/.local/lib/python3.12/site-packages/airflow/example_dags/example_latest_only.py
[2024-06-26T06:44:29.513+0000] {processor.py:830} INFO - Processing file /home/airflow/.local/lib/python3.12/site-packages/airflow/example_dags/example_latest_only.py for tasks to queue
[2024-06-26T06:44:29.527+0000] {logging_mixin.py:188} INFO - [2024-06-26T06:44:29.524+0000] {dagbag.py:545} INFO - Filling up the DagBag from /home/airflow/.local/lib/python3.12/site-packages/airflow/example_dags/example_latest_only.py
[2024-06-26T06:44:29.551+0000] {processor.py:840} INFO - DAG(s) 'latest_only' retrieved from /home/airflow/.local/lib/python3.12/site-packages/airflow/example_dags/example_latest_only.py
[2024-06-26T06:44:29.701+0000] {logging_mixin.py:188} INFO - [2024-06-26T06:44:29.699+0000] {dag.py:3096} INFO - Sync 1 DAGs
[2024-06-26T06:44:29.878+0000] {logging_mixin.py:188} INFO - [2024-06-26T06:44:29.877+0000] {dag.py:3954} INFO - Setting next_dagrun for latest_only to 2024-06-26 00:00:00+00:00, run_after=2024-06-26 04:00:00+00:00
[2024-06-26T06:44:30.011+0000] {processor.py:183} INFO - Processing /home/airflow/.local/lib/python3.12/site-packages/airflow/example_dags/example_latest_only.py took 0.557 seconds
[2024-06-26T06:45:21.510+0000] {processor.py:161} INFO - Started process (PID=593) to work on /home/airflow/.local/lib/python3.12/site-packages/airflow/example_dags/example_latest_only.py
[2024-06-26T06:45:21.516+0000] {processor.py:830} INFO - Processing file /home/airflow/.local/lib/python3.12/site-packages/airflow/example_dags/example_latest_only.py for tasks to queue
[2024-06-26T06:45:21.568+0000] {logging_mixin.py:188} INFO - [2024-06-26T06:45:21.566+0000] {dagbag.py:545} INFO - Filling up the DagBag from /home/airflow/.local/lib/python3.12/site-packages/airflow/example_dags/example_latest_only.py
[2024-06-26T06:45:21.660+0000] {processor.py:840} INFO - DAG(s) 'latest_only' retrieved from /home/airflow/.local/lib/python3.12/site-packages/airflow/example_dags/example_latest_only.py
[2024-06-26T06:45:21.934+0000] {logging_mixin.py:188} INFO - [2024-06-26T06:45:21.933+0000] {dag.py:3096} INFO - Sync 1 DAGs
[2024-06-26T06:45:22.260+0000] {logging_mixin.py:188} INFO - [2024-06-26T06:45:22.246+0000] {dag.py:3954} INFO - Setting next_dagrun for latest_only to 2024-06-26 00:00:00+00:00, run_after=2024-06-26 04:00:00+00:00
[2024-06-26T06:45:22.566+0000] {processor.py:183} INFO - Processing /home/airflow/.local/lib/python3.12/site-packages/airflow/example_dags/example_latest_only.py took 1.160 seconds
[2024-06-26T06:46:37.558+0000] {processor.py:161} INFO - Started process (PID=662) to work on /home/airflow/.local/lib/python3.12/site-packages/airflow/example_dags/example_latest_only.py
[2024-06-26T06:46:37.574+0000] {processor.py:830} INFO - Processing file /home/airflow/.local/lib/python3.12/site-packages/airflow/example_dags/example_latest_only.py for tasks to queue
[2024-06-26T06:46:37.618+0000] {logging_mixin.py:188} INFO - [2024-06-26T06:46:37.616+0000] {dagbag.py:545} INFO - Filling up the DagBag from /home/airflow/.local/lib/python3.12/site-packages/airflow/example_dags/example_latest_only.py
[2024-06-26T06:46:37.674+0000] {processor.py:840} INFO - DAG(s) 'latest_only' retrieved from /home/airflow/.local/lib/python3.12/site-packages/airflow/example_dags/example_latest_only.py
[2024-06-26T06:46:37.934+0000] {logging_mixin.py:188} INFO - [2024-06-26T06:46:37.934+0000] {dag.py:3096} INFO - Sync 1 DAGs
[2024-06-26T06:46:38.325+0000] {logging_mixin.py:188} INFO - [2024-06-26T06:46:38.311+0000] {dag.py:3954} INFO - Setting next_dagrun for latest_only to 2024-06-26 00:00:00+00:00, run_after=2024-06-26 04:00:00+00:00
[2024-06-26T06:46:38.600+0000] {processor.py:183} INFO - Processing /home/airflow/.local/lib/python3.12/site-packages/airflow/example_dags/example_latest_only.py took 1.175 seconds
[2024-06-26T06:47:29.214+0000] {processor.py:161} INFO - Started process (PID=730) to work on /home/airflow/.local/lib/python3.12/site-packages/airflow/example_dags/example_latest_only.py
[2024-06-26T06:47:29.237+0000] {processor.py:830} INFO - Processing file /home/airflow/.local/lib/python3.12/site-packages/airflow/example_dags/example_latest_only.py for tasks to queue
[2024-06-26T06:47:29.271+0000] {logging_mixin.py:188} INFO - [2024-06-26T06:47:29.269+0000] {dagbag.py:545} INFO - Filling up the DagBag from /home/airflow/.local/lib/python3.12/site-packages/airflow/example_dags/example_latest_only.py
[2024-06-26T06:47:29.339+0000] {processor.py:840} INFO - DAG(s) 'latest_only' retrieved from /home/airflow/.local/lib/python3.12/site-packages/airflow/example_dags/example_latest_only.py
[2024-06-26T06:47:29.520+0000] {logging_mixin.py:188} INFO - [2024-06-26T06:47:29.519+0000] {dag.py:3096} INFO - Sync 1 DAGs
[2024-06-26T06:47:29.817+0000] {logging_mixin.py:188} INFO - [2024-06-26T06:47:29.809+0000] {dag.py:3954} INFO - Setting next_dagrun for latest_only to 2024-06-26 00:00:00+00:00, run_after=2024-06-26 04:00:00+00:00
[2024-06-26T06:47:30.074+0000] {processor.py:183} INFO - Processing /home/airflow/.local/lib/python3.12/site-packages/airflow/example_dags/example_latest_only.py took 0.889 seconds
[2024-06-26T06:48:15.464+0000] {processor.py:161} INFO - Started process (PID=793) to work on /home/airflow/.local/lib/python3.12/site-packages/airflow/example_dags/example_latest_only.py
[2024-06-26T06:48:15.473+0000] {processor.py:830} INFO - Processing file /home/airflow/.local/lib/python3.12/site-packages/airflow/example_dags/example_latest_only.py for tasks to queue
[2024-06-26T06:48:15.487+0000] {logging_mixin.py:188} INFO - [2024-06-26T06:48:15.486+0000] {dagbag.py:545} INFO - Filling up the DagBag from /home/airflow/.local/lib/python3.12/site-packages/airflow/example_dags/example_latest_only.py
[2024-06-26T06:48:15.549+0000] {processor.py:840} INFO - DAG(s) 'latest_only' retrieved from /home/airflow/.local/lib/python3.12/site-packages/airflow/example_dags/example_latest_only.py
[2024-06-26T06:48:15.751+0000] {logging_mixin.py:188} INFO - [2024-06-26T06:48:15.750+0000] {dag.py:3096} INFO - Sync 1 DAGs
[2024-06-26T06:48:15.977+0000] {logging_mixin.py:188} INFO - [2024-06-26T06:48:15.976+0000] {dag.py:3954} INFO - Setting next_dagrun for latest_only to 2024-06-26 00:00:00+00:00, run_after=2024-06-26 04:00:00+00:00
[2024-06-26T06:48:16.123+0000] {processor.py:183} INFO - Processing /home/airflow/.local/lib/python3.12/site-packages/airflow/example_dags/example_latest_only.py took 0.689 seconds
[2024-06-26T06:48:46.731+0000] {processor.py:161} INFO - Started process (PID=856) to work on /home/airflow/.local/lib/python3.12/site-packages/airflow/example_dags/example_latest_only.py
[2024-06-26T06:48:46.731+0000] {processor.py:830} INFO - Processing file /home/airflow/.local/lib/python3.12/site-packages/airflow/example_dags/example_latest_only.py for tasks to queue
[2024-06-26T06:48:46.733+0000] {logging_mixin.py:188} INFO - [2024-06-26T06:48:46.733+0000] {dagbag.py:545} INFO - Filling up the DagBag from /home/airflow/.local/lib/python3.12/site-packages/airflow/example_dags/example_latest_only.py
[2024-06-26T06:48:46.737+0000] {processor.py:840} INFO - DAG(s) 'latest_only' retrieved from /home/airflow/.local/lib/python3.12/site-packages/airflow/example_dags/example_latest_only.py
[2024-06-26T06:48:46.752+0000] {logging_mixin.py:188} INFO - [2024-06-26T06:48:46.752+0000] {dag.py:3096} INFO - Sync 1 DAGs
[2024-06-26T06:48:46.769+0000] {logging_mixin.py:188} INFO - [2024-06-26T06:48:46.769+0000] {dag.py:3954} INFO - Setting next_dagrun for latest_only to 2024-06-26 00:00:00+00:00, run_after=2024-06-26 04:00:00+00:00
[2024-06-26T06:48:46.787+0000] {processor.py:183} INFO - Processing /home/airflow/.local/lib/python3.12/site-packages/airflow/example_dags/example_latest_only.py took 0.061 seconds
[2024-06-26T06:49:23.058+0000] {processor.py:161} INFO - Started process (PID=924) to work on /home/airflow/.local/lib/python3.12/site-packages/airflow/example_dags/example_latest_only.py
[2024-06-26T06:49:23.078+0000] {processor.py:830} INFO - Processing file /home/airflow/.local/lib/python3.12/site-packages/airflow/example_dags/example_latest_only.py for tasks to queue
[2024-06-26T06:49:23.116+0000] {logging_mixin.py:188} INFO - [2024-06-26T06:49:23.113+0000] {dagbag.py:545} INFO - Filling up the DagBag from /home/airflow/.local/lib/python3.12/site-packages/airflow/example_dags/example_latest_only.py
[2024-06-26T06:49:23.214+0000] {processor.py:840} INFO - DAG(s) 'latest_only' retrieved from /home/airflow/.local/lib/python3.12/site-packages/airflow/example_dags/example_latest_only.py
[2024-06-26T06:49:23.501+0000] {logging_mixin.py:188} INFO - [2024-06-26T06:49:23.500+0000] {dag.py:3096} INFO - Sync 1 DAGs
[2024-06-26T06:49:23.844+0000] {logging_mixin.py:188} INFO - [2024-06-26T06:49:23.844+0000] {dag.py:3954} INFO - Setting next_dagrun for latest_only to 2024-06-26 00:00:00+00:00, run_after=2024-06-26 04:00:00+00:00
[2024-06-26T06:49:24.225+0000] {processor.py:183} INFO - Processing /home/airflow/.local/lib/python3.12/site-packages/airflow/example_dags/example_latest_only.py took 1.283 seconds
[2024-06-26T06:50:22.335+0000] {processor.py:161} INFO - Started process (PID=993) to work on /home/airflow/.local/lib/python3.12/site-packages/airflow/example_dags/example_latest_only.py
[2024-06-26T06:50:22.345+0000] {processor.py:830} INFO - Processing file /home/airflow/.local/lib/python3.12/site-packages/airflow/example_dags/example_latest_only.py for tasks to queue
[2024-06-26T06:50:22.362+0000] {logging_mixin.py:188} INFO - [2024-06-26T06:50:22.360+0000] {dagbag.py:545} INFO - Filling up the DagBag from /home/airflow/.local/lib/python3.12/site-packages/airflow/example_dags/example_latest_only.py
[2024-06-26T06:50:22.434+0000] {processor.py:840} INFO - DAG(s) 'latest_only' retrieved from /home/airflow/.local/lib/python3.12/site-packages/airflow/example_dags/example_latest_only.py
[2024-06-26T06:50:22.786+0000] {logging_mixin.py:188} INFO - [2024-06-26T06:50:22.773+0000] {dag.py:3096} INFO - Sync 1 DAGs
[2024-06-26T06:50:23.109+0000] {logging_mixin.py:188} INFO - [2024-06-26T06:50:23.108+0000] {dag.py:3954} INFO - Setting next_dagrun for latest_only to 2024-06-26 00:00:00+00:00, run_after=2024-06-26 04:00:00+00:00
[2024-06-26T06:50:23.534+0000] {processor.py:183} INFO - Processing /home/airflow/.local/lib/python3.12/site-packages/airflow/example_dags/example_latest_only.py took 1.219 seconds
[2024-06-26T06:51:36.889+0000] {processor.py:161} INFO - Started process (PID=1054) to work on /home/airflow/.local/lib/python3.12/site-packages/airflow/example_dags/example_latest_only.py
[2024-06-26T06:51:36.907+0000] {processor.py:830} INFO - Processing file /home/airflow/.local/lib/python3.12/site-packages/airflow/example_dags/example_latest_only.py for tasks to queue
[2024-06-26T06:51:36.951+0000] {logging_mixin.py:188} INFO - [2024-06-26T06:51:36.939+0000] {dagbag.py:545} INFO - Filling up the DagBag from /home/airflow/.local/lib/python3.12/site-packages/airflow/example_dags/example_latest_only.py
[2024-06-26T06:51:37.007+0000] {processor.py:840} INFO - DAG(s) 'latest_only' retrieved from /home/airflow/.local/lib/python3.12/site-packages/airflow/example_dags/example_latest_only.py
[2024-06-26T06:51:37.313+0000] {logging_mixin.py:188} INFO - [2024-06-26T06:51:37.312+0000] {dag.py:3096} INFO - Sync 1 DAGs
[2024-06-26T06:51:37.702+0000] {logging_mixin.py:188} INFO - [2024-06-26T06:51:37.698+0000] {dag.py:3954} INFO - Setting next_dagrun for latest_only to 2024-06-26 00:00:00+00:00, run_after=2024-06-26 04:00:00+00:00
[2024-06-26T06:51:38.088+0000] {processor.py:183} INFO - Processing /home/airflow/.local/lib/python3.12/site-packages/airflow/example_dags/example_latest_only.py took 1.310 seconds
[2024-06-26T06:52:10.943+0000] {processor.py:161} INFO - Started process (PID=1116) to work on /home/airflow/.local/lib/python3.12/site-packages/airflow/example_dags/example_latest_only.py
[2024-06-26T06:52:10.946+0000] {processor.py:830} INFO - Processing file /home/airflow/.local/lib/python3.12/site-packages/airflow/example_dags/example_latest_only.py for tasks to queue
[2024-06-26T06:52:10.951+0000] {logging_mixin.py:188} INFO - [2024-06-26T06:52:10.950+0000] {dagbag.py:545} INFO - Filling up the DagBag from /home/airflow/.local/lib/python3.12/site-packages/airflow/example_dags/example_latest_only.py
[2024-06-26T06:52:10.963+0000] {processor.py:840} INFO - DAG(s) 'latest_only' retrieved from /home/airflow/.local/lib/python3.12/site-packages/airflow/example_dags/example_latest_only.py
[2024-06-26T06:52:11.013+0000] {logging_mixin.py:188} INFO - [2024-06-26T06:52:11.013+0000] {dag.py:3096} INFO - Sync 1 DAGs
[2024-06-26T06:52:11.065+0000] {logging_mixin.py:188} INFO - [2024-06-26T06:52:11.065+0000] {dag.py:3954} INFO - Setting next_dagrun for latest_only to 2024-06-26 00:00:00+00:00, run_after=2024-06-26 04:00:00+00:00
[2024-06-26T06:52:11.124+0000] {processor.py:183} INFO - Processing /home/airflow/.local/lib/python3.12/site-packages/airflow/example_dags/example_latest_only.py took 0.193 seconds
[2024-06-26T06:52:41.307+0000] {processor.py:161} INFO - Started process (PID=1178) to work on /home/airflow/.local/lib/python3.12/site-packages/airflow/example_dags/example_latest_only.py
[2024-06-26T06:52:41.309+0000] {processor.py:830} INFO - Processing file /home/airflow/.local/lib/python3.12/site-packages/airflow/example_dags/example_latest_only.py for tasks to queue
[2024-06-26T06:52:41.315+0000] {logging_mixin.py:188} INFO - [2024-06-26T06:52:41.314+0000] {dagbag.py:545} INFO - Filling up the DagBag from /home/airflow/.local/lib/python3.12/site-packages/airflow/example_dags/example_latest_only.py
[2024-06-26T06:52:41.326+0000] {processor.py:840} INFO - DAG(s) 'latest_only' retrieved from /home/airflow/.local/lib/python3.12/site-packages/airflow/example_dags/example_latest_only.py
[2024-06-26T06:52:41.370+0000] {logging_mixin.py:188} INFO - [2024-06-26T06:52:41.370+0000] {dag.py:3096} INFO - Sync 1 DAGs
[2024-06-26T06:52:41.424+0000] {logging_mixin.py:188} INFO - [2024-06-26T06:52:41.424+0000] {dag.py:3954} INFO - Setting next_dagrun for latest_only to 2024-06-26 00:00:00+00:00, run_after=2024-06-26 04:00:00+00:00
[2024-06-26T06:52:41.481+0000] {processor.py:183} INFO - Processing /home/airflow/.local/lib/python3.12/site-packages/airflow/example_dags/example_latest_only.py took 0.188 seconds
[2024-06-26T06:53:12.731+0000] {processor.py:161} INFO - Started process (PID=1240) to work on /home/airflow/.local/lib/python3.12/site-packages/airflow/example_dags/example_latest_only.py
[2024-06-26T06:53:12.736+0000] {processor.py:830} INFO - Processing file /home/airflow/.local/lib/python3.12/site-packages/airflow/example_dags/example_latest_only.py for tasks to queue
[2024-06-26T06:53:12.742+0000] {logging_mixin.py:188} INFO - [2024-06-26T06:53:12.740+0000] {dagbag.py:545} INFO - Filling up the DagBag from /home/airflow/.local/lib/python3.12/site-packages/airflow/example_dags/example_latest_only.py
[2024-06-26T06:53:12.757+0000] {processor.py:840} INFO - DAG(s) 'latest_only' retrieved from /home/airflow/.local/lib/python3.12/site-packages/airflow/example_dags/example_latest_only.py
[2024-06-26T06:53:12.824+0000] {logging_mixin.py:188} INFO - [2024-06-26T06:53:12.824+0000] {dag.py:3096} INFO - Sync 1 DAGs
[2024-06-26T06:53:12.901+0000] {logging_mixin.py:188} INFO - [2024-06-26T06:53:12.900+0000] {dag.py:3954} INFO - Setting next_dagrun for latest_only to 2024-06-26 00:00:00+00:00, run_after=2024-06-26 04:00:00+00:00
[2024-06-26T06:53:12.969+0000] {processor.py:183} INFO - Processing /home/airflow/.local/lib/python3.12/site-packages/airflow/example_dags/example_latest_only.py took 0.256 seconds
[2024-06-26T06:53:43.159+0000] {processor.py:161} INFO - Started process (PID=1302) to work on /home/airflow/.local/lib/python3.12/site-packages/airflow/example_dags/example_latest_only.py
[2024-06-26T06:53:43.160+0000] {processor.py:830} INFO - Processing file /home/airflow/.local/lib/python3.12/site-packages/airflow/example_dags/example_latest_only.py for tasks to queue
[2024-06-26T06:53:43.162+0000] {logging_mixin.py:188} INFO - [2024-06-26T06:53:43.162+0000] {dagbag.py:545} INFO - Filling up the DagBag from /home/airflow/.local/lib/python3.12/site-packages/airflow/example_dags/example_latest_only.py
[2024-06-26T06:53:43.166+0000] {processor.py:840} INFO - DAG(s) 'latest_only' retrieved from /home/airflow/.local/lib/python3.12/site-packages/airflow/example_dags/example_latest_only.py
[2024-06-26T06:53:43.185+0000] {logging_mixin.py:188} INFO - [2024-06-26T06:53:43.185+0000] {dag.py:3096} INFO - Sync 1 DAGs
[2024-06-26T06:53:43.206+0000] {logging_mixin.py:188} INFO - [2024-06-26T06:53:43.206+0000] {dag.py:3954} INFO - Setting next_dagrun for latest_only to 2024-06-26 00:00:00+00:00, run_after=2024-06-26 04:00:00+00:00
[2024-06-26T06:53:43.230+0000] {processor.py:183} INFO - Processing /home/airflow/.local/lib/python3.12/site-packages/airflow/example_dags/example_latest_only.py took 0.076 seconds
[2024-06-26T06:54:23.004+0000] {processor.py:161} INFO - Started process (PID=1359) to work on /home/airflow/.local/lib/python3.12/site-packages/airflow/example_dags/example_latest_only.py
[2024-06-26T06:54:23.013+0000] {processor.py:830} INFO - Processing file /home/airflow/.local/lib/python3.12/site-packages/airflow/example_dags/example_latest_only.py for tasks to queue
[2024-06-26T06:54:23.040+0000] {logging_mixin.py:188} INFO - [2024-06-26T06:54:23.039+0000] {dagbag.py:545} INFO - Filling up the DagBag from /home/airflow/.local/lib/python3.12/site-packages/airflow/example_dags/example_latest_only.py
[2024-06-26T06:54:23.090+0000] {processor.py:840} INFO - DAG(s) 'latest_only' retrieved from /home/airflow/.local/lib/python3.12/site-packages/airflow/example_dags/example_latest_only.py
[2024-06-26T06:54:23.347+0000] {logging_mixin.py:188} INFO - [2024-06-26T06:54:23.347+0000] {dag.py:3096} INFO - Sync 1 DAGs
[2024-06-26T06:54:23.742+0000] {logging_mixin.py:188} INFO - [2024-06-26T06:54:23.740+0000] {dag.py:3954} INFO - Setting next_dagrun for latest_only to 2024-06-26 00:00:00+00:00, run_after=2024-06-26 04:00:00+00:00
[2024-06-26T06:54:23.864+0000] {processor.py:183} INFO - Processing /home/airflow/.local/lib/python3.12/site-packages/airflow/example_dags/example_latest_only.py took 0.939 seconds
[2024-06-26T06:55:46.008+0000] {processor.py:161} INFO - Started process (PID=1435) to work on /home/airflow/.local/lib/python3.12/site-packages/airflow/example_dags/example_latest_only.py
[2024-06-26T06:55:46.013+0000] {processor.py:830} INFO - Processing file /home/airflow/.local/lib/python3.12/site-packages/airflow/example_dags/example_latest_only.py for tasks to queue
[2024-06-26T06:55:46.023+0000] {logging_mixin.py:188} INFO - [2024-06-26T06:55:46.022+0000] {dagbag.py:545} INFO - Filling up the DagBag from /home/airflow/.local/lib/python3.12/site-packages/airflow/example_dags/example_latest_only.py
[2024-06-26T06:55:46.088+0000] {processor.py:840} INFO - DAG(s) 'latest_only' retrieved from /home/airflow/.local/lib/python3.12/site-packages/airflow/example_dags/example_latest_only.py
[2024-06-26T06:55:46.432+0000] {logging_mixin.py:188} INFO - [2024-06-26T06:55:46.431+0000] {dag.py:3096} INFO - Sync 1 DAGs
[2024-06-26T06:55:46.826+0000] {logging_mixin.py:188} INFO - [2024-06-26T06:55:46.824+0000] {dag.py:3954} INFO - Setting next_dagrun for latest_only to 2024-06-26 00:00:00+00:00, run_after=2024-06-26 04:00:00+00:00
[2024-06-26T06:55:47.872+0000] {processor.py:183} INFO - Processing /home/airflow/.local/lib/python3.12/site-packages/airflow/example_dags/example_latest_only.py took 1.915 seconds
[2024-06-26T06:56:49.972+0000] {processor.py:161} INFO - Started process (PID=1504) to work on /home/airflow/.local/lib/python3.12/site-packages/airflow/example_dags/example_latest_only.py
[2024-06-26T06:56:50.000+0000] {processor.py:830} INFO - Processing file /home/airflow/.local/lib/python3.12/site-packages/airflow/example_dags/example_latest_only.py for tasks to queue
[2024-06-26T06:56:50.089+0000] {logging_mixin.py:188} INFO - [2024-06-26T06:56:50.088+0000] {dagbag.py:545} INFO - Filling up the DagBag from /home/airflow/.local/lib/python3.12/site-packages/airflow/example_dags/example_latest_only.py
[2024-06-26T06:56:50.198+0000] {processor.py:840} INFO - DAG(s) 'latest_only' retrieved from /home/airflow/.local/lib/python3.12/site-packages/airflow/example_dags/example_latest_only.py
[2024-06-26T06:56:50.497+0000] {logging_mixin.py:188} INFO - [2024-06-26T06:56:50.486+0000] {dag.py:3096} INFO - Sync 1 DAGs
[2024-06-26T06:56:50.772+0000] {logging_mixin.py:188} INFO - [2024-06-26T06:56:50.771+0000] {dag.py:3954} INFO - Setting next_dagrun for latest_only to 2024-06-26 00:00:00+00:00, run_after=2024-06-26 04:00:00+00:00
[2024-06-26T06:56:51.040+0000] {processor.py:183} INFO - Processing /home/airflow/.local/lib/python3.12/site-packages/airflow/example_dags/example_latest_only.py took 1.148 seconds
[2024-06-26T06:57:41.055+0000] {processor.py:161} INFO - Started process (PID=1571) to work on /home/airflow/.local/lib/python3.12/site-packages/airflow/example_dags/example_latest_only.py
[2024-06-26T06:57:41.068+0000] {processor.py:830} INFO - Processing file /home/airflow/.local/lib/python3.12/site-packages/airflow/example_dags/example_latest_only.py for tasks to queue
[2024-06-26T06:57:41.089+0000] {logging_mixin.py:188} INFO - [2024-06-26T06:57:41.088+0000] {dagbag.py:545} INFO - Filling up the DagBag from /home/airflow/.local/lib/python3.12/site-packages/airflow/example_dags/example_latest_only.py
[2024-06-26T06:57:41.169+0000] {processor.py:840} INFO - DAG(s) 'latest_only' retrieved from /home/airflow/.local/lib/python3.12/site-packages/airflow/example_dags/example_latest_only.py
[2024-06-26T06:57:41.420+0000] {logging_mixin.py:188} INFO - [2024-06-26T06:57:41.418+0000] {dag.py:3096} INFO - Sync 1 DAGs
[2024-06-26T06:57:41.709+0000] {logging_mixin.py:188} INFO - [2024-06-26T06:57:41.709+0000] {dag.py:3954} INFO - Setting next_dagrun for latest_only to 2024-06-26 00:00:00+00:00, run_after=2024-06-26 04:00:00+00:00
[2024-06-26T06:57:41.951+0000] {processor.py:183} INFO - Processing /home/airflow/.local/lib/python3.12/site-packages/airflow/example_dags/example_latest_only.py took 0.921 seconds
[2024-06-26T06:58:41.856+0000] {processor.py:161} INFO - Started process (PID=1638) to work on /home/airflow/.local/lib/python3.12/site-packages/airflow/example_dags/example_latest_only.py
[2024-06-26T06:58:41.860+0000] {processor.py:830} INFO - Processing file /home/airflow/.local/lib/python3.12/site-packages/airflow/example_dags/example_latest_only.py for tasks to queue
[2024-06-26T06:58:41.875+0000] {logging_mixin.py:188} INFO - [2024-06-26T06:58:41.873+0000] {dagbag.py:545} INFO - Filling up the DagBag from /home/airflow/.local/lib/python3.12/site-packages/airflow/example_dags/example_latest_only.py
[2024-06-26T06:58:41.952+0000] {processor.py:840} INFO - DAG(s) 'latest_only' retrieved from /home/airflow/.local/lib/python3.12/site-packages/airflow/example_dags/example_latest_only.py
[2024-06-26T06:58:42.185+0000] {logging_mixin.py:188} INFO - [2024-06-26T06:58:42.184+0000] {dag.py:3096} INFO - Sync 1 DAGs
[2024-06-26T06:58:42.581+0000] {logging_mixin.py:188} INFO - [2024-06-26T06:58:42.568+0000] {dag.py:3954} INFO - Setting next_dagrun for latest_only to 2024-06-26 00:00:00+00:00, run_after=2024-06-26 04:00:00+00:00
[2024-06-26T06:58:42.980+0000] {processor.py:183} INFO - Processing /home/airflow/.local/lib/python3.12/site-packages/airflow/example_dags/example_latest_only.py took 1.213 seconds
[2024-06-26T06:59:21.601+0000] {processor.py:161} INFO - Started process (PID=1701) to work on /home/airflow/.local/lib/python3.12/site-packages/airflow/example_dags/example_latest_only.py
[2024-06-26T06:59:21.616+0000] {processor.py:830} INFO - Processing file /home/airflow/.local/lib/python3.12/site-packages/airflow/example_dags/example_latest_only.py for tasks to queue
[2024-06-26T06:59:21.621+0000] {logging_mixin.py:188} INFO - [2024-06-26T06:59:21.620+0000] {dagbag.py:545} INFO - Filling up the DagBag from /home/airflow/.local/lib/python3.12/site-packages/airflow/example_dags/example_latest_only.py
[2024-06-26T06:59:21.668+0000] {processor.py:840} INFO - DAG(s) 'latest_only' retrieved from /home/airflow/.local/lib/python3.12/site-packages/airflow/example_dags/example_latest_only.py
[2024-06-26T06:59:21.771+0000] {logging_mixin.py:188} INFO - [2024-06-26T06:59:21.770+0000] {dag.py:3096} INFO - Sync 1 DAGs
[2024-06-26T06:59:21.924+0000] {logging_mixin.py:188} INFO - [2024-06-26T06:59:21.923+0000] {dag.py:3954} INFO - Setting next_dagrun for latest_only to 2024-06-26 00:00:00+00:00, run_after=2024-06-26 04:00:00+00:00
[2024-06-26T06:59:22.054+0000] {processor.py:183} INFO - Processing /home/airflow/.local/lib/python3.12/site-packages/airflow/example_dags/example_latest_only.py took 0.502 seconds
[2024-06-26T06:59:57.634+0000] {processor.py:161} INFO - Started process (PID=1755) to work on /home/airflow/.local/lib/python3.12/site-packages/airflow/example_dags/example_latest_only.py
[2024-06-26T06:59:57.639+0000] {processor.py:830} INFO - Processing file /home/airflow/.local/lib/python3.12/site-packages/airflow/example_dags/example_latest_only.py for tasks to queue
[2024-06-26T06:59:57.644+0000] {logging_mixin.py:188} INFO - [2024-06-26T06:59:57.643+0000] {dagbag.py:545} INFO - Filling up the DagBag from /home/airflow/.local/lib/python3.12/site-packages/airflow/example_dags/example_latest_only.py
[2024-06-26T06:59:57.675+0000] {processor.py:840} INFO - DAG(s) 'latest_only' retrieved from /home/airflow/.local/lib/python3.12/site-packages/airflow/example_dags/example_latest_only.py
[2024-06-26T06:59:57.794+0000] {logging_mixin.py:188} INFO - [2024-06-26T06:59:57.793+0000] {dag.py:3096} INFO - Sync 1 DAGs
[2024-06-26T06:59:57.951+0000] {logging_mixin.py:188} INFO - [2024-06-26T06:59:57.950+0000] {dag.py:3954} INFO - Setting next_dagrun for latest_only to 2024-06-26 00:00:00+00:00, run_after=2024-06-26 04:00:00+00:00
[2024-06-26T06:59:58.214+0000] {processor.py:183} INFO - Processing /home/airflow/.local/lib/python3.12/site-packages/airflow/example_dags/example_latest_only.py took 0.618 seconds
[2024-06-26T07:00:29.128+0000] {processor.py:161} INFO - Started process (PID=1818) to work on /home/airflow/.local/lib/python3.12/site-packages/airflow/example_dags/example_latest_only.py
[2024-06-26T07:00:29.129+0000] {processor.py:830} INFO - Processing file /home/airflow/.local/lib/python3.12/site-packages/airflow/example_dags/example_latest_only.py for tasks to queue
[2024-06-26T07:00:29.130+0000] {logging_mixin.py:188} INFO - [2024-06-26T07:00:29.130+0000] {dagbag.py:545} INFO - Filling up the DagBag from /home/airflow/.local/lib/python3.12/site-packages/airflow/example_dags/example_latest_only.py
[2024-06-26T07:00:29.136+0000] {processor.py:840} INFO - DAG(s) 'latest_only' retrieved from /home/airflow/.local/lib/python3.12/site-packages/airflow/example_dags/example_latest_only.py
[2024-06-26T07:00:29.158+0000] {logging_mixin.py:188} INFO - [2024-06-26T07:00:29.158+0000] {dag.py:3096} INFO - Sync 1 DAGs
[2024-06-26T07:00:29.182+0000] {logging_mixin.py:188} INFO - [2024-06-26T07:00:29.181+0000] {dag.py:3954} INFO - Setting next_dagrun for latest_only to 2024-06-26 00:00:00+00:00, run_after=2024-06-26 04:00:00+00:00
[2024-06-26T07:00:29.208+0000] {processor.py:183} INFO - Processing /home/airflow/.local/lib/python3.12/site-packages/airflow/example_dags/example_latest_only.py took 0.085 seconds
[2024-06-26T07:00:59.612+0000] {processor.py:161} INFO - Started process (PID=1881) to work on /home/airflow/.local/lib/python3.12/site-packages/airflow/example_dags/example_latest_only.py
[2024-06-26T07:00:59.614+0000] {processor.py:830} INFO - Processing file /home/airflow/.local/lib/python3.12/site-packages/airflow/example_dags/example_latest_only.py for tasks to queue
[2024-06-26T07:00:59.615+0000] {logging_mixin.py:188} INFO - [2024-06-26T07:00:59.615+0000] {dagbag.py:545} INFO - Filling up the DagBag from /home/airflow/.local/lib/python3.12/site-packages/airflow/example_dags/example_latest_only.py
[2024-06-26T07:00:59.623+0000] {processor.py:840} INFO - DAG(s) 'latest_only' retrieved from /home/airflow/.local/lib/python3.12/site-packages/airflow/example_dags/example_latest_only.py
[2024-06-26T07:00:59.658+0000] {logging_mixin.py:188} INFO - [2024-06-26T07:00:59.658+0000] {dag.py:3096} INFO - Sync 1 DAGs
[2024-06-26T07:00:59.693+0000] {logging_mixin.py:188} INFO - [2024-06-26T07:00:59.693+0000] {dag.py:3954} INFO - Setting next_dagrun for latest_only to 2024-06-26 00:00:00+00:00, run_after=2024-06-26 04:00:00+00:00
[2024-06-26T07:00:59.728+0000] {processor.py:183} INFO - Processing /home/airflow/.local/lib/python3.12/site-packages/airflow/example_dags/example_latest_only.py took 0.125 seconds
[2024-06-26T07:01:30.067+0000] {processor.py:161} INFO - Started process (PID=1944) to work on /home/airflow/.local/lib/python3.12/site-packages/airflow/example_dags/example_latest_only.py
[2024-06-26T07:01:30.070+0000] {processor.py:830} INFO - Processing file /home/airflow/.local/lib/python3.12/site-packages/airflow/example_dags/example_latest_only.py for tasks to queue
[2024-06-26T07:01:30.072+0000] {logging_mixin.py:188} INFO - [2024-06-26T07:01:30.071+0000] {dagbag.py:545} INFO - Filling up the DagBag from /home/airflow/.local/lib/python3.12/site-packages/airflow/example_dags/example_latest_only.py
[2024-06-26T07:01:30.081+0000] {processor.py:840} INFO - DAG(s) 'latest_only' retrieved from /home/airflow/.local/lib/python3.12/site-packages/airflow/example_dags/example_latest_only.py
[2024-06-26T07:01:30.117+0000] {logging_mixin.py:188} INFO - [2024-06-26T07:01:30.117+0000] {dag.py:3096} INFO - Sync 1 DAGs
[2024-06-26T07:01:30.163+0000] {logging_mixin.py:188} INFO - [2024-06-26T07:01:30.163+0000] {dag.py:3954} INFO - Setting next_dagrun for latest_only to 2024-06-26 00:00:00+00:00, run_after=2024-06-26 04:00:00+00:00
[2024-06-26T07:01:30.203+0000] {processor.py:183} INFO - Processing /home/airflow/.local/lib/python3.12/site-packages/airflow/example_dags/example_latest_only.py took 0.145 seconds
[2024-06-26T07:02:00.345+0000] {processor.py:161} INFO - Started process (PID=2007) to work on /home/airflow/.local/lib/python3.12/site-packages/airflow/example_dags/example_latest_only.py
[2024-06-26T07:02:00.346+0000] {processor.py:830} INFO - Processing file /home/airflow/.local/lib/python3.12/site-packages/airflow/example_dags/example_latest_only.py for tasks to queue
[2024-06-26T07:02:00.347+0000] {logging_mixin.py:188} INFO - [2024-06-26T07:02:00.346+0000] {dagbag.py:545} INFO - Filling up the DagBag from /home/airflow/.local/lib/python3.12/site-packages/airflow/example_dags/example_latest_only.py
[2024-06-26T07:02:00.351+0000] {processor.py:840} INFO - DAG(s) 'latest_only' retrieved from /home/airflow/.local/lib/python3.12/site-packages/airflow/example_dags/example_latest_only.py
[2024-06-26T07:02:00.367+0000] {logging_mixin.py:188} INFO - [2024-06-26T07:02:00.367+0000] {dag.py:3096} INFO - Sync 1 DAGs
[2024-06-26T07:02:00.385+0000] {logging_mixin.py:188} INFO - [2024-06-26T07:02:00.385+0000] {dag.py:3954} INFO - Setting next_dagrun for latest_only to 2024-06-26 00:00:00+00:00, run_after=2024-06-26 04:00:00+00:00
[2024-06-26T07:02:00.403+0000] {processor.py:183} INFO - Processing /home/airflow/.local/lib/python3.12/site-packages/airflow/example_dags/example_latest_only.py took 0.062 seconds
[2024-06-26T07:02:30.782+0000] {processor.py:161} INFO - Started process (PID=2070) to work on /home/airflow/.local/lib/python3.12/site-packages/airflow/example_dags/example_latest_only.py
[2024-06-26T07:02:30.783+0000] {processor.py:830} INFO - Processing file /home/airflow/.local/lib/python3.12/site-packages/airflow/example_dags/example_latest_only.py for tasks to queue
[2024-06-26T07:02:30.784+0000] {logging_mixin.py:188} INFO - [2024-06-26T07:02:30.784+0000] {dagbag.py:545} INFO - Filling up the DagBag from /home/airflow/.local/lib/python3.12/site-packages/airflow/example_dags/example_latest_only.py
[2024-06-26T07:02:30.788+0000] {processor.py:840} INFO - DAG(s) 'latest_only' retrieved from /home/airflow/.local/lib/python3.12/site-packages/airflow/example_dags/example_latest_only.py
[2024-06-26T07:02:30.806+0000] {logging_mixin.py:188} INFO - [2024-06-26T07:02:30.805+0000] {dag.py:3096} INFO - Sync 1 DAGs
[2024-06-26T07:02:30.825+0000] {logging_mixin.py:188} INFO - [2024-06-26T07:02:30.825+0000] {dag.py:3954} INFO - Setting next_dagrun for latest_only to 2024-06-26 00:00:00+00:00, run_after=2024-06-26 04:00:00+00:00
[2024-06-26T07:02:30.851+0000] {processor.py:183} INFO - Processing /home/airflow/.local/lib/python3.12/site-packages/airflow/example_dags/example_latest_only.py took 0.074 seconds
[2024-06-26T07:03:01.004+0000] {processor.py:161} INFO - Started process (PID=2133) to work on /home/airflow/.local/lib/python3.12/site-packages/airflow/example_dags/example_latest_only.py
[2024-06-26T07:03:01.005+0000] {processor.py:830} INFO - Processing file /home/airflow/.local/lib/python3.12/site-packages/airflow/example_dags/example_latest_only.py for tasks to queue
[2024-06-26T07:03:01.006+0000] {logging_mixin.py:188} INFO - [2024-06-26T07:03:01.005+0000] {dagbag.py:545} INFO - Filling up the DagBag from /home/airflow/.local/lib/python3.12/site-packages/airflow/example_dags/example_latest_only.py
[2024-06-26T07:03:01.010+0000] {processor.py:840} INFO - DAG(s) 'latest_only' retrieved from /home/airflow/.local/lib/python3.12/site-packages/airflow/example_dags/example_latest_only.py
[2024-06-26T07:03:01.029+0000] {logging_mixin.py:188} INFO - [2024-06-26T07:03:01.029+0000] {dag.py:3096} INFO - Sync 1 DAGs
[2024-06-26T07:03:01.050+0000] {logging_mixin.py:188} INFO - [2024-06-26T07:03:01.050+0000] {dag.py:3954} INFO - Setting next_dagrun for latest_only to 2024-06-26 00:00:00+00:00, run_after=2024-06-26 04:00:00+00:00
[2024-06-26T07:03:01.070+0000] {processor.py:183} INFO - Processing /home/airflow/.local/lib/python3.12/site-packages/airflow/example_dags/example_latest_only.py took 0.071 seconds
[2024-06-26T07:03:31.708+0000] {processor.py:161} INFO - Started process (PID=2198) to work on /home/airflow/.local/lib/python3.12/site-packages/airflow/example_dags/example_latest_only.py
[2024-06-26T07:03:31.709+0000] {processor.py:830} INFO - Processing file /home/airflow/.local/lib/python3.12/site-packages/airflow/example_dags/example_latest_only.py for tasks to queue
[2024-06-26T07:03:31.710+0000] {logging_mixin.py:188} INFO - [2024-06-26T07:03:31.710+0000] {dagbag.py:545} INFO - Filling up the DagBag from /home/airflow/.local/lib/python3.12/site-packages/airflow/example_dags/example_latest_only.py
[2024-06-26T07:03:31.717+0000] {processor.py:840} INFO - DAG(s) 'latest_only' retrieved from /home/airflow/.local/lib/python3.12/site-packages/airflow/example_dags/example_latest_only.py
[2024-06-26T07:03:31.747+0000] {logging_mixin.py:188} INFO - [2024-06-26T07:03:31.747+0000] {dag.py:3096} INFO - Sync 1 DAGs
[2024-06-26T07:03:31.781+0000] {logging_mixin.py:188} INFO - [2024-06-26T07:03:31.780+0000] {dag.py:3954} INFO - Setting next_dagrun for latest_only to 2024-06-26 00:00:00+00:00, run_after=2024-06-26 04:00:00+00:00
[2024-06-26T07:03:31.813+0000] {processor.py:183} INFO - Processing /home/airflow/.local/lib/python3.12/site-packages/airflow/example_dags/example_latest_only.py took 0.113 seconds
[2024-06-26T07:04:02.212+0000] {processor.py:161} INFO - Started process (PID=2263) to work on /home/airflow/.local/lib/python3.12/site-packages/airflow/example_dags/example_latest_only.py
[2024-06-26T07:04:02.215+0000] {processor.py:830} INFO - Processing file /home/airflow/.local/lib/python3.12/site-packages/airflow/example_dags/example_latest_only.py for tasks to queue
[2024-06-26T07:04:02.219+0000] {logging_mixin.py:188} INFO - [2024-06-26T07:04:02.217+0000] {dagbag.py:545} INFO - Filling up the DagBag from /home/airflow/.local/lib/python3.12/site-packages/airflow/example_dags/example_latest_only.py
[2024-06-26T07:04:02.232+0000] {processor.py:840} INFO - DAG(s) 'latest_only' retrieved from /home/airflow/.local/lib/python3.12/site-packages/airflow/example_dags/example_latest_only.py
[2024-06-26T07:04:02.289+0000] {logging_mixin.py:188} INFO - [2024-06-26T07:04:02.289+0000] {dag.py:3096} INFO - Sync 1 DAGs
[2024-06-26T07:04:02.367+0000] {logging_mixin.py:188} INFO - [2024-06-26T07:04:02.366+0000] {dag.py:3954} INFO - Setting next_dagrun for latest_only to 2024-06-26 00:00:00+00:00, run_after=2024-06-26 04:00:00+00:00
[2024-06-26T07:04:02.436+0000] {processor.py:183} INFO - Processing /home/airflow/.local/lib/python3.12/site-packages/airflow/example_dags/example_latest_only.py took 0.241 seconds
[2024-06-26T07:04:32.681+0000] {processor.py:161} INFO - Started process (PID=2327) to work on /home/airflow/.local/lib/python3.12/site-packages/airflow/example_dags/example_latest_only.py
[2024-06-26T07:04:32.685+0000] {processor.py:830} INFO - Processing file /home/airflow/.local/lib/python3.12/site-packages/airflow/example_dags/example_latest_only.py for tasks to queue
[2024-06-26T07:04:32.688+0000] {logging_mixin.py:188} INFO - [2024-06-26T07:04:32.687+0000] {dagbag.py:545} INFO - Filling up the DagBag from /home/airflow/.local/lib/python3.12/site-packages/airflow/example_dags/example_latest_only.py
[2024-06-26T07:04:32.704+0000] {processor.py:840} INFO - DAG(s) 'latest_only' retrieved from /home/airflow/.local/lib/python3.12/site-packages/airflow/example_dags/example_latest_only.py
[2024-06-26T07:04:32.761+0000] {logging_mixin.py:188} INFO - [2024-06-26T07:04:32.760+0000] {dag.py:3096} INFO - Sync 1 DAGs
[2024-06-26T07:04:33.204+0000] {logging_mixin.py:188} INFO - [2024-06-26T07:04:33.203+0000] {dag.py:3954} INFO - Setting next_dagrun for latest_only to 2024-06-26 00:00:00+00:00, run_after=2024-06-26 04:00:00+00:00
[2024-06-26T07:04:33.295+0000] {processor.py:183} INFO - Processing /home/airflow/.local/lib/python3.12/site-packages/airflow/example_dags/example_latest_only.py took 0.629 seconds
[2024-06-26T07:05:03.524+0000] {processor.py:161} INFO - Started process (PID=2389) to work on /home/airflow/.local/lib/python3.12/site-packages/airflow/example_dags/example_latest_only.py
[2024-06-26T07:05:03.525+0000] {processor.py:830} INFO - Processing file /home/airflow/.local/lib/python3.12/site-packages/airflow/example_dags/example_latest_only.py for tasks to queue
[2024-06-26T07:05:03.527+0000] {logging_mixin.py:188} INFO - [2024-06-26T07:05:03.527+0000] {dagbag.py:545} INFO - Filling up the DagBag from /home/airflow/.local/lib/python3.12/site-packages/airflow/example_dags/example_latest_only.py
[2024-06-26T07:05:03.534+0000] {processor.py:840} INFO - DAG(s) 'latest_only' retrieved from /home/airflow/.local/lib/python3.12/site-packages/airflow/example_dags/example_latest_only.py
[2024-06-26T07:05:03.558+0000] {logging_mixin.py:188} INFO - [2024-06-26T07:05:03.558+0000] {dag.py:3096} INFO - Sync 1 DAGs
[2024-06-26T07:05:03.590+0000] {logging_mixin.py:188} INFO - [2024-06-26T07:05:03.589+0000] {dag.py:3954} INFO - Setting next_dagrun for latest_only to 2024-06-26 00:00:00+00:00, run_after=2024-06-26 04:00:00+00:00
[2024-06-26T07:05:03.614+0000] {processor.py:183} INFO - Processing /home/airflow/.local/lib/python3.12/site-packages/airflow/example_dags/example_latest_only.py took 0.097 seconds
[2024-06-26T07:05:34.215+0000] {processor.py:161} INFO - Started process (PID=2456) to work on /home/airflow/.local/lib/python3.12/site-packages/airflow/example_dags/example_latest_only.py
[2024-06-26T07:05:34.216+0000] {processor.py:830} INFO - Processing file /home/airflow/.local/lib/python3.12/site-packages/airflow/example_dags/example_latest_only.py for tasks to queue
[2024-06-26T07:05:34.218+0000] {logging_mixin.py:188} INFO - [2024-06-26T07:05:34.217+0000] {dagbag.py:545} INFO - Filling up the DagBag from /home/airflow/.local/lib/python3.12/site-packages/airflow/example_dags/example_latest_only.py
[2024-06-26T07:05:34.226+0000] {processor.py:840} INFO - DAG(s) 'latest_only' retrieved from /home/airflow/.local/lib/python3.12/site-packages/airflow/example_dags/example_latest_only.py
[2024-06-26T07:05:34.252+0000] {logging_mixin.py:188} INFO - [2024-06-26T07:05:34.252+0000] {dag.py:3096} INFO - Sync 1 DAGs
[2024-06-26T07:05:34.284+0000] {logging_mixin.py:188} INFO - [2024-06-26T07:05:34.283+0000] {dag.py:3954} INFO - Setting next_dagrun for latest_only to 2024-06-26 00:00:00+00:00, run_after=2024-06-26 04:00:00+00:00
[2024-06-26T07:05:34.310+0000] {processor.py:183} INFO - Processing /home/airflow/.local/lib/python3.12/site-packages/airflow/example_dags/example_latest_only.py took 0.103 seconds
[2024-06-26T07:06:04.730+0000] {processor.py:161} INFO - Started process (PID=2518) to work on /home/airflow/.local/lib/python3.12/site-packages/airflow/example_dags/example_latest_only.py
[2024-06-26T07:06:04.731+0000] {processor.py:830} INFO - Processing file /home/airflow/.local/lib/python3.12/site-packages/airflow/example_dags/example_latest_only.py for tasks to queue
[2024-06-26T07:06:04.732+0000] {logging_mixin.py:188} INFO - [2024-06-26T07:06:04.731+0000] {dagbag.py:545} INFO - Filling up the DagBag from /home/airflow/.local/lib/python3.12/site-packages/airflow/example_dags/example_latest_only.py
[2024-06-26T07:06:04.737+0000] {processor.py:840} INFO - DAG(s) 'latest_only' retrieved from /home/airflow/.local/lib/python3.12/site-packages/airflow/example_dags/example_latest_only.py
[2024-06-26T07:06:04.757+0000] {logging_mixin.py:188} INFO - [2024-06-26T07:06:04.756+0000] {dag.py:3096} INFO - Sync 1 DAGs
[2024-06-26T07:06:04.778+0000] {logging_mixin.py:188} INFO - [2024-06-26T07:06:04.778+0000] {dag.py:3954} INFO - Setting next_dagrun for latest_only to 2024-06-26 00:00:00+00:00, run_after=2024-06-26 04:00:00+00:00
[2024-06-26T07:06:04.798+0000] {processor.py:183} INFO - Processing /home/airflow/.local/lib/python3.12/site-packages/airflow/example_dags/example_latest_only.py took 0.075 seconds
[2024-06-26T07:06:35.375+0000] {processor.py:161} INFO - Started process (PID=2580) to work on /home/airflow/.local/lib/python3.12/site-packages/airflow/example_dags/example_latest_only.py
[2024-06-26T07:06:35.377+0000] {processor.py:830} INFO - Processing file /home/airflow/.local/lib/python3.12/site-packages/airflow/example_dags/example_latest_only.py for tasks to queue
[2024-06-26T07:06:35.378+0000] {logging_mixin.py:188} INFO - [2024-06-26T07:06:35.378+0000] {dagbag.py:545} INFO - Filling up the DagBag from /home/airflow/.local/lib/python3.12/site-packages/airflow/example_dags/example_latest_only.py
[2024-06-26T07:06:35.383+0000] {processor.py:840} INFO - DAG(s) 'latest_only' retrieved from /home/airflow/.local/lib/python3.12/site-packages/airflow/example_dags/example_latest_only.py
[2024-06-26T07:06:35.405+0000] {logging_mixin.py:188} INFO - [2024-06-26T07:06:35.405+0000] {dag.py:3096} INFO - Sync 1 DAGs
[2024-06-26T07:06:35.426+0000] {logging_mixin.py:188} INFO - [2024-06-26T07:06:35.426+0000] {dag.py:3954} INFO - Setting next_dagrun for latest_only to 2024-06-26 00:00:00+00:00, run_after=2024-06-26 04:00:00+00:00
[2024-06-26T07:06:35.448+0000] {processor.py:183} INFO - Processing /home/airflow/.local/lib/python3.12/site-packages/airflow/example_dags/example_latest_only.py took 0.079 seconds
[2024-06-26T07:07:09.692+0000] {processor.py:161} INFO - Started process (PID=2643) to work on /home/airflow/.local/lib/python3.12/site-packages/airflow/example_dags/example_latest_only.py
[2024-06-26T07:07:09.742+0000] {processor.py:830} INFO - Processing file /home/airflow/.local/lib/python3.12/site-packages/airflow/example_dags/example_latest_only.py for tasks to queue
[2024-06-26T07:07:09.774+0000] {logging_mixin.py:188} INFO - [2024-06-26T07:07:09.772+0000] {dagbag.py:545} INFO - Filling up the DagBag from /home/airflow/.local/lib/python3.12/site-packages/airflow/example_dags/example_latest_only.py
[2024-06-26T07:07:09.828+0000] {processor.py:840} INFO - DAG(s) 'latest_only' retrieved from /home/airflow/.local/lib/python3.12/site-packages/airflow/example_dags/example_latest_only.py
[2024-06-26T07:07:09.964+0000] {logging_mixin.py:188} INFO - [2024-06-26T07:07:09.962+0000] {dag.py:3096} INFO - Sync 1 DAGs
[2024-06-26T07:07:10.137+0000] {logging_mixin.py:188} INFO - [2024-06-26T07:07:10.129+0000] {dag.py:3954} INFO - Setting next_dagrun for latest_only to 2024-06-26 00:00:00+00:00, run_after=2024-06-26 04:00:00+00:00
[2024-06-26T07:07:10.287+0000] {processor.py:183} INFO - Processing /home/airflow/.local/lib/python3.12/site-packages/airflow/example_dags/example_latest_only.py took 0.676 seconds
[2024-06-26T07:07:40.876+0000] {processor.py:161} INFO - Started process (PID=2705) to work on /home/airflow/.local/lib/python3.12/site-packages/airflow/example_dags/example_latest_only.py
[2024-06-26T07:07:40.880+0000] {processor.py:830} INFO - Processing file /home/airflow/.local/lib/python3.12/site-packages/airflow/example_dags/example_latest_only.py for tasks to queue
[2024-06-26T07:07:40.883+0000] {logging_mixin.py:188} INFO - [2024-06-26T07:07:40.882+0000] {dagbag.py:545} INFO - Filling up the DagBag from /home/airflow/.local/lib/python3.12/site-packages/airflow/example_dags/example_latest_only.py
[2024-06-26T07:07:40.899+0000] {processor.py:840} INFO - DAG(s) 'latest_only' retrieved from /home/airflow/.local/lib/python3.12/site-packages/airflow/example_dags/example_latest_only.py
[2024-06-26T07:07:40.996+0000] {logging_mixin.py:188} INFO - [2024-06-26T07:07:40.994+0000] {dag.py:3096} INFO - Sync 1 DAGs
[2024-06-26T07:07:41.108+0000] {logging_mixin.py:188} INFO - [2024-06-26T07:07:41.107+0000] {dag.py:3954} INFO - Setting next_dagrun for latest_only to 2024-06-26 00:00:00+00:00, run_after=2024-06-26 04:00:00+00:00
[2024-06-26T07:07:41.184+0000] {processor.py:183} INFO - Processing /home/airflow/.local/lib/python3.12/site-packages/airflow/example_dags/example_latest_only.py took 0.329 seconds
[2024-06-26T07:08:14.040+0000] {processor.py:161} INFO - Started process (PID=2774) to work on /home/airflow/.local/lib/python3.12/site-packages/airflow/example_dags/example_latest_only.py
[2024-06-26T07:08:14.044+0000] {processor.py:830} INFO - Processing file /home/airflow/.local/lib/python3.12/site-packages/airflow/example_dags/example_latest_only.py for tasks to queue
[2024-06-26T07:08:14.047+0000] {logging_mixin.py:188} INFO - [2024-06-26T07:08:14.046+0000] {dagbag.py:545} INFO - Filling up the DagBag from /home/airflow/.local/lib/python3.12/site-packages/airflow/example_dags/example_latest_only.py
[2024-06-26T07:08:14.060+0000] {processor.py:840} INFO - DAG(s) 'latest_only' retrieved from /home/airflow/.local/lib/python3.12/site-packages/airflow/example_dags/example_latest_only.py
[2024-06-26T07:08:14.131+0000] {logging_mixin.py:188} INFO - [2024-06-26T07:08:14.130+0000] {dag.py:3096} INFO - Sync 1 DAGs
[2024-06-26T07:08:14.235+0000] {logging_mixin.py:188} INFO - [2024-06-26T07:08:14.235+0000] {dag.py:3954} INFO - Setting next_dagrun for latest_only to 2024-06-26 00:00:00+00:00, run_after=2024-06-26 04:00:00+00:00
[2024-06-26T07:08:14.301+0000] {processor.py:183} INFO - Processing /home/airflow/.local/lib/python3.12/site-packages/airflow/example_dags/example_latest_only.py took 0.273 seconds
[2024-06-26T07:08:46.684+0000] {processor.py:161} INFO - Started process (PID=2836) to work on /home/airflow/.local/lib/python3.12/site-packages/airflow/example_dags/example_latest_only.py
[2024-06-26T07:08:46.692+0000] {processor.py:830} INFO - Processing file /home/airflow/.local/lib/python3.12/site-packages/airflow/example_dags/example_latest_only.py for tasks to queue
[2024-06-26T07:08:46.698+0000] {logging_mixin.py:188} INFO - [2024-06-26T07:08:46.697+0000] {dagbag.py:545} INFO - Filling up the DagBag from /home/airflow/.local/lib/python3.12/site-packages/airflow/example_dags/example_latest_only.py
[2024-06-26T07:08:46.753+0000] {processor.py:840} INFO - DAG(s) 'latest_only' retrieved from /home/airflow/.local/lib/python3.12/site-packages/airflow/example_dags/example_latest_only.py
[2024-06-26T07:08:46.884+0000] {logging_mixin.py:188} INFO - [2024-06-26T07:08:46.883+0000] {dag.py:3096} INFO - Sync 1 DAGs
[2024-06-26T07:08:47.115+0000] {logging_mixin.py:188} INFO - [2024-06-26T07:08:47.113+0000] {dag.py:3954} INFO - Setting next_dagrun for latest_only to 2024-06-26 00:00:00+00:00, run_after=2024-06-26 04:00:00+00:00
[2024-06-26T07:08:47.467+0000] {processor.py:183} INFO - Processing /home/airflow/.local/lib/python3.12/site-packages/airflow/example_dags/example_latest_only.py took 0.824 seconds
[2024-06-26T07:09:29.846+0000] {processor.py:161} INFO - Started process (PID=2899) to work on /home/airflow/.local/lib/python3.12/site-packages/airflow/example_dags/example_latest_only.py
[2024-06-26T07:09:29.883+0000] {processor.py:830} INFO - Processing file /home/airflow/.local/lib/python3.12/site-packages/airflow/example_dags/example_latest_only.py for tasks to queue
[2024-06-26T07:09:29.924+0000] {logging_mixin.py:188} INFO - [2024-06-26T07:09:29.923+0000] {dagbag.py:545} INFO - Filling up the DagBag from /home/airflow/.local/lib/python3.12/site-packages/airflow/example_dags/example_latest_only.py
[2024-06-26T07:09:30.051+0000] {processor.py:840} INFO - DAG(s) 'latest_only' retrieved from /home/airflow/.local/lib/python3.12/site-packages/airflow/example_dags/example_latest_only.py
[2024-06-26T07:09:30.258+0000] {logging_mixin.py:188} INFO - [2024-06-26T07:09:30.257+0000] {dag.py:3096} INFO - Sync 1 DAGs
[2024-06-26T07:09:30.607+0000] {logging_mixin.py:188} INFO - [2024-06-26T07:09:30.606+0000] {dag.py:3954} INFO - Setting next_dagrun for latest_only to 2024-06-26 00:00:00+00:00, run_after=2024-06-26 04:00:00+00:00
[2024-06-26T07:09:30.903+0000] {processor.py:183} INFO - Processing /home/airflow/.local/lib/python3.12/site-packages/airflow/example_dags/example_latest_only.py took 1.083 seconds
[2024-06-26T07:10:38.027+0000] {processor.py:161} INFO - Started process (PID=2957) to work on /home/airflow/.local/lib/python3.12/site-packages/airflow/example_dags/example_latest_only.py
[2024-06-26T07:10:38.034+0000] {processor.py:830} INFO - Processing file /home/airflow/.local/lib/python3.12/site-packages/airflow/example_dags/example_latest_only.py for tasks to queue
[2024-06-26T07:10:38.039+0000] {logging_mixin.py:188} INFO - [2024-06-26T07:10:38.038+0000] {dagbag.py:545} INFO - Filling up the DagBag from /home/airflow/.local/lib/python3.12/site-packages/airflow/example_dags/example_latest_only.py
[2024-06-26T07:10:38.063+0000] {processor.py:840} INFO - DAG(s) 'latest_only' retrieved from /home/airflow/.local/lib/python3.12/site-packages/airflow/example_dags/example_latest_only.py
[2024-06-26T07:10:38.150+0000] {logging_mixin.py:188} INFO - [2024-06-26T07:10:38.150+0000] {dag.py:3096} INFO - Sync 1 DAGs
[2024-06-26T07:10:38.250+0000] {logging_mixin.py:188} INFO - [2024-06-26T07:10:38.249+0000] {dag.py:3954} INFO - Setting next_dagrun for latest_only to 2024-06-26 00:00:00+00:00, run_after=2024-06-26 04:00:00+00:00
[2024-06-26T07:10:38.327+0000] {processor.py:183} INFO - Processing /home/airflow/.local/lib/python3.12/site-packages/airflow/example_dags/example_latest_only.py took 0.321 seconds
[2024-06-26T07:11:08.697+0000] {processor.py:161} INFO - Started process (PID=3020) to work on /home/airflow/.local/lib/python3.12/site-packages/airflow/example_dags/example_latest_only.py
[2024-06-26T07:11:08.701+0000] {processor.py:830} INFO - Processing file /home/airflow/.local/lib/python3.12/site-packages/airflow/example_dags/example_latest_only.py for tasks to queue
[2024-06-26T07:11:08.705+0000] {logging_mixin.py:188} INFO - [2024-06-26T07:11:08.704+0000] {dagbag.py:545} INFO - Filling up the DagBag from /home/airflow/.local/lib/python3.12/site-packages/airflow/example_dags/example_latest_only.py
[2024-06-26T07:11:08.724+0000] {processor.py:840} INFO - DAG(s) 'latest_only' retrieved from /home/airflow/.local/lib/python3.12/site-packages/airflow/example_dags/example_latest_only.py
[2024-06-26T07:11:08.805+0000] {logging_mixin.py:188} INFO - [2024-06-26T07:11:08.804+0000] {dag.py:3096} INFO - Sync 1 DAGs
[2024-06-26T07:11:08.898+0000] {logging_mixin.py:188} INFO - [2024-06-26T07:11:08.898+0000] {dag.py:3954} INFO - Setting next_dagrun for latest_only to 2024-06-26 00:00:00+00:00, run_after=2024-06-26 04:00:00+00:00
[2024-06-26T07:11:08.982+0000] {processor.py:183} INFO - Processing /home/airflow/.local/lib/python3.12/site-packages/airflow/example_dags/example_latest_only.py took 0.304 seconds
[2024-06-26T07:11:43.972+0000] {processor.py:161} INFO - Started process (PID=3083) to work on /home/airflow/.local/lib/python3.12/site-packages/airflow/example_dags/example_latest_only.py
[2024-06-26T07:11:43.978+0000] {processor.py:830} INFO - Processing file /home/airflow/.local/lib/python3.12/site-packages/airflow/example_dags/example_latest_only.py for tasks to queue
[2024-06-26T07:11:43.984+0000] {logging_mixin.py:188} INFO - [2024-06-26T07:11:43.981+0000] {dagbag.py:545} INFO - Filling up the DagBag from /home/airflow/.local/lib/python3.12/site-packages/airflow/example_dags/example_latest_only.py
[2024-06-26T07:11:44.013+0000] {processor.py:840} INFO - DAG(s) 'latest_only' retrieved from /home/airflow/.local/lib/python3.12/site-packages/airflow/example_dags/example_latest_only.py
[2024-06-26T07:11:44.132+0000] {logging_mixin.py:188} INFO - [2024-06-26T07:11:44.129+0000] {dag.py:3096} INFO - Sync 1 DAGs
[2024-06-26T07:11:44.317+0000] {logging_mixin.py:188} INFO - [2024-06-26T07:11:44.316+0000] {dag.py:3954} INFO - Setting next_dagrun for latest_only to 2024-06-26 00:00:00+00:00, run_after=2024-06-26 04:00:00+00:00
[2024-06-26T07:11:44.425+0000] {processor.py:183} INFO - Processing /home/airflow/.local/lib/python3.12/site-packages/airflow/example_dags/example_latest_only.py took 0.489 seconds
[2024-06-26T07:12:18.265+0000] {processor.py:161} INFO - Started process (PID=3146) to work on /home/airflow/.local/lib/python3.12/site-packages/airflow/example_dags/example_latest_only.py
[2024-06-26T07:12:18.268+0000] {processor.py:830} INFO - Processing file /home/airflow/.local/lib/python3.12/site-packages/airflow/example_dags/example_latest_only.py for tasks to queue
[2024-06-26T07:12:18.272+0000] {logging_mixin.py:188} INFO - [2024-06-26T07:12:18.271+0000] {dagbag.py:545} INFO - Filling up the DagBag from /home/airflow/.local/lib/python3.12/site-packages/airflow/example_dags/example_latest_only.py
[2024-06-26T07:12:18.294+0000] {processor.py:840} INFO - DAG(s) 'latest_only' retrieved from /home/airflow/.local/lib/python3.12/site-packages/airflow/example_dags/example_latest_only.py
[2024-06-26T07:12:18.396+0000] {logging_mixin.py:188} INFO - [2024-06-26T07:12:18.395+0000] {dag.py:3096} INFO - Sync 1 DAGs
[2024-06-26T07:12:18.508+0000] {logging_mixin.py:188} INFO - [2024-06-26T07:12:18.507+0000] {dag.py:3954} INFO - Setting next_dagrun for latest_only to 2024-06-26 00:00:00+00:00, run_after=2024-06-26 04:00:00+00:00
[2024-06-26T07:12:18.614+0000] {processor.py:183} INFO - Processing /home/airflow/.local/lib/python3.12/site-packages/airflow/example_dags/example_latest_only.py took 0.369 seconds
[2024-06-26T07:13:19.134+0000] {processor.py:161} INFO - Started process (PID=3224) to work on /home/airflow/.local/lib/python3.12/site-packages/airflow/example_dags/example_latest_only.py
[2024-06-26T07:13:19.137+0000] {processor.py:830} INFO - Processing file /home/airflow/.local/lib/python3.12/site-packages/airflow/example_dags/example_latest_only.py for tasks to queue
[2024-06-26T07:13:19.141+0000] {logging_mixin.py:188} INFO - [2024-06-26T07:13:19.140+0000] {dagbag.py:545} INFO - Filling up the DagBag from /home/airflow/.local/lib/python3.12/site-packages/airflow/example_dags/example_latest_only.py
[2024-06-26T07:13:19.158+0000] {processor.py:840} INFO - DAG(s) 'latest_only' retrieved from /home/airflow/.local/lib/python3.12/site-packages/airflow/example_dags/example_latest_only.py
[2024-06-26T07:13:19.227+0000] {logging_mixin.py:188} INFO - [2024-06-26T07:13:19.226+0000] {dag.py:3096} INFO - Sync 1 DAGs
[2024-06-26T07:13:19.315+0000] {logging_mixin.py:188} INFO - [2024-06-26T07:13:19.314+0000] {dag.py:3954} INFO - Setting next_dagrun for latest_only to 2024-06-26 00:00:00+00:00, run_after=2024-06-26 04:00:00+00:00
[2024-06-26T07:13:19.383+0000] {processor.py:183} INFO - Processing /home/airflow/.local/lib/python3.12/site-packages/airflow/example_dags/example_latest_only.py took 0.272 seconds
[2024-06-26T07:13:50.121+0000] {processor.py:161} INFO - Started process (PID=3287) to work on /home/airflow/.local/lib/python3.12/site-packages/airflow/example_dags/example_latest_only.py
[2024-06-26T07:13:50.125+0000] {processor.py:830} INFO - Processing file /home/airflow/.local/lib/python3.12/site-packages/airflow/example_dags/example_latest_only.py for tasks to queue
[2024-06-26T07:13:50.129+0000] {logging_mixin.py:188} INFO - [2024-06-26T07:13:50.127+0000] {dagbag.py:545} INFO - Filling up the DagBag from /home/airflow/.local/lib/python3.12/site-packages/airflow/example_dags/example_latest_only.py
[2024-06-26T07:13:50.147+0000] {processor.py:840} INFO - DAG(s) 'latest_only' retrieved from /home/airflow/.local/lib/python3.12/site-packages/airflow/example_dags/example_latest_only.py
[2024-06-26T07:13:50.263+0000] {logging_mixin.py:188} INFO - [2024-06-26T07:13:50.262+0000] {dag.py:3096} INFO - Sync 1 DAGs
[2024-06-26T07:13:50.407+0000] {logging_mixin.py:188} INFO - [2024-06-26T07:13:50.406+0000] {dag.py:3954} INFO - Setting next_dagrun for latest_only to 2024-06-26 00:00:00+00:00, run_after=2024-06-26 04:00:00+00:00
[2024-06-26T07:13:50.539+0000] {processor.py:183} INFO - Processing /home/airflow/.local/lib/python3.12/site-packages/airflow/example_dags/example_latest_only.py took 0.447 seconds
[2024-06-26T07:14:20.895+0000] {processor.py:161} INFO - Started process (PID=3350) to work on /home/airflow/.local/lib/python3.12/site-packages/airflow/example_dags/example_latest_only.py
[2024-06-26T07:14:20.899+0000] {processor.py:830} INFO - Processing file /home/airflow/.local/lib/python3.12/site-packages/airflow/example_dags/example_latest_only.py for tasks to queue
[2024-06-26T07:14:20.902+0000] {logging_mixin.py:188} INFO - [2024-06-26T07:14:20.901+0000] {dagbag.py:545} INFO - Filling up the DagBag from /home/airflow/.local/lib/python3.12/site-packages/airflow/example_dags/example_latest_only.py
[2024-06-26T07:14:20.921+0000] {processor.py:840} INFO - DAG(s) 'latest_only' retrieved from /home/airflow/.local/lib/python3.12/site-packages/airflow/example_dags/example_latest_only.py
[2024-06-26T07:14:20.987+0000] {logging_mixin.py:188} INFO - [2024-06-26T07:14:20.986+0000] {dag.py:3096} INFO - Sync 1 DAGs
[2024-06-26T07:14:21.084+0000] {logging_mixin.py:188} INFO - [2024-06-26T07:14:21.083+0000] {dag.py:3954} INFO - Setting next_dagrun for latest_only to 2024-06-26 00:00:00+00:00, run_after=2024-06-26 04:00:00+00:00
[2024-06-26T07:14:21.159+0000] {processor.py:183} INFO - Processing /home/airflow/.local/lib/python3.12/site-packages/airflow/example_dags/example_latest_only.py took 0.283 seconds
[2024-06-26T07:14:52.455+0000] {processor.py:161} INFO - Started process (PID=3413) to work on /home/airflow/.local/lib/python3.12/site-packages/airflow/example_dags/example_latest_only.py
[2024-06-26T07:14:52.468+0000] {processor.py:830} INFO - Processing file /home/airflow/.local/lib/python3.12/site-packages/airflow/example_dags/example_latest_only.py for tasks to queue
[2024-06-26T07:14:52.483+0000] {logging_mixin.py:188} INFO - [2024-06-26T07:14:52.476+0000] {dagbag.py:545} INFO - Filling up the DagBag from /home/airflow/.local/lib/python3.12/site-packages/airflow/example_dags/example_latest_only.py
[2024-06-26T07:14:52.550+0000] {processor.py:840} INFO - DAG(s) 'latest_only' retrieved from /home/airflow/.local/lib/python3.12/site-packages/airflow/example_dags/example_latest_only.py
[2024-06-26T07:14:52.815+0000] {logging_mixin.py:188} INFO - [2024-06-26T07:14:52.803+0000] {dag.py:3096} INFO - Sync 1 DAGs
[2024-06-26T07:14:53.258+0000] {logging_mixin.py:188} INFO - [2024-06-26T07:14:53.245+0000] {dag.py:3954} INFO - Setting next_dagrun for latest_only to 2024-06-26 00:00:00+00:00, run_after=2024-06-26 04:00:00+00:00
[2024-06-26T07:14:53.649+0000] {processor.py:183} INFO - Processing /home/airflow/.local/lib/python3.12/site-packages/airflow/example_dags/example_latest_only.py took 1.261 seconds
[2024-06-26T07:15:30.015+0000] {processor.py:161} INFO - Started process (PID=3482) to work on /home/airflow/.local/lib/python3.12/site-packages/airflow/example_dags/example_latest_only.py
[2024-06-26T07:15:30.029+0000] {processor.py:830} INFO - Processing file /home/airflow/.local/lib/python3.12/site-packages/airflow/example_dags/example_latest_only.py for tasks to queue
[2024-06-26T07:15:30.034+0000] {logging_mixin.py:188} INFO - [2024-06-26T07:15:30.033+0000] {dagbag.py:545} INFO - Filling up the DagBag from /home/airflow/.local/lib/python3.12/site-packages/airflow/example_dags/example_latest_only.py
[2024-06-26T07:15:30.109+0000] {processor.py:840} INFO - DAG(s) 'latest_only' retrieved from /home/airflow/.local/lib/python3.12/site-packages/airflow/example_dags/example_latest_only.py
[2024-06-26T07:15:30.344+0000] {logging_mixin.py:188} INFO - [2024-06-26T07:15:30.343+0000] {dag.py:3096} INFO - Sync 1 DAGs
[2024-06-26T07:15:30.695+0000] {logging_mixin.py:188} INFO - [2024-06-26T07:15:30.694+0000] {dag.py:3954} INFO - Setting next_dagrun for latest_only to 2024-06-26 00:00:00+00:00, run_after=2024-06-26 04:00:00+00:00
[2024-06-26T07:15:30.909+0000] {processor.py:183} INFO - Processing /home/airflow/.local/lib/python3.12/site-packages/airflow/example_dags/example_latest_only.py took 0.949 seconds
[2024-06-26T07:16:24.405+0000] {processor.py:161} INFO - Started process (PID=3549) to work on /home/airflow/.local/lib/python3.12/site-packages/airflow/example_dags/example_latest_only.py
[2024-06-26T07:16:24.419+0000] {processor.py:830} INFO - Processing file /home/airflow/.local/lib/python3.12/site-packages/airflow/example_dags/example_latest_only.py for tasks to queue
[2024-06-26T07:16:24.424+0000] {logging_mixin.py:188} INFO - [2024-06-26T07:16:24.422+0000] {dagbag.py:545} INFO - Filling up the DagBag from /home/airflow/.local/lib/python3.12/site-packages/airflow/example_dags/example_latest_only.py
[2024-06-26T07:16:24.487+0000] {processor.py:840} INFO - DAG(s) 'latest_only' retrieved from /home/airflow/.local/lib/python3.12/site-packages/airflow/example_dags/example_latest_only.py
[2024-06-26T07:16:24.680+0000] {logging_mixin.py:188} INFO - [2024-06-26T07:16:24.679+0000] {dag.py:3096} INFO - Sync 1 DAGs
[2024-06-26T07:16:25.018+0000] {logging_mixin.py:188} INFO - [2024-06-26T07:16:25.017+0000] {dag.py:3954} INFO - Setting next_dagrun for latest_only to 2024-06-26 00:00:00+00:00, run_after=2024-06-26 04:00:00+00:00
[2024-06-26T07:16:25.265+0000] {processor.py:183} INFO - Processing /home/airflow/.local/lib/python3.12/site-packages/airflow/example_dags/example_latest_only.py took 0.927 seconds
[2024-06-26T07:39:18.193+0000] {processor.py:161} INFO - Started process (PID=82) to work on /home/airflow/.local/lib/python3.12/site-packages/airflow/example_dags/example_latest_only.py
[2024-06-26T07:39:18.195+0000] {processor.py:830} INFO - Processing file /home/airflow/.local/lib/python3.12/site-packages/airflow/example_dags/example_latest_only.py for tasks to queue
[2024-06-26T07:39:18.199+0000] {logging_mixin.py:188} INFO - [2024-06-26T07:39:18.198+0000] {dagbag.py:545} INFO - Filling up the DagBag from /home/airflow/.local/lib/python3.12/site-packages/airflow/example_dags/example_latest_only.py
[2024-06-26T07:39:18.216+0000] {processor.py:840} INFO - DAG(s) 'latest_only' retrieved from /home/airflow/.local/lib/python3.12/site-packages/airflow/example_dags/example_latest_only.py
[2024-06-26T07:39:18.477+0000] {logging_mixin.py:188} INFO - [2024-06-26T07:39:18.476+0000] {dag.py:3096} INFO - Sync 1 DAGs
[2024-06-26T07:39:18.527+0000] {logging_mixin.py:188} INFO - [2024-06-26T07:39:18.526+0000] {dag.py:3954} INFO - Setting next_dagrun for latest_only to 2024-06-26 00:00:00+00:00, run_after=2024-06-26 04:00:00+00:00
[2024-06-26T07:39:18.577+0000] {processor.py:183} INFO - Processing /home/airflow/.local/lib/python3.12/site-packages/airflow/example_dags/example_latest_only.py took 0.398 seconds
[2024-06-26T07:39:49.339+0000] {processor.py:161} INFO - Started process (PID=147) to work on /home/airflow/.local/lib/python3.12/site-packages/airflow/example_dags/example_latest_only.py
[2024-06-26T07:39:49.340+0000] {processor.py:830} INFO - Processing file /home/airflow/.local/lib/python3.12/site-packages/airflow/example_dags/example_latest_only.py for tasks to queue
[2024-06-26T07:39:49.342+0000] {logging_mixin.py:188} INFO - [2024-06-26T07:39:49.342+0000] {dagbag.py:545} INFO - Filling up the DagBag from /home/airflow/.local/lib/python3.12/site-packages/airflow/example_dags/example_latest_only.py
[2024-06-26T07:39:49.347+0000] {processor.py:840} INFO - DAG(s) 'latest_only' retrieved from /home/airflow/.local/lib/python3.12/site-packages/airflow/example_dags/example_latest_only.py
[2024-06-26T07:39:49.369+0000] {logging_mixin.py:188} INFO - [2024-06-26T07:39:49.369+0000] {dag.py:3096} INFO - Sync 1 DAGs
[2024-06-26T07:39:49.396+0000] {logging_mixin.py:188} INFO - [2024-06-26T07:39:49.395+0000] {dag.py:3954} INFO - Setting next_dagrun for latest_only to 2024-06-26 00:00:00+00:00, run_after=2024-06-26 04:00:00+00:00
[2024-06-26T07:39:49.417+0000] {processor.py:183} INFO - Processing /home/airflow/.local/lib/python3.12/site-packages/airflow/example_dags/example_latest_only.py took 0.084 seconds
[2024-06-26T07:40:57.511+0000] {processor.py:161} INFO - Started process (PID=220) to work on /home/airflow/.local/lib/python3.12/site-packages/airflow/example_dags/example_latest_only.py
[2024-06-26T07:40:57.515+0000] {processor.py:830} INFO - Processing file /home/airflow/.local/lib/python3.12/site-packages/airflow/example_dags/example_latest_only.py for tasks to queue
[2024-06-26T07:40:57.523+0000] {logging_mixin.py:188} INFO - [2024-06-26T07:40:57.521+0000] {dagbag.py:545} INFO - Filling up the DagBag from /home/airflow/.local/lib/python3.12/site-packages/airflow/example_dags/example_latest_only.py
[2024-06-26T07:40:57.563+0000] {processor.py:840} INFO - DAG(s) 'latest_only' retrieved from /home/airflow/.local/lib/python3.12/site-packages/airflow/example_dags/example_latest_only.py
[2024-06-26T07:40:57.953+0000] {logging_mixin.py:188} INFO - [2024-06-26T07:40:57.940+0000] {dag.py:3096} INFO - Sync 1 DAGs
[2024-06-26T07:40:58.432+0000] {logging_mixin.py:188} INFO - [2024-06-26T07:40:58.419+0000] {dag.py:3954} INFO - Setting next_dagrun for latest_only to 2024-06-26 00:00:00+00:00, run_after=2024-06-26 04:00:00+00:00
[2024-06-26T07:40:58.753+0000] {processor.py:183} INFO - Processing /home/airflow/.local/lib/python3.12/site-packages/airflow/example_dags/example_latest_only.py took 1.282 seconds
[2024-06-26T07:42:26.604+0000] {processor.py:161} INFO - Started process (PID=301) to work on /home/airflow/.local/lib/python3.12/site-packages/airflow/example_dags/example_latest_only.py
[2024-06-26T07:42:26.613+0000] {processor.py:830} INFO - Processing file /home/airflow/.local/lib/python3.12/site-packages/airflow/example_dags/example_latest_only.py for tasks to queue
[2024-06-26T07:42:26.620+0000] {logging_mixin.py:188} INFO - [2024-06-26T07:42:26.619+0000] {dagbag.py:545} INFO - Filling up the DagBag from /home/airflow/.local/lib/python3.12/site-packages/airflow/example_dags/example_latest_only.py
[2024-06-26T07:42:26.687+0000] {processor.py:840} INFO - DAG(s) 'latest_only' retrieved from /home/airflow/.local/lib/python3.12/site-packages/airflow/example_dags/example_latest_only.py
[2024-06-26T07:42:26.913+0000] {logging_mixin.py:188} INFO - [2024-06-26T07:42:26.912+0000] {dag.py:3096} INFO - Sync 1 DAGs
[2024-06-26T07:42:27.193+0000] {logging_mixin.py:188} INFO - [2024-06-26T07:42:27.192+0000] {dag.py:3954} INFO - Setting next_dagrun for latest_only to 2024-06-26 00:00:00+00:00, run_after=2024-06-26 04:00:00+00:00
[2024-06-26T07:42:27.605+0000] {processor.py:183} INFO - Processing /home/airflow/.local/lib/python3.12/site-packages/airflow/example_dags/example_latest_only.py took 1.084 seconds
[2024-06-26T07:47:39.729+0000] {processor.py:161} INFO - Started process (PID=437) to work on /home/airflow/.local/lib/python3.12/site-packages/airflow/example_dags/example_latest_only.py
[2024-06-26T07:47:39.750+0000] {processor.py:830} INFO - Processing file /home/airflow/.local/lib/python3.12/site-packages/airflow/example_dags/example_latest_only.py for tasks to queue
[2024-06-26T07:47:39.776+0000] {logging_mixin.py:188} INFO - [2024-06-26T07:47:39.766+0000] {dagbag.py:545} INFO - Filling up the DagBag from /home/airflow/.local/lib/python3.12/site-packages/airflow/example_dags/example_latest_only.py
[2024-06-26T07:47:39.839+0000] {processor.py:840} INFO - DAG(s) 'latest_only' retrieved from /home/airflow/.local/lib/python3.12/site-packages/airflow/example_dags/example_latest_only.py
[2024-06-26T07:47:40.182+0000] {logging_mixin.py:188} INFO - [2024-06-26T07:47:40.181+0000] {dag.py:3096} INFO - Sync 1 DAGs
[2024-06-26T07:47:40.842+0000] {logging_mixin.py:188} INFO - [2024-06-26T07:47:40.840+0000] {dag.py:3954} INFO - Setting next_dagrun for latest_only to 2024-06-26 00:00:00+00:00, run_after=2024-06-26 04:00:00+00:00
[2024-06-26T07:47:41.241+0000] {processor.py:183} INFO - Processing /home/airflow/.local/lib/python3.12/site-packages/airflow/example_dags/example_latest_only.py took 1.613 seconds
