[2024-06-26T06:06:38.526+0000] {processor.py:161} INFO - Started process (PID=130) to work on /home/airflow/.local/lib/python3.12/site-packages/airflow/example_dags/tutorial.py
[2024-06-26T06:06:38.531+0000] {processor.py:830} INFO - Processing file /home/airflow/.local/lib/python3.12/site-packages/airflow/example_dags/tutorial.py for tasks to queue
[2024-06-26T06:06:38.542+0000] {logging_mixin.py:188} INFO - [2024-06-26T06:06:38.541+0000] {dagbag.py:545} INFO - Filling up the DagBag from /home/airflow/.local/lib/python3.12/site-packages/airflow/example_dags/tutorial.py
[2024-06-26T06:06:38.579+0000] {processor.py:840} INFO - DAG(s) 'tutorial' retrieved from /home/airflow/.local/lib/python3.12/site-packages/airflow/example_dags/tutorial.py
[2024-06-26T06:06:38.787+0000] {logging_mixin.py:188} INFO - [2024-06-26T06:06:38.773+0000] {dag.py:3096} INFO - Sync 1 DAGs
[2024-06-26T06:06:39.734+0000] {logging_mixin.py:188} INFO - [2024-06-26T06:06:39.733+0000] {dag.py:3954} INFO - Setting next_dagrun for tutorial to 2024-06-25 00:00:00+00:00, run_after=2024-06-26 00:00:00+00:00
[2024-06-26T06:06:40.213+0000] {processor.py:183} INFO - Processing /home/airflow/.local/lib/python3.12/site-packages/airflow/example_dags/tutorial.py took 1.722 seconds
[2024-06-26T06:08:22.557+0000] {processor.py:161} INFO - Started process (PID=209) to work on /home/airflow/.local/lib/python3.12/site-packages/airflow/example_dags/tutorial.py
[2024-06-26T06:08:22.635+0000] {processor.py:830} INFO - Processing file /home/airflow/.local/lib/python3.12/site-packages/airflow/example_dags/tutorial.py for tasks to queue
[2024-06-26T06:08:22.669+0000] {logging_mixin.py:188} INFO - [2024-06-26T06:08:22.655+0000] {dagbag.py:545} INFO - Filling up the DagBag from /home/airflow/.local/lib/python3.12/site-packages/airflow/example_dags/tutorial.py
[2024-06-26T06:08:22.800+0000] {processor.py:840} INFO - DAG(s) 'tutorial' retrieved from /home/airflow/.local/lib/python3.12/site-packages/airflow/example_dags/tutorial.py
[2024-06-26T06:08:23.157+0000] {logging_mixin.py:188} INFO - [2024-06-26T06:08:23.156+0000] {dag.py:3096} INFO - Sync 1 DAGs
[2024-06-26T06:08:23.534+0000] {logging_mixin.py:188} INFO - [2024-06-26T06:08:23.533+0000] {dag.py:3954} INFO - Setting next_dagrun for tutorial to 2024-06-25 00:00:00+00:00, run_after=2024-06-26 00:00:00+00:00
[2024-06-26T06:08:23.830+0000] {processor.py:183} INFO - Processing /home/airflow/.local/lib/python3.12/site-packages/airflow/example_dags/tutorial.py took 1.377 seconds
[2024-06-26T06:22:22.682+0000] {processor.py:161} INFO - Started process (PID=128) to work on /home/airflow/.local/lib/python3.12/site-packages/airflow/example_dags/tutorial.py
[2024-06-26T06:22:22.735+0000] {processor.py:830} INFO - Processing file /home/airflow/.local/lib/python3.12/site-packages/airflow/example_dags/tutorial.py for tasks to queue
[2024-06-26T06:22:22.793+0000] {logging_mixin.py:188} INFO - [2024-06-26T06:22:22.792+0000] {dagbag.py:545} INFO - Filling up the DagBag from /home/airflow/.local/lib/python3.12/site-packages/airflow/example_dags/tutorial.py
[2024-06-26T06:22:22.860+0000] {processor.py:840} INFO - DAG(s) 'tutorial' retrieved from /home/airflow/.local/lib/python3.12/site-packages/airflow/example_dags/tutorial.py
[2024-06-26T06:22:23.210+0000] {logging_mixin.py:188} INFO - [2024-06-26T06:22:23.209+0000] {dag.py:3096} INFO - Sync 1 DAGs
[2024-06-26T06:22:23.582+0000] {logging_mixin.py:188} INFO - [2024-06-26T06:22:23.581+0000] {dag.py:3954} INFO - Setting next_dagrun for tutorial to 2024-06-25 00:00:00+00:00, run_after=2024-06-26 00:00:00+00:00
[2024-06-26T06:22:23.910+0000] {processor.py:183} INFO - Processing /home/airflow/.local/lib/python3.12/site-packages/airflow/example_dags/tutorial.py took 1.292 seconds
[2024-06-26T06:24:17.686+0000] {processor.py:161} INFO - Started process (PID=224) to work on /home/airflow/.local/lib/python3.12/site-packages/airflow/example_dags/tutorial.py
[2024-06-26T06:24:17.846+0000] {processor.py:830} INFO - Processing file /home/airflow/.local/lib/python3.12/site-packages/airflow/example_dags/tutorial.py for tasks to queue
[2024-06-26T06:24:17.879+0000] {logging_mixin.py:188} INFO - [2024-06-26T06:24:17.878+0000] {dagbag.py:545} INFO - Filling up the DagBag from /home/airflow/.local/lib/python3.12/site-packages/airflow/example_dags/tutorial.py
[2024-06-26T06:24:17.989+0000] {processor.py:840} INFO - DAG(s) 'tutorial' retrieved from /home/airflow/.local/lib/python3.12/site-packages/airflow/example_dags/tutorial.py
[2024-06-26T06:24:20.201+0000] {logging_mixin.py:188} INFO - [2024-06-26T06:24:20.186+0000] {dag.py:3096} INFO - Sync 1 DAGs
[2024-06-26T06:24:20.707+0000] {logging_mixin.py:188} INFO - [2024-06-26T06:24:20.706+0000] {dag.py:3954} INFO - Setting next_dagrun for tutorial to 2024-06-25 00:00:00+00:00, run_after=2024-06-26 00:00:00+00:00
[2024-06-26T06:24:21.135+0000] {processor.py:183} INFO - Processing /home/airflow/.local/lib/python3.12/site-packages/airflow/example_dags/tutorial.py took 3.530 seconds
[2024-06-26T06:25:32.420+0000] {processor.py:161} INFO - Started process (PID=303) to work on /home/airflow/.local/lib/python3.12/site-packages/airflow/example_dags/tutorial.py
[2024-06-26T06:25:32.425+0000] {processor.py:830} INFO - Processing file /home/airflow/.local/lib/python3.12/site-packages/airflow/example_dags/tutorial.py for tasks to queue
[2024-06-26T06:25:32.432+0000] {logging_mixin.py:188} INFO - [2024-06-26T06:25:32.431+0000] {dagbag.py:545} INFO - Filling up the DagBag from /home/airflow/.local/lib/python3.12/site-packages/airflow/example_dags/tutorial.py
[2024-06-26T06:25:32.457+0000] {processor.py:840} INFO - DAG(s) 'tutorial' retrieved from /home/airflow/.local/lib/python3.12/site-packages/airflow/example_dags/tutorial.py
[2024-06-26T06:25:32.533+0000] {logging_mixin.py:188} INFO - [2024-06-26T06:25:32.532+0000] {dag.py:3096} INFO - Sync 1 DAGs
[2024-06-26T06:25:32.632+0000] {logging_mixin.py:188} INFO - [2024-06-26T06:25:32.631+0000] {dag.py:3954} INFO - Setting next_dagrun for tutorial to 2024-06-25 00:00:00+00:00, run_after=2024-06-26 00:00:00+00:00
[2024-06-26T06:25:32.736+0000] {processor.py:183} INFO - Processing /home/airflow/.local/lib/python3.12/site-packages/airflow/example_dags/tutorial.py took 0.337 seconds
[2024-06-26T06:26:03.453+0000] {processor.py:161} INFO - Started process (PID=365) to work on /home/airflow/.local/lib/python3.12/site-packages/airflow/example_dags/tutorial.py
[2024-06-26T06:26:03.458+0000] {processor.py:830} INFO - Processing file /home/airflow/.local/lib/python3.12/site-packages/airflow/example_dags/tutorial.py for tasks to queue
[2024-06-26T06:26:03.464+0000] {logging_mixin.py:188} INFO - [2024-06-26T06:26:03.462+0000] {dagbag.py:545} INFO - Filling up the DagBag from /home/airflow/.local/lib/python3.12/site-packages/airflow/example_dags/tutorial.py
[2024-06-26T06:26:03.481+0000] {processor.py:840} INFO - DAG(s) 'tutorial' retrieved from /home/airflow/.local/lib/python3.12/site-packages/airflow/example_dags/tutorial.py
[2024-06-26T06:26:03.551+0000] {logging_mixin.py:188} INFO - [2024-06-26T06:26:03.550+0000] {dag.py:3096} INFO - Sync 1 DAGs
[2024-06-26T06:26:03.663+0000] {logging_mixin.py:188} INFO - [2024-06-26T06:26:03.662+0000] {dag.py:3954} INFO - Setting next_dagrun for tutorial to 2024-06-25 00:00:00+00:00, run_after=2024-06-26 00:00:00+00:00
[2024-06-26T06:26:03.759+0000] {processor.py:183} INFO - Processing /home/airflow/.local/lib/python3.12/site-packages/airflow/example_dags/tutorial.py took 0.323 seconds
[2024-06-26T06:41:07.130+0000] {processor.py:161} INFO - Started process (PID=111) to work on /home/airflow/.local/lib/python3.12/site-packages/airflow/example_dags/tutorial.py
[2024-06-26T06:41:07.134+0000] {processor.py:830} INFO - Processing file /home/airflow/.local/lib/python3.12/site-packages/airflow/example_dags/tutorial.py for tasks to queue
[2024-06-26T06:41:07.140+0000] {logging_mixin.py:188} INFO - [2024-06-26T06:41:07.139+0000] {dagbag.py:545} INFO - Filling up the DagBag from /home/airflow/.local/lib/python3.12/site-packages/airflow/example_dags/tutorial.py
[2024-06-26T06:41:07.159+0000] {processor.py:840} INFO - DAG(s) 'tutorial' retrieved from /home/airflow/.local/lib/python3.12/site-packages/airflow/example_dags/tutorial.py
[2024-06-26T06:41:07.401+0000] {logging_mixin.py:188} INFO - [2024-06-26T06:41:07.401+0000] {dag.py:3096} INFO - Sync 1 DAGs
[2024-06-26T06:41:07.445+0000] {logging_mixin.py:188} INFO - [2024-06-26T06:41:07.444+0000] {dag.py:3954} INFO - Setting next_dagrun for tutorial to 2024-06-25 00:00:00+00:00, run_after=2024-06-26 00:00:00+00:00
[2024-06-26T06:41:07.489+0000] {processor.py:183} INFO - Processing /home/airflow/.local/lib/python3.12/site-packages/airflow/example_dags/tutorial.py took 0.375 seconds
[2024-06-26T06:41:38.076+0000] {processor.py:161} INFO - Started process (PID=173) to work on /home/airflow/.local/lib/python3.12/site-packages/airflow/example_dags/tutorial.py
[2024-06-26T06:41:38.077+0000] {processor.py:830} INFO - Processing file /home/airflow/.local/lib/python3.12/site-packages/airflow/example_dags/tutorial.py for tasks to queue
[2024-06-26T06:41:38.079+0000] {logging_mixin.py:188} INFO - [2024-06-26T06:41:38.079+0000] {dagbag.py:545} INFO - Filling up the DagBag from /home/airflow/.local/lib/python3.12/site-packages/airflow/example_dags/tutorial.py
[2024-06-26T06:41:38.084+0000] {processor.py:840} INFO - DAG(s) 'tutorial' retrieved from /home/airflow/.local/lib/python3.12/site-packages/airflow/example_dags/tutorial.py
[2024-06-26T06:41:38.100+0000] {logging_mixin.py:188} INFO - [2024-06-26T06:41:38.100+0000] {dag.py:3096} INFO - Sync 1 DAGs
[2024-06-26T06:41:38.118+0000] {logging_mixin.py:188} INFO - [2024-06-26T06:41:38.118+0000] {dag.py:3954} INFO - Setting next_dagrun for tutorial to 2024-06-25 00:00:00+00:00, run_after=2024-06-26 00:00:00+00:00
[2024-06-26T06:41:38.137+0000] {processor.py:183} INFO - Processing /home/airflow/.local/lib/python3.12/site-packages/airflow/example_dags/tutorial.py took 0.065 seconds
[2024-06-26T06:42:08.296+0000] {processor.py:161} INFO - Started process (PID=235) to work on /home/airflow/.local/lib/python3.12/site-packages/airflow/example_dags/tutorial.py
[2024-06-26T06:42:08.297+0000] {processor.py:830} INFO - Processing file /home/airflow/.local/lib/python3.12/site-packages/airflow/example_dags/tutorial.py for tasks to queue
[2024-06-26T06:42:08.298+0000] {logging_mixin.py:188} INFO - [2024-06-26T06:42:08.298+0000] {dagbag.py:545} INFO - Filling up the DagBag from /home/airflow/.local/lib/python3.12/site-packages/airflow/example_dags/tutorial.py
[2024-06-26T06:42:08.304+0000] {processor.py:840} INFO - DAG(s) 'tutorial' retrieved from /home/airflow/.local/lib/python3.12/site-packages/airflow/example_dags/tutorial.py
[2024-06-26T06:42:08.321+0000] {logging_mixin.py:188} INFO - [2024-06-26T06:42:08.321+0000] {dag.py:3096} INFO - Sync 1 DAGs
[2024-06-26T06:42:08.340+0000] {logging_mixin.py:188} INFO - [2024-06-26T06:42:08.339+0000] {dag.py:3954} INFO - Setting next_dagrun for tutorial to 2024-06-25 00:00:00+00:00, run_after=2024-06-26 00:00:00+00:00
[2024-06-26T06:42:08.358+0000] {processor.py:183} INFO - Processing /home/airflow/.local/lib/python3.12/site-packages/airflow/example_dags/tutorial.py took 0.067 seconds
[2024-06-26T06:42:38.967+0000] {processor.py:161} INFO - Started process (PID=297) to work on /home/airflow/.local/lib/python3.12/site-packages/airflow/example_dags/tutorial.py
[2024-06-26T06:42:38.970+0000] {processor.py:830} INFO - Processing file /home/airflow/.local/lib/python3.12/site-packages/airflow/example_dags/tutorial.py for tasks to queue
[2024-06-26T06:42:38.974+0000] {logging_mixin.py:188} INFO - [2024-06-26T06:42:38.973+0000] {dagbag.py:545} INFO - Filling up the DagBag from /home/airflow/.local/lib/python3.12/site-packages/airflow/example_dags/tutorial.py
[2024-06-26T06:42:38.986+0000] {processor.py:840} INFO - DAG(s) 'tutorial' retrieved from /home/airflow/.local/lib/python3.12/site-packages/airflow/example_dags/tutorial.py
[2024-06-26T06:42:39.023+0000] {logging_mixin.py:188} INFO - [2024-06-26T06:42:39.022+0000] {dag.py:3096} INFO - Sync 1 DAGs
[2024-06-26T06:42:39.068+0000] {logging_mixin.py:188} INFO - [2024-06-26T06:42:39.068+0000] {dag.py:3954} INFO - Setting next_dagrun for tutorial to 2024-06-25 00:00:00+00:00, run_after=2024-06-26 00:00:00+00:00
[2024-06-26T06:42:39.109+0000] {processor.py:183} INFO - Processing /home/airflow/.local/lib/python3.12/site-packages/airflow/example_dags/tutorial.py took 0.153 seconds
[2024-06-26T06:43:10.184+0000] {processor.py:161} INFO - Started process (PID=359) to work on /home/airflow/.local/lib/python3.12/site-packages/airflow/example_dags/tutorial.py
[2024-06-26T06:43:10.189+0000] {processor.py:830} INFO - Processing file /home/airflow/.local/lib/python3.12/site-packages/airflow/example_dags/tutorial.py for tasks to queue
[2024-06-26T06:43:10.198+0000] {logging_mixin.py:188} INFO - [2024-06-26T06:43:10.196+0000] {dagbag.py:545} INFO - Filling up the DagBag from /home/airflow/.local/lib/python3.12/site-packages/airflow/example_dags/tutorial.py
[2024-06-26T06:43:10.227+0000] {processor.py:840} INFO - DAG(s) 'tutorial' retrieved from /home/airflow/.local/lib/python3.12/site-packages/airflow/example_dags/tutorial.py
[2024-06-26T06:43:10.339+0000] {logging_mixin.py:188} INFO - [2024-06-26T06:43:10.338+0000] {dag.py:3096} INFO - Sync 1 DAGs
[2024-06-26T06:43:10.539+0000] {logging_mixin.py:188} INFO - [2024-06-26T06:43:10.538+0000] {dag.py:3954} INFO - Setting next_dagrun for tutorial to 2024-06-25 00:00:00+00:00, run_after=2024-06-26 00:00:00+00:00
[2024-06-26T06:43:10.923+0000] {processor.py:183} INFO - Processing /home/airflow/.local/lib/python3.12/site-packages/airflow/example_dags/tutorial.py took 0.765 seconds
[2024-06-26T06:43:41.471+0000] {processor.py:161} INFO - Started process (PID=421) to work on /home/airflow/.local/lib/python3.12/site-packages/airflow/example_dags/tutorial.py
[2024-06-26T06:43:41.473+0000] {processor.py:830} INFO - Processing file /home/airflow/.local/lib/python3.12/site-packages/airflow/example_dags/tutorial.py for tasks to queue
[2024-06-26T06:43:41.476+0000] {logging_mixin.py:188} INFO - [2024-06-26T06:43:41.475+0000] {dagbag.py:545} INFO - Filling up the DagBag from /home/airflow/.local/lib/python3.12/site-packages/airflow/example_dags/tutorial.py
[2024-06-26T06:43:41.484+0000] {processor.py:840} INFO - DAG(s) 'tutorial' retrieved from /home/airflow/.local/lib/python3.12/site-packages/airflow/example_dags/tutorial.py
[2024-06-26T06:43:41.514+0000] {logging_mixin.py:188} INFO - [2024-06-26T06:43:41.514+0000] {dag.py:3096} INFO - Sync 1 DAGs
[2024-06-26T06:43:41.545+0000] {logging_mixin.py:188} INFO - [2024-06-26T06:43:41.544+0000] {dag.py:3954} INFO - Setting next_dagrun for tutorial to 2024-06-25 00:00:00+00:00, run_after=2024-06-26 00:00:00+00:00
[2024-06-26T06:43:41.573+0000] {processor.py:183} INFO - Processing /home/airflow/.local/lib/python3.12/site-packages/airflow/example_dags/tutorial.py took 0.110 seconds
[2024-06-26T06:44:12.179+0000] {processor.py:161} INFO - Started process (PID=483) to work on /home/airflow/.local/lib/python3.12/site-packages/airflow/example_dags/tutorial.py
[2024-06-26T06:44:12.205+0000] {processor.py:830} INFO - Processing file /home/airflow/.local/lib/python3.12/site-packages/airflow/example_dags/tutorial.py for tasks to queue
[2024-06-26T06:44:12.225+0000] {logging_mixin.py:188} INFO - [2024-06-26T06:44:12.223+0000] {dagbag.py:545} INFO - Filling up the DagBag from /home/airflow/.local/lib/python3.12/site-packages/airflow/example_dags/tutorial.py
[2024-06-26T06:44:12.323+0000] {processor.py:840} INFO - DAG(s) 'tutorial' retrieved from /home/airflow/.local/lib/python3.12/site-packages/airflow/example_dags/tutorial.py
[2024-06-26T06:44:12.588+0000] {logging_mixin.py:188} INFO - [2024-06-26T06:44:12.587+0000] {dag.py:3096} INFO - Sync 1 DAGs
[2024-06-26T06:44:12.823+0000] {logging_mixin.py:188} INFO - [2024-06-26T06:44:12.822+0000] {dag.py:3954} INFO - Setting next_dagrun for tutorial to 2024-06-25 00:00:00+00:00, run_after=2024-06-26 00:00:00+00:00
[2024-06-26T06:44:12.915+0000] {processor.py:183} INFO - Processing /home/airflow/.local/lib/python3.12/site-packages/airflow/example_dags/tutorial.py took 0.799 seconds
[2024-06-26T06:44:43.923+0000] {processor.py:161} INFO - Started process (PID=549) to work on /home/airflow/.local/lib/python3.12/site-packages/airflow/example_dags/tutorial.py
[2024-06-26T06:44:43.936+0000] {processor.py:830} INFO - Processing file /home/airflow/.local/lib/python3.12/site-packages/airflow/example_dags/tutorial.py for tasks to queue
[2024-06-26T06:44:43.944+0000] {logging_mixin.py:188} INFO - [2024-06-26T06:44:43.943+0000] {dagbag.py:545} INFO - Filling up the DagBag from /home/airflow/.local/lib/python3.12/site-packages/airflow/example_dags/tutorial.py
[2024-06-26T06:44:43.987+0000] {processor.py:840} INFO - DAG(s) 'tutorial' retrieved from /home/airflow/.local/lib/python3.12/site-packages/airflow/example_dags/tutorial.py
[2024-06-26T06:44:44.109+0000] {logging_mixin.py:188} INFO - [2024-06-26T06:44:44.108+0000] {dag.py:3096} INFO - Sync 1 DAGs
[2024-06-26T06:44:44.243+0000] {logging_mixin.py:188} INFO - [2024-06-26T06:44:44.241+0000] {dag.py:3954} INFO - Setting next_dagrun for tutorial to 2024-06-25 00:00:00+00:00, run_after=2024-06-26 00:00:00+00:00
[2024-06-26T06:44:44.388+0000] {processor.py:183} INFO - Processing /home/airflow/.local/lib/python3.12/site-packages/airflow/example_dags/tutorial.py took 0.502 seconds
[2024-06-26T06:46:07.037+0000] {processor.py:161} INFO - Started process (PID=633) to work on /home/airflow/.local/lib/python3.12/site-packages/airflow/example_dags/tutorial.py
[2024-06-26T06:46:07.042+0000] {processor.py:830} INFO - Processing file /home/airflow/.local/lib/python3.12/site-packages/airflow/example_dags/tutorial.py for tasks to queue
[2024-06-26T06:46:07.104+0000] {logging_mixin.py:188} INFO - [2024-06-26T06:46:07.102+0000] {dagbag.py:545} INFO - Filling up the DagBag from /home/airflow/.local/lib/python3.12/site-packages/airflow/example_dags/tutorial.py
[2024-06-26T06:46:07.206+0000] {processor.py:840} INFO - DAG(s) 'tutorial' retrieved from /home/airflow/.local/lib/python3.12/site-packages/airflow/example_dags/tutorial.py
[2024-06-26T06:46:07.547+0000] {logging_mixin.py:188} INFO - [2024-06-26T06:46:07.546+0000] {dag.py:3096} INFO - Sync 1 DAGs
[2024-06-26T06:46:08.055+0000] {logging_mixin.py:188} INFO - [2024-06-26T06:46:08.054+0000] {dag.py:3954} INFO - Setting next_dagrun for tutorial to 2024-06-25 00:00:00+00:00, run_after=2024-06-26 00:00:00+00:00
[2024-06-26T06:46:08.549+0000] {processor.py:183} INFO - Processing /home/airflow/.local/lib/python3.12/site-packages/airflow/example_dags/tutorial.py took 1.593 seconds
[2024-06-26T06:47:12.190+0000] {processor.py:161} INFO - Started process (PID=704) to work on /home/airflow/.local/lib/python3.12/site-packages/airflow/example_dags/tutorial.py
[2024-06-26T06:47:12.228+0000] {processor.py:830} INFO - Processing file /home/airflow/.local/lib/python3.12/site-packages/airflow/example_dags/tutorial.py for tasks to queue
[2024-06-26T06:47:12.245+0000] {logging_mixin.py:188} INFO - [2024-06-26T06:47:12.235+0000] {dagbag.py:545} INFO - Filling up the DagBag from /home/airflow/.local/lib/python3.12/site-packages/airflow/example_dags/tutorial.py
[2024-06-26T06:47:12.300+0000] {processor.py:840} INFO - DAG(s) 'tutorial' retrieved from /home/airflow/.local/lib/python3.12/site-packages/airflow/example_dags/tutorial.py
[2024-06-26T06:47:12.544+0000] {logging_mixin.py:188} INFO - [2024-06-26T06:47:12.542+0000] {dag.py:3096} INFO - Sync 1 DAGs
[2024-06-26T06:47:12.789+0000] {logging_mixin.py:188} INFO - [2024-06-26T06:47:12.788+0000] {dag.py:3954} INFO - Setting next_dagrun for tutorial to 2024-06-25 00:00:00+00:00, run_after=2024-06-26 00:00:00+00:00
[2024-06-26T06:47:13.056+0000] {processor.py:183} INFO - Processing /home/airflow/.local/lib/python3.12/site-packages/airflow/example_dags/tutorial.py took 0.947 seconds
[2024-06-26T06:48:03.245+0000] {processor.py:161} INFO - Started process (PID=774) to work on /home/airflow/.local/lib/python3.12/site-packages/airflow/example_dags/tutorial.py
[2024-06-26T06:48:03.260+0000] {processor.py:830} INFO - Processing file /home/airflow/.local/lib/python3.12/site-packages/airflow/example_dags/tutorial.py for tasks to queue
[2024-06-26T06:48:03.281+0000] {logging_mixin.py:188} INFO - [2024-06-26T06:48:03.279+0000] {dagbag.py:545} INFO - Filling up the DagBag from /home/airflow/.local/lib/python3.12/site-packages/airflow/example_dags/tutorial.py
[2024-06-26T06:48:03.358+0000] {processor.py:840} INFO - DAG(s) 'tutorial' retrieved from /home/airflow/.local/lib/python3.12/site-packages/airflow/example_dags/tutorial.py
[2024-06-26T06:48:03.589+0000] {logging_mixin.py:188} INFO - [2024-06-26T06:48:03.577+0000] {dag.py:3096} INFO - Sync 1 DAGs
[2024-06-26T06:48:03.905+0000] {logging_mixin.py:188} INFO - [2024-06-26T06:48:03.904+0000] {dag.py:3954} INFO - Setting next_dagrun for tutorial to 2024-06-25 00:00:00+00:00, run_after=2024-06-26 00:00:00+00:00
[2024-06-26T06:48:04.204+0000] {processor.py:183} INFO - Processing /home/airflow/.local/lib/python3.12/site-packages/airflow/example_dags/tutorial.py took 1.043 seconds
[2024-06-26T06:48:34.477+0000] {processor.py:161} INFO - Started process (PID=836) to work on /home/airflow/.local/lib/python3.12/site-packages/airflow/example_dags/tutorial.py
[2024-06-26T06:48:34.480+0000] {processor.py:830} INFO - Processing file /home/airflow/.local/lib/python3.12/site-packages/airflow/example_dags/tutorial.py for tasks to queue
[2024-06-26T06:48:34.486+0000] {logging_mixin.py:188} INFO - [2024-06-26T06:48:34.485+0000] {dagbag.py:545} INFO - Filling up the DagBag from /home/airflow/.local/lib/python3.12/site-packages/airflow/example_dags/tutorial.py
[2024-06-26T06:48:34.505+0000] {processor.py:840} INFO - DAG(s) 'tutorial' retrieved from /home/airflow/.local/lib/python3.12/site-packages/airflow/example_dags/tutorial.py
[2024-06-26T06:48:34.566+0000] {logging_mixin.py:188} INFO - [2024-06-26T06:48:34.565+0000] {dag.py:3096} INFO - Sync 1 DAGs
[2024-06-26T06:48:34.654+0000] {logging_mixin.py:188} INFO - [2024-06-26T06:48:34.653+0000] {dag.py:3954} INFO - Setting next_dagrun for tutorial to 2024-06-25 00:00:00+00:00, run_after=2024-06-26 00:00:00+00:00
[2024-06-26T06:48:34.725+0000] {processor.py:183} INFO - Processing /home/airflow/.local/lib/python3.12/site-packages/airflow/example_dags/tutorial.py took 0.267 seconds
[2024-06-26T06:49:05.016+0000] {processor.py:161} INFO - Started process (PID=897) to work on /home/airflow/.local/lib/python3.12/site-packages/airflow/example_dags/tutorial.py
[2024-06-26T06:49:05.020+0000] {processor.py:830} INFO - Processing file /home/airflow/.local/lib/python3.12/site-packages/airflow/example_dags/tutorial.py for tasks to queue
[2024-06-26T06:49:05.026+0000] {logging_mixin.py:188} INFO - [2024-06-26T06:49:05.024+0000] {dagbag.py:545} INFO - Filling up the DagBag from /home/airflow/.local/lib/python3.12/site-packages/airflow/example_dags/tutorial.py
[2024-06-26T06:49:05.044+0000] {processor.py:840} INFO - DAG(s) 'tutorial' retrieved from /home/airflow/.local/lib/python3.12/site-packages/airflow/example_dags/tutorial.py
[2024-06-26T06:49:05.112+0000] {logging_mixin.py:188} INFO - [2024-06-26T06:49:05.111+0000] {dag.py:3096} INFO - Sync 1 DAGs
[2024-06-26T06:49:05.188+0000] {logging_mixin.py:188} INFO - [2024-06-26T06:49:05.187+0000] {dag.py:3954} INFO - Setting next_dagrun for tutorial to 2024-06-25 00:00:00+00:00, run_after=2024-06-26 00:00:00+00:00
[2024-06-26T06:49:05.256+0000] {processor.py:183} INFO - Processing /home/airflow/.local/lib/python3.12/site-packages/airflow/example_dags/tutorial.py took 0.257 seconds
[2024-06-26T06:50:03.097+0000] {processor.py:161} INFO - Started process (PID=967) to work on /home/airflow/.local/lib/python3.12/site-packages/airflow/example_dags/tutorial.py
[2024-06-26T06:50:03.114+0000] {processor.py:830} INFO - Processing file /home/airflow/.local/lib/python3.12/site-packages/airflow/example_dags/tutorial.py for tasks to queue
[2024-06-26T06:50:03.143+0000] {logging_mixin.py:188} INFO - [2024-06-26T06:50:03.142+0000] {dagbag.py:545} INFO - Filling up the DagBag from /home/airflow/.local/lib/python3.12/site-packages/airflow/example_dags/tutorial.py
[2024-06-26T06:50:03.195+0000] {processor.py:840} INFO - DAG(s) 'tutorial' retrieved from /home/airflow/.local/lib/python3.12/site-packages/airflow/example_dags/tutorial.py
[2024-06-26T06:50:03.482+0000] {logging_mixin.py:188} INFO - [2024-06-26T06:50:03.480+0000] {dag.py:3096} INFO - Sync 1 DAGs
[2024-06-26T06:50:03.969+0000] {logging_mixin.py:188} INFO - [2024-06-26T06:50:03.968+0000] {dag.py:3954} INFO - Setting next_dagrun for tutorial to 2024-06-25 00:00:00+00:00, run_after=2024-06-26 00:00:00+00:00
[2024-06-26T06:50:04.296+0000] {processor.py:183} INFO - Processing /home/airflow/.local/lib/python3.12/site-packages/airflow/example_dags/tutorial.py took 1.276 seconds
[2024-06-26T06:51:43.239+0000] {processor.py:161} INFO - Started process (PID=1063) to work on /home/airflow/.local/lib/python3.12/site-packages/airflow/example_dags/tutorial.py
[2024-06-26T06:51:43.242+0000] {processor.py:830} INFO - Processing file /home/airflow/.local/lib/python3.12/site-packages/airflow/example_dags/tutorial.py for tasks to queue
[2024-06-26T06:51:43.262+0000] {logging_mixin.py:188} INFO - [2024-06-26T06:51:43.260+0000] {dagbag.py:545} INFO - Filling up the DagBag from /home/airflow/.local/lib/python3.12/site-packages/airflow/example_dags/tutorial.py
[2024-06-26T06:51:43.298+0000] {processor.py:840} INFO - DAG(s) 'tutorial' retrieved from /home/airflow/.local/lib/python3.12/site-packages/airflow/example_dags/tutorial.py
[2024-06-26T06:51:43.481+0000] {logging_mixin.py:188} INFO - [2024-06-26T06:51:43.468+0000] {dag.py:3096} INFO - Sync 1 DAGs
[2024-06-26T06:51:43.674+0000] {logging_mixin.py:188} INFO - [2024-06-26T06:51:43.669+0000] {dag.py:3954} INFO - Setting next_dagrun for tutorial to 2024-06-25 00:00:00+00:00, run_after=2024-06-26 00:00:00+00:00
[2024-06-26T06:51:43.771+0000] {processor.py:183} INFO - Processing /home/airflow/.local/lib/python3.12/site-packages/airflow/example_dags/tutorial.py took 0.563 seconds
[2024-06-26T06:52:14.516+0000] {processor.py:161} INFO - Started process (PID=1125) to work on /home/airflow/.local/lib/python3.12/site-packages/airflow/example_dags/tutorial.py
[2024-06-26T06:52:14.517+0000] {processor.py:830} INFO - Processing file /home/airflow/.local/lib/python3.12/site-packages/airflow/example_dags/tutorial.py for tasks to queue
[2024-06-26T06:52:14.520+0000] {logging_mixin.py:188} INFO - [2024-06-26T06:52:14.519+0000] {dagbag.py:545} INFO - Filling up the DagBag from /home/airflow/.local/lib/python3.12/site-packages/airflow/example_dags/tutorial.py
[2024-06-26T06:52:14.528+0000] {processor.py:840} INFO - DAG(s) 'tutorial' retrieved from /home/airflow/.local/lib/python3.12/site-packages/airflow/example_dags/tutorial.py
[2024-06-26T06:52:14.557+0000] {logging_mixin.py:188} INFO - [2024-06-26T06:52:14.556+0000] {dag.py:3096} INFO - Sync 1 DAGs
[2024-06-26T06:52:14.589+0000] {logging_mixin.py:188} INFO - [2024-06-26T06:52:14.588+0000] {dag.py:3954} INFO - Setting next_dagrun for tutorial to 2024-06-25 00:00:00+00:00, run_after=2024-06-26 00:00:00+00:00
[2024-06-26T06:52:14.618+0000] {processor.py:183} INFO - Processing /home/airflow/.local/lib/python3.12/site-packages/airflow/example_dags/tutorial.py took 0.109 seconds
[2024-06-26T06:52:44.847+0000] {processor.py:161} INFO - Started process (PID=1187) to work on /home/airflow/.local/lib/python3.12/site-packages/airflow/example_dags/tutorial.py
[2024-06-26T06:52:44.848+0000] {processor.py:830} INFO - Processing file /home/airflow/.local/lib/python3.12/site-packages/airflow/example_dags/tutorial.py for tasks to queue
[2024-06-26T06:52:44.850+0000] {logging_mixin.py:188} INFO - [2024-06-26T06:52:44.850+0000] {dagbag.py:545} INFO - Filling up the DagBag from /home/airflow/.local/lib/python3.12/site-packages/airflow/example_dags/tutorial.py
[2024-06-26T06:52:44.857+0000] {processor.py:840} INFO - DAG(s) 'tutorial' retrieved from /home/airflow/.local/lib/python3.12/site-packages/airflow/example_dags/tutorial.py
[2024-06-26T06:52:44.883+0000] {logging_mixin.py:188} INFO - [2024-06-26T06:52:44.883+0000] {dag.py:3096} INFO - Sync 1 DAGs
[2024-06-26T06:52:44.910+0000] {logging_mixin.py:188} INFO - [2024-06-26T06:52:44.910+0000] {dag.py:3954} INFO - Setting next_dagrun for tutorial to 2024-06-25 00:00:00+00:00, run_after=2024-06-26 00:00:00+00:00
[2024-06-26T06:52:44.937+0000] {processor.py:183} INFO - Processing /home/airflow/.local/lib/python3.12/site-packages/airflow/example_dags/tutorial.py took 0.097 seconds
[2024-06-26T06:53:15.425+0000] {processor.py:161} INFO - Started process (PID=1249) to work on /home/airflow/.local/lib/python3.12/site-packages/airflow/example_dags/tutorial.py
[2024-06-26T06:53:15.427+0000] {processor.py:830} INFO - Processing file /home/airflow/.local/lib/python3.12/site-packages/airflow/example_dags/tutorial.py for tasks to queue
[2024-06-26T06:53:15.431+0000] {logging_mixin.py:188} INFO - [2024-06-26T06:53:15.430+0000] {dagbag.py:545} INFO - Filling up the DagBag from /home/airflow/.local/lib/python3.12/site-packages/airflow/example_dags/tutorial.py
[2024-06-26T06:53:15.442+0000] {processor.py:840} INFO - DAG(s) 'tutorial' retrieved from /home/airflow/.local/lib/python3.12/site-packages/airflow/example_dags/tutorial.py
[2024-06-26T06:53:15.487+0000] {logging_mixin.py:188} INFO - [2024-06-26T06:53:15.486+0000] {dag.py:3096} INFO - Sync 1 DAGs
[2024-06-26T06:53:15.533+0000] {logging_mixin.py:188} INFO - [2024-06-26T06:53:15.532+0000] {dag.py:3954} INFO - Setting next_dagrun for tutorial to 2024-06-25 00:00:00+00:00, run_after=2024-06-26 00:00:00+00:00
[2024-06-26T06:53:15.571+0000] {processor.py:183} INFO - Processing /home/airflow/.local/lib/python3.12/site-packages/airflow/example_dags/tutorial.py took 0.158 seconds
[2024-06-26T06:53:45.634+0000] {processor.py:161} INFO - Started process (PID=1310) to work on /home/airflow/.local/lib/python3.12/site-packages/airflow/example_dags/tutorial.py
[2024-06-26T06:53:45.635+0000] {processor.py:830} INFO - Processing file /home/airflow/.local/lib/python3.12/site-packages/airflow/example_dags/tutorial.py for tasks to queue
[2024-06-26T06:53:45.638+0000] {logging_mixin.py:188} INFO - [2024-06-26T06:53:45.638+0000] {dagbag.py:545} INFO - Filling up the DagBag from /home/airflow/.local/lib/python3.12/site-packages/airflow/example_dags/tutorial.py
[2024-06-26T06:53:45.646+0000] {processor.py:840} INFO - DAG(s) 'tutorial' retrieved from /home/airflow/.local/lib/python3.12/site-packages/airflow/example_dags/tutorial.py
[2024-06-26T06:53:45.674+0000] {logging_mixin.py:188} INFO - [2024-06-26T06:53:45.674+0000] {dag.py:3096} INFO - Sync 1 DAGs
[2024-06-26T06:53:45.703+0000] {logging_mixin.py:188} INFO - [2024-06-26T06:53:45.703+0000] {dag.py:3954} INFO - Setting next_dagrun for tutorial to 2024-06-25 00:00:00+00:00, run_after=2024-06-26 00:00:00+00:00
[2024-06-26T06:53:45.739+0000] {processor.py:183} INFO - Processing /home/airflow/.local/lib/python3.12/site-packages/airflow/example_dags/tutorial.py took 0.113 seconds
[2024-06-26T06:54:30.218+0000] {processor.py:161} INFO - Started process (PID=1379) to work on /home/airflow/.local/lib/python3.12/site-packages/airflow/example_dags/tutorial.py
[2024-06-26T06:54:30.222+0000] {processor.py:830} INFO - Processing file /home/airflow/.local/lib/python3.12/site-packages/airflow/example_dags/tutorial.py for tasks to queue
[2024-06-26T06:54:30.230+0000] {logging_mixin.py:188} INFO - [2024-06-26T06:54:30.228+0000] {dagbag.py:545} INFO - Filling up the DagBag from /home/airflow/.local/lib/python3.12/site-packages/airflow/example_dags/tutorial.py
[2024-06-26T06:54:30.256+0000] {processor.py:840} INFO - DAG(s) 'tutorial' retrieved from /home/airflow/.local/lib/python3.12/site-packages/airflow/example_dags/tutorial.py
[2024-06-26T06:54:30.403+0000] {logging_mixin.py:188} INFO - [2024-06-26T06:54:30.402+0000] {dag.py:3096} INFO - Sync 1 DAGs
[2024-06-26T06:54:30.567+0000] {logging_mixin.py:188} INFO - [2024-06-26T06:54:30.565+0000] {dag.py:3954} INFO - Setting next_dagrun for tutorial to 2024-06-25 00:00:00+00:00, run_after=2024-06-26 00:00:00+00:00
[2024-06-26T06:54:30.679+0000] {processor.py:183} INFO - Processing /home/airflow/.local/lib/python3.12/site-packages/airflow/example_dags/tutorial.py took 0.481 seconds
[2024-06-26T06:56:13.188+0000] {processor.py:161} INFO - Started process (PID=1460) to work on /home/airflow/.local/lib/python3.12/site-packages/airflow/example_dags/tutorial.py
[2024-06-26T06:56:13.194+0000] {processor.py:830} INFO - Processing file /home/airflow/.local/lib/python3.12/site-packages/airflow/example_dags/tutorial.py for tasks to queue
[2024-06-26T06:56:13.203+0000] {logging_mixin.py:188} INFO - [2024-06-26T06:56:13.202+0000] {dagbag.py:545} INFO - Filling up the DagBag from /home/airflow/.local/lib/python3.12/site-packages/airflow/example_dags/tutorial.py
[2024-06-26T06:56:13.267+0000] {processor.py:840} INFO - DAG(s) 'tutorial' retrieved from /home/airflow/.local/lib/python3.12/site-packages/airflow/example_dags/tutorial.py
[2024-06-26T06:56:13.507+0000] {logging_mixin.py:188} INFO - [2024-06-26T06:56:13.499+0000] {dag.py:3096} INFO - Sync 1 DAGs
[2024-06-26T06:56:13.851+0000] {logging_mixin.py:188} INFO - [2024-06-26T06:56:13.849+0000] {dag.py:3954} INFO - Setting next_dagrun for tutorial to 2024-06-25 00:00:00+00:00, run_after=2024-06-26 00:00:00+00:00
[2024-06-26T06:56:14.163+0000] {processor.py:183} INFO - Processing /home/airflow/.local/lib/python3.12/site-packages/airflow/example_dags/tutorial.py took 0.992 seconds
[2024-06-26T06:57:05.991+0000] {processor.py:161} INFO - Started process (PID=1523) to work on /home/airflow/.local/lib/python3.12/site-packages/airflow/example_dags/tutorial.py
[2024-06-26T06:57:05.998+0000] {processor.py:830} INFO - Processing file /home/airflow/.local/lib/python3.12/site-packages/airflow/example_dags/tutorial.py for tasks to queue
[2024-06-26T06:57:06.008+0000] {logging_mixin.py:188} INFO - [2024-06-26T06:57:06.007+0000] {dagbag.py:545} INFO - Filling up the DagBag from /home/airflow/.local/lib/python3.12/site-packages/airflow/example_dags/tutorial.py
[2024-06-26T06:57:06.067+0000] {processor.py:840} INFO - DAG(s) 'tutorial' retrieved from /home/airflow/.local/lib/python3.12/site-packages/airflow/example_dags/tutorial.py
[2024-06-26T06:57:06.312+0000] {logging_mixin.py:188} INFO - [2024-06-26T06:57:06.311+0000] {dag.py:3096} INFO - Sync 1 DAGs
[2024-06-26T06:57:06.782+0000] {logging_mixin.py:188} INFO - [2024-06-26T06:57:06.781+0000] {dag.py:3954} INFO - Setting next_dagrun for tutorial to 2024-06-25 00:00:00+00:00, run_after=2024-06-26 00:00:00+00:00
[2024-06-26T06:57:07.115+0000] {processor.py:183} INFO - Processing /home/airflow/.local/lib/python3.12/site-packages/airflow/example_dags/tutorial.py took 1.158 seconds
[2024-06-26T06:58:21.220+0000] {processor.py:161} INFO - Started process (PID=1611) to work on /home/airflow/.local/lib/python3.12/site-packages/airflow/example_dags/tutorial.py
[2024-06-26T06:58:21.242+0000] {processor.py:830} INFO - Processing file /home/airflow/.local/lib/python3.12/site-packages/airflow/example_dags/tutorial.py for tasks to queue
[2024-06-26T06:58:21.250+0000] {logging_mixin.py:188} INFO - [2024-06-26T06:58:21.248+0000] {dagbag.py:545} INFO - Filling up the DagBag from /home/airflow/.local/lib/python3.12/site-packages/airflow/example_dags/tutorial.py
[2024-06-26T06:58:21.328+0000] {processor.py:840} INFO - DAG(s) 'tutorial' retrieved from /home/airflow/.local/lib/python3.12/site-packages/airflow/example_dags/tutorial.py
[2024-06-26T06:58:21.564+0000] {logging_mixin.py:188} INFO - [2024-06-26T06:58:21.553+0000] {dag.py:3096} INFO - Sync 1 DAGs
[2024-06-26T06:58:21.901+0000] {logging_mixin.py:188} INFO - [2024-06-26T06:58:21.901+0000] {dag.py:3954} INFO - Setting next_dagrun for tutorial to 2024-06-25 00:00:00+00:00, run_after=2024-06-26 00:00:00+00:00
[2024-06-26T06:58:22.353+0000] {processor.py:183} INFO - Processing /home/airflow/.local/lib/python3.12/site-packages/airflow/example_dags/tutorial.py took 1.173 seconds
[2024-06-26T06:59:14.139+0000] {processor.py:161} INFO - Started process (PID=1687) to work on /home/airflow/.local/lib/python3.12/site-packages/airflow/example_dags/tutorial.py
[2024-06-26T06:59:14.143+0000] {processor.py:830} INFO - Processing file /home/airflow/.local/lib/python3.12/site-packages/airflow/example_dags/tutorial.py for tasks to queue
[2024-06-26T06:59:14.148+0000] {logging_mixin.py:188} INFO - [2024-06-26T06:59:14.146+0000] {dagbag.py:545} INFO - Filling up the DagBag from /home/airflow/.local/lib/python3.12/site-packages/airflow/example_dags/tutorial.py
[2024-06-26T06:59:14.186+0000] {processor.py:840} INFO - DAG(s) 'tutorial' retrieved from /home/airflow/.local/lib/python3.12/site-packages/airflow/example_dags/tutorial.py
[2024-06-26T06:59:14.320+0000] {logging_mixin.py:188} INFO - [2024-06-26T06:59:14.319+0000] {dag.py:3096} INFO - Sync 1 DAGs
[2024-06-26T06:59:14.550+0000] {logging_mixin.py:188} INFO - [2024-06-26T06:59:14.538+0000] {dag.py:3954} INFO - Setting next_dagrun for tutorial to 2024-06-25 00:00:00+00:00, run_after=2024-06-26 00:00:00+00:00
[2024-06-26T06:59:14.643+0000] {processor.py:183} INFO - Processing /home/airflow/.local/lib/python3.12/site-packages/airflow/example_dags/tutorial.py took 0.532 seconds
[2024-06-26T07:00:01.396+0000] {processor.py:161} INFO - Started process (PID=1761) to work on /home/airflow/.local/lib/python3.12/site-packages/airflow/example_dags/tutorial.py
[2024-06-26T07:00:01.399+0000] {processor.py:830} INFO - Processing file /home/airflow/.local/lib/python3.12/site-packages/airflow/example_dags/tutorial.py for tasks to queue
[2024-06-26T07:00:01.402+0000] {logging_mixin.py:188} INFO - [2024-06-26T07:00:01.401+0000] {dagbag.py:545} INFO - Filling up the DagBag from /home/airflow/.local/lib/python3.12/site-packages/airflow/example_dags/tutorial.py
[2024-06-26T07:00:01.422+0000] {processor.py:840} INFO - DAG(s) 'tutorial' retrieved from /home/airflow/.local/lib/python3.12/site-packages/airflow/example_dags/tutorial.py
[2024-06-26T07:00:01.490+0000] {logging_mixin.py:188} INFO - [2024-06-26T07:00:01.489+0000] {dag.py:3096} INFO - Sync 1 DAGs
[2024-06-26T07:00:01.576+0000] {logging_mixin.py:188} INFO - [2024-06-26T07:00:01.575+0000] {dag.py:3954} INFO - Setting next_dagrun for tutorial to 2024-06-25 00:00:00+00:00, run_after=2024-06-26 00:00:00+00:00
[2024-06-26T07:00:01.657+0000] {processor.py:183} INFO - Processing /home/airflow/.local/lib/python3.12/site-packages/airflow/example_dags/tutorial.py took 0.283 seconds
[2024-06-26T07:00:32.389+0000] {processor.py:161} INFO - Started process (PID=1824) to work on /home/airflow/.local/lib/python3.12/site-packages/airflow/example_dags/tutorial.py
[2024-06-26T07:00:32.391+0000] {processor.py:830} INFO - Processing file /home/airflow/.local/lib/python3.12/site-packages/airflow/example_dags/tutorial.py for tasks to queue
[2024-06-26T07:00:32.392+0000] {logging_mixin.py:188} INFO - [2024-06-26T07:00:32.391+0000] {dagbag.py:545} INFO - Filling up the DagBag from /home/airflow/.local/lib/python3.12/site-packages/airflow/example_dags/tutorial.py
[2024-06-26T07:00:32.397+0000] {processor.py:840} INFO - DAG(s) 'tutorial' retrieved from /home/airflow/.local/lib/python3.12/site-packages/airflow/example_dags/tutorial.py
[2024-06-26T07:00:32.419+0000] {logging_mixin.py:188} INFO - [2024-06-26T07:00:32.419+0000] {dag.py:3096} INFO - Sync 1 DAGs
[2024-06-26T07:00:32.440+0000] {logging_mixin.py:188} INFO - [2024-06-26T07:00:32.440+0000] {dag.py:3954} INFO - Setting next_dagrun for tutorial to 2024-06-25 00:00:00+00:00, run_after=2024-06-26 00:00:00+00:00
[2024-06-26T07:00:32.464+0000] {processor.py:183} INFO - Processing /home/airflow/.local/lib/python3.12/site-packages/airflow/example_dags/tutorial.py took 0.079 seconds
[2024-06-26T07:01:02.958+0000] {processor.py:161} INFO - Started process (PID=1887) to work on /home/airflow/.local/lib/python3.12/site-packages/airflow/example_dags/tutorial.py
[2024-06-26T07:01:02.959+0000] {processor.py:830} INFO - Processing file /home/airflow/.local/lib/python3.12/site-packages/airflow/example_dags/tutorial.py for tasks to queue
[2024-06-26T07:01:02.960+0000] {logging_mixin.py:188} INFO - [2024-06-26T07:01:02.960+0000] {dagbag.py:545} INFO - Filling up the DagBag from /home/airflow/.local/lib/python3.12/site-packages/airflow/example_dags/tutorial.py
[2024-06-26T07:01:02.966+0000] {processor.py:840} INFO - DAG(s) 'tutorial' retrieved from /home/airflow/.local/lib/python3.12/site-packages/airflow/example_dags/tutorial.py
[2024-06-26T07:01:02.988+0000] {logging_mixin.py:188} INFO - [2024-06-26T07:01:02.988+0000] {dag.py:3096} INFO - Sync 1 DAGs
[2024-06-26T07:01:03.010+0000] {logging_mixin.py:188} INFO - [2024-06-26T07:01:03.010+0000] {dag.py:3954} INFO - Setting next_dagrun for tutorial to 2024-06-25 00:00:00+00:00, run_after=2024-06-26 00:00:00+00:00
[2024-06-26T07:01:03.034+0000] {processor.py:183} INFO - Processing /home/airflow/.local/lib/python3.12/site-packages/airflow/example_dags/tutorial.py took 0.081 seconds
[2024-06-26T07:01:33.475+0000] {processor.py:161} INFO - Started process (PID=1950) to work on /home/airflow/.local/lib/python3.12/site-packages/airflow/example_dags/tutorial.py
[2024-06-26T07:01:33.476+0000] {processor.py:830} INFO - Processing file /home/airflow/.local/lib/python3.12/site-packages/airflow/example_dags/tutorial.py for tasks to queue
[2024-06-26T07:01:33.478+0000] {logging_mixin.py:188} INFO - [2024-06-26T07:01:33.478+0000] {dagbag.py:545} INFO - Filling up the DagBag from /home/airflow/.local/lib/python3.12/site-packages/airflow/example_dags/tutorial.py
[2024-06-26T07:01:33.489+0000] {processor.py:840} INFO - DAG(s) 'tutorial' retrieved from /home/airflow/.local/lib/python3.12/site-packages/airflow/example_dags/tutorial.py
[2024-06-26T07:01:33.530+0000] {logging_mixin.py:188} INFO - [2024-06-26T07:01:33.530+0000] {dag.py:3096} INFO - Sync 1 DAGs
[2024-06-26T07:01:33.572+0000] {logging_mixin.py:188} INFO - [2024-06-26T07:01:33.572+0000] {dag.py:3954} INFO - Setting next_dagrun for tutorial to 2024-06-25 00:00:00+00:00, run_after=2024-06-26 00:00:00+00:00
[2024-06-26T07:01:33.618+0000] {processor.py:183} INFO - Processing /home/airflow/.local/lib/python3.12/site-packages/airflow/example_dags/tutorial.py took 0.152 seconds
[2024-06-26T07:02:03.663+0000] {processor.py:161} INFO - Started process (PID=2012) to work on /home/airflow/.local/lib/python3.12/site-packages/airflow/example_dags/tutorial.py
[2024-06-26T07:02:03.664+0000] {processor.py:830} INFO - Processing file /home/airflow/.local/lib/python3.12/site-packages/airflow/example_dags/tutorial.py for tasks to queue
[2024-06-26T07:02:03.665+0000] {logging_mixin.py:188} INFO - [2024-06-26T07:02:03.664+0000] {dagbag.py:545} INFO - Filling up the DagBag from /home/airflow/.local/lib/python3.12/site-packages/airflow/example_dags/tutorial.py
[2024-06-26T07:02:03.670+0000] {processor.py:840} INFO - DAG(s) 'tutorial' retrieved from /home/airflow/.local/lib/python3.12/site-packages/airflow/example_dags/tutorial.py
[2024-06-26T07:02:03.687+0000] {logging_mixin.py:188} INFO - [2024-06-26T07:02:03.687+0000] {dag.py:3096} INFO - Sync 1 DAGs
[2024-06-26T07:02:03.705+0000] {logging_mixin.py:188} INFO - [2024-06-26T07:02:03.705+0000] {dag.py:3954} INFO - Setting next_dagrun for tutorial to 2024-06-25 00:00:00+00:00, run_after=2024-06-26 00:00:00+00:00
[2024-06-26T07:02:03.724+0000] {processor.py:183} INFO - Processing /home/airflow/.local/lib/python3.12/site-packages/airflow/example_dags/tutorial.py took 0.066 seconds
[2024-06-26T07:02:34.121+0000] {processor.py:161} INFO - Started process (PID=2075) to work on /home/airflow/.local/lib/python3.12/site-packages/airflow/example_dags/tutorial.py
[2024-06-26T07:02:34.122+0000] {processor.py:830} INFO - Processing file /home/airflow/.local/lib/python3.12/site-packages/airflow/example_dags/tutorial.py for tasks to queue
[2024-06-26T07:02:34.123+0000] {logging_mixin.py:188} INFO - [2024-06-26T07:02:34.122+0000] {dagbag.py:545} INFO - Filling up the DagBag from /home/airflow/.local/lib/python3.12/site-packages/airflow/example_dags/tutorial.py
[2024-06-26T07:02:34.128+0000] {processor.py:840} INFO - DAG(s) 'tutorial' retrieved from /home/airflow/.local/lib/python3.12/site-packages/airflow/example_dags/tutorial.py
[2024-06-26T07:02:34.143+0000] {logging_mixin.py:188} INFO - [2024-06-26T07:02:34.143+0000] {dag.py:3096} INFO - Sync 1 DAGs
[2024-06-26T07:02:34.158+0000] {logging_mixin.py:188} INFO - [2024-06-26T07:02:34.158+0000] {dag.py:3954} INFO - Setting next_dagrun for tutorial to 2024-06-25 00:00:00+00:00, run_after=2024-06-26 00:00:00+00:00
[2024-06-26T07:02:34.278+0000] {processor.py:183} INFO - Processing /home/airflow/.local/lib/python3.12/site-packages/airflow/example_dags/tutorial.py took 0.161 seconds
[2024-06-26T07:03:04.595+0000] {processor.py:161} INFO - Started process (PID=2138) to work on /home/airflow/.local/lib/python3.12/site-packages/airflow/example_dags/tutorial.py
[2024-06-26T07:03:04.597+0000] {processor.py:830} INFO - Processing file /home/airflow/.local/lib/python3.12/site-packages/airflow/example_dags/tutorial.py for tasks to queue
[2024-06-26T07:03:04.599+0000] {logging_mixin.py:188} INFO - [2024-06-26T07:03:04.599+0000] {dagbag.py:545} INFO - Filling up the DagBag from /home/airflow/.local/lib/python3.12/site-packages/airflow/example_dags/tutorial.py
[2024-06-26T07:03:04.611+0000] {processor.py:840} INFO - DAG(s) 'tutorial' retrieved from /home/airflow/.local/lib/python3.12/site-packages/airflow/example_dags/tutorial.py
[2024-06-26T07:03:04.647+0000] {logging_mixin.py:188} INFO - [2024-06-26T07:03:04.647+0000] {dag.py:3096} INFO - Sync 1 DAGs
[2024-06-26T07:03:04.693+0000] {logging_mixin.py:188} INFO - [2024-06-26T07:03:04.693+0000] {dag.py:3954} INFO - Setting next_dagrun for tutorial to 2024-06-25 00:00:00+00:00, run_after=2024-06-26 00:00:00+00:00
[2024-06-26T07:03:04.737+0000] {processor.py:183} INFO - Processing /home/airflow/.local/lib/python3.12/site-packages/airflow/example_dags/tutorial.py took 0.154 seconds
[2024-06-26T07:03:35.155+0000] {processor.py:161} INFO - Started process (PID=2204) to work on /home/airflow/.local/lib/python3.12/site-packages/airflow/example_dags/tutorial.py
[2024-06-26T07:03:35.158+0000] {processor.py:830} INFO - Processing file /home/airflow/.local/lib/python3.12/site-packages/airflow/example_dags/tutorial.py for tasks to queue
[2024-06-26T07:03:35.160+0000] {logging_mixin.py:188} INFO - [2024-06-26T07:03:35.159+0000] {dagbag.py:545} INFO - Filling up the DagBag from /home/airflow/.local/lib/python3.12/site-packages/airflow/example_dags/tutorial.py
[2024-06-26T07:03:35.177+0000] {processor.py:840} INFO - DAG(s) 'tutorial' retrieved from /home/airflow/.local/lib/python3.12/site-packages/airflow/example_dags/tutorial.py
[2024-06-26T07:03:35.232+0000] {logging_mixin.py:188} INFO - [2024-06-26T07:03:35.232+0000] {dag.py:3096} INFO - Sync 1 DAGs
[2024-06-26T07:03:35.292+0000] {logging_mixin.py:188} INFO - [2024-06-26T07:03:35.292+0000] {dag.py:3954} INFO - Setting next_dagrun for tutorial to 2024-06-25 00:00:00+00:00, run_after=2024-06-26 00:00:00+00:00
[2024-06-26T07:03:35.353+0000] {processor.py:183} INFO - Processing /home/airflow/.local/lib/python3.12/site-packages/airflow/example_dags/tutorial.py took 0.211 seconds
[2024-06-26T07:04:05.838+0000] {processor.py:161} INFO - Started process (PID=2268) to work on /home/airflow/.local/lib/python3.12/site-packages/airflow/example_dags/tutorial.py
[2024-06-26T07:04:05.840+0000] {processor.py:830} INFO - Processing file /home/airflow/.local/lib/python3.12/site-packages/airflow/example_dags/tutorial.py for tasks to queue
[2024-06-26T07:04:05.842+0000] {logging_mixin.py:188} INFO - [2024-06-26T07:04:05.841+0000] {dagbag.py:545} INFO - Filling up the DagBag from /home/airflow/.local/lib/python3.12/site-packages/airflow/example_dags/tutorial.py
[2024-06-26T07:04:05.851+0000] {processor.py:840} INFO - DAG(s) 'tutorial' retrieved from /home/airflow/.local/lib/python3.12/site-packages/airflow/example_dags/tutorial.py
[2024-06-26T07:04:05.880+0000] {logging_mixin.py:188} INFO - [2024-06-26T07:04:05.880+0000] {dag.py:3096} INFO - Sync 1 DAGs
[2024-06-26T07:04:05.913+0000] {logging_mixin.py:188} INFO - [2024-06-26T07:04:05.913+0000] {dag.py:3954} INFO - Setting next_dagrun for tutorial to 2024-06-25 00:00:00+00:00, run_after=2024-06-26 00:00:00+00:00
[2024-06-26T07:04:05.946+0000] {processor.py:183} INFO - Processing /home/airflow/.local/lib/python3.12/site-packages/airflow/example_dags/tutorial.py took 0.115 seconds
[2024-06-26T07:04:36.151+0000] {processor.py:161} INFO - Started process (PID=2332) to work on /home/airflow/.local/lib/python3.12/site-packages/airflow/example_dags/tutorial.py
[2024-06-26T07:04:36.154+0000] {processor.py:830} INFO - Processing file /home/airflow/.local/lib/python3.12/site-packages/airflow/example_dags/tutorial.py for tasks to queue
[2024-06-26T07:04:36.158+0000] {logging_mixin.py:188} INFO - [2024-06-26T07:04:36.156+0000] {dagbag.py:545} INFO - Filling up the DagBag from /home/airflow/.local/lib/python3.12/site-packages/airflow/example_dags/tutorial.py
[2024-06-26T07:04:36.177+0000] {processor.py:840} INFO - DAG(s) 'tutorial' retrieved from /home/airflow/.local/lib/python3.12/site-packages/airflow/example_dags/tutorial.py
[2024-06-26T07:04:36.520+0000] {logging_mixin.py:188} INFO - [2024-06-26T07:04:36.519+0000] {dag.py:3096} INFO - Sync 1 DAGs
[2024-06-26T07:04:36.572+0000] {logging_mixin.py:188} INFO - [2024-06-26T07:04:36.572+0000] {dag.py:3954} INFO - Setting next_dagrun for tutorial to 2024-06-25 00:00:00+00:00, run_after=2024-06-26 00:00:00+00:00
[2024-06-26T07:04:36.618+0000] {processor.py:183} INFO - Processing /home/airflow/.local/lib/python3.12/site-packages/airflow/example_dags/tutorial.py took 0.484 seconds
[2024-06-26T07:05:06.733+0000] {processor.py:161} INFO - Started process (PID=2395) to work on /home/airflow/.local/lib/python3.12/site-packages/airflow/example_dags/tutorial.py
[2024-06-26T07:05:06.734+0000] {processor.py:830} INFO - Processing file /home/airflow/.local/lib/python3.12/site-packages/airflow/example_dags/tutorial.py for tasks to queue
[2024-06-26T07:05:06.736+0000] {logging_mixin.py:188} INFO - [2024-06-26T07:05:06.735+0000] {dagbag.py:545} INFO - Filling up the DagBag from /home/airflow/.local/lib/python3.12/site-packages/airflow/example_dags/tutorial.py
[2024-06-26T07:05:06.742+0000] {processor.py:840} INFO - DAG(s) 'tutorial' retrieved from /home/airflow/.local/lib/python3.12/site-packages/airflow/example_dags/tutorial.py
[2024-06-26T07:05:06.763+0000] {logging_mixin.py:188} INFO - [2024-06-26T07:05:06.762+0000] {dag.py:3096} INFO - Sync 1 DAGs
[2024-06-26T07:05:06.788+0000] {logging_mixin.py:188} INFO - [2024-06-26T07:05:06.787+0000] {dag.py:3954} INFO - Setting next_dagrun for tutorial to 2024-06-25 00:00:00+00:00, run_after=2024-06-26 00:00:00+00:00
[2024-06-26T07:05:06.812+0000] {processor.py:183} INFO - Processing /home/airflow/.local/lib/python3.12/site-packages/airflow/example_dags/tutorial.py took 0.083 seconds
[2024-06-26T07:05:37.438+0000] {processor.py:161} INFO - Started process (PID=2462) to work on /home/airflow/.local/lib/python3.12/site-packages/airflow/example_dags/tutorial.py
[2024-06-26T07:05:37.439+0000] {processor.py:830} INFO - Processing file /home/airflow/.local/lib/python3.12/site-packages/airflow/example_dags/tutorial.py for tasks to queue
[2024-06-26T07:05:37.440+0000] {logging_mixin.py:188} INFO - [2024-06-26T07:05:37.439+0000] {dagbag.py:545} INFO - Filling up the DagBag from /home/airflow/.local/lib/python3.12/site-packages/airflow/example_dags/tutorial.py
[2024-06-26T07:05:37.445+0000] {processor.py:840} INFO - DAG(s) 'tutorial' retrieved from /home/airflow/.local/lib/python3.12/site-packages/airflow/example_dags/tutorial.py
[2024-06-26T07:05:37.463+0000] {logging_mixin.py:188} INFO - [2024-06-26T07:05:37.463+0000] {dag.py:3096} INFO - Sync 1 DAGs
[2024-06-26T07:05:37.487+0000] {logging_mixin.py:188} INFO - [2024-06-26T07:05:37.487+0000] {dag.py:3954} INFO - Setting next_dagrun for tutorial to 2024-06-25 00:00:00+00:00, run_after=2024-06-26 00:00:00+00:00
[2024-06-26T07:05:37.517+0000] {processor.py:183} INFO - Processing /home/airflow/.local/lib/python3.12/site-packages/airflow/example_dags/tutorial.py took 0.083 seconds
[2024-06-26T07:06:07.901+0000] {processor.py:161} INFO - Started process (PID=2524) to work on /home/airflow/.local/lib/python3.12/site-packages/airflow/example_dags/tutorial.py
[2024-06-26T07:06:07.902+0000] {processor.py:830} INFO - Processing file /home/airflow/.local/lib/python3.12/site-packages/airflow/example_dags/tutorial.py for tasks to queue
[2024-06-26T07:06:07.903+0000] {logging_mixin.py:188} INFO - [2024-06-26T07:06:07.903+0000] {dagbag.py:545} INFO - Filling up the DagBag from /home/airflow/.local/lib/python3.12/site-packages/airflow/example_dags/tutorial.py
[2024-06-26T07:06:07.909+0000] {processor.py:840} INFO - DAG(s) 'tutorial' retrieved from /home/airflow/.local/lib/python3.12/site-packages/airflow/example_dags/tutorial.py
[2024-06-26T07:06:07.925+0000] {logging_mixin.py:188} INFO - [2024-06-26T07:06:07.925+0000] {dag.py:3096} INFO - Sync 1 DAGs
[2024-06-26T07:06:07.942+0000] {logging_mixin.py:188} INFO - [2024-06-26T07:06:07.942+0000] {dag.py:3954} INFO - Setting next_dagrun for tutorial to 2024-06-25 00:00:00+00:00, run_after=2024-06-26 00:00:00+00:00
[2024-06-26T07:06:07.960+0000] {processor.py:183} INFO - Processing /home/airflow/.local/lib/python3.12/site-packages/airflow/example_dags/tutorial.py took 0.063 seconds
[2024-06-26T07:06:38.533+0000] {processor.py:161} INFO - Started process (PID=2586) to work on /home/airflow/.local/lib/python3.12/site-packages/airflow/example_dags/tutorial.py
[2024-06-26T07:06:38.534+0000] {processor.py:830} INFO - Processing file /home/airflow/.local/lib/python3.12/site-packages/airflow/example_dags/tutorial.py for tasks to queue
[2024-06-26T07:06:38.534+0000] {logging_mixin.py:188} INFO - [2024-06-26T07:06:38.534+0000] {dagbag.py:545} INFO - Filling up the DagBag from /home/airflow/.local/lib/python3.12/site-packages/airflow/example_dags/tutorial.py
[2024-06-26T07:06:38.539+0000] {processor.py:840} INFO - DAG(s) 'tutorial' retrieved from /home/airflow/.local/lib/python3.12/site-packages/airflow/example_dags/tutorial.py
[2024-06-26T07:06:38.555+0000] {logging_mixin.py:188} INFO - [2024-06-26T07:06:38.555+0000] {dag.py:3096} INFO - Sync 1 DAGs
[2024-06-26T07:06:38.571+0000] {logging_mixin.py:188} INFO - [2024-06-26T07:06:38.571+0000] {dag.py:3954} INFO - Setting next_dagrun for tutorial to 2024-06-25 00:00:00+00:00, run_after=2024-06-26 00:00:00+00:00
[2024-06-26T07:06:38.590+0000] {processor.py:183} INFO - Processing /home/airflow/.local/lib/python3.12/site-packages/airflow/example_dags/tutorial.py took 0.061 seconds
[2024-06-26T07:07:11.814+0000] {processor.py:161} INFO - Started process (PID=2648) to work on /home/airflow/.local/lib/python3.12/site-packages/airflow/example_dags/tutorial.py
[2024-06-26T07:07:11.821+0000] {processor.py:830} INFO - Processing file /home/airflow/.local/lib/python3.12/site-packages/airflow/example_dags/tutorial.py for tasks to queue
[2024-06-26T07:07:11.835+0000] {logging_mixin.py:188} INFO - [2024-06-26T07:07:11.833+0000] {dagbag.py:545} INFO - Filling up the DagBag from /home/airflow/.local/lib/python3.12/site-packages/airflow/example_dags/tutorial.py
[2024-06-26T07:07:11.868+0000] {processor.py:840} INFO - DAG(s) 'tutorial' retrieved from /home/airflow/.local/lib/python3.12/site-packages/airflow/example_dags/tutorial.py
[2024-06-26T07:07:11.974+0000] {logging_mixin.py:188} INFO - [2024-06-26T07:07:11.972+0000] {dag.py:3096} INFO - Sync 1 DAGs
[2024-06-26T07:07:12.097+0000] {logging_mixin.py:188} INFO - [2024-06-26T07:07:12.096+0000] {dag.py:3954} INFO - Setting next_dagrun for tutorial to 2024-06-25 00:00:00+00:00, run_after=2024-06-26 00:00:00+00:00
[2024-06-26T07:07:12.204+0000] {processor.py:183} INFO - Processing /home/airflow/.local/lib/python3.12/site-packages/airflow/example_dags/tutorial.py took 0.411 seconds
[2024-06-26T07:07:44.771+0000] {processor.py:161} INFO - Started process (PID=2717) to work on /home/airflow/.local/lib/python3.12/site-packages/airflow/example_dags/tutorial.py
[2024-06-26T07:07:44.786+0000] {processor.py:830} INFO - Processing file /home/airflow/.local/lib/python3.12/site-packages/airflow/example_dags/tutorial.py for tasks to queue
[2024-06-26T07:07:44.804+0000] {logging_mixin.py:188} INFO - [2024-06-26T07:07:44.802+0000] {dagbag.py:545} INFO - Filling up the DagBag from /home/airflow/.local/lib/python3.12/site-packages/airflow/example_dags/tutorial.py
[2024-06-26T07:07:44.886+0000] {processor.py:840} INFO - DAG(s) 'tutorial' retrieved from /home/airflow/.local/lib/python3.12/site-packages/airflow/example_dags/tutorial.py
[2024-06-26T07:07:45.083+0000] {logging_mixin.py:188} INFO - [2024-06-26T07:07:45.075+0000] {dag.py:3096} INFO - Sync 1 DAGs
[2024-06-26T07:07:45.218+0000] {logging_mixin.py:188} INFO - [2024-06-26T07:07:45.217+0000] {dag.py:3954} INFO - Setting next_dagrun for tutorial to 2024-06-25 00:00:00+00:00, run_after=2024-06-26 00:00:00+00:00
[2024-06-26T07:07:45.364+0000] {processor.py:183} INFO - Processing /home/airflow/.local/lib/python3.12/site-packages/airflow/example_dags/tutorial.py took 0.672 seconds
[2024-06-26T07:08:15.801+0000] {processor.py:161} INFO - Started process (PID=2779) to work on /home/airflow/.local/lib/python3.12/site-packages/airflow/example_dags/tutorial.py
[2024-06-26T07:08:15.802+0000] {processor.py:830} INFO - Processing file /home/airflow/.local/lib/python3.12/site-packages/airflow/example_dags/tutorial.py for tasks to queue
[2024-06-26T07:08:15.804+0000] {logging_mixin.py:188} INFO - [2024-06-26T07:08:15.803+0000] {dagbag.py:545} INFO - Filling up the DagBag from /home/airflow/.local/lib/python3.12/site-packages/airflow/example_dags/tutorial.py
[2024-06-26T07:08:15.814+0000] {processor.py:840} INFO - DAG(s) 'tutorial' retrieved from /home/airflow/.local/lib/python3.12/site-packages/airflow/example_dags/tutorial.py
[2024-06-26T07:08:15.848+0000] {logging_mixin.py:188} INFO - [2024-06-26T07:08:15.847+0000] {dag.py:3096} INFO - Sync 1 DAGs
[2024-06-26T07:08:15.885+0000] {logging_mixin.py:188} INFO - [2024-06-26T07:08:15.885+0000] {dag.py:3954} INFO - Setting next_dagrun for tutorial to 2024-06-25 00:00:00+00:00, run_after=2024-06-26 00:00:00+00:00
[2024-06-26T07:08:15.920+0000] {processor.py:183} INFO - Processing /home/airflow/.local/lib/python3.12/site-packages/airflow/example_dags/tutorial.py took 0.128 seconds
[2024-06-26T07:08:53.122+0000] {processor.py:161} INFO - Started process (PID=2845) to work on /home/airflow/.local/lib/python3.12/site-packages/airflow/example_dags/tutorial.py
[2024-06-26T07:08:53.126+0000] {processor.py:830} INFO - Processing file /home/airflow/.local/lib/python3.12/site-packages/airflow/example_dags/tutorial.py for tasks to queue
[2024-06-26T07:08:53.136+0000] {logging_mixin.py:188} INFO - [2024-06-26T07:08:53.135+0000] {dagbag.py:545} INFO - Filling up the DagBag from /home/airflow/.local/lib/python3.12/site-packages/airflow/example_dags/tutorial.py
[2024-06-26T07:08:53.233+0000] {processor.py:840} INFO - DAG(s) 'tutorial' retrieved from /home/airflow/.local/lib/python3.12/site-packages/airflow/example_dags/tutorial.py
[2024-06-26T07:08:53.424+0000] {logging_mixin.py:188} INFO - [2024-06-26T07:08:53.423+0000] {dag.py:3096} INFO - Sync 1 DAGs
[2024-06-26T07:08:53.707+0000] {logging_mixin.py:188} INFO - [2024-06-26T07:08:53.694+0000] {dag.py:3954} INFO - Setting next_dagrun for tutorial to 2024-06-25 00:00:00+00:00, run_after=2024-06-26 00:00:00+00:00
[2024-06-26T07:08:53.984+0000] {processor.py:183} INFO - Processing /home/airflow/.local/lib/python3.12/site-packages/airflow/example_dags/tutorial.py took 0.963 seconds
[2024-06-26T07:10:01.232+0000] {processor.py:161} INFO - Started process (PID=2923) to work on /home/airflow/.local/lib/python3.12/site-packages/airflow/example_dags/tutorial.py
[2024-06-26T07:10:01.250+0000] {processor.py:830} INFO - Processing file /home/airflow/.local/lib/python3.12/site-packages/airflow/example_dags/tutorial.py for tasks to queue
[2024-06-26T07:10:01.278+0000] {logging_mixin.py:188} INFO - [2024-06-26T07:10:01.276+0000] {dagbag.py:545} INFO - Filling up the DagBag from /home/airflow/.local/lib/python3.12/site-packages/airflow/example_dags/tutorial.py
[2024-06-26T07:10:01.375+0000] {processor.py:840} INFO - DAG(s) 'tutorial' retrieved from /home/airflow/.local/lib/python3.12/site-packages/airflow/example_dags/tutorial.py
[2024-06-26T07:10:01.569+0000] {logging_mixin.py:188} INFO - [2024-06-26T07:10:01.567+0000] {dag.py:3096} INFO - Sync 1 DAGs
[2024-06-26T07:10:01.944+0000] {logging_mixin.py:188} INFO - [2024-06-26T07:10:01.943+0000] {dag.py:3954} INFO - Setting next_dagrun for tutorial to 2024-06-25 00:00:00+00:00, run_after=2024-06-26 00:00:00+00:00
[2024-06-26T07:10:02.302+0000] {processor.py:183} INFO - Processing /home/airflow/.local/lib/python3.12/site-packages/airflow/example_dags/tutorial.py took 1.150 seconds
[2024-06-26T07:10:49.630+0000] {processor.py:161} INFO - Started process (PID=2986) to work on /home/airflow/.local/lib/python3.12/site-packages/airflow/example_dags/tutorial.py
[2024-06-26T07:10:49.636+0000] {processor.py:830} INFO - Processing file /home/airflow/.local/lib/python3.12/site-packages/airflow/example_dags/tutorial.py for tasks to queue
[2024-06-26T07:10:49.647+0000] {logging_mixin.py:188} INFO - [2024-06-26T07:10:49.646+0000] {dagbag.py:545} INFO - Filling up the DagBag from /home/airflow/.local/lib/python3.12/site-packages/airflow/example_dags/tutorial.py
[2024-06-26T07:10:49.701+0000] {processor.py:840} INFO - DAG(s) 'tutorial' retrieved from /home/airflow/.local/lib/python3.12/site-packages/airflow/example_dags/tutorial.py
[2024-06-26T07:10:49.818+0000] {logging_mixin.py:188} INFO - [2024-06-26T07:10:49.809+0000] {dag.py:3096} INFO - Sync 1 DAGs
[2024-06-26T07:10:50.047+0000] {logging_mixin.py:188} INFO - [2024-06-26T07:10:50.036+0000] {dag.py:3954} INFO - Setting next_dagrun for tutorial to 2024-06-25 00:00:00+00:00, run_after=2024-06-26 00:00:00+00:00
[2024-06-26T07:10:50.310+0000] {processor.py:183} INFO - Processing /home/airflow/.local/lib/python3.12/site-packages/airflow/example_dags/tutorial.py took 0.718 seconds
[2024-06-26T07:11:20.834+0000] {processor.py:161} INFO - Started process (PID=3055) to work on /home/airflow/.local/lib/python3.12/site-packages/airflow/example_dags/tutorial.py
[2024-06-26T07:11:20.835+0000] {processor.py:830} INFO - Processing file /home/airflow/.local/lib/python3.12/site-packages/airflow/example_dags/tutorial.py for tasks to queue
[2024-06-26T07:11:20.837+0000] {logging_mixin.py:188} INFO - [2024-06-26T07:11:20.836+0000] {dagbag.py:545} INFO - Filling up the DagBag from /home/airflow/.local/lib/python3.12/site-packages/airflow/example_dags/tutorial.py
[2024-06-26T07:11:20.850+0000] {processor.py:840} INFO - DAG(s) 'tutorial' retrieved from /home/airflow/.local/lib/python3.12/site-packages/airflow/example_dags/tutorial.py
[2024-06-26T07:11:20.880+0000] {logging_mixin.py:188} INFO - [2024-06-26T07:11:20.880+0000] {dag.py:3096} INFO - Sync 1 DAGs
[2024-06-26T07:11:20.918+0000] {logging_mixin.py:188} INFO - [2024-06-26T07:11:20.917+0000] {dag.py:3954} INFO - Setting next_dagrun for tutorial to 2024-06-25 00:00:00+00:00, run_after=2024-06-26 00:00:00+00:00
[2024-06-26T07:11:20.951+0000] {processor.py:183} INFO - Processing /home/airflow/.local/lib/python3.12/site-packages/airflow/example_dags/tutorial.py took 0.125 seconds
[2024-06-26T07:11:55.246+0000] {processor.py:161} INFO - Started process (PID=3119) to work on /home/airflow/.local/lib/python3.12/site-packages/airflow/example_dags/tutorial.py
[2024-06-26T07:11:55.249+0000] {processor.py:830} INFO - Processing file /home/airflow/.local/lib/python3.12/site-packages/airflow/example_dags/tutorial.py for tasks to queue
[2024-06-26T07:11:55.254+0000] {logging_mixin.py:188} INFO - [2024-06-26T07:11:55.253+0000] {dagbag.py:545} INFO - Filling up the DagBag from /home/airflow/.local/lib/python3.12/site-packages/airflow/example_dags/tutorial.py
[2024-06-26T07:11:55.284+0000] {processor.py:840} INFO - DAG(s) 'tutorial' retrieved from /home/airflow/.local/lib/python3.12/site-packages/airflow/example_dags/tutorial.py
[2024-06-26T07:11:55.374+0000] {logging_mixin.py:188} INFO - [2024-06-26T07:11:55.372+0000] {dag.py:3096} INFO - Sync 1 DAGs
[2024-06-26T07:11:55.505+0000] {logging_mixin.py:188} INFO - [2024-06-26T07:11:55.504+0000] {dag.py:3954} INFO - Setting next_dagrun for tutorial to 2024-06-25 00:00:00+00:00, run_after=2024-06-26 00:00:00+00:00
[2024-06-26T07:11:55.632+0000] {processor.py:183} INFO - Processing /home/airflow/.local/lib/python3.12/site-packages/airflow/example_dags/tutorial.py took 0.407 seconds
[2024-06-26T07:12:42.154+0000] {processor.py:161} INFO - Started process (PID=3180) to work on /home/airflow/.local/lib/python3.12/site-packages/airflow/example_dags/tutorial.py
[2024-06-26T07:12:42.160+0000] {processor.py:830} INFO - Processing file /home/airflow/.local/lib/python3.12/site-packages/airflow/example_dags/tutorial.py for tasks to queue
[2024-06-26T07:12:42.184+0000] {logging_mixin.py:188} INFO - [2024-06-26T07:12:42.183+0000] {dagbag.py:545} INFO - Filling up the DagBag from /home/airflow/.local/lib/python3.12/site-packages/airflow/example_dags/tutorial.py
[2024-06-26T07:12:42.280+0000] {processor.py:840} INFO - DAG(s) 'tutorial' retrieved from /home/airflow/.local/lib/python3.12/site-packages/airflow/example_dags/tutorial.py
[2024-06-26T07:12:42.603+0000] {logging_mixin.py:188} INFO - [2024-06-26T07:12:42.592+0000] {dag.py:3096} INFO - Sync 1 DAGs
[2024-06-26T07:12:43.072+0000] {logging_mixin.py:188} INFO - [2024-06-26T07:12:43.071+0000] {dag.py:3954} INFO - Setting next_dagrun for tutorial to 2024-06-25 00:00:00+00:00, run_after=2024-06-26 00:00:00+00:00
[2024-06-26T07:12:43.379+0000] {processor.py:183} INFO - Processing /home/airflow/.local/lib/python3.12/site-packages/airflow/example_dags/tutorial.py took 1.307 seconds
[2024-06-26T07:13:29.476+0000] {processor.py:161} INFO - Started process (PID=3257) to work on /home/airflow/.local/lib/python3.12/site-packages/airflow/example_dags/tutorial.py
[2024-06-26T07:13:29.479+0000] {processor.py:830} INFO - Processing file /home/airflow/.local/lib/python3.12/site-packages/airflow/example_dags/tutorial.py for tasks to queue
[2024-06-26T07:13:29.483+0000] {logging_mixin.py:188} INFO - [2024-06-26T07:13:29.482+0000] {dagbag.py:545} INFO - Filling up the DagBag from /home/airflow/.local/lib/python3.12/site-packages/airflow/example_dags/tutorial.py
[2024-06-26T07:13:29.513+0000] {processor.py:840} INFO - DAG(s) 'tutorial' retrieved from /home/airflow/.local/lib/python3.12/site-packages/airflow/example_dags/tutorial.py
[2024-06-26T07:13:29.623+0000] {logging_mixin.py:188} INFO - [2024-06-26T07:13:29.623+0000] {dag.py:3096} INFO - Sync 1 DAGs
[2024-06-26T07:13:29.748+0000] {logging_mixin.py:188} INFO - [2024-06-26T07:13:29.746+0000] {dag.py:3954} INFO - Setting next_dagrun for tutorial to 2024-06-25 00:00:00+00:00, run_after=2024-06-26 00:00:00+00:00
[2024-06-26T07:13:29.862+0000] {processor.py:183} INFO - Processing /home/airflow/.local/lib/python3.12/site-packages/airflow/example_dags/tutorial.py took 0.410 seconds
[2024-06-26T07:14:03.302+0000] {processor.py:161} INFO - Started process (PID=3325) to work on /home/airflow/.local/lib/python3.12/site-packages/airflow/example_dags/tutorial.py
[2024-06-26T07:14:03.304+0000] {processor.py:830} INFO - Processing file /home/airflow/.local/lib/python3.12/site-packages/airflow/example_dags/tutorial.py for tasks to queue
[2024-06-26T07:14:03.308+0000] {logging_mixin.py:188} INFO - [2024-06-26T07:14:03.306+0000] {dagbag.py:545} INFO - Filling up the DagBag from /home/airflow/.local/lib/python3.12/site-packages/airflow/example_dags/tutorial.py
[2024-06-26T07:14:03.323+0000] {processor.py:840} INFO - DAG(s) 'tutorial' retrieved from /home/airflow/.local/lib/python3.12/site-packages/airflow/example_dags/tutorial.py
[2024-06-26T07:14:03.378+0000] {logging_mixin.py:188} INFO - [2024-06-26T07:14:03.377+0000] {dag.py:3096} INFO - Sync 1 DAGs
[2024-06-26T07:14:03.447+0000] {logging_mixin.py:188} INFO - [2024-06-26T07:14:03.446+0000] {dag.py:3954} INFO - Setting next_dagrun for tutorial to 2024-06-25 00:00:00+00:00, run_after=2024-06-26 00:00:00+00:00
[2024-06-26T07:14:03.502+0000] {processor.py:183} INFO - Processing /home/airflow/.local/lib/python3.12/site-packages/airflow/example_dags/tutorial.py took 0.216 seconds
[2024-06-26T07:14:34.954+0000] {processor.py:161} INFO - Started process (PID=3388) to work on /home/airflow/.local/lib/python3.12/site-packages/airflow/example_dags/tutorial.py
[2024-06-26T07:14:34.963+0000] {processor.py:830} INFO - Processing file /home/airflow/.local/lib/python3.12/site-packages/airflow/example_dags/tutorial.py for tasks to queue
[2024-06-26T07:14:34.974+0000] {logging_mixin.py:188} INFO - [2024-06-26T07:14:34.973+0000] {dagbag.py:545} INFO - Filling up the DagBag from /home/airflow/.local/lib/python3.12/site-packages/airflow/example_dags/tutorial.py
[2024-06-26T07:14:35.069+0000] {processor.py:840} INFO - DAG(s) 'tutorial' retrieved from /home/airflow/.local/lib/python3.12/site-packages/airflow/example_dags/tutorial.py
[2024-06-26T07:14:35.331+0000] {logging_mixin.py:188} INFO - [2024-06-26T07:14:35.330+0000] {dag.py:3096} INFO - Sync 1 DAGs
[2024-06-26T07:14:35.622+0000] {logging_mixin.py:188} INFO - [2024-06-26T07:14:35.611+0000] {dag.py:3954} INFO - Setting next_dagrun for tutorial to 2024-06-25 00:00:00+00:00, run_after=2024-06-26 00:00:00+00:00
[2024-06-26T07:14:35.754+0000] {processor.py:183} INFO - Processing /home/airflow/.local/lib/python3.12/site-packages/airflow/example_dags/tutorial.py took 0.897 seconds
[2024-06-26T07:15:11.673+0000] {processor.py:161} INFO - Started process (PID=3455) to work on /home/airflow/.local/lib/python3.12/site-packages/airflow/example_dags/tutorial.py
[2024-06-26T07:15:11.692+0000] {processor.py:830} INFO - Processing file /home/airflow/.local/lib/python3.12/site-packages/airflow/example_dags/tutorial.py for tasks to queue
[2024-06-26T07:15:11.707+0000] {logging_mixin.py:188} INFO - [2024-06-26T07:15:11.705+0000] {dagbag.py:545} INFO - Filling up the DagBag from /home/airflow/.local/lib/python3.12/site-packages/airflow/example_dags/tutorial.py
[2024-06-26T07:15:11.789+0000] {processor.py:840} INFO - DAG(s) 'tutorial' retrieved from /home/airflow/.local/lib/python3.12/site-packages/airflow/example_dags/tutorial.py
[2024-06-26T07:15:12.412+0000] {logging_mixin.py:188} INFO - [2024-06-26T07:15:12.410+0000] {dag.py:3096} INFO - Sync 1 DAGs
[2024-06-26T07:15:12.794+0000] {logging_mixin.py:188} INFO - [2024-06-26T07:15:12.793+0000] {dag.py:3954} INFO - Setting next_dagrun for tutorial to 2024-06-25 00:00:00+00:00, run_after=2024-06-26 00:00:00+00:00
[2024-06-26T07:15:13.105+0000] {processor.py:183} INFO - Processing /home/airflow/.local/lib/python3.12/site-packages/airflow/example_dags/tutorial.py took 1.500 seconds
[2024-06-26T07:16:06.301+0000] {processor.py:161} INFO - Started process (PID=3526) to work on /home/airflow/.local/lib/python3.12/site-packages/airflow/example_dags/tutorial.py
[2024-06-26T07:16:06.336+0000] {processor.py:830} INFO - Processing file /home/airflow/.local/lib/python3.12/site-packages/airflow/example_dags/tutorial.py for tasks to queue
[2024-06-26T07:16:06.417+0000] {logging_mixin.py:188} INFO - [2024-06-26T07:16:06.416+0000] {dagbag.py:545} INFO - Filling up the DagBag from /home/airflow/.local/lib/python3.12/site-packages/airflow/example_dags/tutorial.py
[2024-06-26T07:16:06.552+0000] {processor.py:840} INFO - DAG(s) 'tutorial' retrieved from /home/airflow/.local/lib/python3.12/site-packages/airflow/example_dags/tutorial.py
[2024-06-26T07:16:06.812+0000] {logging_mixin.py:188} INFO - [2024-06-26T07:16:06.811+0000] {dag.py:3096} INFO - Sync 1 DAGs
[2024-06-26T07:16:07.159+0000] {logging_mixin.py:188} INFO - [2024-06-26T07:16:07.158+0000] {dag.py:3954} INFO - Setting next_dagrun for tutorial to 2024-06-25 00:00:00+00:00, run_after=2024-06-26 00:00:00+00:00
[2024-06-26T07:16:07.448+0000] {processor.py:183} INFO - Processing /home/airflow/.local/lib/python3.12/site-packages/airflow/example_dags/tutorial.py took 1.217 seconds
[2024-06-26T07:39:24.225+0000] {processor.py:161} INFO - Started process (PID=101) to work on /home/airflow/.local/lib/python3.12/site-packages/airflow/example_dags/tutorial.py
[2024-06-26T07:39:24.227+0000] {processor.py:830} INFO - Processing file /home/airflow/.local/lib/python3.12/site-packages/airflow/example_dags/tutorial.py for tasks to queue
[2024-06-26T07:39:24.231+0000] {logging_mixin.py:188} INFO - [2024-06-26T07:39:24.231+0000] {dagbag.py:545} INFO - Filling up the DagBag from /home/airflow/.local/lib/python3.12/site-packages/airflow/example_dags/tutorial.py
[2024-06-26T07:39:24.249+0000] {processor.py:840} INFO - DAG(s) 'tutorial' retrieved from /home/airflow/.local/lib/python3.12/site-packages/airflow/example_dags/tutorial.py
[2024-06-26T07:39:24.499+0000] {logging_mixin.py:188} INFO - [2024-06-26T07:39:24.498+0000] {dag.py:3096} INFO - Sync 1 DAGs
[2024-06-26T07:39:24.544+0000] {logging_mixin.py:188} INFO - [2024-06-26T07:39:24.544+0000] {dag.py:3954} INFO - Setting next_dagrun for tutorial to 2024-06-25 00:00:00+00:00, run_after=2024-06-26 00:00:00+00:00
[2024-06-26T07:39:24.607+0000] {processor.py:183} INFO - Processing /home/airflow/.local/lib/python3.12/site-packages/airflow/example_dags/tutorial.py took 0.396 seconds
[2024-06-26T07:39:54.978+0000] {processor.py:161} INFO - Started process (PID=165) to work on /home/airflow/.local/lib/python3.12/site-packages/airflow/example_dags/tutorial.py
[2024-06-26T07:39:54.980+0000] {processor.py:830} INFO - Processing file /home/airflow/.local/lib/python3.12/site-packages/airflow/example_dags/tutorial.py for tasks to queue
[2024-06-26T07:39:54.983+0000] {logging_mixin.py:188} INFO - [2024-06-26T07:39:54.982+0000] {dagbag.py:545} INFO - Filling up the DagBag from /home/airflow/.local/lib/python3.12/site-packages/airflow/example_dags/tutorial.py
[2024-06-26T07:39:54.991+0000] {processor.py:840} INFO - DAG(s) 'tutorial' retrieved from /home/airflow/.local/lib/python3.12/site-packages/airflow/example_dags/tutorial.py
[2024-06-26T07:39:55.017+0000] {logging_mixin.py:188} INFO - [2024-06-26T07:39:55.016+0000] {dag.py:3096} INFO - Sync 1 DAGs
[2024-06-26T07:39:55.047+0000] {logging_mixin.py:188} INFO - [2024-06-26T07:39:55.046+0000] {dag.py:3954} INFO - Setting next_dagrun for tutorial to 2024-06-25 00:00:00+00:00, run_after=2024-06-26 00:00:00+00:00
[2024-06-26T07:39:55.073+0000] {processor.py:183} INFO - Processing /home/airflow/.local/lib/python3.12/site-packages/airflow/example_dags/tutorial.py took 0.103 seconds
[2024-06-26T07:41:18.852+0000] {processor.py:161} INFO - Started process (PID=238) to work on /home/airflow/.local/lib/python3.12/site-packages/airflow/example_dags/tutorial.py
[2024-06-26T07:41:19.024+0000] {processor.py:830} INFO - Processing file /home/airflow/.local/lib/python3.12/site-packages/airflow/example_dags/tutorial.py for tasks to queue
[2024-06-26T07:41:19.043+0000] {logging_mixin.py:188} INFO - [2024-06-26T07:41:19.042+0000] {dagbag.py:545} INFO - Filling up the DagBag from /home/airflow/.local/lib/python3.12/site-packages/airflow/example_dags/tutorial.py
[2024-06-26T07:41:19.166+0000] {processor.py:840} INFO - DAG(s) 'tutorial' retrieved from /home/airflow/.local/lib/python3.12/site-packages/airflow/example_dags/tutorial.py
[2024-06-26T07:41:19.515+0000] {logging_mixin.py:188} INFO - [2024-06-26T07:41:19.505+0000] {dag.py:3096} INFO - Sync 1 DAGs
[2024-06-26T07:41:19.903+0000] {logging_mixin.py:188} INFO - [2024-06-26T07:41:19.901+0000] {dag.py:3954} INFO - Setting next_dagrun for tutorial to 2024-06-25 00:00:00+00:00, run_after=2024-06-26 00:00:00+00:00
[2024-06-26T07:41:20.399+0000] {processor.py:183} INFO - Processing /home/airflow/.local/lib/python3.12/site-packages/airflow/example_dags/tutorial.py took 1.624 seconds
[2024-06-26T07:42:53.478+0000] {processor.py:161} INFO - Started process (PID=319) to work on /home/airflow/.local/lib/python3.12/site-packages/airflow/example_dags/tutorial.py
[2024-06-26T07:42:53.914+0000] {processor.py:830} INFO - Processing file /home/airflow/.local/lib/python3.12/site-packages/airflow/example_dags/tutorial.py for tasks to queue
[2024-06-26T07:42:54.894+0000] {logging_mixin.py:188} INFO - [2024-06-26T07:42:54.893+0000] {dagbag.py:545} INFO - Filling up the DagBag from /home/airflow/.local/lib/python3.12/site-packages/airflow/example_dags/tutorial.py
[2024-06-26T07:42:54.958+0000] {processor.py:840} INFO - DAG(s) 'tutorial' retrieved from /home/airflow/.local/lib/python3.12/site-packages/airflow/example_dags/tutorial.py
[2024-06-26T07:42:55.573+0000] {logging_mixin.py:188} INFO - [2024-06-26T07:42:55.572+0000] {dag.py:3096} INFO - Sync 1 DAGs
[2024-06-26T07:42:55.914+0000] {logging_mixin.py:188} INFO - [2024-06-26T07:42:55.912+0000] {dag.py:3954} INFO - Setting next_dagrun for tutorial to 2024-06-25 00:00:00+00:00, run_after=2024-06-26 00:00:00+00:00
[2024-06-26T07:42:56.299+0000] {processor.py:183} INFO - Processing /home/airflow/.local/lib/python3.12/site-packages/airflow/example_dags/tutorial.py took 3.629 seconds
