[2024-06-26T06:05:59.811+0000] {processor.py:161} INFO - Started process (PID=82) to work on /home/airflow/.local/lib/python3.12/site-packages/airflow/example_dags/tutorial_dag.py
[2024-06-26T06:05:59.853+0000] {processor.py:830} INFO - Processing file /home/airflow/.local/lib/python3.12/site-packages/airflow/example_dags/tutorial_dag.py for tasks to queue
[2024-06-26T06:06:00.000+0000] {logging_mixin.py:188} INFO - [2024-06-26T06:05:59.998+0000] {dagbag.py:545} INFO - Filling up the DagBag from /home/airflow/.local/lib/python3.12/site-packages/airflow/example_dags/tutorial_dag.py
[2024-06-26T06:06:00.272+0000] {processor.py:840} INFO - DAG(s) 'tutorial_dag' retrieved from /home/airflow/.local/lib/python3.12/site-packages/airflow/example_dags/tutorial_dag.py
[2024-06-26T06:06:00.903+0000] {logging_mixin.py:188} INFO - [2024-06-26T06:06:00.897+0000] {dag.py:3096} INFO - Sync 1 DAGs
[2024-06-26T06:06:01.185+0000] {logging_mixin.py:188} INFO - [2024-06-26T06:06:01.184+0000] {dag.py:3954} INFO - Setting next_dagrun for tutorial_dag to None, run_after=None
[2024-06-26T06:06:01.832+0000] {processor.py:183} INFO - Processing /home/airflow/.local/lib/python3.12/site-packages/airflow/example_dags/tutorial_dag.py took 2.259 seconds
[2024-06-26T06:06:52.574+0000] {processor.py:161} INFO - Started process (PID=149) to work on /home/airflow/.local/lib/python3.12/site-packages/airflow/example_dags/tutorial_dag.py
[2024-06-26T06:06:52.583+0000] {processor.py:830} INFO - Processing file /home/airflow/.local/lib/python3.12/site-packages/airflow/example_dags/tutorial_dag.py for tasks to queue
[2024-06-26T06:06:52.609+0000] {logging_mixin.py:188} INFO - [2024-06-26T06:06:52.605+0000] {dagbag.py:545} INFO - Filling up the DagBag from /home/airflow/.local/lib/python3.12/site-packages/airflow/example_dags/tutorial_dag.py
[2024-06-26T06:06:52.692+0000] {processor.py:840} INFO - DAG(s) 'tutorial_dag' retrieved from /home/airflow/.local/lib/python3.12/site-packages/airflow/example_dags/tutorial_dag.py
[2024-06-26T06:06:53.625+0000] {logging_mixin.py:188} INFO - [2024-06-26T06:06:53.515+0000] {dag.py:3096} INFO - Sync 1 DAGs
[2024-06-26T06:06:55.386+0000] {logging_mixin.py:188} INFO - [2024-06-26T06:06:55.374+0000] {dag.py:3954} INFO - Setting next_dagrun for tutorial_dag to None, run_after=None
[2024-06-26T06:06:55.990+0000] {processor.py:183} INFO - Processing /home/airflow/.local/lib/python3.12/site-packages/airflow/example_dags/tutorial_dag.py took 3.446 seconds
[2024-06-26T06:21:19.647+0000] {processor.py:161} INFO - Started process (PID=74) to work on /home/airflow/.local/lib/python3.12/site-packages/airflow/example_dags/tutorial_dag.py
[2024-06-26T06:21:19.652+0000] {processor.py:830} INFO - Processing file /home/airflow/.local/lib/python3.12/site-packages/airflow/example_dags/tutorial_dag.py for tasks to queue
[2024-06-26T06:21:19.675+0000] {logging_mixin.py:188} INFO - [2024-06-26T06:21:19.661+0000] {dagbag.py:545} INFO - Filling up the DagBag from /home/airflow/.local/lib/python3.12/site-packages/airflow/example_dags/tutorial_dag.py
[2024-06-26T06:21:19.739+0000] {processor.py:840} INFO - DAG(s) 'tutorial_dag' retrieved from /home/airflow/.local/lib/python3.12/site-packages/airflow/example_dags/tutorial_dag.py
[2024-06-26T06:21:20.002+0000] {logging_mixin.py:188} INFO - [2024-06-26T06:21:20.001+0000] {dag.py:3096} INFO - Sync 1 DAGs
[2024-06-26T06:21:20.106+0000] {logging_mixin.py:188} INFO - [2024-06-26T06:21:20.105+0000] {dag.py:3954} INFO - Setting next_dagrun for tutorial_dag to None, run_after=None
[2024-06-26T06:21:20.339+0000] {processor.py:183} INFO - Processing /home/airflow/.local/lib/python3.12/site-packages/airflow/example_dags/tutorial_dag.py took 0.728 seconds
[2024-06-26T06:22:42.366+0000] {processor.py:161} INFO - Started process (PID=148) to work on /home/airflow/.local/lib/python3.12/site-packages/airflow/example_dags/tutorial_dag.py
[2024-06-26T06:22:42.392+0000] {processor.py:830} INFO - Processing file /home/airflow/.local/lib/python3.12/site-packages/airflow/example_dags/tutorial_dag.py for tasks to queue
[2024-06-26T06:22:42.420+0000] {logging_mixin.py:188} INFO - [2024-06-26T06:22:42.419+0000] {dagbag.py:545} INFO - Filling up the DagBag from /home/airflow/.local/lib/python3.12/site-packages/airflow/example_dags/tutorial_dag.py
[2024-06-26T06:22:42.509+0000] {processor.py:840} INFO - DAG(s) 'tutorial_dag' retrieved from /home/airflow/.local/lib/python3.12/site-packages/airflow/example_dags/tutorial_dag.py
[2024-06-26T06:22:42.729+0000] {logging_mixin.py:188} INFO - [2024-06-26T06:22:42.728+0000] {dag.py:3096} INFO - Sync 1 DAGs
[2024-06-26T06:22:42.856+0000] {logging_mixin.py:188} INFO - [2024-06-26T06:22:42.855+0000] {dag.py:3954} INFO - Setting next_dagrun for tutorial_dag to None, run_after=None
[2024-06-26T06:22:43.089+0000] {processor.py:183} INFO - Processing /home/airflow/.local/lib/python3.12/site-packages/airflow/example_dags/tutorial_dag.py took 0.777 seconds
[2024-06-26T06:23:33.139+0000] {processor.py:161} INFO - Started process (PID=186) to work on /home/airflow/.local/lib/python3.12/site-packages/airflow/example_dags/tutorial_dag.py
[2024-06-26T06:23:33.145+0000] {processor.py:830} INFO - Processing file /home/airflow/.local/lib/python3.12/site-packages/airflow/example_dags/tutorial_dag.py for tasks to queue
[2024-06-26T06:23:33.174+0000] {logging_mixin.py:188} INFO - [2024-06-26T06:23:33.172+0000] {dagbag.py:545} INFO - Filling up the DagBag from /home/airflow/.local/lib/python3.12/site-packages/airflow/example_dags/tutorial_dag.py
[2024-06-26T06:23:33.205+0000] {processor.py:840} INFO - DAG(s) 'tutorial_dag' retrieved from /home/airflow/.local/lib/python3.12/site-packages/airflow/example_dags/tutorial_dag.py
[2024-06-26T06:23:33.376+0000] {logging_mixin.py:188} INFO - [2024-06-26T06:23:33.365+0000] {dag.py:3096} INFO - Sync 1 DAGs
[2024-06-26T06:23:33.572+0000] {logging_mixin.py:188} INFO - [2024-06-26T06:23:33.572+0000] {dag.py:3954} INFO - Setting next_dagrun for tutorial_dag to None, run_after=None
[2024-06-26T06:23:34.316+0000] {processor.py:183} INFO - Processing /home/airflow/.local/lib/python3.12/site-packages/airflow/example_dags/tutorial_dag.py took 1.265 seconds
[2024-06-26T06:24:40.092+0000] {processor.py:161} INFO - Started process (PID=244) to work on /home/airflow/.local/lib/python3.12/site-packages/airflow/example_dags/tutorial_dag.py
[2024-06-26T06:24:40.109+0000] {processor.py:830} INFO - Processing file /home/airflow/.local/lib/python3.12/site-packages/airflow/example_dags/tutorial_dag.py for tasks to queue
[2024-06-26T06:24:40.154+0000] {logging_mixin.py:188} INFO - [2024-06-26T06:24:40.139+0000] {dagbag.py:545} INFO - Filling up the DagBag from /home/airflow/.local/lib/python3.12/site-packages/airflow/example_dags/tutorial_dag.py
[2024-06-26T06:24:40.322+0000] {processor.py:840} INFO - DAG(s) 'tutorial_dag' retrieved from /home/airflow/.local/lib/python3.12/site-packages/airflow/example_dags/tutorial_dag.py
[2024-06-26T06:24:42.126+0000] {logging_mixin.py:188} INFO - [2024-06-26T06:24:42.125+0000] {dag.py:3096} INFO - Sync 1 DAGs
[2024-06-26T06:24:42.307+0000] {logging_mixin.py:188} INFO - [2024-06-26T06:24:42.306+0000] {dag.py:3954} INFO - Setting next_dagrun for tutorial_dag to None, run_after=None
[2024-06-26T06:24:42.695+0000] {processor.py:183} INFO - Processing /home/airflow/.local/lib/python3.12/site-packages/airflow/example_dags/tutorial_dag.py took 2.701 seconds
[2024-06-26T06:25:25.519+0000] {processor.py:161} INFO - Started process (PID=288) to work on /home/airflow/.local/lib/python3.12/site-packages/airflow/example_dags/tutorial_dag.py
[2024-06-26T06:25:25.526+0000] {processor.py:830} INFO - Processing file /home/airflow/.local/lib/python3.12/site-packages/airflow/example_dags/tutorial_dag.py for tasks to queue
[2024-06-26T06:25:25.544+0000] {logging_mixin.py:188} INFO - [2024-06-26T06:25:25.542+0000] {dagbag.py:545} INFO - Filling up the DagBag from /home/airflow/.local/lib/python3.12/site-packages/airflow/example_dags/tutorial_dag.py
[2024-06-26T06:25:25.595+0000] {processor.py:840} INFO - DAG(s) 'tutorial_dag' retrieved from /home/airflow/.local/lib/python3.12/site-packages/airflow/example_dags/tutorial_dag.py
[2024-06-26T06:25:25.743+0000] {logging_mixin.py:188} INFO - [2024-06-26T06:25:25.742+0000] {dag.py:3096} INFO - Sync 1 DAGs
[2024-06-26T06:25:25.831+0000] {logging_mixin.py:188} INFO - [2024-06-26T06:25:25.830+0000] {dag.py:3954} INFO - Setting next_dagrun for tutorial_dag to None, run_after=None
[2024-06-26T06:25:25.961+0000] {processor.py:183} INFO - Processing /home/airflow/.local/lib/python3.12/site-packages/airflow/example_dags/tutorial_dag.py took 0.475 seconds
[2024-06-26T06:25:56.230+0000] {processor.py:161} INFO - Started process (PID=348) to work on /home/airflow/.local/lib/python3.12/site-packages/airflow/example_dags/tutorial_dag.py
[2024-06-26T06:25:56.234+0000] {processor.py:830} INFO - Processing file /home/airflow/.local/lib/python3.12/site-packages/airflow/example_dags/tutorial_dag.py for tasks to queue
[2024-06-26T06:25:56.242+0000] {logging_mixin.py:188} INFO - [2024-06-26T06:25:56.241+0000] {dagbag.py:545} INFO - Filling up the DagBag from /home/airflow/.local/lib/python3.12/site-packages/airflow/example_dags/tutorial_dag.py
[2024-06-26T06:25:56.262+0000] {processor.py:840} INFO - DAG(s) 'tutorial_dag' retrieved from /home/airflow/.local/lib/python3.12/site-packages/airflow/example_dags/tutorial_dag.py
[2024-06-26T06:25:56.344+0000] {logging_mixin.py:188} INFO - [2024-06-26T06:25:56.343+0000] {dag.py:3096} INFO - Sync 1 DAGs
[2024-06-26T06:25:56.406+0000] {logging_mixin.py:188} INFO - [2024-06-26T06:25:56.405+0000] {dag.py:3954} INFO - Setting next_dagrun for tutorial_dag to None, run_after=None
[2024-06-26T06:25:56.494+0000] {processor.py:183} INFO - Processing /home/airflow/.local/lib/python3.12/site-packages/airflow/example_dags/tutorial_dag.py took 0.293 seconds
[2024-06-26T06:40:04.548+0000] {processor.py:161} INFO - Started process (PID=56) to work on /home/airflow/.local/lib/python3.12/site-packages/airflow/example_dags/tutorial_dag.py
[2024-06-26T06:40:04.563+0000] {processor.py:830} INFO - Processing file /home/airflow/.local/lib/python3.12/site-packages/airflow/example_dags/tutorial_dag.py for tasks to queue
[2024-06-26T06:40:04.581+0000] {logging_mixin.py:188} INFO - [2024-06-26T06:40:04.579+0000] {dagbag.py:545} INFO - Filling up the DagBag from /home/airflow/.local/lib/python3.12/site-packages/airflow/example_dags/tutorial_dag.py
[2024-06-26T06:40:05.083+0000] {processor.py:840} INFO - DAG(s) 'tutorial_dag' retrieved from /home/airflow/.local/lib/python3.12/site-packages/airflow/example_dags/tutorial_dag.py
[2024-06-26T06:40:07.163+0000] {logging_mixin.py:188} INFO - [2024-06-26T06:40:07.162+0000] {dag.py:3096} INFO - Sync 1 DAGs
[2024-06-26T06:40:07.306+0000] {logging_mixin.py:188} INFO - [2024-06-26T06:40:07.305+0000] {dag.py:3954} INFO - Setting next_dagrun for tutorial_dag to None, run_after=None
[2024-06-26T06:40:07.553+0000] {processor.py:183} INFO - Processing /home/airflow/.local/lib/python3.12/site-packages/airflow/example_dags/tutorial_dag.py took 3.055 seconds
[2024-06-26T06:41:11.680+0000] {processor.py:161} INFO - Started process (PID=125) to work on /home/airflow/.local/lib/python3.12/site-packages/airflow/example_dags/tutorial_dag.py
[2024-06-26T06:41:11.684+0000] {processor.py:830} INFO - Processing file /home/airflow/.local/lib/python3.12/site-packages/airflow/example_dags/tutorial_dag.py for tasks to queue
[2024-06-26T06:41:11.693+0000] {logging_mixin.py:188} INFO - [2024-06-26T06:41:11.692+0000] {dagbag.py:545} INFO - Filling up the DagBag from /home/airflow/.local/lib/python3.12/site-packages/airflow/example_dags/tutorial_dag.py
[2024-06-26T06:41:11.717+0000] {processor.py:840} INFO - DAG(s) 'tutorial_dag' retrieved from /home/airflow/.local/lib/python3.12/site-packages/airflow/example_dags/tutorial_dag.py
[2024-06-26T06:41:11.872+0000] {logging_mixin.py:188} INFO - [2024-06-26T06:41:11.871+0000] {dag.py:3096} INFO - Sync 1 DAGs
[2024-06-26T06:41:11.953+0000] {logging_mixin.py:188} INFO - [2024-06-26T06:41:11.952+0000] {dag.py:3954} INFO - Setting next_dagrun for tutorial_dag to None, run_after=None
[2024-06-26T06:41:12.075+0000] {processor.py:183} INFO - Processing /home/airflow/.local/lib/python3.12/site-packages/airflow/example_dags/tutorial_dag.py took 0.425 seconds
[2024-06-26T06:41:42.201+0000] {processor.py:161} INFO - Started process (PID=187) to work on /home/airflow/.local/lib/python3.12/site-packages/airflow/example_dags/tutorial_dag.py
[2024-06-26T06:41:42.203+0000] {processor.py:830} INFO - Processing file /home/airflow/.local/lib/python3.12/site-packages/airflow/example_dags/tutorial_dag.py for tasks to queue
[2024-06-26T06:41:42.205+0000] {logging_mixin.py:188} INFO - [2024-06-26T06:41:42.205+0000] {dagbag.py:545} INFO - Filling up the DagBag from /home/airflow/.local/lib/python3.12/site-packages/airflow/example_dags/tutorial_dag.py
[2024-06-26T06:41:42.211+0000] {processor.py:840} INFO - DAG(s) 'tutorial_dag' retrieved from /home/airflow/.local/lib/python3.12/site-packages/airflow/example_dags/tutorial_dag.py
[2024-06-26T06:41:42.240+0000] {logging_mixin.py:188} INFO - [2024-06-26T06:41:42.239+0000] {dag.py:3096} INFO - Sync 1 DAGs
[2024-06-26T06:41:42.258+0000] {logging_mixin.py:188} INFO - [2024-06-26T06:41:42.258+0000] {dag.py:3954} INFO - Setting next_dagrun for tutorial_dag to None, run_after=None
[2024-06-26T06:41:42.288+0000] {processor.py:183} INFO - Processing /home/airflow/.local/lib/python3.12/site-packages/airflow/example_dags/tutorial_dag.py took 0.094 seconds
[2024-06-26T06:42:12.875+0000] {processor.py:161} INFO - Started process (PID=249) to work on /home/airflow/.local/lib/python3.12/site-packages/airflow/example_dags/tutorial_dag.py
[2024-06-26T06:42:12.877+0000] {processor.py:830} INFO - Processing file /home/airflow/.local/lib/python3.12/site-packages/airflow/example_dags/tutorial_dag.py for tasks to queue
[2024-06-26T06:42:12.879+0000] {logging_mixin.py:188} INFO - [2024-06-26T06:42:12.879+0000] {dagbag.py:545} INFO - Filling up the DagBag from /home/airflow/.local/lib/python3.12/site-packages/airflow/example_dags/tutorial_dag.py
[2024-06-26T06:42:12.886+0000] {processor.py:840} INFO - DAG(s) 'tutorial_dag' retrieved from /home/airflow/.local/lib/python3.12/site-packages/airflow/example_dags/tutorial_dag.py
[2024-06-26T06:42:12.914+0000] {logging_mixin.py:188} INFO - [2024-06-26T06:42:12.913+0000] {dag.py:3096} INFO - Sync 1 DAGs
[2024-06-26T06:42:12.934+0000] {logging_mixin.py:188} INFO - [2024-06-26T06:42:12.933+0000] {dag.py:3954} INFO - Setting next_dagrun for tutorial_dag to None, run_after=None
[2024-06-26T06:42:12.970+0000] {processor.py:183} INFO - Processing /home/airflow/.local/lib/python3.12/site-packages/airflow/example_dags/tutorial_dag.py took 0.103 seconds
[2024-06-26T06:42:43.206+0000] {processor.py:161} INFO - Started process (PID=316) to work on /home/airflow/.local/lib/python3.12/site-packages/airflow/example_dags/tutorial_dag.py
[2024-06-26T06:42:43.207+0000] {processor.py:830} INFO - Processing file /home/airflow/.local/lib/python3.12/site-packages/airflow/example_dags/tutorial_dag.py for tasks to queue
[2024-06-26T06:42:43.210+0000] {logging_mixin.py:188} INFO - [2024-06-26T06:42:43.210+0000] {dagbag.py:545} INFO - Filling up the DagBag from /home/airflow/.local/lib/python3.12/site-packages/airflow/example_dags/tutorial_dag.py
[2024-06-26T06:42:43.217+0000] {processor.py:840} INFO - DAG(s) 'tutorial_dag' retrieved from /home/airflow/.local/lib/python3.12/site-packages/airflow/example_dags/tutorial_dag.py
[2024-06-26T06:42:43.246+0000] {logging_mixin.py:188} INFO - [2024-06-26T06:42:43.246+0000] {dag.py:3096} INFO - Sync 1 DAGs
[2024-06-26T06:42:43.265+0000] {logging_mixin.py:188} INFO - [2024-06-26T06:42:43.265+0000] {dag.py:3954} INFO - Setting next_dagrun for tutorial_dag to None, run_after=None
[2024-06-26T06:42:43.298+0000] {processor.py:183} INFO - Processing /home/airflow/.local/lib/python3.12/site-packages/airflow/example_dags/tutorial_dag.py took 0.100 seconds
[2024-06-26T06:43:13.579+0000] {processor.py:161} INFO - Started process (PID=377) to work on /home/airflow/.local/lib/python3.12/site-packages/airflow/example_dags/tutorial_dag.py
[2024-06-26T06:43:13.585+0000] {processor.py:830} INFO - Processing file /home/airflow/.local/lib/python3.12/site-packages/airflow/example_dags/tutorial_dag.py for tasks to queue
[2024-06-26T06:43:13.592+0000] {logging_mixin.py:188} INFO - [2024-06-26T06:43:13.591+0000] {dagbag.py:545} INFO - Filling up the DagBag from /home/airflow/.local/lib/python3.12/site-packages/airflow/example_dags/tutorial_dag.py
[2024-06-26T06:43:13.611+0000] {processor.py:840} INFO - DAG(s) 'tutorial_dag' retrieved from /home/airflow/.local/lib/python3.12/site-packages/airflow/example_dags/tutorial_dag.py
[2024-06-26T06:43:13.695+0000] {logging_mixin.py:188} INFO - [2024-06-26T06:43:13.694+0000] {dag.py:3096} INFO - Sync 1 DAGs
[2024-06-26T06:43:13.745+0000] {logging_mixin.py:188} INFO - [2024-06-26T06:43:13.744+0000] {dag.py:3954} INFO - Setting next_dagrun for tutorial_dag to None, run_after=None
[2024-06-26T06:43:13.819+0000] {processor.py:183} INFO - Processing /home/airflow/.local/lib/python3.12/site-packages/airflow/example_dags/tutorial_dag.py took 0.267 seconds
[2024-06-26T06:43:44.116+0000] {processor.py:161} INFO - Started process (PID=437) to work on /home/airflow/.local/lib/python3.12/site-packages/airflow/example_dags/tutorial_dag.py
[2024-06-26T06:43:44.118+0000] {processor.py:830} INFO - Processing file /home/airflow/.local/lib/python3.12/site-packages/airflow/example_dags/tutorial_dag.py for tasks to queue
[2024-06-26T06:43:44.120+0000] {logging_mixin.py:188} INFO - [2024-06-26T06:43:44.120+0000] {dagbag.py:545} INFO - Filling up the DagBag from /home/airflow/.local/lib/python3.12/site-packages/airflow/example_dags/tutorial_dag.py
[2024-06-26T06:43:44.127+0000] {processor.py:840} INFO - DAG(s) 'tutorial_dag' retrieved from /home/airflow/.local/lib/python3.12/site-packages/airflow/example_dags/tutorial_dag.py
[2024-06-26T06:43:44.152+0000] {logging_mixin.py:188} INFO - [2024-06-26T06:43:44.152+0000] {dag.py:3096} INFO - Sync 1 DAGs
[2024-06-26T06:43:44.169+0000] {logging_mixin.py:188} INFO - [2024-06-26T06:43:44.168+0000] {dag.py:3954} INFO - Setting next_dagrun for tutorial_dag to None, run_after=None
[2024-06-26T06:43:44.196+0000] {processor.py:183} INFO - Processing /home/airflow/.local/lib/python3.12/site-packages/airflow/example_dags/tutorial_dag.py took 0.087 seconds
[2024-06-26T06:44:15.532+0000] {processor.py:161} INFO - Started process (PID=499) to work on /home/airflow/.local/lib/python3.12/site-packages/airflow/example_dags/tutorial_dag.py
[2024-06-26T06:44:15.536+0000] {processor.py:830} INFO - Processing file /home/airflow/.local/lib/python3.12/site-packages/airflow/example_dags/tutorial_dag.py for tasks to queue
[2024-06-26T06:44:15.546+0000] {logging_mixin.py:188} INFO - [2024-06-26T06:44:15.544+0000] {dagbag.py:545} INFO - Filling up the DagBag from /home/airflow/.local/lib/python3.12/site-packages/airflow/example_dags/tutorial_dag.py
[2024-06-26T06:44:15.568+0000] {processor.py:840} INFO - DAG(s) 'tutorial_dag' retrieved from /home/airflow/.local/lib/python3.12/site-packages/airflow/example_dags/tutorial_dag.py
[2024-06-26T06:44:15.655+0000] {logging_mixin.py:188} INFO - [2024-06-26T06:44:15.654+0000] {dag.py:3096} INFO - Sync 1 DAGs
[2024-06-26T06:44:15.728+0000] {logging_mixin.py:188} INFO - [2024-06-26T06:44:15.727+0000] {dag.py:3954} INFO - Setting next_dagrun for tutorial_dag to None, run_after=None
[2024-06-26T06:44:15.831+0000] {processor.py:183} INFO - Processing /home/airflow/.local/lib/python3.12/site-packages/airflow/example_dags/tutorial_dag.py took 0.324 seconds
[2024-06-26T06:44:52.650+0000] {processor.py:161} INFO - Started process (PID=560) to work on /home/airflow/.local/lib/python3.12/site-packages/airflow/example_dags/tutorial_dag.py
[2024-06-26T06:44:52.662+0000] {processor.py:830} INFO - Processing file /home/airflow/.local/lib/python3.12/site-packages/airflow/example_dags/tutorial_dag.py for tasks to queue
[2024-06-26T06:44:52.681+0000] {logging_mixin.py:188} INFO - [2024-06-26T06:44:52.680+0000] {dagbag.py:545} INFO - Filling up the DagBag from /home/airflow/.local/lib/python3.12/site-packages/airflow/example_dags/tutorial_dag.py
[2024-06-26T06:44:52.733+0000] {processor.py:840} INFO - DAG(s) 'tutorial_dag' retrieved from /home/airflow/.local/lib/python3.12/site-packages/airflow/example_dags/tutorial_dag.py
[2024-06-26T06:44:52.882+0000] {logging_mixin.py:188} INFO - [2024-06-26T06:44:52.881+0000] {dag.py:3096} INFO - Sync 1 DAGs
[2024-06-26T06:44:53.020+0000] {logging_mixin.py:188} INFO - [2024-06-26T06:44:53.019+0000] {dag.py:3954} INFO - Setting next_dagrun for tutorial_dag to None, run_after=None
[2024-06-26T06:44:53.113+0000] {processor.py:183} INFO - Processing /home/airflow/.local/lib/python3.12/site-packages/airflow/example_dags/tutorial_dag.py took 0.518 seconds
[2024-06-26T06:45:51.176+0000] {processor.py:161} INFO - Started process (PID=623) to work on /home/airflow/.local/lib/python3.12/site-packages/airflow/example_dags/tutorial_dag.py
[2024-06-26T06:45:51.192+0000] {processor.py:830} INFO - Processing file /home/airflow/.local/lib/python3.12/site-packages/airflow/example_dags/tutorial_dag.py for tasks to queue
[2024-06-26T06:45:51.223+0000] {logging_mixin.py:188} INFO - [2024-06-26T06:45:51.209+0000] {dagbag.py:545} INFO - Filling up the DagBag from /home/airflow/.local/lib/python3.12/site-packages/airflow/example_dags/tutorial_dag.py
[2024-06-26T06:45:51.304+0000] {processor.py:840} INFO - DAG(s) 'tutorial_dag' retrieved from /home/airflow/.local/lib/python3.12/site-packages/airflow/example_dags/tutorial_dag.py
[2024-06-26T06:45:51.609+0000] {logging_mixin.py:188} INFO - [2024-06-26T06:45:51.607+0000] {dag.py:3096} INFO - Sync 1 DAGs
[2024-06-26T06:45:51.888+0000] {logging_mixin.py:188} INFO - [2024-06-26T06:45:51.882+0000] {dag.py:3954} INFO - Setting next_dagrun for tutorial_dag to None, run_after=None
[2024-06-26T06:45:52.270+0000] {processor.py:183} INFO - Processing /home/airflow/.local/lib/python3.12/site-packages/airflow/example_dags/tutorial_dag.py took 1.168 seconds
[2024-06-26T06:47:02.142+0000] {processor.py:161} INFO - Started process (PID=692) to work on /home/airflow/.local/lib/python3.12/site-packages/airflow/example_dags/tutorial_dag.py
[2024-06-26T06:47:02.174+0000] {processor.py:830} INFO - Processing file /home/airflow/.local/lib/python3.12/site-packages/airflow/example_dags/tutorial_dag.py for tasks to queue
[2024-06-26T06:47:02.184+0000] {logging_mixin.py:188} INFO - [2024-06-26T06:47:02.183+0000] {dagbag.py:545} INFO - Filling up the DagBag from /home/airflow/.local/lib/python3.12/site-packages/airflow/example_dags/tutorial_dag.py
[2024-06-26T06:47:02.259+0000] {processor.py:840} INFO - DAG(s) 'tutorial_dag' retrieved from /home/airflow/.local/lib/python3.12/site-packages/airflow/example_dags/tutorial_dag.py
[2024-06-26T06:47:02.478+0000] {logging_mixin.py:188} INFO - [2024-06-26T06:47:02.477+0000] {dag.py:3096} INFO - Sync 1 DAGs
[2024-06-26T06:47:02.680+0000] {logging_mixin.py:188} INFO - [2024-06-26T06:47:02.679+0000] {dag.py:3954} INFO - Setting next_dagrun for tutorial_dag to None, run_after=None
[2024-06-26T06:47:02.925+0000] {processor.py:183} INFO - Processing /home/airflow/.local/lib/python3.12/site-packages/airflow/example_dags/tutorial_dag.py took 0.840 seconds
[2024-06-26T06:47:42.389+0000] {processor.py:161} INFO - Started process (PID=744) to work on /home/airflow/.local/lib/python3.12/site-packages/airflow/example_dags/tutorial_dag.py
[2024-06-26T06:47:42.393+0000] {processor.py:830} INFO - Processing file /home/airflow/.local/lib/python3.12/site-packages/airflow/example_dags/tutorial_dag.py for tasks to queue
[2024-06-26T06:47:42.421+0000] {logging_mixin.py:188} INFO - [2024-06-26T06:47:42.415+0000] {dagbag.py:545} INFO - Filling up the DagBag from /home/airflow/.local/lib/python3.12/site-packages/airflow/example_dags/tutorial_dag.py
[2024-06-26T06:47:42.487+0000] {processor.py:840} INFO - DAG(s) 'tutorial_dag' retrieved from /home/airflow/.local/lib/python3.12/site-packages/airflow/example_dags/tutorial_dag.py
[2024-06-26T06:47:42.750+0000] {logging_mixin.py:188} INFO - [2024-06-26T06:47:42.749+0000] {dag.py:3096} INFO - Sync 1 DAGs
[2024-06-26T06:47:42.932+0000] {logging_mixin.py:188} INFO - [2024-06-26T06:47:42.931+0000] {dag.py:3954} INFO - Setting next_dagrun for tutorial_dag to None, run_after=None
[2024-06-26T06:47:43.214+0000] {processor.py:183} INFO - Processing /home/airflow/.local/lib/python3.12/site-packages/airflow/example_dags/tutorial_dag.py took 0.892 seconds
[2024-06-26T06:48:25.497+0000] {processor.py:161} INFO - Started process (PID=813) to work on /home/airflow/.local/lib/python3.12/site-packages/airflow/example_dags/tutorial_dag.py
[2024-06-26T06:48:25.505+0000] {processor.py:830} INFO - Processing file /home/airflow/.local/lib/python3.12/site-packages/airflow/example_dags/tutorial_dag.py for tasks to queue
[2024-06-26T06:48:25.531+0000] {logging_mixin.py:188} INFO - [2024-06-26T06:48:25.524+0000] {dagbag.py:545} INFO - Filling up the DagBag from /home/airflow/.local/lib/python3.12/site-packages/airflow/example_dags/tutorial_dag.py
[2024-06-26T06:48:25.558+0000] {processor.py:840} INFO - DAG(s) 'tutorial_dag' retrieved from /home/airflow/.local/lib/python3.12/site-packages/airflow/example_dags/tutorial_dag.py
[2024-06-26T06:48:25.715+0000] {logging_mixin.py:188} INFO - [2024-06-26T06:48:25.714+0000] {dag.py:3096} INFO - Sync 1 DAGs
[2024-06-26T06:48:25.765+0000] {logging_mixin.py:188} INFO - [2024-06-26T06:48:25.763+0000] {dag.py:3954} INFO - Setting next_dagrun for tutorial_dag to None, run_after=None
[2024-06-26T06:48:25.843+0000] {processor.py:183} INFO - Processing /home/airflow/.local/lib/python3.12/site-packages/airflow/example_dags/tutorial_dag.py took 0.389 seconds
[2024-06-26T06:48:58.162+0000] {processor.py:161} INFO - Started process (PID=875) to work on /home/airflow/.local/lib/python3.12/site-packages/airflow/example_dags/tutorial_dag.py
[2024-06-26T06:48:58.177+0000] {processor.py:830} INFO - Processing file /home/airflow/.local/lib/python3.12/site-packages/airflow/example_dags/tutorial_dag.py for tasks to queue
[2024-06-26T06:48:58.185+0000] {logging_mixin.py:188} INFO - [2024-06-26T06:48:58.184+0000] {dagbag.py:545} INFO - Filling up the DagBag from /home/airflow/.local/lib/python3.12/site-packages/airflow/example_dags/tutorial_dag.py
[2024-06-26T06:48:58.216+0000] {processor.py:840} INFO - DAG(s) 'tutorial_dag' retrieved from /home/airflow/.local/lib/python3.12/site-packages/airflow/example_dags/tutorial_dag.py
[2024-06-26T06:48:58.370+0000] {logging_mixin.py:188} INFO - [2024-06-26T06:48:58.369+0000] {dag.py:3096} INFO - Sync 1 DAGs
[2024-06-26T06:48:58.475+0000] {logging_mixin.py:188} INFO - [2024-06-26T06:48:58.474+0000] {dag.py:3954} INFO - Setting next_dagrun for tutorial_dag to None, run_after=None
[2024-06-26T06:48:58.635+0000] {processor.py:183} INFO - Processing /home/airflow/.local/lib/python3.12/site-packages/airflow/example_dags/tutorial_dag.py took 0.513 seconds
[2024-06-26T06:49:35.983+0000] {processor.py:161} INFO - Started process (PID=937) to work on /home/airflow/.local/lib/python3.12/site-packages/airflow/example_dags/tutorial_dag.py
[2024-06-26T06:49:35.988+0000] {processor.py:830} INFO - Processing file /home/airflow/.local/lib/python3.12/site-packages/airflow/example_dags/tutorial_dag.py for tasks to queue
[2024-06-26T06:49:36.015+0000] {logging_mixin.py:188} INFO - [2024-06-26T06:49:36.014+0000] {dagbag.py:545} INFO - Filling up the DagBag from /home/airflow/.local/lib/python3.12/site-packages/airflow/example_dags/tutorial_dag.py
[2024-06-26T06:49:36.071+0000] {processor.py:840} INFO - DAG(s) 'tutorial_dag' retrieved from /home/airflow/.local/lib/python3.12/site-packages/airflow/example_dags/tutorial_dag.py
[2024-06-26T06:49:36.326+0000] {logging_mixin.py:188} INFO - [2024-06-26T06:49:36.325+0000] {dag.py:3096} INFO - Sync 1 DAGs
[2024-06-26T06:49:36.597+0000] {logging_mixin.py:188} INFO - [2024-06-26T06:49:36.596+0000] {dag.py:3954} INFO - Setting next_dagrun for tutorial_dag to None, run_after=None
[2024-06-26T06:49:36.960+0000] {processor.py:183} INFO - Processing /home/airflow/.local/lib/python3.12/site-packages/airflow/example_dags/tutorial_dag.py took 1.073 seconds
[2024-06-26T06:50:59.856+0000] {processor.py:161} INFO - Started process (PID=1011) to work on /home/airflow/.local/lib/python3.12/site-packages/airflow/example_dags/tutorial_dag.py
[2024-06-26T06:50:59.865+0000] {processor.py:830} INFO - Processing file /home/airflow/.local/lib/python3.12/site-packages/airflow/example_dags/tutorial_dag.py for tasks to queue
[2024-06-26T06:50:59.923+0000] {logging_mixin.py:188} INFO - [2024-06-26T06:50:59.921+0000] {dagbag.py:545} INFO - Filling up the DagBag from /home/airflow/.local/lib/python3.12/site-packages/airflow/example_dags/tutorial_dag.py
[2024-06-26T06:51:00.149+0000] {processor.py:840} INFO - DAG(s) 'tutorial_dag' retrieved from /home/airflow/.local/lib/python3.12/site-packages/airflow/example_dags/tutorial_dag.py
[2024-06-26T06:51:00.558+0000] {logging_mixin.py:188} INFO - [2024-06-26T06:51:00.557+0000] {dag.py:3096} INFO - Sync 1 DAGs
[2024-06-26T06:51:00.742+0000] {logging_mixin.py:188} INFO - [2024-06-26T06:51:00.730+0000] {dag.py:3954} INFO - Setting next_dagrun for tutorial_dag to None, run_after=None
[2024-06-26T06:51:01.086+0000] {processor.py:183} INFO - Processing /home/airflow/.local/lib/python3.12/site-packages/airflow/example_dags/tutorial_dag.py took 1.592 seconds
[2024-06-26T06:51:45.396+0000] {processor.py:161} INFO - Started process (PID=1070) to work on /home/airflow/.local/lib/python3.12/site-packages/airflow/example_dags/tutorial_dag.py
[2024-06-26T06:51:45.412+0000] {processor.py:830} INFO - Processing file /home/airflow/.local/lib/python3.12/site-packages/airflow/example_dags/tutorial_dag.py for tasks to queue
[2024-06-26T06:51:45.419+0000] {logging_mixin.py:188} INFO - [2024-06-26T06:51:45.418+0000] {dagbag.py:545} INFO - Filling up the DagBag from /home/airflow/.local/lib/python3.12/site-packages/airflow/example_dags/tutorial_dag.py
[2024-06-26T06:51:45.452+0000] {processor.py:840} INFO - DAG(s) 'tutorial_dag' retrieved from /home/airflow/.local/lib/python3.12/site-packages/airflow/example_dags/tutorial_dag.py
[2024-06-26T06:51:45.581+0000] {logging_mixin.py:188} INFO - [2024-06-26T06:51:45.580+0000] {dag.py:3096} INFO - Sync 1 DAGs
[2024-06-26T06:51:45.711+0000] {logging_mixin.py:188} INFO - [2024-06-26T06:51:45.710+0000] {dag.py:3954} INFO - Setting next_dagrun for tutorial_dag to None, run_after=None
[2024-06-26T06:51:45.983+0000] {processor.py:183} INFO - Processing /home/airflow/.local/lib/python3.12/site-packages/airflow/example_dags/tutorial_dag.py took 0.626 seconds
[2024-06-26T06:52:16.925+0000] {processor.py:161} INFO - Started process (PID=1131) to work on /home/airflow/.local/lib/python3.12/site-packages/airflow/example_dags/tutorial_dag.py
[2024-06-26T06:52:16.927+0000] {processor.py:830} INFO - Processing file /home/airflow/.local/lib/python3.12/site-packages/airflow/example_dags/tutorial_dag.py for tasks to queue
[2024-06-26T06:52:16.931+0000] {logging_mixin.py:188} INFO - [2024-06-26T06:52:16.930+0000] {dagbag.py:545} INFO - Filling up the DagBag from /home/airflow/.local/lib/python3.12/site-packages/airflow/example_dags/tutorial_dag.py
[2024-06-26T06:52:16.940+0000] {processor.py:840} INFO - DAG(s) 'tutorial_dag' retrieved from /home/airflow/.local/lib/python3.12/site-packages/airflow/example_dags/tutorial_dag.py
[2024-06-26T06:52:16.986+0000] {logging_mixin.py:188} INFO - [2024-06-26T06:52:16.985+0000] {dag.py:3096} INFO - Sync 1 DAGs
[2024-06-26T06:52:17.018+0000] {logging_mixin.py:188} INFO - [2024-06-26T06:52:17.017+0000] {dag.py:3954} INFO - Setting next_dagrun for tutorial_dag to None, run_after=None
[2024-06-26T06:52:17.072+0000] {processor.py:183} INFO - Processing /home/airflow/.local/lib/python3.12/site-packages/airflow/example_dags/tutorial_dag.py took 0.158 seconds
[2024-06-26T06:52:47.217+0000] {processor.py:161} INFO - Started process (PID=1193) to work on /home/airflow/.local/lib/python3.12/site-packages/airflow/example_dags/tutorial_dag.py
[2024-06-26T06:52:47.218+0000] {processor.py:830} INFO - Processing file /home/airflow/.local/lib/python3.12/site-packages/airflow/example_dags/tutorial_dag.py for tasks to queue
[2024-06-26T06:52:47.221+0000] {logging_mixin.py:188} INFO - [2024-06-26T06:52:47.221+0000] {dagbag.py:545} INFO - Filling up the DagBag from /home/airflow/.local/lib/python3.12/site-packages/airflow/example_dags/tutorial_dag.py
[2024-06-26T06:52:47.227+0000] {processor.py:840} INFO - DAG(s) 'tutorial_dag' retrieved from /home/airflow/.local/lib/python3.12/site-packages/airflow/example_dags/tutorial_dag.py
[2024-06-26T06:52:47.253+0000] {logging_mixin.py:188} INFO - [2024-06-26T06:52:47.253+0000] {dag.py:3096} INFO - Sync 1 DAGs
[2024-06-26T06:52:47.268+0000] {logging_mixin.py:188} INFO - [2024-06-26T06:52:47.268+0000] {dag.py:3954} INFO - Setting next_dagrun for tutorial_dag to None, run_after=None
[2024-06-26T06:52:47.294+0000] {processor.py:183} INFO - Processing /home/airflow/.local/lib/python3.12/site-packages/airflow/example_dags/tutorial_dag.py took 0.083 seconds
[2024-06-26T06:53:17.936+0000] {processor.py:161} INFO - Started process (PID=1255) to work on /home/airflow/.local/lib/python3.12/site-packages/airflow/example_dags/tutorial_dag.py
[2024-06-26T06:53:17.937+0000] {processor.py:830} INFO - Processing file /home/airflow/.local/lib/python3.12/site-packages/airflow/example_dags/tutorial_dag.py for tasks to queue
[2024-06-26T06:53:17.941+0000] {logging_mixin.py:188} INFO - [2024-06-26T06:53:17.940+0000] {dagbag.py:545} INFO - Filling up the DagBag from /home/airflow/.local/lib/python3.12/site-packages/airflow/example_dags/tutorial_dag.py
[2024-06-26T06:53:17.948+0000] {processor.py:840} INFO - DAG(s) 'tutorial_dag' retrieved from /home/airflow/.local/lib/python3.12/site-packages/airflow/example_dags/tutorial_dag.py
[2024-06-26T06:53:17.977+0000] {logging_mixin.py:188} INFO - [2024-06-26T06:53:17.976+0000] {dag.py:3096} INFO - Sync 1 DAGs
[2024-06-26T06:53:17.994+0000] {logging_mixin.py:188} INFO - [2024-06-26T06:53:17.993+0000] {dag.py:3954} INFO - Setting next_dagrun for tutorial_dag to None, run_after=None
[2024-06-26T06:53:18.023+0000] {processor.py:183} INFO - Processing /home/airflow/.local/lib/python3.12/site-packages/airflow/example_dags/tutorial_dag.py took 0.095 seconds
[2024-06-26T06:53:48.342+0000] {processor.py:161} INFO - Started process (PID=1317) to work on /home/airflow/.local/lib/python3.12/site-packages/airflow/example_dags/tutorial_dag.py
[2024-06-26T06:53:48.344+0000] {processor.py:830} INFO - Processing file /home/airflow/.local/lib/python3.12/site-packages/airflow/example_dags/tutorial_dag.py for tasks to queue
[2024-06-26T06:53:48.348+0000] {logging_mixin.py:188} INFO - [2024-06-26T06:53:48.348+0000] {dagbag.py:545} INFO - Filling up the DagBag from /home/airflow/.local/lib/python3.12/site-packages/airflow/example_dags/tutorial_dag.py
[2024-06-26T06:53:48.359+0000] {processor.py:840} INFO - DAG(s) 'tutorial_dag' retrieved from /home/airflow/.local/lib/python3.12/site-packages/airflow/example_dags/tutorial_dag.py
[2024-06-26T06:53:48.399+0000] {logging_mixin.py:188} INFO - [2024-06-26T06:53:48.398+0000] {dag.py:3096} INFO - Sync 1 DAGs
[2024-06-26T06:53:48.426+0000] {logging_mixin.py:188} INFO - [2024-06-26T06:53:48.425+0000] {dag.py:3954} INFO - Setting next_dagrun for tutorial_dag to None, run_after=None
[2024-06-26T06:53:48.468+0000] {processor.py:183} INFO - Processing /home/airflow/.local/lib/python3.12/site-packages/airflow/example_dags/tutorial_dag.py took 0.137 seconds
[2024-06-26T06:54:34.511+0000] {processor.py:161} INFO - Started process (PID=1385) to work on /home/airflow/.local/lib/python3.12/site-packages/airflow/example_dags/tutorial_dag.py
[2024-06-26T06:54:34.516+0000] {processor.py:830} INFO - Processing file /home/airflow/.local/lib/python3.12/site-packages/airflow/example_dags/tutorial_dag.py for tasks to queue
[2024-06-26T06:54:34.543+0000] {logging_mixin.py:188} INFO - [2024-06-26T06:54:34.541+0000] {dagbag.py:545} INFO - Filling up the DagBag from /home/airflow/.local/lib/python3.12/site-packages/airflow/example_dags/tutorial_dag.py
[2024-06-26T06:54:34.608+0000] {processor.py:840} INFO - DAG(s) 'tutorial_dag' retrieved from /home/airflow/.local/lib/python3.12/site-packages/airflow/example_dags/tutorial_dag.py
[2024-06-26T06:54:34.801+0000] {logging_mixin.py:188} INFO - [2024-06-26T06:54:34.800+0000] {dag.py:3096} INFO - Sync 1 DAGs
[2024-06-26T06:54:34.951+0000] {logging_mixin.py:188} INFO - [2024-06-26T06:54:34.950+0000] {dag.py:3954} INFO - Setting next_dagrun for tutorial_dag to None, run_after=None
[2024-06-26T06:54:35.182+0000] {processor.py:183} INFO - Processing /home/airflow/.local/lib/python3.12/site-packages/airflow/example_dags/tutorial_dag.py took 0.719 seconds
[2024-06-26T06:55:28.641+0000] {processor.py:161} INFO - Started process (PID=1412) to work on /home/airflow/.local/lib/python3.12/site-packages/airflow/example_dags/tutorial_dag.py
[2024-06-26T06:55:28.656+0000] {processor.py:830} INFO - Processing file /home/airflow/.local/lib/python3.12/site-packages/airflow/example_dags/tutorial_dag.py for tasks to queue
[2024-06-26T06:55:28.670+0000] {logging_mixin.py:188} INFO - [2024-06-26T06:55:28.658+0000] {dagbag.py:545} INFO - Filling up the DagBag from /home/airflow/.local/lib/python3.12/site-packages/airflow/example_dags/tutorial_dag.py
[2024-06-26T06:55:28.737+0000] {processor.py:840} INFO - DAG(s) 'tutorial_dag' retrieved from /home/airflow/.local/lib/python3.12/site-packages/airflow/example_dags/tutorial_dag.py
[2024-06-26T06:55:29.012+0000] {logging_mixin.py:188} INFO - [2024-06-26T06:55:29.011+0000] {dag.py:3096} INFO - Sync 1 DAGs
[2024-06-26T06:55:29.192+0000] {logging_mixin.py:188} INFO - [2024-06-26T06:55:29.191+0000] {dag.py:3954} INFO - Setting next_dagrun for tutorial_dag to None, run_after=None
[2024-06-26T06:55:29.423+0000] {processor.py:183} INFO - Processing /home/airflow/.local/lib/python3.12/site-packages/airflow/example_dags/tutorial_dag.py took 1.013 seconds
[2024-06-26T06:56:23.399+0000] {processor.py:161} INFO - Started process (PID=1473) to work on /home/airflow/.local/lib/python3.12/site-packages/airflow/example_dags/tutorial_dag.py
[2024-06-26T06:56:23.415+0000] {processor.py:830} INFO - Processing file /home/airflow/.local/lib/python3.12/site-packages/airflow/example_dags/tutorial_dag.py for tasks to queue
[2024-06-26T06:56:23.420+0000] {logging_mixin.py:188} INFO - [2024-06-26T06:56:23.418+0000] {dagbag.py:545} INFO - Filling up the DagBag from /home/airflow/.local/lib/python3.12/site-packages/airflow/example_dags/tutorial_dag.py
[2024-06-26T06:56:23.486+0000] {processor.py:840} INFO - DAG(s) 'tutorial_dag' retrieved from /home/airflow/.local/lib/python3.12/site-packages/airflow/example_dags/tutorial_dag.py
[2024-06-26T06:56:23.714+0000] {logging_mixin.py:188} INFO - [2024-06-26T06:56:23.713+0000] {dag.py:3096} INFO - Sync 1 DAGs
[2024-06-26T06:56:23.904+0000] {logging_mixin.py:188} INFO - [2024-06-26T06:56:23.903+0000] {dag.py:3954} INFO - Setting next_dagrun for tutorial_dag to None, run_after=None
[2024-06-26T06:56:24.179+0000] {processor.py:183} INFO - Processing /home/airflow/.local/lib/python3.12/site-packages/airflow/example_dags/tutorial_dag.py took 0.841 seconds
[2024-06-26T06:57:16.065+0000] {processor.py:161} INFO - Started process (PID=1540) to work on /home/airflow/.local/lib/python3.12/site-packages/airflow/example_dags/tutorial_dag.py
[2024-06-26T06:57:16.080+0000] {processor.py:830} INFO - Processing file /home/airflow/.local/lib/python3.12/site-packages/airflow/example_dags/tutorial_dag.py for tasks to queue
[2024-06-26T06:57:16.097+0000] {logging_mixin.py:188} INFO - [2024-06-26T06:57:16.094+0000] {dagbag.py:545} INFO - Filling up the DagBag from /home/airflow/.local/lib/python3.12/site-packages/airflow/example_dags/tutorial_dag.py
[2024-06-26T06:57:16.177+0000] {processor.py:840} INFO - DAG(s) 'tutorial_dag' retrieved from /home/airflow/.local/lib/python3.12/site-packages/airflow/example_dags/tutorial_dag.py
[2024-06-26T06:57:16.482+0000] {logging_mixin.py:188} INFO - [2024-06-26T06:57:16.481+0000] {dag.py:3096} INFO - Sync 1 DAGs
[2024-06-26T06:57:16.780+0000] {logging_mixin.py:188} INFO - [2024-06-26T06:57:16.766+0000] {dag.py:3954} INFO - Setting next_dagrun for tutorial_dag to None, run_after=None
[2024-06-26T06:57:17.202+0000] {processor.py:183} INFO - Processing /home/airflow/.local/lib/python3.12/site-packages/airflow/example_dags/tutorial_dag.py took 1.205 seconds
[2024-06-26T06:58:04.829+0000] {processor.py:161} INFO - Started process (PID=1590) to work on /home/airflow/.local/lib/python3.12/site-packages/airflow/example_dags/tutorial_dag.py
[2024-06-26T06:58:04.834+0000] {processor.py:830} INFO - Processing file /home/airflow/.local/lib/python3.12/site-packages/airflow/example_dags/tutorial_dag.py for tasks to queue
[2024-06-26T06:58:05.114+0000] {logging_mixin.py:188} INFO - [2024-06-26T06:58:05.112+0000] {dagbag.py:545} INFO - Filling up the DagBag from /home/airflow/.local/lib/python3.12/site-packages/airflow/example_dags/tutorial_dag.py
[2024-06-26T06:58:05.217+0000] {processor.py:840} INFO - DAG(s) 'tutorial_dag' retrieved from /home/airflow/.local/lib/python3.12/site-packages/airflow/example_dags/tutorial_dag.py
[2024-06-26T06:58:05.516+0000] {logging_mixin.py:188} INFO - [2024-06-26T06:58:05.503+0000] {dag.py:3096} INFO - Sync 1 DAGs
[2024-06-26T06:58:05.745+0000] {logging_mixin.py:188} INFO - [2024-06-26T06:58:05.744+0000] {dag.py:3954} INFO - Setting next_dagrun for tutorial_dag to None, run_after=None
[2024-06-26T06:58:06.083+0000] {processor.py:183} INFO - Processing /home/airflow/.local/lib/python3.12/site-packages/airflow/example_dags/tutorial_dag.py took 1.320 seconds
[2024-06-26T06:58:53.811+0000] {processor.py:161} INFO - Started process (PID=1659) to work on /home/airflow/.local/lib/python3.12/site-packages/airflow/example_dags/tutorial_dag.py
[2024-06-26T06:58:53.826+0000] {processor.py:830} INFO - Processing file /home/airflow/.local/lib/python3.12/site-packages/airflow/example_dags/tutorial_dag.py for tasks to queue
[2024-06-26T06:58:53.842+0000] {logging_mixin.py:188} INFO - [2024-06-26T06:58:53.840+0000] {dagbag.py:545} INFO - Filling up the DagBag from /home/airflow/.local/lib/python3.12/site-packages/airflow/example_dags/tutorial_dag.py
[2024-06-26T06:58:53.954+0000] {processor.py:840} INFO - DAG(s) 'tutorial_dag' retrieved from /home/airflow/.local/lib/python3.12/site-packages/airflow/example_dags/tutorial_dag.py
[2024-06-26T06:58:54.249+0000] {logging_mixin.py:188} INFO - [2024-06-26T06:58:54.237+0000] {dag.py:3096} INFO - Sync 1 DAGs
[2024-06-26T06:58:54.401+0000] {logging_mixin.py:188} INFO - [2024-06-26T06:58:54.400+0000] {dag.py:3954} INFO - Setting next_dagrun for tutorial_dag to None, run_after=None
[2024-06-26T06:58:54.654+0000] {processor.py:183} INFO - Processing /home/airflow/.local/lib/python3.12/site-packages/airflow/example_dags/tutorial_dag.py took 0.926 seconds
[2024-06-26T06:59:30.865+0000] {processor.py:161} INFO - Started process (PID=1716) to work on /home/airflow/.local/lib/python3.12/site-packages/airflow/example_dags/tutorial_dag.py
[2024-06-26T06:59:30.868+0000] {processor.py:830} INFO - Processing file /home/airflow/.local/lib/python3.12/site-packages/airflow/example_dags/tutorial_dag.py for tasks to queue
[2024-06-26T06:59:30.872+0000] {logging_mixin.py:188} INFO - [2024-06-26T06:59:30.871+0000] {dagbag.py:545} INFO - Filling up the DagBag from /home/airflow/.local/lib/python3.12/site-packages/airflow/example_dags/tutorial_dag.py
[2024-06-26T06:59:30.901+0000] {processor.py:840} INFO - DAG(s) 'tutorial_dag' retrieved from /home/airflow/.local/lib/python3.12/site-packages/airflow/example_dags/tutorial_dag.py
[2024-06-26T06:59:30.988+0000] {logging_mixin.py:188} INFO - [2024-06-26T06:59:30.987+0000] {dag.py:3096} INFO - Sync 1 DAGs
[2024-06-26T06:59:31.032+0000] {logging_mixin.py:188} INFO - [2024-06-26T06:59:31.031+0000] {dag.py:3954} INFO - Setting next_dagrun for tutorial_dag to None, run_after=None
[2024-06-26T06:59:31.124+0000] {processor.py:183} INFO - Processing /home/airflow/.local/lib/python3.12/site-packages/airflow/example_dags/tutorial_dag.py took 0.282 seconds
[2024-06-26T07:00:05.528+0000] {processor.py:161} INFO - Started process (PID=1772) to work on /home/airflow/.local/lib/python3.12/site-packages/airflow/example_dags/tutorial_dag.py
[2024-06-26T07:00:05.531+0000] {processor.py:830} INFO - Processing file /home/airflow/.local/lib/python3.12/site-packages/airflow/example_dags/tutorial_dag.py for tasks to queue
[2024-06-26T07:00:05.536+0000] {logging_mixin.py:188} INFO - [2024-06-26T07:00:05.535+0000] {dagbag.py:545} INFO - Filling up the DagBag from /home/airflow/.local/lib/python3.12/site-packages/airflow/example_dags/tutorial_dag.py
[2024-06-26T07:00:05.586+0000] {processor.py:840} INFO - DAG(s) 'tutorial_dag' retrieved from /home/airflow/.local/lib/python3.12/site-packages/airflow/example_dags/tutorial_dag.py
[2024-06-26T07:00:05.871+0000] {logging_mixin.py:188} INFO - [2024-06-26T07:00:05.871+0000] {dag.py:3096} INFO - Sync 1 DAGs
[2024-06-26T07:00:06.131+0000] {logging_mixin.py:188} INFO - [2024-06-26T07:00:06.130+0000] {dag.py:3954} INFO - Setting next_dagrun for tutorial_dag to None, run_after=None
[2024-06-26T07:00:06.333+0000] {processor.py:183} INFO - Processing /home/airflow/.local/lib/python3.12/site-packages/airflow/example_dags/tutorial_dag.py took 0.859 seconds
[2024-06-26T07:00:36.894+0000] {processor.py:161} INFO - Started process (PID=1834) to work on /home/airflow/.local/lib/python3.12/site-packages/airflow/example_dags/tutorial_dag.py
[2024-06-26T07:00:36.895+0000] {processor.py:830} INFO - Processing file /home/airflow/.local/lib/python3.12/site-packages/airflow/example_dags/tutorial_dag.py for tasks to queue
[2024-06-26T07:00:36.897+0000] {logging_mixin.py:188} INFO - [2024-06-26T07:00:36.896+0000] {dagbag.py:545} INFO - Filling up the DagBag from /home/airflow/.local/lib/python3.12/site-packages/airflow/example_dags/tutorial_dag.py
[2024-06-26T07:00:36.904+0000] {processor.py:840} INFO - DAG(s) 'tutorial_dag' retrieved from /home/airflow/.local/lib/python3.12/site-packages/airflow/example_dags/tutorial_dag.py
[2024-06-26T07:00:36.932+0000] {logging_mixin.py:188} INFO - [2024-06-26T07:00:36.932+0000] {dag.py:3096} INFO - Sync 1 DAGs
[2024-06-26T07:00:36.950+0000] {logging_mixin.py:188} INFO - [2024-06-26T07:00:36.950+0000] {dag.py:3954} INFO - Setting next_dagrun for tutorial_dag to None, run_after=None
[2024-06-26T07:00:36.981+0000] {processor.py:183} INFO - Processing /home/airflow/.local/lib/python3.12/site-packages/airflow/example_dags/tutorial_dag.py took 0.094 seconds
[2024-06-26T07:01:07.463+0000] {processor.py:161} INFO - Started process (PID=1896) to work on /home/airflow/.local/lib/python3.12/site-packages/airflow/example_dags/tutorial_dag.py
[2024-06-26T07:01:07.464+0000] {processor.py:830} INFO - Processing file /home/airflow/.local/lib/python3.12/site-packages/airflow/example_dags/tutorial_dag.py for tasks to queue
[2024-06-26T07:01:07.465+0000] {logging_mixin.py:188} INFO - [2024-06-26T07:01:07.464+0000] {dagbag.py:545} INFO - Filling up the DagBag from /home/airflow/.local/lib/python3.12/site-packages/airflow/example_dags/tutorial_dag.py
[2024-06-26T07:01:07.469+0000] {processor.py:840} INFO - DAG(s) 'tutorial_dag' retrieved from /home/airflow/.local/lib/python3.12/site-packages/airflow/example_dags/tutorial_dag.py
[2024-06-26T07:01:07.486+0000] {logging_mixin.py:188} INFO - [2024-06-26T07:01:07.486+0000] {dag.py:3096} INFO - Sync 1 DAGs
[2024-06-26T07:01:07.496+0000] {logging_mixin.py:188} INFO - [2024-06-26T07:01:07.496+0000] {dag.py:3954} INFO - Setting next_dagrun for tutorial_dag to None, run_after=None
[2024-06-26T07:01:07.515+0000] {processor.py:183} INFO - Processing /home/airflow/.local/lib/python3.12/site-packages/airflow/example_dags/tutorial_dag.py took 0.057 seconds
[2024-06-26T07:01:38.476+0000] {processor.py:161} INFO - Started process (PID=1959) to work on /home/airflow/.local/lib/python3.12/site-packages/airflow/example_dags/tutorial_dag.py
[2024-06-26T07:01:38.477+0000] {processor.py:830} INFO - Processing file /home/airflow/.local/lib/python3.12/site-packages/airflow/example_dags/tutorial_dag.py for tasks to queue
[2024-06-26T07:01:38.478+0000] {logging_mixin.py:188} INFO - [2024-06-26T07:01:38.478+0000] {dagbag.py:545} INFO - Filling up the DagBag from /home/airflow/.local/lib/python3.12/site-packages/airflow/example_dags/tutorial_dag.py
[2024-06-26T07:01:38.485+0000] {processor.py:840} INFO - DAG(s) 'tutorial_dag' retrieved from /home/airflow/.local/lib/python3.12/site-packages/airflow/example_dags/tutorial_dag.py
[2024-06-26T07:01:38.512+0000] {logging_mixin.py:188} INFO - [2024-06-26T07:01:38.512+0000] {dag.py:3096} INFO - Sync 1 DAGs
[2024-06-26T07:01:38.527+0000] {logging_mixin.py:188} INFO - [2024-06-26T07:01:38.527+0000] {dag.py:3954} INFO - Setting next_dagrun for tutorial_dag to None, run_after=None
[2024-06-26T07:01:38.557+0000] {processor.py:183} INFO - Processing /home/airflow/.local/lib/python3.12/site-packages/airflow/example_dags/tutorial_dag.py took 0.088 seconds
[2024-06-26T07:02:09.036+0000] {processor.py:161} INFO - Started process (PID=2022) to work on /home/airflow/.local/lib/python3.12/site-packages/airflow/example_dags/tutorial_dag.py
[2024-06-26T07:02:09.037+0000] {processor.py:830} INFO - Processing file /home/airflow/.local/lib/python3.12/site-packages/airflow/example_dags/tutorial_dag.py for tasks to queue
[2024-06-26T07:02:09.038+0000] {logging_mixin.py:188} INFO - [2024-06-26T07:02:09.038+0000] {dagbag.py:545} INFO - Filling up the DagBag from /home/airflow/.local/lib/python3.12/site-packages/airflow/example_dags/tutorial_dag.py
[2024-06-26T07:02:09.042+0000] {processor.py:840} INFO - DAG(s) 'tutorial_dag' retrieved from /home/airflow/.local/lib/python3.12/site-packages/airflow/example_dags/tutorial_dag.py
[2024-06-26T07:02:09.061+0000] {logging_mixin.py:188} INFO - [2024-06-26T07:02:09.061+0000] {dag.py:3096} INFO - Sync 1 DAGs
[2024-06-26T07:02:09.073+0000] {logging_mixin.py:188} INFO - [2024-06-26T07:02:09.073+0000] {dag.py:3954} INFO - Setting next_dagrun for tutorial_dag to None, run_after=None
[2024-06-26T07:02:09.096+0000] {processor.py:183} INFO - Processing /home/airflow/.local/lib/python3.12/site-packages/airflow/example_dags/tutorial_dag.py took 0.065 seconds
[2024-06-26T07:02:39.762+0000] {processor.py:161} INFO - Started process (PID=2085) to work on /home/airflow/.local/lib/python3.12/site-packages/airflow/example_dags/tutorial_dag.py
[2024-06-26T07:02:39.763+0000] {processor.py:830} INFO - Processing file /home/airflow/.local/lib/python3.12/site-packages/airflow/example_dags/tutorial_dag.py for tasks to queue
[2024-06-26T07:02:39.764+0000] {logging_mixin.py:188} INFO - [2024-06-26T07:02:39.763+0000] {dagbag.py:545} INFO - Filling up the DagBag from /home/airflow/.local/lib/python3.12/site-packages/airflow/example_dags/tutorial_dag.py
[2024-06-26T07:02:39.768+0000] {processor.py:840} INFO - DAG(s) 'tutorial_dag' retrieved from /home/airflow/.local/lib/python3.12/site-packages/airflow/example_dags/tutorial_dag.py
[2024-06-26T07:02:39.784+0000] {logging_mixin.py:188} INFO - [2024-06-26T07:02:39.784+0000] {dag.py:3096} INFO - Sync 1 DAGs
[2024-06-26T07:02:39.794+0000] {logging_mixin.py:188} INFO - [2024-06-26T07:02:39.794+0000] {dag.py:3954} INFO - Setting next_dagrun for tutorial_dag to None, run_after=None
[2024-06-26T07:02:39.813+0000] {processor.py:183} INFO - Processing /home/airflow/.local/lib/python3.12/site-packages/airflow/example_dags/tutorial_dag.py took 0.055 seconds
[2024-06-26T07:03:10.401+0000] {processor.py:161} INFO - Started process (PID=2148) to work on /home/airflow/.local/lib/python3.12/site-packages/airflow/example_dags/tutorial_dag.py
[2024-06-26T07:03:10.403+0000] {processor.py:830} INFO - Processing file /home/airflow/.local/lib/python3.12/site-packages/airflow/example_dags/tutorial_dag.py for tasks to queue
[2024-06-26T07:03:10.405+0000] {logging_mixin.py:188} INFO - [2024-06-26T07:03:10.404+0000] {dagbag.py:545} INFO - Filling up the DagBag from /home/airflow/.local/lib/python3.12/site-packages/airflow/example_dags/tutorial_dag.py
[2024-06-26T07:03:10.412+0000] {processor.py:840} INFO - DAG(s) 'tutorial_dag' retrieved from /home/airflow/.local/lib/python3.12/site-packages/airflow/example_dags/tutorial_dag.py
[2024-06-26T07:03:10.444+0000] {logging_mixin.py:188} INFO - [2024-06-26T07:03:10.444+0000] {dag.py:3096} INFO - Sync 1 DAGs
[2024-06-26T07:03:10.464+0000] {logging_mixin.py:188} INFO - [2024-06-26T07:03:10.463+0000] {dag.py:3954} INFO - Setting next_dagrun for tutorial_dag to None, run_after=None
[2024-06-26T07:03:10.499+0000] {processor.py:183} INFO - Processing /home/airflow/.local/lib/python3.12/site-packages/airflow/example_dags/tutorial_dag.py took 0.107 seconds
[2024-06-26T07:03:40.914+0000] {processor.py:161} INFO - Started process (PID=2213) to work on /home/airflow/.local/lib/python3.12/site-packages/airflow/example_dags/tutorial_dag.py
[2024-06-26T07:03:40.915+0000] {processor.py:830} INFO - Processing file /home/airflow/.local/lib/python3.12/site-packages/airflow/example_dags/tutorial_dag.py for tasks to queue
[2024-06-26T07:03:40.916+0000] {logging_mixin.py:188} INFO - [2024-06-26T07:03:40.916+0000] {dagbag.py:545} INFO - Filling up the DagBag from /home/airflow/.local/lib/python3.12/site-packages/airflow/example_dags/tutorial_dag.py
[2024-06-26T07:03:40.921+0000] {processor.py:840} INFO - DAG(s) 'tutorial_dag' retrieved from /home/airflow/.local/lib/python3.12/site-packages/airflow/example_dags/tutorial_dag.py
[2024-06-26T07:03:40.944+0000] {logging_mixin.py:188} INFO - [2024-06-26T07:03:40.943+0000] {dag.py:3096} INFO - Sync 1 DAGs
[2024-06-26T07:03:40.959+0000] {logging_mixin.py:188} INFO - [2024-06-26T07:03:40.959+0000] {dag.py:3954} INFO - Setting next_dagrun for tutorial_dag to None, run_after=None
[2024-06-26T07:03:40.983+0000] {processor.py:183} INFO - Processing /home/airflow/.local/lib/python3.12/site-packages/airflow/example_dags/tutorial_dag.py took 0.074 seconds
[2024-06-26T07:04:11.514+0000] {processor.py:161} INFO - Started process (PID=2277) to work on /home/airflow/.local/lib/python3.12/site-packages/airflow/example_dags/tutorial_dag.py
[2024-06-26T07:04:11.516+0000] {processor.py:830} INFO - Processing file /home/airflow/.local/lib/python3.12/site-packages/airflow/example_dags/tutorial_dag.py for tasks to queue
[2024-06-26T07:04:11.518+0000] {logging_mixin.py:188} INFO - [2024-06-26T07:04:11.517+0000] {dagbag.py:545} INFO - Filling up the DagBag from /home/airflow/.local/lib/python3.12/site-packages/airflow/example_dags/tutorial_dag.py
[2024-06-26T07:04:11.530+0000] {processor.py:840} INFO - DAG(s) 'tutorial_dag' retrieved from /home/airflow/.local/lib/python3.12/site-packages/airflow/example_dags/tutorial_dag.py
[2024-06-26T07:04:11.584+0000] {logging_mixin.py:188} INFO - [2024-06-26T07:04:11.584+0000] {dag.py:3096} INFO - Sync 1 DAGs
[2024-06-26T07:04:11.619+0000] {logging_mixin.py:188} INFO - [2024-06-26T07:04:11.618+0000] {dag.py:3954} INFO - Setting next_dagrun for tutorial_dag to None, run_after=None
[2024-06-26T07:04:11.671+0000] {processor.py:183} INFO - Processing /home/airflow/.local/lib/python3.12/site-packages/airflow/example_dags/tutorial_dag.py took 0.169 seconds
[2024-06-26T07:04:42.185+0000] {processor.py:161} INFO - Started process (PID=2341) to work on /home/airflow/.local/lib/python3.12/site-packages/airflow/example_dags/tutorial_dag.py
[2024-06-26T07:04:42.187+0000] {processor.py:830} INFO - Processing file /home/airflow/.local/lib/python3.12/site-packages/airflow/example_dags/tutorial_dag.py for tasks to queue
[2024-06-26T07:04:42.188+0000] {logging_mixin.py:188} INFO - [2024-06-26T07:04:42.188+0000] {dagbag.py:545} INFO - Filling up the DagBag from /home/airflow/.local/lib/python3.12/site-packages/airflow/example_dags/tutorial_dag.py
[2024-06-26T07:04:42.197+0000] {processor.py:840} INFO - DAG(s) 'tutorial_dag' retrieved from /home/airflow/.local/lib/python3.12/site-packages/airflow/example_dags/tutorial_dag.py
[2024-06-26T07:04:42.233+0000] {logging_mixin.py:188} INFO - [2024-06-26T07:04:42.232+0000] {dag.py:3096} INFO - Sync 1 DAGs
[2024-06-26T07:04:42.253+0000] {logging_mixin.py:188} INFO - [2024-06-26T07:04:42.253+0000] {dag.py:3954} INFO - Setting next_dagrun for tutorial_dag to None, run_after=None
[2024-06-26T07:04:42.289+0000] {processor.py:183} INFO - Processing /home/airflow/.local/lib/python3.12/site-packages/airflow/example_dags/tutorial_dag.py took 0.113 seconds
[2024-06-26T07:05:13.163+0000] {processor.py:161} INFO - Started process (PID=2408) to work on /home/airflow/.local/lib/python3.12/site-packages/airflow/example_dags/tutorial_dag.py
[2024-06-26T07:05:13.174+0000] {processor.py:830} INFO - Processing file /home/airflow/.local/lib/python3.12/site-packages/airflow/example_dags/tutorial_dag.py for tasks to queue
[2024-06-26T07:05:13.178+0000] {logging_mixin.py:188} INFO - [2024-06-26T07:05:13.177+0000] {dagbag.py:545} INFO - Filling up the DagBag from /home/airflow/.local/lib/python3.12/site-packages/airflow/example_dags/tutorial_dag.py
[2024-06-26T07:05:13.216+0000] {processor.py:840} INFO - DAG(s) 'tutorial_dag' retrieved from /home/airflow/.local/lib/python3.12/site-packages/airflow/example_dags/tutorial_dag.py
[2024-06-26T07:05:13.391+0000] {logging_mixin.py:188} INFO - [2024-06-26T07:05:13.391+0000] {dag.py:3096} INFO - Sync 1 DAGs
[2024-06-26T07:05:13.508+0000] {logging_mixin.py:188} INFO - [2024-06-26T07:05:13.507+0000] {dag.py:3954} INFO - Setting next_dagrun for tutorial_dag to None, run_after=None
[2024-06-26T07:05:13.681+0000] {processor.py:183} INFO - Processing /home/airflow/.local/lib/python3.12/site-packages/airflow/example_dags/tutorial_dag.py took 0.550 seconds
[2024-06-26T07:05:43.891+0000] {processor.py:161} INFO - Started process (PID=2477) to work on /home/airflow/.local/lib/python3.12/site-packages/airflow/example_dags/tutorial_dag.py
[2024-06-26T07:05:43.893+0000] {processor.py:830} INFO - Processing file /home/airflow/.local/lib/python3.12/site-packages/airflow/example_dags/tutorial_dag.py for tasks to queue
[2024-06-26T07:05:43.896+0000] {logging_mixin.py:188} INFO - [2024-06-26T07:05:43.895+0000] {dagbag.py:545} INFO - Filling up the DagBag from /home/airflow/.local/lib/python3.12/site-packages/airflow/example_dags/tutorial_dag.py
[2024-06-26T07:05:43.903+0000] {processor.py:840} INFO - DAG(s) 'tutorial_dag' retrieved from /home/airflow/.local/lib/python3.12/site-packages/airflow/example_dags/tutorial_dag.py
[2024-06-26T07:05:43.932+0000] {logging_mixin.py:188} INFO - [2024-06-26T07:05:43.932+0000] {dag.py:3096} INFO - Sync 1 DAGs
[2024-06-26T07:05:43.951+0000] {logging_mixin.py:188} INFO - [2024-06-26T07:05:43.950+0000] {dag.py:3954} INFO - Setting next_dagrun for tutorial_dag to None, run_after=None
[2024-06-26T07:05:43.984+0000] {processor.py:183} INFO - Processing /home/airflow/.local/lib/python3.12/site-packages/airflow/example_dags/tutorial_dag.py took 0.101 seconds
[2024-06-26T07:06:14.283+0000] {processor.py:161} INFO - Started process (PID=2539) to work on /home/airflow/.local/lib/python3.12/site-packages/airflow/example_dags/tutorial_dag.py
[2024-06-26T07:06:14.284+0000] {processor.py:830} INFO - Processing file /home/airflow/.local/lib/python3.12/site-packages/airflow/example_dags/tutorial_dag.py for tasks to queue
[2024-06-26T07:06:14.285+0000] {logging_mixin.py:188} INFO - [2024-06-26T07:06:14.284+0000] {dagbag.py:545} INFO - Filling up the DagBag from /home/airflow/.local/lib/python3.12/site-packages/airflow/example_dags/tutorial_dag.py
[2024-06-26T07:06:14.289+0000] {processor.py:840} INFO - DAG(s) 'tutorial_dag' retrieved from /home/airflow/.local/lib/python3.12/site-packages/airflow/example_dags/tutorial_dag.py
[2024-06-26T07:06:14.306+0000] {logging_mixin.py:188} INFO - [2024-06-26T07:06:14.306+0000] {dag.py:3096} INFO - Sync 1 DAGs
[2024-06-26T07:06:14.315+0000] {logging_mixin.py:188} INFO - [2024-06-26T07:06:14.315+0000] {dag.py:3954} INFO - Setting next_dagrun for tutorial_dag to None, run_after=None
[2024-06-26T07:06:14.334+0000] {processor.py:183} INFO - Processing /home/airflow/.local/lib/python3.12/site-packages/airflow/example_dags/tutorial_dag.py took 0.056 seconds
[2024-06-26T07:06:44.928+0000] {processor.py:161} INFO - Started process (PID=2601) to work on /home/airflow/.local/lib/python3.12/site-packages/airflow/example_dags/tutorial_dag.py
[2024-06-26T07:06:44.928+0000] {processor.py:830} INFO - Processing file /home/airflow/.local/lib/python3.12/site-packages/airflow/example_dags/tutorial_dag.py for tasks to queue
[2024-06-26T07:06:44.929+0000] {logging_mixin.py:188} INFO - [2024-06-26T07:06:44.929+0000] {dagbag.py:545} INFO - Filling up the DagBag from /home/airflow/.local/lib/python3.12/site-packages/airflow/example_dags/tutorial_dag.py
[2024-06-26T07:06:44.933+0000] {processor.py:840} INFO - DAG(s) 'tutorial_dag' retrieved from /home/airflow/.local/lib/python3.12/site-packages/airflow/example_dags/tutorial_dag.py
[2024-06-26T07:06:44.951+0000] {logging_mixin.py:188} INFO - [2024-06-26T07:06:44.951+0000] {dag.py:3096} INFO - Sync 1 DAGs
[2024-06-26T07:06:44.961+0000] {logging_mixin.py:188} INFO - [2024-06-26T07:06:44.961+0000] {dag.py:3954} INFO - Setting next_dagrun for tutorial_dag to None, run_after=None
[2024-06-26T07:06:44.979+0000] {processor.py:183} INFO - Processing /home/airflow/.local/lib/python3.12/site-packages/airflow/example_dags/tutorial_dag.py took 0.056 seconds
[2024-06-26T07:07:15.211+0000] {processor.py:161} INFO - Started process (PID=2663) to work on /home/airflow/.local/lib/python3.12/site-packages/airflow/example_dags/tutorial_dag.py
[2024-06-26T07:07:15.215+0000] {processor.py:830} INFO - Processing file /home/airflow/.local/lib/python3.12/site-packages/airflow/example_dags/tutorial_dag.py for tasks to queue
[2024-06-26T07:07:15.218+0000] {logging_mixin.py:188} INFO - [2024-06-26T07:07:15.217+0000] {dagbag.py:545} INFO - Filling up the DagBag from /home/airflow/.local/lib/python3.12/site-packages/airflow/example_dags/tutorial_dag.py
[2024-06-26T07:07:15.236+0000] {processor.py:840} INFO - DAG(s) 'tutorial_dag' retrieved from /home/airflow/.local/lib/python3.12/site-packages/airflow/example_dags/tutorial_dag.py
[2024-06-26T07:07:15.299+0000] {logging_mixin.py:188} INFO - [2024-06-26T07:07:15.299+0000] {dag.py:3096} INFO - Sync 1 DAGs
[2024-06-26T07:07:15.331+0000] {logging_mixin.py:188} INFO - [2024-06-26T07:07:15.331+0000] {dag.py:3954} INFO - Setting next_dagrun for tutorial_dag to None, run_after=None
[2024-06-26T07:07:15.389+0000] {processor.py:183} INFO - Processing /home/airflow/.local/lib/python3.12/site-packages/airflow/example_dags/tutorial_dag.py took 0.193 seconds
[2024-06-26T07:07:48.600+0000] {processor.py:161} INFO - Started process (PID=2726) to work on /home/airflow/.local/lib/python3.12/site-packages/airflow/example_dags/tutorial_dag.py
[2024-06-26T07:07:48.605+0000] {processor.py:830} INFO - Processing file /home/airflow/.local/lib/python3.12/site-packages/airflow/example_dags/tutorial_dag.py for tasks to queue
[2024-06-26T07:07:48.634+0000] {logging_mixin.py:188} INFO - [2024-06-26T07:07:48.632+0000] {dagbag.py:545} INFO - Filling up the DagBag from /home/airflow/.local/lib/python3.12/site-packages/airflow/example_dags/tutorial_dag.py
[2024-06-26T07:07:48.710+0000] {processor.py:840} INFO - DAG(s) 'tutorial_dag' retrieved from /home/airflow/.local/lib/python3.12/site-packages/airflow/example_dags/tutorial_dag.py
[2024-06-26T07:07:48.965+0000] {logging_mixin.py:188} INFO - [2024-06-26T07:07:48.964+0000] {dag.py:3096} INFO - Sync 1 DAGs
[2024-06-26T07:07:49.289+0000] {logging_mixin.py:188} INFO - [2024-06-26T07:07:49.288+0000] {dag.py:3954} INFO - Setting next_dagrun for tutorial_dag to None, run_after=None
[2024-06-26T07:07:49.468+0000] {processor.py:183} INFO - Processing /home/airflow/.local/lib/python3.12/site-packages/airflow/example_dags/tutorial_dag.py took 0.956 seconds
[2024-06-26T07:08:19.563+0000] {processor.py:161} INFO - Started process (PID=2787) to work on /home/airflow/.local/lib/python3.12/site-packages/airflow/example_dags/tutorial_dag.py
[2024-06-26T07:08:19.565+0000] {processor.py:830} INFO - Processing file /home/airflow/.local/lib/python3.12/site-packages/airflow/example_dags/tutorial_dag.py for tasks to queue
[2024-06-26T07:08:19.566+0000] {logging_mixin.py:188} INFO - [2024-06-26T07:08:19.566+0000] {dagbag.py:545} INFO - Filling up the DagBag from /home/airflow/.local/lib/python3.12/site-packages/airflow/example_dags/tutorial_dag.py
[2024-06-26T07:08:19.573+0000] {processor.py:840} INFO - DAG(s) 'tutorial_dag' retrieved from /home/airflow/.local/lib/python3.12/site-packages/airflow/example_dags/tutorial_dag.py
[2024-06-26T07:08:19.607+0000] {logging_mixin.py:188} INFO - [2024-06-26T07:08:19.607+0000] {dag.py:3096} INFO - Sync 1 DAGs
[2024-06-26T07:08:19.627+0000] {logging_mixin.py:188} INFO - [2024-06-26T07:08:19.626+0000] {dag.py:3954} INFO - Setting next_dagrun for tutorial_dag to None, run_after=None
[2024-06-26T07:08:19.659+0000] {processor.py:183} INFO - Processing /home/airflow/.local/lib/python3.12/site-packages/airflow/example_dags/tutorial_dag.py took 0.105 seconds
[2024-06-26T07:08:58.269+0000] {processor.py:161} INFO - Started process (PID=2850) to work on /home/airflow/.local/lib/python3.12/site-packages/airflow/example_dags/tutorial_dag.py
[2024-06-26T07:08:58.312+0000] {processor.py:830} INFO - Processing file /home/airflow/.local/lib/python3.12/site-packages/airflow/example_dags/tutorial_dag.py for tasks to queue
[2024-06-26T07:08:58.354+0000] {logging_mixin.py:188} INFO - [2024-06-26T07:08:58.353+0000] {dagbag.py:545} INFO - Filling up the DagBag from /home/airflow/.local/lib/python3.12/site-packages/airflow/example_dags/tutorial_dag.py
[2024-06-26T07:08:58.433+0000] {processor.py:840} INFO - DAG(s) 'tutorial_dag' retrieved from /home/airflow/.local/lib/python3.12/site-packages/airflow/example_dags/tutorial_dag.py
[2024-06-26T07:08:58.589+0000] {logging_mixin.py:188} INFO - [2024-06-26T07:08:58.588+0000] {dag.py:3096} INFO - Sync 1 DAGs
[2024-06-26T07:08:58.788+0000] {logging_mixin.py:188} INFO - [2024-06-26T07:08:58.787+0000] {dag.py:3954} INFO - Setting next_dagrun for tutorial_dag to None, run_after=None
[2024-06-26T07:08:59.071+0000] {processor.py:183} INFO - Processing /home/airflow/.local/lib/python3.12/site-packages/airflow/example_dags/tutorial_dag.py took 0.885 seconds
[2024-06-26T07:09:40.314+0000] {processor.py:161} INFO - Started process (PID=2907) to work on /home/airflow/.local/lib/python3.12/site-packages/airflow/example_dags/tutorial_dag.py
[2024-06-26T07:09:40.331+0000] {processor.py:830} INFO - Processing file /home/airflow/.local/lib/python3.12/site-packages/airflow/example_dags/tutorial_dag.py for tasks to queue
[2024-06-26T07:09:40.402+0000] {logging_mixin.py:188} INFO - [2024-06-26T07:09:40.400+0000] {dagbag.py:545} INFO - Filling up the DagBag from /home/airflow/.local/lib/python3.12/site-packages/airflow/example_dags/tutorial_dag.py
[2024-06-26T07:09:40.490+0000] {processor.py:840} INFO - DAG(s) 'tutorial_dag' retrieved from /home/airflow/.local/lib/python3.12/site-packages/airflow/example_dags/tutorial_dag.py
[2024-06-26T07:09:40.805+0000] {logging_mixin.py:188} INFO - [2024-06-26T07:09:40.793+0000] {dag.py:3096} INFO - Sync 1 DAGs
[2024-06-26T07:09:40.974+0000] {logging_mixin.py:188} INFO - [2024-06-26T07:09:40.962+0000] {dag.py:3954} INFO - Setting next_dagrun for tutorial_dag to None, run_after=None
[2024-06-26T07:09:41.213+0000] {processor.py:183} INFO - Processing /home/airflow/.local/lib/python3.12/site-packages/airflow/example_dags/tutorial_dag.py took 0.991 seconds
[2024-06-26T07:10:44.046+0000] {processor.py:161} INFO - Started process (PID=2975) to work on /home/airflow/.local/lib/python3.12/site-packages/airflow/example_dags/tutorial_dag.py
[2024-06-26T07:10:44.061+0000] {processor.py:830} INFO - Processing file /home/airflow/.local/lib/python3.12/site-packages/airflow/example_dags/tutorial_dag.py for tasks to queue
[2024-06-26T07:10:44.078+0000] {logging_mixin.py:188} INFO - [2024-06-26T07:10:44.067+0000] {dagbag.py:545} INFO - Filling up the DagBag from /home/airflow/.local/lib/python3.12/site-packages/airflow/example_dags/tutorial_dag.py
[2024-06-26T07:10:44.134+0000] {processor.py:840} INFO - DAG(s) 'tutorial_dag' retrieved from /home/airflow/.local/lib/python3.12/site-packages/airflow/example_dags/tutorial_dag.py
[2024-06-26T07:10:44.322+0000] {logging_mixin.py:188} INFO - [2024-06-26T07:10:44.321+0000] {dag.py:3096} INFO - Sync 1 DAGs
[2024-06-26T07:10:44.400+0000] {logging_mixin.py:188} INFO - [2024-06-26T07:10:44.399+0000] {dag.py:3954} INFO - Setting next_dagrun for tutorial_dag to None, run_after=None
[2024-06-26T07:10:44.539+0000] {processor.py:183} INFO - Processing /home/airflow/.local/lib/python3.12/site-packages/airflow/example_dags/tutorial_dag.py took 0.549 seconds
[2024-06-26T07:11:15.232+0000] {processor.py:161} INFO - Started process (PID=3038) to work on /home/airflow/.local/lib/python3.12/site-packages/airflow/example_dags/tutorial_dag.py
[2024-06-26T07:11:15.238+0000] {processor.py:830} INFO - Processing file /home/airflow/.local/lib/python3.12/site-packages/airflow/example_dags/tutorial_dag.py for tasks to queue
[2024-06-26T07:11:15.243+0000] {logging_mixin.py:188} INFO - [2024-06-26T07:11:15.242+0000] {dagbag.py:545} INFO - Filling up the DagBag from /home/airflow/.local/lib/python3.12/site-packages/airflow/example_dags/tutorial_dag.py
[2024-06-26T07:11:15.263+0000] {processor.py:840} INFO - DAG(s) 'tutorial_dag' retrieved from /home/airflow/.local/lib/python3.12/site-packages/airflow/example_dags/tutorial_dag.py
[2024-06-26T07:11:15.388+0000] {logging_mixin.py:188} INFO - [2024-06-26T07:11:15.387+0000] {dag.py:3096} INFO - Sync 1 DAGs
[2024-06-26T07:11:15.452+0000] {logging_mixin.py:188} INFO - [2024-06-26T07:11:15.451+0000] {dag.py:3954} INFO - Setting next_dagrun for tutorial_dag to None, run_after=None
[2024-06-26T07:11:15.519+0000] {processor.py:183} INFO - Processing /home/airflow/.local/lib/python3.12/site-packages/airflow/example_dags/tutorial_dag.py took 0.360 seconds
[2024-06-26T07:11:50.699+0000] {processor.py:161} INFO - Started process (PID=3103) to work on /home/airflow/.local/lib/python3.12/site-packages/airflow/example_dags/tutorial_dag.py
[2024-06-26T07:11:50.703+0000] {processor.py:830} INFO - Processing file /home/airflow/.local/lib/python3.12/site-packages/airflow/example_dags/tutorial_dag.py for tasks to queue
[2024-06-26T07:11:50.708+0000] {logging_mixin.py:188} INFO - [2024-06-26T07:11:50.707+0000] {dagbag.py:545} INFO - Filling up the DagBag from /home/airflow/.local/lib/python3.12/site-packages/airflow/example_dags/tutorial_dag.py
[2024-06-26T07:11:50.736+0000] {processor.py:840} INFO - DAG(s) 'tutorial_dag' retrieved from /home/airflow/.local/lib/python3.12/site-packages/airflow/example_dags/tutorial_dag.py
[2024-06-26T07:11:50.822+0000] {logging_mixin.py:188} INFO - [2024-06-26T07:11:50.821+0000] {dag.py:3096} INFO - Sync 1 DAGs
[2024-06-26T07:11:50.895+0000] {logging_mixin.py:188} INFO - [2024-06-26T07:11:50.894+0000] {dag.py:3954} INFO - Setting next_dagrun for tutorial_dag to None, run_after=None
[2024-06-26T07:11:50.995+0000] {processor.py:183} INFO - Processing /home/airflow/.local/lib/python3.12/site-packages/airflow/example_dags/tutorial_dag.py took 0.319 seconds
[2024-06-26T07:12:28.806+0000] {processor.py:161} INFO - Started process (PID=3166) to work on /home/airflow/.local/lib/python3.12/site-packages/airflow/example_dags/tutorial_dag.py
[2024-06-26T07:12:28.820+0000] {processor.py:830} INFO - Processing file /home/airflow/.local/lib/python3.12/site-packages/airflow/example_dags/tutorial_dag.py for tasks to queue
[2024-06-26T07:12:28.828+0000] {logging_mixin.py:188} INFO - [2024-06-26T07:12:28.826+0000] {dagbag.py:545} INFO - Filling up the DagBag from /home/airflow/.local/lib/python3.12/site-packages/airflow/example_dags/tutorial_dag.py
[2024-06-26T07:12:28.892+0000] {processor.py:840} INFO - DAG(s) 'tutorial_dag' retrieved from /home/airflow/.local/lib/python3.12/site-packages/airflow/example_dags/tutorial_dag.py
[2024-06-26T07:12:29.130+0000] {logging_mixin.py:188} INFO - [2024-06-26T07:12:29.119+0000] {dag.py:3096} INFO - Sync 1 DAGs
[2024-06-26T07:12:29.314+0000] {logging_mixin.py:188} INFO - [2024-06-26T07:12:29.313+0000] {dag.py:3954} INFO - Setting next_dagrun for tutorial_dag to None, run_after=None
[2024-06-26T07:12:29.638+0000] {processor.py:183} INFO - Processing /home/airflow/.local/lib/python3.12/site-packages/airflow/example_dags/tutorial_dag.py took 0.907 seconds
[2024-06-26T07:13:15.352+0000] {processor.py:161} INFO - Started process (PID=3217) to work on /home/airflow/.local/lib/python3.12/site-packages/airflow/example_dags/tutorial_dag.py
[2024-06-26T07:13:15.367+0000] {processor.py:830} INFO - Processing file /home/airflow/.local/lib/python3.12/site-packages/airflow/example_dags/tutorial_dag.py for tasks to queue
[2024-06-26T07:13:15.374+0000] {logging_mixin.py:188} INFO - [2024-06-26T07:13:15.372+0000] {dagbag.py:545} INFO - Filling up the DagBag from /home/airflow/.local/lib/python3.12/site-packages/airflow/example_dags/tutorial_dag.py
[2024-06-26T07:13:15.428+0000] {processor.py:840} INFO - DAG(s) 'tutorial_dag' retrieved from /home/airflow/.local/lib/python3.12/site-packages/airflow/example_dags/tutorial_dag.py
[2024-06-26T07:13:15.626+0000] {logging_mixin.py:188} INFO - [2024-06-26T07:13:15.625+0000] {dag.py:3096} INFO - Sync 1 DAGs
[2024-06-26T07:13:15.803+0000] {logging_mixin.py:188} INFO - [2024-06-26T07:13:15.802+0000] {dag.py:3954} INFO - Setting next_dagrun for tutorial_dag to None, run_after=None
[2024-06-26T07:13:16.195+0000] {processor.py:183} INFO - Processing /home/airflow/.local/lib/python3.12/site-packages/airflow/example_dags/tutorial_dag.py took 0.898 seconds
[2024-06-26T07:13:46.640+0000] {processor.py:161} INFO - Started process (PID=3280) to work on /home/airflow/.local/lib/python3.12/site-packages/airflow/example_dags/tutorial_dag.py
[2024-06-26T07:13:46.643+0000] {processor.py:830} INFO - Processing file /home/airflow/.local/lib/python3.12/site-packages/airflow/example_dags/tutorial_dag.py for tasks to queue
[2024-06-26T07:13:46.647+0000] {logging_mixin.py:188} INFO - [2024-06-26T07:13:46.646+0000] {dagbag.py:545} INFO - Filling up the DagBag from /home/airflow/.local/lib/python3.12/site-packages/airflow/example_dags/tutorial_dag.py
[2024-06-26T07:13:46.665+0000] {processor.py:840} INFO - DAG(s) 'tutorial_dag' retrieved from /home/airflow/.local/lib/python3.12/site-packages/airflow/example_dags/tutorial_dag.py
[2024-06-26T07:13:46.746+0000] {logging_mixin.py:188} INFO - [2024-06-26T07:13:46.744+0000] {dag.py:3096} INFO - Sync 1 DAGs
[2024-06-26T07:13:46.801+0000] {logging_mixin.py:188} INFO - [2024-06-26T07:13:46.800+0000] {dag.py:3954} INFO - Setting next_dagrun for tutorial_dag to None, run_after=None
[2024-06-26T07:13:46.888+0000] {processor.py:183} INFO - Processing /home/airflow/.local/lib/python3.12/site-packages/airflow/example_dags/tutorial_dag.py took 0.267 seconds
[2024-06-26T07:14:16.982+0000] {processor.py:161} INFO - Started process (PID=3343) to work on /home/airflow/.local/lib/python3.12/site-packages/airflow/example_dags/tutorial_dag.py
[2024-06-26T07:14:16.983+0000] {processor.py:830} INFO - Processing file /home/airflow/.local/lib/python3.12/site-packages/airflow/example_dags/tutorial_dag.py for tasks to queue
[2024-06-26T07:14:16.984+0000] {logging_mixin.py:188} INFO - [2024-06-26T07:14:16.984+0000] {dagbag.py:545} INFO - Filling up the DagBag from /home/airflow/.local/lib/python3.12/site-packages/airflow/example_dags/tutorial_dag.py
[2024-06-26T07:14:16.990+0000] {processor.py:840} INFO - DAG(s) 'tutorial_dag' retrieved from /home/airflow/.local/lib/python3.12/site-packages/airflow/example_dags/tutorial_dag.py
[2024-06-26T07:14:17.013+0000] {logging_mixin.py:188} INFO - [2024-06-26T07:14:17.013+0000] {dag.py:3096} INFO - Sync 1 DAGs
[2024-06-26T07:14:17.028+0000] {logging_mixin.py:188} INFO - [2024-06-26T07:14:17.027+0000] {dag.py:3954} INFO - Setting next_dagrun for tutorial_dag to None, run_after=None
[2024-06-26T07:14:17.053+0000] {processor.py:183} INFO - Processing /home/airflow/.local/lib/python3.12/site-packages/airflow/example_dags/tutorial_dag.py took 0.078 seconds
[2024-06-26T07:14:47.313+0000] {processor.py:161} INFO - Started process (PID=3406) to work on /home/airflow/.local/lib/python3.12/site-packages/airflow/example_dags/tutorial_dag.py
[2024-06-26T07:14:47.315+0000] {processor.py:830} INFO - Processing file /home/airflow/.local/lib/python3.12/site-packages/airflow/example_dags/tutorial_dag.py for tasks to queue
[2024-06-26T07:14:47.317+0000] {logging_mixin.py:188} INFO - [2024-06-26T07:14:47.316+0000] {dagbag.py:545} INFO - Filling up the DagBag from /home/airflow/.local/lib/python3.12/site-packages/airflow/example_dags/tutorial_dag.py
[2024-06-26T07:14:47.326+0000] {processor.py:840} INFO - DAG(s) 'tutorial_dag' retrieved from /home/airflow/.local/lib/python3.12/site-packages/airflow/example_dags/tutorial_dag.py
[2024-06-26T07:14:47.367+0000] {logging_mixin.py:188} INFO - [2024-06-26T07:14:47.366+0000] {dag.py:3096} INFO - Sync 1 DAGs
[2024-06-26T07:14:47.390+0000] {logging_mixin.py:188} INFO - [2024-06-26T07:14:47.390+0000] {dag.py:3954} INFO - Setting next_dagrun for tutorial_dag to None, run_after=None
[2024-06-26T07:14:47.427+0000] {processor.py:183} INFO - Processing /home/airflow/.local/lib/python3.12/site-packages/airflow/example_dags/tutorial_dag.py took 0.124 seconds
[2024-06-26T07:15:22.560+0000] {processor.py:161} INFO - Started process (PID=3469) to work on /home/airflow/.local/lib/python3.12/site-packages/airflow/example_dags/tutorial_dag.py
[2024-06-26T07:15:22.577+0000] {processor.py:830} INFO - Processing file /home/airflow/.local/lib/python3.12/site-packages/airflow/example_dags/tutorial_dag.py for tasks to queue
[2024-06-26T07:15:22.581+0000] {logging_mixin.py:188} INFO - [2024-06-26T07:15:22.580+0000] {dagbag.py:545} INFO - Filling up the DagBag from /home/airflow/.local/lib/python3.12/site-packages/airflow/example_dags/tutorial_dag.py
[2024-06-26T07:15:22.656+0000] {processor.py:840} INFO - DAG(s) 'tutorial_dag' retrieved from /home/airflow/.local/lib/python3.12/site-packages/airflow/example_dags/tutorial_dag.py
[2024-06-26T07:15:22.849+0000] {logging_mixin.py:188} INFO - [2024-06-26T07:15:22.848+0000] {dag.py:3096} INFO - Sync 1 DAGs
[2024-06-26T07:15:23.103+0000] {logging_mixin.py:188} INFO - [2024-06-26T07:15:23.101+0000] {dag.py:3954} INFO - Setting next_dagrun for tutorial_dag to None, run_after=None
[2024-06-26T07:15:23.355+0000] {processor.py:183} INFO - Processing /home/airflow/.local/lib/python3.12/site-packages/airflow/example_dags/tutorial_dag.py took 0.865 seconds
[2024-06-26T07:16:13.004+0000] {processor.py:161} INFO - Started process (PID=3536) to work on /home/airflow/.local/lib/python3.12/site-packages/airflow/example_dags/tutorial_dag.py
[2024-06-26T07:16:13.019+0000] {processor.py:830} INFO - Processing file /home/airflow/.local/lib/python3.12/site-packages/airflow/example_dags/tutorial_dag.py for tasks to queue
[2024-06-26T07:16:13.034+0000] {logging_mixin.py:188} INFO - [2024-06-26T07:16:13.026+0000] {dagbag.py:545} INFO - Filling up the DagBag from /home/airflow/.local/lib/python3.12/site-packages/airflow/example_dags/tutorial_dag.py
[2024-06-26T07:16:13.101+0000] {processor.py:840} INFO - DAG(s) 'tutorial_dag' retrieved from /home/airflow/.local/lib/python3.12/site-packages/airflow/example_dags/tutorial_dag.py
[2024-06-26T07:16:13.361+0000] {logging_mixin.py:188} INFO - [2024-06-26T07:16:13.360+0000] {dag.py:3096} INFO - Sync 1 DAGs
[2024-06-26T07:16:13.577+0000] {logging_mixin.py:188} INFO - [2024-06-26T07:16:13.576+0000] {dag.py:3954} INFO - Setting next_dagrun for tutorial_dag to None, run_after=None
[2024-06-26T07:16:13.830+0000] {processor.py:183} INFO - Processing /home/airflow/.local/lib/python3.12/site-packages/airflow/example_dags/tutorial_dag.py took 0.880 seconds
[2024-06-26T07:39:11.851+0000] {processor.py:161} INFO - Started process (PID=53) to work on /home/airflow/.local/lib/python3.12/site-packages/airflow/example_dags/tutorial_dag.py
[2024-06-26T07:39:11.854+0000] {processor.py:830} INFO - Processing file /home/airflow/.local/lib/python3.12/site-packages/airflow/example_dags/tutorial_dag.py for tasks to queue
[2024-06-26T07:39:11.858+0000] {logging_mixin.py:188} INFO - [2024-06-26T07:39:11.857+0000] {dagbag.py:545} INFO - Filling up the DagBag from /home/airflow/.local/lib/python3.12/site-packages/airflow/example_dags/tutorial_dag.py
[2024-06-26T07:39:11.876+0000] {processor.py:840} INFO - DAG(s) 'tutorial_dag' retrieved from /home/airflow/.local/lib/python3.12/site-packages/airflow/example_dags/tutorial_dag.py
[2024-06-26T07:39:12.219+0000] {logging_mixin.py:188} INFO - [2024-06-26T07:39:12.219+0000] {dag.py:3096} INFO - Sync 1 DAGs
[2024-06-26T07:39:12.247+0000] {logging_mixin.py:188} INFO - [2024-06-26T07:39:12.246+0000] {dag.py:3954} INFO - Setting next_dagrun for tutorial_dag to None, run_after=None
[2024-06-26T07:39:12.294+0000] {processor.py:183} INFO - Processing /home/airflow/.local/lib/python3.12/site-packages/airflow/example_dags/tutorial_dag.py took 0.455 seconds
[2024-06-26T07:39:42.644+0000] {processor.py:161} INFO - Started process (PID=118) to work on /home/airflow/.local/lib/python3.12/site-packages/airflow/example_dags/tutorial_dag.py
[2024-06-26T07:39:42.646+0000] {processor.py:830} INFO - Processing file /home/airflow/.local/lib/python3.12/site-packages/airflow/example_dags/tutorial_dag.py for tasks to queue
[2024-06-26T07:39:42.649+0000] {logging_mixin.py:188} INFO - [2024-06-26T07:39:42.649+0000] {dagbag.py:545} INFO - Filling up the DagBag from /home/airflow/.local/lib/python3.12/site-packages/airflow/example_dags/tutorial_dag.py
[2024-06-26T07:39:42.658+0000] {processor.py:840} INFO - DAG(s) 'tutorial_dag' retrieved from /home/airflow/.local/lib/python3.12/site-packages/airflow/example_dags/tutorial_dag.py
[2024-06-26T07:39:42.691+0000] {logging_mixin.py:188} INFO - [2024-06-26T07:39:42.691+0000] {dag.py:3096} INFO - Sync 1 DAGs
[2024-06-26T07:39:42.714+0000] {logging_mixin.py:188} INFO - [2024-06-26T07:39:42.714+0000] {dag.py:3954} INFO - Setting next_dagrun for tutorial_dag to None, run_after=None
[2024-06-26T07:39:42.753+0000] {processor.py:183} INFO - Processing /home/airflow/.local/lib/python3.12/site-packages/airflow/example_dags/tutorial_dag.py took 0.119 seconds
[2024-06-26T07:40:28.491+0000] {processor.py:161} INFO - Started process (PID=188) to work on /home/airflow/.local/lib/python3.12/site-packages/airflow/example_dags/tutorial_dag.py
[2024-06-26T07:40:28.508+0000] {processor.py:830} INFO - Processing file /home/airflow/.local/lib/python3.12/site-packages/airflow/example_dags/tutorial_dag.py for tasks to queue
[2024-06-26T07:40:28.538+0000] {logging_mixin.py:188} INFO - [2024-06-26T07:40:28.536+0000] {dagbag.py:545} INFO - Filling up the DagBag from /home/airflow/.local/lib/python3.12/site-packages/airflow/example_dags/tutorial_dag.py
[2024-06-26T07:40:29.105+0000] {processor.py:840} INFO - DAG(s) 'tutorial_dag' retrieved from /home/airflow/.local/lib/python3.12/site-packages/airflow/example_dags/tutorial_dag.py
[2024-06-26T07:40:29.410+0000] {logging_mixin.py:188} INFO - [2024-06-26T07:40:29.409+0000] {dag.py:3096} INFO - Sync 1 DAGs
[2024-06-26T07:40:29.595+0000] {logging_mixin.py:188} INFO - [2024-06-26T07:40:29.581+0000] {dag.py:3954} INFO - Setting next_dagrun for tutorial_dag to None, run_after=None
[2024-06-26T07:40:29.890+0000] {processor.py:183} INFO - Processing /home/airflow/.local/lib/python3.12/site-packages/airflow/example_dags/tutorial_dag.py took 1.453 seconds
[2024-06-26T07:41:38.598+0000] {processor.py:161} INFO - Started process (PID=254) to work on /home/airflow/.local/lib/python3.12/site-packages/airflow/example_dags/tutorial_dag.py
[2024-06-26T07:41:38.601+0000] {processor.py:830} INFO - Processing file /home/airflow/.local/lib/python3.12/site-packages/airflow/example_dags/tutorial_dag.py for tasks to queue
[2024-06-26T07:41:38.629+0000] {logging_mixin.py:188} INFO - [2024-06-26T07:41:38.620+0000] {dagbag.py:545} INFO - Filling up the DagBag from /home/airflow/.local/lib/python3.12/site-packages/airflow/example_dags/tutorial_dag.py
[2024-06-26T07:41:38.680+0000] {processor.py:840} INFO - DAG(s) 'tutorial_dag' retrieved from /home/airflow/.local/lib/python3.12/site-packages/airflow/example_dags/tutorial_dag.py
[2024-06-26T07:41:38.999+0000] {logging_mixin.py:188} INFO - [2024-06-26T07:41:38.998+0000] {dag.py:3096} INFO - Sync 1 DAGs
[2024-06-26T07:41:39.131+0000] {logging_mixin.py:188} INFO - [2024-06-26T07:41:39.130+0000] {dag.py:3954} INFO - Setting next_dagrun for tutorial_dag to None, run_after=None
[2024-06-26T07:41:39.424+0000] {processor.py:183} INFO - Processing /home/airflow/.local/lib/python3.12/site-packages/airflow/example_dags/tutorial_dag.py took 0.908 seconds
[2024-06-26T07:43:22.005+0000] {processor.py:161} INFO - Started process (PID=335) to work on /home/airflow/.local/lib/python3.12/site-packages/airflow/example_dags/tutorial_dag.py
[2024-06-26T07:43:22.009+0000] {processor.py:830} INFO - Processing file /home/airflow/.local/lib/python3.12/site-packages/airflow/example_dags/tutorial_dag.py for tasks to queue
[2024-06-26T07:43:22.025+0000] {logging_mixin.py:188} INFO - [2024-06-26T07:43:22.014+0000] {dagbag.py:545} INFO - Filling up the DagBag from /home/airflow/.local/lib/python3.12/site-packages/airflow/example_dags/tutorial_dag.py
[2024-06-26T07:43:22.077+0000] {processor.py:840} INFO - DAG(s) 'tutorial_dag' retrieved from /home/airflow/.local/lib/python3.12/site-packages/airflow/example_dags/tutorial_dag.py
[2024-06-26T07:43:22.292+0000] {logging_mixin.py:188} INFO - [2024-06-26T07:43:22.290+0000] {dag.py:3096} INFO - Sync 1 DAGs
[2024-06-26T07:43:22.469+0000] {logging_mixin.py:188} INFO - [2024-06-26T07:43:22.468+0000] {dag.py:3954} INFO - Setting next_dagrun for tutorial_dag to None, run_after=None
[2024-06-26T07:43:22.715+0000] {processor.py:183} INFO - Processing /home/airflow/.local/lib/python3.12/site-packages/airflow/example_dags/tutorial_dag.py took 0.723 seconds
[2024-06-26T07:46:50.361+0000] {processor.py:161} INFO - Started process (PID=402) to work on /home/airflow/.local/lib/python3.12/site-packages/airflow/example_dags/tutorial_dag.py
[2024-06-26T07:46:50.374+0000] {processor.py:830} INFO - Processing file /home/airflow/.local/lib/python3.12/site-packages/airflow/example_dags/tutorial_dag.py for tasks to queue
[2024-06-26T07:46:50.387+0000] {logging_mixin.py:188} INFO - [2024-06-26T07:46:50.379+0000] {dagbag.py:545} INFO - Filling up the DagBag from /home/airflow/.local/lib/python3.12/site-packages/airflow/example_dags/tutorial_dag.py
[2024-06-26T07:46:50.443+0000] {processor.py:840} INFO - DAG(s) 'tutorial_dag' retrieved from /home/airflow/.local/lib/python3.12/site-packages/airflow/example_dags/tutorial_dag.py
[2024-06-26T07:46:57.637+0000] {logging_mixin.py:188} INFO - [2024-06-26T07:46:57.636+0000] {dag.py:3096} INFO - Sync 1 DAGs
[2024-06-26T07:46:58.402+0000] {logging_mixin.py:188} INFO - [2024-06-26T07:46:58.400+0000] {dag.py:3954} INFO - Setting next_dagrun for tutorial_dag to None, run_after=None
[2024-06-26T07:46:59.555+0000] {processor.py:183} INFO - Processing /home/airflow/.local/lib/python3.12/site-packages/airflow/example_dags/tutorial_dag.py took 9.239 seconds
